** AFNI converts NIFTI_datatype=4 (INT16) in file /projects/sanlab/shared/CHIVES/bids_data/derivatives/fmriprep/sub-CHIVES1051/ses-wave1/func/s6_sub-CHIVES1051_ses-wave1_task-money_bold_space-MNI152NLin2009cAsym_preproc.nii to FLOAT32
     Warnings of this type will be muted for this session.
     Set AFNI_NIFTI_TYPE_WARN to YES to see them all, NO to see none.
++ '-stim_times_AM2 1 /projects/sanlab/shared/CHIVES/CHIVES_WTP_scripts/behavioral/money/afni_timing_files/CHIVES1051/AllCondsPmod.1D' has 1 auxiliary values per time point
++ '-stim_times_AM2 1 /projects/sanlab/shared/CHIVES/CHIVES_WTP_scripts/behavioral/money/afni_timing_files/CHIVES1051/AllCondsPmod.1D' will have 2 regressors
++ '-stim_times_AM1 2 /projects/sanlab/shared/CHIVES/CHIVES_WTP_scripts/behavioral/money/afni_timing_files/CHIVES1051/BidOnsDur.1D' has 1 auxiliary values per time point
++ '-stim_times_AM1 2': basis function model 'dmBLOCK(1)' uses 1 parameters,
    out of the 1 found in timing file '/projects/sanlab/shared/CHIVES/CHIVES_WTP_scripts/behavioral/money/afni_timing_files/CHIVES1051/BidOnsDur.1D'
++ 3dDeconvolve extending num_stimts from 2 to 6 due to -ortvec
++ 3dDeconvolve: AFNI version=AFNI_18.2.04 (Jul  6 2018) [64-bit]
++ Authored by: B. Douglas Ward, et al.
++ current memory malloc-ated = 252,655 bytes (about 253 thousand [kilo])
++ loading dataset /projects/sanlab/shared/CHIVES/bids_data/derivatives/fmriprep/sub-CHIVES1051/ses-wave1/func/s6_sub-CHIVES1051_ses-wave1_task-money_bold_space-MNI152NLin2009cAsym_preproc.nii
++ current memory malloc-ated = 1,506,448,183 bytes (about 1.5 billion [giga])
++ forcibly using TR=2.0000 seconds for -input dataset
++ Skipping check for initial transients
++ Imaging duration=696.0 s; Automatic polort=5
++ -stim_times using TR=2 s for stimulus timing conversion
++ -stim_times using TR=2 s for any -iresp output datasets
++  [you can alter the -iresp TR via the -TR_times option]
++ ** -stim_times NOTE ** guessing GLOBAL times if 1 time per line; LOCAL otherwise
++ ** GUESSED ** -stim_times_AM2 1 using LOCAL times
++ '-stim_times_AM2 1' average amplitude#1=1.04167
++ ** GUESSED ** -stim_times_AM1 2 using LOCAL times
------------------------------------------------------------
GLT matrix from 'SYM: AllConds[0]':
   0   0   0   0   0   0   1   0   0   0   0   0   0 
 
------------------------------------------------------------
GLT matrix from 'SYM: AllConds[1]':
   0   0   0   0   0   0   0   1   0   0   0   0   0 
 
++ Number of time points: 348 (no censoring)
 + Number of parameters:  13 [10 baseline ; 3 signal]
++ total shared memory needed = 3,077,307,540 bytes (about 3.1 billion [giga])
++ current memory malloc-ated = 1,507,575,577 bytes (about 1.5 billion [giga])
++ mmap() memory allocated: 3,077,307,540 bytes (about 3.1 billion [giga])
++ Memory required for output bricks = 3,077,307,540 bytes (about 3.1 billion [giga])
++ Wrote matrix values to file CHIVES1051_AllCondPmod_xmat.1D
++ ========= Things you can do with the matrix file =========
++ (a) Linear regression with ARMA(1,1) modeling of serial correlation:

3dREMLfit -matrix CHIVES1051_AllCondPmod_xmat.1D -input /projects/sanlab/shared/CHIVES/bids_data/derivatives/fmriprep/sub-CHIVES1051/ses-wave1/func/s6_sub-CHIVES1051_ses-wave1_task-money_bold_space-MNI152NLin2009cAsym_preproc.nii \
 -mask /projects/sanlab/shared/CHIVES/bids_data/derivatives/fmriprep/sub-CHIVES1051/ses-wave1/func/sub-CHIVES1051_ses-wave1_task-money_bold_space-MNI152NLin2009cAsym_brainmask.nii.gz \
 -fout -tout -Rbuck CHIVES1051_AllCondPmod_stats_REML -Rvar CHIVES1051_AllCondPmod_stats_REMLvar \
 -Rfitts CHIVES1051_AllCondPmod_REML -Rerrts CHIVES1051_AllCondPmod_REML -verb
 
++ N.B.: 3dREMLfit command above written to file CHIVES1051_AllCondPmod_stats.REML_cmd
++ (b) Visualization/analysis of the matrix via ExamineXmat.R
++ (c) Synthesis of sub-model datasets using 3dSynthesize
++ ==========================================================
++ Wrote matrix values to file CHIVES1051_AllCondPmod_uncensor_xmat.1D
++ ----- Signal+Baseline matrix condition [X] (348x13):  4.27709  ++ VERY GOOD ++
++ ----- Signal-only matrix condition [X] (348x3):  1.58809  ++ VERY GOOD ++
++ ----- Baseline-only matrix condition [X] (348x10):  4.25045  ++ VERY GOOD ++
++ ----- stim_base-only matrix condition [X] (348x4):  2.15062  ++ VERY GOOD ++
++ ----- polort-only matrix condition [X] (348x6):  1.01565  ++ VERY GOOD ++
++ +++++ Matrix inverse average error = 1.64213e-15  ++ VERY GOOD ++
++ Matrix setup time = 0.02 s
++ Voxels in dataset: 1082035
++ Voxels in mask:    269138
++ Voxels per job:    13456
++ Job #1: processing voxels 185789 to 248578; elapsed time=4.762
++ Job #2: processing voxels 248579 to 293361; elapsed time=4.780
++ Job #3: processing voxels 293362 to 328000; elapsed time=4.801
++ Job #4: processing voxels 328001 to 359318; elapsed time=4.819
++ Job #5: processing voxels 359319 to 385991; elapsed time=4.840
++ Job #6: processing voxels 385992 to 415860; elapsed time=4.860
++ Job #7: processing voxels 415861 to 441612; elapsed time=4.882
++ Job #8: processing voxels 441613 to 470794; elapsed time=4.903
++ Job #9: processing voxels 470795 to 496702; elapsed time=4.925
++ Job #10: processing voxels 496703 to 525965; elapsed time=4.947
++ Job #11: processing voxels 525966 to 552565; elapsed time=4.969
++ Job #12: processing voxels 552566 to 583184; elapsed time=4.991
++ Job #13: processing voxels 583185 to 610388; elapsed time=5.015
++ Job #14: processing voxels 610389 to 642402; elapsed time=5.064
++ Job #15: processing voxels 642403 to 675771; elapsed time=5.095
++ Job #16: processing voxels 675772 to 711065; elapsed time=5.101
++ Job #17: processing voxels 711066 to 753539; elapsed time=5.142
++ Job #18: processing voxels 753540 to 807744; elapsed time=5.167
++ Job #0: processing voxels 0 to 185788; elapsed time=5.190
++ voxel loop:0++ Job #19: processing voxels 807745 to 1082034; elapsed time=5.193
123456789.0123456789.0123456789.0123456++ Job #1 finished; elapsed time=5.609
78++ Job #3 finished; elapsed time=5.628
++ Job #6 finished; elapsed time=5.631
++ Job #5 finished; elapsed time=5.658
9.++ Job #8 finished; elapsed time=5.674
++ Job #7 finished; elapsed time=5.695
++ Job #10 finished; elapsed time=5.710
01++ Job #9 finished; elapsed time=5.730
2++ Job #11 finished; elapsed time=5.773
34++ Job #13 finished; elapsed time=5.820
++ Job #2 finished; elapsed time=5.822
++ Job #12 finished; elapsed time=5.843
5++ Job #4 finished; elapsed time=5.888
67++ Job #16 finished; elapsed time=5.922
++ Job #15 finished; elapsed time=5.923
89.
++ Job #0 waiting for children to finish; elapsed time=6.024
++ Job #14 finished; elapsed time=6.119
++ Job #17 finished; elapsed time=6.161
++ Job #18 finished; elapsed time=6.219
++ Job #19 finished; elapsed time=6.229
++ Job #0 now finishing up; elapsed time=6.246
++ Smallest FDR q [0 Full_Fstat] = 4.74592e-15
++ Smallest FDR q [2 AllConds#0_Tstat] = 1.99102e-13
++ Smallest FDR q [4 AllConds#1_Tstat] = 0.000618859
++ Smallest FDR q [5 AllConds_Fstat] = 1.95759e-13
++ Smallest FDR q [7 BidsNMiss#0_Tstat] = 5.58415e-15
++ Smallest FDR q [8 BidsNMiss_Fstat] = 5.58224e-15
++ Smallest FDR q [10 CondGtRest_GLT#0_Tstat] = 1.99102e-13
++ Smallest FDR q [11 CondGtRest_GLT_Fstat] = 1.99111e-13
++ Smallest FDR q [13 Pmod_GLT#0_Tstat] = 0.000618859
++ Smallest FDR q [14 Pmod_GLT_Fstat] = 0.000618856
++ Wrote bucket dataset into ./CHIVES1051_AllCondPmod_stats+tlrc.BRIK
 + created 10 FDR curves in bucket header
++ Wrote 3D+time dataset into ./CHIVES1051_AllCondPmod+tlrc.BRIK
++ Wrote 3D+time dataset into ./CHIVES1051_AllCondPmod+tlrc.BRIK
++ Program finished; elapsed time=21.865
++ 3dREMLfit: AFNI version=AFNI_18.2.04 (Jul  6 2018) [64-bit]
++ Authored by: RWCox
** AFNI converts NIFTI_datatype=4 (INT16) in file /projects/sanlab/shared/CHIVES/bids_data/derivatives/fmriprep/sub-CHIVES1051/ses-wave1/func/s6_sub-CHIVES1051_ses-wave1_task-money_bold_space-MNI152NLin2009cAsym_preproc.nii to FLOAT32
     Warnings of this type will be muted for this session.
     Set AFNI_NIFTI_TYPE_WARN to YES to see them all, NO to see none.
++ Number of voxels in mask = 269138
++ Number of OpenMP threads = 15
++ -----  matrix condition (348x13):  4.27709  ++ VERY GOOD ++
++ Loading input dataset into memory
++ Converting input dataset to vector image
 +  dataset = 1.5 billion [giga] bytes
 +  vectim  = 376 million [mega] bytes
++ starting REML setup calculations; total CPU=0.00 Elapsed=4.08
 + X matrix: 99.713% of elements are nonzero
 + starting 15 OpenMP threads for REML setup
 + REML setup finished: matrix rows=348 cols=13; 109*1 cases; total CPU=0.00 Elapsed=4.09
 +  average case bandwidth = 13.00
++ REML voxel loop: [15 threads]0123456789.012
 + ARMA voxel parameters estimated: total CPU=0.00 Elapsed=20.48
++ GLSQ loop:0123456789.0123456789.0123456789.0123456789.0123456789.
 + GLSQ regression done: total CPU=0.00 Elapsed=45.30
++ Output dataset ./CHIVES1051_AllCondPmod_stats_REMLvar+tlrc.BRIK
++ Output dataset ./CHIVES1051_AllCondPmod_REML+tlrc.BRIK
[7m** ERROR:[0m output dataset name 'CHIVES1051_AllCondPmod_REML' conflicts with existing file
[7m** ERROR:[0m dataset NOT written to disk!
++ creating FDR curves in dataset CHIVES1051_AllCondPmod_stats_REML+tlrc
++ Smallest FDR q [0 Full_Fstat] = 5.15918e-15
++ Smallest FDR q [2 AllConds#0_Tstat] = 2.02676e-13
++ Smallest FDR q [4 AllConds#1_Tstat] = 0.048123
++ Smallest FDR q [5 AllConds_Fstat] = 2.4018e-13
++ Smallest FDR q [7 BidsNMiss#0_Tstat] = 5.84481e-15
++ Smallest FDR q [8 BidsNMiss_Fstat] = 5.84481e-15
++ Smallest FDR q [10 CondGtRest#0_Tstat] = 2.02676e-13
++ Smallest FDR q [11 CondGtRest_Fstat] = 2.02676e-13
++ Smallest FDR q [13 Pmod#0_Tstat] = 0.048123
++ Smallest FDR q [14 Pmod_Fstat] = 0.0481231
 + Added 10 FDR curves to dataset CHIVES1051_AllCondPmod_stats_REML+tlrc
++ Output dataset ./CHIVES1051_AllCondPmod_stats_REML+tlrc.BRIK
 + unloading input dataset and REML matrices
++ 3dREMLfit is all done! total CPU=0.00 Elapsed=60.53
** AFNI converts NIFTI_datatype=4 (INT16) in file /projects/sanlab/shared/CHIVES/bids_data/derivatives/fmriprep/sub-CHIVES1051/ses-wave1/func/s6_sub-CHIVES1051_ses-wave1_task-money_bold_space-MNI152NLin2009cAsym_preproc.nii to FLOAT32
     Warnings of this type will be muted for this session.
     Set AFNI_NIFTI_TYPE_WARN to YES to see them all, NO to see none.
++ '-stim_times_AM2 1 /projects/sanlab/shared/CHIVES/CHIVES_WTP_scripts/behavioral/money/afni_timing_files/CHIVES1051/HealthyPmod.1D' has 1 auxiliary values per time point
++ '-stim_times_AM2 1 /projects/sanlab/shared/CHIVES/CHIVES_WTP_scripts/behavioral/money/afni_timing_files/CHIVES1051/HealthyPmod.1D' will have 2 regressors
++ '-stim_times_AM2 2 /projects/sanlab/shared/CHIVES/CHIVES_WTP_scripts/behavioral/money/afni_timing_files/CHIVES1051/UnhealthyPmod.1D' has 1 auxiliary values per time point
++ '-stim_times_AM2 2 /projects/sanlab/shared/CHIVES/CHIVES_WTP_scripts/behavioral/money/afni_timing_files/CHIVES1051/UnhealthyPmod.1D' will have 2 regressors
++ '-stim_times_AM1 3 /projects/sanlab/shared/CHIVES/CHIVES_WTP_scripts/behavioral/money/afni_timing_files/CHIVES1051/BidOnsDur.1D' has 1 auxiliary values per time point
++ '-stim_times_AM1 3': basis function model 'dmBLOCK(1)' uses 1 parameters,
    out of the 1 found in timing file '/projects/sanlab/shared/CHIVES/CHIVES_WTP_scripts/behavioral/money/afni_timing_files/CHIVES1051/BidOnsDur.1D'
++ 3dDeconvolve extending num_stimts from 3 to 7 due to -ortvec
++ 3dDeconvolve: AFNI version=AFNI_18.2.04 (Jul  6 2018) [64-bit]
++ Authored by: B. Douglas Ward, et al.
++ current memory malloc-ated = 279,921 bytes (about 280 thousand [kilo])
++ loading dataset /projects/sanlab/shared/CHIVES/bids_data/derivatives/fmriprep/sub-CHIVES1051/ses-wave1/func/s6_sub-CHIVES1051_ses-wave1_task-money_bold_space-MNI152NLin2009cAsym_preproc.nii
++ current memory malloc-ated = 1,506,475,449 bytes (about 1.5 billion [giga])
++ forcibly using TR=2.0000 seconds for -input dataset
++ Skipping check for initial transients
++ Imaging duration=696.0 s; Automatic polort=5
++ -stim_times using TR=2 s for stimulus timing conversion
++ -stim_times using TR=2 s for any -iresp output datasets
++  [you can alter the -iresp TR via the -TR_times option]
++ ** -stim_times NOTE ** guessing GLOBAL times if 1 time per line; LOCAL otherwise
++ ** GUESSED ** -stim_times_AM2 1 using LOCAL times
++ '-stim_times_AM2 1' average amplitude#1=1.4
++ ** GUESSED ** -stim_times_AM2 2 using LOCAL times
++ '-stim_times_AM2 2' average amplitude#1=0.683333
++ ** GUESSED ** -stim_times_AM1 3 using LOCAL times
------------------------------------------------------------
GLT matrix from 'SYM: HealthyPmod[0]':
   0   0   0   0   0   0   1   0   0   0   0   0   0   0   0 
 
------------------------------------------------------------
GLT matrix from 'SYM: HealthyPmod[1]':
   0   0   0   0   0   0   0   1   0   0   0   0   0   0   0 
 
------------------------------------------------------------
GLT matrix from 'SYM: UnhealthyPmod[0]':
   0   0   0   0   0   0   0   0   1   0   0   0   0   0   0 
 
------------------------------------------------------------
GLT matrix from 'SYM: UnhealthyPmod[1]':
   0   0   0   0   0   0   0   0   0   1   0   0   0   0   0 
 
------------------------------------------------------------
GLT matrix from 'SYM: HealthyPmod[0] -UnhealthyPmod[0]':
   0   0   0   0   0   0   1   0  -1   0   0   0   0   0   0 
 
------------------------------------------------------------
GLT matrix from 'SYM: HealthyPmod[1] -UnhealthyPmod[1]':
   0   0   0   0   0   0   0   1   0  -1   0   0   0   0   0 
 
++ Number of time points: 348 (no censoring)
 + Number of parameters:  15 [10 baseline ; 5 signal]
++ total shared memory needed = 3,150,885,920 bytes (about 3.2 billion [giga])
++ current memory malloc-ated = 1,507,607,339 bytes (about 1.5 billion [giga])
++ mmap() memory allocated: 3,150,885,920 bytes (about 3.2 billion [giga])
++ Memory required for output bricks = 3,150,885,920 bytes (about 3.2 billion [giga])
++ Wrote matrix values to file CHIVES1051_2CondPmod_xmat.1D
++ ========= Things you can do with the matrix file =========
++ (a) Linear regression with ARMA(1,1) modeling of serial correlation:

3dREMLfit -matrix CHIVES1051_2CondPmod_xmat.1D -input /projects/sanlab/shared/CHIVES/bids_data/derivatives/fmriprep/sub-CHIVES1051/ses-wave1/func/s6_sub-CHIVES1051_ses-wave1_task-money_bold_space-MNI152NLin2009cAsym_preproc.nii \
 -mask /projects/sanlab/shared/CHIVES/bids_data/derivatives/fmriprep/sub-CHIVES1051/ses-wave1/func/sub-CHIVES1051_ses-wave1_task-money_bold_space-MNI152NLin2009cAsym_brainmask.nii.gz \
 -fout -tout -Rbuck CHIVES1051_2CondPmod_stats_REML -Rvar CHIVES1051_2CondPmod_stats_REMLvar \
 -Rfitts CHIVES1051_2CondPmod_REML -Rerrts CHIVES1051_2CondPmod_REML -verb
 
++ N.B.: 3dREMLfit command above written to file CHIVES1051_2CondPmod_stats.REML_cmd
++ (b) Visualization/analysis of the matrix via ExamineXmat.R
++ (c) Synthesis of sub-model datasets using 3dSynthesize
++ ==========================================================
++ Wrote matrix values to file CHIVES1051_2CondPmod_uncensor_xmat.1D
++ ----- Signal+Baseline matrix condition [X] (348x15):  4.28253  ++ VERY GOOD ++
++ ----- Signal-only matrix condition [X] (348x5):  1.58843  ++ VERY GOOD ++
++ ----- Baseline-only matrix condition [X] (348x10):  4.25045  ++ VERY GOOD ++
++ ----- stim_base-only matrix condition [X] (348x4):  2.15062  ++ VERY GOOD ++
++ ----- polort-only matrix condition [X] (348x6):  1.01565  ++ VERY GOOD ++
++ +++++ Matrix inverse average error = 1.32896e-15  ++ VERY GOOD ++
++ Matrix setup time = 0.02 s
++ Voxels in dataset: 1082035
++ Voxels in mask:    269138
++ Voxels per job:    13456
++ Job #1: processing voxels 185789 to 248578; elapsed time=4.160
++ Job #2: processing voxels 248579 to 293361; elapsed time=4.179
++ Job #3: processing voxels 293362 to 328000; elapsed time=4.201
++ Job #4: processing voxels 328001 to 359318; elapsed time=4.220
++ Job #5: processing voxels 359319 to 385991; elapsed time=4.243
++ Job #6: processing voxels 385992 to 415860; elapsed time=4.263
++ Job #7: processing voxels 415861 to 441612; elapsed time=4.287
++ Job #8: processing voxels 441613 to 470794; elapsed time=4.308
++ Job #9: processing voxels 470795 to 496702; elapsed time=4.332
++ Job #10: processing voxels 496703 to 525965; elapsed time=4.354
++ Job #11: processing voxels 525966 to 552565; elapsed time=4.378
++ Job #12: processing voxels 552566 to 583184; elapsed time=4.401
++ Job #13: processing voxels 583185 to 610388; elapsed time=4.437
++ Job #14: processing voxels 610389 to 642402; elapsed time=4.462
++ Job #15: processing voxels 642403 to 675771; elapsed time=4.474
++ Job #16: processing voxels 675772 to 711065; elapsed time=4.511
++ Job #17: processing voxels 711066 to 753539; elapsed time=4.523
++ Job #18: processing voxels 753540 to 807744; elapsed time=4.561
++ Job #19: processing voxels 807745 to 1082034; elapsed time=4.572
++ Job #0: processing voxels 0 to 185788; elapsed time=4.582
++ voxel loop:0123456789.0123456789.0123456789.0123456789.012++ Job #2 finished; elapsed time=5.268
++ Job #4 finished; elapsed time=5.302
34++ Job #6 finished; elapsed time=5.343
++ Job #5 finished; elapsed time=5.375
++ Job #8 finished; elapsed time=5.383
5++ Job #7 finished; elapsed time=5.413
++ Job #10 finished; elapsed time=5.430
++ Job #9 finished; elapsed time=5.447
++ Job #12 finished; elapsed time=5.478
67++ Job #13 finished; elapsed time=5.518
8++ Job #15 finished; elapsed time=5.552
++ Job #17 finished; elapsed time=5.607
9.
++ Job #0 waiting for children to finish; elapsed time=5.643
++ Job #19 finished; elapsed time=5.678
++ Job #11 finished; elapsed time=5.684
++ Job #1 finished; elapsed time=5.768
++ Job #3 finished; elapsed time=5.783
++ Job #14 finished; elapsed time=5.793
++ Job #16 finished; elapsed time=6.071
++ Job #18 finished; elapsed time=6.121
++ Job #0 now finishing up; elapsed time=6.138
++ Smallest FDR q [0 Full_Fstat] = 4.98481e-15
++ Smallest FDR q [2 HealthyPmod#0_Tstat] = 4.37103e-13
++ Smallest FDR q [4 HealthyPmod#1_Tstat] = 2.34157e-05
++ Smallest FDR q [5 HealthyPmod_Fstat] = 2.99268e-13
++ Smallest FDR q [7 UnhealthyPmod#0_Tstat] = 2.88032e-13
[7m*+ WARNING:[0m Smallest FDR q [9 UnhealthyPmod#1_Tstat] = 0.999896 ==> few true single voxel detections
++ Smallest FDR q [10 UnhealthyPmod_Fstat] = 4.0394e-13
++ Smallest FDR q [12 BidsNMiss#0_Tstat] = 5.5142e-15
++ Smallest FDR q [13 BidsNMiss_Fstat] = 5.51272e-15
++ Smallest FDR q [15 HealthyGtRest_GLT#0_Tstat] = 4.37103e-13
++ Smallest FDR q [16 HealthyGtRest_GLT_Fstat] = 4.37103e-13
++ Smallest FDR q [18 HealthyPmod_GLT#0_Tstat] = 2.34157e-05
++ Smallest FDR q [19 HealthyPmod_GLT_Fstat] = 2.34157e-05
++ Smallest FDR q [21 UnhealthyGtRest_GLT#0_Tstat] = 2.88032e-13
++ Smallest FDR q [22 UnhealthyGtRest_GLT_Fstat] = 2.8804e-13
[7m*+ WARNING:[0m Smallest FDR q [24 UnhealthyPmod_GLT#0_Tstat] = 0.999896 ==> few true single voxel detections
[7m*+ WARNING:[0m Smallest FDR q [25 UnhealthyPmod_GLT_Fstat] = 0.996445 ==> few true single voxel detections
++ Smallest FDR q [27 HealthyGtUnhealthy_GLT#0_Tstat] = 0.0322848
++ Smallest FDR q [28 HealthyGtUnhealthy_GLT_Fstat] = 0.0322872
++ Smallest FDR q [30 HealthyGtUnhealthyPmod_GLT#0_Tstat] = 0.00265762
++ Smallest FDR q [31 HealthyGtUnhealthyPmod_GLT_Fstat] = 0.00265764
++ Wrote bucket dataset into ./CHIVES1051_2CondPmod_stats+tlrc.BRIK
 + created 21 FDR curves in bucket header
++ Wrote 3D+time dataset into ./CHIVES1051_2CondPmod+tlrc.BRIK
++ Wrote 3D+time dataset into ./CHIVES1051_2CondPmod+tlrc.BRIK
++ Program finished; elapsed time=35.792
++ 3dREMLfit: AFNI version=AFNI_18.2.04 (Jul  6 2018) [64-bit]
++ Authored by: RWCox
** AFNI converts NIFTI_datatype=4 (INT16) in file /projects/sanlab/shared/CHIVES/bids_data/derivatives/fmriprep/sub-CHIVES1051/ses-wave1/func/s6_sub-CHIVES1051_ses-wave1_task-money_bold_space-MNI152NLin2009cAsym_preproc.nii to FLOAT32
     Warnings of this type will be muted for this session.
     Set AFNI_NIFTI_TYPE_WARN to YES to see them all, NO to see none.
++ Number of voxels in mask = 269138
++ Number of OpenMP threads = 15
++ -----  matrix condition (348x15):  4.28253  ++ VERY GOOD ++
++ Loading input dataset into memory
++ Converting input dataset to vector image
 +  dataset = 1.5 billion [giga] bytes
 +  vectim  = 376 million [mega] bytes
++ starting REML setup calculations; total CPU=0.00 Elapsed=4.02
 + X matrix: 90.939% of elements are nonzero
 + starting 15 OpenMP threads for REML setup
 + REML setup finished: matrix rows=348 cols=15; 109*1 cases; total CPU=0.00 Elapsed=4.03
 +  average case bandwidth = 13.00
++ REML voxel loop: [15 threads]0123456789.012
 + ARMA voxel parameters estimated: total CPU=0.00 Elapsed=20.93
++ GLSQ loop:0123456789.0123456789.0123456789.0123456789.0123456789.
 + GLSQ regression done: total CPU=0.00 Elapsed=56.77
++ Output dataset ./CHIVES1051_2CondPmod_stats_REMLvar+tlrc.BRIK
++ Output dataset ./CHIVES1051_2CondPmod_REML+tlrc.BRIK
[7m** ERROR:[0m output dataset name 'CHIVES1051_2CondPmod_REML' conflicts with existing file
[7m** ERROR:[0m dataset NOT written to disk!
++ creating FDR curves in dataset CHIVES1051_2CondPmod_stats_REML+tlrc
++ Smallest FDR q [0 Full_Fstat] = 6.48969e-15
++ Smallest FDR q [2 HealthyPmod#0_Tstat] = 6.40602e-13
[7m*+ WARNING:[0m Smallest FDR q [4 HealthyPmod#1_Tstat] = 0.10698 ==> few true single voxel detections
++ Smallest FDR q [5 HealthyPmod_Fstat] = 6.87931e-13
++ Smallest FDR q [7 UnhealthyPmod#0_Tstat] = 4.42908e-13
[7m*+ WARNING:[0m Smallest FDR q [9 UnhealthyPmod#1_Tstat] = 0.999897 ==> few true single voxel detections
++ Smallest FDR q [10 UnhealthyPmod_Fstat] = 6.66452e-13
++ Smallest FDR q [12 BidsNMiss#0_Tstat] = 5.94202e-15
++ Smallest FDR q [13 BidsNMiss_Fstat] = 5.94202e-15
++ Smallest FDR q [15 HealthyGtRest#0_Tstat] = 6.40602e-13
++ Smallest FDR q [16 HealthyGtRest_Fstat] = 6.40602e-13
[7m*+ WARNING:[0m Smallest FDR q [18 HealthyPmod#0_Tstat] = 0.10698 ==> few true single voxel detections
[7m*+ WARNING:[0m Smallest FDR q [19 HealthyPmod_Fstat] = 0.10698 ==> few true single voxel detections
++ Smallest FDR q [21 UnhealthyGtRest#0_Tstat] = 4.42908e-13
++ Smallest FDR q [22 UnhealthyGtRest_Fstat] = 4.42908e-13
[7m*+ WARNING:[0m Smallest FDR q [24 UnhealthyPmod#0_Tstat] = 0.999897 ==> few true single voxel detections
[7m*+ WARNING:[0m Smallest FDR q [25 UnhealthyPmod_Fstat] = 0.999897 ==> few true single voxel detections
[7m*+ WARNING:[0m Smallest FDR q [27 HealthyGtUnhealthy#0_Tstat] = 0.225251 ==> few true single voxel detections
[7m*+ WARNING:[0m Smallest FDR q [28 HealthyGtUnhealthy_Fstat] = 0.225251 ==> few true single voxel detections
[7m*+ WARNING:[0m Smallest FDR q [30 HealthyGtUnhealthyPmod#0_Tstat] = 0.692946 ==> few true single voxel detections
[7m*+ WARNING:[0m Smallest FDR q [31 HealthyGtUnhealthyPmod_Fstat] = 0.692947 ==> few true single voxel detections
 + Added 21 FDR curves to dataset CHIVES1051_2CondPmod_stats_REML+tlrc
++ Output dataset ./CHIVES1051_2CondPmod_stats_REML+tlrc.BRIK
 + unloading input dataset and REML matrices
++ 3dREMLfit is all done! total CPU=0.00 Elapsed=85.29
** AFNI converts NIFTI_datatype=4 (INT16) in file /projects/sanlab/shared/CHIVES/bids_data/derivatives/fmriprep/sub-CHIVES1051/ses-wave1/func/s6_sub-CHIVES1051_ses-wave1_task-money_bold_space-MNI152NLin2009cAsym_preproc.nii to FLOAT32
     Warnings of this type will be muted for this session.
     Set AFNI_NIFTI_TYPE_WARN to YES to see them all, NO to see none.
++ '-stim_times_AM1 3 /projects/sanlab/shared/CHIVES/CHIVES_WTP_scripts/behavioral/money/afni_timing_files/CHIVES1051/BidOnsDur.1D' has 1 auxiliary values per time point
++ '-stim_times_AM1 3': basis function model 'dmBLOCK(1)' uses 1 parameters,
    out of the 1 found in timing file '/projects/sanlab/shared/CHIVES/CHIVES_WTP_scripts/behavioral/money/afni_timing_files/CHIVES1051/BidOnsDur.1D'
++ 3dDeconvolve extending num_stimts from 3 to 7 due to -ortvec
++ 3dDeconvolve: AFNI version=AFNI_18.2.04 (Jul  6 2018) [64-bit]
++ Authored by: B. Douglas Ward, et al.
++ current memory malloc-ated = 263,677 bytes (about 264 thousand [kilo])
++ loading dataset /projects/sanlab/shared/CHIVES/bids_data/derivatives/fmriprep/sub-CHIVES1051/ses-wave1/func/s6_sub-CHIVES1051_ses-wave1_task-money_bold_space-MNI152NLin2009cAsym_preproc.nii
++ current memory malloc-ated = 1,506,459,205 bytes (about 1.5 billion [giga])
++ forcibly using TR=2.0000 seconds for -input dataset
++ Skipping check for initial transients
++ Imaging duration=696.0 s; Automatic polort=5
++ -stim_times using TR=2 s for stimulus timing conversion
++ -stim_times using TR=2 s for any -iresp output datasets
++  [you can alter the -iresp TR via the -TR_times option]
++ ** -stim_times NOTE ** guessing GLOBAL times if 1 time per line; LOCAL otherwise
++ ** GUESSED ** -stim_times 1 using LOCAL times
++ ** GUESSED ** -stim_times 2 using LOCAL times
++ ** GUESSED ** -stim_times_AM1 3 using LOCAL times
------------------------------------------------------------
GLT matrix from 'SYM: Healthy':
   0   0   0   0   0   0   1   0   0   0   0   0   0 
 
------------------------------------------------------------
GLT matrix from 'SYM: Unhealthy':
   0   0   0   0   0   0   0   1   0   0   0   0   0 
 
------------------------------------------------------------
GLT matrix from 'SYM: Healthy -Unhealthy':
   0   0   0   0   0   0   1  -1   0   0   0   0   0 
 
++ Number of time points: 348 (no censoring)
 + Number of parameters:  13 [10 baseline ; 3 signal]
++ total shared memory needed = 3,094,620,100 bytes (about 3.1 billion [giga])
++ current memory malloc-ated = 1,507,586,637 bytes (about 1.5 billion [giga])
++ mmap() memory allocated: 3,094,620,100 bytes (about 3.1 billion [giga])
++ Memory required for output bricks = 3,094,620,100 bytes (about 3.1 billion [giga])
++ Wrote matrix values to file CHIVES1051_2Cond_xmat.1D
++ ========= Things you can do with the matrix file =========
++ (a) Linear regression with ARMA(1,1) modeling of serial correlation:

3dREMLfit -matrix CHIVES1051_2Cond_xmat.1D -input /projects/sanlab/shared/CHIVES/bids_data/derivatives/fmriprep/sub-CHIVES1051/ses-wave1/func/s6_sub-CHIVES1051_ses-wave1_task-money_bold_space-MNI152NLin2009cAsym_preproc.nii \
 -mask /projects/sanlab/shared/CHIVES/bids_data/derivatives/fmriprep/sub-CHIVES1051/ses-wave1/func/sub-CHIVES1051_ses-wave1_task-money_bold_space-MNI152NLin2009cAsym_brainmask.nii.gz \
 -fout -tout -Rbuck CHIVES1051_2Cond_stats_REML -Rvar CHIVES1051_2Cond_stats_REMLvar \
 -Rfitts CHIVES1051_2Cond_REML -Rerrts CHIVES1051_2Cond_REML -verb
 
++ N.B.: 3dREMLfit command above written to file CHIVES1051_2Cond_stats.REML_cmd
++ (b) Visualization/analysis of the matrix via ExamineXmat.R
++ (c) Synthesis of sub-model datasets using 3dSynthesize
++ ==========================================================
++ Wrote matrix values to file CHIVES1051_2Cond_uncensor_xmat.1D
++ ----- Signal+Baseline matrix condition [X] (348x13):  4.25994  ++ VERY GOOD ++
++ ----- Signal-only matrix condition [X] (348x3):  1.58798  ++ VERY GOOD ++
++ ----- Baseline-only matrix condition [X] (348x10):  4.25045  ++ VERY GOOD ++
++ ----- stim_base-only matrix condition [X] (348x4):  2.15062  ++ VERY GOOD ++
++ ----- polort-only matrix condition [X] (348x6):  1.01565  ++ VERY GOOD ++
++ +++++ Matrix inverse average error = 1.53443e-15  ++ VERY GOOD ++
++ Matrix setup time = 0.02 s
++ Voxels in dataset: 1082035
++ Voxels in mask:    269138
++ Voxels per job:    13456
++ Job #1: processing voxels 185789 to 248578; elapsed time=4.110
++ Job #2: processing voxels 248579 to 293361; elapsed time=4.129
++ Job #3: processing voxels 293362 to 328000; elapsed time=4.150
++ Job #4: processing voxels 328001 to 359318; elapsed time=4.170
++ Job #5: processing voxels 359319 to 385991; elapsed time=4.192
++ Job #6: processing voxels 385992 to 415860; elapsed time=4.213
++ Job #7: processing voxels 415861 to 441612; elapsed time=4.236
++ Job #8: processing voxels 441613 to 470794; elapsed time=4.258
++ Job #9: processing voxels 470795 to 496702; elapsed time=4.281
++ Job #10: processing voxels 496703 to 525965; elapsed time=4.304
++ Job #11: processing voxels 525966 to 552565; elapsed time=4.328
++ Job #12: processing voxels 552566 to 583184; elapsed time=4.352
++ Job #13: processing voxels 583185 to 610388; elapsed time=4.381
++ Job #14: processing voxels 610389 to 642402; elapsed time=4.414
++ Job #15: processing voxels 642403 to 675771; elapsed time=4.425
++ Job #16: processing voxels 675772 to 711065; elapsed time=4.464
++ Job #17: processing voxels 711066 to 753539; elapsed time=4.475
++ Job #18: processing voxels 753540 to 807744; elapsed time=4.513
++ Job #19: processing voxels 807745 to 1082034; elapsed time=4.525
++ Job #0: processing voxels 0 to 185788; elapsed time=4.535
++ voxel loop:0123456789.0123456789.0123456789.0123456789.++ Job #2 finished; elapsed time=5.003
01++ Job #4 finished; elapsed time=5.040
++ Job #6 finished; elapsed time=5.079
2++ Job #3 finished; elapsed time=5.082
++ Job #8 finished; elapsed time=5.125
34++ Job #7 finished; elapsed time=5.155
++ Job #10 finished; elapsed time=5.172
5++ Job #9 finished; elapsed time=5.189
++ Job #12 finished; elapsed time=5.217
++ Job #13 finished; elapsed time=5.252
67++ Job #1 finished; elapsed time=5.268
++ Job #15 finished; elapsed time=5.299
8++ Job #17 finished; elapsed time=5.351
9.
++ Job #0 waiting for children to finish; elapsed time=5.390
++ Job #19 finished; elapsed time=5.427
++ Job #5 finished; elapsed time=5.442
++ Job #11 finished; elapsed time=5.612
++ Job #18 finished; elapsed time=5.655
++ Job #14 finished; elapsed time=5.670
++ Job #16 finished; elapsed time=5.725
++ Job #0 now finishing up; elapsed time=5.742
++ Smallest FDR q [0 Full_Fstat] = 4.90088e-15
++ Smallest FDR q [2 Healthy#0_Tstat] = 4.45461e-13
++ Smallest FDR q [3 Healthy_Fstat] = 4.45466e-13
++ Smallest FDR q [5 Unhealthy#0_Tstat] = 2.91802e-13
++ Smallest FDR q [6 Unhealthy_Fstat] = 2.91804e-13
++ Smallest FDR q [8 BidsNMiss#0_Tstat] = 5.64179e-15
++ Smallest FDR q [9 BidsNMiss_Fstat] = 5.64015e-15
++ Smallest FDR q [11 HealthyGtRest_GLT#0_Tstat] = 4.45461e-13
++ Smallest FDR q [12 HealthyGtRest_GLT_Fstat] = 4.45449e-13
++ Smallest FDR q [14 UnhealthyGtRest_GLT#0_Tstat] = 2.91802e-13
++ Smallest FDR q [15 UnhealthyGtRest_GLT_Fstat] = 2.91796e-13
++ Smallest FDR q [17 HealthyGtUnhealthy_GLT#0_Tstat] = 0.0341354
++ Smallest FDR q [18 HealthyGtUnhealthy_GLT_Fstat] = 0.0341334
++ Wrote bucket dataset into ./CHIVES1051_2Cond_stats+tlrc.BRIK
 + created 13 FDR curves in bucket header
++ Wrote 3D+time dataset into ./CHIVES1051_2Cond+tlrc.BRIK
++ Wrote 3D+time dataset into ./CHIVES1051_2Cond+tlrc.BRIK
++ Program finished; elapsed time=23.676
++ 3dREMLfit: AFNI version=AFNI_18.2.04 (Jul  6 2018) [64-bit]
++ Authored by: RWCox
** AFNI converts NIFTI_datatype=4 (INT16) in file /projects/sanlab/shared/CHIVES/bids_data/derivatives/fmriprep/sub-CHIVES1051/ses-wave1/func/s6_sub-CHIVES1051_ses-wave1_task-money_bold_space-MNI152NLin2009cAsym_preproc.nii to FLOAT32
     Warnings of this type will be muted for this session.
     Set AFNI_NIFTI_TYPE_WARN to YES to see them all, NO to see none.
++ Number of voxels in mask = 269138
++ Number of OpenMP threads = 15
++ -----  matrix condition (348x13):  4.25994  ++ VERY GOOD ++
++ Loading input dataset into memory
++ Converting input dataset to vector image
 +  dataset = 1.5 billion [giga] bytes
 +  vectim  = 376 million [mega] bytes
++ starting REML setup calculations; total CPU=0.00 Elapsed=4.17
 + X matrix: 94.717% of elements are nonzero
 + starting 15 OpenMP threads for REML setup
 + REML setup finished: matrix rows=348 cols=13; 109*1 cases; total CPU=0.00 Elapsed=4.18
 +  average case bandwidth = 13.00
++ REML voxel loop: [15 threads]0123456789.012
 + ARMA voxel parameters estimated: total CPU=0.00 Elapsed=20.38
++ GLSQ loop:0123456789.0123456789.0123456789.0123456789.0123456789.
 + GLSQ regression done: total CPU=0.00 Elapsed=49.14
++ Output dataset ./CHIVES1051_2Cond_stats_REMLvar+tlrc.BRIK
++ Output dataset ./CHIVES1051_2Cond_REML+tlrc.BRIK
[7m** ERROR:[0m output dataset name 'CHIVES1051_2Cond_REML' conflicts with existing file
[7m** ERROR:[0m dataset NOT written to disk!
++ creating FDR curves in dataset CHIVES1051_2Cond_stats_REML+tlrc
++ Smallest FDR q [0 Full_Fstat] = 5.26465e-15
++ Smallest FDR q [2 Healthy#0_Tstat] = 6.4932e-13
++ Smallest FDR q [3 Healthy_Fstat] = 6.49317e-13
++ Smallest FDR q [5 Unhealthy#0_Tstat] = 4.44349e-13
++ Smallest FDR q [6 Unhealthy_Fstat] = 4.44349e-13
++ Smallest FDR q [8 BidsNMiss#0_Tstat] = 5.87129e-15
++ Smallest FDR q [9 BidsNMiss_Fstat] = 5.87129e-15
++ Smallest FDR q [11 HealthyGtRest#0_Tstat] = 6.4932e-13
++ Smallest FDR q [12 HealthyGtRest_Fstat] = 6.49317e-13
++ Smallest FDR q [14 UnhealthyGtRest#0_Tstat] = 4.44349e-13
++ Smallest FDR q [15 UnhealthyGtRest_Fstat] = 4.44349e-13
[7m*+ WARNING:[0m Smallest FDR q [17 HealthyGtUnhealthy#0_Tstat] = 0.241143 ==> few true single voxel detections
[7m*+ WARNING:[0m Smallest FDR q [18 HealthyGtUnhealthy_Fstat] = 0.241142 ==> few true single voxel detections
 + Added 13 FDR curves to dataset CHIVES1051_2Cond_stats_REML+tlrc
++ Output dataset ./CHIVES1051_2Cond_stats_REML+tlrc.BRIK
 + unloading input dataset and REML matrices
++ 3dREMLfit is all done! total CPU=0.00 Elapsed=66.95
