** AFNI converts NIFTI_datatype=4 (INT16) in file /projects/sanlab/shared/CHIVES/bids_data/derivatives/fmriprep/sub-CHIVES1059/ses-wave1/func/s6_sub-CHIVES1059_ses-wave1_task-money_bold_space-MNI152NLin2009cAsym_preproc.nii to FLOAT32
     Warnings of this type will be muted for this session.
     Set AFNI_NIFTI_TYPE_WARN to YES to see them all, NO to see none.
++ '-stim_times_AM2 1 /projects/sanlab/shared/CHIVES/CHIVES_WTP_scripts/behavioral/money/afni_timing_files/CHIVES1059/AllCondsPmod.1D' has 1 auxiliary values per time point
++ '-stim_times_AM2 1 /projects/sanlab/shared/CHIVES/CHIVES_WTP_scripts/behavioral/money/afni_timing_files/CHIVES1059/AllCondsPmod.1D' will have 2 regressors
++ '-stim_times_AM1 2 /projects/sanlab/shared/CHIVES/CHIVES_WTP_scripts/behavioral/money/afni_timing_files/CHIVES1059/BidOnsDur.1D' has 1 auxiliary values per time point
++ '-stim_times_AM1 2': basis function model 'dmBLOCK(1)' uses 1 parameters,
    out of the 1 found in timing file '/projects/sanlab/shared/CHIVES/CHIVES_WTP_scripts/behavioral/money/afni_timing_files/CHIVES1059/BidOnsDur.1D'
++ 3dDeconvolve extending num_stimts from 2 to 7 due to -ortvec
++ 3dDeconvolve: AFNI version=AFNI_18.2.04 (Jul  6 2018) [64-bit]
++ Authored by: B. Douglas Ward, et al.
++ current memory malloc-ated = 262,674 bytes (about 263 thousand [kilo])
++ loading dataset /projects/sanlab/shared/CHIVES/bids_data/derivatives/fmriprep/sub-CHIVES1059/ses-wave1/func/s6_sub-CHIVES1059_ses-wave1_task-money_bold_space-MNI152NLin2009cAsym_preproc.nii
++ current memory malloc-ated = 1,545,411,534 bytes (about 1.5 billion [giga])
++ forcibly using TR=2.0000 seconds for -input dataset
++ Skipping check for initial transients
++ Imaging duration=714.0 s; Automatic polort=5
++ -stim_times using TR=2 s for stimulus timing conversion
++ -stim_times using TR=2 s for any -iresp output datasets
++  [you can alter the -iresp TR via the -TR_times option]
++ ** -stim_times NOTE ** guessing GLOBAL times if 1 time per line; LOCAL otherwise
++ ** GUESSED ** -stim_times_AM2 1 using LOCAL times
++ '-stim_times_AM2 1' average amplitude#1=1.1
++ ** GUESSED ** -stim_times_AM1 2 using LOCAL times
------------------------------------------------------------
GLT matrix from 'SYM: AllConds[0]':
   0   0   0   0   0   0   1   0   0   0   0   0   0   0 
 
------------------------------------------------------------
GLT matrix from 'SYM: AllConds[1]':
   0   0   0   0   0   0   0   1   0   0   0   0   0   0 
 
++ Number of time points: 357 (no censoring)
 + Number of parameters:  14 [11 baseline ; 3 signal]
++ total shared memory needed = 3,155,214,060 bytes (about 3.2 billion [giga])
++ current memory malloc-ated = 1,546,539,680 bytes (about 1.5 billion [giga])
++ mmap() memory allocated: 3,155,214,060 bytes (about 3.2 billion [giga])
++ Memory required for output bricks = 3,155,214,060 bytes (about 3.2 billion [giga])
++ Wrote matrix values to file CHIVES1059_AllCondPmod_xmat.1D
++ ========= Things you can do with the matrix file =========
++ (a) Linear regression with ARMA(1,1) modeling of serial correlation:

3dREMLfit -matrix CHIVES1059_AllCondPmod_xmat.1D -input /projects/sanlab/shared/CHIVES/bids_data/derivatives/fmriprep/sub-CHIVES1059/ses-wave1/func/s6_sub-CHIVES1059_ses-wave1_task-money_bold_space-MNI152NLin2009cAsym_preproc.nii \
 -mask /projects/sanlab/shared/CHIVES/bids_data/derivatives/fmriprep/sub-CHIVES1059/ses-wave1/func/sub-CHIVES1059_ses-wave1_task-money_bold_space-MNI152NLin2009cAsym_brainmask.nii.gz \
 -fout -tout -Rbuck CHIVES1059_AllCondPmod_stats_REML -Rvar CHIVES1059_AllCondPmod_stats_REMLvar \
 -Rfitts CHIVES1059_AllCondPmod_REML -Rerrts CHIVES1059_AllCondPmod_REML -verb
 
++ N.B.: 3dREMLfit command above written to file CHIVES1059_AllCondPmod_stats.REML_cmd
++ (b) Visualization/analysis of the matrix via ExamineXmat.R
++ (c) Synthesis of sub-model datasets using 3dSynthesize
++ ==========================================================
++ Wrote matrix values to file CHIVES1059_AllCondPmod_uncensor_xmat.1D
++ ----- Signal+Baseline matrix condition [X] (357x14):  5.31267  ++ VERY GOOD ++
++ ----- Signal-only matrix condition [X] (357x3):  1.62019  ++ VERY GOOD ++
++ ----- Baseline-only matrix condition [X] (357x11):  5.25335  ++ VERY GOOD ++
++ ----- stim_base-only matrix condition [X] (357x5):  2.55367  ++ VERY GOOD ++
++ ----- polort-only matrix condition [X] (357x6):  1.01526  ++ VERY GOOD ++
++ +++++ Matrix inverse average error = 1.8137e-15  ++ VERY GOOD ++
++ Matrix setup time = 0.02 s
++ Voxels in dataset: 1082035
++ Voxels in mask:    270005
++ Voxels per job:    27000
++ Job #1: processing voxels 241496 to 326450; elapsed time=3.922
++ Job #2: processing voxels 326451 to 384454; elapsed time=3.950
++ Job #3: processing voxels 384455 to 439777; elapsed time=3.977
++ Job #4: processing voxels 439778 to 494531; elapsed time=4.003
++ Job #5: processing voxels 494532 to 550237; elapsed time=4.030
++ Job #6: processing voxels 550238 to 608079; elapsed time=4.056
++ Job #7: processing voxels 608080 to 674176; elapsed time=4.083
++ Job #8: processing voxels 674177 to 752859; elapsed time=4.109
++ Job #9: processing voxels 752860 to 1082034; elapsed time=4.137
++ Job #0: processing voxels 0 to 241495; elapsed time=4.147
++ voxel loop:0123456789.0123456789.0123456789.0123456789.012345678++ Job #4 finished; elapsed time=5.534
++ Job #2 finished; elapsed time=5.549
++ Job #1 finished; elapsed time=5.573
++ Job #3 finished; elapsed time=5.596
++ Job #6 finished; elapsed time=5.633
++ Job #8 finished; elapsed time=5.641
++ Job #5 finished; elapsed time=5.643
9.
++ Job #0 waiting for children to finish; elapsed time=5.674
++ Job #7 finished; elapsed time=5.690
++ Job #9 finished; elapsed time=5.827
++ Job #0 now finishing up; elapsed time=5.856
++ Smallest FDR q [0 Full_Fstat] = 1.30697e-14
++ Smallest FDR q [2 AllConds#0_Tstat] = 5.13856e-14
++ Smallest FDR q [4 AllConds#1_Tstat] = 3.11396e-12
++ Smallest FDR q [5 AllConds_Fstat] = 4.6152e-14
++ Smallest FDR q [7 BidsNMiss#0_Tstat] = 6.12069e-14
++ Smallest FDR q [8 BidsNMiss_Fstat] = 6.12111e-14
++ Smallest FDR q [10 CondGtRest_GLT#0_Tstat] = 5.13856e-14
++ Smallest FDR q [11 CondGtRest_GLT_Fstat] = 5.13831e-14
++ Smallest FDR q [13 Pmod_GLT#0_Tstat] = 3.11396e-12
++ Smallest FDR q [14 Pmod_GLT_Fstat] = 3.114e-12
++ Wrote bucket dataset into ./CHIVES1059_AllCondPmod_stats+tlrc.BRIK
 + created 10 FDR curves in bucket header
++ Wrote 3D+time dataset into ./CHIVES1059_AllCondPmod+tlrc.BRIK
++ Wrote 3D+time dataset into ./CHIVES1059_AllCondPmod+tlrc.BRIK
++ Program finished; elapsed time=23.612
** AFNI converts NIFTI_datatype=4 (INT16) in file /projects/sanlab/shared/CHIVES/bids_data/derivatives/fmriprep/sub-CHIVES1059/ses-wave1/func/s6_sub-CHIVES1059_ses-wave1_task-money_bold_space-MNI152NLin2009cAsym_preproc.nii to FLOAT32
     Warnings of this type will be muted for this session.
     Set AFNI_NIFTI_TYPE_WARN to YES to see them all, NO to see none.
++ '-stim_times_AM2 1 /projects/sanlab/shared/CHIVES/CHIVES_WTP_scripts/behavioral/money/afni_timing_files/CHIVES1059/HealthyPmod.1D' has 1 auxiliary values per time point
++ '-stim_times_AM2 1 /projects/sanlab/shared/CHIVES/CHIVES_WTP_scripts/behavioral/money/afni_timing_files/CHIVES1059/HealthyPmod.1D' will have 2 regressors
++ '-stim_times_AM2 2 /projects/sanlab/shared/CHIVES/CHIVES_WTP_scripts/behavioral/money/afni_timing_files/CHIVES1059/UnhealthyPmod.1D' has 1 auxiliary values per time point
++ '-stim_times_AM2 2 /projects/sanlab/shared/CHIVES/CHIVES_WTP_scripts/behavioral/money/afni_timing_files/CHIVES1059/UnhealthyPmod.1D' will have 2 regressors
++ '-stim_times_AM1 3 /projects/sanlab/shared/CHIVES/CHIVES_WTP_scripts/behavioral/money/afni_timing_files/CHIVES1059/BidOnsDur.1D' has 1 auxiliary values per time point
++ '-stim_times_AM1 3': basis function model 'dmBLOCK(1)' uses 1 parameters,
    out of the 1 found in timing file '/projects/sanlab/shared/CHIVES/CHIVES_WTP_scripts/behavioral/money/afni_timing_files/CHIVES1059/BidOnsDur.1D'
++ 3dDeconvolve extending num_stimts from 3 to 8 due to -ortvec
++ 3dDeconvolve: AFNI version=AFNI_18.2.04 (Jul  6 2018) [64-bit]
++ Authored by: B. Douglas Ward, et al.
++ current memory malloc-ated = 289,940 bytes (about 290 thousand [kilo])
++ loading dataset /projects/sanlab/shared/CHIVES/bids_data/derivatives/fmriprep/sub-CHIVES1059/ses-wave1/func/s6_sub-CHIVES1059_ses-wave1_task-money_bold_space-MNI152NLin2009cAsym_preproc.nii
++ current memory malloc-ated = 1,545,438,800 bytes (about 1.5 billion [giga])
++ forcibly using TR=2.0000 seconds for -input dataset
++ Skipping check for initial transients
++ Imaging duration=714.0 s; Automatic polort=5
++ -stim_times using TR=2 s for stimulus timing conversion
++ -stim_times using TR=2 s for any -iresp output datasets
++  [you can alter the -iresp TR via the -TR_times option]
++ ** -stim_times NOTE ** guessing GLOBAL times if 1 time per line; LOCAL otherwise
++ ** GUESSED ** -stim_times_AM2 1 using LOCAL times
++ '-stim_times_AM2 1' average amplitude#1=1.03333
++ ** GUESSED ** -stim_times_AM2 2 using LOCAL times
++ '-stim_times_AM2 2' average amplitude#1=1.16667
++ ** GUESSED ** -stim_times_AM1 3 using LOCAL times
------------------------------------------------------------
GLT matrix from 'SYM: HealthyPmod[0]':
   0   0   0   0   0   0   1   0   0   0   0   0   0   0   0   0 
 
------------------------------------------------------------
GLT matrix from 'SYM: HealthyPmod[1]':
   0   0   0   0   0   0   0   1   0   0   0   0   0   0   0   0 
 
------------------------------------------------------------
GLT matrix from 'SYM: UnhealthyPmod[0]':
   0   0   0   0   0   0   0   0   1   0   0   0   0   0   0   0 
 
------------------------------------------------------------
GLT matrix from 'SYM: UnhealthyPmod[1]':
   0   0   0   0   0   0   0   0   0   1   0   0   0   0   0   0 
 
------------------------------------------------------------
GLT matrix from 'SYM: HealthyPmod[0] -UnhealthyPmod[0]':
   0   0   0   0   0   0   1   0  -1   0   0   0   0   0   0   0 
 
------------------------------------------------------------
GLT matrix from 'SYM: HealthyPmod[1] -UnhealthyPmod[1]':
   0   0   0   0   0   0   0   1   0  -1   0   0   0   0   0   0 
 
++ Number of time points: 357 (no censoring)
 + Number of parameters:  16 [11 baseline ; 5 signal]
++ total shared memory needed = 3,228,792,440 bytes (about 3.2 billion [giga])
++ current memory malloc-ated = 1,546,571,546 bytes (about 1.5 billion [giga])
++ mmap() memory allocated: 3,228,792,440 bytes (about 3.2 billion [giga])
++ Memory required for output bricks = 3,228,792,440 bytes (about 3.2 billion [giga])
++ Wrote matrix values to file CHIVES1059_2CondPmod_xmat.1D
++ ========= Things you can do with the matrix file =========
++ (a) Linear regression with ARMA(1,1) modeling of serial correlation:

3dREMLfit -matrix CHIVES1059_2CondPmod_xmat.1D -input /projects/sanlab/shared/CHIVES/bids_data/derivatives/fmriprep/sub-CHIVES1059/ses-wave1/func/s6_sub-CHIVES1059_ses-wave1_task-money_bold_space-MNI152NLin2009cAsym_preproc.nii \
 -mask /projects/sanlab/shared/CHIVES/bids_data/derivatives/fmriprep/sub-CHIVES1059/ses-wave1/func/sub-CHIVES1059_ses-wave1_task-money_bold_space-MNI152NLin2009cAsym_brainmask.nii.gz \
 -fout -tout -Rbuck CHIVES1059_2CondPmod_stats_REML -Rvar CHIVES1059_2CondPmod_stats_REMLvar \
 -Rfitts CHIVES1059_2CondPmod_REML -Rerrts CHIVES1059_2CondPmod_REML -verb
 
++ N.B.: 3dREMLfit command above written to file CHIVES1059_2CondPmod_stats.REML_cmd
++ (b) Visualization/analysis of the matrix via ExamineXmat.R
++ (c) Synthesis of sub-model datasets using 3dSynthesize
++ ==========================================================
++ Wrote matrix values to file CHIVES1059_2CondPmod_uncensor_xmat.1D
++ ----- Signal+Baseline matrix condition [X] (357x16):  5.34566  ++ VERY GOOD ++
++ ----- Signal-only matrix condition [X] (357x5):  1.62025  ++ VERY GOOD ++
++ ----- Baseline-only matrix condition [X] (357x11):  5.25335  ++ VERY GOOD ++
++ ----- stim_base-only matrix condition [X] (357x5):  2.55367  ++ VERY GOOD ++
++ ----- polort-only matrix condition [X] (357x6):  1.01526  ++ VERY GOOD ++
++ +++++ Matrix inverse average error = 1.57758e-15  ++ VERY GOOD ++
++ Matrix setup time = 0.02 s
++ Voxels in dataset: 1082035
++ Voxels in mask:    270005
++ Voxels per job:    27000
++ Job #1: processing voxels 241496 to 326450; elapsed time=3.900
++ Job #2: processing voxels 326451 to 384454; elapsed time=3.926
++ Job #3: processing voxels 384455 to 439777; elapsed time=3.952
++ Job #4: processing voxels 439778 to 494531; elapsed time=3.977
++ Job #5: processing voxels 494532 to 550237; elapsed time=4.004
++ Job #6: processing voxels 550238 to 608079; elapsed time=4.030
++ Job #7: processing voxels 608080 to 674176; elapsed time=4.056
++ Job #8: processing voxels 674177 to 752859; elapsed time=4.082
++ Job #9: processing voxels 752860 to 1082034; elapsed time=4.109
++ Job #0: processing voxels 0 to 241495; elapsed time=4.119
++ voxel loop:0123456789.0123456789.0123456789.0123456789.012345678++ Job #2 finished; elapsed time=6.078
++ Job #4 finished; elapsed time=6.151
++ Job #3 finished; elapsed time=6.185
++ Job #6 finished; elapsed time=6.192
++ Job #1 finished; elapsed time=6.202
++ Job #5 finished; elapsed time=6.226
9.
++ Job #0 waiting for children to finish; elapsed time=6.247
++ Job #8 finished; elapsed time=6.265
++ Job #7 finished; elapsed time=6.299
++ Job #9 finished; elapsed time=6.474
++ Job #0 now finishing up; elapsed time=6.505
++ Smallest FDR q [0 Full_Fstat] = 1.12632e-14
++ Smallest FDR q [2 HealthyPmod#0_Tstat] = 1.77588e-13
++ Smallest FDR q [4 HealthyPmod#1_Tstat] = 1.87243e-08
++ Smallest FDR q [5 HealthyPmod_Fstat] = 1.39551e-13
++ Smallest FDR q [7 UnhealthyPmod#0_Tstat] = 7.30715e-14
++ Smallest FDR q [9 UnhealthyPmod#1_Tstat] = 2.18747e-08
++ Smallest FDR q [10 UnhealthyPmod_Fstat] = 6.63848e-14
++ Smallest FDR q [12 BidsNMiss#0_Tstat] = 6.07595e-14
++ Smallest FDR q [13 BidsNMiss_Fstat] = 6.07595e-14
++ Smallest FDR q [15 HealthyGtRest_GLT#0_Tstat] = 1.77588e-13
++ Smallest FDR q [16 HealthyGtRest_GLT_Fstat] = 1.7759e-13
++ Smallest FDR q [18 HealthyPmod_GLT#0_Tstat] = 1.87243e-08
++ Smallest FDR q [19 HealthyPmod_GLT_Fstat] = 1.87241e-08
++ Smallest FDR q [21 UnhealthyGtRest_GLT#0_Tstat] = 7.30715e-14
++ Smallest FDR q [22 UnhealthyGtRest_GLT_Fstat] = 7.30705e-14
++ Smallest FDR q [24 UnhealthyPmod_GLT#0_Tstat] = 2.18747e-08
++ Smallest FDR q [25 UnhealthyPmod_GLT_Fstat] = 2.18749e-08
++ Smallest FDR q [27 HealthyGtUnhealthy_GLT#0_Tstat] = 2.42268e-05
++ Smallest FDR q [28 HealthyGtUnhealthy_GLT_Fstat] = 2.42264e-05
++ Smallest FDR q [30 HealthyGtUnhealthyPmod_GLT#0_Tstat] = 7.30224e-08
++ Smallest FDR q [31 HealthyGtUnhealthyPmod_GLT_Fstat] = 7.30231e-08
++ Wrote bucket dataset into ./CHIVES1059_2CondPmod_stats+tlrc.BRIK
 + created 21 FDR curves in bucket header
++ Wrote 3D+time dataset into ./CHIVES1059_2CondPmod+tlrc.BRIK
++ Wrote 3D+time dataset into ./CHIVES1059_2CondPmod+tlrc.BRIK
++ Program finished; elapsed time=39.412
** AFNI converts NIFTI_datatype=4 (INT16) in file /projects/sanlab/shared/CHIVES/bids_data/derivatives/fmriprep/sub-CHIVES1059/ses-wave1/func/s6_sub-CHIVES1059_ses-wave1_task-money_bold_space-MNI152NLin2009cAsym_preproc.nii to FLOAT32
     Warnings of this type will be muted for this session.
     Set AFNI_NIFTI_TYPE_WARN to YES to see them all, NO to see none.
++ '-stim_times_AM1 3 /projects/sanlab/shared/CHIVES/CHIVES_WTP_scripts/behavioral/money/afni_timing_files/CHIVES1059/BidOnsDur.1D' has 1 auxiliary values per time point
++ '-stim_times_AM1 3': basis function model 'dmBLOCK(1)' uses 1 parameters,
    out of the 1 found in timing file '/projects/sanlab/shared/CHIVES/CHIVES_WTP_scripts/behavioral/money/afni_timing_files/CHIVES1059/BidOnsDur.1D'
++ 3dDeconvolve extending num_stimts from 3 to 8 due to -ortvec
++ 3dDeconvolve: AFNI version=AFNI_18.2.04 (Jul  6 2018) [64-bit]
++ Authored by: B. Douglas Ward, et al.
++ current memory malloc-ated = 273,696 bytes (about 274 thousand [kilo])
++ loading dataset /projects/sanlab/shared/CHIVES/bids_data/derivatives/fmriprep/sub-CHIVES1059/ses-wave1/func/s6_sub-CHIVES1059_ses-wave1_task-money_bold_space-MNI152NLin2009cAsym_preproc.nii
++ current memory malloc-ated = 1,545,422,556 bytes (about 1.5 billion [giga])
++ forcibly using TR=2.0000 seconds for -input dataset
++ Skipping check for initial transients
++ Imaging duration=714.0 s; Automatic polort=5
++ -stim_times using TR=2 s for stimulus timing conversion
++ -stim_times using TR=2 s for any -iresp output datasets
++  [you can alter the -iresp TR via the -TR_times option]
++ ** -stim_times NOTE ** guessing GLOBAL times if 1 time per line; LOCAL otherwise
++ ** GUESSED ** -stim_times 1 using LOCAL times
++ ** GUESSED ** -stim_times 2 using LOCAL times
++ ** GUESSED ** -stim_times_AM1 3 using LOCAL times
------------------------------------------------------------
GLT matrix from 'SYM: Healthy':
   0   0   0   0   0   0   1   0   0   0   0   0   0   0 
 
------------------------------------------------------------
GLT matrix from 'SYM: Unhealthy':
   0   0   0   0   0   0   0   1   0   0   0   0   0   0 
 
------------------------------------------------------------
GLT matrix from 'SYM: Healthy -Unhealthy':
   0   0   0   0   0   0   1  -1   0   0   0   0   0   0 
 
++ Number of time points: 357 (no censoring)
 + Number of parameters:  14 [11 baseline ; 3 signal]
++ total shared memory needed = 3,172,526,620 bytes (about 3.2 billion [giga])
++ current memory malloc-ated = 1,546,550,748 bytes (about 1.5 billion [giga])
++ mmap() memory allocated: 3,172,526,620 bytes (about 3.2 billion [giga])
++ Memory required for output bricks = 3,172,526,620 bytes (about 3.2 billion [giga])
++ Wrote matrix values to file CHIVES1059_2Cond_xmat.1D
++ ========= Things you can do with the matrix file =========
++ (a) Linear regression with ARMA(1,1) modeling of serial correlation:

3dREMLfit -matrix CHIVES1059_2Cond_xmat.1D -input /projects/sanlab/shared/CHIVES/bids_data/derivatives/fmriprep/sub-CHIVES1059/ses-wave1/func/s6_sub-CHIVES1059_ses-wave1_task-money_bold_space-MNI152NLin2009cAsym_preproc.nii \
 -mask /projects/sanlab/shared/CHIVES/bids_data/derivatives/fmriprep/sub-CHIVES1059/ses-wave1/func/sub-CHIVES1059_ses-wave1_task-money_bold_space-MNI152NLin2009cAsym_brainmask.nii.gz \
 -fout -tout -Rbuck CHIVES1059_2Cond_stats_REML -Rvar CHIVES1059_2Cond_stats_REMLvar \
 -Rfitts CHIVES1059_2Cond_REML -Rerrts CHIVES1059_2Cond_REML -verb
 
++ N.B.: 3dREMLfit command above written to file CHIVES1059_2Cond_stats.REML_cmd
++ (b) Visualization/analysis of the matrix via ExamineXmat.R
++ (c) Synthesis of sub-model datasets using 3dSynthesize
++ ==========================================================
++ Wrote matrix values to file CHIVES1059_2Cond_uncensor_xmat.1D
++ ----- Signal+Baseline matrix condition [X] (357x14):  5.31615  ++ VERY GOOD ++
++ ----- Signal-only matrix condition [X] (357x3):  1.62022  ++ VERY GOOD ++
++ ----- Baseline-only matrix condition [X] (357x11):  5.25335  ++ VERY GOOD ++
++ ----- stim_base-only matrix condition [X] (357x5):  2.55367  ++ VERY GOOD ++
++ ----- polort-only matrix condition [X] (357x6):  1.01526  ++ VERY GOOD ++
++ +++++ Matrix inverse average error = 1.87355e-15  ++ VERY GOOD ++
++ Matrix setup time = 0.01 s
++ Voxels in dataset: 1082035
++ Voxels in mask:    270005
++ Voxels per job:    27000
++ Job #1: processing voxels 241496 to 326450; elapsed time=3.908
++ Job #2: processing voxels 326451 to 384454; elapsed time=3.934
++ Job #3: processing voxels 384455 to 439777; elapsed time=3.960
++ Job #4: processing voxels 439778 to 494531; elapsed time=3.986
++ Job #5: processing voxels 494532 to 550237; elapsed time=4.012
++ Job #6: processing voxels 550238 to 608079; elapsed time=4.038
++ Job #7: processing voxels 608080 to 674176; elapsed time=4.064
++ Job #8: processing voxels 674177 to 752859; elapsed time=4.090
++ Job #9: processing voxels 752860 to 1082034; elapsed time=4.116
++ Job #0: processing voxels 0 to 241495; elapsed time=4.126
++ voxel loop:0123456789.0123456789.0123456789.0123456789.012345678++ Job #2 finished; elapsed time=5.668
++ Job #4 finished; elapsed time=5.723
++ Job #6 finished; elapsed time=5.763
++ Job #3 finished; elapsed time=5.791
++ Job #1 finished; elapsed time=5.795
9.
++ Job #0 waiting for children to finish; elapsed time=5.820
++ Job #5 finished; elapsed time=5.830
++ Job #8 finished; elapsed time=5.833
++ Job #7 finished; elapsed time=5.899
++ Job #9 finished; elapsed time=6.072
++ Job #0 now finishing up; elapsed time=6.104
++ Smallest FDR q [0 Full_Fstat] = 1.38388e-14
++ Smallest FDR q [2 Healthy#0_Tstat] = 2.04922e-13
++ Smallest FDR q [3 Healthy_Fstat] = 2.04922e-13
++ Smallest FDR q [5 Unhealthy#0_Tstat] = 8.22854e-14
++ Smallest FDR q [6 Unhealthy_Fstat] = 8.22866e-14
++ Smallest FDR q [8 BidsNMiss#0_Tstat] = 6.40849e-14
++ Smallest FDR q [9 BidsNMiss_Fstat] = 6.40849e-14
++ Smallest FDR q [11 HealthyGtRest_GLT#0_Tstat] = 2.04922e-13
++ Smallest FDR q [12 HealthyGtRest_GLT_Fstat] = 2.04914e-13
++ Smallest FDR q [14 UnhealthyGtRest_GLT#0_Tstat] = 8.22854e-14
++ Smallest FDR q [15 UnhealthyGtRest_GLT_Fstat] = 8.22866e-14
++ Smallest FDR q [17 HealthyGtUnhealthy_GLT#0_Tstat] = 3.80045e-05
++ Smallest FDR q [18 HealthyGtUnhealthy_GLT_Fstat] = 3.80041e-05
++ Wrote bucket dataset into ./CHIVES1059_2Cond_stats+tlrc.BRIK
 + created 13 FDR curves in bucket header
++ Wrote 3D+time dataset into ./CHIVES1059_2Cond+tlrc.BRIK
++ Wrote 3D+time dataset into ./CHIVES1059_2Cond+tlrc.BRIK
++ Program finished; elapsed time=25.380
