** AFNI converts NIFTI_datatype=4 (INT16) in file /projects/sanlab/shared/CHIVES/bids_data/derivatives/fmriprep/sub-CHIVES1105/ses-wave1/func/s6_sub-CHIVES1105_ses-wave1_task-money_bold_space-MNI152NLin2009cAsym_preproc.nii to FLOAT32
     Warnings of this type will be muted for this session.
     Set AFNI_NIFTI_TYPE_WARN to YES to see them all, NO to see none.
++ '-stim_times_AM2 1 /projects/sanlab/shared/CHIVES/CHIVES_WTP_scripts/behavioral/money/afni_timing_files/CHIVES1105/AllCondsPmod.1D' has 1 auxiliary values per time point
++ '-stim_times_AM2 1 /projects/sanlab/shared/CHIVES/CHIVES_WTP_scripts/behavioral/money/afni_timing_files/CHIVES1105/AllCondsPmod.1D' will have 2 regressors
++ '-stim_times_AM1 2 /projects/sanlab/shared/CHIVES/CHIVES_WTP_scripts/behavioral/money/afni_timing_files/CHIVES1105/BidOnsDur.1D' has 1 auxiliary values per time point
++ '-stim_times_AM1 2': basis function model 'dmBLOCK(1)' uses 1 parameters,
    out of the 1 found in timing file '/projects/sanlab/shared/CHIVES/CHIVES_WTP_scripts/behavioral/money/afni_timing_files/CHIVES1105/BidOnsDur.1D'
++ 3dDeconvolve extending num_stimts from 2 to 6 due to -ortvec
++ 3dDeconvolve: AFNI version=AFNI_18.2.04 (Jul  6 2018) [64-bit]
++ Authored by: B. Douglas Ward, et al.
++ current memory malloc-ated = 254,635 bytes (about 255 thousand [kilo])
++ loading dataset /projects/sanlab/shared/CHIVES/bids_data/derivatives/fmriprep/sub-CHIVES1105/ses-wave1/func/s6_sub-CHIVES1105_ses-wave1_task-money_bold_space-MNI152NLin2009cAsym_preproc.nii
++ current memory malloc-ated = 1,545,403,495 bytes (about 1.5 billion [giga])
++ forcibly using TR=2.0000 seconds for -input dataset
++ Skipping check for initial transients
++ Imaging duration=714.0 s; Automatic polort=5
++ -stim_times using TR=2 s for stimulus timing conversion
++ -stim_times using TR=2 s for any -iresp output datasets
++  [you can alter the -iresp TR via the -TR_times option]
++ ** -stim_times NOTE ** guessing GLOBAL times if 1 time per line; LOCAL otherwise
++ ** GUESSED ** -stim_times_AM2 1 using LOCAL times
++ '-stim_times_AM2 1' average amplitude#1=1.15
++ ** GUESSED ** -stim_times_AM1 2 using LOCAL times
------------------------------------------------------------
GLT matrix from 'SYM: AllConds[0]':
   0   0   0   0   0   0   1   0   0   0   0   0   0 
 
------------------------------------------------------------
GLT matrix from 'SYM: AllConds[1]':
   0   0   0   0   0   0   0   1   0   0   0   0   0 
 
++ Number of time points: 357 (no censoring)
 + Number of parameters:  13 [10 baseline ; 3 signal]
++ total shared memory needed = 3,155,214,060 bytes (about 3.2 billion [giga])
++ current memory malloc-ated = 1,546,531,429 bytes (about 1.5 billion [giga])
++ mmap() memory allocated: 3,155,214,060 bytes (about 3.2 billion [giga])
++ Memory required for output bricks = 3,155,214,060 bytes (about 3.2 billion [giga])
++ Wrote matrix values to file CHIVES1105_AllCondPmod_xmat.1D
++ ========= Things you can do with the matrix file =========
++ (a) Linear regression with ARMA(1,1) modeling of serial correlation:

3dREMLfit -matrix CHIVES1105_AllCondPmod_xmat.1D -input /projects/sanlab/shared/CHIVES/bids_data/derivatives/fmriprep/sub-CHIVES1105/ses-wave1/func/s6_sub-CHIVES1105_ses-wave1_task-money_bold_space-MNI152NLin2009cAsym_preproc.nii \
 -mask /projects/sanlab/shared/CHIVES/bids_data/derivatives/fmriprep/sub-CHIVES1105/ses-wave1/func/sub-CHIVES1105_ses-wave1_task-money_bold_space-MNI152NLin2009cAsym_brainmask.nii.gz \
 -fout -tout -Rbuck CHIVES1105_AllCondPmod_stats_REML -Rvar CHIVES1105_AllCondPmod_stats_REMLvar \
 -Rfitts CHIVES1105_AllCondPmod_REML -Rerrts CHIVES1105_AllCondPmod_REML -verb
 
++ N.B.: 3dREMLfit command above written to file CHIVES1105_AllCondPmod_stats.REML_cmd
++ (b) Visualization/analysis of the matrix via ExamineXmat.R
++ (c) Synthesis of sub-model datasets using 3dSynthesize
++ ==========================================================
++ Wrote matrix values to file CHIVES1105_AllCondPmod_uncensor_xmat.1D
++ ----- Signal+Baseline matrix condition [X] (357x13):  3.63549  ++ VERY GOOD ++
++ ----- Signal-only matrix condition [X] (357x3):  1.59348  ++ VERY GOOD ++
++ ----- Baseline-only matrix condition [X] (357x10):  3.51985  ++ VERY GOOD ++
++ ----- stim_base-only matrix condition [X] (357x4):  2.57159  ++ VERY GOOD ++
++ ----- polort-only matrix condition [X] (357x6):  1.01526  ++ VERY GOOD ++
++ +++++ Matrix inverse average error = 1.96098e-15  ++ VERY GOOD ++
++ Matrix setup time = 0.01 s
++ Voxels in dataset: 1082035
++ Voxels in mask:    271451
++ Voxels per job:    13572
++ Job #1: processing voxels 180839 to 236921; elapsed time=4.760
++ Job #2: processing voxels 236922 to 281951; elapsed time=4.780
++ Job #3: processing voxels 281952 to 317310; elapsed time=4.801
++ Job #4: processing voxels 317311 to 349368; elapsed time=4.821
++ Job #5: processing voxels 349369 to 376241; elapsed time=4.843
++ Job #6: processing voxels 376242 to 406157; elapsed time=4.865
++ Job #7: processing voxels 406158 to 432278; elapsed time=4.886
++ Job #8: processing voxels 432279 to 461588; elapsed time=4.907
++ Job #9: processing voxels 461589 to 487490; elapsed time=4.930
++ Job #10: processing voxels 487491 to 517177; elapsed time=4.952
++ Job #11: processing voxels 517178 to 543472; elapsed time=4.975
++ Job #12: processing voxels 543473 to 574062; elapsed time=4.999
++ Job #13: processing voxels 574063 to 605510; elapsed time=5.027
++ Job #14: processing voxels 605511 to 633937; elapsed time=5.054
++ Job #15: processing voxels 633938 to 667220; elapsed time=5.074
++ Job #16: processing voxels 667221 to 706718; elapsed time=5.097
++ Job #17: processing voxels 706719 to 744427; elapsed time=5.119
++ Job #18: processing voxels 744428 to 797759; elapsed time=5.147
++ Job #19: processing voxels 797760 to 1082034; elapsed time=5.168
++ Job #0: processing voxels 0 to 180838; elapsed time=5.178
++ voxel loop:0123456789.0123456789.0123456789.0123456++ Job #2 finished; elapsed time=5.599
7++ Job #1 finished; elapsed time=5.624
++ Job #4 finished; elapsed time=5.635
++ Job #3 finished; elapsed time=5.653
89.0++ Job #5 finished; elapsed time=5.686
++ Job #6 finished; elapsed time=5.709
++ Job #7 finished; elapsed time=5.717
++ Job #8 finished; elapsed time=5.720
++ Job #9 finished; elapsed time=5.741
12++ Job #10 finished; elapsed time=5.760
3++ Job #11 finished; elapsed time=5.805
++ Job #12 finished; elapsed time=5.808
++ Job #13 finished; elapsed time=5.835
45++ Job #14 finished; elapsed time=5.860
6++ Job #15 finished; elapsed time=5.878
++ Job #16 finished; elapsed time=5.909
++ Job #17 finished; elapsed time=5.937
7++ Job #18 finished; elapsed time=5.975
89.
++ Job #0 waiting for children to finish; elapsed time=5.984
++ Job #19 finished; elapsed time=6.012
++ Job #0 now finishing up; elapsed time=6.031
++ Smallest FDR q [0 Full_Fstat] = 7.14741e-15
++ Smallest FDR q [2 AllConds#0_Tstat] = 1.77333e-14
++ Smallest FDR q [4 AllConds#1_Tstat] = 9.96294e-05
++ Smallest FDR q [5 AllConds_Fstat] = 1.98336e-14
++ Smallest FDR q [7 BidsNMiss#0_Tstat] = 2.64922e-14
++ Smallest FDR q [8 BidsNMiss_Fstat] = 2.64926e-14
++ Smallest FDR q [10 CondGtRest_GLT#0_Tstat] = 1.77333e-14
++ Smallest FDR q [11 CondGtRest_GLT_Fstat] = 1.77327e-14
++ Smallest FDR q [13 Pmod_GLT#0_Tstat] = 9.96294e-05
++ Smallest FDR q [14 Pmod_GLT_Fstat] = 9.9633e-05
++ Wrote bucket dataset into ./CHIVES1105_AllCondPmod_stats+tlrc.BRIK
 + created 10 FDR curves in bucket header
++ Wrote 3D+time dataset into ./CHIVES1105_AllCondPmod+tlrc.BRIK
++ Wrote 3D+time dataset into ./CHIVES1105_AllCondPmod+tlrc.BRIK
++ Program finished; elapsed time=22.096
++ 3dREMLfit: AFNI version=AFNI_18.2.04 (Jul  6 2018) [64-bit]
++ Authored by: RWCox
** AFNI converts NIFTI_datatype=4 (INT16) in file /projects/sanlab/shared/CHIVES/bids_data/derivatives/fmriprep/sub-CHIVES1105/ses-wave1/func/s6_sub-CHIVES1105_ses-wave1_task-money_bold_space-MNI152NLin2009cAsym_preproc.nii to FLOAT32
     Warnings of this type will be muted for this session.
     Set AFNI_NIFTI_TYPE_WARN to YES to see them all, NO to see none.
++ Number of voxels in mask = 271451
++ Number of OpenMP threads = 15
++ -----  matrix condition (357x13):  3.63549  ++ VERY GOOD ++
++ Loading input dataset into memory
++ Converting input dataset to vector image
 +  dataset = 1.5 billion [giga] bytes
 +  vectim  = 389 million [mega] bytes
++ starting REML setup calculations; total CPU=0.00 Elapsed=4.26
 + X matrix: 99.828% of elements are nonzero
 + starting 15 OpenMP threads for REML setup
 + REML setup finished: matrix rows=357 cols=13; 109*1 cases; total CPU=0.00 Elapsed=4.27
 +  average case bandwidth = 13.00
++ REML voxel loop: [15 threads]0123456789.012
 + ARMA voxel parameters estimated: total CPU=0.00 Elapsed=20.41
++ GLSQ loop:0123456789.0123456789.0123456789.0123456789.0123456789.
 + GLSQ regression done: total CPU=0.00 Elapsed=43.44
++ Output dataset ./CHIVES1105_AllCondPmod_stats_REMLvar+tlrc.BRIK
++ Output dataset ./CHIVES1105_AllCondPmod_REML+tlrc.BRIK
[7m** ERROR:[0m output dataset name 'CHIVES1105_AllCondPmod_REML' conflicts with existing file
[7m** ERROR:[0m dataset NOT written to disk!
++ creating FDR curves in dataset CHIVES1105_AllCondPmod_stats_REML+tlrc
++ Smallest FDR q [0 Full_Fstat] = 8.68245e-15
++ Smallest FDR q [2 AllConds#0_Tstat] = 2.25344e-14
++ Smallest FDR q [4 AllConds#1_Tstat] = 0.0115198
++ Smallest FDR q [5 AllConds_Fstat] = 2.78162e-14
++ Smallest FDR q [7 BidsNMiss#0_Tstat] = 3.25777e-14
++ Smallest FDR q [8 BidsNMiss_Fstat] = 3.25777e-14
++ Smallest FDR q [10 CondGtRest#0_Tstat] = 2.25344e-14
++ Smallest FDR q [11 CondGtRest_Fstat] = 2.25344e-14
++ Smallest FDR q [13 Pmod#0_Tstat] = 0.0115198
++ Smallest FDR q [14 Pmod_Fstat] = 0.0115198
 + Added 10 FDR curves to dataset CHIVES1105_AllCondPmod_stats_REML+tlrc
++ Output dataset ./CHIVES1105_AllCondPmod_stats_REML+tlrc.BRIK
 + unloading input dataset and REML matrices
++ 3dREMLfit is all done! total CPU=0.00 Elapsed=58.69
** AFNI converts NIFTI_datatype=4 (INT16) in file /projects/sanlab/shared/CHIVES/bids_data/derivatives/fmriprep/sub-CHIVES1105/ses-wave1/func/s6_sub-CHIVES1105_ses-wave1_task-money_bold_space-MNI152NLin2009cAsym_preproc.nii to FLOAT32
     Warnings of this type will be muted for this session.
     Set AFNI_NIFTI_TYPE_WARN to YES to see them all, NO to see none.
++ '-stim_times_AM2 1 /projects/sanlab/shared/CHIVES/CHIVES_WTP_scripts/behavioral/money/afni_timing_files/CHIVES1105/HealthyPmod.1D' has 1 auxiliary values per time point
++ '-stim_times_AM2 1 /projects/sanlab/shared/CHIVES/CHIVES_WTP_scripts/behavioral/money/afni_timing_files/CHIVES1105/HealthyPmod.1D' will have 2 regressors
++ '-stim_times_AM2 2 /projects/sanlab/shared/CHIVES/CHIVES_WTP_scripts/behavioral/money/afni_timing_files/CHIVES1105/UnhealthyPmod.1D' has 1 auxiliary values per time point
++ '-stim_times_AM2 2 /projects/sanlab/shared/CHIVES/CHIVES_WTP_scripts/behavioral/money/afni_timing_files/CHIVES1105/UnhealthyPmod.1D' will have 2 regressors
++ '-stim_times_AM1 3 /projects/sanlab/shared/CHIVES/CHIVES_WTP_scripts/behavioral/money/afni_timing_files/CHIVES1105/BidOnsDur.1D' has 1 auxiliary values per time point
++ '-stim_times_AM1 3': basis function model 'dmBLOCK(1)' uses 1 parameters,
    out of the 1 found in timing file '/projects/sanlab/shared/CHIVES/CHIVES_WTP_scripts/behavioral/money/afni_timing_files/CHIVES1105/BidOnsDur.1D'
++ 3dDeconvolve extending num_stimts from 3 to 7 due to -ortvec
++ 3dDeconvolve: AFNI version=AFNI_18.2.04 (Jul  6 2018) [64-bit]
++ Authored by: B. Douglas Ward, et al.
++ current memory malloc-ated = 281,901 bytes (about 282 thousand [kilo])
++ loading dataset /projects/sanlab/shared/CHIVES/bids_data/derivatives/fmriprep/sub-CHIVES1105/ses-wave1/func/s6_sub-CHIVES1105_ses-wave1_task-money_bold_space-MNI152NLin2009cAsym_preproc.nii
++ current memory malloc-ated = 1,545,430,761 bytes (about 1.5 billion [giga])
++ forcibly using TR=2.0000 seconds for -input dataset
++ Skipping check for initial transients
++ Imaging duration=714.0 s; Automatic polort=5
++ -stim_times using TR=2 s for stimulus timing conversion
++ -stim_times using TR=2 s for any -iresp output datasets
++  [you can alter the -iresp TR via the -TR_times option]
++ ** -stim_times NOTE ** guessing GLOBAL times if 1 time per line; LOCAL otherwise
++ ** GUESSED ** -stim_times_AM2 1 using LOCAL times
++ '-stim_times_AM2 1' average amplitude#1=1.08333
++ ** GUESSED ** -stim_times_AM2 2 using LOCAL times
++ '-stim_times_AM2 2' average amplitude#1=1.21667
++ ** GUESSED ** -stim_times_AM1 3 using LOCAL times
------------------------------------------------------------
GLT matrix from 'SYM: HealthyPmod[0]':
   0   0   0   0   0   0   1   0   0   0   0   0   0   0   0 
 
------------------------------------------------------------
GLT matrix from 'SYM: HealthyPmod[1]':
   0   0   0   0   0   0   0   1   0   0   0   0   0   0   0 
 
------------------------------------------------------------
GLT matrix from 'SYM: UnhealthyPmod[0]':
   0   0   0   0   0   0   0   0   1   0   0   0   0   0   0 
 
------------------------------------------------------------
GLT matrix from 'SYM: UnhealthyPmod[1]':
   0   0   0   0   0   0   0   0   0   1   0   0   0   0   0 
 
------------------------------------------------------------
GLT matrix from 'SYM: HealthyPmod[0] -UnhealthyPmod[0]':
   0   0   0   0   0   0   1   0  -1   0   0   0   0   0   0 
 
------------------------------------------------------------
GLT matrix from 'SYM: HealthyPmod[1] -UnhealthyPmod[1]':
   0   0   0   0   0   0   0   1   0  -1   0   0   0   0   0 
 
++ Number of time points: 357 (no censoring)
 + Number of parameters:  15 [10 baseline ; 5 signal]
++ total shared memory needed = 3,228,792,440 bytes (about 3.2 billion [giga])
++ current memory malloc-ated = 1,546,563,263 bytes (about 1.5 billion [giga])
++ mmap() memory allocated: 3,228,792,440 bytes (about 3.2 billion [giga])
++ Memory required for output bricks = 3,228,792,440 bytes (about 3.2 billion [giga])
++ Wrote matrix values to file CHIVES1105_2CondPmod_xmat.1D
++ ========= Things you can do with the matrix file =========
++ (a) Linear regression with ARMA(1,1) modeling of serial correlation:

3dREMLfit -matrix CHIVES1105_2CondPmod_xmat.1D -input /projects/sanlab/shared/CHIVES/bids_data/derivatives/fmriprep/sub-CHIVES1105/ses-wave1/func/s6_sub-CHIVES1105_ses-wave1_task-money_bold_space-MNI152NLin2009cAsym_preproc.nii \
 -mask /projects/sanlab/shared/CHIVES/bids_data/derivatives/fmriprep/sub-CHIVES1105/ses-wave1/func/sub-CHIVES1105_ses-wave1_task-money_bold_space-MNI152NLin2009cAsym_brainmask.nii.gz \
 -fout -tout -Rbuck CHIVES1105_2CondPmod_stats_REML -Rvar CHIVES1105_2CondPmod_stats_REMLvar \
 -Rfitts CHIVES1105_2CondPmod_REML -Rerrts CHIVES1105_2CondPmod_REML -verb
 
++ N.B.: 3dREMLfit command above written to file CHIVES1105_2CondPmod_stats.REML_cmd
++ (b) Visualization/analysis of the matrix via ExamineXmat.R
++ (c) Synthesis of sub-model datasets using 3dSynthesize
++ ==========================================================
++ Wrote matrix values to file CHIVES1105_2CondPmod_uncensor_xmat.1D
++ ----- Signal+Baseline matrix condition [X] (357x15):  3.66566  ++ VERY GOOD ++
++ ----- Signal-only matrix condition [X] (357x5):  1.59359  ++ VERY GOOD ++
++ ----- Baseline-only matrix condition [X] (357x10):  3.51985  ++ VERY GOOD ++
++ ----- stim_base-only matrix condition [X] (357x4):  2.57159  ++ VERY GOOD ++
++ ----- polort-only matrix condition [X] (357x6):  1.01526  ++ VERY GOOD ++
++ +++++ Matrix inverse average error = 1.78656e-15  ++ VERY GOOD ++
++ Matrix setup time = 0.02 s
++ Voxels in dataset: 1082035
++ Voxels in mask:    271451
++ Voxels per job:    13572
++ Job #1: processing voxels 180839 to 236921; elapsed time=4.307
++ Job #2: processing voxels 236922 to 281951; elapsed time=4.326
++ Job #3: processing voxels 281952 to 317310; elapsed time=4.347
++ Job #4: processing voxels 317311 to 349368; elapsed time=4.367
++ Job #5: processing voxels 349369 to 376241; elapsed time=4.389
++ Job #6: processing voxels 376242 to 406157; elapsed time=4.409
++ Job #7: processing voxels 406158 to 432278; elapsed time=4.432
++ Job #8: processing voxels 432279 to 461588; elapsed time=4.453
++ Job #9: processing voxels 461589 to 487490; elapsed time=4.476
++ Job #10: processing voxels 487491 to 517177; elapsed time=4.498
++ Job #11: processing voxels 517178 to 543472; elapsed time=4.521
++ Job #12: processing voxels 543473 to 574062; elapsed time=4.544
++ Job #13: processing voxels 574063 to 605510; elapsed time=4.580
++ Job #14: processing voxels 605511 to 633937; elapsed time=4.603
++ Job #15: processing voxels 633938 to 667220; elapsed time=4.613
++ Job #16: processing voxels 667221 to 706718; elapsed time=4.650
++ Job #17: processing voxels 706719 to 744427; elapsed time=4.661
++ Job #18: processing voxels 744428 to 797759; elapsed time=4.698
++ Job #0: processing voxels 0 to 180838; elapsed time=4.719
++ voxel loop:0++ Job #19: processing voxels 797760 to 1082034; elapsed time=4.722
123456789.0123456789.0123456789.0123456789.0++ Job #2 finished; elapsed time=5.448
++ Job #4 finished; elapsed time=5.483
123++ Job #6 finished; elapsed time=5.523
++ Job #8 finished; elapsed time=5.561
++ Job #7 finished; elapsed time=5.582
++ Job #10 finished; elapsed time=5.608
++ Job #9 finished; elapsed time=5.612
45++ Job #11 finished; elapsed time=5.647
6++ Job #12 finished; elapsed time=5.655
++ Job #15 finished; elapsed time=5.724
7++ Job #17 finished; elapsed time=5.779
89.
++ Job #0 waiting for children to finish; elapsed time=5.817
++ Job #1 finished; elapsed time=5.922
++ Job #5 finished; elapsed time=5.930
++ Job #3 finished; elapsed time=5.981
++ Job #13 finished; elapsed time=6.146
++ Job #14 finished; elapsed time=6.195
++ Job #16 finished; elapsed time=6.232
++ Job #18 finished; elapsed time=6.259
++ Job #19 finished; elapsed time=6.312
++ Job #0 now finishing up; elapsed time=6.331
++ Smallest FDR q [0 Full_Fstat] = 7.77931e-15
++ Smallest FDR q [2 HealthyPmod#0_Tstat] = 3.55083e-14
++ Smallest FDR q [4 HealthyPmod#1_Tstat] = 0.00212243
++ Smallest FDR q [5 HealthyPmod_Fstat] = 4.0646e-14
++ Smallest FDR q [7 UnhealthyPmod#0_Tstat] = 3.04663e-14
++ Smallest FDR q [9 UnhealthyPmod#1_Tstat] = 0.0295735
++ Smallest FDR q [10 UnhealthyPmod_Fstat] = 3.54313e-14
++ Smallest FDR q [12 BidsNMiss#0_Tstat] = 2.71568e-14
++ Smallest FDR q [13 BidsNMiss_Fstat] = 2.71571e-14
++ Smallest FDR q [15 HealthyGtRest_GLT#0_Tstat] = 3.55083e-14
++ Smallest FDR q [16 HealthyGtRest_GLT_Fstat] = 3.55093e-14
++ Smallest FDR q [18 HealthyPmod_GLT#0_Tstat] = 0.00212243
++ Smallest FDR q [19 HealthyPmod_GLT_Fstat] = 0.0021225
++ Smallest FDR q [21 UnhealthyGtRest_GLT#0_Tstat] = 3.04663e-14
++ Smallest FDR q [22 UnhealthyGtRest_GLT_Fstat] = 3.04675e-14
++ Smallest FDR q [24 UnhealthyPmod_GLT#0_Tstat] = 0.0295735
++ Smallest FDR q [25 UnhealthyPmod_GLT_Fstat] = 0.0295725
[7m*+ WARNING:[0m Smallest FDR q [27 HealthyGtUnhealthy_GLT#0_Tstat] = 0.347261 ==> few true single voxel detections
[7m*+ WARNING:[0m Smallest FDR q [28 HealthyGtUnhealthy_GLT_Fstat] = 0.346441 ==> few true single voxel detections
++ Smallest FDR q [30 HealthyGtUnhealthyPmod_GLT#0_Tstat] = 0.00517805
++ Smallest FDR q [31 HealthyGtUnhealthyPmod_GLT_Fstat] = 0.00517798
++ Wrote bucket dataset into ./CHIVES1105_2CondPmod_stats+tlrc.BRIK
 + created 21 FDR curves in bucket header
++ Wrote 3D+time dataset into ./CHIVES1105_2CondPmod+tlrc.BRIK
++ Wrote 3D+time dataset into ./CHIVES1105_2CondPmod+tlrc.BRIK
++ Program finished; elapsed time=36.351
++ 3dREMLfit: AFNI version=AFNI_18.2.04 (Jul  6 2018) [64-bit]
++ Authored by: RWCox
** AFNI converts NIFTI_datatype=4 (INT16) in file /projects/sanlab/shared/CHIVES/bids_data/derivatives/fmriprep/sub-CHIVES1105/ses-wave1/func/s6_sub-CHIVES1105_ses-wave1_task-money_bold_space-MNI152NLin2009cAsym_preproc.nii to FLOAT32
     Warnings of this type will be muted for this session.
     Set AFNI_NIFTI_TYPE_WARN to YES to see them all, NO to see none.
++ Number of voxels in mask = 271451
++ Number of OpenMP threads = 15
++ -----  matrix condition (357x15):  3.66566  ++ VERY GOOD ++
++ Loading input dataset into memory
++ Converting input dataset to vector image
 +  dataset = 1.5 billion [giga] bytes
 +  vectim  = 389 million [mega] bytes
++ starting REML setup calculations; total CPU=0.00 Elapsed=4.24
 + X matrix: 91.148% of elements are nonzero
 + starting 15 OpenMP threads for REML setup
 + REML setup finished: matrix rows=357 cols=15; 109*1 cases; total CPU=0.00 Elapsed=4.24
 +  average case bandwidth = 13.00
++ REML voxel loop: [15 threads]0123456789.012
 + ARMA voxel parameters estimated: total CPU=0.00 Elapsed=20.93
++ GLSQ loop:0123456789.0123456789.0123456789.0123456789.0123456789.
 + GLSQ regression done: total CPU=0.00 Elapsed=55.07
++ Output dataset ./CHIVES1105_2CondPmod_stats_REMLvar+tlrc.BRIK
++ Output dataset ./CHIVES1105_2CondPmod_REML+tlrc.BRIK
[7m** ERROR:[0m output dataset name 'CHIVES1105_2CondPmod_REML' conflicts with existing file
[7m** ERROR:[0m dataset NOT written to disk!
++ creating FDR curves in dataset CHIVES1105_2CondPmod_stats_REML+tlrc
++ Smallest FDR q [0 Full_Fstat] = 1.05914e-14
++ Smallest FDR q [2 HealthyPmod#0_Tstat] = 7.03634e-14
++ Smallest FDR q [4 HealthyPmod#1_Tstat] = 0.0701356
++ Smallest FDR q [5 HealthyPmod_Fstat] = 9.01579e-14
++ Smallest FDR q [7 UnhealthyPmod#0_Tstat] = 5.76498e-14
[7m*+ WARNING:[0m Smallest FDR q [9 UnhealthyPmod#1_Tstat] = 0.117877 ==> few true single voxel detections
++ Smallest FDR q [10 UnhealthyPmod_Fstat] = 7.48579e-14
++ Smallest FDR q [12 BidsNMiss#0_Tstat] = 3.3441e-14
++ Smallest FDR q [13 BidsNMiss_Fstat] = 3.3441e-14
++ Smallest FDR q [15 HealthyGtRest#0_Tstat] = 7.03634e-14
++ Smallest FDR q [16 HealthyGtRest_Fstat] = 7.03634e-14
++ Smallest FDR q [18 HealthyPmod#0_Tstat] = 0.0701356
++ Smallest FDR q [19 HealthyPmod_Fstat] = 0.0701356
++ Smallest FDR q [21 UnhealthyGtRest#0_Tstat] = 5.76498e-14
++ Smallest FDR q [22 UnhealthyGtRest_Fstat] = 5.76498e-14
[7m*+ WARNING:[0m Smallest FDR q [24 UnhealthyPmod#0_Tstat] = 0.117877 ==> few true single voxel detections
[7m*+ WARNING:[0m Smallest FDR q [25 UnhealthyPmod_Fstat] = 0.117877 ==> few true single voxel detections
[7m*+ WARNING:[0m Smallest FDR q [27 HealthyGtUnhealthy#0_Tstat] = 0.999531 ==> few true single voxel detections
[7m*+ WARNING:[0m Smallest FDR q [28 HealthyGtUnhealthy_Fstat] = 0.999531 ==> few true single voxel detections
[7m*+ WARNING:[0m Smallest FDR q [30 HealthyGtUnhealthyPmod#0_Tstat] = 0.406107 ==> few true single voxel detections
[7m*+ WARNING:[0m Smallest FDR q [31 HealthyGtUnhealthyPmod_Fstat] = 0.406107 ==> few true single voxel detections
 + Added 21 FDR curves to dataset CHIVES1105_2CondPmod_stats_REML+tlrc
++ Output dataset ./CHIVES1105_2CondPmod_stats_REML+tlrc.BRIK
 + unloading input dataset and REML matrices
++ 3dREMLfit is all done! total CPU=0.00 Elapsed=84.34
** AFNI converts NIFTI_datatype=4 (INT16) in file /projects/sanlab/shared/CHIVES/bids_data/derivatives/fmriprep/sub-CHIVES1105/ses-wave1/func/s6_sub-CHIVES1105_ses-wave1_task-money_bold_space-MNI152NLin2009cAsym_preproc.nii to FLOAT32
     Warnings of this type will be muted for this session.
     Set AFNI_NIFTI_TYPE_WARN to YES to see them all, NO to see none.
++ '-stim_times_AM1 3 /projects/sanlab/shared/CHIVES/CHIVES_WTP_scripts/behavioral/money/afni_timing_files/CHIVES1105/BidOnsDur.1D' has 1 auxiliary values per time point
++ '-stim_times_AM1 3': basis function model 'dmBLOCK(1)' uses 1 parameters,
    out of the 1 found in timing file '/projects/sanlab/shared/CHIVES/CHIVES_WTP_scripts/behavioral/money/afni_timing_files/CHIVES1105/BidOnsDur.1D'
++ 3dDeconvolve extending num_stimts from 3 to 7 due to -ortvec
++ 3dDeconvolve: AFNI version=AFNI_18.2.04 (Jul  6 2018) [64-bit]
++ Authored by: B. Douglas Ward, et al.
++ current memory malloc-ated = 265,657 bytes (about 266 thousand [kilo])
++ loading dataset /projects/sanlab/shared/CHIVES/bids_data/derivatives/fmriprep/sub-CHIVES1105/ses-wave1/func/s6_sub-CHIVES1105_ses-wave1_task-money_bold_space-MNI152NLin2009cAsym_preproc.nii
++ current memory malloc-ated = 1,545,414,517 bytes (about 1.5 billion [giga])
++ forcibly using TR=2.0000 seconds for -input dataset
++ Skipping check for initial transients
++ Imaging duration=714.0 s; Automatic polort=5
++ -stim_times using TR=2 s for stimulus timing conversion
++ -stim_times using TR=2 s for any -iresp output datasets
++  [you can alter the -iresp TR via the -TR_times option]
++ ** -stim_times NOTE ** guessing GLOBAL times if 1 time per line; LOCAL otherwise
++ ** GUESSED ** -stim_times 1 using LOCAL times
++ ** GUESSED ** -stim_times 2 using LOCAL times
++ ** GUESSED ** -stim_times_AM1 3 using LOCAL times
------------------------------------------------------------
GLT matrix from 'SYM: Healthy':
   0   0   0   0   0   0   1   0   0   0   0   0   0 
 
------------------------------------------------------------
GLT matrix from 'SYM: Unhealthy':
   0   0   0   0   0   0   0   1   0   0   0   0   0 
 
------------------------------------------------------------
GLT matrix from 'SYM: Healthy -Unhealthy':
   0   0   0   0   0   0   1  -1   0   0   0   0   0 
 
++ Number of time points: 357 (no censoring)
 + Number of parameters:  13 [10 baseline ; 3 signal]
++ total shared memory needed = 3,172,526,620 bytes (about 3.2 billion [giga])
++ current memory malloc-ated = 1,546,542,489 bytes (about 1.5 billion [giga])
++ mmap() memory allocated: 3,172,526,620 bytes (about 3.2 billion [giga])
++ Memory required for output bricks = 3,172,526,620 bytes (about 3.2 billion [giga])
++ Wrote matrix values to file CHIVES1105_2Cond_xmat.1D
++ ========= Things you can do with the matrix file =========
++ (a) Linear regression with ARMA(1,1) modeling of serial correlation:

3dREMLfit -matrix CHIVES1105_2Cond_xmat.1D -input /projects/sanlab/shared/CHIVES/bids_data/derivatives/fmriprep/sub-CHIVES1105/ses-wave1/func/s6_sub-CHIVES1105_ses-wave1_task-money_bold_space-MNI152NLin2009cAsym_preproc.nii \
 -mask /projects/sanlab/shared/CHIVES/bids_data/derivatives/fmriprep/sub-CHIVES1105/ses-wave1/func/sub-CHIVES1105_ses-wave1_task-money_bold_space-MNI152NLin2009cAsym_brainmask.nii.gz \
 -fout -tout -Rbuck CHIVES1105_2Cond_stats_REML -Rvar CHIVES1105_2Cond_stats_REMLvar \
 -Rfitts CHIVES1105_2Cond_REML -Rerrts CHIVES1105_2Cond_REML -verb
 
++ N.B.: 3dREMLfit command above written to file CHIVES1105_2Cond_stats.REML_cmd
++ (b) Visualization/analysis of the matrix via ExamineXmat.R
++ (c) Synthesis of sub-model datasets using 3dSynthesize
++ ==========================================================
++ Wrote matrix values to file CHIVES1105_2Cond_uncensor_xmat.1D
++ ----- Signal+Baseline matrix condition [X] (357x13):  3.55848  ++ VERY GOOD ++
++ ----- Signal-only matrix condition [X] (357x3):  1.59358  ++ VERY GOOD ++
++ ----- Baseline-only matrix condition [X] (357x10):  3.51985  ++ VERY GOOD ++
++ ----- stim_base-only matrix condition [X] (357x4):  2.57159  ++ VERY GOOD ++
++ ----- polort-only matrix condition [X] (357x6):  1.01526  ++ VERY GOOD ++
++ +++++ Matrix inverse average error = 1.77605e-15  ++ VERY GOOD ++
++ Matrix setup time = 0.01 s
++ Voxels in dataset: 1082035
++ Voxels in mask:    271451
++ Voxels per job:    13572
++ Job #1: processing voxels 180839 to 236921; elapsed time=4.222
++ Job #2: processing voxels 236922 to 281951; elapsed time=4.242
++ Job #3: processing voxels 281952 to 317310; elapsed time=4.262
++ Job #4: processing voxels 317311 to 349368; elapsed time=4.282
++ Job #5: processing voxels 349369 to 376241; elapsed time=4.304
++ Job #6: processing voxels 376242 to 406157; elapsed time=4.325
++ Job #7: processing voxels 406158 to 432278; elapsed time=4.347
++ Job #8: processing voxels 432279 to 461588; elapsed time=4.369
++ Job #9: processing voxels 461589 to 487490; elapsed time=4.392
++ Job #10: processing voxels 487491 to 517177; elapsed time=4.414
++ Job #11: processing voxels 517178 to 543472; elapsed time=4.437
++ Job #12: processing voxels 543473 to 574062; elapsed time=4.460
++ Job #13: processing voxels 574063 to 605510; elapsed time=4.497
++ Job #14: processing voxels 605511 to 633937; elapsed time=4.520
++ Job #15: processing voxels 633938 to 667220; elapsed time=4.531
++ Job #16: processing voxels 667221 to 706718; elapsed time=4.568
++ Job #17: processing voxels 706719 to 744427; elapsed time=4.578
++ Job #18: processing voxels 744428 to 797759; elapsed time=4.615
++ Job #19: processing voxels 797760 to 1082034; elapsed time=4.626
++ Job #0: processing voxels 0 to 180838; elapsed time=4.636
++ voxel loop:0123456789.0123456789.0123456789.01234567++ Job #2 finished; elapsed time=5.154
89.0++ Job #4 finished; elapsed time=5.190
++ Job #3 finished; elapsed time=5.217
++ Job #6 finished; elapsed time=5.231
++ Job #1 finished; elapsed time=5.247
++ Job #5 finished; elapsed time=5.248
12++ Job #8 finished; elapsed time=5.270
3++ Job #10 finished; elapsed time=5.318
++ Job #9 finished; elapsed time=5.324
++ Job #11 finished; elapsed time=5.356
++ Job #12 finished; elapsed time=5.366
4++ Job #7 finished; elapsed time=5.382
56++ Job #15 finished; elapsed time=5.434
++ Job #17 finished; elapsed time=5.488
7++ Job #13 finished; elapsed time=5.507
89.
++ Job #0 waiting for children to finish; elapsed time=5.528
++ Job #14 finished; elapsed time=5.559
++ Job #19 finished; elapsed time=5.563
++ Job #16 finished; elapsed time=5.592
++ Job #18 finished; elapsed time=5.641
++ Job #0 now finishing up; elapsed time=5.658
++ Smallest FDR q [0 Full_Fstat] = 7.48241e-15
++ Smallest FDR q [2 Healthy#0_Tstat] = 3.56412e-14
++ Smallest FDR q [3 Healthy_Fstat] = 3.56401e-14
++ Smallest FDR q [5 Unhealthy#0_Tstat] = 3.06499e-14
++ Smallest FDR q [6 Unhealthy_Fstat] = 3.06504e-14
++ Smallest FDR q [8 BidsNMiss#0_Tstat] = 2.60509e-14
++ Smallest FDR q [9 BidsNMiss_Fstat] = 2.60509e-14
++ Smallest FDR q [11 HealthyGtRest_GLT#0_Tstat] = 3.56412e-14
++ Smallest FDR q [12 HealthyGtRest_GLT_Fstat] = 3.56407e-14
++ Smallest FDR q [14 UnhealthyGtRest_GLT#0_Tstat] = 3.06499e-14
++ Smallest FDR q [15 UnhealthyGtRest_GLT_Fstat] = 3.0649e-14
[7m*+ WARNING:[0m Smallest FDR q [17 HealthyGtUnhealthy_GLT#0_Tstat] = 0.368963 ==> few true single voxel detections
[7m*+ WARNING:[0m Smallest FDR q [18 HealthyGtUnhealthy_GLT_Fstat] = 0.368133 ==> few true single voxel detections
++ Wrote bucket dataset into ./CHIVES1105_2Cond_stats+tlrc.BRIK
 + created 13 FDR curves in bucket header
++ Wrote 3D+time dataset into ./CHIVES1105_2Cond+tlrc.BRIK
++ Wrote 3D+time dataset into ./CHIVES1105_2Cond+tlrc.BRIK
++ Program finished; elapsed time=24.281
++ 3dREMLfit: AFNI version=AFNI_18.2.04 (Jul  6 2018) [64-bit]
++ Authored by: RWCox
** AFNI converts NIFTI_datatype=4 (INT16) in file /projects/sanlab/shared/CHIVES/bids_data/derivatives/fmriprep/sub-CHIVES1105/ses-wave1/func/s6_sub-CHIVES1105_ses-wave1_task-money_bold_space-MNI152NLin2009cAsym_preproc.nii to FLOAT32
     Warnings of this type will be muted for this session.
     Set AFNI_NIFTI_TYPE_WARN to YES to see them all, NO to see none.
++ Number of voxels in mask = 271451
++ Number of OpenMP threads = 15
++ -----  matrix condition (357x13):  3.55848  ++ VERY GOOD ++
++ Loading input dataset into memory
++ Converting input dataset to vector image
 +  dataset = 1.5 billion [giga] bytes
 +  vectim  = 389 million [mega] bytes
++ starting REML setup calculations; total CPU=0.00 Elapsed=4.53
 + X matrix: 94.850% of elements are nonzero
 + starting 15 OpenMP threads for REML setup
 + REML setup finished: matrix rows=357 cols=13; 109*1 cases; total CPU=0.00 Elapsed=4.54
 +  average case bandwidth = 13.00
++ REML voxel loop: [15 threads]0123456789.012
 + ARMA voxel parameters estimated: total CPU=0.00 Elapsed=20.54
++ GLSQ loop:0123456789.0123456789.0123456789.0123456789.0123456789.
 + GLSQ regression done: total CPU=0.00 Elapsed=47.57
++ Output dataset ./CHIVES1105_2Cond_stats_REMLvar+tlrc.BRIK
++ Output dataset ./CHIVES1105_2Cond_REML+tlrc.BRIK
[7m** ERROR:[0m output dataset name 'CHIVES1105_2Cond_REML' conflicts with existing file
[7m** ERROR:[0m dataset NOT written to disk!
++ creating FDR curves in dataset CHIVES1105_2Cond_stats_REML+tlrc
++ Smallest FDR q [0 Full_Fstat] = 9.13898e-15
++ Smallest FDR q [2 Healthy#0_Tstat] = 6.96639e-14
++ Smallest FDR q [3 Healthy_Fstat] = 6.96639e-14
++ Smallest FDR q [5 Unhealthy#0_Tstat] = 5.74482e-14
++ Smallest FDR q [6 Unhealthy_Fstat] = 5.74482e-14
++ Smallest FDR q [8 BidsNMiss#0_Tstat] = 3.20053e-14
++ Smallest FDR q [9 BidsNMiss_Fstat] = 3.20053e-14
++ Smallest FDR q [11 HealthyGtRest#0_Tstat] = 6.96639e-14
++ Smallest FDR q [12 HealthyGtRest_Fstat] = 6.96639e-14
++ Smallest FDR q [14 UnhealthyGtRest#0_Tstat] = 5.74482e-14
++ Smallest FDR q [15 UnhealthyGtRest_Fstat] = 5.74482e-14
[7m*+ WARNING:[0m Smallest FDR q [17 HealthyGtUnhealthy#0_Tstat] = 0.999726 ==> few true single voxel detections
[7m*+ WARNING:[0m Smallest FDR q [18 HealthyGtUnhealthy_Fstat] = 0.999726 ==> few true single voxel detections
 + Added 13 FDR curves to dataset CHIVES1105_2Cond_stats_REML+tlrc
++ Output dataset ./CHIVES1105_2Cond_stats_REML+tlrc.BRIK
 + unloading input dataset and REML matrices
++ 3dREMLfit is all done! total CPU=0.00 Elapsed=65.37
