** AFNI converts NIFTI_datatype=4 (INT16) in file /projects/sanlab/shared/CHIVES/bids_data/derivatives/fmriprep/sub-CHIVES1049/ses-wave1/func/s6_sub-CHIVES1049_ses-wave1_task-money_bold_space-MNI152NLin2009cAsym_preproc.nii to FLOAT32
     Warnings of this type will be muted for this session.
     Set AFNI_NIFTI_TYPE_WARN to YES to see them all, NO to see none.
++ '-stim_times_AM2 1 /projects/sanlab/shared/CHIVES/CHIVES_WTP_scripts/behavioral/money/afni_timing_files/CHIVES1049/AllCondsPmod.1D' has 1 auxiliary values per time point
++ '-stim_times_AM2 1 /projects/sanlab/shared/CHIVES/CHIVES_WTP_scripts/behavioral/money/afni_timing_files/CHIVES1049/AllCondsPmod.1D' will have 2 regressors
++ '-stim_times_AM1 2 /projects/sanlab/shared/CHIVES/CHIVES_WTP_scripts/behavioral/money/afni_timing_files/CHIVES1049/BidOnsDur.1D' has 1 auxiliary values per time point
++ '-stim_times_AM1 2': basis function model 'dmBLOCK(1)' uses 1 parameters,
    out of the 1 found in timing file '/projects/sanlab/shared/CHIVES/CHIVES_WTP_scripts/behavioral/money/afni_timing_files/CHIVES1049/BidOnsDur.1D'
++ 3dDeconvolve extending num_stimts from 2 to 6 due to -ortvec
++ 3dDeconvolve: AFNI version=AFNI_18.2.04 (Jul  6 2018) [64-bit]
++ Authored by: B. Douglas Ward, et al.
++ current memory malloc-ated = 260,001 bytes (about 260 thousand [kilo])
++ loading dataset /projects/sanlab/shared/CHIVES/bids_data/derivatives/fmriprep/sub-CHIVES1049/ses-wave1/func/s6_sub-CHIVES1049_ses-wave1_task-money_bold_space-MNI152NLin2009cAsym_preproc.nii
++ current memory malloc-ated = 1,545,408,861 bytes (about 1.5 billion [giga])
++ forcibly using TR=2.0000 seconds for -input dataset
++ Skipping check for initial transients
++ Imaging duration=714.0 s; Automatic polort=5
++ -stim_times using TR=2 s for stimulus timing conversion
++ -stim_times using TR=2 s for any -iresp output datasets
++  [you can alter the -iresp TR via the -TR_times option]
++ ** -stim_times NOTE ** guessing GLOBAL times if 1 time per line; LOCAL otherwise
++ ** GUESSED ** -stim_times_AM2 1 using LOCAL times
++ '-stim_times_AM2 1' average amplitude#1=0.324561
++ ** GUESSED ** -stim_times_AM1 2 using LOCAL times
------------------------------------------------------------
GLT matrix from 'SYM: AllConds[0]':
   0   0   0   0   0   0   1   0   0   0   0   0   0 
 
------------------------------------------------------------
GLT matrix from 'SYM: AllConds[1]':
   0   0   0   0   0   0   0   1   0   0   0   0   0 
 
++ Number of time points: 357 (before censor) ; 347 (after)
 + Number of parameters:  13 [10 baseline ; 3 signal]
++ total shared memory needed = 3,155,214,060 bytes (about 3.2 billion [giga])
++ current memory malloc-ated = 1,546,536,802 bytes (about 1.5 billion [giga])
++ mmap() memory allocated: 3,155,214,060 bytes (about 3.2 billion [giga])
++ Memory required for output bricks = 3,155,214,060 bytes (about 3.2 billion [giga])
++ Wrote matrix values to file CHIVES1049_AllCondPmod_xmat.1D
++ ========= Things you can do with the matrix file =========
++ (a) Linear regression with ARMA(1,1) modeling of serial correlation:

3dREMLfit -matrix CHIVES1049_AllCondPmod_xmat.1D -input /projects/sanlab/shared/CHIVES/bids_data/derivatives/fmriprep/sub-CHIVES1049/ses-wave1/func/s6_sub-CHIVES1049_ses-wave1_task-money_bold_space-MNI152NLin2009cAsym_preproc.nii \
 -mask /projects/sanlab/shared/CHIVES/bids_data/derivatives/fmriprep/sub-CHIVES1049/ses-wave1/func/sub-CHIVES1049_ses-wave1_task-money_bold_space-MNI152NLin2009cAsym_brainmask.nii.gz \
 -fout -tout -Rbuck CHIVES1049_AllCondPmod_stats_REML -Rvar CHIVES1049_AllCondPmod_stats_REMLvar \
 -Rfitts CHIVES1049_AllCondPmod_REML -Rerrts CHIVES1049_AllCondPmod_REML -verb
 
++ N.B.: 3dREMLfit command above written to file CHIVES1049_AllCondPmod_stats.REML_cmd
++ (b) Visualization/analysis of the matrix via ExamineXmat.R
++ (c) Synthesis of sub-model datasets using 3dSynthesize
++ ==========================================================
++ Wrote matrix values to file CHIVES1049_AllCondPmod_uncensor_xmat.1D
++ ----- Signal+Baseline matrix condition [X] (347x13):  4.74606  ++ VERY GOOD ++
++ ----- Signal-only matrix condition [X] (347x3):  1.51681  ++ VERY GOOD ++
++ ----- Baseline-only matrix condition [X] (347x10):  4.68217  ++ VERY GOOD ++
++ ----- stim_base-only matrix condition [X] (347x4):  2.40073  ++ VERY GOOD ++
++ ----- polort-only matrix condition [X] (347x6):  1.02912  ++ VERY GOOD ++
++ +++++ Matrix inverse average error = 1.90533e-15  ++ VERY GOOD ++
++ Matrix setup time = 0.01 s
++ Voxels in dataset: 1082035
++ Voxels in mask:    270118
++ Voxels per job:    13505
++ Job #1: processing voxels 182402 to 239161; elapsed time=4.616
++ Job #2: processing voxels 239162 to 284534; elapsed time=4.635
++ Job #3: processing voxels 284535 to 320148; elapsed time=4.656
++ Job #4: processing voxels 320149 to 352226; elapsed time=4.676
++ Job #5: processing voxels 352227 to 383099; elapsed time=4.698
++ Job #6: processing voxels 383100 to 409471; elapsed time=4.719
++ Job #7: processing voxels 409472 to 439043; elapsed time=4.741
++ Job #8: processing voxels 439044 to 464764; elapsed time=4.763
++ Job #9: processing voxels 464765 to 494057; elapsed time=4.786
++ Job #10: processing voxels 494058 to 519896; elapsed time=4.808
++ Job #11: processing voxels 519897 to 549858; elapsed time=4.831
++ Job #12: processing voxels 549859 to 576439; elapsed time=4.853
++ Job #13: processing voxels 576440 to 607581; elapsed time=4.877
++ Job #14: processing voxels 607582 to 639755; elapsed time=4.925
++ Job #15: processing voxels 639756 to 673110; elapsed time=4.958
++ Job #16: processing voxels 673111 to 708076; elapsed time=4.985
++ Job #17: processing voxels 708077 to 751004; elapsed time=4.998
++ Job #18: processing voxels 751005 to 798761; elapsed time=5.039
++ Job #19: processing voxels 798762 to 1082034; elapsed time=5.053
++ Job #0: processing voxels 0 to 182401; elapsed time=5.063
++ voxel loop:0123456789.0123456789.0123456789.0123456++ Job #1 finished; elapsed time=5.472
++ Job #3 finished; elapsed time=5.493
++ Job #5 finished; elapsed time=5.529
7++ Job #8 finished; elapsed time=5.543
89.++ Job #7 finished; elapsed time=5.566
++ Job #10 finished; elapsed time=5.587
++ Job #9 finished; elapsed time=5.604
012++ Job #11 finished; elapsed time=5.647
++ Job #13 finished; elapsed time=5.672
++ Job #12 finished; elapsed time=5.680
3++ Job #2 finished; elapsed time=5.728
45++ Job #14 finished; elapsed time=5.749
++ Job #4 finished; elapsed time=5.774
++ Job #6 finished; elapsed time=5.791
6++ Job #17 finished; elapsed time=5.842
789.
++ Job #0 waiting for children to finish; elapsed time=5.898
++ Job #19 finished; elapsed time=5.940
++ Job #15 finished; elapsed time=6.026
++ Job #16 finished; elapsed time=6.082
++ Job #18 finished; elapsed time=6.132
++ Job #0 now finishing up; elapsed time=6.149
++ Smallest FDR q [0 Full_Fstat] = 1.6243e-14
++ Smallest FDR q [2 AllConds#0_Tstat] = 4.56548e-14
++ Smallest FDR q [4 AllConds#1_Tstat] = 2.39605e-10
++ Smallest FDR q [5 AllConds_Fstat] = 4.078e-14
++ Smallest FDR q [7 BidsNMiss#0_Tstat] = 5.57301e-14
++ Smallest FDR q [8 BidsNMiss_Fstat] = 5.57325e-14
++ Smallest FDR q [10 CondGtRest_GLT#0_Tstat] = 4.56548e-14
++ Smallest FDR q [11 CondGtRest_GLT_Fstat] = 4.56548e-14
++ Smallest FDR q [13 Pmod_GLT#0_Tstat] = 2.39605e-10
++ Smallest FDR q [14 Pmod_GLT_Fstat] = 2.39604e-10
++ Wrote bucket dataset into ./CHIVES1049_AllCondPmod_stats+tlrc.BRIK
 + created 10 FDR curves in bucket header
++ Wrote 3D+time dataset into ./CHIVES1049_AllCondPmod+tlrc.BRIK
++ Wrote 3D+time dataset into ./CHIVES1049_AllCondPmod+tlrc.BRIK
++ Program finished; elapsed time=22.395
++ 3dREMLfit: AFNI version=AFNI_18.2.04 (Jul  6 2018) [64-bit]
++ Authored by: RWCox
** AFNI converts NIFTI_datatype=4 (INT16) in file /projects/sanlab/shared/CHIVES/bids_data/derivatives/fmriprep/sub-CHIVES1049/ses-wave1/func/s6_sub-CHIVES1049_ses-wave1_task-money_bold_space-MNI152NLin2009cAsym_preproc.nii to FLOAT32
     Warnings of this type will be muted for this session.
     Set AFNI_NIFTI_TYPE_WARN to YES to see them all, NO to see none.
++ Number of voxels in mask = 270118
++ Number of OpenMP threads = 15
++ -----  matrix condition (347x13):  4.74606  ++ VERY GOOD ++
++ Loading input dataset into memory
++ Converting input dataset to vector image
 +  dataset = 1.5 billion [giga] bytes
 +  vectim  = 387 million [mega] bytes
++ starting REML setup calculations; total CPU=0.00 Elapsed=4.44
 + X matrix: 99.180% of elements are nonzero
 + starting 15 OpenMP threads for REML setup
 + REML setup finished: matrix rows=347 cols=13; 109*1 cases; total CPU=0.00 Elapsed=4.45
 +  average case bandwidth = 12.66
++ REML voxel loop: [15 threads]0123456789.012
 + ARMA voxel parameters estimated: total CPU=0.00 Elapsed=20.50
++ GLSQ loop:0123456789.0123456789.0123456789.0123456789.0123456789.
 + GLSQ regression done: total CPU=0.00 Elapsed=44.28
++ Output dataset ./CHIVES1049_AllCondPmod_stats_REMLvar+tlrc.BRIK
++ Output dataset ./CHIVES1049_AllCondPmod_REML+tlrc.BRIK
[7m** ERROR:[0m output dataset name 'CHIVES1049_AllCondPmod_REML' conflicts with existing file
[7m** ERROR:[0m dataset NOT written to disk!
++ creating FDR curves in dataset CHIVES1049_AllCondPmod_stats_REML+tlrc
++ Smallest FDR q [0 Full_Fstat] = 2.38717e-14
++ Smallest FDR q [2 AllConds#0_Tstat] = 6.47235e-14
++ Smallest FDR q [4 AllConds#1_Tstat] = 0.0139569
++ Smallest FDR q [5 AllConds_Fstat] = 7.53932e-14
++ Smallest FDR q [7 BidsNMiss#0_Tstat] = 8.75473e-14
++ Smallest FDR q [8 BidsNMiss_Fstat] = 8.75473e-14
++ Smallest FDR q [10 CondGtRest#0_Tstat] = 6.47235e-14
++ Smallest FDR q [11 CondGtRest_Fstat] = 6.47235e-14
++ Smallest FDR q [13 Pmod#0_Tstat] = 0.0139569
++ Smallest FDR q [14 Pmod_Fstat] = 0.0139569
 + Added 10 FDR curves to dataset CHIVES1049_AllCondPmod_stats_REML+tlrc
++ Output dataset ./CHIVES1049_AllCondPmod_stats_REML+tlrc.BRIK
 + unloading input dataset and REML matrices
++ 3dREMLfit is all done! total CPU=0.00 Elapsed=59.40
** AFNI converts NIFTI_datatype=4 (INT16) in file /projects/sanlab/shared/CHIVES/bids_data/derivatives/fmriprep/sub-CHIVES1049/ses-wave1/func/s6_sub-CHIVES1049_ses-wave1_task-money_bold_space-MNI152NLin2009cAsym_preproc.nii to FLOAT32
     Warnings of this type will be muted for this session.
     Set AFNI_NIFTI_TYPE_WARN to YES to see them all, NO to see none.
++ '-stim_times_AM2 1 /projects/sanlab/shared/CHIVES/CHIVES_WTP_scripts/behavioral/money/afni_timing_files/CHIVES1049/HealthyPmod.1D' has 1 auxiliary values per time point
++ '-stim_times_AM2 1 /projects/sanlab/shared/CHIVES/CHIVES_WTP_scripts/behavioral/money/afni_timing_files/CHIVES1049/HealthyPmod.1D' will have 2 regressors
++ '-stim_times_AM2 2 /projects/sanlab/shared/CHIVES/CHIVES_WTP_scripts/behavioral/money/afni_timing_files/CHIVES1049/UnhealthyPmod.1D' has 1 auxiliary values per time point
++ '-stim_times_AM2 2 /projects/sanlab/shared/CHIVES/CHIVES_WTP_scripts/behavioral/money/afni_timing_files/CHIVES1049/UnhealthyPmod.1D' will have 2 regressors
++ '-stim_times_AM1 3 /projects/sanlab/shared/CHIVES/CHIVES_WTP_scripts/behavioral/money/afni_timing_files/CHIVES1049/BidOnsDur.1D' has 1 auxiliary values per time point
++ '-stim_times_AM1 3': basis function model 'dmBLOCK(1)' uses 1 parameters,
    out of the 1 found in timing file '/projects/sanlab/shared/CHIVES/CHIVES_WTP_scripts/behavioral/money/afni_timing_files/CHIVES1049/BidOnsDur.1D'
++ 3dDeconvolve extending num_stimts from 3 to 7 due to -ortvec
++ 3dDeconvolve: AFNI version=AFNI_18.2.04 (Jul  6 2018) [64-bit]
++ Authored by: B. Douglas Ward, et al.
++ current memory malloc-ated = 287,267 bytes (about 287 thousand [kilo])
++ loading dataset /projects/sanlab/shared/CHIVES/bids_data/derivatives/fmriprep/sub-CHIVES1049/ses-wave1/func/s6_sub-CHIVES1049_ses-wave1_task-money_bold_space-MNI152NLin2009cAsym_preproc.nii
++ current memory malloc-ated = 1,545,436,127 bytes (about 1.5 billion [giga])
++ forcibly using TR=2.0000 seconds for -input dataset
++ Skipping check for initial transients
++ Imaging duration=714.0 s; Automatic polort=5
++ -stim_times using TR=2 s for stimulus timing conversion
++ -stim_times using TR=2 s for any -iresp output datasets
++  [you can alter the -iresp TR via the -TR_times option]
++ ** -stim_times NOTE ** guessing GLOBAL times if 1 time per line; LOCAL otherwise
++ ** GUESSED ** -stim_times_AM2 1 using LOCAL times
++ '-stim_times_AM2 1' average amplitude#1=0.425926
++ ** GUESSED ** -stim_times_AM2 2 using LOCAL times
++ '-stim_times_AM2 2' average amplitude#1=0.233333
++ ** GUESSED ** -stim_times_AM1 3 using LOCAL times
------------------------------------------------------------
GLT matrix from 'SYM: HealthyPmod[0]':
   0   0   0   0   0   0   1   0   0   0   0   0   0   0   0 
 
------------------------------------------------------------
GLT matrix from 'SYM: HealthyPmod[1]':
   0   0   0   0   0   0   0   1   0   0   0   0   0   0   0 
 
------------------------------------------------------------
GLT matrix from 'SYM: UnhealthyPmod[0]':
   0   0   0   0   0   0   0   0   1   0   0   0   0   0   0 
 
------------------------------------------------------------
GLT matrix from 'SYM: UnhealthyPmod[1]':
   0   0   0   0   0   0   0   0   0   1   0   0   0   0   0 
 
------------------------------------------------------------
GLT matrix from 'SYM: HealthyPmod[0] -UnhealthyPmod[0]':
   0   0   0   0   0   0   1   0  -1   0   0   0   0   0   0 
 
------------------------------------------------------------
GLT matrix from 'SYM: HealthyPmod[1] -UnhealthyPmod[1]':
   0   0   0   0   0   0   0   1   0  -1   0   0   0   0   0 
 
++ Number of time points: 357 (before censor) ; 347 (after)
 + Number of parameters:  15 [10 baseline ; 5 signal]
++ total shared memory needed = 3,228,792,440 bytes (about 3.2 billion [giga])
++ current memory malloc-ated = 1,546,568,636 bytes (about 1.5 billion [giga])
++ mmap() memory allocated: 3,228,792,440 bytes (about 3.2 billion [giga])
++ Memory required for output bricks = 3,228,792,440 bytes (about 3.2 billion [giga])
++ Wrote matrix values to file CHIVES1049_2CondPmod_xmat.1D
++ ========= Things you can do with the matrix file =========
++ (a) Linear regression with ARMA(1,1) modeling of serial correlation:

3dREMLfit -matrix CHIVES1049_2CondPmod_xmat.1D -input /projects/sanlab/shared/CHIVES/bids_data/derivatives/fmriprep/sub-CHIVES1049/ses-wave1/func/s6_sub-CHIVES1049_ses-wave1_task-money_bold_space-MNI152NLin2009cAsym_preproc.nii \
 -mask /projects/sanlab/shared/CHIVES/bids_data/derivatives/fmriprep/sub-CHIVES1049/ses-wave1/func/sub-CHIVES1049_ses-wave1_task-money_bold_space-MNI152NLin2009cAsym_brainmask.nii.gz \
 -fout -tout -Rbuck CHIVES1049_2CondPmod_stats_REML -Rvar CHIVES1049_2CondPmod_stats_REMLvar \
 -Rfitts CHIVES1049_2CondPmod_REML -Rerrts CHIVES1049_2CondPmod_REML -verb
 
++ N.B.: 3dREMLfit command above written to file CHIVES1049_2CondPmod_stats.REML_cmd
++ (b) Visualization/analysis of the matrix via ExamineXmat.R
++ (c) Synthesis of sub-model datasets using 3dSynthesize
++ ==========================================================
++ Wrote matrix values to file CHIVES1049_2CondPmod_uncensor_xmat.1D
++ ----- Signal+Baseline matrix condition [X] (347x15):  4.75933  ++ VERY GOOD ++
++ ----- Signal-only matrix condition [X] (347x5):  1.51721  ++ VERY GOOD ++
++ ----- Baseline-only matrix condition [X] (347x10):  4.68217  ++ VERY GOOD ++
++ ----- stim_base-only matrix condition [X] (347x4):  2.40073  ++ VERY GOOD ++
++ ----- polort-only matrix condition [X] (347x6):  1.02912  ++ VERY GOOD ++
++ +++++ Matrix inverse average error = 1.69652e-15  ++ VERY GOOD ++
++ Matrix setup time = 0.02 s
++ Voxels in dataset: 1082035
++ Voxels in mask:    270118
++ Voxels per job:    13505
++ Job #1: processing voxels 182402 to 239161; elapsed time=4.264
++ Job #2: processing voxels 239162 to 284534; elapsed time=4.284
++ Job #3: processing voxels 284535 to 320148; elapsed time=4.305
++ Job #4: processing voxels 320149 to 352226; elapsed time=4.325
++ Job #5: processing voxels 352227 to 383099; elapsed time=4.347
++ Job #6: processing voxels 383100 to 409471; elapsed time=4.368
++ Job #7: processing voxels 409472 to 439043; elapsed time=4.390
++ Job #8: processing voxels 439044 to 464764; elapsed time=4.412
++ Job #9: processing voxels 464765 to 494057; elapsed time=4.435
++ Job #10: processing voxels 494058 to 519896; elapsed time=4.457
++ Job #11: processing voxels 519897 to 549858; elapsed time=4.480
++ Job #12: processing voxels 549859 to 576439; elapsed time=4.502
++ Job #13: processing voxels 576440 to 607581; elapsed time=4.539
++ Job #14: processing voxels 607582 to 639755; elapsed time=4.549
++ Job #15: processing voxels 639756 to 673110; elapsed time=4.572
++ Job #16: processing voxels 673111 to 708076; elapsed time=4.610
++ Job #17: processing voxels 708077 to 751004; elapsed time=4.620
++ Job #18: processing voxels 751005 to 798761; elapsed time=4.657
++ Job #19: processing voxels 798762 to 1082034; elapsed time=4.668
++ Job #0: processing voxels 0 to 182401; elapsed time=4.678
++ voxel loop:0123456789.0123456789.0123456789.0123456789.012++ Job #2 finished; elapsed time=5.392
++ Job #4 finished; elapsed time=5.424
++ Job #6 finished; elapsed time=5.461
3++ Job #3 finished; elapsed time=5.476
++ Job #1 finished; elapsed time=5.482
++ Job #5 finished; elapsed time=5.487
++ Job #8 finished; elapsed time=5.498
45++ Job #7 finished; elapsed time=5.525
++ Job #10 finished; elapsed time=5.547
++ Job #9 finished; elapsed time=5.556
++ Job #12 finished; elapsed time=5.593
6++ Job #14 finished; elapsed time=5.638
++ Job #15 finished; elapsed time=5.669
++ Job #11 finished; elapsed time=5.671
78++ Job #17 finished; elapsed time=5.722
++ Job #13 finished; elapsed time=5.733
9.
++ Job #0 waiting for children to finish; elapsed time=5.756
++ Job #16 finished; elapsed time=5.757
++ Job #18 finished; elapsed time=5.787
++ Job #19 finished; elapsed time=5.797
++ Job #0 now finishing up; elapsed time=5.815
++ Smallest FDR q [0 Full_Fstat] = 1.72248e-14
++ Smallest FDR q [2 HealthyPmod#0_Tstat] = 1.12121e-13
++ Smallest FDR q [4 HealthyPmod#1_Tstat] = 1.0602e-07
++ Smallest FDR q [5 HealthyPmod_Fstat] = 1.12684e-13
++ Smallest FDR q [7 UnhealthyPmod#0_Tstat] = 5.6104e-14
++ Smallest FDR q [9 UnhealthyPmod#1_Tstat] = 2.05761e-06
++ Smallest FDR q [10 UnhealthyPmod_Fstat] = 5.66808e-14
++ Smallest FDR q [12 BidsNMiss#0_Tstat] = 5.35857e-14
++ Smallest FDR q [13 BidsNMiss_Fstat] = 5.35845e-14
++ Smallest FDR q [15 HealthyGtRest_GLT#0_Tstat] = 1.12121e-13
++ Smallest FDR q [16 HealthyGtRest_GLT_Fstat] = 1.12121e-13
++ Smallest FDR q [18 HealthyPmod_GLT#0_Tstat] = 1.0602e-07
++ Smallest FDR q [19 HealthyPmod_GLT_Fstat] = 1.0602e-07
++ Smallest FDR q [21 UnhealthyGtRest_GLT#0_Tstat] = 5.6104e-14
++ Smallest FDR q [22 UnhealthyGtRest_GLT_Fstat] = 5.6104e-14
++ Smallest FDR q [24 UnhealthyPmod_GLT#0_Tstat] = 2.05761e-06
++ Smallest FDR q [25 UnhealthyPmod_GLT_Fstat] = 2.05761e-06
++ Smallest FDR q [27 HealthyGtUnhealthy_GLT#0_Tstat] = 0.00342356
++ Smallest FDR q [28 HealthyGtUnhealthy_GLT_Fstat] = 0.00342377
++ Smallest FDR q [30 HealthyGtUnhealthyPmod_GLT#0_Tstat] = 0.0117044
++ Smallest FDR q [31 HealthyGtUnhealthyPmod_GLT_Fstat] = 0.0117046
++ Wrote bucket dataset into ./CHIVES1049_2CondPmod_stats+tlrc.BRIK
 + created 21 FDR curves in bucket header
++ Wrote 3D+time dataset into ./CHIVES1049_2CondPmod+tlrc.BRIK
++ Wrote 3D+time dataset into ./CHIVES1049_2CondPmod+tlrc.BRIK
++ Program finished; elapsed time=36.223
++ 3dREMLfit: AFNI version=AFNI_18.2.04 (Jul  6 2018) [64-bit]
++ Authored by: RWCox
** AFNI converts NIFTI_datatype=4 (INT16) in file /projects/sanlab/shared/CHIVES/bids_data/derivatives/fmriprep/sub-CHIVES1049/ses-wave1/func/s6_sub-CHIVES1049_ses-wave1_task-money_bold_space-MNI152NLin2009cAsym_preproc.nii to FLOAT32
     Warnings of this type will be muted for this session.
     Set AFNI_NIFTI_TYPE_WARN to YES to see them all, NO to see none.
++ Number of voxels in mask = 270118
++ Number of OpenMP threads = 15
++ -----  matrix condition (347x15):  4.75933  ++ VERY GOOD ++
++ Loading input dataset into memory
++ Converting input dataset to vector image
 +  dataset = 1.5 billion [giga] bytes
 +  vectim  = 387 million [mega] bytes
++ starting REML setup calculations; total CPU=0.00 Elapsed=4.21
 + X matrix: 90.029% of elements are nonzero
 + starting 15 OpenMP threads for REML setup
 + REML setup finished: matrix rows=347 cols=15; 109*1 cases; total CPU=0.00 Elapsed=4.22
 +  average case bandwidth = 12.66
++ REML voxel loop: [15 threads]0123456789.012
 + ARMA voxel parameters estimated: total CPU=0.00 Elapsed=20.73
++ GLSQ loop:0123456789.0123456789.0123456789.0123456789.0123456789.
 + GLSQ regression done: total CPU=0.00 Elapsed=55.92
++ Output dataset ./CHIVES1049_2CondPmod_stats_REMLvar+tlrc.BRIK
++ Output dataset ./CHIVES1049_2CondPmod_REML+tlrc.BRIK
[7m** ERROR:[0m output dataset name 'CHIVES1049_2CondPmod_REML' conflicts with existing file
[7m** ERROR:[0m dataset NOT written to disk!
++ creating FDR curves in dataset CHIVES1049_2CondPmod_stats_REML+tlrc
++ Smallest FDR q [0 Full_Fstat] = 2.70378e-14
++ Smallest FDR q [2 HealthyPmod#0_Tstat] = 4.6686e-13
[7m*+ WARNING:[0m Smallest FDR q [4 HealthyPmod#1_Tstat] = 0.426322 ==> few true single voxel detections
++ Smallest FDR q [5 HealthyPmod_Fstat] = 7.42119e-13
++ Smallest FDR q [7 UnhealthyPmod#0_Tstat] = 1.02979e-13
[7m*+ WARNING:[0m Smallest FDR q [9 UnhealthyPmod#1_Tstat] = 0.537307 ==> few true single voxel detections
++ Smallest FDR q [10 UnhealthyPmod_Fstat] = 1.31473e-13
++ Smallest FDR q [12 BidsNMiss#0_Tstat] = 8.39035e-14
++ Smallest FDR q [13 BidsNMiss_Fstat] = 8.39035e-14
++ Smallest FDR q [15 HealthyGtRest#0_Tstat] = 4.6686e-13
++ Smallest FDR q [16 HealthyGtRest_Fstat] = 4.66862e-13
[7m*+ WARNING:[0m Smallest FDR q [18 HealthyPmod#0_Tstat] = 0.426322 ==> few true single voxel detections
[7m*+ WARNING:[0m Smallest FDR q [19 HealthyPmod_Fstat] = 0.426322 ==> few true single voxel detections
++ Smallest FDR q [21 UnhealthyGtRest#0_Tstat] = 1.02979e-13
++ Smallest FDR q [22 UnhealthyGtRest_Fstat] = 1.02979e-13
[7m*+ WARNING:[0m Smallest FDR q [24 UnhealthyPmod#0_Tstat] = 0.537307 ==> few true single voxel detections
[7m*+ WARNING:[0m Smallest FDR q [25 UnhealthyPmod_Fstat] = 0.537307 ==> few true single voxel detections
[7m*+ WARNING:[0m Smallest FDR q [27 HealthyGtUnhealthy#0_Tstat] = 0.733409 ==> few true single voxel detections
[7m*+ WARNING:[0m Smallest FDR q [28 HealthyGtUnhealthy_Fstat] = 0.733408 ==> few true single voxel detections
[7m*+ WARNING:[0m Smallest FDR q [30 HealthyGtUnhealthyPmod#0_Tstat] = 0.999898 ==> few true single voxel detections
[7m*+ WARNING:[0m Smallest FDR q [31 HealthyGtUnhealthyPmod_Fstat] = 0.999898 ==> few true single voxel detections
 + Added 21 FDR curves to dataset CHIVES1049_2CondPmod_stats_REML+tlrc
++ Output dataset ./CHIVES1049_2CondPmod_stats_REML+tlrc.BRIK
 + unloading input dataset and REML matrices
++ 3dREMLfit is all done! total CPU=0.00 Elapsed=84.40
** AFNI converts NIFTI_datatype=4 (INT16) in file /projects/sanlab/shared/CHIVES/bids_data/derivatives/fmriprep/sub-CHIVES1049/ses-wave1/func/s6_sub-CHIVES1049_ses-wave1_task-money_bold_space-MNI152NLin2009cAsym_preproc.nii to FLOAT32
     Warnings of this type will be muted for this session.
     Set AFNI_NIFTI_TYPE_WARN to YES to see them all, NO to see none.
++ '-stim_times_AM1 3 /projects/sanlab/shared/CHIVES/CHIVES_WTP_scripts/behavioral/money/afni_timing_files/CHIVES1049/BidOnsDur.1D' has 1 auxiliary values per time point
++ '-stim_times_AM1 3': basis function model 'dmBLOCK(1)' uses 1 parameters,
    out of the 1 found in timing file '/projects/sanlab/shared/CHIVES/CHIVES_WTP_scripts/behavioral/money/afni_timing_files/CHIVES1049/BidOnsDur.1D'
++ 3dDeconvolve extending num_stimts from 3 to 7 due to -ortvec
++ 3dDeconvolve: AFNI version=AFNI_18.2.04 (Jul  6 2018) [64-bit]
++ Authored by: B. Douglas Ward, et al.
++ current memory malloc-ated = 271,035 bytes (about 271 thousand [kilo])
++ loading dataset /projects/sanlab/shared/CHIVES/bids_data/derivatives/fmriprep/sub-CHIVES1049/ses-wave1/func/s6_sub-CHIVES1049_ses-wave1_task-money_bold_space-MNI152NLin2009cAsym_preproc.nii
++ current memory malloc-ated = 1,545,419,895 bytes (about 1.5 billion [giga])
++ forcibly using TR=2.0000 seconds for -input dataset
++ Skipping check for initial transients
++ Imaging duration=714.0 s; Automatic polort=5
++ -stim_times using TR=2 s for stimulus timing conversion
++ -stim_times using TR=2 s for any -iresp output datasets
++  [you can alter the -iresp TR via the -TR_times option]
++ ** -stim_times NOTE ** guessing GLOBAL times if 1 time per line; LOCAL otherwise
++ ** GUESSED ** -stim_times 1 using LOCAL times
++ ** GUESSED ** -stim_times 2 using LOCAL times
++ ** GUESSED ** -stim_times_AM1 3 using LOCAL times
------------------------------------------------------------
GLT matrix from 'SYM: Healthy':
   0   0   0   0   0   0   1   0   0   0   0   0   0 
 
------------------------------------------------------------
GLT matrix from 'SYM: Unhealthy':
   0   0   0   0   0   0   0   1   0   0   0   0   0 
 
------------------------------------------------------------
GLT matrix from 'SYM: Healthy -Unhealthy':
   0   0   0   0   0   0   1  -1   0   0   0   0   0 
 
++ Number of time points: 357 (before censor) ; 347 (after)
 + Number of parameters:  13 [10 baseline ; 3 signal]
++ total shared memory needed = 3,172,526,620 bytes (about 3.2 billion [giga])
++ current memory malloc-ated = 1,546,547,874 bytes (about 1.5 billion [giga])
++ mmap() memory allocated: 3,172,526,620 bytes (about 3.2 billion [giga])
++ Memory required for output bricks = 3,172,526,620 bytes (about 3.2 billion [giga])
++ Wrote matrix values to file CHIVES1049_2Cond_xmat.1D
++ ========= Things you can do with the matrix file =========
++ (a) Linear regression with ARMA(1,1) modeling of serial correlation:

3dREMLfit -matrix CHIVES1049_2Cond_xmat.1D -input /projects/sanlab/shared/CHIVES/bids_data/derivatives/fmriprep/sub-CHIVES1049/ses-wave1/func/s6_sub-CHIVES1049_ses-wave1_task-money_bold_space-MNI152NLin2009cAsym_preproc.nii \
 -mask /projects/sanlab/shared/CHIVES/bids_data/derivatives/fmriprep/sub-CHIVES1049/ses-wave1/func/sub-CHIVES1049_ses-wave1_task-money_bold_space-MNI152NLin2009cAsym_brainmask.nii.gz \
 -fout -tout -Rbuck CHIVES1049_2Cond_stats_REML -Rvar CHIVES1049_2Cond_stats_REMLvar \
 -Rfitts CHIVES1049_2Cond_REML -Rerrts CHIVES1049_2Cond_REML -verb
 
++ N.B.: 3dREMLfit command above written to file CHIVES1049_2Cond_stats.REML_cmd
++ (b) Visualization/analysis of the matrix via ExamineXmat.R
++ (c) Synthesis of sub-model datasets using 3dSynthesize
++ ==========================================================
++ Wrote matrix values to file CHIVES1049_2Cond_uncensor_xmat.1D
++ ----- Signal+Baseline matrix condition [X] (347x13):  4.70902  ++ VERY GOOD ++
++ ----- Signal-only matrix condition [X] (347x3):  1.51653  ++ VERY GOOD ++
++ ----- Baseline-only matrix condition [X] (347x10):  4.68217  ++ VERY GOOD ++
++ ----- stim_base-only matrix condition [X] (347x4):  2.40073  ++ VERY GOOD ++
++ ----- polort-only matrix condition [X] (347x6):  1.02912  ++ VERY GOOD ++
++ +++++ Matrix inverse average error = 1.91072e-15  ++ VERY GOOD ++
++ Matrix setup time = 0.01 s
++ Voxels in dataset: 1082035
++ Voxels in mask:    270118
++ Voxels per job:    13505
++ Job #1: processing voxels 182402 to 239161; elapsed time=4.292
++ Job #2: processing voxels 239162 to 284534; elapsed time=4.311
++ Job #3: processing voxels 284535 to 320148; elapsed time=4.332
++ Job #4: processing voxels 320149 to 352226; elapsed time=4.352
++ Job #5: processing voxels 352227 to 383099; elapsed time=4.373
++ Job #6: processing voxels 383100 to 409471; elapsed time=4.395
++ Job #7: processing voxels 409472 to 439043; elapsed time=4.417
++ Job #8: processing voxels 439044 to 464764; elapsed time=4.439
++ Job #9: processing voxels 464765 to 494057; elapsed time=4.462
++ Job #10: processing voxels 494058 to 519896; elapsed time=4.484
++ Job #11: processing voxels 519897 to 549858; elapsed time=4.507
++ Job #12: processing voxels 549859 to 576439; elapsed time=4.530
++ Job #13: processing voxels 576440 to 607581; elapsed time=4.554
++ Job #14: processing voxels 607582 to 639755; elapsed time=4.592
++ Job #15: processing voxels 639756 to 673110; elapsed time=4.602
++ Job #16: processing voxels 673111 to 708076; elapsed time=4.639
++ Job #17: processing voxels 708077 to 751004; elapsed time=4.649
++ Job #18: processing voxels 751005 to 798761; elapsed time=4.687
++ Job #19: processing voxels 798762 to 1082034; elapsed time=4.698
++ Job #0: processing voxels 0 to 182401; elapsed time=4.708
++ voxel loop:0123456789.0123456789.0123456789.0123456789.++ Job #2 finished; elapsed time=5.194
++ Job #4 finished; elapsed time=5.230
012++ Job #6 finished; elapsed time=5.269
++ Job #5 finished; elapsed time=5.292
++ Job #8 finished; elapsed time=5.308
3++ Job #7 finished; elapsed time=5.334
++ Job #1 finished; elapsed time=5.341
++ Job #10 finished; elapsed time=5.356
++ Job #9 finished; elapsed time=5.367
45++ Job #12 finished; elapsed time=5.404
++ Job #13 finished; elapsed time=5.437
6++ Job #15 finished; elapsed time=5.482
78++ Job #17 finished; elapsed time=5.534
9.
++ Job #0 waiting for children to finish; elapsed time=5.562
++ Job #3 finished; elapsed time=5.595
++ Job #19 finished; elapsed time=5.605
++ Job #16 finished; elapsed time=5.630
++ Job #11 finished; elapsed time=5.772
++ Job #14 finished; elapsed time=5.847
++ Job #18 finished; elapsed time=5.936
++ Job #0 now finishing up; elapsed time=5.953
++ Smallest FDR q [0 Full_Fstat] = 1.96709e-14
++ Smallest FDR q [2 Healthy#0_Tstat] = 1.14598e-13
++ Smallest FDR q [3 Healthy_Fstat] = 1.14598e-13
++ Smallest FDR q [5 Unhealthy#0_Tstat] = 5.77587e-14
++ Smallest FDR q [6 Unhealthy_Fstat] = 5.77587e-14
++ Smallest FDR q [8 BidsNMiss#0_Tstat] = 5.52185e-14
++ Smallest FDR q [9 BidsNMiss_Fstat] = 5.52173e-14
++ Smallest FDR q [11 HealthyGtRest_GLT#0_Tstat] = 1.14598e-13
++ Smallest FDR q [12 HealthyGtRest_GLT_Fstat] = 1.14599e-13
++ Smallest FDR q [14 UnhealthyGtRest_GLT#0_Tstat] = 5.77587e-14
++ Smallest FDR q [15 UnhealthyGtRest_GLT_Fstat] = 5.77593e-14
++ Smallest FDR q [17 HealthyGtUnhealthy_GLT#0_Tstat] = 0.00394991
++ Smallest FDR q [18 HealthyGtUnhealthy_GLT_Fstat] = 0.00394899
++ Wrote bucket dataset into ./CHIVES1049_2Cond_stats+tlrc.BRIK
 + created 13 FDR curves in bucket header
++ Wrote 3D+time dataset into ./CHIVES1049_2Cond+tlrc.BRIK
++ Wrote 3D+time dataset into ./CHIVES1049_2Cond+tlrc.BRIK
++ Program finished; elapsed time=24.303
++ 3dREMLfit: AFNI version=AFNI_18.2.04 (Jul  6 2018) [64-bit]
++ Authored by: RWCox
** AFNI converts NIFTI_datatype=4 (INT16) in file /projects/sanlab/shared/CHIVES/bids_data/derivatives/fmriprep/sub-CHIVES1049/ses-wave1/func/s6_sub-CHIVES1049_ses-wave1_task-money_bold_space-MNI152NLin2009cAsym_preproc.nii to FLOAT32
     Warnings of this type will be muted for this session.
     Set AFNI_NIFTI_TYPE_WARN to YES to see them all, NO to see none.
++ Number of voxels in mask = 270118
++ Number of OpenMP threads = 15
++ -----  matrix condition (347x13):  4.70902  ++ VERY GOOD ++
++ Loading input dataset into memory
++ Converting input dataset to vector image
 +  dataset = 1.5 billion [giga] bytes
 +  vectim  = 387 million [mega] bytes
++ starting REML setup calculations; total CPU=0.00 Elapsed=4.59
 + X matrix: 94.170% of elements are nonzero
 + starting 15 OpenMP threads for REML setup
 + REML setup finished: matrix rows=347 cols=13; 109*1 cases; total CPU=0.00 Elapsed=4.60
 +  average case bandwidth = 12.66
++ REML voxel loop: [15 threads]0123456789.012
 + ARMA voxel parameters estimated: total CPU=0.00 Elapsed=20.43
++ GLSQ loop:0123456789.0123456789.0123456789.0123456789.0123456789.
 + GLSQ regression done: total CPU=0.00 Elapsed=47.99
++ Output dataset ./CHIVES1049_2Cond_stats_REMLvar+tlrc.BRIK
++ Output dataset ./CHIVES1049_2Cond_REML+tlrc.BRIK
[7m** ERROR:[0m output dataset name 'CHIVES1049_2Cond_REML' conflicts with existing file
[7m** ERROR:[0m dataset NOT written to disk!
++ creating FDR curves in dataset CHIVES1049_2Cond_stats_REML+tlrc
++ Smallest FDR q [0 Full_Fstat] = 2.38647e-14
++ Smallest FDR q [2 Healthy#0_Tstat] = 4.54152e-13
++ Smallest FDR q [3 Healthy_Fstat] = 4.54152e-13
++ Smallest FDR q [5 Unhealthy#0_Tstat] = 1.02818e-13
++ Smallest FDR q [6 Unhealthy_Fstat] = 1.02818e-13
++ Smallest FDR q [8 BidsNMiss#0_Tstat] = 8.32543e-14
++ Smallest FDR q [9 BidsNMiss_Fstat] = 8.32543e-14
++ Smallest FDR q [11 HealthyGtRest#0_Tstat] = 4.54152e-13
++ Smallest FDR q [12 HealthyGtRest_Fstat] = 4.54152e-13
++ Smallest FDR q [14 UnhealthyGtRest#0_Tstat] = 1.02818e-13
++ Smallest FDR q [15 UnhealthyGtRest_Fstat] = 1.02818e-13
[7m*+ WARNING:[0m Smallest FDR q [17 HealthyGtUnhealthy#0_Tstat] = 0.79889 ==> few true single voxel detections
[7m*+ WARNING:[0m Smallest FDR q [18 HealthyGtUnhealthy_Fstat] = 0.798889 ==> few true single voxel detections
 + Added 13 FDR curves to dataset CHIVES1049_2Cond_stats_REML+tlrc
++ Output dataset ./CHIVES1049_2Cond_stats_REML+tlrc.BRIK
 + unloading input dataset and REML matrices
++ 3dREMLfit is all done! total CPU=0.00 Elapsed=65.60
