** AFNI converts NIFTI_datatype=4 (INT16) in file /projects/sanlab/shared/CHIVES/bids_data/derivatives/fmriprep/sub-CHIVES1076/ses-wave1/func/s6_sub-CHIVES1076_ses-wave1_task-money_bold_space-MNI152NLin2009cAsym_preproc.nii to FLOAT32
     Warnings of this type will be muted for this session.
     Set AFNI_NIFTI_TYPE_WARN to YES to see them all, NO to see none.
++ '-stim_times_AM2 1 /projects/sanlab/shared/CHIVES/CHIVES_WTP_scripts/behavioral/money/afni_timing_files/CHIVES1076/AllCondsPmod.1D' has 1 auxiliary values per time point
++ '-stim_times_AM2 1 /projects/sanlab/shared/CHIVES/CHIVES_WTP_scripts/behavioral/money/afni_timing_files/CHIVES1076/AllCondsPmod.1D' will have 2 regressors
++ '-stim_times_AM1 2 /projects/sanlab/shared/CHIVES/CHIVES_WTP_scripts/behavioral/money/afni_timing_files/CHIVES1076/BidOnsDur.1D' has 1 auxiliary values per time point
++ '-stim_times_AM1 2': basis function model 'dmBLOCK(1)' uses 1 parameters,
    out of the 1 found in timing file '/projects/sanlab/shared/CHIVES/CHIVES_WTP_scripts/behavioral/money/afni_timing_files/CHIVES1076/BidOnsDur.1D'
++ 3dDeconvolve extending num_stimts from 2 to 6 due to -ortvec
++ 3dDeconvolve: AFNI version=AFNI_18.2.04 (Jul  6 2018) [64-bit]
++ Authored by: B. Douglas Ward, et al.
++ current memory malloc-ated = 254,635 bytes (about 255 thousand [kilo])
++ loading dataset /projects/sanlab/shared/CHIVES/bids_data/derivatives/fmriprep/sub-CHIVES1076/ses-wave1/func/s6_sub-CHIVES1076_ses-wave1_task-money_bold_space-MNI152NLin2009cAsym_preproc.nii
++ current memory malloc-ated = 1,545,403,495 bytes (about 1.5 billion [giga])
++ forcibly using TR=2.0000 seconds for -input dataset
++ Skipping check for initial transients
++ Imaging duration=714.0 s; Automatic polort=5
++ -stim_times using TR=2 s for stimulus timing conversion
++ -stim_times using TR=2 s for any -iresp output datasets
++  [you can alter the -iresp TR via the -TR_times option]
++ ** -stim_times NOTE ** guessing GLOBAL times if 1 time per line; LOCAL otherwise
++ ** GUESSED ** -stim_times_AM2 1 using LOCAL times
++ '-stim_times_AM2 1' average amplitude#1=0.683333
++ ** GUESSED ** -stim_times_AM1 2 using LOCAL times
------------------------------------------------------------
GLT matrix from 'SYM: AllConds[0]':
   0   0   0   0   0   0   1   0   0   0   0   0   0 
 
------------------------------------------------------------
GLT matrix from 'SYM: AllConds[1]':
   0   0   0   0   0   0   0   1   0   0   0   0   0 
 
++ Number of time points: 357 (no censoring)
 + Number of parameters:  13 [10 baseline ; 3 signal]
++ total shared memory needed = 3,155,214,060 bytes (about 3.2 billion [giga])
++ current memory malloc-ated = 1,546,531,429 bytes (about 1.5 billion [giga])
++ mmap() memory allocated: 3,155,214,060 bytes (about 3.2 billion [giga])
++ Memory required for output bricks = 3,155,214,060 bytes (about 3.2 billion [giga])
++ Wrote matrix values to file CHIVES1076_AllCondPmod_xmat.1D
++ ========= Things you can do with the matrix file =========
++ (a) Linear regression with ARMA(1,1) modeling of serial correlation:

3dREMLfit -matrix CHIVES1076_AllCondPmod_xmat.1D -input /projects/sanlab/shared/CHIVES/bids_data/derivatives/fmriprep/sub-CHIVES1076/ses-wave1/func/s6_sub-CHIVES1076_ses-wave1_task-money_bold_space-MNI152NLin2009cAsym_preproc.nii \
 -mask /projects/sanlab/shared/CHIVES/bids_data/derivatives/fmriprep/sub-CHIVES1076/ses-wave1/func/sub-CHIVES1076_ses-wave1_task-money_bold_space-MNI152NLin2009cAsym_brainmask.nii.gz \
 -fout -tout -Rbuck CHIVES1076_AllCondPmod_stats_REML -Rvar CHIVES1076_AllCondPmod_stats_REMLvar \
 -Rfitts CHIVES1076_AllCondPmod_REML -Rerrts CHIVES1076_AllCondPmod_REML -verb
 
++ N.B.: 3dREMLfit command above written to file CHIVES1076_AllCondPmod_stats.REML_cmd
++ (b) Visualization/analysis of the matrix via ExamineXmat.R
++ (c) Synthesis of sub-model datasets using 3dSynthesize
++ ==========================================================
++ Wrote matrix values to file CHIVES1076_AllCondPmod_uncensor_xmat.1D
++ ----- Signal+Baseline matrix condition [X] (357x13):  4.20925  ++ VERY GOOD ++
++ ----- Signal-only matrix condition [X] (357x3):  1.59151  ++ VERY GOOD ++
++ ----- Baseline-only matrix condition [X] (357x10):  3.98286  ++ VERY GOOD ++
++ ----- stim_base-only matrix condition [X] (357x4):  1.48045  ++ VERY GOOD ++
++ ----- polort-only matrix condition [X] (357x6):  1.01526  ++ VERY GOOD ++
++ +++++ Matrix inverse average error = 1.75271e-15  ++ VERY GOOD ++
++ Matrix setup time = 0.01 s
++ Voxels in dataset: 1082035
++ Voxels in mask:    270199
++ Voxels per job:    13509
++ Job #1: processing voxels 181614 to 238545; elapsed time=4.537
++ Job #2: processing voxels 238546 to 283899; elapsed time=4.554
++ Job #3: processing voxels 283900 to 319164; elapsed time=4.572
++ Job #4: processing voxels 319165 to 351410; elapsed time=4.589
++ Job #5: processing voxels 351411 to 382141; elapsed time=4.607
++ Job #6: processing voxels 382142 to 408401; elapsed time=4.625
++ Job #7: processing voxels 408402 to 437891; elapsed time=4.644
++ Job #8: processing voxels 437892 to 463626; elapsed time=4.662
++ Job #9: processing voxels 463627 to 492705; elapsed time=4.680
++ Job #10: processing voxels 492706 to 518885; elapsed time=4.698
++ Job #11: processing voxels 518886 to 548596; elapsed time=4.717
++ Job #12: processing voxels 548597 to 575380; elapsed time=4.735
++ Job #13: processing voxels 575381 to 606594; elapsed time=4.767
++ Job #14: processing voxels 606595 to 638712; elapsed time=4.772
++ Job #15: processing voxels 638713 to 672231; elapsed time=4.791
++ Job #16: processing voxels 672232 to 707461; elapsed time=4.820
++ Job #17: processing voxels 707462 to 750427; elapsed time=4.848
++ Job #18: processing voxels 750428 to 798642; elapsed time=4.863
++ Job #19: processing voxels 798643 to 1082034; elapsed time=4.868
++ Job #0: processing voxels 0 to 181613; elapsed time=4.878
++ voxel loop:0123456789.0123456789.0123456789.0123456789.++ Job #2 finished; elapsed time=5.359
0++ Job #1 finished; elapsed time=5.385
++ Job #4 finished; elapsed time=5.391
++ Job #3 finished; elapsed time=5.411
12++ Job #6 finished; elapsed time=5.427
3++ Job #8 finished; elapsed time=5.461
++ Job #10 finished; elapsed time=5.494
++ Job #9 finished; elapsed time=5.500
45++ Job #12 finished; elapsed time=5.526
6++ Job #14 finished; elapsed time=5.568
++ Job #15 finished; elapsed time=5.587
++ Job #13 finished; elapsed time=5.621
789.
++ Job #0 waiting for children to finish; elapsed time=5.657
++ Job #19 finished; elapsed time=5.697
++ Job #11 finished; elapsed time=5.723
++ Job #5 finished; elapsed time=5.728
++ Job #7 finished; elapsed time=5.768
++ Job #18 finished; elapsed time=5.904
++ Job #16 finished; elapsed time=5.916
++ Job #17 finished; elapsed time=5.962
++ Job #0 now finishing up; elapsed time=5.973
++ Smallest FDR q [0 Full_Fstat] = 8.86357e-15
++ Smallest FDR q [2 AllConds#0_Tstat] = 2.50421e-14
++ Smallest FDR q [4 AllConds#1_Tstat] = 0.000230209
++ Smallest FDR q [5 AllConds_Fstat] = 2.50081e-14
++ Smallest FDR q [7 BidsNMiss#0_Tstat] = 3.93124e-14
++ Smallest FDR q [8 BidsNMiss_Fstat] = 3.93124e-14
++ Smallest FDR q [10 CondGtRest_GLT#0_Tstat] = 2.50421e-14
++ Smallest FDR q [11 CondGtRest_GLT_Fstat] = 2.50397e-14
++ Smallest FDR q [13 Pmod_GLT#0_Tstat] = 0.000230209
++ Smallest FDR q [14 Pmod_GLT_Fstat] = 0.000230211
++ Wrote bucket dataset into ./CHIVES1076_AllCondPmod_stats+tlrc.BRIK
 + created 10 FDR curves in bucket header
++ Wrote 3D+time dataset into ./CHIVES1076_AllCondPmod+tlrc.BRIK
++ Wrote 3D+time dataset into ./CHIVES1076_AllCondPmod+tlrc.BRIK
++ Program finished; elapsed time=21.886
++ 3dREMLfit: AFNI version=AFNI_18.2.04 (Jul  6 2018) [64-bit]
++ Authored by: RWCox
** AFNI converts NIFTI_datatype=4 (INT16) in file /projects/sanlab/shared/CHIVES/bids_data/derivatives/fmriprep/sub-CHIVES1076/ses-wave1/func/s6_sub-CHIVES1076_ses-wave1_task-money_bold_space-MNI152NLin2009cAsym_preproc.nii to FLOAT32
     Warnings of this type will be muted for this session.
     Set AFNI_NIFTI_TYPE_WARN to YES to see them all, NO to see none.
++ Number of voxels in mask = 270199
++ Number of OpenMP threads = 15
++ -----  matrix condition (357x13):  4.20925  ++ VERY GOOD ++
++ Loading input dataset into memory
++ Converting input dataset to vector image
 +  dataset = 1.5 billion [giga] bytes
 +  vectim  = 387 million [mega] bytes
++ starting REML setup calculations; total CPU=0.00 Elapsed=4.18
 + X matrix: 99.612% of elements are nonzero
 + starting 15 OpenMP threads for REML setup
 + REML setup finished: matrix rows=357 cols=13; 109*1 cases; total CPU=0.00 Elapsed=4.19
 +  average case bandwidth = 13.00
++ REML voxel loop: [15 threads]0123456789.012
 + ARMA voxel parameters estimated: total CPU=0.00 Elapsed=19.64
++ GLSQ loop:0123456789.0123456789.0123456789.0123456789.0123456789.
 + GLSQ regression done: total CPU=0.00 Elapsed=41.30
++ Output dataset ./CHIVES1076_AllCondPmod_stats_REMLvar+tlrc.BRIK
++ Output dataset ./CHIVES1076_AllCondPmod_REML+tlrc.BRIK
[7m** ERROR:[0m output dataset name 'CHIVES1076_AllCondPmod_REML' conflicts with existing file
[7m** ERROR:[0m dataset NOT written to disk!
++ creating FDR curves in dataset CHIVES1076_AllCondPmod_stats_REML+tlrc
++ Smallest FDR q [0 Full_Fstat] = 1.16267e-14
++ Smallest FDR q [2 AllConds#0_Tstat] = 3.34417e-14
++ Smallest FDR q [4 AllConds#1_Tstat] = 0.0218002
++ Smallest FDR q [5 AllConds_Fstat] = 3.66369e-14
++ Smallest FDR q [7 BidsNMiss#0_Tstat] = 5.37825e-14
++ Smallest FDR q [8 BidsNMiss_Fstat] = 5.37825e-14
++ Smallest FDR q [10 CondGtRest#0_Tstat] = 3.34417e-14
++ Smallest FDR q [11 CondGtRest_Fstat] = 3.34417e-14
++ Smallest FDR q [13 Pmod#0_Tstat] = 0.0218002
++ Smallest FDR q [14 Pmod_Fstat] = 0.0218002
 + Added 10 FDR curves to dataset CHIVES1076_AllCondPmod_stats_REML+tlrc
++ Output dataset ./CHIVES1076_AllCondPmod_stats_REML+tlrc.BRIK
 + unloading input dataset and REML matrices
++ 3dREMLfit is all done! total CPU=0.00 Elapsed=57.22
** AFNI converts NIFTI_datatype=4 (INT16) in file /projects/sanlab/shared/CHIVES/bids_data/derivatives/fmriprep/sub-CHIVES1076/ses-wave1/func/s6_sub-CHIVES1076_ses-wave1_task-money_bold_space-MNI152NLin2009cAsym_preproc.nii to FLOAT32
     Warnings of this type will be muted for this session.
     Set AFNI_NIFTI_TYPE_WARN to YES to see them all, NO to see none.
++ '-stim_times_AM2 1 /projects/sanlab/shared/CHIVES/CHIVES_WTP_scripts/behavioral/money/afni_timing_files/CHIVES1076/HealthyPmod.1D' has 1 auxiliary values per time point
++ '-stim_times_AM2 1 /projects/sanlab/shared/CHIVES/CHIVES_WTP_scripts/behavioral/money/afni_timing_files/CHIVES1076/HealthyPmod.1D' will have 2 regressors
++ '-stim_times_AM2 2 /projects/sanlab/shared/CHIVES/CHIVES_WTP_scripts/behavioral/money/afni_timing_files/CHIVES1076/UnhealthyPmod.1D' has 1 auxiliary values per time point
++ '-stim_times_AM2 2 /projects/sanlab/shared/CHIVES/CHIVES_WTP_scripts/behavioral/money/afni_timing_files/CHIVES1076/UnhealthyPmod.1D' will have 2 regressors
++ '-stim_times_AM1 3 /projects/sanlab/shared/CHIVES/CHIVES_WTP_scripts/behavioral/money/afni_timing_files/CHIVES1076/BidOnsDur.1D' has 1 auxiliary values per time point
++ '-stim_times_AM1 3': basis function model 'dmBLOCK(1)' uses 1 parameters,
    out of the 1 found in timing file '/projects/sanlab/shared/CHIVES/CHIVES_WTP_scripts/behavioral/money/afni_timing_files/CHIVES1076/BidOnsDur.1D'
++ 3dDeconvolve extending num_stimts from 3 to 7 due to -ortvec
++ 3dDeconvolve: AFNI version=AFNI_18.2.04 (Jul  6 2018) [64-bit]
++ Authored by: B. Douglas Ward, et al.
++ current memory malloc-ated = 281,901 bytes (about 282 thousand [kilo])
++ loading dataset /projects/sanlab/shared/CHIVES/bids_data/derivatives/fmriprep/sub-CHIVES1076/ses-wave1/func/s6_sub-CHIVES1076_ses-wave1_task-money_bold_space-MNI152NLin2009cAsym_preproc.nii
++ current memory malloc-ated = 1,545,430,761 bytes (about 1.5 billion [giga])
++ forcibly using TR=2.0000 seconds for -input dataset
++ Skipping check for initial transients
++ Imaging duration=714.0 s; Automatic polort=5
++ -stim_times using TR=2 s for stimulus timing conversion
++ -stim_times using TR=2 s for any -iresp output datasets
++  [you can alter the -iresp TR via the -TR_times option]
++ ** -stim_times NOTE ** guessing GLOBAL times if 1 time per line; LOCAL otherwise
++ ** GUESSED ** -stim_times_AM2 1 using LOCAL times
++ '-stim_times_AM2 1' average amplitude#1=0.566667
++ ** GUESSED ** -stim_times_AM2 2 using LOCAL times
++ '-stim_times_AM2 2' average amplitude#1=0.8
++ ** GUESSED ** -stim_times_AM1 3 using LOCAL times
------------------------------------------------------------
GLT matrix from 'SYM: HealthyPmod[0]':
   0   0   0   0   0   0   1   0   0   0   0   0   0   0   0 
 
------------------------------------------------------------
GLT matrix from 'SYM: HealthyPmod[1]':
   0   0   0   0   0   0   0   1   0   0   0   0   0   0   0 
 
------------------------------------------------------------
GLT matrix from 'SYM: UnhealthyPmod[0]':
   0   0   0   0   0   0   0   0   1   0   0   0   0   0   0 
 
------------------------------------------------------------
GLT matrix from 'SYM: UnhealthyPmod[1]':
   0   0   0   0   0   0   0   0   0   1   0   0   0   0   0 
 
------------------------------------------------------------
GLT matrix from 'SYM: HealthyPmod[0] -UnhealthyPmod[0]':
   0   0   0   0   0   0   1   0  -1   0   0   0   0   0   0 
 
------------------------------------------------------------
GLT matrix from 'SYM: HealthyPmod[1] -UnhealthyPmod[1]':
   0   0   0   0   0   0   0   1   0  -1   0   0   0   0   0 
 
++ Number of time points: 357 (no censoring)
 + Number of parameters:  15 [10 baseline ; 5 signal]
++ total shared memory needed = 3,228,792,440 bytes (about 3.2 billion [giga])
++ current memory malloc-ated = 1,546,563,263 bytes (about 1.5 billion [giga])
++ mmap() memory allocated: 3,228,792,440 bytes (about 3.2 billion [giga])
++ Memory required for output bricks = 3,228,792,440 bytes (about 3.2 billion [giga])
++ Wrote matrix values to file CHIVES1076_2CondPmod_xmat.1D
++ ========= Things you can do with the matrix file =========
++ (a) Linear regression with ARMA(1,1) modeling of serial correlation:

3dREMLfit -matrix CHIVES1076_2CondPmod_xmat.1D -input /projects/sanlab/shared/CHIVES/bids_data/derivatives/fmriprep/sub-CHIVES1076/ses-wave1/func/s6_sub-CHIVES1076_ses-wave1_task-money_bold_space-MNI152NLin2009cAsym_preproc.nii \
 -mask /projects/sanlab/shared/CHIVES/bids_data/derivatives/fmriprep/sub-CHIVES1076/ses-wave1/func/sub-CHIVES1076_ses-wave1_task-money_bold_space-MNI152NLin2009cAsym_brainmask.nii.gz \
 -fout -tout -Rbuck CHIVES1076_2CondPmod_stats_REML -Rvar CHIVES1076_2CondPmod_stats_REMLvar \
 -Rfitts CHIVES1076_2CondPmod_REML -Rerrts CHIVES1076_2CondPmod_REML -verb
 
++ N.B.: 3dREMLfit command above written to file CHIVES1076_2CondPmod_stats.REML_cmd
++ (b) Visualization/analysis of the matrix via ExamineXmat.R
++ (c) Synthesis of sub-model datasets using 3dSynthesize
++ ==========================================================
++ Wrote matrix values to file CHIVES1076_2CondPmod_uncensor_xmat.1D
++ ----- Signal+Baseline matrix condition [X] (357x15):  4.22392  ++ VERY GOOD ++
++ ----- Signal-only matrix condition [X] (357x5):  1.59158  ++ VERY GOOD ++
++ ----- Baseline-only matrix condition [X] (357x10):  3.98286  ++ VERY GOOD ++
++ ----- stim_base-only matrix condition [X] (357x4):  1.48045  ++ VERY GOOD ++
++ ----- polort-only matrix condition [X] (357x6):  1.01526  ++ VERY GOOD ++
++ +++++ Matrix inverse average error = 1.28383e-15  ++ VERY GOOD ++
++ Matrix setup time = 0.02 s
++ Voxels in dataset: 1082035
++ Voxels in mask:    270199
++ Voxels per job:    13509
++ Job #1: processing voxels 181614 to 238545; elapsed time=4.223
++ Job #2: processing voxels 238546 to 283899; elapsed time=4.240
++ Job #3: processing voxels 283900 to 319164; elapsed time=4.258
++ Job #4: processing voxels 319165 to 351410; elapsed time=4.276
++ Job #5: processing voxels 351411 to 382141; elapsed time=4.294
++ Job #6: processing voxels 382142 to 408401; elapsed time=4.312
++ Job #7: processing voxels 408402 to 437891; elapsed time=4.330
++ Job #8: processing voxels 437892 to 463626; elapsed time=4.348
++ Job #9: processing voxels 463627 to 492705; elapsed time=4.367
++ Job #10: processing voxels 492706 to 518885; elapsed time=4.385
++ Job #11: processing voxels 518886 to 548596; elapsed time=4.404
++ Job #12: processing voxels 548597 to 575380; elapsed time=4.422
++ Job #13: processing voxels 575381 to 606594; elapsed time=4.442
++ Job #14: processing voxels 606595 to 638712; elapsed time=4.474
++ Job #15: processing voxels 638713 to 672231; elapsed time=4.493
++ Job #16: processing voxels 672232 to 707461; elapsed time=4.499
++ Job #17: processing voxels 707462 to 750427; elapsed time=4.531
++ Job #18: processing voxels 750428 to 798642; elapsed time=4.537
++ Job #0: processing voxels 0 to 181613; elapsed time=4.566
++ voxel loop:0++ Job #19: processing voxels 798643 to 1082034; elapsed time=4.569
123456789.0123456789.0123456789.01234++ Job #1 finished; elapsed time=5.427
56++ Job #3 finished; elapsed time=5.447
++ Job #5 finished; elapsed time=5.467
++ Job #2 finished; elapsed time=5.475
++ Job #7 finished; elapsed time=5.501
++ Job #10 finished; elapsed time=5.505
7++ Job #9 finished; elapsed time=5.527
89.++ Job #11 finished; elapsed time=5.558
++ Job #13 finished; elapsed time=5.596
0++ Job #14 finished; elapsed time=5.626
++ Job #16 finished; elapsed time=5.663
12++ Job #18 finished; elapsed time=5.715
3++ Job #4 finished; elapsed time=5.795
++ Job #6 finished; elapsed time=5.819
45++ Job #8 finished; elapsed time=5.837
6++ Job #12 finished; elapsed time=5.972
7++ Job #15 finished; elapsed time=5.985
8++ Job #17 finished; elapsed time=6.002
9.
++ Job #0 waiting for children to finish; elapsed time=6.024
++ Job #19 finished; elapsed time=6.084
++ Job #0 now finishing up; elapsed time=6.097
++ Smallest FDR q [0 Full_Fstat] = 1.09454e-14
++ Smallest FDR q [2 HealthyPmod#0_Tstat] = 6.34597e-14
++ Smallest FDR q [4 HealthyPmod#1_Tstat] = 0.00626327
++ Smallest FDR q [5 HealthyPmod_Fstat] = 6.59338e-14
++ Smallest FDR q [7 UnhealthyPmod#0_Tstat] = 3.3267e-14
++ Smallest FDR q [9 UnhealthyPmod#1_Tstat] = 0.0198042
++ Smallest FDR q [10 UnhealthyPmod_Fstat] = 4.00308e-14
++ Smallest FDR q [12 BidsNMiss#0_Tstat] = 3.90634e-14
++ Smallest FDR q [13 BidsNMiss_Fstat] = 3.90634e-14
++ Smallest FDR q [15 HealthyGtRest_GLT#0_Tstat] = 6.34597e-14
++ Smallest FDR q [16 HealthyGtRest_GLT_Fstat] = 6.34588e-14
++ Smallest FDR q [18 HealthyPmod_GLT#0_Tstat] = 0.00626327
++ Smallest FDR q [19 HealthyPmod_GLT_Fstat] = 0.00626341
++ Smallest FDR q [21 UnhealthyGtRest_GLT#0_Tstat] = 3.3267e-14
++ Smallest FDR q [22 UnhealthyGtRest_GLT_Fstat] = 3.3263e-14
++ Smallest FDR q [24 UnhealthyPmod_GLT#0_Tstat] = 0.0198042
++ Smallest FDR q [25 UnhealthyPmod_GLT_Fstat] = 0.0198034
[7m*+ WARNING:[0m Smallest FDR q [27 HealthyGtUnhealthy_GLT#0_Tstat] = 0.452688 ==> few true single voxel detections
[7m*+ WARNING:[0m Smallest FDR q [28 HealthyGtUnhealthy_GLT_Fstat] = 0.451576 ==> few true single voxel detections
[7m*+ WARNING:[0m Smallest FDR q [30 HealthyGtUnhealthyPmod_GLT#0_Tstat] = 0.132497 ==> few true single voxel detections
[7m*+ WARNING:[0m Smallest FDR q [31 HealthyGtUnhealthyPmod_GLT_Fstat] = 0.132488 ==> few true single voxel detections
++ Wrote bucket dataset into ./CHIVES1076_2CondPmod_stats+tlrc.BRIK
 + created 21 FDR curves in bucket header
++ Wrote 3D+time dataset into ./CHIVES1076_2CondPmod+tlrc.BRIK
++ Wrote 3D+time dataset into ./CHIVES1076_2CondPmod+tlrc.BRIK
++ Program finished; elapsed time=35.360
++ 3dREMLfit: AFNI version=AFNI_18.2.04 (Jul  6 2018) [64-bit]
++ Authored by: RWCox
** AFNI converts NIFTI_datatype=4 (INT16) in file /projects/sanlab/shared/CHIVES/bids_data/derivatives/fmriprep/sub-CHIVES1076/ses-wave1/func/s6_sub-CHIVES1076_ses-wave1_task-money_bold_space-MNI152NLin2009cAsym_preproc.nii to FLOAT32
     Warnings of this type will be muted for this session.
     Set AFNI_NIFTI_TYPE_WARN to YES to see them all, NO to see none.
++ Number of voxels in mask = 270199
++ Number of OpenMP threads = 15
++ -----  matrix condition (357x15):  4.22392  ++ VERY GOOD ++
++ Loading input dataset into memory
++ Converting input dataset to vector image
 +  dataset = 1.5 billion [giga] bytes
 +  vectim  = 387 million [mega] bytes
++ starting REML setup calculations; total CPU=0.00 Elapsed=4.96
 + X matrix: 89.879% of elements are nonzero
 + starting 15 OpenMP threads for REML setup
 + REML setup finished: matrix rows=357 cols=15; 109*1 cases; total CPU=0.00 Elapsed=4.97
 +  average case bandwidth = 13.00
++ REML voxel loop: [15 threads]0123456789.012
 + ARMA voxel parameters estimated: total CPU=0.00 Elapsed=20.86
++ GLSQ loop:0123456789.0123456789.0123456789.0123456789.0123456789.
 + GLSQ regression done: total CPU=0.00 Elapsed=52.47
++ Output dataset ./CHIVES1076_2CondPmod_stats_REMLvar+tlrc.BRIK
++ Output dataset ./CHIVES1076_2CondPmod_REML+tlrc.BRIK
[7m** ERROR:[0m output dataset name 'CHIVES1076_2CondPmod_REML' conflicts with existing file
[7m** ERROR:[0m dataset NOT written to disk!
++ creating FDR curves in dataset CHIVES1076_2CondPmod_stats_REML+tlrc
++ Smallest FDR q [0 Full_Fstat] = 1.53057e-14
++ Smallest FDR q [2 HealthyPmod#0_Tstat] = 1.06696e-13
++ Smallest FDR q [4 HealthyPmod#1_Tstat] = 0.0834283
++ Smallest FDR q [5 HealthyPmod_Fstat] = 1.24397e-13
++ Smallest FDR q [7 UnhealthyPmod#0_Tstat] = 5.14561e-14
[7m*+ WARNING:[0m Smallest FDR q [9 UnhealthyPmod#1_Tstat] = 0.999898 ==> few true single voxel detections
++ Smallest FDR q [10 UnhealthyPmod_Fstat] = 6.53771e-14
++ Smallest FDR q [12 BidsNMiss#0_Tstat] = 5.36354e-14
++ Smallest FDR q [13 BidsNMiss_Fstat] = 5.36354e-14
++ Smallest FDR q [15 HealthyGtRest#0_Tstat] = 1.06696e-13
++ Smallest FDR q [16 HealthyGtRest_Fstat] = 1.06696e-13
++ Smallest FDR q [18 HealthyPmod#0_Tstat] = 0.0834283
++ Smallest FDR q [19 HealthyPmod_Fstat] = 0.0834284
++ Smallest FDR q [21 UnhealthyGtRest#0_Tstat] = 5.14561e-14
++ Smallest FDR q [22 UnhealthyGtRest_Fstat] = 5.14561e-14
[7m*+ WARNING:[0m Smallest FDR q [24 UnhealthyPmod#0_Tstat] = 0.999898 ==> few true single voxel detections
[7m*+ WARNING:[0m Smallest FDR q [25 UnhealthyPmod_Fstat] = 0.999898 ==> few true single voxel detections
[7m*+ WARNING:[0m Smallest FDR q [27 HealthyGtUnhealthy#0_Tstat] = 0.999874 ==> few true single voxel detections
[7m*+ WARNING:[0m Smallest FDR q [28 HealthyGtUnhealthy_Fstat] = 0.999874 ==> few true single voxel detections
[7m*+ WARNING:[0m Smallest FDR q [30 HealthyGtUnhealthyPmod#0_Tstat] = 0.999881 ==> few true single voxel detections
[7m*+ WARNING:[0m Smallest FDR q [31 HealthyGtUnhealthyPmod_Fstat] = 0.999881 ==> few true single voxel detections
 + Added 21 FDR curves to dataset CHIVES1076_2CondPmod_stats_REML+tlrc
++ Output dataset ./CHIVES1076_2CondPmod_stats_REML+tlrc.BRIK
 + unloading input dataset and REML matrices
++ 3dREMLfit is all done! total CPU=0.00 Elapsed=81.58
** AFNI converts NIFTI_datatype=4 (INT16) in file /projects/sanlab/shared/CHIVES/bids_data/derivatives/fmriprep/sub-CHIVES1076/ses-wave1/func/s6_sub-CHIVES1076_ses-wave1_task-money_bold_space-MNI152NLin2009cAsym_preproc.nii to FLOAT32
     Warnings of this type will be muted for this session.
     Set AFNI_NIFTI_TYPE_WARN to YES to see them all, NO to see none.
++ '-stim_times_AM1 3 /projects/sanlab/shared/CHIVES/CHIVES_WTP_scripts/behavioral/money/afni_timing_files/CHIVES1076/BidOnsDur.1D' has 1 auxiliary values per time point
++ '-stim_times_AM1 3': basis function model 'dmBLOCK(1)' uses 1 parameters,
    out of the 1 found in timing file '/projects/sanlab/shared/CHIVES/CHIVES_WTP_scripts/behavioral/money/afni_timing_files/CHIVES1076/BidOnsDur.1D'
++ 3dDeconvolve extending num_stimts from 3 to 7 due to -ortvec
++ 3dDeconvolve: AFNI version=AFNI_18.2.04 (Jul  6 2018) [64-bit]
++ Authored by: B. Douglas Ward, et al.
++ current memory malloc-ated = 265,657 bytes (about 266 thousand [kilo])
++ loading dataset /projects/sanlab/shared/CHIVES/bids_data/derivatives/fmriprep/sub-CHIVES1076/ses-wave1/func/s6_sub-CHIVES1076_ses-wave1_task-money_bold_space-MNI152NLin2009cAsym_preproc.nii
++ current memory malloc-ated = 1,545,414,517 bytes (about 1.5 billion [giga])
++ forcibly using TR=2.0000 seconds for -input dataset
++ Skipping check for initial transients
++ Imaging duration=714.0 s; Automatic polort=5
++ -stim_times using TR=2 s for stimulus timing conversion
++ -stim_times using TR=2 s for any -iresp output datasets
++  [you can alter the -iresp TR via the -TR_times option]
++ ** -stim_times NOTE ** guessing GLOBAL times if 1 time per line; LOCAL otherwise
++ ** GUESSED ** -stim_times 1 using LOCAL times
++ ** GUESSED ** -stim_times 2 using LOCAL times
++ ** GUESSED ** -stim_times_AM1 3 using LOCAL times
------------------------------------------------------------
GLT matrix from 'SYM: Healthy':
   0   0   0   0   0   0   1   0   0   0   0   0   0 
 
------------------------------------------------------------
GLT matrix from 'SYM: Unhealthy':
   0   0   0   0   0   0   0   1   0   0   0   0   0 
 
------------------------------------------------------------
GLT matrix from 'SYM: Healthy -Unhealthy':
   0   0   0   0   0   0   1  -1   0   0   0   0   0 
 
++ Number of time points: 357 (no censoring)
 + Number of parameters:  13 [10 baseline ; 3 signal]
++ total shared memory needed = 3,172,526,620 bytes (about 3.2 billion [giga])
++ current memory malloc-ated = 1,546,542,489 bytes (about 1.5 billion [giga])
++ mmap() memory allocated: 3,172,526,620 bytes (about 3.2 billion [giga])
++ Memory required for output bricks = 3,172,526,620 bytes (about 3.2 billion [giga])
++ Wrote matrix values to file CHIVES1076_2Cond_xmat.1D
++ ========= Things you can do with the matrix file =========
++ (a) Linear regression with ARMA(1,1) modeling of serial correlation:

3dREMLfit -matrix CHIVES1076_2Cond_xmat.1D -input /projects/sanlab/shared/CHIVES/bids_data/derivatives/fmriprep/sub-CHIVES1076/ses-wave1/func/s6_sub-CHIVES1076_ses-wave1_task-money_bold_space-MNI152NLin2009cAsym_preproc.nii \
 -mask /projects/sanlab/shared/CHIVES/bids_data/derivatives/fmriprep/sub-CHIVES1076/ses-wave1/func/sub-CHIVES1076_ses-wave1_task-money_bold_space-MNI152NLin2009cAsym_brainmask.nii.gz \
 -fout -tout -Rbuck CHIVES1076_2Cond_stats_REML -Rvar CHIVES1076_2Cond_stats_REMLvar \
 -Rfitts CHIVES1076_2Cond_REML -Rerrts CHIVES1076_2Cond_REML -verb
 
++ N.B.: 3dREMLfit command above written to file CHIVES1076_2Cond_stats.REML_cmd
++ (b) Visualization/analysis of the matrix via ExamineXmat.R
++ (c) Synthesis of sub-model datasets using 3dSynthesize
++ ==========================================================
++ Wrote matrix values to file CHIVES1076_2Cond_uncensor_xmat.1D
++ ----- Signal+Baseline matrix condition [X] (357x13):  4.20183  ++ VERY GOOD ++
++ ----- Signal-only matrix condition [X] (357x3):  1.59158  ++ VERY GOOD ++
++ ----- Baseline-only matrix condition [X] (357x10):  3.98286  ++ VERY GOOD ++
++ ----- stim_base-only matrix condition [X] (357x4):  1.48045  ++ VERY GOOD ++
++ ----- polort-only matrix condition [X] (357x6):  1.01526  ++ VERY GOOD ++
++ +++++ Matrix inverse average error = 1.56495e-15  ++ VERY GOOD ++
++ Matrix setup time = 0.02 s
++ Voxels in dataset: 1082035
++ Voxels in mask:    270199
++ Voxels per job:    13509
++ Job #1: processing voxels 181614 to 238545; elapsed time=4.293
++ Job #2: processing voxels 238546 to 283899; elapsed time=4.310
++ Job #3: processing voxels 283900 to 319164; elapsed time=4.328
++ Job #4: processing voxels 319165 to 351410; elapsed time=4.346
++ Job #5: processing voxels 351411 to 382141; elapsed time=4.364
++ Job #6: processing voxels 382142 to 408401; elapsed time=4.382
++ Job #7: processing voxels 408402 to 437891; elapsed time=4.401
++ Job #8: processing voxels 437892 to 463626; elapsed time=4.419
++ Job #9: processing voxels 463627 to 492705; elapsed time=4.438
++ Job #10: processing voxels 492706 to 518885; elapsed time=4.456
++ Job #11: processing voxels 518886 to 548596; elapsed time=4.475
++ Job #12: processing voxels 548597 to 575380; elapsed time=4.494
++ Job #13: processing voxels 575381 to 606594; elapsed time=4.526
++ Job #14: processing voxels 606595 to 638712; elapsed time=4.531
++ Job #15: processing voxels 638713 to 672231; elapsed time=4.550
++ Job #16: processing voxels 672232 to 707461; elapsed time=4.584
++ Job #17: processing voxels 707462 to 750427; elapsed time=4.608
++ Job #18: processing voxels 750428 to 798642; elapsed time=4.627
++ Job #0: processing voxels 0 to 181613; elapsed time=4.647
++ voxel loop:0++ Job #19: processing voxels 798643 to 1082034; elapsed time=4.651
123456789.0123456789.0123456789.0123456789.0++ Job #2 finished; elapsed time=5.218
++ Job #1 finished; elapsed time=5.250
++ Job #4 finished; elapsed time=5.250
12++ Job #5 finished; elapsed time=5.281
++ Job #6 finished; elapsed time=5.289
3++ Job #8 finished; elapsed time=5.324
++ Job #10 finished; elapsed time=5.364
45++ Job #12 finished; elapsed time=5.395
6++ Job #11 finished; elapsed time=5.422
++ Job #14 finished; elapsed time=5.433
++ Job #15 finished; elapsed time=5.454
++ Job #16 finished; elapsed time=5.481
789.
++ Job #0 waiting for children to finish; elapsed time=5.529
++ Job #17 finished; elapsed time=5.555
++ Job #9 finished; elapsed time=5.580
++ Job #13 finished; elapsed time=5.609
++ Job #3 finished; elapsed time=5.611
++ Job #7 finished; elapsed time=5.690
++ Job #19 finished; elapsed time=5.783
++ Job #18 finished; elapsed time=5.794
++ Job #0 now finishing up; elapsed time=5.806
++ Smallest FDR q [0 Full_Fstat] = 9.9576e-15
++ Smallest FDR q [2 Healthy#0_Tstat] = 6.44925e-14
++ Smallest FDR q [3 Healthy_Fstat] = 6.44943e-14
++ Smallest FDR q [5 Unhealthy#0_Tstat] = 3.34503e-14
++ Smallest FDR q [6 Unhealthy_Fstat] = 3.34503e-14
++ Smallest FDR q [8 BidsNMiss#0_Tstat] = 3.97389e-14
++ Smallest FDR q [9 BidsNMiss_Fstat] = 3.97395e-14
++ Smallest FDR q [11 HealthyGtRest_GLT#0_Tstat] = 6.44925e-14
++ Smallest FDR q [12 HealthyGtRest_GLT_Fstat] = 6.44953e-14
++ Smallest FDR q [14 UnhealthyGtRest_GLT#0_Tstat] = 3.34503e-14
++ Smallest FDR q [15 UnhealthyGtRest_GLT_Fstat] = 3.34513e-14
[7m*+ WARNING:[0m Smallest FDR q [17 HealthyGtUnhealthy_GLT#0_Tstat] = 0.457546 ==> few true single voxel detections
[7m*+ WARNING:[0m Smallest FDR q [18 HealthyGtUnhealthy_GLT_Fstat] = 0.456302 ==> few true single voxel detections
++ Wrote bucket dataset into ./CHIVES1076_2Cond_stats+tlrc.BRIK
 + created 13 FDR curves in bucket header
++ Wrote 3D+time dataset into ./CHIVES1076_2Cond+tlrc.BRIK
++ Wrote 3D+time dataset into ./CHIVES1076_2Cond+tlrc.BRIK
++ Program finished; elapsed time=24.199
++ 3dREMLfit: AFNI version=AFNI_18.2.04 (Jul  6 2018) [64-bit]
++ Authored by: RWCox
** AFNI converts NIFTI_datatype=4 (INT16) in file /projects/sanlab/shared/CHIVES/bids_data/derivatives/fmriprep/sub-CHIVES1076/ses-wave1/func/s6_sub-CHIVES1076_ses-wave1_task-money_bold_space-MNI152NLin2009cAsym_preproc.nii to FLOAT32
     Warnings of this type will be muted for this session.
     Set AFNI_NIFTI_TYPE_WARN to YES to see them all, NO to see none.
++ Number of voxels in mask = 270199
++ Number of OpenMP threads = 15
++ -----  matrix condition (357x13):  4.20183  ++ VERY GOOD ++
++ Loading input dataset into memory
++ Converting input dataset to vector image
 +  dataset = 1.5 billion [giga] bytes
 +  vectim  = 387 million [mega] bytes
++ starting REML setup calculations; total CPU=0.00 Elapsed=4.46
 + X matrix: 94.075% of elements are nonzero
 + starting 15 OpenMP threads for REML setup
 + REML setup finished: matrix rows=357 cols=13; 109*1 cases; total CPU=0.00 Elapsed=4.49
 +  average case bandwidth = 13.00
++ REML voxel loop: [15 threads]0123456789.012
 + ARMA voxel parameters estimated: total CPU=0.00 Elapsed=19.75
++ GLSQ loop:0123456789.0123456789.0123456789.0123456789.0123456789.
 + GLSQ regression done: total CPU=0.00 Elapsed=44.40
++ Output dataset ./CHIVES1076_2Cond_stats_REMLvar+tlrc.BRIK
++ Output dataset ./CHIVES1076_2Cond_REML+tlrc.BRIK
[7m** ERROR:[0m output dataset name 'CHIVES1076_2Cond_REML' conflicts with existing file
[7m** ERROR:[0m dataset NOT written to disk!
++ creating FDR curves in dataset CHIVES1076_2Cond_stats_REML+tlrc
++ Smallest FDR q [0 Full_Fstat] = 1.28234e-14
++ Smallest FDR q [2 Healthy#0_Tstat] = 1.0893e-13
++ Smallest FDR q [3 Healthy_Fstat] = 1.0893e-13
++ Smallest FDR q [5 Unhealthy#0_Tstat] = 5.21511e-14
++ Smallest FDR q [6 Unhealthy_Fstat] = 5.21511e-14
++ Smallest FDR q [8 BidsNMiss#0_Tstat] = 5.37217e-14
++ Smallest FDR q [9 BidsNMiss_Fstat] = 5.37217e-14
++ Smallest FDR q [11 HealthyGtRest#0_Tstat] = 1.0893e-13
++ Smallest FDR q [12 HealthyGtRest_Fstat] = 1.0893e-13
++ Smallest FDR q [14 UnhealthyGtRest#0_Tstat] = 5.21511e-14
++ Smallest FDR q [15 UnhealthyGtRest_Fstat] = 5.21511e-14
[7m*+ WARNING:[0m Smallest FDR q [17 HealthyGtUnhealthy#0_Tstat] = 0.99986 ==> few true single voxel detections
[7m*+ WARNING:[0m Smallest FDR q [18 HealthyGtUnhealthy_Fstat] = 0.99986 ==> few true single voxel detections
 + Added 13 FDR curves to dataset CHIVES1076_2Cond_stats_REML+tlrc
++ Output dataset ./CHIVES1076_2Cond_stats_REML+tlrc.BRIK
 + unloading input dataset and REML matrices
++ 3dREMLfit is all done! total CPU=0.00 Elapsed=62.56
