** AFNI converts NIFTI_datatype=4 (INT16) in file /projects/sanlab/shared/CHIVES/bids_data/derivatives/fmriprep/sub-CHIVES1012/ses-wave1/func/s6_sub-CHIVES1012_ses-wave1_task-money_bold_space-MNI152NLin2009cAsym_preproc.nii to FLOAT32
     Warnings of this type will be muted for this session.
     Set AFNI_NIFTI_TYPE_WARN to YES to see them all, NO to see none.
++ '-stim_times_AM2 1 /projects/sanlab/shared/CHIVES/CHIVES_WTP_scripts/behavioral/money/afni_timing_files/CHIVES1012/AllCondsPmod.1D' has 1 auxiliary values per time point
++ '-stim_times_AM2 1 /projects/sanlab/shared/CHIVES/CHIVES_WTP_scripts/behavioral/money/afni_timing_files/CHIVES1012/AllCondsPmod.1D' will have 2 regressors
++ '-stim_times_AM1 2 /projects/sanlab/shared/CHIVES/CHIVES_WTP_scripts/behavioral/money/afni_timing_files/CHIVES1012/BidOnsDur.1D' has 1 auxiliary values per time point
++ '-stim_times_AM1 2': basis function model 'dmBLOCK(1)' uses 1 parameters,
    out of the 1 found in timing file '/projects/sanlab/shared/CHIVES/CHIVES_WTP_scripts/behavioral/money/afni_timing_files/CHIVES1012/BidOnsDur.1D'
++ 3dDeconvolve extending num_stimts from 2 to 6 due to -ortvec
++ 3dDeconvolve: AFNI version=AFNI_18.2.04 (Jul  6 2018) [64-bit]
++ Authored by: B. Douglas Ward, et al.
++ current memory malloc-ated = 254,627 bytes (about 255 thousand [kilo])
++ loading dataset /projects/sanlab/shared/CHIVES/bids_data/derivatives/fmriprep/sub-CHIVES1012/ses-wave1/func/s6_sub-CHIVES1012_ses-wave1_task-money_bold_space-MNI152NLin2009cAsym_preproc.nii
++ current memory malloc-ated = 1,545,403,487 bytes (about 1.5 billion [giga])
++ forcibly using TR=2.0000 seconds for -input dataset
++ Skipping check for initial transients
++ Imaging duration=714.0 s; Automatic polort=5
++ -stim_times using TR=2 s for stimulus timing conversion
++ -stim_times using TR=2 s for any -iresp output datasets
++  [you can alter the -iresp TR via the -TR_times option]
++ ** -stim_times NOTE ** guessing GLOBAL times if 1 time per line; LOCAL otherwise
++ ** GUESSED ** -stim_times_AM2 1 using LOCAL times
++ '-stim_times_AM2 1' average amplitude#1=0.754237
++ ** GUESSED ** -stim_times_AM1 2 using LOCAL times
------------------------------------------------------------
GLT matrix from 'SYM: AllConds[0]':
   0   0   0   0   0   0   1   0   0   0   0   0   0 
 
------------------------------------------------------------
GLT matrix from 'SYM: AllConds[1]':
   0   0   0   0   0   0   0   1   0   0   0   0   0 
 
++ Number of time points: 357 (no censoring)
 + Number of parameters:  13 [10 baseline ; 3 signal]
++ total shared memory needed = 3,155,214,060 bytes (about 3.2 billion [giga])
++ current memory malloc-ated = 1,546,531,421 bytes (about 1.5 billion [giga])
++ mmap() memory allocated: 3,155,214,060 bytes (about 3.2 billion [giga])
++ Memory required for output bricks = 3,155,214,060 bytes (about 3.2 billion [giga])
++ Wrote matrix values to file CHIVES1012_AllCondPmod_xmat.1D
++ ========= Things you can do with the matrix file =========
++ (a) Linear regression with ARMA(1,1) modeling of serial correlation:

3dREMLfit -matrix CHIVES1012_AllCondPmod_xmat.1D -input /projects/sanlab/shared/CHIVES/bids_data/derivatives/fmriprep/sub-CHIVES1012/ses-wave1/func/s6_sub-CHIVES1012_ses-wave1_task-money_bold_space-MNI152NLin2009cAsym_preproc.nii \
 -mask /projects/sanlab/shared/CHIVES/bids_data/derivatives/fmriprep/sub-CHIVES1012/ses-wave1/func/sub-CHIVES1012_ses-wave1_task-money_bold_space-MNI152NLin2009cAsym_brainmask.nii.gz \
 -fout -tout -Rbuck CHIVES1012_AllCondPmod_stats_REML -Rvar CHIVES1012_AllCondPmod_stats_REMLvar \
 -Rfitts CHIVES1012_AllCondPmod_REML -Rerrts CHIVES1012_AllCondPmod_REML -verb
 
++ N.B.: 3dREMLfit command above written to file CHIVES1012_AllCondPmod_stats.REML_cmd
++ (b) Visualization/analysis of the matrix via ExamineXmat.R
++ (c) Synthesis of sub-model datasets using 3dSynthesize
++ ==========================================================
++ Wrote matrix values to file CHIVES1012_AllCondPmod_uncensor_xmat.1D
++ ----- Signal+Baseline matrix condition [X] (357x13):  2.7397  ++ VERY GOOD ++
++ ----- Signal-only matrix condition [X] (357x3):  1.53049  ++ VERY GOOD ++
++ ----- Baseline-only matrix condition [X] (357x10):  2.65601  ++ VERY GOOD ++
++ ----- stim_base-only matrix condition [X] (357x4):  1.43487  ++ VERY GOOD ++
++ ----- polort-only matrix condition [X] (357x6):  1.01526  ++ VERY GOOD ++
++ +++++ Matrix inverse average error = 7.94959e-16  ++ VERY GOOD ++
++ Matrix setup time = 0.01 s
++ Voxels in dataset: 1082035
++ Voxels in mask:    270636
++ Voxels per job:    13531
++ Job #1: processing voxels 184254 to 240592; elapsed time=5.053
++ Job #2: processing voxels 240593 to 285594; elapsed time=5.073
++ Job #3: processing voxels 285595 to 321134; elapsed time=5.093
++ Job #4: processing voxels 321135 to 352953; elapsed time=5.114
++ Job #5: processing voxels 352954 to 383581; elapsed time=5.135
++ Job #6: processing voxels 383582 to 409803; elapsed time=5.156
++ Job #7: processing voxels 409804 to 439176; elapsed time=5.177
++ Job #8: processing voxels 439177 to 464897; elapsed time=5.198
++ Job #9: processing voxels 464898 to 494248; elapsed time=5.220
++ Job #10: processing voxels 494249 to 520181; elapsed time=5.242
++ Job #11: processing voxels 520182 to 550238; elapsed time=5.264
++ Job #12: processing voxels 550239 to 576917; elapsed time=5.287
++ Job #13: processing voxels 576918 to 608110; elapsed time=5.309
++ Job #14: processing voxels 608111 to 640444; elapsed time=5.346
++ Job #15: processing voxels 640445 to 673988; elapsed time=5.363
++ Job #16: processing voxels 673989 to 709132; elapsed time=5.395
++ Job #17: processing voxels 709133 to 752362; elapsed time=5.426
++ Job #18: processing voxels 752363 to 807080; elapsed time=5.452
++ Job #0: processing voxels 0 to 184253; elapsed time=5.474
++ voxel loop:0123456++ Job #19: processing voxels 807081 to 1082034; elapsed time=5.478
789.0123456789.0123456789.0123456++ Job #2 finished; elapsed time=5.891
++ Job #1 finished; elapsed time=5.918
789.++ Job #3 finished; elapsed time=5.948
++ Job #5 finished; elapsed time=5.981
++ Job #4 finished; elapsed time=5.982
++ Job #7 finished; elapsed time=6.020
012++ Job #10 finished; elapsed time=6.042
++ Job #9 finished; elapsed time=6.059
++ Job #6 finished; elapsed time=6.063
++ Job #11 finished; elapsed time=6.096
++ Job #8 finished; elapsed time=6.097
3++ Job #12 finished; elapsed time=6.125
45++ Job #13 finished; elapsed time=6.144
++ Job #14 finished; elapsed time=6.203
++ Job #15 finished; elapsed time=6.212
6++ Job #16 finished; elapsed time=6.241
78++ Job #17 finished; elapsed time=6.250
9.
++ Job #0 waiting for children to finish; elapsed time=6.328
++ Job #18 finished; elapsed time=6.398
++ Job #19 finished; elapsed time=6.455
++ Job #0 now finishing up; elapsed time=6.472
++ Smallest FDR q [0 Full_Fstat] = 2.29901e-14
++ Smallest FDR q [2 AllConds#0_Tstat] = 5.21227e-13
++ Smallest FDR q [4 AllConds#1_Tstat] = 0.000159643
++ Smallest FDR q [5 AllConds_Fstat] = 5.80067e-13
++ Smallest FDR q [7 BidsNMiss#0_Tstat] = 3.88529e-14
++ Smallest FDR q [8 BidsNMiss_Fstat] = 3.88529e-14
++ Smallest FDR q [10 CondGtRest_GLT#0_Tstat] = 5.21227e-13
++ Smallest FDR q [11 CondGtRest_GLT_Fstat] = 5.21249e-13
++ Smallest FDR q [13 Pmod_GLT#0_Tstat] = 0.000159643
++ Smallest FDR q [14 Pmod_GLT_Fstat] = 0.000159645
++ Wrote bucket dataset into ./CHIVES1012_AllCondPmod_stats+tlrc.BRIK
 + created 10 FDR curves in bucket header
++ Wrote 3D+time dataset into ./CHIVES1012_AllCondPmod+tlrc.BRIK
++ Wrote 3D+time dataset into ./CHIVES1012_AllCondPmod+tlrc.BRIK
++ Program finished; elapsed time=22.688
++ 3dREMLfit: AFNI version=AFNI_18.2.04 (Jul  6 2018) [64-bit]
++ Authored by: RWCox
** AFNI converts NIFTI_datatype=4 (INT16) in file /projects/sanlab/shared/CHIVES/bids_data/derivatives/fmriprep/sub-CHIVES1012/ses-wave1/func/s6_sub-CHIVES1012_ses-wave1_task-money_bold_space-MNI152NLin2009cAsym_preproc.nii to FLOAT32
     Warnings of this type will be muted for this session.
     Set AFNI_NIFTI_TYPE_WARN to YES to see them all, NO to see none.
++ Number of voxels in mask = 270636
++ Number of OpenMP threads = 15
++ -----  matrix condition (357x13):  2.7397  ++ VERY GOOD ++
++ Loading input dataset into memory
++ Converting input dataset to vector image
 +  dataset = 1.5 billion [giga] bytes
 +  vectim  = 388 million [mega] bytes
++ starting REML setup calculations; total CPU=0.00 Elapsed=4.20
 + X matrix: 99.526% of elements are nonzero
 + starting 15 OpenMP threads for REML setup
 + REML setup finished: matrix rows=357 cols=13; 109*1 cases; total CPU=0.00 Elapsed=4.20
 +  average case bandwidth = 13.00
++ REML voxel loop: [15 threads]0123456789.012
 + ARMA voxel parameters estimated: total CPU=0.00 Elapsed=21.24
++ GLSQ loop:0123456789.0123456789.0123456789.0123456789.0123456789.
 + GLSQ regression done: total CPU=0.00 Elapsed=46.99
++ Output dataset ./CHIVES1012_AllCondPmod_stats_REMLvar+tlrc.BRIK
++ Output dataset ./CHIVES1012_AllCondPmod_REML+tlrc.BRIK
[7m** ERROR:[0m output dataset name 'CHIVES1012_AllCondPmod_REML' conflicts with existing file
[7m** ERROR:[0m dataset NOT written to disk!
++ creating FDR curves in dataset CHIVES1012_AllCondPmod_stats_REML+tlrc
++ Smallest FDR q [0 Full_Fstat] = 3.10179e-14
++ Smallest FDR q [2 AllConds#0_Tstat] = 4.91198e-13
[7m*+ WARNING:[0m Smallest FDR q [4 AllConds#1_Tstat] = 0.283659 ==> few true single voxel detections
++ Smallest FDR q [5 AllConds_Fstat] = 6.71631e-13
++ Smallest FDR q [7 BidsNMiss#0_Tstat] = 4.73843e-14
++ Smallest FDR q [8 BidsNMiss_Fstat] = 4.73843e-14
++ Smallest FDR q [10 CondGtRest#0_Tstat] = 4.91198e-13
++ Smallest FDR q [11 CondGtRest_Fstat] = 4.91198e-13
[7m*+ WARNING:[0m Smallest FDR q [13 Pmod#0_Tstat] = 0.283659 ==> few true single voxel detections
[7m*+ WARNING:[0m Smallest FDR q [14 Pmod_Fstat] = 0.283659 ==> few true single voxel detections
 + Added 10 FDR curves to dataset CHIVES1012_AllCondPmod_stats_REML+tlrc
++ Output dataset ./CHIVES1012_AllCondPmod_stats_REML+tlrc.BRIK
 + unloading input dataset and REML matrices
++ 3dREMLfit is all done! total CPU=0.00 Elapsed=62.54
** AFNI converts NIFTI_datatype=4 (INT16) in file /projects/sanlab/shared/CHIVES/bids_data/derivatives/fmriprep/sub-CHIVES1012/ses-wave1/func/s6_sub-CHIVES1012_ses-wave1_task-money_bold_space-MNI152NLin2009cAsym_preproc.nii to FLOAT32
     Warnings of this type will be muted for this session.
     Set AFNI_NIFTI_TYPE_WARN to YES to see them all, NO to see none.
++ '-stim_times_AM2 1 /projects/sanlab/shared/CHIVES/CHIVES_WTP_scripts/behavioral/money/afni_timing_files/CHIVES1012/HealthyPmod.1D' has 1 auxiliary values per time point
++ '-stim_times_AM2 1 /projects/sanlab/shared/CHIVES/CHIVES_WTP_scripts/behavioral/money/afni_timing_files/CHIVES1012/HealthyPmod.1D' will have 2 regressors
++ '-stim_times_AM2 2 /projects/sanlab/shared/CHIVES/CHIVES_WTP_scripts/behavioral/money/afni_timing_files/CHIVES1012/UnhealthyPmod.1D' has 1 auxiliary values per time point
++ '-stim_times_AM2 2 /projects/sanlab/shared/CHIVES/CHIVES_WTP_scripts/behavioral/money/afni_timing_files/CHIVES1012/UnhealthyPmod.1D' will have 2 regressors
++ '-stim_times_AM1 3 /projects/sanlab/shared/CHIVES/CHIVES_WTP_scripts/behavioral/money/afni_timing_files/CHIVES1012/BidOnsDur.1D' has 1 auxiliary values per time point
++ '-stim_times_AM1 3': basis function model 'dmBLOCK(1)' uses 1 parameters,
    out of the 1 found in timing file '/projects/sanlab/shared/CHIVES/CHIVES_WTP_scripts/behavioral/money/afni_timing_files/CHIVES1012/BidOnsDur.1D'
++ 3dDeconvolve extending num_stimts from 3 to 7 due to -ortvec
++ 3dDeconvolve: AFNI version=AFNI_18.2.04 (Jul  6 2018) [64-bit]
++ Authored by: B. Douglas Ward, et al.
++ current memory malloc-ated = 281,893 bytes (about 282 thousand [kilo])
++ loading dataset /projects/sanlab/shared/CHIVES/bids_data/derivatives/fmriprep/sub-CHIVES1012/ses-wave1/func/s6_sub-CHIVES1012_ses-wave1_task-money_bold_space-MNI152NLin2009cAsym_preproc.nii
++ current memory malloc-ated = 1,545,430,753 bytes (about 1.5 billion [giga])
++ forcibly using TR=2.0000 seconds for -input dataset
++ Skipping check for initial transients
++ Imaging duration=714.0 s; Automatic polort=5
++ -stim_times using TR=2 s for stimulus timing conversion
++ -stim_times using TR=2 s for any -iresp output datasets
++  [you can alter the -iresp TR via the -TR_times option]
++ ** -stim_times NOTE ** guessing GLOBAL times if 1 time per line; LOCAL otherwise
++ ** GUESSED ** -stim_times_AM2 1 using LOCAL times
++ '-stim_times_AM2 1' average amplitude#1=0.827586
++ ** GUESSED ** -stim_times_AM2 2 using LOCAL times
++ '-stim_times_AM2 2' average amplitude#1=0.683333
++ ** GUESSED ** -stim_times_AM1 3 using LOCAL times
------------------------------------------------------------
GLT matrix from 'SYM: HealthyPmod[0]':
   0   0   0   0   0   0   1   0   0   0   0   0   0   0   0 
 
------------------------------------------------------------
GLT matrix from 'SYM: HealthyPmod[1]':
   0   0   0   0   0   0   0   1   0   0   0   0   0   0   0 
 
------------------------------------------------------------
GLT matrix from 'SYM: UnhealthyPmod[0]':
   0   0   0   0   0   0   0   0   1   0   0   0   0   0   0 
 
------------------------------------------------------------
GLT matrix from 'SYM: UnhealthyPmod[1]':
   0   0   0   0   0   0   0   0   0   1   0   0   0   0   0 
 
------------------------------------------------------------
GLT matrix from 'SYM: HealthyPmod[0] -UnhealthyPmod[0]':
   0   0   0   0   0   0   1   0  -1   0   0   0   0   0   0 
 
------------------------------------------------------------
GLT matrix from 'SYM: HealthyPmod[1] -UnhealthyPmod[1]':
   0   0   0   0   0   0   0   1   0  -1   0   0   0   0   0 
 
++ Number of time points: 357 (no censoring)
 + Number of parameters:  15 [10 baseline ; 5 signal]
++ total shared memory needed = 3,228,792,440 bytes (about 3.2 billion [giga])
++ current memory malloc-ated = 1,546,563,255 bytes (about 1.5 billion [giga])
++ mmap() memory allocated: 3,228,792,440 bytes (about 3.2 billion [giga])
++ Memory required for output bricks = 3,228,792,440 bytes (about 3.2 billion [giga])
++ Wrote matrix values to file CHIVES1012_2CondPmod_xmat.1D
++ ========= Things you can do with the matrix file =========
++ (a) Linear regression with ARMA(1,1) modeling of serial correlation:

3dREMLfit -matrix CHIVES1012_2CondPmod_xmat.1D -input /projects/sanlab/shared/CHIVES/bids_data/derivatives/fmriprep/sub-CHIVES1012/ses-wave1/func/s6_sub-CHIVES1012_ses-wave1_task-money_bold_space-MNI152NLin2009cAsym_preproc.nii \
 -mask /projects/sanlab/shared/CHIVES/bids_data/derivatives/fmriprep/sub-CHIVES1012/ses-wave1/func/sub-CHIVES1012_ses-wave1_task-money_bold_space-MNI152NLin2009cAsym_brainmask.nii.gz \
 -fout -tout -Rbuck CHIVES1012_2CondPmod_stats_REML -Rvar CHIVES1012_2CondPmod_stats_REMLvar \
 -Rfitts CHIVES1012_2CondPmod_REML -Rerrts CHIVES1012_2CondPmod_REML -verb
 
++ N.B.: 3dREMLfit command above written to file CHIVES1012_2CondPmod_stats.REML_cmd
++ (b) Visualization/analysis of the matrix via ExamineXmat.R
++ (c) Synthesis of sub-model datasets using 3dSynthesize
++ ==========================================================
++ Wrote matrix values to file CHIVES1012_2CondPmod_uncensor_xmat.1D
++ ----- Signal+Baseline matrix condition [X] (357x15):  2.74635  ++ VERY GOOD ++
++ ----- Signal-only matrix condition [X] (357x5):  1.53051  ++ VERY GOOD ++
++ ----- Baseline-only matrix condition [X] (357x10):  2.65601  ++ VERY GOOD ++
++ ----- stim_base-only matrix condition [X] (357x4):  1.43487  ++ VERY GOOD ++
++ ----- polort-only matrix condition [X] (357x6):  1.01526  ++ VERY GOOD ++
++ +++++ Matrix inverse average error = 9.72878e-16  ++ VERY GOOD ++
++ Matrix setup time = 0.01 s
++ Voxels in dataset: 1082035
++ Voxels in mask:    270636
++ Voxels per job:    13531
++ Job #1: processing voxels 184254 to 240592; elapsed time=4.309
++ Job #2: processing voxels 240593 to 285594; elapsed time=4.329
++ Job #3: processing voxels 285595 to 321134; elapsed time=4.349
++ Job #4: processing voxels 321135 to 352953; elapsed time=4.370
++ Job #5: processing voxels 352954 to 383581; elapsed time=4.392
++ Job #6: processing voxels 383582 to 409803; elapsed time=4.413
++ Job #7: processing voxels 409804 to 439176; elapsed time=4.435
++ Job #8: processing voxels 439177 to 464897; elapsed time=4.457
++ Job #9: processing voxels 464898 to 494248; elapsed time=4.479
++ Job #10: processing voxels 494249 to 520181; elapsed time=4.502
++ Job #11: processing voxels 520182 to 550238; elapsed time=4.525
++ Job #12: processing voxels 550239 to 576917; elapsed time=4.548
++ Job #13: processing voxels 576918 to 608110; elapsed time=4.585
++ Job #14: processing voxels 608111 to 640444; elapsed time=4.594
++ Job #15: processing voxels 640445 to 673988; elapsed time=4.618
++ Job #16: processing voxels 673989 to 709132; elapsed time=4.655
++ Job #17: processing voxels 709133 to 752362; elapsed time=4.665
++ Job #18: processing voxels 752363 to 807080; elapsed time=4.703
++ Job #19: processing voxels 807081 to 1082034; elapsed time=4.713
++ Job #0: processing voxels 0 to 184253; elapsed time=4.723
++ voxel loop:0123456789.0123456789.0123456789.0123456789.012++ Job #2 finished; elapsed time=5.448
++ Job #4 finished; elapsed time=5.482
3++ Job #6 finished; elapsed time=5.523
45++ Job #5 finished; elapsed time=5.543
++ Job #8 finished; elapsed time=5.557
++ Job #7 finished; elapsed time=5.585
++ Job #10 finished; elapsed time=5.608
++ Job #9 finished; elapsed time=5.621
6++ Job #12 finished; elapsed time=5.655
78++ Job #14 finished; elapsed time=5.701
++ Job #15 finished; elapsed time=5.729
++ Job #11 finished; elapsed time=5.733
++ Job #17 finished; elapsed time=5.784
9.
++ Job #0 waiting for children to finish; elapsed time=5.819
++ Job #13 finished; elapsed time=5.960
++ Job #1 finished; elapsed time=5.966
++ Job #3 finished; elapsed time=5.973
++ Job #19 finished; elapsed time=6.052
++ Job #16 finished; elapsed time=6.260
++ Job #18 finished; elapsed time=6.263
++ Job #0 now finishing up; elapsed time=6.292
++ Smallest FDR q [0 Full_Fstat] = 1.97408e-14
++ Smallest FDR q [2 HealthyPmod#0_Tstat] = 8.7428e-12
++ Smallest FDR q [4 HealthyPmod#1_Tstat] = 5.98256e-08
++ Smallest FDR q [5 HealthyPmod_Fstat] = 1.09427e-11
++ Smallest FDR q [7 UnhealthyPmod#0_Tstat] = 8.15565e-13
++ Smallest FDR q [9 UnhealthyPmod#1_Tstat] = 0.000265885
++ Smallest FDR q [10 UnhealthyPmod_Fstat] = 1.02343e-12
++ Smallest FDR q [12 BidsNMiss#0_Tstat] = 3.7197e-14
++ Smallest FDR q [13 BidsNMiss_Fstat] = 3.71974e-14
++ Smallest FDR q [15 HealthyGtRest_GLT#0_Tstat] = 8.7428e-12
++ Smallest FDR q [16 HealthyGtRest_GLT_Fstat] = 8.74297e-12
++ Smallest FDR q [18 HealthyPmod_GLT#0_Tstat] = 5.98256e-08
++ Smallest FDR q [19 HealthyPmod_GLT_Fstat] = 5.98269e-08
++ Smallest FDR q [21 UnhealthyGtRest_GLT#0_Tstat] = 8.15565e-13
++ Smallest FDR q [22 UnhealthyGtRest_GLT_Fstat] = 8.15531e-13
++ Smallest FDR q [24 UnhealthyPmod_GLT#0_Tstat] = 0.000265885
++ Smallest FDR q [25 UnhealthyPmod_GLT_Fstat] = 0.000265887
++ Smallest FDR q [27 HealthyGtUnhealthy_GLT#0_Tstat] = 0.0158915
++ Smallest FDR q [28 HealthyGtUnhealthy_GLT_Fstat] = 0.0158919
++ Smallest FDR q [30 HealthyGtUnhealthyPmod_GLT#0_Tstat] = 9.4102e-09
++ Smallest FDR q [31 HealthyGtUnhealthyPmod_GLT_Fstat] = 9.40999e-09
++ Wrote bucket dataset into ./CHIVES1012_2CondPmod_stats+tlrc.BRIK
 + created 21 FDR curves in bucket header
++ Wrote 3D+time dataset into ./CHIVES1012_2CondPmod+tlrc.BRIK
++ Wrote 3D+time dataset into ./CHIVES1012_2CondPmod+tlrc.BRIK
++ Program finished; elapsed time=38.586
++ 3dREMLfit: AFNI version=AFNI_18.2.04 (Jul  6 2018) [64-bit]
++ Authored by: RWCox
** AFNI converts NIFTI_datatype=4 (INT16) in file /projects/sanlab/shared/CHIVES/bids_data/derivatives/fmriprep/sub-CHIVES1012/ses-wave1/func/s6_sub-CHIVES1012_ses-wave1_task-money_bold_space-MNI152NLin2009cAsym_preproc.nii to FLOAT32
     Warnings of this type will be muted for this session.
     Set AFNI_NIFTI_TYPE_WARN to YES to see them all, NO to see none.
++ Number of voxels in mask = 270636
++ Number of OpenMP threads = 15
++ -----  matrix condition (357x15):  2.74635  ++ VERY GOOD ++
++ Loading input dataset into memory
++ Converting input dataset to vector image
 +  dataset = 1.5 billion [giga] bytes
 +  vectim  = 388 million [mega] bytes
++ starting REML setup calculations; total CPU=0.00 Elapsed=4.90
 + X matrix: 89.430% of elements are nonzero
 + starting 15 OpenMP threads for REML setup
 + REML setup finished: matrix rows=357 cols=15; 109*1 cases; total CPU=0.00 Elapsed=4.91
 +  average case bandwidth = 13.00
++ REML voxel loop: [15 threads]0123456789.012
 + ARMA voxel parameters estimated: total CPU=0.00 Elapsed=22.35
++ GLSQ loop:0123456789.0123456789.0123456789.0123456789.0123456789.
 + GLSQ regression done: total CPU=0.00 Elapsed=60.92
++ Output dataset ./CHIVES1012_2CondPmod_stats_REMLvar+tlrc.BRIK
++ Output dataset ./CHIVES1012_2CondPmod_REML+tlrc.BRIK
[7m** ERROR:[0m output dataset name 'CHIVES1012_2CondPmod_REML' conflicts with existing file
[7m** ERROR:[0m dataset NOT written to disk!
++ creating FDR curves in dataset CHIVES1012_2CondPmod_stats_REML+tlrc
++ Smallest FDR q [0 Full_Fstat] = 3.75499e-14
++ Smallest FDR q [2 HealthyPmod#0_Tstat] = 2.85689e-11
++ Smallest FDR q [4 HealthyPmod#1_Tstat] = 0.0351378
++ Smallest FDR q [5 HealthyPmod_Fstat] = 9.29797e-11
++ Smallest FDR q [7 UnhealthyPmod#0_Tstat] = 2.62956e-12
[7m*+ WARNING:[0m Smallest FDR q [9 UnhealthyPmod#1_Tstat] = 0.87288 ==> few true single voxel detections
++ Smallest FDR q [10 UnhealthyPmod_Fstat] = 4.43193e-12
++ Smallest FDR q [12 BidsNMiss#0_Tstat] = 4.66798e-14
++ Smallest FDR q [13 BidsNMiss_Fstat] = 4.66798e-14
++ Smallest FDR q [15 HealthyGtRest#0_Tstat] = 2.85689e-11
++ Smallest FDR q [16 HealthyGtRest_Fstat] = 2.85689e-11
++ Smallest FDR q [18 HealthyPmod#0_Tstat] = 0.0351378
++ Smallest FDR q [19 HealthyPmod_Fstat] = 0.0351378
++ Smallest FDR q [21 UnhealthyGtRest#0_Tstat] = 2.62956e-12
++ Smallest FDR q [22 UnhealthyGtRest_Fstat] = 2.62956e-12
[7m*+ WARNING:[0m Smallest FDR q [24 UnhealthyPmod#0_Tstat] = 0.87288 ==> few true single voxel detections
[7m*+ WARNING:[0m Smallest FDR q [25 UnhealthyPmod_Fstat] = 0.87288 ==> few true single voxel detections
[7m*+ WARNING:[0m Smallest FDR q [27 HealthyGtUnhealthy#0_Tstat] = 0.797228 ==> few true single voxel detections
[7m*+ WARNING:[0m Smallest FDR q [28 HealthyGtUnhealthy_Fstat] = 0.797228 ==> few true single voxel detections
++ Smallest FDR q [30 HealthyGtUnhealthyPmod#0_Tstat] = 0.00981478
++ Smallest FDR q [31 HealthyGtUnhealthyPmod_Fstat] = 0.00981478
 + Added 21 FDR curves to dataset CHIVES1012_2CondPmod_stats_REML+tlrc
++ Output dataset ./CHIVES1012_2CondPmod_stats_REML+tlrc.BRIK
 + unloading input dataset and REML matrices
++ 3dREMLfit is all done! total CPU=0.00 Elapsed=91.55
** AFNI converts NIFTI_datatype=4 (INT16) in file /projects/sanlab/shared/CHIVES/bids_data/derivatives/fmriprep/sub-CHIVES1012/ses-wave1/func/s6_sub-CHIVES1012_ses-wave1_task-money_bold_space-MNI152NLin2009cAsym_preproc.nii to FLOAT32
     Warnings of this type will be muted for this session.
     Set AFNI_NIFTI_TYPE_WARN to YES to see them all, NO to see none.
++ '-stim_times_AM1 3 /projects/sanlab/shared/CHIVES/CHIVES_WTP_scripts/behavioral/money/afni_timing_files/CHIVES1012/BidOnsDur.1D' has 1 auxiliary values per time point
++ '-stim_times_AM1 3': basis function model 'dmBLOCK(1)' uses 1 parameters,
    out of the 1 found in timing file '/projects/sanlab/shared/CHIVES/CHIVES_WTP_scripts/behavioral/money/afni_timing_files/CHIVES1012/BidOnsDur.1D'
++ 3dDeconvolve extending num_stimts from 3 to 7 due to -ortvec
++ 3dDeconvolve: AFNI version=AFNI_18.2.04 (Jul  6 2018) [64-bit]
++ Authored by: B. Douglas Ward, et al.
++ current memory malloc-ated = 265,653 bytes (about 266 thousand [kilo])
++ loading dataset /projects/sanlab/shared/CHIVES/bids_data/derivatives/fmriprep/sub-CHIVES1012/ses-wave1/func/s6_sub-CHIVES1012_ses-wave1_task-money_bold_space-MNI152NLin2009cAsym_preproc.nii
++ current memory malloc-ated = 1,545,414,513 bytes (about 1.5 billion [giga])
++ forcibly using TR=2.0000 seconds for -input dataset
++ Skipping check for initial transients
++ Imaging duration=714.0 s; Automatic polort=5
++ -stim_times using TR=2 s for stimulus timing conversion
++ -stim_times using TR=2 s for any -iresp output datasets
++  [you can alter the -iresp TR via the -TR_times option]
++ ** -stim_times NOTE ** guessing GLOBAL times if 1 time per line; LOCAL otherwise
++ ** GUESSED ** -stim_times 1 using LOCAL times
++ ** GUESSED ** -stim_times 2 using LOCAL times
++ ** GUESSED ** -stim_times_AM1 3 using LOCAL times
------------------------------------------------------------
GLT matrix from 'SYM: Healthy':
   0   0   0   0   0   0   1   0   0   0   0   0   0 
 
------------------------------------------------------------
GLT matrix from 'SYM: Unhealthy':
   0   0   0   0   0   0   0   1   0   0   0   0   0 
 
------------------------------------------------------------
GLT matrix from 'SYM: Healthy -Unhealthy':
   0   0   0   0   0   0   1  -1   0   0   0   0   0 
 
++ Number of time points: 357 (no censoring)
 + Number of parameters:  13 [10 baseline ; 3 signal]
++ total shared memory needed = 3,172,526,620 bytes (about 3.2 billion [giga])
++ current memory malloc-ated = 1,546,542,485 bytes (about 1.5 billion [giga])
++ mmap() memory allocated: 3,172,526,620 bytes (about 3.2 billion [giga])
++ Memory required for output bricks = 3,172,526,620 bytes (about 3.2 billion [giga])
++ Wrote matrix values to file CHIVES1012_2Cond_xmat.1D
++ ========= Things you can do with the matrix file =========
++ (a) Linear regression with ARMA(1,1) modeling of serial correlation:

3dREMLfit -matrix CHIVES1012_2Cond_xmat.1D -input /projects/sanlab/shared/CHIVES/bids_data/derivatives/fmriprep/sub-CHIVES1012/ses-wave1/func/s6_sub-CHIVES1012_ses-wave1_task-money_bold_space-MNI152NLin2009cAsym_preproc.nii \
 -mask /projects/sanlab/shared/CHIVES/bids_data/derivatives/fmriprep/sub-CHIVES1012/ses-wave1/func/sub-CHIVES1012_ses-wave1_task-money_bold_space-MNI152NLin2009cAsym_brainmask.nii.gz \
 -fout -tout -Rbuck CHIVES1012_2Cond_stats_REML -Rvar CHIVES1012_2Cond_stats_REMLvar \
 -Rfitts CHIVES1012_2Cond_REML -Rerrts CHIVES1012_2Cond_REML -verb
 
++ N.B.: 3dREMLfit command above written to file CHIVES1012_2Cond_stats.REML_cmd
++ (b) Visualization/analysis of the matrix via ExamineXmat.R
++ (c) Synthesis of sub-model datasets using 3dSynthesize
++ ==========================================================
++ Wrote matrix values to file CHIVES1012_2Cond_uncensor_xmat.1D
++ ----- Signal+Baseline matrix condition [X] (357x13):  2.74203  ++ VERY GOOD ++
++ ----- Signal-only matrix condition [X] (357x3):  1.53042  ++ VERY GOOD ++
++ ----- Baseline-only matrix condition [X] (357x10):  2.65601  ++ VERY GOOD ++
++ ----- stim_base-only matrix condition [X] (357x4):  1.43487  ++ VERY GOOD ++
++ ----- polort-only matrix condition [X] (357x6):  1.01526  ++ VERY GOOD ++
++ +++++ Matrix inverse average error = 8.72193e-16  ++ VERY GOOD ++
++ Matrix setup time = 0.01 s
++ Voxels in dataset: 1082035
++ Voxels in mask:    270636
++ Voxels per job:    13531
++ Job #1: processing voxels 184254 to 240592; elapsed time=4.252
++ Job #2: processing voxels 240593 to 285594; elapsed time=4.272
++ Job #3: processing voxels 285595 to 321134; elapsed time=4.293
++ Job #4: processing voxels 321135 to 352953; elapsed time=4.314
++ Job #5: processing voxels 352954 to 383581; elapsed time=4.336
++ Job #6: processing voxels 383582 to 409803; elapsed time=4.357
++ Job #7: processing voxels 409804 to 439176; elapsed time=4.380
++ Job #8: processing voxels 439177 to 464897; elapsed time=4.403
++ Job #9: processing voxels 464898 to 494248; elapsed time=4.426
++ Job #10: processing voxels 494249 to 520181; elapsed time=4.449
++ Job #11: processing voxels 520182 to 550238; elapsed time=4.473
++ Job #12: processing voxels 550239 to 576917; elapsed time=4.496
++ Job #13: processing voxels 576918 to 608110; elapsed time=4.534
++ Job #14: processing voxels 608111 to 640444; elapsed time=4.544
++ Job #15: processing voxels 640445 to 673988; elapsed time=4.570
++ Job #16: processing voxels 673989 to 709132; elapsed time=4.609
++ Job #17: processing voxels 709133 to 752362; elapsed time=4.634
++ Job #18: processing voxels 752363 to 807080; elapsed time=4.659
++ Job #0: processing voxels 0 to 184253; elapsed time=4.680
++ voxel loop:0123456++ Job #19: processing voxels 807081 to 1082034; elapsed time=4.684
789.0123456789.0123456789.0123456789.++ Job #2 finished; elapsed time=5.185
0++ Job #4 finished; elapsed time=5.218
12++ Job #6 finished; elapsed time=5.259
++ Job #5 finished; elapsed time=5.283
++ Job #8 finished; elapsed time=5.299
3++ Job #7 finished; elapsed time=5.327
++ Job #3 finished; elapsed time=5.340
45++ Job #10 finished; elapsed time=5.349
++ Job #9 finished; elapsed time=5.365
++ Job #12 finished; elapsed time=5.397
6++ Job #14 finished; elapsed time=5.444
++ Job #13 finished; elapsed time=5.445
78++ Job #15 finished; elapsed time=5.476
++ Job #16 finished; elapsed time=5.525
++ Job #1 finished; elapsed time=5.570
9.
++ Job #0 waiting for children to finish; elapsed time=5.570
++ Job #19 finished; elapsed time=5.705
++ Job #11 finished; elapsed time=5.748
++ Job #17 finished; elapsed time=5.896
++ Job #18 finished; elapsed time=5.919
++ Job #0 now finishing up; elapsed time=5.938
++ Smallest FDR q [0 Full_Fstat] = 2.16441e-14
++ Smallest FDR q [2 Healthy#0_Tstat] = 9.04812e-12
++ Smallest FDR q [3 Healthy_Fstat] = 9.04821e-12
++ Smallest FDR q [5 Unhealthy#0_Tstat] = 8.98246e-13
++ Smallest FDR q [6 Unhealthy_Fstat] = 8.98302e-13
++ Smallest FDR q [8 BidsNMiss#0_Tstat] = 3.80056e-14
++ Smallest FDR q [9 BidsNMiss_Fstat] = 3.80046e-14
++ Smallest FDR q [11 HealthyGtRest_GLT#0_Tstat] = 9.04812e-12
++ Smallest FDR q [12 HealthyGtRest_GLT_Fstat] = 9.04842e-12
++ Smallest FDR q [14 UnhealthyGtRest_GLT#0_Tstat] = 8.98246e-13
++ Smallest FDR q [15 UnhealthyGtRest_GLT_Fstat] = 8.98302e-13
++ Smallest FDR q [17 HealthyGtUnhealthy_GLT#0_Tstat] = 0.023139
++ Smallest FDR q [18 HealthyGtUnhealthy_GLT_Fstat] = 0.0231385
++ Wrote bucket dataset into ./CHIVES1012_2Cond_stats+tlrc.BRIK
 + created 13 FDR curves in bucket header
++ Wrote 3D+time dataset into ./CHIVES1012_2Cond+tlrc.BRIK
++ Wrote 3D+time dataset into ./CHIVES1012_2Cond+tlrc.BRIK
++ Program finished; elapsed time=25.651
++ 3dREMLfit: AFNI version=AFNI_18.2.04 (Jul  6 2018) [64-bit]
++ Authored by: RWCox
** AFNI converts NIFTI_datatype=4 (INT16) in file /projects/sanlab/shared/CHIVES/bids_data/derivatives/fmriprep/sub-CHIVES1012/ses-wave1/func/s6_sub-CHIVES1012_ses-wave1_task-money_bold_space-MNI152NLin2009cAsym_preproc.nii to FLOAT32
     Warnings of this type will be muted for this session.
     Set AFNI_NIFTI_TYPE_WARN to YES to see them all, NO to see none.
++ Number of voxels in mask = 270636
++ Number of OpenMP threads = 15
++ -----  matrix condition (357x13):  2.74203  ++ VERY GOOD ++
++ Loading input dataset into memory
++ Converting input dataset to vector image
 +  dataset = 1.5 billion [giga] bytes
 +  vectim  = 388 million [mega] bytes
++ starting REML setup calculations; total CPU=0.00 Elapsed=4.40
 + X matrix: 93.816% of elements are nonzero
 + starting 15 OpenMP threads for REML setup
 + REML setup finished: matrix rows=357 cols=13; 109*1 cases; total CPU=0.00 Elapsed=4.41
 +  average case bandwidth = 13.00
++ REML voxel loop: [15 threads]0123456789.012
 + ARMA voxel parameters estimated: total CPU=0.00 Elapsed=21.19
++ GLSQ loop:0123456789.0123456789.0123456789.0123456789.0123456789.
 + GLSQ regression done: total CPU=0.00 Elapsed=51.01
++ Output dataset ./CHIVES1012_2Cond_stats_REMLvar+tlrc.BRIK
++ Output dataset ./CHIVES1012_2Cond_REML+tlrc.BRIK
[7m** ERROR:[0m output dataset name 'CHIVES1012_2Cond_REML' conflicts with existing file
[7m** ERROR:[0m dataset NOT written to disk!
++ creating FDR curves in dataset CHIVES1012_2Cond_stats_REML+tlrc
++ Smallest FDR q [0 Full_Fstat] = 3.01742e-14
++ Smallest FDR q [2 Healthy#0_Tstat] = 3.51093e-11
++ Smallest FDR q [3 Healthy_Fstat] = 3.51093e-11
++ Smallest FDR q [5 Unhealthy#0_Tstat] = 2.73273e-12
++ Smallest FDR q [6 Unhealthy_Fstat] = 2.73274e-12
++ Smallest FDR q [8 BidsNMiss#0_Tstat] = 4.64567e-14
++ Smallest FDR q [9 BidsNMiss_Fstat] = 4.64567e-14
++ Smallest FDR q [11 HealthyGtRest#0_Tstat] = 3.51093e-11
++ Smallest FDR q [12 HealthyGtRest_Fstat] = 3.51093e-11
++ Smallest FDR q [14 UnhealthyGtRest#0_Tstat] = 2.73273e-12
++ Smallest FDR q [15 UnhealthyGtRest_Fstat] = 2.73274e-12
[7m*+ WARNING:[0m Smallest FDR q [17 HealthyGtUnhealthy#0_Tstat] = 0.798492 ==> few true single voxel detections
[7m*+ WARNING:[0m Smallest FDR q [18 HealthyGtUnhealthy_Fstat] = 0.798492 ==> few true single voxel detections
 + Added 13 FDR curves to dataset CHIVES1012_2Cond_stats_REML+tlrc
++ Output dataset ./CHIVES1012_2Cond_stats_REML+tlrc.BRIK
 + unloading input dataset and REML matrices
++ 3dREMLfit is all done! total CPU=0.00 Elapsed=69.74
