++ '-stim_times_AM2 1 /projects/sanlab/shared/CHIVES/CHIVES_WTP_scripts/behavioral/money/afni_timing_files/CHIVES1103/AllCondsPmod.1D' has 1 auxiliary values per time point
++ '-stim_times_AM2 1 /projects/sanlab/shared/CHIVES/CHIVES_WTP_scripts/behavioral/money/afni_timing_files/CHIVES1103/AllCondsPmod.1D' will have 2 regressors
++ '-stim_times_AM1 2 /projects/sanlab/shared/CHIVES/CHIVES_WTP_scripts/behavioral/money/afni_timing_files/CHIVES1103/BidOnsDur.1D' has 1 auxiliary values per time point
++ '-stim_times_AM1 2': basis function model 'dmBLOCK(1)' uses 1 parameters,
    out of the 1 found in timing file '/projects/sanlab/shared/CHIVES/CHIVES_WTP_scripts/behavioral/money/afni_timing_files/CHIVES1103/BidOnsDur.1D'
++ 3dDeconvolve extending num_stimts from 2 to 7 due to -ortvec
++ 3dDeconvolve: AFNI version=AFNI_18.2.04 (Jul  6 2018) [64-bit]
++ Authored by: B. Douglas Ward, et al.
++ current memory malloc-ated = 262,650 bytes (about 263 thousand [kilo])
++ loading dataset /projects/sanlab/shared/CHIVES/bids_data/derivatives/fmriprep/sub-CHIVES1103/ses-wave1/func/s6_sub-CHIVES1103_ses-wave1_task-money_bold_space-MNI152NLin2009cAsym_preproc.nii
++ current memory malloc-ated = 265,530 bytes (about 266 thousand [kilo])
++ forcibly using TR=2.0000 seconds for -input dataset
++ Skipping check for initial transients
++ Imaging duration=714.0 s; Automatic polort=5
++ -stim_times using TR=2 s for stimulus timing conversion
++ -stim_times using TR=2 s for any -iresp output datasets
++  [you can alter the -iresp TR via the -TR_times option]
++ ** -stim_times NOTE ** guessing GLOBAL times if 1 time per line; LOCAL otherwise
++ ** GUESSED ** -stim_times_AM2 1 using LOCAL times
++ '-stim_times_AM2 1' average amplitude#1=1.07018
++ ** GUESSED ** -stim_times_AM1 2 using LOCAL times
------------------------------------------------------------
GLT matrix from 'SYM: AllConds[0]':
   0   0   0   0   0   0   1   0   0   0   0   0   0   0 
 
------------------------------------------------------------
GLT matrix from 'SYM: AllConds[1]':
   0   0   0   0   0   0   0   1   0   0   0   0   0   0 
 
++ Number of time points: 357 (no censoring)
 + Number of parameters:  14 [11 baseline ; 3 signal]
++ total shared memory needed = 3,155,214,060 bytes (about 3.2 billion [giga])
++ current memory malloc-ated = 1,393,676 bytes (about 1.4 million [mega])
++ mmap() memory allocated: 3,155,214,060 bytes (about 3.2 billion [giga])
++ Memory required for output bricks = 3,155,214,060 bytes (about 3.2 billion [giga])
++ Wrote matrix values to file CHIVES1103_AllCondPmod_xmat.1D
++ ========= Things you can do with the matrix file =========
++ (a) Linear regression with ARMA(1,1) modeling of serial correlation:

3dREMLfit -matrix CHIVES1103_AllCondPmod_xmat.1D -input /projects/sanlab/shared/CHIVES/bids_data/derivatives/fmriprep/sub-CHIVES1103/ses-wave1/func/s6_sub-CHIVES1103_ses-wave1_task-money_bold_space-MNI152NLin2009cAsym_preproc.nii \
 -mask /projects/sanlab/shared/CHIVES/bids_data/derivatives/fmriprep/sub-CHIVES1103/ses-wave1/func/sub-CHIVES1103_ses-wave1_task-money_bold_space-MNI152NLin2009cAsym_brainmask.nii.gz \
 -fout -tout -Rbuck CHIVES1103_AllCondPmod_stats_REML -Rvar CHIVES1103_AllCondPmod_stats_REMLvar \
 -Rfitts CHIVES1103_AllCondPmod_REML -Rerrts CHIVES1103_AllCondPmod_REML -verb
 
++ N.B.: 3dREMLfit command above written to file CHIVES1103_AllCondPmod_stats.REML_cmd
++ (b) Visualization/analysis of the matrix via ExamineXmat.R
++ (c) Synthesis of sub-model datasets using 3dSynthesize
++ ==========================================================
++ Wrote matrix values to file CHIVES1103_AllCondPmod_uncensor_xmat.1D
++ ----- Signal+Baseline matrix condition [X] (357x14):  2.05858  ++ VERY GOOD ++
++ ----- Signal-only matrix condition [X] (357x3):  1.5197  ++ VERY GOOD ++
++ ----- Baseline-only matrix condition [X] (357x11):  1.89214  ++ VERY GOOD ++
++ ----- stim_base-only matrix condition [X] (357x5):  1.76886  ++ VERY GOOD ++
++ ----- polort-only matrix condition [X] (357x6):  1.01526  ++ VERY GOOD ++
++ +++++ Matrix inverse average error = 4.71548e-16  ++ VERY GOOD ++
++ Matrix setup time = 0.01 s
++ Voxels in dataset: 1082035
++ Voxels in mask:    261336
++ Voxels per job:    26133
++ Job #1: processing voxels 252224 to 330325; elapsed time=3.437
++ Job #2: processing voxels 330326 to 387759; elapsed time=3.458
++ Job #3: processing voxels 387760 to 442171; elapsed time=3.479
++ Job #4: processing voxels 442172 to 496223; elapsed time=3.499
++ Job #5: processing voxels 496224 to 551326; elapsed time=3.520
++ Job #6: processing voxels 551327 to 608156; elapsed time=3.541
++ Job #7: processing voxels 608157 to 672962; elapsed time=3.562
++ Job #8: processing voxels 672963 to 750332; elapsed time=3.583
++ Job #9: processing voxels 750333 to 1082034; elapsed time=3.604
++ Job #0: processing voxels 0 to 252223; elapsed time=3.614
++ voxel loop:0123456789.0123456789.0123456789.0123456789.012345678++ Job #4 finished; elapsed time=4.895
++ Job #2 finished; elapsed time=4.898
++ Job #1 finished; elapsed time=4.937
++ Job #6 finished; elapsed time=4.940
++ Job #3 finished; elapsed time=4.940
++ Job #5 finished; elapsed time=4.970
++ Job #8 finished; elapsed time=4.986
9.
++ Job #0 waiting for children to finish; elapsed time=4.995
++ Job #7 finished; elapsed time=5.018
++ Job #9 finished; elapsed time=5.141
++ Job #0 now finishing up; elapsed time=5.165
++ Smallest FDR q [0 Full_Fstat] = 1.60884e-12
++ Smallest FDR q [2 AllConds#0_Tstat] = 3.12818e-06
[7m*+ WARNING:[0m Smallest FDR q [4 AllConds#1_Tstat] = 0.999898 ==> few true single voxel detections
++ Smallest FDR q [5 AllConds_Fstat] = 2.06778e-05
++ Smallest FDR q [7 BidsNMiss#0_Tstat] = 1.56525e-12
++ Smallest FDR q [8 BidsNMiss_Fstat] = 1.56518e-12
++ Smallest FDR q [10 CondGtRest_GLT#0_Tstat] = 3.12818e-06
++ Smallest FDR q [11 CondGtRest_GLT_Fstat] = 3.1283e-06
[7m*+ WARNING:[0m Smallest FDR q [13 Pmod_GLT#0_Tstat] = 0.999898 ==> few true single voxel detections
[7m*+ WARNING:[0m Smallest FDR q [14 Pmod_GLT_Fstat] = 0.996394 ==> few true single voxel detections
++ Wrote bucket dataset into ./CHIVES1103_AllCondPmod_stats+tlrc.BRIK
 + created 10 FDR curves in bucket header
++ Wrote 3D+time dataset into ./CHIVES1103_AllCondPmod+tlrc.BRIK
++ Wrote 3D+time dataset into ./CHIVES1103_AllCondPmod+tlrc.BRIK
++ Program finished; elapsed time=20.824
++ '-stim_times_AM2 1 /projects/sanlab/shared/CHIVES/CHIVES_WTP_scripts/behavioral/money/afni_timing_files/CHIVES1103/HealthyPmod.1D' has 1 auxiliary values per time point
++ '-stim_times_AM2 1 /projects/sanlab/shared/CHIVES/CHIVES_WTP_scripts/behavioral/money/afni_timing_files/CHIVES1103/HealthyPmod.1D' will have 2 regressors
++ '-stim_times_AM2 2 /projects/sanlab/shared/CHIVES/CHIVES_WTP_scripts/behavioral/money/afni_timing_files/CHIVES1103/UnhealthyPmod.1D' has 1 auxiliary values per time point
++ '-stim_times_AM2 2 /projects/sanlab/shared/CHIVES/CHIVES_WTP_scripts/behavioral/money/afni_timing_files/CHIVES1103/UnhealthyPmod.1D' will have 2 regressors
++ '-stim_times_AM1 3 /projects/sanlab/shared/CHIVES/CHIVES_WTP_scripts/behavioral/money/afni_timing_files/CHIVES1103/BidOnsDur.1D' has 1 auxiliary values per time point
++ '-stim_times_AM1 3': basis function model 'dmBLOCK(1)' uses 1 parameters,
    out of the 1 found in timing file '/projects/sanlab/shared/CHIVES/CHIVES_WTP_scripts/behavioral/money/afni_timing_files/CHIVES1103/BidOnsDur.1D'
++ 3dDeconvolve extending num_stimts from 3 to 8 due to -ortvec
++ 3dDeconvolve: AFNI version=AFNI_18.2.04 (Jul  6 2018) [64-bit]
++ Authored by: B. Douglas Ward, et al.
++ current memory malloc-ated = 289,916 bytes (about 290 thousand [kilo])
++ loading dataset /projects/sanlab/shared/CHIVES/bids_data/derivatives/fmriprep/sub-CHIVES1103/ses-wave1/func/s6_sub-CHIVES1103_ses-wave1_task-money_bold_space-MNI152NLin2009cAsym_preproc.nii
++ current memory malloc-ated = 292,796 bytes (about 293 thousand [kilo])
++ forcibly using TR=2.0000 seconds for -input dataset
++ Skipping check for initial transients
++ Imaging duration=714.0 s; Automatic polort=5
++ -stim_times using TR=2 s for stimulus timing conversion
++ -stim_times using TR=2 s for any -iresp output datasets
++  [you can alter the -iresp TR via the -TR_times option]
++ ** -stim_times NOTE ** guessing GLOBAL times if 1 time per line; LOCAL otherwise
++ ** GUESSED ** -stim_times_AM2 1 using LOCAL times
++ '-stim_times_AM2 1' average amplitude#1=1.44828
++ ** GUESSED ** -stim_times_AM2 2 using LOCAL times
++ '-stim_times_AM2 2' average amplitude#1=0.678571
++ ** GUESSED ** -stim_times_AM1 3 using LOCAL times
------------------------------------------------------------
GLT matrix from 'SYM: HealthyPmod[0]':
   0   0   0   0   0   0   1   0   0   0   0   0   0   0   0   0 
 
------------------------------------------------------------
GLT matrix from 'SYM: HealthyPmod[1]':
   0   0   0   0   0   0   0   1   0   0   0   0   0   0   0   0 
 
------------------------------------------------------------
GLT matrix from 'SYM: UnhealthyPmod[0]':
   0   0   0   0   0   0   0   0   1   0   0   0   0   0   0   0 
 
------------------------------------------------------------
GLT matrix from 'SYM: UnhealthyPmod[1]':
   0   0   0   0   0   0   0   0   0   1   0   0   0   0   0   0 
 
------------------------------------------------------------
GLT matrix from 'SYM: HealthyPmod[0] -UnhealthyPmod[0]':
   0   0   0   0   0   0   1   0  -1   0   0   0   0   0   0   0 
 
------------------------------------------------------------
GLT matrix from 'SYM: HealthyPmod[1] -UnhealthyPmod[1]':
   0   0   0   0   0   0   0   1   0  -1   0   0   0   0   0   0 
 
++ Number of time points: 357 (no censoring)
 + Number of parameters:  16 [11 baseline ; 5 signal]
++ total shared memory needed = 3,228,792,440 bytes (about 3.2 billion [giga])
++ current memory malloc-ated = 1,425,542 bytes (about 1.4 million [mega])
++ mmap() memory allocated: 3,228,792,440 bytes (about 3.2 billion [giga])
++ Memory required for output bricks = 3,228,792,440 bytes (about 3.2 billion [giga])
++ Wrote matrix values to file CHIVES1103_2CondPmod_xmat.1D
++ ========= Things you can do with the matrix file =========
++ (a) Linear regression with ARMA(1,1) modeling of serial correlation:

3dREMLfit -matrix CHIVES1103_2CondPmod_xmat.1D -input /projects/sanlab/shared/CHIVES/bids_data/derivatives/fmriprep/sub-CHIVES1103/ses-wave1/func/s6_sub-CHIVES1103_ses-wave1_task-money_bold_space-MNI152NLin2009cAsym_preproc.nii \
 -mask /projects/sanlab/shared/CHIVES/bids_data/derivatives/fmriprep/sub-CHIVES1103/ses-wave1/func/sub-CHIVES1103_ses-wave1_task-money_bold_space-MNI152NLin2009cAsym_brainmask.nii.gz \
 -fout -tout -Rbuck CHIVES1103_2CondPmod_stats_REML -Rvar CHIVES1103_2CondPmod_stats_REMLvar \
 -Rfitts CHIVES1103_2CondPmod_REML -Rerrts CHIVES1103_2CondPmod_REML -verb
 
++ N.B.: 3dREMLfit command above written to file CHIVES1103_2CondPmod_stats.REML_cmd
++ (b) Visualization/analysis of the matrix via ExamineXmat.R
++ (c) Synthesis of sub-model datasets using 3dSynthesize
++ ==========================================================
++ Wrote matrix values to file CHIVES1103_2CondPmod_uncensor_xmat.1D
++ ----- Signal+Baseline matrix condition [X] (357x16):  2.05939  ++ VERY GOOD ++
++ ----- Signal-only matrix condition [X] (357x5):  1.52001  ++ VERY GOOD ++
++ ----- Baseline-only matrix condition [X] (357x11):  1.89214  ++ VERY GOOD ++
++ ----- stim_base-only matrix condition [X] (357x5):  1.76886  ++ VERY GOOD ++
++ ----- polort-only matrix condition [X] (357x6):  1.01526  ++ VERY GOOD ++
++ +++++ Matrix inverse average error = 4.2073e-16  ++ VERY GOOD ++
++ Matrix setup time = 0.01 s
++ Voxels in dataset: 1082035
++ Voxels in mask:    261336
++ Voxels per job:    26133
++ Job #1: processing voxels 252224 to 330325; elapsed time=3.550
++ Job #2: processing voxels 330326 to 387759; elapsed time=3.572
++ Job #3: processing voxels 387760 to 442171; elapsed time=3.592
++ Job #4: processing voxels 442172 to 496223; elapsed time=3.611
++ Job #5: processing voxels 496224 to 551326; elapsed time=3.632
++ Job #6: processing voxels 551327 to 608156; elapsed time=3.651
++ Job #7: processing voxels 608157 to 672962; elapsed time=3.672
++ Job #8: processing voxels 672963 to 750332; elapsed time=3.692
++ Job #9: processing voxels 750333 to 1082034; elapsed time=3.713
++ Job #0: processing voxels 0 to 252223; elapsed time=3.723
++ voxel loop:0123456789.0123456789.0123456789.0123456789.012345678++ Job #4 finished; elapsed time=5.625
++ Job #2 finished; elapsed time=5.631
++ Job #6 finished; elapsed time=5.679
++ Job #1 finished; elapsed time=5.689
++ Job #3 finished; elapsed time=5.697
9.
++ Job #0 waiting for children to finish; elapsed time=5.710
++ Job #5 finished; elapsed time=5.713
++ Job #8 finished; elapsed time=5.737
++ Job #7 finished; elapsed time=5.767
++ Job #9 finished; elapsed time=5.898
++ Job #0 now finishing up; elapsed time=5.922
++ Smallest FDR q [0 Full_Fstat] = 3.49744e-12
++ Smallest FDR q [2 HealthyPmod#0_Tstat] = 0.00194133
[7m*+ WARNING:[0m Smallest FDR q [4 HealthyPmod#1_Tstat] = 0.847125 ==> few true single voxel detections
++ Smallest FDR q [5 HealthyPmod_Fstat] = 0.00386739
++ Smallest FDR q [7 UnhealthyPmod#0_Tstat] = 1.35337e-05
[7m*+ WARNING:[0m Smallest FDR q [9 UnhealthyPmod#1_Tstat] = 0.365034 ==> few true single voxel detections
++ Smallest FDR q [10 UnhealthyPmod_Fstat] = 8.29518e-05
++ Smallest FDR q [12 BidsNMiss#0_Tstat] = 1.63224e-12
++ Smallest FDR q [13 BidsNMiss_Fstat] = 1.63224e-12
++ Smallest FDR q [15 HealthyGtRest_GLT#0_Tstat] = 0.00194133
++ Smallest FDR q [16 HealthyGtRest_GLT_Fstat] = 0.00194126
[7m*+ WARNING:[0m Smallest FDR q [18 HealthyPmod_GLT#0_Tstat] = 0.847125 ==> few true single voxel detections
[7m*+ WARNING:[0m Smallest FDR q [19 HealthyPmod_GLT_Fstat] = 0.844421 ==> few true single voxel detections
++ Smallest FDR q [21 UnhealthyGtRest_GLT#0_Tstat] = 1.35337e-05
++ Smallest FDR q [22 UnhealthyGtRest_GLT_Fstat] = 1.35339e-05
[7m*+ WARNING:[0m Smallest FDR q [24 UnhealthyPmod_GLT#0_Tstat] = 0.365034 ==> few true single voxel detections
[7m*+ WARNING:[0m Smallest FDR q [25 UnhealthyPmod_GLT_Fstat] = 0.364362 ==> few true single voxel detections
++ Smallest FDR q [27 HealthyGtUnhealthy_GLT#0_Tstat] = 0.0998445
++ Smallest FDR q [28 HealthyGtUnhealthy_GLT_Fstat] = 0.0998459
[7m*+ WARNING:[0m Smallest FDR q [30 HealthyGtUnhealthyPmod_GLT#0_Tstat] = 0.175778 ==> few true single voxel detections
[7m*+ WARNING:[0m Smallest FDR q [31 HealthyGtUnhealthyPmod_GLT_Fstat] = 0.175355 ==> few true single voxel detections
++ Wrote bucket dataset into ./CHIVES1103_2CondPmod_stats+tlrc.BRIK
 + created 21 FDR curves in bucket header
++ Wrote 3D+time dataset into ./CHIVES1103_2CondPmod+tlrc.BRIK
++ Wrote 3D+time dataset into ./CHIVES1103_2CondPmod+tlrc.BRIK
++ Program finished; elapsed time=38.253
++ '-stim_times_AM1 3 /projects/sanlab/shared/CHIVES/CHIVES_WTP_scripts/behavioral/money/afni_timing_files/CHIVES1103/BidOnsDur.1D' has 1 auxiliary values per time point
++ '-stim_times_AM1 3': basis function model 'dmBLOCK(1)' uses 1 parameters,
    out of the 1 found in timing file '/projects/sanlab/shared/CHIVES/CHIVES_WTP_scripts/behavioral/money/afni_timing_files/CHIVES1103/BidOnsDur.1D'
++ 3dDeconvolve extending num_stimts from 3 to 8 due to -ortvec
++ 3dDeconvolve: AFNI version=AFNI_18.2.04 (Jul  6 2018) [64-bit]
++ Authored by: B. Douglas Ward, et al.
++ current memory malloc-ated = 273,684 bytes (about 274 thousand [kilo])
++ loading dataset /projects/sanlab/shared/CHIVES/bids_data/derivatives/fmriprep/sub-CHIVES1103/ses-wave1/func/s6_sub-CHIVES1103_ses-wave1_task-money_bold_space-MNI152NLin2009cAsym_preproc.nii
++ current memory malloc-ated = 276,564 bytes (about 277 thousand [kilo])
++ forcibly using TR=2.0000 seconds for -input dataset
++ Skipping check for initial transients
++ Imaging duration=714.0 s; Automatic polort=5
++ -stim_times using TR=2 s for stimulus timing conversion
++ -stim_times using TR=2 s for any -iresp output datasets
++  [you can alter the -iresp TR via the -TR_times option]
++ ** -stim_times NOTE ** guessing GLOBAL times if 1 time per line; LOCAL otherwise
++ ** GUESSED ** -stim_times 1 using LOCAL times
++ ** GUESSED ** -stim_times 2 using LOCAL times
++ ** GUESSED ** -stim_times_AM1 3 using LOCAL times
------------------------------------------------------------
GLT matrix from 'SYM: Healthy':
   0   0   0   0   0   0   1   0   0   0   0   0   0   0 
 
------------------------------------------------------------
GLT matrix from 'SYM: Unhealthy':
   0   0   0   0   0   0   0   1   0   0   0   0   0   0 
 
------------------------------------------------------------
GLT matrix from 'SYM: Healthy -Unhealthy':
   0   0   0   0   0   0   1  -1   0   0   0   0   0   0 
 
++ Number of time points: 357 (no censoring)
 + Number of parameters:  14 [11 baseline ; 3 signal]
++ total shared memory needed = 3,172,526,620 bytes (about 3.2 billion [giga])
++ current memory malloc-ated = 1,404,756 bytes (about 1.4 million [mega])
++ mmap() memory allocated: 3,172,526,620 bytes (about 3.2 billion [giga])
++ Memory required for output bricks = 3,172,526,620 bytes (about 3.2 billion [giga])
++ Wrote matrix values to file CHIVES1103_2Cond_xmat.1D
++ ========= Things you can do with the matrix file =========
++ (a) Linear regression with ARMA(1,1) modeling of serial correlation:

3dREMLfit -matrix CHIVES1103_2Cond_xmat.1D -input /projects/sanlab/shared/CHIVES/bids_data/derivatives/fmriprep/sub-CHIVES1103/ses-wave1/func/s6_sub-CHIVES1103_ses-wave1_task-money_bold_space-MNI152NLin2009cAsym_preproc.nii \
 -mask /projects/sanlab/shared/CHIVES/bids_data/derivatives/fmriprep/sub-CHIVES1103/ses-wave1/func/sub-CHIVES1103_ses-wave1_task-money_bold_space-MNI152NLin2009cAsym_brainmask.nii.gz \
 -fout -tout -Rbuck CHIVES1103_2Cond_stats_REML -Rvar CHIVES1103_2Cond_stats_REMLvar \
 -Rfitts CHIVES1103_2Cond_REML -Rerrts CHIVES1103_2Cond_REML -verb
 
++ N.B.: 3dREMLfit command above written to file CHIVES1103_2Cond_stats.REML_cmd
++ (b) Visualization/analysis of the matrix via ExamineXmat.R
++ (c) Synthesis of sub-model datasets using 3dSynthesize
++ ==========================================================
++ Wrote matrix values to file CHIVES1103_2Cond_uncensor_xmat.1D
++ ----- Signal+Baseline matrix condition [X] (357x14):  2.05875  ++ VERY GOOD ++
++ ----- Signal-only matrix condition [X] (357x3):  1.51985  ++ VERY GOOD ++
++ ----- Baseline-only matrix condition [X] (357x11):  1.89214  ++ VERY GOOD ++
++ ----- stim_base-only matrix condition [X] (357x5):  1.76886  ++ VERY GOOD ++
++ ----- polort-only matrix condition [X] (357x6):  1.01526  ++ VERY GOOD ++
++ +++++ Matrix inverse average error = 6.12636e-16  ++ VERY GOOD ++
++ Matrix setup time = 0.01 s
++ Voxels in dataset: 1082035
++ Voxels in mask:    261336
++ Voxels per job:    26133
++ Job #1: processing voxels 252224 to 330325; elapsed time=3.405
++ Job #2: processing voxels 330326 to 387759; elapsed time=3.426
++ Job #3: processing voxels 387760 to 442171; elapsed time=3.445
++ Job #4: processing voxels 442172 to 496223; elapsed time=3.465
++ Job #5: processing voxels 496224 to 551326; elapsed time=3.485
++ Job #6: processing voxels 551327 to 608156; elapsed time=3.505
++ Job #7: processing voxels 608157 to 672962; elapsed time=3.525
++ Job #8: processing voxels 672963 to 750332; elapsed time=3.545
++ Job #9: processing voxels 750333 to 1082034; elapsed time=3.566
++ Job #0: processing voxels 0 to 252223; elapsed time=3.576
++ voxel loop:0123456789.0123456789.0123456789.0123456789.012345678++ Job #4 finished; elapsed time=5.081
++ Job #2 finished; elapsed time=5.083
++ Job #6 finished; elapsed time=5.125
++ Job #3 finished; elapsed time=5.136
++ Job #1 finished; elapsed time=5.138
++ Job #5 finished; elapsed time=5.159
++ Job #8 finished; elapsed time=5.168
9.
++ Job #0 waiting for children to finish; elapsed time=5.177
++ Job #7 finished; elapsed time=5.212
++ Job #9 finished; elapsed time=5.337
++ Job #0 now finishing up; elapsed time=5.360
++ Smallest FDR q [0 Full_Fstat] = 1.44257e-12
++ Smallest FDR q [2 Healthy#0_Tstat] = 0.00204205
++ Smallest FDR q [3 Healthy_Fstat] = 0.00204211
++ Smallest FDR q [5 Unhealthy#0_Tstat] = 1.267e-05
++ Smallest FDR q [6 Unhealthy_Fstat] = 1.26701e-05
++ Smallest FDR q [8 BidsNMiss#0_Tstat] = 1.56655e-12
++ Smallest FDR q [9 BidsNMiss_Fstat] = 1.56643e-12
++ Smallest FDR q [11 HealthyGtRest_GLT#0_Tstat] = 0.00204205
++ Smallest FDR q [12 HealthyGtRest_GLT_Fstat] = 0.00204209
++ Smallest FDR q [14 UnhealthyGtRest_GLT#0_Tstat] = 1.267e-05
++ Smallest FDR q [15 UnhealthyGtRest_GLT_Fstat] = 1.26696e-05
++ Smallest FDR q [17 HealthyGtUnhealthy_GLT#0_Tstat] = 0.0918979
++ Smallest FDR q [18 HealthyGtUnhealthy_GLT_Fstat] = 0.0918998
++ Wrote bucket dataset into ./CHIVES1103_2Cond_stats+tlrc.BRIK
 + created 13 FDR curves in bucket header
++ Wrote 3D+time dataset into ./CHIVES1103_2Cond+tlrc.BRIK
++ Wrote 3D+time dataset into ./CHIVES1103_2Cond+tlrc.BRIK
++ Program finished; elapsed time=25.268
