** AFNI converts NIFTI_datatype=4 (INT16) in file /projects/sanlab/shared/CHIVES/bids_data/derivatives/fmriprep/sub-CHIVES1096/ses-wave1/func/s6_sub-CHIVES1096_ses-wave1_task-money_bold_space-MNI152NLin2009cAsym_preproc.nii to FLOAT32
     Warnings of this type will be muted for this session.
     Set AFNI_NIFTI_TYPE_WARN to YES to see them all, NO to see none.
++ '-stim_times_AM2 1 /projects/sanlab/shared/CHIVES/CHIVES_WTP_scripts/behavioral/money/afni_timing_files/CHIVES1096/AllCondsPmod.1D' has 1 auxiliary values per time point
++ '-stim_times_AM2 1 /projects/sanlab/shared/CHIVES/CHIVES_WTP_scripts/behavioral/money/afni_timing_files/CHIVES1096/AllCondsPmod.1D' will have 2 regressors
++ '-stim_times_AM1 2 /projects/sanlab/shared/CHIVES/CHIVES_WTP_scripts/behavioral/money/afni_timing_files/CHIVES1096/BidOnsDur.1D' has 1 auxiliary values per time point
++ '-stim_times_AM1 2': basis function model 'dmBLOCK(1)' uses 1 parameters,
    out of the 1 found in timing file '/projects/sanlab/shared/CHIVES/CHIVES_WTP_scripts/behavioral/money/afni_timing_files/CHIVES1096/BidOnsDur.1D'
++ 3dDeconvolve extending num_stimts from 2 to 6 due to -ortvec
++ 3dDeconvolve: AFNI version=AFNI_18.2.04 (Jul  6 2018) [64-bit]
++ Authored by: B. Douglas Ward, et al.
++ current memory malloc-ated = 254,611 bytes (about 255 thousand [kilo])
++ loading dataset /projects/sanlab/shared/CHIVES/bids_data/derivatives/fmriprep/sub-CHIVES1096/ses-wave1/func/s6_sub-CHIVES1096_ses-wave1_task-money_bold_space-MNI152NLin2009cAsym_preproc.nii
++ current memory malloc-ated = 1,545,403,471 bytes (about 1.5 billion [giga])
++ forcibly using TR=2.0000 seconds for -input dataset
++ Skipping check for initial transients
++ Imaging duration=714.0 s; Automatic polort=5
++ -stim_times using TR=2 s for stimulus timing conversion
++ -stim_times using TR=2 s for any -iresp output datasets
++  [you can alter the -iresp TR via the -TR_times option]
++ ** -stim_times NOTE ** guessing GLOBAL times if 1 time per line; LOCAL otherwise
++ ** GUESSED ** -stim_times_AM2 1 using LOCAL times
++ '-stim_times_AM2 1' average amplitude#1=1.46491
++ ** GUESSED ** -stim_times_AM1 2 using LOCAL times
------------------------------------------------------------
GLT matrix from 'SYM: AllConds[0]':
   0   0   0   0   0   0   1   0   0   0   0   0   0 
 
------------------------------------------------------------
GLT matrix from 'SYM: AllConds[1]':
   0   0   0   0   0   0   0   1   0   0   0   0   0 
 
++ Number of time points: 357 (no censoring)
 + Number of parameters:  13 [10 baseline ; 3 signal]
++ total shared memory needed = 3,155,214,060 bytes (about 3.2 billion [giga])
++ current memory malloc-ated = 1,546,531,405 bytes (about 1.5 billion [giga])
++ mmap() memory allocated: 3,155,214,060 bytes (about 3.2 billion [giga])
++ Memory required for output bricks = 3,155,214,060 bytes (about 3.2 billion [giga])
++ Wrote matrix values to file CHIVES1096_AllCondPmod_xmat.1D
++ ========= Things you can do with the matrix file =========
++ (a) Linear regression with ARMA(1,1) modeling of serial correlation:

3dREMLfit -matrix CHIVES1096_AllCondPmod_xmat.1D -input /projects/sanlab/shared/CHIVES/bids_data/derivatives/fmriprep/sub-CHIVES1096/ses-wave1/func/s6_sub-CHIVES1096_ses-wave1_task-money_bold_space-MNI152NLin2009cAsym_preproc.nii \
 -mask /projects/sanlab/shared/CHIVES/bids_data/derivatives/fmriprep/sub-CHIVES1096/ses-wave1/func/sub-CHIVES1096_ses-wave1_task-money_bold_space-MNI152NLin2009cAsym_brainmask.nii.gz \
 -fout -tout -Rbuck CHIVES1096_AllCondPmod_stats_REML -Rvar CHIVES1096_AllCondPmod_stats_REMLvar \
 -Rfitts CHIVES1096_AllCondPmod_REML -Rerrts CHIVES1096_AllCondPmod_REML -verb
 
++ N.B.: 3dREMLfit command above written to file CHIVES1096_AllCondPmod_stats.REML_cmd
++ (b) Visualization/analysis of the matrix via ExamineXmat.R
++ (c) Synthesis of sub-model datasets using 3dSynthesize
++ ==========================================================
++ Wrote matrix values to file CHIVES1096_AllCondPmod_uncensor_xmat.1D
++ ----- Signal+Baseline matrix condition [X] (357x13):  3.50721  ++ VERY GOOD ++
++ ----- Signal-only matrix condition [X] (357x3):  1.53624  ++ VERY GOOD ++
++ ----- Baseline-only matrix condition [X] (357x10):  3.44547  ++ VERY GOOD ++
++ ----- stim_base-only matrix condition [X] (357x4):  1.84947  ++ VERY GOOD ++
++ ----- polort-only matrix condition [X] (357x6):  1.01526  ++ VERY GOOD ++
++ +++++ Matrix inverse average error = 1.52553e-15  ++ VERY GOOD ++
++ Matrix setup time = 0.01 s
++ Voxels in dataset: 1082035
++ Voxels in mask:    270451
++ Voxels per job:    13522
++ Job #1: processing voxels 185239 to 249131; elapsed time=4.423
++ Job #2: processing voxels 249132 to 294375; elapsed time=4.440
++ Job #3: processing voxels 294376 to 328781; elapsed time=4.458
++ Job #4: processing voxels 328782 to 360378; elapsed time=4.476
++ Job #5: processing voxels 360379 to 386961; elapsed time=4.494
++ Job #6: processing voxels 386962 to 416667; elapsed time=4.512
++ Job #7: processing voxels 416668 to 442535; elapsed time=4.530
++ Job #8: processing voxels 442536 to 471967; elapsed time=4.549
++ Job #9: processing voxels 471968 to 497827; elapsed time=4.567
++ Job #10: processing voxels 497828 to 527533; elapsed time=4.586
++ Job #11: processing voxels 527534 to 553794; elapsed time=4.604
++ Job #12: processing voxels 553795 to 584389; elapsed time=4.622
++ Job #13: processing voxels 584390 to 615314; elapsed time=4.642
++ Job #14: processing voxels 615315 to 643750; elapsed time=4.665
++ Job #15: processing voxels 643751 to 677280; elapsed time=4.680
++ Job #16: processing voxels 677281 to 717442; elapsed time=4.709
++ Job #17: processing voxels 717443 to 755392; elapsed time=4.729
++ Job #18: processing voxels 755393 to 809049; elapsed time=4.745
++ Job #0: processing voxels 0 to 185238; elapsed time=4.764
++ voxel loop:0123++ Job #19: processing voxels 809050 to 1082034; elapsed time=4.767
456789.0123456789.0123456789.0123456789.01++ Job #2 finished; elapsed time=5.255
2++ Job #4 finished; elapsed time=5.281
++ Job #1 finished; elapsed time=5.282
++ Job #3 finished; elapsed time=5.302
++ Job #6 finished; elapsed time=5.314
++ Job #5 finished; elapsed time=5.326
34++ Job #8 finished; elapsed time=5.346
5++ Job #7 finished; elapsed time=5.360
++ Job #10 finished; elapsed time=5.385
++ Job #9 finished; elapsed time=5.387
++ Job #12 finished; elapsed time=5.424
++ Job #11 finished; elapsed time=5.428
6++ Job #13 finished; elapsed time=5.440
78++ Job #14 finished; elapsed time=5.470
++ Job #15 finished; elapsed time=5.488
++ Job #16 finished; elapsed time=5.525
9.
++ Job #0 waiting for children to finish; elapsed time=5.552
++ Job #17 finished; elapsed time=5.573
++ Job #18 finished; elapsed time=5.576
++ Job #19 finished; elapsed time=5.614
++ Job #0 now finishing up; elapsed time=5.627
++ Smallest FDR q [0 Full_Fstat] = 7.65291e-14
++ Smallest FDR q [2 AllConds#0_Tstat] = 1.59558e-11
++ Smallest FDR q [4 AllConds#1_Tstat] = 0.00143443
++ Smallest FDR q [5 AllConds_Fstat] = 3.57483e-11
++ Smallest FDR q [7 BidsNMiss#0_Tstat] = 2.45712e-13
++ Smallest FDR q [8 BidsNMiss_Fstat] = 2.45701e-13
++ Smallest FDR q [10 CondGtRest_GLT#0_Tstat] = 1.59558e-11
++ Smallest FDR q [11 CondGtRest_GLT_Fstat] = 1.59555e-11
++ Smallest FDR q [13 Pmod_GLT#0_Tstat] = 0.00143443
++ Smallest FDR q [14 Pmod_GLT_Fstat] = 0.0014344
++ Wrote bucket dataset into ./CHIVES1096_AllCondPmod_stats+tlrc.BRIK
 + created 10 FDR curves in bucket header
++ Wrote 3D+time dataset into ./CHIVES1096_AllCondPmod+tlrc.BRIK
++ Wrote 3D+time dataset into ./CHIVES1096_AllCondPmod+tlrc.BRIK
++ Program finished; elapsed time=22.211
++ 3dREMLfit: AFNI version=AFNI_18.2.04 (Jul  6 2018) [64-bit]
++ Authored by: RWCox
** AFNI converts NIFTI_datatype=4 (INT16) in file /projects/sanlab/shared/CHIVES/bids_data/derivatives/fmriprep/sub-CHIVES1096/ses-wave1/func/s6_sub-CHIVES1096_ses-wave1_task-money_bold_space-MNI152NLin2009cAsym_preproc.nii to FLOAT32
     Warnings of this type will be muted for this session.
     Set AFNI_NIFTI_TYPE_WARN to YES to see them all, NO to see none.
++ Number of voxels in mask = 270451
++ Number of OpenMP threads = 15
++ -----  matrix condition (357x13):  3.50721  ++ VERY GOOD ++
++ Loading input dataset into memory
++ Converting input dataset to vector image
 +  dataset = 1.5 billion [giga] bytes
 +  vectim  = 387 million [mega] bytes
++ starting REML setup calculations; total CPU=0.00 Elapsed=4.19
 + X matrix: 99.483% of elements are nonzero
 + starting 15 OpenMP threads for REML setup
 + REML setup finished: matrix rows=357 cols=13; 109*1 cases; total CPU=0.00 Elapsed=4.20
 +  average case bandwidth = 13.00
++ REML voxel loop: [15 threads]0123456789.012
 + ARMA voxel parameters estimated: total CPU=0.00 Elapsed=21.66
++ GLSQ loop:0123456789.0123456789.0123456789.0123456789.0123456789.
 + GLSQ regression done: total CPU=0.00 Elapsed=46.59
++ Output dataset ./CHIVES1096_AllCondPmod_stats_REMLvar+tlrc.BRIK
++ Output dataset ./CHIVES1096_AllCondPmod_REML+tlrc.BRIK
[7m** ERROR:[0m output dataset name 'CHIVES1096_AllCondPmod_REML' conflicts with existing file
[7m** ERROR:[0m dataset NOT written to disk!
++ creating FDR curves in dataset CHIVES1096_AllCondPmod_stats_REML+tlrc
++ Smallest FDR q [0 Full_Fstat] = 1.37374e-13
++ Smallest FDR q [2 AllConds#0_Tstat] = 7.31878e-12
++ Smallest FDR q [4 AllConds#1_Tstat] = 0.0666935
++ Smallest FDR q [5 AllConds_Fstat] = 1.55053e-11
++ Smallest FDR q [7 BidsNMiss#0_Tstat] = 9.7298e-13
++ Smallest FDR q [8 BidsNMiss_Fstat] = 9.7298e-13
++ Smallest FDR q [10 CondGtRest#0_Tstat] = 7.31878e-12
++ Smallest FDR q [11 CondGtRest_Fstat] = 7.31878e-12
++ Smallest FDR q [13 Pmod#0_Tstat] = 0.0666935
++ Smallest FDR q [14 Pmod_Fstat] = 0.0666935
 + Added 10 FDR curves to dataset CHIVES1096_AllCondPmod_stats_REML+tlrc
++ Output dataset ./CHIVES1096_AllCondPmod_stats_REML+tlrc.BRIK
 + unloading input dataset and REML matrices
++ 3dREMLfit is all done! total CPU=0.00 Elapsed=62.18
** AFNI converts NIFTI_datatype=4 (INT16) in file /projects/sanlab/shared/CHIVES/bids_data/derivatives/fmriprep/sub-CHIVES1096/ses-wave1/func/s6_sub-CHIVES1096_ses-wave1_task-money_bold_space-MNI152NLin2009cAsym_preproc.nii to FLOAT32
     Warnings of this type will be muted for this session.
     Set AFNI_NIFTI_TYPE_WARN to YES to see them all, NO to see none.
++ '-stim_times_AM2 1 /projects/sanlab/shared/CHIVES/CHIVES_WTP_scripts/behavioral/money/afni_timing_files/CHIVES1096/HealthyPmod.1D' has 1 auxiliary values per time point
++ '-stim_times_AM2 1 /projects/sanlab/shared/CHIVES/CHIVES_WTP_scripts/behavioral/money/afni_timing_files/CHIVES1096/HealthyPmod.1D' will have 2 regressors
++ '-stim_times_AM2 2 /projects/sanlab/shared/CHIVES/CHIVES_WTP_scripts/behavioral/money/afni_timing_files/CHIVES1096/UnhealthyPmod.1D' has 1 auxiliary values per time point
++ '-stim_times_AM2 2 /projects/sanlab/shared/CHIVES/CHIVES_WTP_scripts/behavioral/money/afni_timing_files/CHIVES1096/UnhealthyPmod.1D' will have 2 regressors
++ '-stim_times_AM1 3 /projects/sanlab/shared/CHIVES/CHIVES_WTP_scripts/behavioral/money/afni_timing_files/CHIVES1096/BidOnsDur.1D' has 1 auxiliary values per time point
++ '-stim_times_AM1 3': basis function model 'dmBLOCK(1)' uses 1 parameters,
    out of the 1 found in timing file '/projects/sanlab/shared/CHIVES/CHIVES_WTP_scripts/behavioral/money/afni_timing_files/CHIVES1096/BidOnsDur.1D'
++ 3dDeconvolve extending num_stimts from 3 to 7 due to -ortvec
++ 3dDeconvolve: AFNI version=AFNI_18.2.04 (Jul  6 2018) [64-bit]
++ Authored by: B. Douglas Ward, et al.
++ current memory malloc-ated = 281,877 bytes (about 282 thousand [kilo])
++ loading dataset /projects/sanlab/shared/CHIVES/bids_data/derivatives/fmriprep/sub-CHIVES1096/ses-wave1/func/s6_sub-CHIVES1096_ses-wave1_task-money_bold_space-MNI152NLin2009cAsym_preproc.nii
++ current memory malloc-ated = 1,545,430,737 bytes (about 1.5 billion [giga])
++ forcibly using TR=2.0000 seconds for -input dataset
++ Skipping check for initial transients
++ Imaging duration=714.0 s; Automatic polort=5
++ -stim_times using TR=2 s for stimulus timing conversion
++ -stim_times using TR=2 s for any -iresp output datasets
++  [you can alter the -iresp TR via the -TR_times option]
++ ** -stim_times NOTE ** guessing GLOBAL times if 1 time per line; LOCAL otherwise
++ ** GUESSED ** -stim_times_AM2 1 using LOCAL times
++ '-stim_times_AM2 1' average amplitude#1=1.5
++ ** GUESSED ** -stim_times_AM2 2 using LOCAL times
++ '-stim_times_AM2 2' average amplitude#1=1.43333
++ ** GUESSED ** -stim_times_AM1 3 using LOCAL times
------------------------------------------------------------
GLT matrix from 'SYM: HealthyPmod[0]':
   0   0   0   0   0   0   1   0   0   0   0   0   0   0   0 
 
------------------------------------------------------------
GLT matrix from 'SYM: HealthyPmod[1]':
   0   0   0   0   0   0   0   1   0   0   0   0   0   0   0 
 
------------------------------------------------------------
GLT matrix from 'SYM: UnhealthyPmod[0]':
   0   0   0   0   0   0   0   0   1   0   0   0   0   0   0 
 
------------------------------------------------------------
GLT matrix from 'SYM: UnhealthyPmod[1]':
   0   0   0   0   0   0   0   0   0   1   0   0   0   0   0 
 
------------------------------------------------------------
GLT matrix from 'SYM: HealthyPmod[0] -UnhealthyPmod[0]':
   0   0   0   0   0   0   1   0  -1   0   0   0   0   0   0 
 
------------------------------------------------------------
GLT matrix from 'SYM: HealthyPmod[1] -UnhealthyPmod[1]':
   0   0   0   0   0   0   0   1   0  -1   0   0   0   0   0 
 
++ Number of time points: 357 (no censoring)
 + Number of parameters:  15 [10 baseline ; 5 signal]
++ total shared memory needed = 3,228,792,440 bytes (about 3.2 billion [giga])
++ current memory malloc-ated = 1,546,563,239 bytes (about 1.5 billion [giga])
++ mmap() memory allocated: 3,228,792,440 bytes (about 3.2 billion [giga])
++ Memory required for output bricks = 3,228,792,440 bytes (about 3.2 billion [giga])
++ Wrote matrix values to file CHIVES1096_2CondPmod_xmat.1D
++ ========= Things you can do with the matrix file =========
++ (a) Linear regression with ARMA(1,1) modeling of serial correlation:

3dREMLfit -matrix CHIVES1096_2CondPmod_xmat.1D -input /projects/sanlab/shared/CHIVES/bids_data/derivatives/fmriprep/sub-CHIVES1096/ses-wave1/func/s6_sub-CHIVES1096_ses-wave1_task-money_bold_space-MNI152NLin2009cAsym_preproc.nii \
 -mask /projects/sanlab/shared/CHIVES/bids_data/derivatives/fmriprep/sub-CHIVES1096/ses-wave1/func/sub-CHIVES1096_ses-wave1_task-money_bold_space-MNI152NLin2009cAsym_brainmask.nii.gz \
 -fout -tout -Rbuck CHIVES1096_2CondPmod_stats_REML -Rvar CHIVES1096_2CondPmod_stats_REMLvar \
 -Rfitts CHIVES1096_2CondPmod_REML -Rerrts CHIVES1096_2CondPmod_REML -verb
 
++ N.B.: 3dREMLfit command above written to file CHIVES1096_2CondPmod_stats.REML_cmd
++ (b) Visualization/analysis of the matrix via ExamineXmat.R
++ (c) Synthesis of sub-model datasets using 3dSynthesize
++ ==========================================================
++ Wrote matrix values to file CHIVES1096_2CondPmod_uncensor_xmat.1D
++ ----- Signal+Baseline matrix condition [X] (357x15):  3.56629  ++ VERY GOOD ++
++ ----- Signal-only matrix condition [X] (357x5):  1.53625  ++ VERY GOOD ++
++ ----- Baseline-only matrix condition [X] (357x10):  3.44547  ++ VERY GOOD ++
++ ----- stim_base-only matrix condition [X] (357x4):  1.84947  ++ VERY GOOD ++
++ ----- polort-only matrix condition [X] (357x6):  1.01526  ++ VERY GOOD ++
++ +++++ Matrix inverse average error = 1.11062e-15  ++ VERY GOOD ++
++ Matrix setup time = 0.02 s
++ Voxels in dataset: 1082035
++ Voxels in mask:    270451
++ Voxels per job:    13522
++ Job #1: processing voxels 185239 to 249131; elapsed time=4.256
++ Job #2: processing voxels 249132 to 294375; elapsed time=4.273
++ Job #3: processing voxels 294376 to 328781; elapsed time=4.291
++ Job #4: processing voxels 328782 to 360378; elapsed time=4.308
++ Job #5: processing voxels 360379 to 386961; elapsed time=4.326
++ Job #6: processing voxels 386962 to 416667; elapsed time=4.344
++ Job #7: processing voxels 416668 to 442535; elapsed time=4.362
++ Job #8: processing voxels 442536 to 471967; elapsed time=4.381
++ Job #9: processing voxels 471968 to 497827; elapsed time=4.399
++ Job #10: processing voxels 497828 to 527533; elapsed time=4.417
++ Job #11: processing voxels 527534 to 553794; elapsed time=4.436
++ Job #12: processing voxels 553795 to 584389; elapsed time=4.454
++ Job #13: processing voxels 584390 to 615314; elapsed time=4.472
++ Job #14: processing voxels 615315 to 643750; elapsed time=4.505
++ Job #15: processing voxels 643751 to 677280; elapsed time=4.509
++ Job #16: processing voxels 677281 to 717442; elapsed time=4.542
++ Job #17: processing voxels 717443 to 755392; elapsed time=4.546
++ Job #18: processing voxels 755393 to 809049; elapsed time=4.579
++ Job #19: processing voxels 809050 to 1082034; elapsed time=4.584
++ Job #0: processing voxels 0 to 185238; elapsed time=4.594
++ voxel loop:0123456789.0123456789.0123456789.0123456789.01234++ Job #2 finished; elapsed time=5.401
5++ Job #4 finished; elapsed time=5.423
++ Job #6 finished; elapsed time=5.459
++ Job #5 finished; elapsed time=5.475
++ Job #8 finished; elapsed time=5.490
++ Job #7 finished; elapsed time=5.508
++ Job #1 finished; elapsed time=5.519
++ Job #10 finished; elapsed time=5.531
67++ Job #12 finished; elapsed time=5.565
8++ Job #9 finished; elapsed time=5.575
++ Job #13 finished; elapsed time=5.583
++ Job #15 finished; elapsed time=5.626
++ Job #11 finished; elapsed time=5.657
++ Job #17 finished; elapsed time=5.664
9.
++ Job #0 waiting for children to finish; elapsed time=5.695
++ Job #14 finished; elapsed time=5.725
++ Job #16 finished; elapsed time=5.730
++ Job #19 finished; elapsed time=5.737
++ Job #3 finished; elapsed time=5.854
++ Job #18 finished; elapsed time=6.092
++ Job #0 now finishing up; elapsed time=6.103
++ Smallest FDR q [0 Full_Fstat] = 7.16857e-14
++ Smallest FDR q [2 HealthyPmod#0_Tstat] = 7.4048e-09
++ Smallest FDR q [4 HealthyPmod#1_Tstat] = 0.0111985
++ Smallest FDR q [5 HealthyPmod_Fstat] = 4.33091e-08
++ Smallest FDR q [7 UnhealthyPmod#0_Tstat] = 5.33688e-12
++ Smallest FDR q [9 UnhealthyPmod#1_Tstat] = 0.0195325
++ Smallest FDR q [10 UnhealthyPmod_Fstat] = 7.37856e-12
++ Smallest FDR q [12 BidsNMiss#0_Tstat] = 2.38266e-13
++ Smallest FDR q [13 BidsNMiss_Fstat] = 2.38264e-13
++ Smallest FDR q [15 HealthyGtRest_GLT#0_Tstat] = 7.4048e-09
++ Smallest FDR q [16 HealthyGtRest_GLT_Fstat] = 7.4048e-09
++ Smallest FDR q [18 HealthyPmod_GLT#0_Tstat] = 0.0111985
++ Smallest FDR q [19 HealthyPmod_GLT_Fstat] = 0.011198
++ Smallest FDR q [21 UnhealthyGtRest_GLT#0_Tstat] = 5.33688e-12
++ Smallest FDR q [22 UnhealthyGtRest_GLT_Fstat] = 5.33682e-12
++ Smallest FDR q [24 UnhealthyPmod_GLT#0_Tstat] = 0.0195325
++ Smallest FDR q [25 UnhealthyPmod_GLT_Fstat] = 0.0195335
++ Smallest FDR q [27 HealthyGtUnhealthy_GLT#0_Tstat] = 7.18267e-05
++ Smallest FDR q [28 HealthyGtUnhealthy_GLT_Fstat] = 7.18288e-05
[7m*+ WARNING:[0m Smallest FDR q [30 HealthyGtUnhealthyPmod_GLT#0_Tstat] = 0.216523 ==> few true single voxel detections
[7m*+ WARNING:[0m Smallest FDR q [31 HealthyGtUnhealthyPmod_GLT_Fstat] = 0.216073 ==> few true single voxel detections
++ Wrote bucket dataset into ./CHIVES1096_2CondPmod_stats+tlrc.BRIK
 + created 21 FDR curves in bucket header
++ Wrote 3D+time dataset into ./CHIVES1096_2CondPmod+tlrc.BRIK
++ Wrote 3D+time dataset into ./CHIVES1096_2CondPmod+tlrc.BRIK
++ Program finished; elapsed time=37.542
++ 3dREMLfit: AFNI version=AFNI_18.2.04 (Jul  6 2018) [64-bit]
++ Authored by: RWCox
** AFNI converts NIFTI_datatype=4 (INT16) in file /projects/sanlab/shared/CHIVES/bids_data/derivatives/fmriprep/sub-CHIVES1096/ses-wave1/func/s6_sub-CHIVES1096_ses-wave1_task-money_bold_space-MNI152NLin2009cAsym_preproc.nii to FLOAT32
     Warnings of this type will be muted for this session.
     Set AFNI_NIFTI_TYPE_WARN to YES to see them all, NO to see none.
++ Number of voxels in mask = 270451
++ Number of OpenMP threads = 15
++ -----  matrix condition (357x15):  3.56629  ++ VERY GOOD ++
++ Loading input dataset into memory
++ Converting input dataset to vector image
 +  dataset = 1.5 billion [giga] bytes
 +  vectim  = 387 million [mega] bytes
++ starting REML setup calculations; total CPU=0.00 Elapsed=4.34
 + X matrix: 88.945% of elements are nonzero
 + starting 15 OpenMP threads for REML setup
 + REML setup finished: matrix rows=357 cols=15; 109*1 cases; total CPU=0.00 Elapsed=4.37
 +  average case bandwidth = 13.00
++ REML voxel loop: [15 threads]0123456789.012
 + ARMA voxel parameters estimated: total CPU=0.00 Elapsed=22.23
++ GLSQ loop:0123456789.0123456789.0123456789.0123456789.0123456789.
 + GLSQ regression done: total CPU=0.00 Elapsed=59.26
++ Output dataset ./CHIVES1096_2CondPmod_stats_REMLvar+tlrc.BRIK
++ Output dataset ./CHIVES1096_2CondPmod_REML+tlrc.BRIK
[7m** ERROR:[0m output dataset name 'CHIVES1096_2CondPmod_REML' conflicts with existing file
[7m** ERROR:[0m dataset NOT written to disk!
++ creating FDR curves in dataset CHIVES1096_2CondPmod_stats_REML+tlrc
++ Smallest FDR q [0 Full_Fstat] = 2.00435e-13
++ Smallest FDR q [2 HealthyPmod#0_Tstat] = 1.78222e-08
++ Smallest FDR q [4 HealthyPmod#1_Tstat] = 0.0246405
++ Smallest FDR q [5 HealthyPmod_Fstat] = 1.62322e-07
++ Smallest FDR q [7 UnhealthyPmod#0_Tstat] = 1.01264e-09
[7m*+ WARNING:[0m Smallest FDR q [9 UnhealthyPmod#1_Tstat] = 0.863506 ==> few true single voxel detections
++ Smallest FDR q [10 UnhealthyPmod_Fstat] = 1.01534e-08
++ Smallest FDR q [12 BidsNMiss#0_Tstat] = 1.0204e-12
++ Smallest FDR q [13 BidsNMiss_Fstat] = 1.02041e-12
++ Smallest FDR q [15 HealthyGtRest#0_Tstat] = 1.78222e-08
++ Smallest FDR q [16 HealthyGtRest_Fstat] = 1.78222e-08
++ Smallest FDR q [18 HealthyPmod#0_Tstat] = 0.0246405
++ Smallest FDR q [19 HealthyPmod_Fstat] = 0.0246405
++ Smallest FDR q [21 UnhealthyGtRest#0_Tstat] = 1.01264e-09
++ Smallest FDR q [22 UnhealthyGtRest_Fstat] = 1.01264e-09
[7m*+ WARNING:[0m Smallest FDR q [24 UnhealthyPmod#0_Tstat] = 0.863506 ==> few true single voxel detections
[7m*+ WARNING:[0m Smallest FDR q [25 UnhealthyPmod_Fstat] = 0.863507 ==> few true single voxel detections
[7m*+ WARNING:[0m Smallest FDR q [27 HealthyGtUnhealthy#0_Tstat] = 0.869021 ==> few true single voxel detections
[7m*+ WARNING:[0m Smallest FDR q [28 HealthyGtUnhealthy_Fstat] = 0.869021 ==> few true single voxel detections
[7m*+ WARNING:[0m Smallest FDR q [30 HealthyGtUnhealthyPmod#0_Tstat] = 0.910789 ==> few true single voxel detections
[7m*+ WARNING:[0m Smallest FDR q [31 HealthyGtUnhealthyPmod_Fstat] = 0.91079 ==> few true single voxel detections
 + Added 21 FDR curves to dataset CHIVES1096_2CondPmod_stats_REML+tlrc
++ Output dataset ./CHIVES1096_2CondPmod_stats_REML+tlrc.BRIK
 + unloading input dataset and REML matrices
++ 3dREMLfit is all done! total CPU=0.00 Elapsed=88.67
** AFNI converts NIFTI_datatype=4 (INT16) in file /projects/sanlab/shared/CHIVES/bids_data/derivatives/fmriprep/sub-CHIVES1096/ses-wave1/func/s6_sub-CHIVES1096_ses-wave1_task-money_bold_space-MNI152NLin2009cAsym_preproc.nii to FLOAT32
     Warnings of this type will be muted for this session.
     Set AFNI_NIFTI_TYPE_WARN to YES to see them all, NO to see none.
++ '-stim_times_AM1 3 /projects/sanlab/shared/CHIVES/CHIVES_WTP_scripts/behavioral/money/afni_timing_files/CHIVES1096/BidOnsDur.1D' has 1 auxiliary values per time point
++ '-stim_times_AM1 3': basis function model 'dmBLOCK(1)' uses 1 parameters,
    out of the 1 found in timing file '/projects/sanlab/shared/CHIVES/CHIVES_WTP_scripts/behavioral/money/afni_timing_files/CHIVES1096/BidOnsDur.1D'
++ 3dDeconvolve extending num_stimts from 3 to 7 due to -ortvec
++ 3dDeconvolve: AFNI version=AFNI_18.2.04 (Jul  6 2018) [64-bit]
++ Authored by: B. Douglas Ward, et al.
++ current memory malloc-ated = 265,645 bytes (about 266 thousand [kilo])
++ loading dataset /projects/sanlab/shared/CHIVES/bids_data/derivatives/fmriprep/sub-CHIVES1096/ses-wave1/func/s6_sub-CHIVES1096_ses-wave1_task-money_bold_space-MNI152NLin2009cAsym_preproc.nii
++ current memory malloc-ated = 1,545,414,505 bytes (about 1.5 billion [giga])
++ forcibly using TR=2.0000 seconds for -input dataset
++ Skipping check for initial transients
++ Imaging duration=714.0 s; Automatic polort=5
++ -stim_times using TR=2 s for stimulus timing conversion
++ -stim_times using TR=2 s for any -iresp output datasets
++  [you can alter the -iresp TR via the -TR_times option]
++ ** -stim_times NOTE ** guessing GLOBAL times if 1 time per line; LOCAL otherwise
++ ** GUESSED ** -stim_times 1 using LOCAL times
++ ** GUESSED ** -stim_times 2 using LOCAL times
++ ** GUESSED ** -stim_times_AM1 3 using LOCAL times
------------------------------------------------------------
GLT matrix from 'SYM: Healthy':
   0   0   0   0   0   0   1   0   0   0   0   0   0 
 
------------------------------------------------------------
GLT matrix from 'SYM: Unhealthy':
   0   0   0   0   0   0   0   1   0   0   0   0   0 
 
------------------------------------------------------------
GLT matrix from 'SYM: Healthy -Unhealthy':
   0   0   0   0   0   0   1  -1   0   0   0   0   0 
 
++ Number of time points: 357 (no censoring)
 + Number of parameters:  13 [10 baseline ; 3 signal]
++ total shared memory needed = 3,172,526,620 bytes (about 3.2 billion [giga])
++ current memory malloc-ated = 1,546,542,477 bytes (about 1.5 billion [giga])
++ mmap() memory allocated: 3,172,526,620 bytes (about 3.2 billion [giga])
++ Memory required for output bricks = 3,172,526,620 bytes (about 3.2 billion [giga])
++ Wrote matrix values to file CHIVES1096_2Cond_xmat.1D
++ ========= Things you can do with the matrix file =========
++ (a) Linear regression with ARMA(1,1) modeling of serial correlation:

3dREMLfit -matrix CHIVES1096_2Cond_xmat.1D -input /projects/sanlab/shared/CHIVES/bids_data/derivatives/fmriprep/sub-CHIVES1096/ses-wave1/func/s6_sub-CHIVES1096_ses-wave1_task-money_bold_space-MNI152NLin2009cAsym_preproc.nii \
 -mask /projects/sanlab/shared/CHIVES/bids_data/derivatives/fmriprep/sub-CHIVES1096/ses-wave1/func/sub-CHIVES1096_ses-wave1_task-money_bold_space-MNI152NLin2009cAsym_brainmask.nii.gz \
 -fout -tout -Rbuck CHIVES1096_2Cond_stats_REML -Rvar CHIVES1096_2Cond_stats_REMLvar \
 -Rfitts CHIVES1096_2Cond_REML -Rerrts CHIVES1096_2Cond_REML -verb
 
++ N.B.: 3dREMLfit command above written to file CHIVES1096_2Cond_stats.REML_cmd
++ (b) Visualization/analysis of the matrix via ExamineXmat.R
++ (c) Synthesis of sub-model datasets using 3dSynthesize
++ ==========================================================
++ Wrote matrix values to file CHIVES1096_2Cond_uncensor_xmat.1D
++ ----- Signal+Baseline matrix condition [X] (357x13):  3.52423  ++ VERY GOOD ++
++ ----- Signal-only matrix condition [X] (357x3):  1.53613  ++ VERY GOOD ++
++ ----- Baseline-only matrix condition [X] (357x10):  3.44547  ++ VERY GOOD ++
++ ----- stim_base-only matrix condition [X] (357x4):  1.84947  ++ VERY GOOD ++
++ ----- polort-only matrix condition [X] (357x6):  1.01526  ++ VERY GOOD ++
++ +++++ Matrix inverse average error = 1.79062e-15  ++ VERY GOOD ++
++ Matrix setup time = 0.01 s
++ Voxels in dataset: 1082035
++ Voxels in mask:    270451
++ Voxels per job:    13522
++ Job #1: processing voxels 185239 to 249131; elapsed time=4.204
++ Job #2: processing voxels 249132 to 294375; elapsed time=4.222
++ Job #3: processing voxels 294376 to 328781; elapsed time=4.240
++ Job #4: processing voxels 328782 to 360378; elapsed time=4.257
++ Job #5: processing voxels 360379 to 386961; elapsed time=4.276
++ Job #6: processing voxels 386962 to 416667; elapsed time=4.294
++ Job #7: processing voxels 416668 to 442535; elapsed time=4.312
++ Job #8: processing voxels 442536 to 471967; elapsed time=4.331
++ Job #9: processing voxels 471968 to 497827; elapsed time=4.349
++ Job #10: processing voxels 497828 to 527533; elapsed time=4.368
++ Job #11: processing voxels 527534 to 553794; elapsed time=4.387
++ Job #12: processing voxels 553795 to 584389; elapsed time=4.405
++ Job #13: processing voxels 584390 to 615314; elapsed time=4.438
++ Job #14: processing voxels 615315 to 643750; elapsed time=4.443
++ Job #15: processing voxels 643751 to 677280; elapsed time=4.462
++ Job #16: processing voxels 677281 to 717442; elapsed time=4.494
++ Job #17: processing voxels 717443 to 755392; elapsed time=4.499
++ Job #18: processing voxels 755393 to 809049; elapsed time=4.532
++ Job #19: processing voxels 809050 to 1082034; elapsed time=4.538
++ Job #0: processing voxels 0 to 185238; elapsed time=4.548
++ voxel loop:0123456789.0123456789.0123456789.0123456789.012++ Job #2 finished; elapsed time=5.125
++ Job #4 finished; elapsed time=5.153
34++ Job #6 finished; elapsed time=5.187
++ Job #5 finished; elapsed time=5.205
5++ Job #8 finished; elapsed time=5.217
++ Job #7 finished; elapsed time=5.238
++ Job #10 finished; elapsed time=5.257
++ Job #9 finished; elapsed time=5.265
++ Job #12 finished; elapsed time=5.295
678++ Job #14 finished; elapsed time=5.330
++ Job #15 finished; elapsed time=5.357
++ Job #17 finished; elapsed time=5.397
9.
++ Job #0 waiting for children to finish; elapsed time=5.426
++ Job #19 finished; elapsed time=5.464
++ Job #3 finished; elapsed time=5.486
++ Job #1 finished; elapsed time=5.547
++ Job #11 finished; elapsed time=5.694
++ Job #18 finished; elapsed time=5.740
++ Job #13 finished; elapsed time=5.750
++ Job #16 finished; elapsed time=5.798
++ Job #0 now finishing up; elapsed time=5.809
++ Smallest FDR q [0 Full_Fstat] = 6.84136e-14
++ Smallest FDR q [2 Healthy#0_Tstat] = 6.233e-09
++ Smallest FDR q [3 Healthy_Fstat] = 6.23287e-09
++ Smallest FDR q [5 Unhealthy#0_Tstat] = 5.34575e-12
++ Smallest FDR q [6 Unhealthy_Fstat] = 5.34564e-12
++ Smallest FDR q [8 BidsNMiss#0_Tstat] = 2.37066e-13
++ Smallest FDR q [9 BidsNMiss_Fstat] = 2.37069e-13
++ Smallest FDR q [11 HealthyGtRest_GLT#0_Tstat] = 6.233e-09
++ Smallest FDR q [12 HealthyGtRest_GLT_Fstat] = 6.233e-09
++ Smallest FDR q [14 UnhealthyGtRest_GLT#0_Tstat] = 5.34575e-12
++ Smallest FDR q [15 UnhealthyGtRest_GLT_Fstat] = 5.34569e-12
++ Smallest FDR q [17 HealthyGtUnhealthy_GLT#0_Tstat] = 0.000155077
++ Smallest FDR q [18 HealthyGtUnhealthy_GLT_Fstat] = 0.000155082
++ Wrote bucket dataset into ./CHIVES1096_2Cond_stats+tlrc.BRIK
 + created 13 FDR curves in bucket header
++ Wrote 3D+time dataset into ./CHIVES1096_2Cond+tlrc.BRIK
++ Wrote 3D+time dataset into ./CHIVES1096_2Cond+tlrc.BRIK
++ Program finished; elapsed time=25.042
++ 3dREMLfit: AFNI version=AFNI_18.2.04 (Jul  6 2018) [64-bit]
++ Authored by: RWCox
** AFNI converts NIFTI_datatype=4 (INT16) in file /projects/sanlab/shared/CHIVES/bids_data/derivatives/fmriprep/sub-CHIVES1096/ses-wave1/func/s6_sub-CHIVES1096_ses-wave1_task-money_bold_space-MNI152NLin2009cAsym_preproc.nii to FLOAT32
     Warnings of this type will be muted for this session.
     Set AFNI_NIFTI_TYPE_WARN to YES to see them all, NO to see none.
++ Number of voxels in mask = 270451
++ Number of OpenMP threads = 15
++ -----  matrix condition (357x13):  3.52423  ++ VERY GOOD ++
++ Loading input dataset into memory
++ Converting input dataset to vector image
 +  dataset = 1.5 billion [giga] bytes
 +  vectim  = 387 million [mega] bytes
++ starting REML setup calculations; total CPU=0.00 Elapsed=4.75
 + X matrix: 94.118% of elements are nonzero
 + starting 15 OpenMP threads for REML setup
 + REML setup finished: matrix rows=357 cols=13; 109*1 cases; total CPU=0.00 Elapsed=4.76
 +  average case bandwidth = 13.00
++ REML voxel loop: [15 threads]0123456789.012
 + ARMA voxel parameters estimated: total CPU=0.00 Elapsed=21.94
++ GLSQ loop:0123456789.0123456789.0123456789.0123456789.0123456789.
 + GLSQ regression done: total CPU=0.00 Elapsed=51.45
++ Output dataset ./CHIVES1096_2Cond_stats_REMLvar+tlrc.BRIK
++ Output dataset ./CHIVES1096_2Cond_REML+tlrc.BRIK
[7m** ERROR:[0m output dataset name 'CHIVES1096_2Cond_REML' conflicts with existing file
[7m** ERROR:[0m dataset NOT written to disk!
++ creating FDR curves in dataset CHIVES1096_2Cond_stats_REML+tlrc
++ Smallest FDR q [0 Full_Fstat] = 1.36957e-13
++ Smallest FDR q [2 Healthy#0_Tstat] = 1.59601e-08
++ Smallest FDR q [3 Healthy_Fstat] = 1.59601e-08
++ Smallest FDR q [5 Unhealthy#0_Tstat] = 1.00753e-09
++ Smallest FDR q [6 Unhealthy_Fstat] = 1.00753e-09
++ Smallest FDR q [8 BidsNMiss#0_Tstat] = 1.01636e-12
++ Smallest FDR q [9 BidsNMiss_Fstat] = 1.01636e-12
++ Smallest FDR q [11 HealthyGtRest#0_Tstat] = 1.59601e-08
++ Smallest FDR q [12 HealthyGtRest_Fstat] = 1.59601e-08
++ Smallest FDR q [14 UnhealthyGtRest#0_Tstat] = 1.00753e-09
++ Smallest FDR q [15 UnhealthyGtRest_Fstat] = 1.00753e-09
[7m*+ WARNING:[0m Smallest FDR q [17 HealthyGtUnhealthy#0_Tstat] = 0.916077 ==> few true single voxel detections
[7m*+ WARNING:[0m Smallest FDR q [18 HealthyGtUnhealthy_Fstat] = 0.916077 ==> few true single voxel detections
 + Added 13 FDR curves to dataset CHIVES1096_2Cond_stats_REML+tlrc
++ Output dataset ./CHIVES1096_2Cond_stats_REML+tlrc.BRIK
 + unloading input dataset and REML matrices
++ 3dREMLfit is all done! total CPU=0.00 Elapsed=70.27
