** AFNI converts NIFTI_datatype=4 (INT16) in file /projects/sanlab/shared/CHIVES/bids_data/derivatives/fmriprep/sub-CHIVES1072/ses-wave1/func/s6_sub-CHIVES1072_ses-wave1_task-money_bold_space-MNI152NLin2009cAsym_preproc.nii to FLOAT32
     Warnings of this type will be muted for this session.
     Set AFNI_NIFTI_TYPE_WARN to YES to see them all, NO to see none.
++ '-stim_times_AM2 1 /projects/sanlab/shared/CHIVES/CHIVES_WTP_scripts/behavioral/money/afni_timing_files/CHIVES1072/AllCondsPmod.1D' has 1 auxiliary values per time point
++ '-stim_times_AM2 1 /projects/sanlab/shared/CHIVES/CHIVES_WTP_scripts/behavioral/money/afni_timing_files/CHIVES1072/AllCondsPmod.1D' will have 2 regressors
++ '-stim_times_AM1 2 /projects/sanlab/shared/CHIVES/CHIVES_WTP_scripts/behavioral/money/afni_timing_files/CHIVES1072/BidOnsDur.1D' has 1 auxiliary values per time point
++ '-stim_times_AM1 2': basis function model 'dmBLOCK(1)' uses 1 parameters,
    out of the 1 found in timing file '/projects/sanlab/shared/CHIVES/CHIVES_WTP_scripts/behavioral/money/afni_timing_files/CHIVES1072/BidOnsDur.1D'
++ 3dDeconvolve extending num_stimts from 2 to 6 due to -ortvec
++ 3dDeconvolve: AFNI version=AFNI_18.2.04 (Jul  6 2018) [64-bit]
++ Authored by: B. Douglas Ward, et al.
++ current memory malloc-ated = 260,017 bytes (about 260 thousand [kilo])
++ loading dataset /projects/sanlab/shared/CHIVES/bids_data/derivatives/fmriprep/sub-CHIVES1072/ses-wave1/func/s6_sub-CHIVES1072_ses-wave1_task-money_bold_space-MNI152NLin2009cAsym_preproc.nii
++ current memory malloc-ated = 1,545,408,877 bytes (about 1.5 billion [giga])
++ forcibly using TR=2.0000 seconds for -input dataset
++ Skipping check for initial transients
++ Imaging duration=714.0 s; Automatic polort=5
++ -stim_times using TR=2 s for stimulus timing conversion
++ -stim_times using TR=2 s for any -iresp output datasets
++  [you can alter the -iresp TR via the -TR_times option]
++ ** -stim_times NOTE ** guessing GLOBAL times if 1 time per line; LOCAL otherwise
++ ** GUESSED ** -stim_times_AM2 1 using LOCAL times
++ '-stim_times_AM2 1' average amplitude#1=0.38983
++ ** GUESSED ** -stim_times_AM1 2 using LOCAL times
------------------------------------------------------------
GLT matrix from 'SYM: AllConds[0]':
   0   0   0   0   0   0   1   0   0   0   0   0   0 
 
------------------------------------------------------------
GLT matrix from 'SYM: AllConds[1]':
   0   0   0   0   0   0   0   1   0   0   0   0   0 
 
++ Number of time points: 357 (before censor) ; 356 (after)
 + Number of parameters:  13 [10 baseline ; 3 signal]
++ total shared memory needed = 3,155,214,060 bytes (about 3.2 billion [giga])
++ current memory malloc-ated = 1,546,536,818 bytes (about 1.5 billion [giga])
++ mmap() memory allocated: 3,155,214,060 bytes (about 3.2 billion [giga])
++ Memory required for output bricks = 3,155,214,060 bytes (about 3.2 billion [giga])
++ Wrote matrix values to file CHIVES1072_AllCondPmod_xmat.1D
++ ========= Things you can do with the matrix file =========
++ (a) Linear regression with ARMA(1,1) modeling of serial correlation:

3dREMLfit -matrix CHIVES1072_AllCondPmod_xmat.1D -input /projects/sanlab/shared/CHIVES/bids_data/derivatives/fmriprep/sub-CHIVES1072/ses-wave1/func/s6_sub-CHIVES1072_ses-wave1_task-money_bold_space-MNI152NLin2009cAsym_preproc.nii \
 -mask /projects/sanlab/shared/CHIVES/bids_data/derivatives/fmriprep/sub-CHIVES1072/ses-wave1/func/sub-CHIVES1072_ses-wave1_task-money_bold_space-MNI152NLin2009cAsym_brainmask.nii.gz \
 -fout -tout -Rbuck CHIVES1072_AllCondPmod_stats_REML -Rvar CHIVES1072_AllCondPmod_stats_REMLvar \
 -Rfitts CHIVES1072_AllCondPmod_REML -Rerrts CHIVES1072_AllCondPmod_REML -verb
 
++ N.B.: 3dREMLfit command above written to file CHIVES1072_AllCondPmod_stats.REML_cmd
++ (b) Visualization/analysis of the matrix via ExamineXmat.R
++ (c) Synthesis of sub-model datasets using 3dSynthesize
++ ==========================================================
++ Wrote matrix values to file CHIVES1072_AllCondPmod_uncensor_xmat.1D
++ ----- Signal+Baseline matrix condition [X] (356x13):  3.69434  ++ VERY GOOD ++
++ ----- Signal-only matrix condition [X] (356x3):  1.56344  ++ VERY GOOD ++
++ ----- Baseline-only matrix condition [X] (356x10):  3.6602  ++ VERY GOOD ++
++ ----- stim_base-only matrix condition [X] (356x4):  2.34607  ++ VERY GOOD ++
++ ----- polort-only matrix condition [X] (356x6):  1.01497  ++ VERY GOOD ++
++ +++++ Matrix inverse average error = 1.44537e-15  ++ VERY GOOD ++
++ Matrix setup time = 0.02 s
++ Voxels in dataset: 1082035
++ Voxels in mask:    270188
++ Voxels per job:    13509
++ Job #1: processing voxels 171565 to 229265; elapsed time=4.585
++ Job #2: processing voxels 229266 to 276502; elapsed time=4.605
++ Job #3: processing voxels 276503 to 316386; elapsed time=4.627
++ Job #4: processing voxels 316387 to 348156; elapsed time=4.649
++ Job #5: processing voxels 348157 to 374833; elapsed time=4.672
++ Job #6: processing voxels 374834 to 404553; elapsed time=4.694
++ Job #7: processing voxels 404554 to 430243; elapsed time=4.717
++ Job #8: processing voxels 430244 to 459132; elapsed time=4.740
++ Job #9: processing voxels 459133 to 485055; elapsed time=4.764
++ Job #10: processing voxels 485056 to 511222; elapsed time=4.788
++ Job #11: processing voxels 511223 to 540635; elapsed time=4.813
++ Job #12: processing voxels 540636 to 570613; elapsed time=4.838
++ Job #13: processing voxels 570614 to 598028; elapsed time=4.877
++ Job #14: processing voxels 598029 to 629992; elapsed time=4.888
++ Job #15: processing voxels 629993 to 663207; elapsed time=4.928
++ Job #16: processing voxels 663208 to 697973; elapsed time=4.940
++ Job #17: processing voxels 697974 to 740760; elapsed time=4.966
++ Job #18: processing voxels 740761 to 794776; elapsed time=5.005
++ Job #19: processing voxels 794777 to 1082034; elapsed time=5.018
++ Job #0: processing voxels 0 to 171564; elapsed time=5.028
++ voxel loop:0123456789.0123456789.0123456789.012345++ Job #2 finished; elapsed time=5.403
6++ Job #4 finished; elapsed time=5.442
78++ Job #6 finished; elapsed time=5.481
9.++ Job #5 finished; elapsed time=5.503
++ Job #8 finished; elapsed time=5.533
012++ Job #7 finished; elapsed time=5.546
++ Job #10 finished; elapsed time=5.577
++ Job #9 finished; elapsed time=5.583
3++ Job #12 finished; elapsed time=5.627
45++ Job #14 finished; elapsed time=5.684
6++ Job #16 finished; elapsed time=5.736
78++ Job #3 finished; elapsed time=5.742
++ Job #1 finished; elapsed time=5.744
++ Job #17 finished; elapsed time=5.770
9.
++ Job #0 waiting for children to finish; elapsed time=5.805
++ Job #19 finished; elapsed time=5.843
++ Job #11 finished; elapsed time=5.935
++ Job #13 finished; elapsed time=6.009
++ Job #15 finished; elapsed time=6.052
++ Job #18 finished; elapsed time=6.117
++ Job #0 now finishing up; elapsed time=6.137
++ Smallest FDR q [0 Full_Fstat] = 1.04287e-14
++ Smallest FDR q [2 AllConds#0_Tstat] = 3.6222e-14
++ Smallest FDR q [4 AllConds#1_Tstat] = 3.02057e-06
++ Smallest FDR q [5 AllConds_Fstat] = 3.61618e-14
++ Smallest FDR q [7 BidsNMiss#0_Tstat] = 3.16504e-14
++ Smallest FDR q [8 BidsNMiss_Fstat] = 3.16504e-14
++ Smallest FDR q [10 CondGtRest_GLT#0_Tstat] = 3.6222e-14
++ Smallest FDR q [11 CondGtRest_GLT_Fstat] = 3.62207e-14
++ Smallest FDR q [13 Pmod_GLT#0_Tstat] = 3.02057e-06
++ Smallest FDR q [14 Pmod_GLT_Fstat] = 3.02057e-06
++ Wrote bucket dataset into ./CHIVES1072_AllCondPmod_stats+tlrc.BRIK
 + created 10 FDR curves in bucket header
++ Wrote 3D+time dataset into ./CHIVES1072_AllCondPmod+tlrc.BRIK
++ Wrote 3D+time dataset into ./CHIVES1072_AllCondPmod+tlrc.BRIK
++ Program finished; elapsed time=22.580
++ 3dREMLfit: AFNI version=AFNI_18.2.04 (Jul  6 2018) [64-bit]
++ Authored by: RWCox
** AFNI converts NIFTI_datatype=4 (INT16) in file /projects/sanlab/shared/CHIVES/bids_data/derivatives/fmriprep/sub-CHIVES1072/ses-wave1/func/s6_sub-CHIVES1072_ses-wave1_task-money_bold_space-MNI152NLin2009cAsym_preproc.nii to FLOAT32
     Warnings of this type will be muted for this session.
     Set AFNI_NIFTI_TYPE_WARN to YES to see them all, NO to see none.
++ Number of voxels in mask = 270188
++ Number of OpenMP threads = 15
++ -----  matrix condition (356x13):  3.69434  ++ VERY GOOD ++
++ Loading input dataset into memory
++ Converting input dataset to vector image
 +  dataset = 1.5 billion [giga] bytes
 +  vectim  = 387 million [mega] bytes
++ starting REML setup calculations; total CPU=0.00 Elapsed=4.23
 + X matrix: 99.460% of elements are nonzero
 + starting 15 OpenMP threads for REML setup
 + REML setup finished: matrix rows=356 cols=13; 109*1 cases; total CPU=0.00 Elapsed=4.24
 +  average case bandwidth = 12.98
++ REML voxel loop: [15 threads]0123456789.012
 + ARMA voxel parameters estimated: total CPU=0.00 Elapsed=20.44
++ GLSQ loop:0123456789.0123456789.0123456789.0123456789.0123456789.
 + GLSQ regression done: total CPU=0.00 Elapsed=43.77
++ Output dataset ./CHIVES1072_AllCondPmod_stats_REMLvar+tlrc.BRIK
++ Output dataset ./CHIVES1072_AllCondPmod_REML+tlrc.BRIK
[7m** ERROR:[0m output dataset name 'CHIVES1072_AllCondPmod_REML' conflicts with existing file
[7m** ERROR:[0m dataset NOT written to disk!
++ creating FDR curves in dataset CHIVES1072_AllCondPmod_stats_REML+tlrc
++ Smallest FDR q [0 Full_Fstat] = 1.11942e-14
++ Smallest FDR q [2 AllConds#0_Tstat] = 3.88357e-14
++ Smallest FDR q [4 AllConds#1_Tstat] = 0.0080479
++ Smallest FDR q [5 AllConds_Fstat] = 4.27834e-14
++ Smallest FDR q [7 BidsNMiss#0_Tstat] = 2.98079e-14
++ Smallest FDR q [8 BidsNMiss_Fstat] = 2.98079e-14
++ Smallest FDR q [10 CondGtRest#0_Tstat] = 3.88357e-14
++ Smallest FDR q [11 CondGtRest_Fstat] = 3.88357e-14
++ Smallest FDR q [13 Pmod#0_Tstat] = 0.0080479
++ Smallest FDR q [14 Pmod_Fstat] = 0.00804791
 + Added 10 FDR curves to dataset CHIVES1072_AllCondPmod_stats_REML+tlrc
++ Output dataset ./CHIVES1072_AllCondPmod_stats_REML+tlrc.BRIK
 + unloading input dataset and REML matrices
++ 3dREMLfit is all done! total CPU=0.00 Elapsed=59.58
** AFNI converts NIFTI_datatype=4 (INT16) in file /projects/sanlab/shared/CHIVES/bids_data/derivatives/fmriprep/sub-CHIVES1072/ses-wave1/func/s6_sub-CHIVES1072_ses-wave1_task-money_bold_space-MNI152NLin2009cAsym_preproc.nii to FLOAT32
     Warnings of this type will be muted for this session.
     Set AFNI_NIFTI_TYPE_WARN to YES to see them all, NO to see none.
++ '-stim_times_AM2 1 /projects/sanlab/shared/CHIVES/CHIVES_WTP_scripts/behavioral/money/afni_timing_files/CHIVES1072/HealthyPmod.1D' has 1 auxiliary values per time point
++ '-stim_times_AM2 1 /projects/sanlab/shared/CHIVES/CHIVES_WTP_scripts/behavioral/money/afni_timing_files/CHIVES1072/HealthyPmod.1D' will have 2 regressors
++ '-stim_times_AM2 2 /projects/sanlab/shared/CHIVES/CHIVES_WTP_scripts/behavioral/money/afni_timing_files/CHIVES1072/UnhealthyPmod.1D' has 1 auxiliary values per time point
++ '-stim_times_AM2 2 /projects/sanlab/shared/CHIVES/CHIVES_WTP_scripts/behavioral/money/afni_timing_files/CHIVES1072/UnhealthyPmod.1D' will have 2 regressors
++ '-stim_times_AM1 3 /projects/sanlab/shared/CHIVES/CHIVES_WTP_scripts/behavioral/money/afni_timing_files/CHIVES1072/BidOnsDur.1D' has 1 auxiliary values per time point
++ '-stim_times_AM1 3': basis function model 'dmBLOCK(1)' uses 1 parameters,
    out of the 1 found in timing file '/projects/sanlab/shared/CHIVES/CHIVES_WTP_scripts/behavioral/money/afni_timing_files/CHIVES1072/BidOnsDur.1D'
++ 3dDeconvolve extending num_stimts from 3 to 7 due to -ortvec
++ 3dDeconvolve: AFNI version=AFNI_18.2.04 (Jul  6 2018) [64-bit]
++ Authored by: B. Douglas Ward, et al.
++ current memory malloc-ated = 287,283 bytes (about 287 thousand [kilo])
++ loading dataset /projects/sanlab/shared/CHIVES/bids_data/derivatives/fmriprep/sub-CHIVES1072/ses-wave1/func/s6_sub-CHIVES1072_ses-wave1_task-money_bold_space-MNI152NLin2009cAsym_preproc.nii
++ current memory malloc-ated = 1,545,436,143 bytes (about 1.5 billion [giga])
++ forcibly using TR=2.0000 seconds for -input dataset
++ Skipping check for initial transients
++ Imaging duration=714.0 s; Automatic polort=5
++ -stim_times using TR=2 s for stimulus timing conversion
++ -stim_times using TR=2 s for any -iresp output datasets
++  [you can alter the -iresp TR via the -TR_times option]
++ ** -stim_times NOTE ** guessing GLOBAL times if 1 time per line; LOCAL otherwise
++ ** GUESSED ** -stim_times_AM2 1 using LOCAL times
++ '-stim_times_AM2 1' average amplitude#1=0.637931
++ ** GUESSED ** -stim_times_AM2 2 using LOCAL times
++ '-stim_times_AM2 2' average amplitude#1=0.15
++ ** GUESSED ** -stim_times_AM1 3 using LOCAL times
------------------------------------------------------------
GLT matrix from 'SYM: HealthyPmod[0]':
   0   0   0   0   0   0   1   0   0   0   0   0   0   0   0 
 
------------------------------------------------------------
GLT matrix from 'SYM: HealthyPmod[1]':
   0   0   0   0   0   0   0   1   0   0   0   0   0   0   0 
 
------------------------------------------------------------
GLT matrix from 'SYM: UnhealthyPmod[0]':
   0   0   0   0   0   0   0   0   1   0   0   0   0   0   0 
 
------------------------------------------------------------
GLT matrix from 'SYM: UnhealthyPmod[1]':
   0   0   0   0   0   0   0   0   0   1   0   0   0   0   0 
 
------------------------------------------------------------
GLT matrix from 'SYM: HealthyPmod[0] -UnhealthyPmod[0]':
   0   0   0   0   0   0   1   0  -1   0   0   0   0   0   0 
 
------------------------------------------------------------
GLT matrix from 'SYM: HealthyPmod[1] -UnhealthyPmod[1]':
   0   0   0   0   0   0   0   1   0  -1   0   0   0   0   0 
 
++ Number of time points: 357 (before censor) ; 356 (after)
 + Number of parameters:  15 [10 baseline ; 5 signal]
++ total shared memory needed = 3,228,792,440 bytes (about 3.2 billion [giga])
++ current memory malloc-ated = 1,546,568,652 bytes (about 1.5 billion [giga])
++ mmap() memory allocated: 3,228,792,440 bytes (about 3.2 billion [giga])
++ Memory required for output bricks = 3,228,792,440 bytes (about 3.2 billion [giga])
++ Wrote matrix values to file CHIVES1072_2CondPmod_xmat.1D
++ ========= Things you can do with the matrix file =========
++ (a) Linear regression with ARMA(1,1) modeling of serial correlation:

3dREMLfit -matrix CHIVES1072_2CondPmod_xmat.1D -input /projects/sanlab/shared/CHIVES/bids_data/derivatives/fmriprep/sub-CHIVES1072/ses-wave1/func/s6_sub-CHIVES1072_ses-wave1_task-money_bold_space-MNI152NLin2009cAsym_preproc.nii \
 -mask /projects/sanlab/shared/CHIVES/bids_data/derivatives/fmriprep/sub-CHIVES1072/ses-wave1/func/sub-CHIVES1072_ses-wave1_task-money_bold_space-MNI152NLin2009cAsym_brainmask.nii.gz \
 -fout -tout -Rbuck CHIVES1072_2CondPmod_stats_REML -Rvar CHIVES1072_2CondPmod_stats_REMLvar \
 -Rfitts CHIVES1072_2CondPmod_REML -Rerrts CHIVES1072_2CondPmod_REML -verb
 
++ N.B.: 3dREMLfit command above written to file CHIVES1072_2CondPmod_stats.REML_cmd
++ (b) Visualization/analysis of the matrix via ExamineXmat.R
++ (c) Synthesis of sub-model datasets using 3dSynthesize
++ ==========================================================
++ Wrote matrix values to file CHIVES1072_2CondPmod_uncensor_xmat.1D
++ ----- Signal+Baseline matrix condition [X] (356x15):  3.72354  ++ VERY GOOD ++
++ ----- Signal-only matrix condition [X] (356x5):  1.56352  ++ VERY GOOD ++
++ ----- Baseline-only matrix condition [X] (356x10):  3.6602  ++ VERY GOOD ++
++ ----- stim_base-only matrix condition [X] (356x4):  2.34607  ++ VERY GOOD ++
++ ----- polort-only matrix condition [X] (356x6):  1.01497  ++ VERY GOOD ++
++ +++++ Matrix inverse average error = 1.12639e-15  ++ VERY GOOD ++
++ Matrix setup time = 0.02 s
++ Voxels in dataset: 1082035
++ Voxels in mask:    270188
++ Voxels per job:    13509
++ Job #1: processing voxels 171565 to 229265; elapsed time=4.292
++ Job #2: processing voxels 229266 to 276502; elapsed time=4.311
++ Job #3: processing voxels 276503 to 316386; elapsed time=4.331
++ Job #4: processing voxels 316387 to 348156; elapsed time=4.351
++ Job #5: processing voxels 348157 to 374833; elapsed time=4.373
++ Job #6: processing voxels 374834 to 404553; elapsed time=4.393
++ Job #7: processing voxels 404554 to 430243; elapsed time=4.416
++ Job #8: processing voxels 430244 to 459132; elapsed time=4.437
++ Job #9: processing voxels 459133 to 485055; elapsed time=4.459
++ Job #10: processing voxels 485056 to 511222; elapsed time=4.482
++ Job #11: processing voxels 511223 to 540635; elapsed time=4.505
++ Job #12: processing voxels 540636 to 570613; elapsed time=4.528
++ Job #13: processing voxels 570614 to 598028; elapsed time=4.566
++ Job #14: processing voxels 598029 to 629992; elapsed time=4.618
++ Job #15: processing voxels 629993 to 663207; elapsed time=4.656
++ Job #16: processing voxels 663208 to 697973; elapsed time=4.695
++ Job #17: processing voxels 697974 to 740760; elapsed time=4.734
++ Job #18: processing voxels 740761 to 794776; elapsed time=4.773
++ Job #0: processing voxels 0 to 171564; elapsed time=4.808
++ voxel loop:0++ Job #19: processing voxels 794777 to 1082034; elapsed time=4.812
123456789.0123456789.0123456789.012++ Job #1 finished; elapsed time=5.496
++ Job #3 finished; elapsed time=5.521
++ Job #2 finished; elapsed time=5.522
++ Job #5 finished; elapsed time=5.546
++ Job #8 finished; elapsed time=5.547
++ Job #7 finished; elapsed time=5.588
3++ Job #10 finished; elapsed time=5.598
45++ Job #9 finished; elapsed time=5.615
++ Job #11 finished; elapsed time=5.666
678++ Job #13 finished; elapsed time=5.723
9.++ Job #6 finished; elapsed time=5.805
++ Job #14 finished; elapsed time=5.808
++ Job #4 finished; elapsed time=5.827
012++ Job #15 finished; elapsed time=5.872
345++ Job #12 finished; elapsed time=6.047
6++ Job #16 finished; elapsed time=6.116
++ Job #17 finished; elapsed time=6.124
78++ Job #18 finished; elapsed time=6.156
9.
++ Job #0 waiting for children to finish; elapsed time=6.236
++ Job #19 finished; elapsed time=6.254
++ Job #0 now finishing up; elapsed time=6.273
++ Smallest FDR q [0 Full_Fstat] = 1.12541e-14
++ Smallest FDR q [2 HealthyPmod#0_Tstat] = 6.31419e-14
++ Smallest FDR q [4 HealthyPmod#1_Tstat] = 3.40372e-05
++ Smallest FDR q [5 HealthyPmod_Fstat] = 5.65522e-14
++ Smallest FDR q [7 UnhealthyPmod#0_Tstat] = 5.89307e-14
++ Smallest FDR q [9 UnhealthyPmod#1_Tstat] = 0.0863909
++ Smallest FDR q [10 UnhealthyPmod_Fstat] = 7.14168e-14
++ Smallest FDR q [12 BidsNMiss#0_Tstat] = 3.1845e-14
++ Smallest FDR q [13 BidsNMiss_Fstat] = 3.18447e-14
++ Smallest FDR q [15 HealthyGtRest_GLT#0_Tstat] = 6.31419e-14
++ Smallest FDR q [16 HealthyGtRest_GLT_Fstat] = 6.31437e-14
++ Smallest FDR q [18 HealthyPmod_GLT#0_Tstat] = 3.40372e-05
++ Smallest FDR q [19 HealthyPmod_GLT_Fstat] = 3.40373e-05
++ Smallest FDR q [21 UnhealthyGtRest_GLT#0_Tstat] = 5.89307e-14
++ Smallest FDR q [22 UnhealthyGtRest_GLT_Fstat] = 5.89322e-14
++ Smallest FDR q [24 UnhealthyPmod_GLT#0_Tstat] = 0.0863909
++ Smallest FDR q [25 UnhealthyPmod_GLT_Fstat] = 0.0863928
++ Smallest FDR q [27 HealthyGtUnhealthy_GLT#0_Tstat] = 0.0530511
++ Smallest FDR q [28 HealthyGtUnhealthy_GLT_Fstat] = 0.0530469
++ Smallest FDR q [30 HealthyGtUnhealthyPmod_GLT#0_Tstat] = 0.00183649
++ Smallest FDR q [31 HealthyGtUnhealthyPmod_GLT_Fstat] = 0.00183647
++ Wrote bucket dataset into ./CHIVES1072_2CondPmod_stats+tlrc.BRIK
 + created 21 FDR curves in bucket header
++ Wrote 3D+time dataset into ./CHIVES1072_2CondPmod+tlrc.BRIK
++ Wrote 3D+time dataset into ./CHIVES1072_2CondPmod+tlrc.BRIK
++ Program finished; elapsed time=37.161
++ 3dREMLfit: AFNI version=AFNI_18.2.04 (Jul  6 2018) [64-bit]
++ Authored by: RWCox
** AFNI converts NIFTI_datatype=4 (INT16) in file /projects/sanlab/shared/CHIVES/bids_data/derivatives/fmriprep/sub-CHIVES1072/ses-wave1/func/s6_sub-CHIVES1072_ses-wave1_task-money_bold_space-MNI152NLin2009cAsym_preproc.nii to FLOAT32
     Warnings of this type will be muted for this session.
     Set AFNI_NIFTI_TYPE_WARN to YES to see them all, NO to see none.
++ Number of voxels in mask = 270188
++ Number of OpenMP threads = 15
++ -----  matrix condition (356x15):  3.72354  ++ VERY GOOD ++
++ Loading input dataset into memory
++ Converting input dataset to vector image
 +  dataset = 1.5 billion [giga] bytes
 +  vectim  = 387 million [mega] bytes
++ starting REML setup calculations; total CPU=0.00 Elapsed=4.40
 + X matrix: 89.757% of elements are nonzero
 + starting 15 OpenMP threads for REML setup
 + REML setup finished: matrix rows=356 cols=15; 109*1 cases; total CPU=0.00 Elapsed=4.40
 +  average case bandwidth = 12.98
++ REML voxel loop: [15 threads]0123456789.012
 + ARMA voxel parameters estimated: total CPU=0.00 Elapsed=21.22
++ GLSQ loop:0123456789.0123456789.0123456789.0123456789.0123456789.
 + GLSQ regression done: total CPU=0.00 Elapsed=55.73
++ Output dataset ./CHIVES1072_2CondPmod_stats_REMLvar+tlrc.BRIK
++ Output dataset ./CHIVES1072_2CondPmod_REML+tlrc.BRIK
[7m** ERROR:[0m output dataset name 'CHIVES1072_2CondPmod_REML' conflicts with existing file
[7m** ERROR:[0m dataset NOT written to disk!
++ creating FDR curves in dataset CHIVES1072_2CondPmod_stats_REML+tlrc
++ Smallest FDR q [0 Full_Fstat] = 1.34918e-14
++ Smallest FDR q [2 HealthyPmod#0_Tstat] = 8.57742e-14
++ Smallest FDR q [4 HealthyPmod#1_Tstat] = 0.0359277
++ Smallest FDR q [5 HealthyPmod_Fstat] = 9.35501e-14
++ Smallest FDR q [7 UnhealthyPmod#0_Tstat] = 8.59622e-14
[7m*+ WARNING:[0m Smallest FDR q [9 UnhealthyPmod#1_Tstat] = 0.351772 ==> few true single voxel detections
++ Smallest FDR q [10 UnhealthyPmod_Fstat] = 1.09506e-13
++ Smallest FDR q [12 BidsNMiss#0_Tstat] = 3.00802e-14
++ Smallest FDR q [13 BidsNMiss_Fstat] = 3.00802e-14
++ Smallest FDR q [15 HealthyGtRest#0_Tstat] = 8.57742e-14
++ Smallest FDR q [16 HealthyGtRest_Fstat] = 8.57742e-14
++ Smallest FDR q [18 HealthyPmod#0_Tstat] = 0.0359277
++ Smallest FDR q [19 HealthyPmod_Fstat] = 0.0359277
++ Smallest FDR q [21 UnhealthyGtRest#0_Tstat] = 8.59622e-14
++ Smallest FDR q [22 UnhealthyGtRest_Fstat] = 8.59622e-14
[7m*+ WARNING:[0m Smallest FDR q [24 UnhealthyPmod#0_Tstat] = 0.351772 ==> few true single voxel detections
[7m*+ WARNING:[0m Smallest FDR q [25 UnhealthyPmod_Fstat] = 0.351772 ==> few true single voxel detections
[7m*+ WARNING:[0m Smallest FDR q [27 HealthyGtUnhealthy#0_Tstat] = 0.999897 ==> few true single voxel detections
[7m*+ WARNING:[0m Smallest FDR q [28 HealthyGtUnhealthy_Fstat] = 0.999897 ==> few true single voxel detections
++ Smallest FDR q [30 HealthyGtUnhealthyPmod#0_Tstat] = 0.0171862
++ Smallest FDR q [31 HealthyGtUnhealthyPmod_Fstat] = 0.0171862
 + Added 21 FDR curves to dataset CHIVES1072_2CondPmod_stats_REML+tlrc
++ Output dataset ./CHIVES1072_2CondPmod_stats_REML+tlrc.BRIK
 + unloading input dataset and REML matrices
++ 3dREMLfit is all done! total CPU=0.00 Elapsed=85.98
** AFNI converts NIFTI_datatype=4 (INT16) in file /projects/sanlab/shared/CHIVES/bids_data/derivatives/fmriprep/sub-CHIVES1072/ses-wave1/func/s6_sub-CHIVES1072_ses-wave1_task-money_bold_space-MNI152NLin2009cAsym_preproc.nii to FLOAT32
     Warnings of this type will be muted for this session.
     Set AFNI_NIFTI_TYPE_WARN to YES to see them all, NO to see none.
++ '-stim_times_AM1 3 /projects/sanlab/shared/CHIVES/CHIVES_WTP_scripts/behavioral/money/afni_timing_files/CHIVES1072/BidOnsDur.1D' has 1 auxiliary values per time point
++ '-stim_times_AM1 3': basis function model 'dmBLOCK(1)' uses 1 parameters,
    out of the 1 found in timing file '/projects/sanlab/shared/CHIVES/CHIVES_WTP_scripts/behavioral/money/afni_timing_files/CHIVES1072/BidOnsDur.1D'
++ 3dDeconvolve extending num_stimts from 3 to 7 due to -ortvec
++ 3dDeconvolve: AFNI version=AFNI_18.2.04 (Jul  6 2018) [64-bit]
++ Authored by: B. Douglas Ward, et al.
++ current memory malloc-ated = 271,043 bytes (about 271 thousand [kilo])
++ loading dataset /projects/sanlab/shared/CHIVES/bids_data/derivatives/fmriprep/sub-CHIVES1072/ses-wave1/func/s6_sub-CHIVES1072_ses-wave1_task-money_bold_space-MNI152NLin2009cAsym_preproc.nii
++ current memory malloc-ated = 1,545,419,903 bytes (about 1.5 billion [giga])
++ forcibly using TR=2.0000 seconds for -input dataset
++ Skipping check for initial transients
++ Imaging duration=714.0 s; Automatic polort=5
++ -stim_times using TR=2 s for stimulus timing conversion
++ -stim_times using TR=2 s for any -iresp output datasets
++  [you can alter the -iresp TR via the -TR_times option]
++ ** -stim_times NOTE ** guessing GLOBAL times if 1 time per line; LOCAL otherwise
++ ** GUESSED ** -stim_times 1 using LOCAL times
++ ** GUESSED ** -stim_times 2 using LOCAL times
++ ** GUESSED ** -stim_times_AM1 3 using LOCAL times
------------------------------------------------------------
GLT matrix from 'SYM: Healthy':
   0   0   0   0   0   0   1   0   0   0   0   0   0 
 
------------------------------------------------------------
GLT matrix from 'SYM: Unhealthy':
   0   0   0   0   0   0   0   1   0   0   0   0   0 
 
------------------------------------------------------------
GLT matrix from 'SYM: Healthy -Unhealthy':
   0   0   0   0   0   0   1  -1   0   0   0   0   0 
 
++ Number of time points: 357 (before censor) ; 356 (after)
 + Number of parameters:  13 [10 baseline ; 3 signal]
++ total shared memory needed = 3,172,526,620 bytes (about 3.2 billion [giga])
++ current memory malloc-ated = 1,546,547,882 bytes (about 1.5 billion [giga])
++ mmap() memory allocated: 3,172,526,620 bytes (about 3.2 billion [giga])
++ Memory required for output bricks = 3,172,526,620 bytes (about 3.2 billion [giga])
++ Wrote matrix values to file CHIVES1072_2Cond_xmat.1D
++ ========= Things you can do with the matrix file =========
++ (a) Linear regression with ARMA(1,1) modeling of serial correlation:

3dREMLfit -matrix CHIVES1072_2Cond_xmat.1D -input /projects/sanlab/shared/CHIVES/bids_data/derivatives/fmriprep/sub-CHIVES1072/ses-wave1/func/s6_sub-CHIVES1072_ses-wave1_task-money_bold_space-MNI152NLin2009cAsym_preproc.nii \
 -mask /projects/sanlab/shared/CHIVES/bids_data/derivatives/fmriprep/sub-CHIVES1072/ses-wave1/func/sub-CHIVES1072_ses-wave1_task-money_bold_space-MNI152NLin2009cAsym_brainmask.nii.gz \
 -fout -tout -Rbuck CHIVES1072_2Cond_stats_REML -Rvar CHIVES1072_2Cond_stats_REMLvar \
 -Rfitts CHIVES1072_2Cond_REML -Rerrts CHIVES1072_2Cond_REML -verb
 
++ N.B.: 3dREMLfit command above written to file CHIVES1072_2Cond_stats.REML_cmd
++ (b) Visualization/analysis of the matrix via ExamineXmat.R
++ (c) Synthesis of sub-model datasets using 3dSynthesize
++ ==========================================================
++ Wrote matrix values to file CHIVES1072_2Cond_uncensor_xmat.1D
++ ----- Signal+Baseline matrix condition [X] (356x13):  3.70463  ++ VERY GOOD ++
++ ----- Signal-only matrix condition [X] (356x3):  1.56327  ++ VERY GOOD ++
++ ----- Baseline-only matrix condition [X] (356x10):  3.6602  ++ VERY GOOD ++
++ ----- stim_base-only matrix condition [X] (356x4):  2.34607  ++ VERY GOOD ++
++ ----- polort-only matrix condition [X] (356x6):  1.01497  ++ VERY GOOD ++
++ +++++ Matrix inverse average error = 1.4766e-15  ++ VERY GOOD ++
++ Matrix setup time = 0.01 s
++ Voxels in dataset: 1082035
++ Voxels in mask:    270188
++ Voxels per job:    13509
++ Job #1: processing voxels 171565 to 229265; elapsed time=4.372
++ Job #2: processing voxels 229266 to 276502; elapsed time=4.391
++ Job #3: processing voxels 276503 to 316386; elapsed time=4.412
++ Job #4: processing voxels 316387 to 348156; elapsed time=4.432
++ Job #5: processing voxels 348157 to 374833; elapsed time=4.454
++ Job #6: processing voxels 374834 to 404553; elapsed time=4.475
++ Job #7: processing voxels 404554 to 430243; elapsed time=4.498
++ Job #8: processing voxels 430244 to 459132; elapsed time=4.520
++ Job #9: processing voxels 459133 to 485055; elapsed time=4.544
++ Job #10: processing voxels 485056 to 511222; elapsed time=4.567
++ Job #11: processing voxels 511223 to 540635; elapsed time=4.592
++ Job #12: processing voxels 540636 to 570613; elapsed time=4.616
++ Job #13: processing voxels 570614 to 598028; elapsed time=4.654
++ Job #14: processing voxels 598029 to 629992; elapsed time=4.700
++ Job #15: processing voxels 629993 to 663207; elapsed time=4.745
++ Job #16: processing voxels 663208 to 697973; elapsed time=4.780
++ Job #17: processing voxels 697974 to 740760; elapsed time=4.818
++ Job #18: processing voxels 740761 to 794776; elapsed time=4.848
++ Job #0: processing voxels 0 to 171564; elapsed time=4.874
++ voxel loop:0++ Job #19: processing voxels 794777 to 1082034; elapsed time=4.877
123456789.0123456789.0123456789.0123++ Job #1 finished; elapsed time=5.339
45++ Job #2 finished; elapsed time=5.360
++ Job #6 finished; elapsed time=5.361
++ Job #3 finished; elapsed time=5.363
++ Job #4 finished; elapsed time=5.368
++ Job #5 finished; elapsed time=5.394
6++ Job #8 finished; elapsed time=5.406
78++ Job #7 finished; elapsed time=5.433
9.++ Job #9 finished; elapsed time=5.469
01++ Job #11 finished; elapsed time=5.521
2++ Job #12 finished; elapsed time=5.560
++ Job #10 finished; elapsed time=5.582
345++ Job #14 finished; elapsed time=5.634
++ Job #16 finished; elapsed time=5.665
6789.
++ Job #0 waiting for children to finish; elapsed time=5.813
++ Job #13 finished; elapsed time=5.861
++ Job #17 finished; elapsed time=5.877
++ Job #15 finished; elapsed time=5.944
++ Job #18 finished; elapsed time=5.994
++ Job #19 finished; elapsed time=6.065
++ Job #0 now finishing up; elapsed time=6.083
++ Smallest FDR q [0 Full_Fstat] = 1.17493e-14
++ Smallest FDR q [2 Healthy#0_Tstat] = 6.57817e-14
++ Smallest FDR q [3 Healthy_Fstat] = 6.57817e-14
++ Smallest FDR q [5 Unhealthy#0_Tstat] = 5.99698e-14
++ Smallest FDR q [6 Unhealthy_Fstat] = 5.99698e-14
++ Smallest FDR q [8 BidsNMiss#0_Tstat] = 3.2726e-14
++ Smallest FDR q [9 BidsNMiss_Fstat] = 3.27269e-14
++ Smallest FDR q [11 HealthyGtRest_GLT#0_Tstat] = 6.57817e-14
++ Smallest FDR q [12 HealthyGtRest_GLT_Fstat] = 6.57827e-14
++ Smallest FDR q [14 UnhealthyGtRest_GLT#0_Tstat] = 5.99698e-14
++ Smallest FDR q [15 UnhealthyGtRest_GLT_Fstat] = 5.99698e-14
++ Smallest FDR q [17 HealthyGtUnhealthy_GLT#0_Tstat] = 0.0479138
++ Smallest FDR q [18 HealthyGtUnhealthy_GLT_Fstat] = 0.0479153
++ Wrote bucket dataset into ./CHIVES1072_2Cond_stats+tlrc.BRIK
 + created 13 FDR curves in bucket header
++ Wrote 3D+time dataset into ./CHIVES1072_2Cond+tlrc.BRIK
++ Wrote 3D+time dataset into ./CHIVES1072_2Cond+tlrc.BRIK
++ Program finished; elapsed time=24.547
++ 3dREMLfit: AFNI version=AFNI_18.2.04 (Jul  6 2018) [64-bit]
++ Authored by: RWCox
** AFNI converts NIFTI_datatype=4 (INT16) in file /projects/sanlab/shared/CHIVES/bids_data/derivatives/fmriprep/sub-CHIVES1072/ses-wave1/func/s6_sub-CHIVES1072_ses-wave1_task-money_bold_space-MNI152NLin2009cAsym_preproc.nii to FLOAT32
     Warnings of this type will be muted for this session.
     Set AFNI_NIFTI_TYPE_WARN to YES to see them all, NO to see none.
++ Number of voxels in mask = 270188
++ Number of OpenMP threads = 15
++ -----  matrix condition (356x13):  3.70463  ++ VERY GOOD ++
++ Loading input dataset into memory
++ Converting input dataset to vector image
 +  dataset = 1.5 billion [giga] bytes
 +  vectim  = 387 million [mega] bytes
++ starting REML setup calculations; total CPU=0.00 Elapsed=4.24
 + X matrix: 94.015% of elements are nonzero
 + starting 15 OpenMP threads for REML setup
 + REML setup finished: matrix rows=356 cols=13; 109*1 cases; total CPU=0.00 Elapsed=4.25
 +  average case bandwidth = 12.98
++ REML voxel loop: [15 threads]0123456789.012
 + ARMA voxel parameters estimated: total CPU=0.00 Elapsed=20.18
++ GLSQ loop:0123456789.0123456789.0123456789.0123456789.0123456789.
 + GLSQ regression done: total CPU=0.00 Elapsed=47.62
++ Output dataset ./CHIVES1072_2Cond_stats_REMLvar+tlrc.BRIK
++ Output dataset ./CHIVES1072_2Cond_REML+tlrc.BRIK
[7m** ERROR:[0m output dataset name 'CHIVES1072_2Cond_REML' conflicts with existing file
[7m** ERROR:[0m dataset NOT written to disk!
++ creating FDR curves in dataset CHIVES1072_2Cond_stats_REML+tlrc
++ Smallest FDR q [0 Full_Fstat] = 1.21507e-14
++ Smallest FDR q [2 Healthy#0_Tstat] = 8.98968e-14
++ Smallest FDR q [3 Healthy_Fstat] = 8.98968e-14
++ Smallest FDR q [5 Unhealthy#0_Tstat] = 8.61456e-14
++ Smallest FDR q [6 Unhealthy_Fstat] = 8.61456e-14
++ Smallest FDR q [8 BidsNMiss#0_Tstat] = 3.02113e-14
++ Smallest FDR q [9 BidsNMiss_Fstat] = 3.02113e-14
++ Smallest FDR q [11 HealthyGtRest#0_Tstat] = 8.98968e-14
++ Smallest FDR q [12 HealthyGtRest_Fstat] = 8.98968e-14
++ Smallest FDR q [14 UnhealthyGtRest#0_Tstat] = 8.61456e-14
++ Smallest FDR q [15 UnhealthyGtRest_Fstat] = 8.61456e-14
[7m*+ WARNING:[0m Smallest FDR q [17 HealthyGtUnhealthy#0_Tstat] = 0.999896 ==> few true single voxel detections
[7m*+ WARNING:[0m Smallest FDR q [18 HealthyGtUnhealthy_Fstat] = 0.999896 ==> few true single voxel detections
 + Added 13 FDR curves to dataset CHIVES1072_2Cond_stats_REML+tlrc
++ Output dataset ./CHIVES1072_2Cond_stats_REML+tlrc.BRIK
 + unloading input dataset and REML matrices
++ 3dREMLfit is all done! total CPU=0.00 Elapsed=65.89
