** AFNI converts NIFTI_datatype=4 (INT16) in file /projects/sanlab/shared/CHIVES/bids_data/derivatives/fmriprep/sub-CHIVES1027/ses-wave1/func/s6_sub-CHIVES1027_ses-wave1_task-money_bold_space-MNI152NLin2009cAsym_preproc.nii to FLOAT32
     Warnings of this type will be muted for this session.
     Set AFNI_NIFTI_TYPE_WARN to YES to see them all, NO to see none.
++ '-stim_times_AM2 1 /projects/sanlab/shared/CHIVES/CHIVES_WTP_scripts/behavioral/money/afni_timing_files/CHIVES1027/AllCondsPmod.1D' has 1 auxiliary values per time point
++ '-stim_times_AM2 1 /projects/sanlab/shared/CHIVES/CHIVES_WTP_scripts/behavioral/money/afni_timing_files/CHIVES1027/AllCondsPmod.1D' will have 2 regressors
++ '-stim_times_AM1 2 /projects/sanlab/shared/CHIVES/CHIVES_WTP_scripts/behavioral/money/afni_timing_files/CHIVES1027/BidOnsDur.1D' has 1 auxiliary values per time point
++ '-stim_times_AM1 2': basis function model 'dmBLOCK(1)' uses 1 parameters,
    out of the 1 found in timing file '/projects/sanlab/shared/CHIVES/CHIVES_WTP_scripts/behavioral/money/afni_timing_files/CHIVES1027/BidOnsDur.1D'
++ 3dDeconvolve extending num_stimts from 2 to 6 due to -ortvec
++ 3dDeconvolve: AFNI version=AFNI_18.2.04 (Jul  6 2018) [64-bit]
++ Authored by: B. Douglas Ward, et al.
++ current memory malloc-ated = 253,315 bytes (about 253 thousand [kilo])
++ loading dataset /projects/sanlab/shared/CHIVES/bids_data/derivatives/fmriprep/sub-CHIVES1027/ses-wave1/func/s6_sub-CHIVES1027_ses-wave1_task-money_bold_space-MNI152NLin2009cAsym_preproc.nii
++ current memory malloc-ated = 1,519,433,287 bytes (about 1.5 billion [giga])
++ forcibly using TR=2.0000 seconds for -input dataset
++ Skipping check for initial transients
++ Imaging duration=702.0 s; Automatic polort=5
++ -stim_times using TR=2 s for stimulus timing conversion
++ -stim_times using TR=2 s for any -iresp output datasets
++  [you can alter the -iresp TR via the -TR_times option]
++ ** -stim_times NOTE ** guessing GLOBAL times if 1 time per line; LOCAL otherwise
++ ** GUESSED ** -stim_times_AM2 1 using LOCAL times
++ '-stim_times_AM2 1' average amplitude#1=1.23333
++ ** GUESSED ** -stim_times_AM1 2 using LOCAL times
------------------------------------------------------------
GLT matrix from 'SYM: AllConds[0]':
   0   0   0   0   0   0   1   0   0   0   0   0   0 
 
------------------------------------------------------------
GLT matrix from 'SYM: AllConds[1]':
   0   0   0   0   0   0   0   1   0   0   0   0   0 
 
++ Number of time points: 351 (no censoring)
 + Number of parameters:  13 [10 baseline ; 3 signal]
++ total shared memory needed = 3,103,276,380 bytes (about 3.1 billion [giga])
++ current memory malloc-ated = 1,520,560,861 bytes (about 1.5 billion [giga])
++ mmap() memory allocated: 3,103,276,380 bytes (about 3.1 billion [giga])
++ Memory required for output bricks = 3,103,276,380 bytes (about 3.1 billion [giga])
++ Wrote matrix values to file CHIVES1027_AllCondPmod_xmat.1D
++ ========= Things you can do with the matrix file =========
++ (a) Linear regression with ARMA(1,1) modeling of serial correlation:

3dREMLfit -matrix CHIVES1027_AllCondPmod_xmat.1D -input /projects/sanlab/shared/CHIVES/bids_data/derivatives/fmriprep/sub-CHIVES1027/ses-wave1/func/s6_sub-CHIVES1027_ses-wave1_task-money_bold_space-MNI152NLin2009cAsym_preproc.nii \
 -mask /projects/sanlab/shared/CHIVES/bids_data/derivatives/fmriprep/sub-CHIVES1027/ses-wave1/func/sub-CHIVES1027_ses-wave1_task-money_bold_space-MNI152NLin2009cAsym_brainmask.nii.gz \
 -fout -tout -Rbuck CHIVES1027_AllCondPmod_stats_REML -Rvar CHIVES1027_AllCondPmod_stats_REMLvar \
 -Rfitts CHIVES1027_AllCondPmod_REML -Rerrts CHIVES1027_AllCondPmod_REML -verb
 
++ N.B.: 3dREMLfit command above written to file CHIVES1027_AllCondPmod_stats.REML_cmd
++ (b) Visualization/analysis of the matrix via ExamineXmat.R
++ (c) Synthesis of sub-model datasets using 3dSynthesize
++ ==========================================================
++ Wrote matrix values to file CHIVES1027_AllCondPmod_uncensor_xmat.1D
++ ----- Signal+Baseline matrix condition [X] (351x13):  3.15233  ++ VERY GOOD ++
++ ----- Signal-only matrix condition [X] (351x3):  1.61694  ++ VERY GOOD ++
++ ----- Baseline-only matrix condition [X] (351x10):  3.08044  ++ VERY GOOD ++
++ ----- stim_base-only matrix condition [X] (351x4):  1.39018  ++ VERY GOOD ++
++ ----- polort-only matrix condition [X] (351x6):  1.01552  ++ VERY GOOD ++
++ +++++ Matrix inverse average error = 1.34889e-15  ++ VERY GOOD ++
++ Matrix setup time = 0.01 s
++ Voxels in dataset: 1082035
++ Voxels in mask:    264514
++ Voxels per job:    13225
++ Job #1: processing voxels 191834 to 241374; elapsed time=4.999
++ Job #2: processing voxels 241375 to 285987; elapsed time=5.018
++ Job #3: processing voxels 285988 to 321319; elapsed time=5.038
++ Job #4: processing voxels 321320 to 352516; elapsed time=5.058
++ Job #5: processing voxels 352517 to 382788; elapsed time=5.080
++ Job #6: processing voxels 382789 to 408540; elapsed time=5.101
++ Job #7: processing voxels 408541 to 437632; elapsed time=5.123
++ Job #8: processing voxels 437633 to 463142; elapsed time=5.145
++ Job #9: processing voxels 463143 to 489012; elapsed time=5.167
++ Job #10: processing voxels 489013 to 517912; elapsed time=5.190
++ Job #11: processing voxels 517913 to 543921; elapsed time=5.213
++ Job #12: processing voxels 543922 to 573908; elapsed time=5.236
++ Job #13: processing voxels 573909 to 604735; elapsed time=5.273
++ Job #14: processing voxels 604736 to 632475; elapsed time=5.283
++ Job #15: processing voxels 632476 to 665350; elapsed time=5.307
++ Job #16: processing voxels 665351 to 700205; elapsed time=5.344
++ Job #17: processing voxels 700206 to 742179; elapsed time=5.354
++ Job #18: processing voxels 742180 to 795949; elapsed time=5.392
++ Job #0: processing voxels 0 to 191833; elapsed time=5.413
++ voxel loop:012345678++ Job #19: processing voxels 795950 to 1082034; elapsed time=5.417
9.0123456789.0123456789.01234567++ Job #2 finished; elapsed time=5.792
8++ Job #4 finished; elapsed time=5.830
9.0++ Job #6 finished; elapsed time=5.868
++ Job #5 finished; elapsed time=5.902
1++ Job #8 finished; elapsed time=5.912
++ Job #7 finished; elapsed time=5.926
23++ Job #10 finished; elapsed time=5.954
++ Job #9 finished; elapsed time=5.960
++ Job #12 finished; elapsed time=6.004
4++ Job #1 finished; elapsed time=6.031
56++ Job #14 finished; elapsed time=6.051
++ Job #3 finished; elapsed time=6.071
++ Job #15 finished; elapsed time=6.074
++ Job #13 finished; elapsed time=6.093
++ Job #11 finished; elapsed time=6.098
7++ Job #17 finished; elapsed time=6.130
89.
++ Job #0 waiting for children to finish; elapsed time=6.194
++ Job #18 finished; elapsed time=6.213
++ Job #16 finished; elapsed time=6.344
++ Job #19 finished; elapsed time=6.453
++ Job #0 now finishing up; elapsed time=6.471
++ Smallest FDR q [0 Full_Fstat] = 6.88166e-15
++ Smallest FDR q [2 AllConds#0_Tstat] = 2.30742e-14
++ Smallest FDR q [4 AllConds#1_Tstat] = 6.54624e-05
++ Smallest FDR q [5 AllConds_Fstat] = 2.21834e-14
++ Smallest FDR q [7 BidsNMiss#0_Tstat] = 2.53617e-14
++ Smallest FDR q [8 BidsNMiss_Fstat] = 2.53617e-14
++ Smallest FDR q [10 CondGtRest_GLT#0_Tstat] = 2.30742e-14
++ Smallest FDR q [11 CondGtRest_GLT_Fstat] = 2.30749e-14
++ Smallest FDR q [13 Pmod_GLT#0_Tstat] = 6.54624e-05
++ Smallest FDR q [14 Pmod_GLT_Fstat] = 6.54606e-05
++ Wrote bucket dataset into ./CHIVES1027_AllCondPmod_stats+tlrc.BRIK
 + created 10 FDR curves in bucket header
++ Wrote 3D+time dataset into ./CHIVES1027_AllCondPmod+tlrc.BRIK
++ Wrote 3D+time dataset into ./CHIVES1027_AllCondPmod+tlrc.BRIK
++ Program finished; elapsed time=22.068
++ 3dREMLfit: AFNI version=AFNI_18.2.04 (Jul  6 2018) [64-bit]
++ Authored by: RWCox
** AFNI converts NIFTI_datatype=4 (INT16) in file /projects/sanlab/shared/CHIVES/bids_data/derivatives/fmriprep/sub-CHIVES1027/ses-wave1/func/s6_sub-CHIVES1027_ses-wave1_task-money_bold_space-MNI152NLin2009cAsym_preproc.nii to FLOAT32
     Warnings of this type will be muted for this session.
     Set AFNI_NIFTI_TYPE_WARN to YES to see them all, NO to see none.
++ Number of voxels in mask = 264514
++ Number of OpenMP threads = 15
++ -----  matrix condition (351x13):  3.15233  ++ VERY GOOD ++
++ Loading input dataset into memory
++ Converting input dataset to vector image
 +  dataset = 1.5 billion [giga] bytes
 +  vectim  = 372 million [mega] bytes
++ starting REML setup calculations; total CPU=0.00 Elapsed=4.08
 + X matrix: 99.825% of elements are nonzero
 + starting 15 OpenMP threads for REML setup
 + REML setup finished: matrix rows=351 cols=13; 109*1 cases; total CPU=0.00 Elapsed=4.09
 +  average case bandwidth = 13.00
++ REML voxel loop: [15 threads]0123456789.012
 + ARMA voxel parameters estimated: total CPU=0.00 Elapsed=20.50
++ GLSQ loop:0123456789.0123456789.0123456789.0123456789.0123456789.
 + GLSQ regression done: total CPU=0.00 Elapsed=42.49
++ Output dataset ./CHIVES1027_AllCondPmod_stats_REMLvar+tlrc.BRIK
++ Output dataset ./CHIVES1027_AllCondPmod_REML+tlrc.BRIK
[7m** ERROR:[0m output dataset name 'CHIVES1027_AllCondPmod_REML' conflicts with existing file
[7m** ERROR:[0m dataset NOT written to disk!
++ creating FDR curves in dataset CHIVES1027_AllCondPmod_stats_REML+tlrc
++ Smallest FDR q [0 Full_Fstat] = 1.26164e-14
++ Smallest FDR q [2 AllConds#0_Tstat] = 3.61591e-14
++ Smallest FDR q [4 AllConds#1_Tstat] = 0.079315
++ Smallest FDR q [5 AllConds_Fstat] = 4.35243e-14
++ Smallest FDR q [7 BidsNMiss#0_Tstat] = 6.51424e-14
++ Smallest FDR q [8 BidsNMiss_Fstat] = 6.51424e-14
++ Smallest FDR q [10 CondGtRest#0_Tstat] = 3.61591e-14
++ Smallest FDR q [11 CondGtRest_Fstat] = 3.61591e-14
++ Smallest FDR q [13 Pmod#0_Tstat] = 0.079315
++ Smallest FDR q [14 Pmod_Fstat] = 0.079315
 + Added 10 FDR curves to dataset CHIVES1027_AllCondPmod_stats_REML+tlrc
++ Output dataset ./CHIVES1027_AllCondPmod_stats_REML+tlrc.BRIK
 + unloading input dataset and REML matrices
++ 3dREMLfit is all done! total CPU=0.00 Elapsed=57.13
** AFNI converts NIFTI_datatype=4 (INT16) in file /projects/sanlab/shared/CHIVES/bids_data/derivatives/fmriprep/sub-CHIVES1027/ses-wave1/func/s6_sub-CHIVES1027_ses-wave1_task-money_bold_space-MNI152NLin2009cAsym_preproc.nii to FLOAT32
     Warnings of this type will be muted for this session.
     Set AFNI_NIFTI_TYPE_WARN to YES to see them all, NO to see none.
++ '-stim_times_AM2 1 /projects/sanlab/shared/CHIVES/CHIVES_WTP_scripts/behavioral/money/afni_timing_files/CHIVES1027/HealthyPmod.1D' has 1 auxiliary values per time point
++ '-stim_times_AM2 1 /projects/sanlab/shared/CHIVES/CHIVES_WTP_scripts/behavioral/money/afni_timing_files/CHIVES1027/HealthyPmod.1D' will have 2 regressors
++ '-stim_times_AM2 2 /projects/sanlab/shared/CHIVES/CHIVES_WTP_scripts/behavioral/money/afni_timing_files/CHIVES1027/UnhealthyPmod.1D' has 1 auxiliary values per time point
++ '-stim_times_AM2 2 /projects/sanlab/shared/CHIVES/CHIVES_WTP_scripts/behavioral/money/afni_timing_files/CHIVES1027/UnhealthyPmod.1D' will have 2 regressors
++ '-stim_times_AM1 3 /projects/sanlab/shared/CHIVES/CHIVES_WTP_scripts/behavioral/money/afni_timing_files/CHIVES1027/BidOnsDur.1D' has 1 auxiliary values per time point
++ '-stim_times_AM1 3': basis function model 'dmBLOCK(1)' uses 1 parameters,
    out of the 1 found in timing file '/projects/sanlab/shared/CHIVES/CHIVES_WTP_scripts/behavioral/money/afni_timing_files/CHIVES1027/BidOnsDur.1D'
++ 3dDeconvolve extending num_stimts from 3 to 7 due to -ortvec
++ 3dDeconvolve: AFNI version=AFNI_18.2.04 (Jul  6 2018) [64-bit]
++ Authored by: B. Douglas Ward, et al.
++ current memory malloc-ated = 280,581 bytes (about 281 thousand [kilo])
++ loading dataset /projects/sanlab/shared/CHIVES/bids_data/derivatives/fmriprep/sub-CHIVES1027/ses-wave1/func/s6_sub-CHIVES1027_ses-wave1_task-money_bold_space-MNI152NLin2009cAsym_preproc.nii
++ current memory malloc-ated = 1,519,460,553 bytes (about 1.5 billion [giga])
++ forcibly using TR=2.0000 seconds for -input dataset
++ Skipping check for initial transients
++ Imaging duration=702.0 s; Automatic polort=5
++ -stim_times using TR=2 s for stimulus timing conversion
++ -stim_times using TR=2 s for any -iresp output datasets
++  [you can alter the -iresp TR via the -TR_times option]
++ ** -stim_times NOTE ** guessing GLOBAL times if 1 time per line; LOCAL otherwise
++ ** GUESSED ** -stim_times_AM2 1 using LOCAL times
++ '-stim_times_AM2 1' average amplitude#1=1.25
++ ** GUESSED ** -stim_times_AM2 2 using LOCAL times
++ '-stim_times_AM2 2' average amplitude#1=1.21667
++ ** GUESSED ** -stim_times_AM1 3 using LOCAL times
------------------------------------------------------------
GLT matrix from 'SYM: HealthyPmod[0]':
   0   0   0   0   0   0   1   0   0   0   0   0   0   0   0 
 
------------------------------------------------------------
GLT matrix from 'SYM: HealthyPmod[1]':
   0   0   0   0   0   0   0   1   0   0   0   0   0   0   0 
 
------------------------------------------------------------
GLT matrix from 'SYM: UnhealthyPmod[0]':
   0   0   0   0   0   0   0   0   1   0   0   0   0   0   0 
 
------------------------------------------------------------
GLT matrix from 'SYM: UnhealthyPmod[1]':
   0   0   0   0   0   0   0   0   0   1   0   0   0   0   0 
 
------------------------------------------------------------
GLT matrix from 'SYM: HealthyPmod[0] -UnhealthyPmod[0]':
   0   0   0   0   0   0   1   0  -1   0   0   0   0   0   0 
 
------------------------------------------------------------
GLT matrix from 'SYM: HealthyPmod[1] -UnhealthyPmod[1]':
   0   0   0   0   0   0   0   1   0  -1   0   0   0   0   0 
 
++ Number of time points: 351 (no censoring)
 + Number of parameters:  15 [10 baseline ; 5 signal]
++ total shared memory needed = 3,176,854,760 bytes (about 3.2 billion [giga])
++ current memory malloc-ated = 1,520,592,647 bytes (about 1.5 billion [giga])
++ mmap() memory allocated: 3,176,854,760 bytes (about 3.2 billion [giga])
++ Memory required for output bricks = 3,176,854,760 bytes (about 3.2 billion [giga])
++ Wrote matrix values to file CHIVES1027_2CondPmod_xmat.1D
++ ========= Things you can do with the matrix file =========
++ (a) Linear regression with ARMA(1,1) modeling of serial correlation:

3dREMLfit -matrix CHIVES1027_2CondPmod_xmat.1D -input /projects/sanlab/shared/CHIVES/bids_data/derivatives/fmriprep/sub-CHIVES1027/ses-wave1/func/s6_sub-CHIVES1027_ses-wave1_task-money_bold_space-MNI152NLin2009cAsym_preproc.nii \
 -mask /projects/sanlab/shared/CHIVES/bids_data/derivatives/fmriprep/sub-CHIVES1027/ses-wave1/func/sub-CHIVES1027_ses-wave1_task-money_bold_space-MNI152NLin2009cAsym_brainmask.nii.gz \
 -fout -tout -Rbuck CHIVES1027_2CondPmod_stats_REML -Rvar CHIVES1027_2CondPmod_stats_REMLvar \
 -Rfitts CHIVES1027_2CondPmod_REML -Rerrts CHIVES1027_2CondPmod_REML -verb
 
++ N.B.: 3dREMLfit command above written to file CHIVES1027_2CondPmod_stats.REML_cmd
++ (b) Visualization/analysis of the matrix via ExamineXmat.R
++ (c) Synthesis of sub-model datasets using 3dSynthesize
++ ==========================================================
++ Wrote matrix values to file CHIVES1027_2CondPmod_uncensor_xmat.1D
++ ----- Signal+Baseline matrix condition [X] (351x15):  3.167  ++ VERY GOOD ++
++ ----- Signal-only matrix condition [X] (351x5):  1.61697  ++ VERY GOOD ++
++ ----- Baseline-only matrix condition [X] (351x10):  3.08044  ++ VERY GOOD ++
++ ----- stim_base-only matrix condition [X] (351x4):  1.39018  ++ VERY GOOD ++
++ ----- polort-only matrix condition [X] (351x6):  1.01552  ++ VERY GOOD ++
++ +++++ Matrix inverse average error = 1.37542e-15  ++ VERY GOOD ++
++ Matrix setup time = 0.01 s
++ Voxels in dataset: 1082035
++ Voxels in mask:    264514
++ Voxels per job:    13225
++ Job #1: processing voxels 191834 to 241374; elapsed time=4.318
++ Job #2: processing voxels 241375 to 285987; elapsed time=4.337
++ Job #3: processing voxels 285988 to 321319; elapsed time=4.358
++ Job #4: processing voxels 321320 to 352516; elapsed time=4.378
++ Job #5: processing voxels 352517 to 382788; elapsed time=4.399
++ Job #6: processing voxels 382789 to 408540; elapsed time=4.420
++ Job #7: processing voxels 408541 to 437632; elapsed time=4.443
++ Job #8: processing voxels 437633 to 463142; elapsed time=4.464
++ Job #9: processing voxels 463143 to 489012; elapsed time=4.486
++ Job #10: processing voxels 489013 to 517912; elapsed time=4.508
++ Job #11: processing voxels 517913 to 543921; elapsed time=4.532
++ Job #12: processing voxels 543922 to 573908; elapsed time=4.554
++ Job #13: processing voxels 573909 to 604735; elapsed time=4.591
++ Job #14: processing voxels 604736 to 632475; elapsed time=4.615
++ Job #15: processing voxels 632476 to 665350; elapsed time=4.625
++ Job #16: processing voxels 665351 to 700205; elapsed time=4.662
++ Job #17: processing voxels 700206 to 742179; elapsed time=4.673
++ Job #18: processing voxels 742180 to 795949; elapsed time=4.710
++ Job #19: processing voxels 795950 to 1082034; elapsed time=4.721
++ Job #0: processing voxels 0 to 191833; elapsed time=4.731
++ voxel loop:0123456789.0123456789.0123456789.0123456789.01++ Job #2 finished; elapsed time=5.421
23++ Job #4 finished; elapsed time=5.454
++ Job #6 finished; elapsed time=5.495
++ Job #5 finished; elapsed time=5.517
++ Job #8 finished; elapsed time=5.530
4++ Job #10 finished; elapsed time=5.580
++ Job #9 finished; elapsed time=5.584
56++ Job #11 finished; elapsed time=5.618
++ Job #7 finished; elapsed time=5.627
++ Job #12 finished; elapsed time=5.628
++ Job #15 finished; elapsed time=5.697
7++ Job #17 finished; elapsed time=5.753
89.
++ Job #0 waiting for children to finish; elapsed time=5.789
++ Job #19 finished; elapsed time=5.825
++ Job #1 finished; elapsed time=5.855
++ Job #3 finished; elapsed time=5.952
++ Job #13 finished; elapsed time=6.097
++ Job #14 finished; elapsed time=6.185
++ Job #18 finished; elapsed time=6.209
++ Job #16 finished; elapsed time=6.250
++ Job #0 now finishing up; elapsed time=6.266
++ Smallest FDR q [0 Full_Fstat] = 8.12158e-15
++ Smallest FDR q [2 HealthyPmod#0_Tstat] = 4.46081e-14
++ Smallest FDR q [4 HealthyPmod#1_Tstat] = 0.00658595
++ Smallest FDR q [5 HealthyPmod_Fstat] = 5.03644e-14
++ Smallest FDR q [7 UnhealthyPmod#0_Tstat] = 4.45461e-14
++ Smallest FDR q [9 UnhealthyPmod#1_Tstat] = 0.000626427
++ Smallest FDR q [10 UnhealthyPmod_Fstat] = 4.58713e-14
++ Smallest FDR q [12 BidsNMiss#0_Tstat] = 2.54209e-14
++ Smallest FDR q [13 BidsNMiss_Fstat] = 2.54205e-14
++ Smallest FDR q [15 HealthyGtRest_GLT#0_Tstat] = 4.46081e-14
++ Smallest FDR q [16 HealthyGtRest_GLT_Fstat] = 4.46123e-14
++ Smallest FDR q [18 HealthyPmod_GLT#0_Tstat] = 0.00658595
++ Smallest FDR q [19 HealthyPmod_GLT_Fstat] = 0.00658632
++ Smallest FDR q [21 UnhealthyGtRest_GLT#0_Tstat] = 4.45461e-14
++ Smallest FDR q [22 UnhealthyGtRest_GLT_Fstat] = 4.45456e-14
++ Smallest FDR q [24 UnhealthyPmod_GLT#0_Tstat] = 0.000626427
++ Smallest FDR q [25 UnhealthyPmod_GLT_Fstat] = 0.000626422
[7m*+ WARNING:[0m Smallest FDR q [27 HealthyGtUnhealthy_GLT#0_Tstat] = 0.482843 ==> few true single voxel detections
[7m*+ WARNING:[0m Smallest FDR q [28 HealthyGtUnhealthy_GLT_Fstat] = 0.48151 ==> few true single voxel detections
++ Smallest FDR q [30 HealthyGtUnhealthyPmod_GLT#0_Tstat] = 0.0357273
++ Smallest FDR q [31 HealthyGtUnhealthyPmod_GLT_Fstat] = 0.0357263
++ Wrote bucket dataset into ./CHIVES1027_2CondPmod_stats+tlrc.BRIK
 + created 21 FDR curves in bucket header
++ Wrote 3D+time dataset into ./CHIVES1027_2CondPmod+tlrc.BRIK
++ Wrote 3D+time dataset into ./CHIVES1027_2CondPmod+tlrc.BRIK
++ Program finished; elapsed time=35.019
++ 3dREMLfit: AFNI version=AFNI_18.2.04 (Jul  6 2018) [64-bit]
++ Authored by: RWCox
** AFNI converts NIFTI_datatype=4 (INT16) in file /projects/sanlab/shared/CHIVES/bids_data/derivatives/fmriprep/sub-CHIVES1027/ses-wave1/func/s6_sub-CHIVES1027_ses-wave1_task-money_bold_space-MNI152NLin2009cAsym_preproc.nii to FLOAT32
     Warnings of this type will be muted for this session.
     Set AFNI_NIFTI_TYPE_WARN to YES to see them all, NO to see none.
++ Number of voxels in mask = 264514
++ Number of OpenMP threads = 15
++ -----  matrix condition (351x15):  3.167  ++ VERY GOOD ++
++ Loading input dataset into memory
++ Converting input dataset to vector image
 +  dataset = 1.5 billion [giga] bytes
 +  vectim  = 372 million [mega] bytes
++ starting REML setup calculations; total CPU=0.00 Elapsed=4.68
 + X matrix: 91.073% of elements are nonzero
 + starting 15 OpenMP threads for REML setup
 + REML setup finished: matrix rows=351 cols=15; 109*1 cases; total CPU=0.00 Elapsed=4.69
 +  average case bandwidth = 13.00
++ REML voxel loop: [15 threads]0123456789.012
 + ARMA voxel parameters estimated: total CPU=0.00 Elapsed=21.54
++ GLSQ loop:0123456789.0123456789.0123456789.0123456789.0123456789.
 + GLSQ regression done: total CPU=0.00 Elapsed=54.28
++ Output dataset ./CHIVES1027_2CondPmod_stats_REMLvar+tlrc.BRIK
++ Output dataset ./CHIVES1027_2CondPmod_REML+tlrc.BRIK
[7m** ERROR:[0m output dataset name 'CHIVES1027_2CondPmod_REML' conflicts with existing file
[7m** ERROR:[0m dataset NOT written to disk!
++ creating FDR curves in dataset CHIVES1027_2CondPmod_stats_REML+tlrc
++ Smallest FDR q [0 Full_Fstat] = 1.75166e-14
++ Smallest FDR q [2 HealthyPmod#0_Tstat] = 1.06388e-13
[7m*+ WARNING:[0m Smallest FDR q [4 HealthyPmod#1_Tstat] = 0.370828 ==> few true single voxel detections
++ Smallest FDR q [5 HealthyPmod_Fstat] = 1.45375e-13
++ Smallest FDR q [7 UnhealthyPmod#0_Tstat] = 1.16318e-13
[7m*+ WARNING:[0m Smallest FDR q [9 UnhealthyPmod#1_Tstat] = 0.501787 ==> few true single voxel detections
++ Smallest FDR q [10 UnhealthyPmod_Fstat] = 1.58664e-13
++ Smallest FDR q [12 BidsNMiss#0_Tstat] = 6.59993e-14
++ Smallest FDR q [13 BidsNMiss_Fstat] = 6.59993e-14
++ Smallest FDR q [15 HealthyGtRest#0_Tstat] = 1.06388e-13
++ Smallest FDR q [16 HealthyGtRest_Fstat] = 1.06388e-13
[7m*+ WARNING:[0m Smallest FDR q [18 HealthyPmod#0_Tstat] = 0.370828 ==> few true single voxel detections
[7m*+ WARNING:[0m Smallest FDR q [19 HealthyPmod_Fstat] = 0.370827 ==> few true single voxel detections
++ Smallest FDR q [21 UnhealthyGtRest#0_Tstat] = 1.16318e-13
++ Smallest FDR q [22 UnhealthyGtRest_Fstat] = 1.16318e-13
[7m*+ WARNING:[0m Smallest FDR q [24 UnhealthyPmod#0_Tstat] = 0.501787 ==> few true single voxel detections
[7m*+ WARNING:[0m Smallest FDR q [25 UnhealthyPmod_Fstat] = 0.501787 ==> few true single voxel detections
[7m*+ WARNING:[0m Smallest FDR q [27 HealthyGtUnhealthy#0_Tstat] = 0.999896 ==> few true single voxel detections
[7m*+ WARNING:[0m Smallest FDR q [28 HealthyGtUnhealthy_Fstat] = 0.999896 ==> few true single voxel detections
[7m*+ WARNING:[0m Smallest FDR q [30 HealthyGtUnhealthyPmod#0_Tstat] = 0.999899 ==> few true single voxel detections
[7m*+ WARNING:[0m Smallest FDR q [31 HealthyGtUnhealthyPmod_Fstat] = 0.999899 ==> few true single voxel detections
 + Added 21 FDR curves to dataset CHIVES1027_2CondPmod_stats_REML+tlrc
++ Output dataset ./CHIVES1027_2CondPmod_stats_REML+tlrc.BRIK
 + unloading input dataset and REML matrices
++ 3dREMLfit is all done! total CPU=0.00 Elapsed=81.10
** AFNI converts NIFTI_datatype=4 (INT16) in file /projects/sanlab/shared/CHIVES/bids_data/derivatives/fmriprep/sub-CHIVES1027/ses-wave1/func/s6_sub-CHIVES1027_ses-wave1_task-money_bold_space-MNI152NLin2009cAsym_preproc.nii to FLOAT32
     Warnings of this type will be muted for this session.
     Set AFNI_NIFTI_TYPE_WARN to YES to see them all, NO to see none.
++ '-stim_times_AM1 3 /projects/sanlab/shared/CHIVES/CHIVES_WTP_scripts/behavioral/money/afni_timing_files/CHIVES1027/BidOnsDur.1D' has 1 auxiliary values per time point
++ '-stim_times_AM1 3': basis function model 'dmBLOCK(1)' uses 1 parameters,
    out of the 1 found in timing file '/projects/sanlab/shared/CHIVES/CHIVES_WTP_scripts/behavioral/money/afni_timing_files/CHIVES1027/BidOnsDur.1D'
++ 3dDeconvolve extending num_stimts from 3 to 7 due to -ortvec
++ 3dDeconvolve: AFNI version=AFNI_18.2.04 (Jul  6 2018) [64-bit]
++ Authored by: B. Douglas Ward, et al.
++ current memory malloc-ated = 264,337 bytes (about 264 thousand [kilo])
++ loading dataset /projects/sanlab/shared/CHIVES/bids_data/derivatives/fmriprep/sub-CHIVES1027/ses-wave1/func/s6_sub-CHIVES1027_ses-wave1_task-money_bold_space-MNI152NLin2009cAsym_preproc.nii
++ current memory malloc-ated = 1,519,444,309 bytes (about 1.5 billion [giga])
++ forcibly using TR=2.0000 seconds for -input dataset
++ Skipping check for initial transients
++ Imaging duration=702.0 s; Automatic polort=5
++ -stim_times using TR=2 s for stimulus timing conversion
++ -stim_times using TR=2 s for any -iresp output datasets
++  [you can alter the -iresp TR via the -TR_times option]
++ ** -stim_times NOTE ** guessing GLOBAL times if 1 time per line; LOCAL otherwise
++ ** GUESSED ** -stim_times 1 using LOCAL times
++ ** GUESSED ** -stim_times 2 using LOCAL times
++ ** GUESSED ** -stim_times_AM1 3 using LOCAL times
------------------------------------------------------------
GLT matrix from 'SYM: Healthy':
   0   0   0   0   0   0   1   0   0   0   0   0   0 
 
------------------------------------------------------------
GLT matrix from 'SYM: Unhealthy':
   0   0   0   0   0   0   0   1   0   0   0   0   0 
 
------------------------------------------------------------
GLT matrix from 'SYM: Healthy -Unhealthy':
   0   0   0   0   0   0   1  -1   0   0   0   0   0 
 
++ Number of time points: 351 (no censoring)
 + Number of parameters:  13 [10 baseline ; 3 signal]
++ total shared memory needed = 3,120,588,940 bytes (about 3.1 billion [giga])
++ current memory malloc-ated = 1,520,571,921 bytes (about 1.5 billion [giga])
++ mmap() memory allocated: 3,120,588,940 bytes (about 3.1 billion [giga])
++ Memory required for output bricks = 3,120,588,940 bytes (about 3.1 billion [giga])
++ Wrote matrix values to file CHIVES1027_2Cond_xmat.1D
++ ========= Things you can do with the matrix file =========
++ (a) Linear regression with ARMA(1,1) modeling of serial correlation:

3dREMLfit -matrix CHIVES1027_2Cond_xmat.1D -input /projects/sanlab/shared/CHIVES/bids_data/derivatives/fmriprep/sub-CHIVES1027/ses-wave1/func/s6_sub-CHIVES1027_ses-wave1_task-money_bold_space-MNI152NLin2009cAsym_preproc.nii \
 -mask /projects/sanlab/shared/CHIVES/bids_data/derivatives/fmriprep/sub-CHIVES1027/ses-wave1/func/sub-CHIVES1027_ses-wave1_task-money_bold_space-MNI152NLin2009cAsym_brainmask.nii.gz \
 -fout -tout -Rbuck CHIVES1027_2Cond_stats_REML -Rvar CHIVES1027_2Cond_stats_REMLvar \
 -Rfitts CHIVES1027_2Cond_REML -Rerrts CHIVES1027_2Cond_REML -verb
 
++ N.B.: 3dREMLfit command above written to file CHIVES1027_2Cond_stats.REML_cmd
++ (b) Visualization/analysis of the matrix via ExamineXmat.R
++ (c) Synthesis of sub-model datasets using 3dSynthesize
++ ==========================================================
++ Wrote matrix values to file CHIVES1027_2Cond_uncensor_xmat.1D
++ ----- Signal+Baseline matrix condition [X] (351x13):  3.14749  ++ VERY GOOD ++
++ ----- Signal-only matrix condition [X] (351x3):  1.61695  ++ VERY GOOD ++
++ ----- Baseline-only matrix condition [X] (351x10):  3.08044  ++ VERY GOOD ++
++ ----- stim_base-only matrix condition [X] (351x4):  1.39018  ++ VERY GOOD ++
++ ----- polort-only matrix condition [X] (351x6):  1.01552  ++ VERY GOOD ++
++ +++++ Matrix inverse average error = 1.80199e-15  ++ VERY GOOD ++
++ Matrix setup time = 0.01 s
++ Voxels in dataset: 1082035
++ Voxels in mask:    264514
++ Voxels per job:    13225
++ Job #1: processing voxels 191834 to 241374; elapsed time=4.161
++ Job #2: processing voxels 241375 to 285987; elapsed time=4.181
++ Job #3: processing voxels 285988 to 321319; elapsed time=4.202
++ Job #4: processing voxels 321320 to 352516; elapsed time=4.222
++ Job #5: processing voxels 352517 to 382788; elapsed time=4.244
++ Job #6: processing voxels 382789 to 408540; elapsed time=4.265
++ Job #7: processing voxels 408541 to 437632; elapsed time=4.288
++ Job #8: processing voxels 437633 to 463142; elapsed time=4.310
++ Job #9: processing voxels 463143 to 489012; elapsed time=4.334
++ Job #10: processing voxels 489013 to 517912; elapsed time=4.357
++ Job #11: processing voxels 517913 to 543921; elapsed time=4.381
++ Job #12: processing voxels 543922 to 573908; elapsed time=4.404
++ Job #13: processing voxels 573909 to 604735; elapsed time=4.438
++ Job #14: processing voxels 604736 to 632475; elapsed time=4.452
++ Job #15: processing voxels 632476 to 665350; elapsed time=4.476
++ Job #16: processing voxels 665351 to 700205; elapsed time=4.514
++ Job #17: processing voxels 700206 to 742179; elapsed time=4.525
++ Job #18: processing voxels 742180 to 795949; elapsed time=4.563
++ Job #19: processing voxels 795950 to 1082034; elapsed time=4.575
++ Job #0: processing voxels 0 to 191833; elapsed time=4.585
++ voxel loop:0123456789.0123456789.0123456789.012345678++ Job #2 finished; elapsed time=5.053
9.0++ Job #4 finished; elapsed time=5.089
++ Job #6 finished; elapsed time=5.131
1++ Job #1 finished; elapsed time=5.159
++ Job #5 finished; elapsed time=5.164
23++ Job #8 finished; elapsed time=5.170
++ Job #7 finished; elapsed time=5.204
++ Job #9 finished; elapsed time=5.237
4++ Job #12 finished; elapsed time=5.269
56++ Job #14 finished; elapsed time=5.314
++ Job #15 finished; elapsed time=5.345
++ Job #10 finished; elapsed time=5.361
7++ Job #17 finished; elapsed time=5.400
89.
++ Job #0 waiting for children to finish; elapsed time=5.436
++ Job #19 finished; elapsed time=5.476
++ Job #16 finished; elapsed time=5.480
++ Job #3 finished; elapsed time=5.492
++ Job #11 finished; elapsed time=5.498
++ Job #18 finished; elapsed time=5.509
++ Job #13 finished; elapsed time=5.706
++ Job #0 now finishing up; elapsed time=5.723
++ Smallest FDR q [0 Full_Fstat] = 8.09351e-15
++ Smallest FDR q [2 Healthy#0_Tstat] = 4.53567e-14
++ Smallest FDR q [3 Healthy_Fstat] = 4.53588e-14
++ Smallest FDR q [5 Unhealthy#0_Tstat] = 4.55787e-14
++ Smallest FDR q [6 Unhealthy_Fstat] = 4.55782e-14
++ Smallest FDR q [8 BidsNMiss#0_Tstat] = 2.56152e-14
++ Smallest FDR q [9 BidsNMiss_Fstat] = 2.56149e-14
++ Smallest FDR q [11 HealthyGtRest_GLT#0_Tstat] = 4.53567e-14
++ Smallest FDR q [12 HealthyGtRest_GLT_Fstat] = 4.53598e-14
++ Smallest FDR q [14 UnhealthyGtRest_GLT#0_Tstat] = 4.55787e-14
++ Smallest FDR q [15 UnhealthyGtRest_GLT_Fstat] = 4.55811e-14
[7m*+ WARNING:[0m Smallest FDR q [17 HealthyGtUnhealthy_GLT#0_Tstat] = 0.544832 ==> few true single voxel detections
[7m*+ WARNING:[0m Smallest FDR q [18 HealthyGtUnhealthy_GLT_Fstat] = 0.543357 ==> few true single voxel detections
++ Wrote bucket dataset into ./CHIVES1027_2Cond_stats+tlrc.BRIK
 + created 13 FDR curves in bucket header
++ Wrote 3D+time dataset into ./CHIVES1027_2Cond+tlrc.BRIK
++ Wrote 3D+time dataset into ./CHIVES1027_2Cond+tlrc.BRIK
++ Program finished; elapsed time=23.331
++ 3dREMLfit: AFNI version=AFNI_18.2.04 (Jul  6 2018) [64-bit]
++ Authored by: RWCox
** AFNI converts NIFTI_datatype=4 (INT16) in file /projects/sanlab/shared/CHIVES/bids_data/derivatives/fmriprep/sub-CHIVES1027/ses-wave1/func/s6_sub-CHIVES1027_ses-wave1_task-money_bold_space-MNI152NLin2009cAsym_preproc.nii to FLOAT32
     Warnings of this type will be muted for this session.
     Set AFNI_NIFTI_TYPE_WARN to YES to see them all, NO to see none.
++ Number of voxels in mask = 264514
++ Number of OpenMP threads = 15
++ -----  matrix condition (351x13):  3.14749  ++ VERY GOOD ++
++ Loading input dataset into memory
++ Converting input dataset to vector image
 +  dataset = 1.5 billion [giga] bytes
 +  vectim  = 372 million [mega] bytes
++ starting REML setup calculations; total CPU=0.00 Elapsed=4.26
 + X matrix: 94.806% of elements are nonzero
 + starting 15 OpenMP threads for REML setup
 + REML setup finished: matrix rows=351 cols=13; 109*1 cases; total CPU=0.00 Elapsed=4.26
 +  average case bandwidth = 13.00
++ REML voxel loop: [15 threads]0123456789.012
 + ARMA voxel parameters estimated: total CPU=0.00 Elapsed=20.43
++ GLSQ loop:0123456789.0123456789.0123456789.0123456789.0123456789.
 + GLSQ regression done: total CPU=0.00 Elapsed=46.18
++ Output dataset ./CHIVES1027_2Cond_stats_REMLvar+tlrc.BRIK
++ Output dataset ./CHIVES1027_2Cond_REML+tlrc.BRIK
[7m** ERROR:[0m output dataset name 'CHIVES1027_2Cond_REML' conflicts with existing file
[7m** ERROR:[0m dataset NOT written to disk!
++ creating FDR curves in dataset CHIVES1027_2Cond_stats_REML+tlrc
++ Smallest FDR q [0 Full_Fstat] = 1.39143e-14
++ Smallest FDR q [2 Healthy#0_Tstat] = 1.05785e-13
++ Smallest FDR q [3 Healthy_Fstat] = 1.05785e-13
++ Smallest FDR q [5 Unhealthy#0_Tstat] = 1.15349e-13
++ Smallest FDR q [6 Unhealthy_Fstat] = 1.15349e-13
++ Smallest FDR q [8 BidsNMiss#0_Tstat] = 6.6493e-14
++ Smallest FDR q [9 BidsNMiss_Fstat] = 6.6493e-14
++ Smallest FDR q [11 HealthyGtRest#0_Tstat] = 1.05785e-13
++ Smallest FDR q [12 HealthyGtRest_Fstat] = 1.05785e-13
++ Smallest FDR q [14 UnhealthyGtRest#0_Tstat] = 1.15349e-13
++ Smallest FDR q [15 UnhealthyGtRest_Fstat] = 1.15349e-13
[7m*+ WARNING:[0m Smallest FDR q [17 HealthyGtUnhealthy#0_Tstat] = 0.9999 ==> few true single voxel detections
[7m*+ WARNING:[0m Smallest FDR q [18 HealthyGtUnhealthy_Fstat] = 0.9999 ==> few true single voxel detections
 + Added 13 FDR curves to dataset CHIVES1027_2Cond_stats_REML+tlrc
++ Output dataset ./CHIVES1027_2Cond_stats_REML+tlrc.BRIK
 + unloading input dataset and REML matrices
++ 3dREMLfit is all done! total CPU=0.00 Elapsed=63.23
