** AFNI converts NIFTI_datatype=4 (INT16) in file /projects/sanlab/shared/CHIVES/bids_data/derivatives/fmriprep/sub-CHIVES1080/ses-wave1/func/s6_sub-CHIVES1080_ses-wave1_task-money_bold_space-MNI152NLin2009cAsym_preproc.nii to FLOAT32
     Warnings of this type will be muted for this session.
     Set AFNI_NIFTI_TYPE_WARN to YES to see them all, NO to see none.
++ '-stim_times_AM2 1 /projects/sanlab/shared/CHIVES/CHIVES_WTP_scripts/behavioral/money/afni_timing_files/CHIVES1080/AllCondsPmod.1D' has 1 auxiliary values per time point
++ '-stim_times_AM2 1 /projects/sanlab/shared/CHIVES/CHIVES_WTP_scripts/behavioral/money/afni_timing_files/CHIVES1080/AllCondsPmod.1D' will have 2 regressors
++ '-stim_times_AM1 2 /projects/sanlab/shared/CHIVES/CHIVES_WTP_scripts/behavioral/money/afni_timing_files/CHIVES1080/BidOnsDur.1D' has 1 auxiliary values per time point
++ '-stim_times_AM1 2': basis function model 'dmBLOCK(1)' uses 1 parameters,
    out of the 1 found in timing file '/projects/sanlab/shared/CHIVES/CHIVES_WTP_scripts/behavioral/money/afni_timing_files/CHIVES1080/BidOnsDur.1D'
++ 3dDeconvolve extending num_stimts from 2 to 6 due to -ortvec
++ 3dDeconvolve: AFNI version=AFNI_18.2.04 (Jul  6 2018) [64-bit]
++ Authored by: B. Douglas Ward, et al.
++ current memory malloc-ated = 254,415 bytes (about 254 thousand [kilo])
++ loading dataset /projects/sanlab/shared/CHIVES/bids_data/derivatives/fmriprep/sub-CHIVES1080/ses-wave1/func/s6_sub-CHIVES1080_ses-wave1_task-money_bold_space-MNI152NLin2009cAsym_preproc.nii
++ current memory malloc-ated = 1,541,075,127 bytes (about 1.5 billion [giga])
++ forcibly using TR=2.0000 seconds for -input dataset
++ Skipping check for initial transients
++ Imaging duration=712.0 s; Automatic polort=5
++ -stim_times using TR=2 s for stimulus timing conversion
++ -stim_times using TR=2 s for any -iresp output datasets
++  [you can alter the -iresp TR via the -TR_times option]
++ ** -stim_times NOTE ** guessing GLOBAL times if 1 time per line; LOCAL otherwise
++ ** GUESSED ** -stim_times_AM2 1 using LOCAL times
++ '-stim_times_AM2 1' average amplitude#1=0.65
++ ** GUESSED ** -stim_times_AM1 2 using LOCAL times
------------------------------------------------------------
GLT matrix from 'SYM: AllConds[0]':
   0   0   0   0   0   0   1   0   0   0   0   0   0 
 
------------------------------------------------------------
GLT matrix from 'SYM: AllConds[1]':
   0   0   0   0   0   0   0   1   0   0   0   0   0 
 
++ Number of time points: 356 (no censoring)
 + Number of parameters:  13 [10 baseline ; 3 signal]
++ total shared memory needed = 3,146,557,780 bytes (about 3.1 billion [giga])
++ current memory malloc-ated = 1,542,203,001 bytes (about 1.5 billion [giga])
++ mmap() memory allocated: 3,146,557,780 bytes (about 3.1 billion [giga])
++ Memory required for output bricks = 3,146,557,780 bytes (about 3.1 billion [giga])
++ Wrote matrix values to file CHIVES1080_AllCondPmod_xmat.1D
++ ========= Things you can do with the matrix file =========
++ (a) Linear regression with ARMA(1,1) modeling of serial correlation:

3dREMLfit -matrix CHIVES1080_AllCondPmod_xmat.1D -input /projects/sanlab/shared/CHIVES/bids_data/derivatives/fmriprep/sub-CHIVES1080/ses-wave1/func/s6_sub-CHIVES1080_ses-wave1_task-money_bold_space-MNI152NLin2009cAsym_preproc.nii \
 -mask /projects/sanlab/shared/CHIVES/bids_data/derivatives/fmriprep/sub-CHIVES1080/ses-wave1/func/sub-CHIVES1080_ses-wave1_task-money_bold_space-MNI152NLin2009cAsym_brainmask.nii.gz \
 -fout -tout -Rbuck CHIVES1080_AllCondPmod_stats_REML -Rvar CHIVES1080_AllCondPmod_stats_REMLvar \
 -Rfitts CHIVES1080_AllCondPmod_REML -Rerrts CHIVES1080_AllCondPmod_REML -verb
 
++ N.B.: 3dREMLfit command above written to file CHIVES1080_AllCondPmod_stats.REML_cmd
++ (b) Visualization/analysis of the matrix via ExamineXmat.R
++ (c) Synthesis of sub-model datasets using 3dSynthesize
++ ==========================================================
++ Wrote matrix values to file CHIVES1080_AllCondPmod_uncensor_xmat.1D
++ ----- Signal+Baseline matrix condition [X] (356x13):  4.06483  ++ VERY GOOD ++
++ ----- Signal-only matrix condition [X] (356x3):  1.57966  ++ VERY GOOD ++
++ ----- Baseline-only matrix condition [X] (356x10):  3.96665  ++ VERY GOOD ++
++ ----- stim_base-only matrix condition [X] (356x4):  1.6907  ++ VERY GOOD ++
++ ----- polort-only matrix condition [X] (356x6):  1.0153  ++ VERY GOOD ++
++ +++++ Matrix inverse average error = 2.87691e-15  ++ VERY GOOD ++
++ Matrix setup time = 0.01 s
++ Voxels in dataset: 1082035
++ Voxels in mask:    269991
++ Voxels per job:    13499
++ Job #1: processing voxels 192006 to 248388; elapsed time=4.579
++ Job #2: processing voxels 248389 to 293401; elapsed time=4.599
++ Job #3: processing voxels 293402 to 327924; elapsed time=4.621
++ Job #4: processing voxels 327925 to 359049; elapsed time=4.641
++ Job #5: processing voxels 359050 to 385689; elapsed time=4.664
++ Job #6: processing voxels 385690 to 415285; elapsed time=4.685
++ Job #7: processing voxels 415286 to 441005; elapsed time=4.708
++ Job #8: processing voxels 441006 to 467119; elapsed time=4.731
++ Job #9: processing voxels 467120 to 495785; elapsed time=4.754
++ Job #10: processing voxels 495786 to 521736; elapsed time=4.778
++ Job #11: processing voxels 521737 to 551495; elapsed time=4.802
++ Job #12: processing voxels 551496 to 578659; elapsed time=4.826
++ Job #13: processing voxels 578660 to 609215; elapsed time=4.864
++ Job #14: processing voxels 609216 to 641430; elapsed time=4.874
++ Job #15: processing voxels 641431 to 674853; elapsed time=4.899
++ Job #16: processing voxels 674854 to 709976; elapsed time=4.937
++ Job #17: processing voxels 709977 to 753148; elapsed time=4.948
++ Job #18: processing voxels 753149 to 807974; elapsed time=4.987
++ Job #19: processing voxels 807975 to 1082034; elapsed time=4.998
++ Job #0: processing voxels 0 to 192005; elapsed time=5.008
++ voxel loop:0123456789.0123456789.0123456789.01234567++ Job #2 finished; elapsed time=5.403
8++ Job #4 finished; elapsed time=5.440
9.0++ Job #6 finished; elapsed time=5.481
++ Job #5 finished; elapsed time=5.493
1++ Job #8 finished; elapsed time=5.527
++ Job #7 finished; elapsed time=5.532
23++ Job #10 finished; elapsed time=5.571
++ Job #9 finished; elapsed time=5.572
++ Job #12 finished; elapsed time=5.620
456++ Job #14 finished; elapsed time=5.663
++ Job #15 finished; elapsed time=5.691
++ Job #17 finished; elapsed time=5.746
7++ Job #1 finished; elapsed time=5.749
++ Job #3 finished; elapsed time=5.768
89.
++ Job #0 waiting for children to finish; elapsed time=5.783
++ Job #19 finished; elapsed time=5.816
++ Job #11 finished; elapsed time=5.947
++ Job #13 finished; elapsed time=6.002
++ Job #16 finished; elapsed time=6.059
++ Job #18 finished; elapsed time=6.099
++ Job #0 now finishing up; elapsed time=6.116
++ Smallest FDR q [0 Full_Fstat] = 5.67397e-15
++ Smallest FDR q [2 AllConds#0_Tstat] = 1.43398e-14
++ Smallest FDR q [4 AllConds#1_Tstat] = 1.75283e-11
++ Smallest FDR q [5 AllConds_Fstat] = 1.39041e-14
++ Smallest FDR q [7 BidsNMiss#0_Tstat] = 2.34234e-14
++ Smallest FDR q [8 BidsNMiss_Fstat] = 2.34237e-14
++ Smallest FDR q [10 CondGtRest_GLT#0_Tstat] = 1.43398e-14
++ Smallest FDR q [11 CondGtRest_GLT_Fstat] = 1.43385e-14
++ Smallest FDR q [13 Pmod_GLT#0_Tstat] = 1.75283e-11
++ Smallest FDR q [14 Pmod_GLT_Fstat] = 1.75285e-11
++ Wrote bucket dataset into ./CHIVES1080_AllCondPmod_stats+tlrc.BRIK
 + created 10 FDR curves in bucket header
++ Wrote 3D+time dataset into ./CHIVES1080_AllCondPmod+tlrc.BRIK
++ Wrote 3D+time dataset into ./CHIVES1080_AllCondPmod+tlrc.BRIK
++ Program finished; elapsed time=22.305
++ 3dREMLfit: AFNI version=AFNI_18.2.04 (Jul  6 2018) [64-bit]
++ Authored by: RWCox
** AFNI converts NIFTI_datatype=4 (INT16) in file /projects/sanlab/shared/CHIVES/bids_data/derivatives/fmriprep/sub-CHIVES1080/ses-wave1/func/s6_sub-CHIVES1080_ses-wave1_task-money_bold_space-MNI152NLin2009cAsym_preproc.nii to FLOAT32
     Warnings of this type will be muted for this session.
     Set AFNI_NIFTI_TYPE_WARN to YES to see them all, NO to see none.
++ Number of voxels in mask = 269991
++ Number of OpenMP threads = 15
++ -----  matrix condition (356x13):  4.06483  ++ VERY GOOD ++
++ Loading input dataset into memory
++ Converting input dataset to vector image
 +  dataset = 1.5 billion [giga] bytes
 +  vectim  = 386 million [mega] bytes
++ starting REML setup calculations; total CPU=0.00 Elapsed=4.15
 + X matrix: 99.309% of elements are nonzero
 + starting 15 OpenMP threads for REML setup
 + REML setup finished: matrix rows=356 cols=13; 109*1 cases; total CPU=0.00 Elapsed=4.15
 +  average case bandwidth = 13.00
++ REML voxel loop: [15 threads]0123456789.012
 + ARMA voxel parameters estimated: total CPU=0.00 Elapsed=20.35
++ GLSQ loop:0123456789.0123456789.0123456789.0123456789.0123456789.
 + GLSQ regression done: total CPU=0.00 Elapsed=42.47
++ Output dataset ./CHIVES1080_AllCondPmod_stats_REMLvar+tlrc.BRIK
++ Output dataset ./CHIVES1080_AllCondPmod_REML+tlrc.BRIK
[7m** ERROR:[0m output dataset name 'CHIVES1080_AllCondPmod_REML' conflicts with existing file
[7m** ERROR:[0m dataset NOT written to disk!
++ creating FDR curves in dataset CHIVES1080_AllCondPmod_stats_REML+tlrc
++ Smallest FDR q [0 Full_Fstat] = 7.68993e-15
++ Smallest FDR q [2 AllConds#0_Tstat] = 2.13193e-14
++ Smallest FDR q [4 AllConds#1_Tstat] = 6.92826e-05
++ Smallest FDR q [5 AllConds_Fstat] = 2.40394e-14
++ Smallest FDR q [7 BidsNMiss#0_Tstat] = 3.09487e-14
++ Smallest FDR q [8 BidsNMiss_Fstat] = 3.09487e-14
++ Smallest FDR q [10 CondGtRest#0_Tstat] = 2.13193e-14
++ Smallest FDR q [11 CondGtRest_Fstat] = 2.13193e-14
++ Smallest FDR q [13 Pmod#0_Tstat] = 6.92826e-05
++ Smallest FDR q [14 Pmod_Fstat] = 6.92826e-05
 + Added 10 FDR curves to dataset CHIVES1080_AllCondPmod_stats_REML+tlrc
++ Output dataset ./CHIVES1080_AllCondPmod_stats_REML+tlrc.BRIK
 + unloading input dataset and REML matrices
++ 3dREMLfit is all done! total CPU=0.00 Elapsed=57.85
** AFNI converts NIFTI_datatype=4 (INT16) in file /projects/sanlab/shared/CHIVES/bids_data/derivatives/fmriprep/sub-CHIVES1080/ses-wave1/func/s6_sub-CHIVES1080_ses-wave1_task-money_bold_space-MNI152NLin2009cAsym_preproc.nii to FLOAT32
     Warnings of this type will be muted for this session.
     Set AFNI_NIFTI_TYPE_WARN to YES to see them all, NO to see none.
++ '-stim_times_AM2 1 /projects/sanlab/shared/CHIVES/CHIVES_WTP_scripts/behavioral/money/afni_timing_files/CHIVES1080/HealthyPmod.1D' has 1 auxiliary values per time point
++ '-stim_times_AM2 1 /projects/sanlab/shared/CHIVES/CHIVES_WTP_scripts/behavioral/money/afni_timing_files/CHIVES1080/HealthyPmod.1D' will have 2 regressors
++ '-stim_times_AM2 2 /projects/sanlab/shared/CHIVES/CHIVES_WTP_scripts/behavioral/money/afni_timing_files/CHIVES1080/UnhealthyPmod.1D' has 1 auxiliary values per time point
++ '-stim_times_AM2 2 /projects/sanlab/shared/CHIVES/CHIVES_WTP_scripts/behavioral/money/afni_timing_files/CHIVES1080/UnhealthyPmod.1D' will have 2 regressors
++ '-stim_times_AM1 3 /projects/sanlab/shared/CHIVES/CHIVES_WTP_scripts/behavioral/money/afni_timing_files/CHIVES1080/BidOnsDur.1D' has 1 auxiliary values per time point
++ '-stim_times_AM1 3': basis function model 'dmBLOCK(1)' uses 1 parameters,
    out of the 1 found in timing file '/projects/sanlab/shared/CHIVES/CHIVES_WTP_scripts/behavioral/money/afni_timing_files/CHIVES1080/BidOnsDur.1D'
++ 3dDeconvolve extending num_stimts from 3 to 7 due to -ortvec
++ 3dDeconvolve: AFNI version=AFNI_18.2.04 (Jul  6 2018) [64-bit]
++ Authored by: B. Douglas Ward, et al.
++ current memory malloc-ated = 281,681 bytes (about 282 thousand [kilo])
++ loading dataset /projects/sanlab/shared/CHIVES/bids_data/derivatives/fmriprep/sub-CHIVES1080/ses-wave1/func/s6_sub-CHIVES1080_ses-wave1_task-money_bold_space-MNI152NLin2009cAsym_preproc.nii
++ current memory malloc-ated = 1,541,102,393 bytes (about 1.5 billion [giga])
++ forcibly using TR=2.0000 seconds for -input dataset
++ Skipping check for initial transients
++ Imaging duration=712.0 s; Automatic polort=5
++ -stim_times using TR=2 s for stimulus timing conversion
++ -stim_times using TR=2 s for any -iresp output datasets
++  [you can alter the -iresp TR via the -TR_times option]
++ ** -stim_times NOTE ** guessing GLOBAL times if 1 time per line; LOCAL otherwise
++ ** GUESSED ** -stim_times_AM2 1 using LOCAL times
++ '-stim_times_AM2 1' average amplitude#1=1.06667
++ ** GUESSED ** -stim_times_AM2 2 using LOCAL times
++ '-stim_times_AM2 2' average amplitude#1=0.233333
++ ** GUESSED ** -stim_times_AM1 3 using LOCAL times
------------------------------------------------------------
GLT matrix from 'SYM: HealthyPmod[0]':
   0   0   0   0   0   0   1   0   0   0   0   0   0   0   0 
 
------------------------------------------------------------
GLT matrix from 'SYM: HealthyPmod[1]':
   0   0   0   0   0   0   0   1   0   0   0   0   0   0   0 
 
------------------------------------------------------------
GLT matrix from 'SYM: UnhealthyPmod[0]':
   0   0   0   0   0   0   0   0   1   0   0   0   0   0   0 
 
------------------------------------------------------------
GLT matrix from 'SYM: UnhealthyPmod[1]':
   0   0   0   0   0   0   0   0   0   1   0   0   0   0   0 
 
------------------------------------------------------------
GLT matrix from 'SYM: HealthyPmod[0] -UnhealthyPmod[0]':
   0   0   0   0   0   0   1   0  -1   0   0   0   0   0   0 
 
------------------------------------------------------------
GLT matrix from 'SYM: HealthyPmod[1] -UnhealthyPmod[1]':
   0   0   0   0   0   0   0   1   0  -1   0   0   0   0   0 
 
++ Number of time points: 356 (no censoring)
 + Number of parameters:  15 [10 baseline ; 5 signal]
++ total shared memory needed = 3,220,136,160 bytes (about 3.2 billion [giga])
++ current memory malloc-ated = 1,542,234,827 bytes (about 1.5 billion [giga])
++ mmap() memory allocated: 3,220,136,160 bytes (about 3.2 billion [giga])
++ Memory required for output bricks = 3,220,136,160 bytes (about 3.2 billion [giga])
++ Wrote matrix values to file CHIVES1080_2CondPmod_xmat.1D
++ ========= Things you can do with the matrix file =========
++ (a) Linear regression with ARMA(1,1) modeling of serial correlation:

3dREMLfit -matrix CHIVES1080_2CondPmod_xmat.1D -input /projects/sanlab/shared/CHIVES/bids_data/derivatives/fmriprep/sub-CHIVES1080/ses-wave1/func/s6_sub-CHIVES1080_ses-wave1_task-money_bold_space-MNI152NLin2009cAsym_preproc.nii \
 -mask /projects/sanlab/shared/CHIVES/bids_data/derivatives/fmriprep/sub-CHIVES1080/ses-wave1/func/sub-CHIVES1080_ses-wave1_task-money_bold_space-MNI152NLin2009cAsym_brainmask.nii.gz \
 -fout -tout -Rbuck CHIVES1080_2CondPmod_stats_REML -Rvar CHIVES1080_2CondPmod_stats_REMLvar \
 -Rfitts CHIVES1080_2CondPmod_REML -Rerrts CHIVES1080_2CondPmod_REML -verb
 
++ N.B.: 3dREMLfit command above written to file CHIVES1080_2CondPmod_stats.REML_cmd
++ (b) Visualization/analysis of the matrix via ExamineXmat.R
++ (c) Synthesis of sub-model datasets using 3dSynthesize
++ ==========================================================
++ Wrote matrix values to file CHIVES1080_2CondPmod_uncensor_xmat.1D
++ ----- Signal+Baseline matrix condition [X] (356x15):  4.08545  ++ VERY GOOD ++
++ ----- Signal-only matrix condition [X] (356x5):  1.57979  ++ VERY GOOD ++
++ ----- Baseline-only matrix condition [X] (356x10):  3.96665  ++ VERY GOOD ++
++ ----- stim_base-only matrix condition [X] (356x4):  1.6907  ++ VERY GOOD ++
++ ----- polort-only matrix condition [X] (356x6):  1.0153  ++ VERY GOOD ++
++ +++++ Matrix inverse average error = 1.67332e-15  ++ VERY GOOD ++
++ Matrix setup time = 0.01 s
++ Voxels in dataset: 1082035
++ Voxels in mask:    269991
++ Voxels per job:    13499
++ Job #1: processing voxels 192006 to 248388; elapsed time=4.272
++ Job #2: processing voxels 248389 to 293401; elapsed time=4.291
++ Job #3: processing voxels 293402 to 327924; elapsed time=4.312
++ Job #4: processing voxels 327925 to 359049; elapsed time=4.332
++ Job #5: processing voxels 359050 to 385689; elapsed time=4.353
++ Job #6: processing voxels 385690 to 415285; elapsed time=4.374
++ Job #7: processing voxels 415286 to 441005; elapsed time=4.396
++ Job #8: processing voxels 441006 to 467119; elapsed time=4.417
++ Job #9: processing voxels 467120 to 495785; elapsed time=4.440
++ Job #10: processing voxels 495786 to 521736; elapsed time=4.462
++ Job #11: processing voxels 521737 to 551495; elapsed time=4.485
++ Job #12: processing voxels 551496 to 578659; elapsed time=4.508
++ Job #13: processing voxels 578660 to 609215; elapsed time=4.545
++ Job #14: processing voxels 609216 to 641430; elapsed time=4.555
++ Job #15: processing voxels 641431 to 674853; elapsed time=4.579
++ Job #16: processing voxels 674854 to 709976; elapsed time=4.617
++ Job #17: processing voxels 709977 to 753148; elapsed time=4.627
++ Job #18: processing voxels 753149 to 807974; elapsed time=4.665
++ Job #19: processing voxels 807975 to 1082034; elapsed time=4.676
++ Job #0: processing voxels 0 to 192005; elapsed time=4.686
++ voxel loop:0123456789.0123456789.0123456789.0123456789.01++ Job #2 finished; elapsed time=5.407
23++ Job #4 finished; elapsed time=5.439
++ Job #6 finished; elapsed time=5.481
++ Job #5 finished; elapsed time=5.502
++ Job #8 finished; elapsed time=5.515
++ Job #7 finished; elapsed time=5.539
4++ Job #10 finished; elapsed time=5.566
++ Job #9 finished; elapsed time=5.575
56++ Job #12 finished; elapsed time=5.612
++ Job #14 finished; elapsed time=5.659
++ Job #15 finished; elapsed time=5.691
7++ Job #17 finished; elapsed time=5.744
89.
++ Job #0 waiting for children to finish; elapsed time=5.777
++ Job #19 finished; elapsed time=5.820
++ Job #3 finished; elapsed time=5.915
++ Job #1 finished; elapsed time=5.918
++ Job #11 finished; elapsed time=6.090
++ Job #13 finished; elapsed time=6.170
++ Job #16 finished; elapsed time=6.183
++ Job #18 finished; elapsed time=6.271
++ Job #0 now finishing up; elapsed time=6.289
++ Smallest FDR q [0 Full_Fstat] = 6.26133e-15
++ Smallest FDR q [2 HealthyPmod#0_Tstat] = 1.60959e-14
++ Smallest FDR q [4 HealthyPmod#1_Tstat] = 7.71009e-09
++ Smallest FDR q [5 HealthyPmod_Fstat] = 1.83665e-14
++ Smallest FDR q [7 UnhealthyPmod#0_Tstat] = 2.81774e-14
++ Smallest FDR q [9 UnhealthyPmod#1_Tstat] = 0.0011871
++ Smallest FDR q [10 UnhealthyPmod_Fstat] = 3.05124e-14
++ Smallest FDR q [12 BidsNMiss#0_Tstat] = 2.34027e-14
++ Smallest FDR q [13 BidsNMiss_Fstat] = 2.34021e-14
++ Smallest FDR q [15 HealthyGtRest_GLT#0_Tstat] = 1.60959e-14
++ Smallest FDR q [16 HealthyGtRest_GLT_Fstat] = 1.60954e-14
++ Smallest FDR q [18 HealthyPmod_GLT#0_Tstat] = 7.71009e-09
++ Smallest FDR q [19 HealthyPmod_GLT_Fstat] = 7.71029e-09
++ Smallest FDR q [21 UnhealthyGtRest_GLT#0_Tstat] = 2.81774e-14
++ Smallest FDR q [22 UnhealthyGtRest_GLT_Fstat] = 2.81774e-14
++ Smallest FDR q [24 UnhealthyPmod_GLT#0_Tstat] = 0.0011871
++ Smallest FDR q [25 UnhealthyPmod_GLT_Fstat] = 0.00118714
++ Smallest FDR q [27 HealthyGtUnhealthy_GLT#0_Tstat] = 3.28923e-06
++ Smallest FDR q [28 HealthyGtUnhealthy_GLT_Fstat] = 3.28924e-06
[7m*+ WARNING:[0m Smallest FDR q [30 HealthyGtUnhealthyPmod_GLT#0_Tstat] = 0.394754 ==> few true single voxel detections
[7m*+ WARNING:[0m Smallest FDR q [31 HealthyGtUnhealthyPmod_GLT_Fstat] = 0.393809 ==> few true single voxel detections
++ Wrote bucket dataset into ./CHIVES1080_2CondPmod_stats+tlrc.BRIK
 + created 21 FDR curves in bucket header
++ Wrote 3D+time dataset into ./CHIVES1080_2CondPmod+tlrc.BRIK
++ Wrote 3D+time dataset into ./CHIVES1080_2CondPmod+tlrc.BRIK
++ Program finished; elapsed time=36.503
++ 3dREMLfit: AFNI version=AFNI_18.2.04 (Jul  6 2018) [64-bit]
++ Authored by: RWCox
** AFNI converts NIFTI_datatype=4 (INT16) in file /projects/sanlab/shared/CHIVES/bids_data/derivatives/fmriprep/sub-CHIVES1080/ses-wave1/func/s6_sub-CHIVES1080_ses-wave1_task-money_bold_space-MNI152NLin2009cAsym_preproc.nii to FLOAT32
     Warnings of this type will be muted for this session.
     Set AFNI_NIFTI_TYPE_WARN to YES to see them all, NO to see none.
++ Number of voxels in mask = 269991
++ Number of OpenMP threads = 15
++ -----  matrix condition (356x15):  4.08545  ++ VERY GOOD ++
++ Loading input dataset into memory
++ Converting input dataset to vector image
 +  dataset = 1.5 billion [giga] bytes
 +  vectim  = 386 million [mega] bytes
++ starting REML setup calculations; total CPU=0.00 Elapsed=4.18
 + X matrix: 90.112% of elements are nonzero
 + starting 15 OpenMP threads for REML setup
 + REML setup finished: matrix rows=356 cols=15; 109*1 cases; total CPU=0.00 Elapsed=4.19
 +  average case bandwidth = 13.00
++ REML voxel loop: [15 threads]0123456789.012
 + ARMA voxel parameters estimated: total CPU=0.00 Elapsed=20.79
++ GLSQ loop:0123456789.0123456789.0123456789.0123456789.0123456789.
 + GLSQ regression done: total CPU=0.00 Elapsed=53.35
++ Output dataset ./CHIVES1080_2CondPmod_stats_REMLvar+tlrc.BRIK
++ Output dataset ./CHIVES1080_2CondPmod_REML+tlrc.BRIK
[7m** ERROR:[0m output dataset name 'CHIVES1080_2CondPmod_REML' conflicts with existing file
[7m** ERROR:[0m dataset NOT written to disk!
++ creating FDR curves in dataset CHIVES1080_2CondPmod_stats_REML+tlrc
++ Smallest FDR q [0 Full_Fstat] = 9.30452e-15
++ Smallest FDR q [2 HealthyPmod#0_Tstat] = 3.0269e-14
++ Smallest FDR q [4 HealthyPmod#1_Tstat] = 0.0117881
++ Smallest FDR q [5 HealthyPmod_Fstat] = 3.83345e-14
++ Smallest FDR q [7 UnhealthyPmod#0_Tstat] = 5.86566e-14
[7m*+ WARNING:[0m Smallest FDR q [9 UnhealthyPmod#1_Tstat] = 0.839773 ==> few true single voxel detections
++ Smallest FDR q [10 UnhealthyPmod_Fstat] = 7.4004e-14
++ Smallest FDR q [12 BidsNMiss#0_Tstat] = 3.1104e-14
++ Smallest FDR q [13 BidsNMiss_Fstat] = 3.1104e-14
++ Smallest FDR q [15 HealthyGtRest#0_Tstat] = 3.0269e-14
++ Smallest FDR q [16 HealthyGtRest_Fstat] = 3.0269e-14
++ Smallest FDR q [18 HealthyPmod#0_Tstat] = 0.0117881
++ Smallest FDR q [19 HealthyPmod_Fstat] = 0.0117881
++ Smallest FDR q [21 UnhealthyGtRest#0_Tstat] = 5.86566e-14
++ Smallest FDR q [22 UnhealthyGtRest_Fstat] = 5.86566e-14
[7m*+ WARNING:[0m Smallest FDR q [24 UnhealthyPmod#0_Tstat] = 0.839773 ==> few true single voxel detections
[7m*+ WARNING:[0m Smallest FDR q [25 UnhealthyPmod_Fstat] = 0.839773 ==> few true single voxel detections
++ Smallest FDR q [27 HealthyGtUnhealthy#0_Tstat] = 0.00538285
++ Smallest FDR q [28 HealthyGtUnhealthy_Fstat] = 0.00538285
[7m*+ WARNING:[0m Smallest FDR q [30 HealthyGtUnhealthyPmod#0_Tstat] = 0.999877 ==> few true single voxel detections
[7m*+ WARNING:[0m Smallest FDR q [31 HealthyGtUnhealthyPmod_Fstat] = 0.999877 ==> few true single voxel detections
 + Added 21 FDR curves to dataset CHIVES1080_2CondPmod_stats_REML+tlrc
++ Output dataset ./CHIVES1080_2CondPmod_stats_REML+tlrc.BRIK
 + unloading input dataset and REML matrices
++ 3dREMLfit is all done! total CPU=0.00 Elapsed=82.27
** AFNI converts NIFTI_datatype=4 (INT16) in file /projects/sanlab/shared/CHIVES/bids_data/derivatives/fmriprep/sub-CHIVES1080/ses-wave1/func/s6_sub-CHIVES1080_ses-wave1_task-money_bold_space-MNI152NLin2009cAsym_preproc.nii to FLOAT32
     Warnings of this type will be muted for this session.
     Set AFNI_NIFTI_TYPE_WARN to YES to see them all, NO to see none.
++ '-stim_times_AM1 3 /projects/sanlab/shared/CHIVES/CHIVES_WTP_scripts/behavioral/money/afni_timing_files/CHIVES1080/BidOnsDur.1D' has 1 auxiliary values per time point
++ '-stim_times_AM1 3': basis function model 'dmBLOCK(1)' uses 1 parameters,
    out of the 1 found in timing file '/projects/sanlab/shared/CHIVES/CHIVES_WTP_scripts/behavioral/money/afni_timing_files/CHIVES1080/BidOnsDur.1D'
++ 3dDeconvolve extending num_stimts from 3 to 7 due to -ortvec
++ 3dDeconvolve: AFNI version=AFNI_18.2.04 (Jul  6 2018) [64-bit]
++ Authored by: B. Douglas Ward, et al.
++ current memory malloc-ated = 265,437 bytes (about 265 thousand [kilo])
++ loading dataset /projects/sanlab/shared/CHIVES/bids_data/derivatives/fmriprep/sub-CHIVES1080/ses-wave1/func/s6_sub-CHIVES1080_ses-wave1_task-money_bold_space-MNI152NLin2009cAsym_preproc.nii
++ current memory malloc-ated = 1,541,086,149 bytes (about 1.5 billion [giga])
++ forcibly using TR=2.0000 seconds for -input dataset
++ Skipping check for initial transients
++ Imaging duration=712.0 s; Automatic polort=5
++ -stim_times using TR=2 s for stimulus timing conversion
++ -stim_times using TR=2 s for any -iresp output datasets
++  [you can alter the -iresp TR via the -TR_times option]
++ ** -stim_times NOTE ** guessing GLOBAL times if 1 time per line; LOCAL otherwise
++ ** GUESSED ** -stim_times 1 using LOCAL times
++ ** GUESSED ** -stim_times 2 using LOCAL times
++ ** GUESSED ** -stim_times_AM1 3 using LOCAL times
------------------------------------------------------------
GLT matrix from 'SYM: Healthy':
   0   0   0   0   0   0   1   0   0   0   0   0   0 
 
------------------------------------------------------------
GLT matrix from 'SYM: Unhealthy':
   0   0   0   0   0   0   0   1   0   0   0   0   0 
 
------------------------------------------------------------
GLT matrix from 'SYM: Healthy -Unhealthy':
   0   0   0   0   0   0   1  -1   0   0   0   0   0 
 
++ Number of time points: 356 (no censoring)
 + Number of parameters:  13 [10 baseline ; 3 signal]
++ total shared memory needed = 3,163,870,340 bytes (about 3.2 billion [giga])
++ current memory malloc-ated = 1,542,214,061 bytes (about 1.5 billion [giga])
++ mmap() memory allocated: 3,163,870,340 bytes (about 3.2 billion [giga])
++ Memory required for output bricks = 3,163,870,340 bytes (about 3.2 billion [giga])
++ Wrote matrix values to file CHIVES1080_2Cond_xmat.1D
++ ========= Things you can do with the matrix file =========
++ (a) Linear regression with ARMA(1,1) modeling of serial correlation:

3dREMLfit -matrix CHIVES1080_2Cond_xmat.1D -input /projects/sanlab/shared/CHIVES/bids_data/derivatives/fmriprep/sub-CHIVES1080/ses-wave1/func/s6_sub-CHIVES1080_ses-wave1_task-money_bold_space-MNI152NLin2009cAsym_preproc.nii \
 -mask /projects/sanlab/shared/CHIVES/bids_data/derivatives/fmriprep/sub-CHIVES1080/ses-wave1/func/sub-CHIVES1080_ses-wave1_task-money_bold_space-MNI152NLin2009cAsym_brainmask.nii.gz \
 -fout -tout -Rbuck CHIVES1080_2Cond_stats_REML -Rvar CHIVES1080_2Cond_stats_REMLvar \
 -Rfitts CHIVES1080_2Cond_REML -Rerrts CHIVES1080_2Cond_REML -verb
 
++ N.B.: 3dREMLfit command above written to file CHIVES1080_2Cond_stats.REML_cmd
++ (b) Visualization/analysis of the matrix via ExamineXmat.R
++ (c) Synthesis of sub-model datasets using 3dSynthesize
++ ==========================================================
++ Wrote matrix values to file CHIVES1080_2Cond_uncensor_xmat.1D
++ ----- Signal+Baseline matrix condition [X] (356x13):  4.0712  ++ VERY GOOD ++
++ ----- Signal-only matrix condition [X] (356x3):  1.57958  ++ VERY GOOD ++
++ ----- Baseline-only matrix condition [X] (356x10):  3.96665  ++ VERY GOOD ++
++ ----- stim_base-only matrix condition [X] (356x4):  1.6907  ++ VERY GOOD ++
++ ----- polort-only matrix condition [X] (356x6):  1.0153  ++ VERY GOOD ++
++ +++++ Matrix inverse average error = 2.09371e-15  ++ VERY GOOD ++
++ Matrix setup time = 0.01 s
++ Voxels in dataset: 1082035
++ Voxels in mask:    269991
++ Voxels per job:    13499
++ Job #1: processing voxels 192006 to 248388; elapsed time=4.223
++ Job #2: processing voxels 248389 to 293401; elapsed time=4.243
++ Job #3: processing voxels 293402 to 327924; elapsed time=4.265
++ Job #4: processing voxels 327925 to 359049; elapsed time=4.285
++ Job #5: processing voxels 359050 to 385689; elapsed time=4.308
++ Job #6: processing voxels 385690 to 415285; elapsed time=4.330
++ Job #7: processing voxels 415286 to 441005; elapsed time=4.353
++ Job #8: processing voxels 441006 to 467119; elapsed time=4.375
++ Job #9: processing voxels 467120 to 495785; elapsed time=4.399
++ Job #10: processing voxels 495786 to 521736; elapsed time=4.423
++ Job #11: processing voxels 521737 to 551495; elapsed time=4.447
++ Job #12: processing voxels 551496 to 578659; elapsed time=4.470
++ Job #13: processing voxels 578660 to 609215; elapsed time=4.509
++ Job #14: processing voxels 609216 to 641430; elapsed time=4.519
++ Job #15: processing voxels 641431 to 674853; elapsed time=4.546
++ Job #16: processing voxels 674854 to 709976; elapsed time=4.585
++ Job #17: processing voxels 709977 to 753148; elapsed time=4.597
++ Job #18: processing voxels 753149 to 807974; elapsed time=4.635
++ Job #19: processing voxels 807975 to 1082034; elapsed time=4.647
++ Job #0: processing voxels 0 to 192005; elapsed time=4.657
++ voxel loop:0123456789.0123456789.0123456789.012345678++ Job #2 finished; elapsed time=5.148
9.0++ Job #4 finished; elapsed time=5.184
++ Job #6 finished; elapsed time=5.227
1++ Job #5 finished; elapsed time=5.252
++ Job #8 finished; elapsed time=5.264
23++ Job #7 finished; elapsed time=5.291
++ Job #10 finished; elapsed time=5.315
++ Job #9 finished; elapsed time=5.330
4++ Job #12 finished; elapsed time=5.364
56++ Job #14 finished; elapsed time=5.413
++ Job #15 finished; elapsed time=5.445
7++ Job #17 finished; elapsed time=5.502
89.
++ Job #0 waiting for children to finish; elapsed time=5.536
++ Job #3 finished; elapsed time=5.557
++ Job #1 finished; elapsed time=5.564
++ Job #19 finished; elapsed time=5.578
++ Job #11 finished; elapsed time=5.734
++ Job #16 finished; elapsed time=5.818
++ Job #13 finished; elapsed time=5.825
++ Job #18 finished; elapsed time=5.925
++ Job #0 now finishing up; elapsed time=5.944
++ Smallest FDR q [0 Full_Fstat] = 5.67067e-15
++ Smallest FDR q [2 Healthy#0_Tstat] = 1.62187e-14
++ Smallest FDR q [3 Healthy_Fstat] = 1.62187e-14
++ Smallest FDR q [5 Unhealthy#0_Tstat] = 2.78392e-14
++ Smallest FDR q [6 Unhealthy_Fstat] = 2.78388e-14
++ Smallest FDR q [8 BidsNMiss#0_Tstat] = 2.3614e-14
++ Smallest FDR q [9 BidsNMiss_Fstat] = 2.36146e-14
++ Smallest FDR q [11 HealthyGtRest_GLT#0_Tstat] = 1.62187e-14
++ Smallest FDR q [12 HealthyGtRest_GLT_Fstat] = 1.62195e-14
++ Smallest FDR q [14 UnhealthyGtRest_GLT#0_Tstat] = 2.78392e-14
++ Smallest FDR q [15 UnhealthyGtRest_GLT_Fstat] = 2.78392e-14
++ Smallest FDR q [17 HealthyGtUnhealthy_GLT#0_Tstat] = 2.51928e-06
++ Smallest FDR q [18 HealthyGtUnhealthy_GLT_Fstat] = 2.51929e-06
++ Wrote bucket dataset into ./CHIVES1080_2Cond_stats+tlrc.BRIK
 + created 13 FDR curves in bucket header
++ Wrote 3D+time dataset into ./CHIVES1080_2Cond+tlrc.BRIK
++ Wrote 3D+time dataset into ./CHIVES1080_2Cond+tlrc.BRIK
++ Program finished; elapsed time=24.654
++ 3dREMLfit: AFNI version=AFNI_18.2.04 (Jul  6 2018) [64-bit]
++ Authored by: RWCox
** AFNI converts NIFTI_datatype=4 (INT16) in file /projects/sanlab/shared/CHIVES/bids_data/derivatives/fmriprep/sub-CHIVES1080/ses-wave1/func/s6_sub-CHIVES1080_ses-wave1_task-money_bold_space-MNI152NLin2009cAsym_preproc.nii to FLOAT32
     Warnings of this type will be muted for this session.
     Set AFNI_NIFTI_TYPE_WARN to YES to see them all, NO to see none.
++ Number of voxels in mask = 269991
++ Number of OpenMP threads = 15
++ -----  matrix condition (356x13):  4.0712  ++ VERY GOOD ++
++ Loading input dataset into memory
++ Converting input dataset to vector image
 +  dataset = 1.5 billion [giga] bytes
 +  vectim  = 386 million [mega] bytes
++ starting REML setup calculations; total CPU=0.00 Elapsed=4.45
 + X matrix: 94.166% of elements are nonzero
 + starting 15 OpenMP threads for REML setup
 + REML setup finished: matrix rows=356 cols=13; 109*1 cases; total CPU=0.00 Elapsed=4.45
 +  average case bandwidth = 13.00
++ REML voxel loop: [15 threads]0123456789.012
 + ARMA voxel parameters estimated: total CPU=0.00 Elapsed=20.35
++ GLSQ loop:0123456789.0123456789.0123456789.0123456789.0123456789.
 + GLSQ regression done: total CPU=0.00 Elapsed=46.22
++ Output dataset ./CHIVES1080_2Cond_stats_REMLvar+tlrc.BRIK
++ Output dataset ./CHIVES1080_2Cond_REML+tlrc.BRIK
[7m** ERROR:[0m output dataset name 'CHIVES1080_2Cond_REML' conflicts with existing file
[7m** ERROR:[0m dataset NOT written to disk!
++ creating FDR curves in dataset CHIVES1080_2Cond_stats_REML+tlrc
++ Smallest FDR q [0 Full_Fstat] = 7.58434e-15
++ Smallest FDR q [2 Healthy#0_Tstat] = 3.00974e-14
++ Smallest FDR q [3 Healthy_Fstat] = 3.00974e-14
++ Smallest FDR q [5 Unhealthy#0_Tstat] = 5.74239e-14
++ Smallest FDR q [6 Unhealthy_Fstat] = 5.74239e-14
++ Smallest FDR q [8 BidsNMiss#0_Tstat] = 3.11188e-14
++ Smallest FDR q [9 BidsNMiss_Fstat] = 3.11188e-14
++ Smallest FDR q [11 HealthyGtRest#0_Tstat] = 3.00974e-14
++ Smallest FDR q [12 HealthyGtRest_Fstat] = 3.00974e-14
++ Smallest FDR q [14 UnhealthyGtRest#0_Tstat] = 5.74239e-14
++ Smallest FDR q [15 UnhealthyGtRest_Fstat] = 5.74239e-14
++ Smallest FDR q [17 HealthyGtUnhealthy#0_Tstat] = 0.00537861
++ Smallest FDR q [18 HealthyGtUnhealthy_Fstat] = 0.00537861
 + Added 13 FDR curves to dataset CHIVES1080_2Cond_stats_REML+tlrc
++ Output dataset ./CHIVES1080_2Cond_stats_REML+tlrc.BRIK
 + unloading input dataset and REML matrices
++ 3dREMLfit is all done! total CPU=0.00 Elapsed=64.44
