** AFNI converts NIFTI_datatype=4 (INT16) in file /projects/sanlab/shared/CHIVES/bids_data/derivatives/fmriprep/sub-CHIVES1022/ses-wave1/func/s6_sub-CHIVES1022_ses-wave1_task-money_bold_space-MNI152NLin2009cAsym_preproc.nii to FLOAT32
     Warnings of this type will be muted for this session.
     Set AFNI_NIFTI_TYPE_WARN to YES to see them all, NO to see none.
++ '-stim_times_AM2 1 /projects/sanlab/shared/CHIVES/CHIVES_WTP_scripts/behavioral/money/afni_timing_files/CHIVES1022/AllCondsPmod.1D' has 1 auxiliary values per time point
++ '-stim_times_AM2 1 /projects/sanlab/shared/CHIVES/CHIVES_WTP_scripts/behavioral/money/afni_timing_files/CHIVES1022/AllCondsPmod.1D' will have 2 regressors
++ '-stim_times_AM1 2 /projects/sanlab/shared/CHIVES/CHIVES_WTP_scripts/behavioral/money/afni_timing_files/CHIVES1022/BidOnsDur.1D' has 1 auxiliary values per time point
++ '-stim_times_AM1 2': basis function model 'dmBLOCK(1)' uses 1 parameters,
    out of the 1 found in timing file '/projects/sanlab/shared/CHIVES/CHIVES_WTP_scripts/behavioral/money/afni_timing_files/CHIVES1022/BidOnsDur.1D'
++ 3dDeconvolve extending num_stimts from 2 to 6 due to -ortvec
++ 3dDeconvolve: AFNI version=AFNI_18.2.04 (Jul  6 2018) [64-bit]
++ Authored by: B. Douglas Ward, et al.
++ current memory malloc-ated = 260,025 bytes (about 260 thousand [kilo])
++ loading dataset /projects/sanlab/shared/CHIVES/bids_data/derivatives/fmriprep/sub-CHIVES1022/ses-wave1/func/s6_sub-CHIVES1022_ses-wave1_task-money_bold_space-MNI152NLin2009cAsym_preproc.nii
++ current memory malloc-ated = 1,545,408,885 bytes (about 1.5 billion [giga])
++ forcibly using TR=2.0000 seconds for -input dataset
++ Skipping check for initial transients
++ Imaging duration=714.0 s; Automatic polort=5
++ -stim_times using TR=2 s for stimulus timing conversion
++ -stim_times using TR=2 s for any -iresp output datasets
++  [you can alter the -iresp TR via the -TR_times option]
++ ** -stim_times NOTE ** guessing GLOBAL times if 1 time per line; LOCAL otherwise
++ ** GUESSED ** -stim_times_AM2 1 using LOCAL times
++ '-stim_times_AM2 1' average amplitude#1=0.541667
++ ** GUESSED ** -stim_times_AM1 2 using LOCAL times
------------------------------------------------------------
GLT matrix from 'SYM: AllConds[0]':
   0   0   0   0   0   0   1   0   0   0   0   0   0 
 
------------------------------------------------------------
GLT matrix from 'SYM: AllConds[1]':
   0   0   0   0   0   0   0   1   0   0   0   0   0 
 
++ Number of time points: 357 (before censor) ; 355 (after)
 + Number of parameters:  13 [10 baseline ; 3 signal]
++ total shared memory needed = 3,155,214,060 bytes (about 3.2 billion [giga])
++ current memory malloc-ated = 1,546,536,826 bytes (about 1.5 billion [giga])
++ mmap() memory allocated: 3,155,214,060 bytes (about 3.2 billion [giga])
++ Memory required for output bricks = 3,155,214,060 bytes (about 3.2 billion [giga])
++ Wrote matrix values to file CHIVES1022_AllCondPmod_xmat.1D
++ ========= Things you can do with the matrix file =========
++ (a) Linear regression with ARMA(1,1) modeling of serial correlation:

3dREMLfit -matrix CHIVES1022_AllCondPmod_xmat.1D -input /projects/sanlab/shared/CHIVES/bids_data/derivatives/fmriprep/sub-CHIVES1022/ses-wave1/func/s6_sub-CHIVES1022_ses-wave1_task-money_bold_space-MNI152NLin2009cAsym_preproc.nii \
 -mask /projects/sanlab/shared/CHIVES/bids_data/derivatives/fmriprep/sub-CHIVES1022/ses-wave1/func/sub-CHIVES1022_ses-wave1_task-money_bold_space-MNI152NLin2009cAsym_brainmask.nii.gz \
 -fout -tout -Rbuck CHIVES1022_AllCondPmod_stats_REML -Rvar CHIVES1022_AllCondPmod_stats_REMLvar \
 -Rfitts CHIVES1022_AllCondPmod_REML -Rerrts CHIVES1022_AllCondPmod_REML -verb
 
++ N.B.: 3dREMLfit command above written to file CHIVES1022_AllCondPmod_stats.REML_cmd
++ (b) Visualization/analysis of the matrix via ExamineXmat.R
++ (c) Synthesis of sub-model datasets using 3dSynthesize
++ ==========================================================
++ Wrote matrix values to file CHIVES1022_AllCondPmod_uncensor_xmat.1D
++ ----- Signal+Baseline matrix condition [X] (355x13):  2.76657  ++ VERY GOOD ++
++ ----- Signal-only matrix condition [X] (355x3):  1.57187  ++ VERY GOOD ++
++ ----- Baseline-only matrix condition [X] (355x10):  2.7479  ++ VERY GOOD ++
++ ----- stim_base-only matrix condition [X] (355x4):  1.54538  ++ VERY GOOD ++
++ ----- polort-only matrix condition [X] (355x6):  1.02575  ++ VERY GOOD ++
++ +++++ Matrix inverse average error = 8.97821e-16  ++ VERY GOOD ++
++ Matrix setup time = 0.02 s
++ Voxels in dataset: 1082035
++ Voxels in mask:    266026
++ Voxels per job:    13301
++ Job #1: processing voxels 184627 to 240332; elapsed time=4.477
++ Job #2: processing voxels 240333 to 285149; elapsed time=4.497
++ Job #3: processing voxels 285150 to 320541; elapsed time=4.518
++ Job #4: processing voxels 320542 to 352319; elapsed time=4.539
++ Job #5: processing voxels 352320 to 382972; elapsed time=4.561
++ Job #6: processing voxels 382973 to 408928; elapsed time=4.583
++ Job #7: processing voxels 408929 to 438218; elapsed time=4.606
++ Job #8: processing voxels 438219 to 463723; elapsed time=4.629
++ Job #9: processing voxels 463724 to 492625; elapsed time=4.652
++ Job #10: processing voxels 492626 to 518708; elapsed time=4.676
++ Job #11: processing voxels 518709 to 545387; elapsed time=4.700
++ Job #12: processing voxels 545388 to 574978; elapsed time=4.723
++ Job #13: processing voxels 574979 to 606113; elapsed time=4.760
++ Job #14: processing voxels 606114 to 637829; elapsed time=4.785
++ Job #15: processing voxels 637830 to 667305; elapsed time=4.796
++ Job #16: processing voxels 667306 to 706623; elapsed time=4.835
++ Job #17: processing voxels 706624 to 744248; elapsed time=4.846
++ Job #18: processing voxels 744249 to 797868; elapsed time=4.884
++ Job #19: processing voxels 797869 to 1082034; elapsed time=4.896
++ Job #0: processing voxels 0 to 184626; elapsed time=4.906
++ voxel loop:0123456789.0123456789.0123456789.0123456789.++ Job #2 finished; elapsed time=5.290
++ Job #4 finished; elapsed time=5.323
012++ Job #6 finished; elapsed time=5.366
++ Job #5 finished; elapsed time=5.383
++ Job #8 finished; elapsed time=5.405
++ Job #7 finished; elapsed time=5.425
3++ Job #10 finished; elapsed time=5.457
4++ Job #9 finished; elapsed time=5.464
5++ Job #12 finished; elapsed time=5.503
++ Job #13 finished; elapsed time=5.546
67++ Job #15 finished; elapsed time=5.576
8++ Job #11 finished; elapsed time=5.602
++ Job #1 finished; elapsed time=5.603
++ Job #3 finished; elapsed time=5.625
++ Job #17 finished; elapsed time=5.635
++ Job #14 finished; elapsed time=5.666
9.
++ Job #0 waiting for children to finish; elapsed time=5.674
++ Job #19 finished; elapsed time=5.707
++ Job #16 finished; elapsed time=5.925
++ Job #18 finished; elapsed time=5.982
++ Job #0 now finishing up; elapsed time=6.000
++ Smallest FDR q [0 Full_Fstat] = 1.9434e-14
++ Smallest FDR q [2 AllConds#0_Tstat] = 5.95461e-14
++ Smallest FDR q [4 AllConds#1_Tstat] = 3.89706e-05
++ Smallest FDR q [5 AllConds_Fstat] = 5.65988e-14
++ Smallest FDR q [7 BidsNMiss#0_Tstat] = 9.21829e-14
++ Smallest FDR q [8 BidsNMiss_Fstat] = 9.21846e-14
++ Smallest FDR q [10 CondGtRest_GLT#0_Tstat] = 5.95461e-14
++ Smallest FDR q [11 CondGtRest_GLT_Fstat] = 5.95476e-14
++ Smallest FDR q [13 Pmod_GLT#0_Tstat] = 3.89706e-05
++ Smallest FDR q [14 Pmod_GLT_Fstat] = 3.89706e-05
++ Wrote bucket dataset into ./CHIVES1022_AllCondPmod_stats+tlrc.BRIK
 + created 10 FDR curves in bucket header
++ Wrote 3D+time dataset into ./CHIVES1022_AllCondPmod+tlrc.BRIK
++ Wrote 3D+time dataset into ./CHIVES1022_AllCondPmod+tlrc.BRIK
++ Program finished; elapsed time=21.985
++ 3dREMLfit: AFNI version=AFNI_18.2.04 (Jul  6 2018) [64-bit]
++ Authored by: RWCox
** AFNI converts NIFTI_datatype=4 (INT16) in file /projects/sanlab/shared/CHIVES/bids_data/derivatives/fmriprep/sub-CHIVES1022/ses-wave1/func/s6_sub-CHIVES1022_ses-wave1_task-money_bold_space-MNI152NLin2009cAsym_preproc.nii to FLOAT32
     Warnings of this type will be muted for this session.
     Set AFNI_NIFTI_TYPE_WARN to YES to see them all, NO to see none.
++ Number of voxels in mask = 266026
++ Number of OpenMP threads = 15
++ -----  matrix condition (355x13):  2.76657  ++ VERY GOOD ++
++ Loading input dataset into memory
++ Converting input dataset to vector image
 +  dataset = 1.5 billion [giga] bytes
 +  vectim  = 381 million [mega] bytes
++ starting REML setup calculations; total CPU=0.00 Elapsed=4.18
 + X matrix: 99.242% of elements are nonzero
 + starting 15 OpenMP threads for REML setup
 + REML setup finished: matrix rows=355 cols=13; 109*1 cases; total CPU=0.00 Elapsed=4.18
 +  average case bandwidth = 12.97
++ REML voxel loop: [15 threads]0123456789.012
 + ARMA voxel parameters estimated: total CPU=0.00 Elapsed=21.46
++ GLSQ loop:0123456789.0123456789.0123456789.0123456789.0123456789.
 + GLSQ regression done: total CPU=0.00 Elapsed=47.46
++ Output dataset ./CHIVES1022_AllCondPmod_stats_REMLvar+tlrc.BRIK
++ Output dataset ./CHIVES1022_AllCondPmod_REML+tlrc.BRIK
[7m** ERROR:[0m output dataset name 'CHIVES1022_AllCondPmod_REML' conflicts with existing file
[7m** ERROR:[0m dataset NOT written to disk!
++ creating FDR curves in dataset CHIVES1022_AllCondPmod_stats_REML+tlrc
++ Smallest FDR q [0 Full_Fstat] = 1.54815e-14
++ Smallest FDR q [2 AllConds#0_Tstat] = 4.56762e-14
[7m*+ WARNING:[0m Smallest FDR q [4 AllConds#1_Tstat] = 0.269711 ==> few true single voxel detections
++ Smallest FDR q [5 AllConds_Fstat] = 5.1162e-14
++ Smallest FDR q [7 BidsNMiss#0_Tstat] = 4.46064e-14
++ Smallest FDR q [8 BidsNMiss_Fstat] = 4.46064e-14
++ Smallest FDR q [10 CondGtRest#0_Tstat] = 4.56762e-14
++ Smallest FDR q [11 CondGtRest_Fstat] = 4.56762e-14
[7m*+ WARNING:[0m Smallest FDR q [13 Pmod#0_Tstat] = 0.269711 ==> few true single voxel detections
[7m*+ WARNING:[0m Smallest FDR q [14 Pmod_Fstat] = 0.269711 ==> few true single voxel detections
 + Added 10 FDR curves to dataset CHIVES1022_AllCondPmod_stats_REML+tlrc
++ Output dataset ./CHIVES1022_AllCondPmod_stats_REML+tlrc.BRIK
 + unloading input dataset and REML matrices
++ 3dREMLfit is all done! total CPU=0.00 Elapsed=62.75
** AFNI converts NIFTI_datatype=4 (INT16) in file /projects/sanlab/shared/CHIVES/bids_data/derivatives/fmriprep/sub-CHIVES1022/ses-wave1/func/s6_sub-CHIVES1022_ses-wave1_task-money_bold_space-MNI152NLin2009cAsym_preproc.nii to FLOAT32
     Warnings of this type will be muted for this session.
     Set AFNI_NIFTI_TYPE_WARN to YES to see them all, NO to see none.
++ '-stim_times_AM2 1 /projects/sanlab/shared/CHIVES/CHIVES_WTP_scripts/behavioral/money/afni_timing_files/CHIVES1022/HealthyPmod.1D' has 1 auxiliary values per time point
++ '-stim_times_AM2 1 /projects/sanlab/shared/CHIVES/CHIVES_WTP_scripts/behavioral/money/afni_timing_files/CHIVES1022/HealthyPmod.1D' will have 2 regressors
++ '-stim_times_AM2 2 /projects/sanlab/shared/CHIVES/CHIVES_WTP_scripts/behavioral/money/afni_timing_files/CHIVES1022/UnhealthyPmod.1D' has 1 auxiliary values per time point
++ '-stim_times_AM2 2 /projects/sanlab/shared/CHIVES/CHIVES_WTP_scripts/behavioral/money/afni_timing_files/CHIVES1022/UnhealthyPmod.1D' will have 2 regressors
++ '-stim_times_AM1 3 /projects/sanlab/shared/CHIVES/CHIVES_WTP_scripts/behavioral/money/afni_timing_files/CHIVES1022/BidOnsDur.1D' has 1 auxiliary values per time point
++ '-stim_times_AM1 3': basis function model 'dmBLOCK(1)' uses 1 parameters,
    out of the 1 found in timing file '/projects/sanlab/shared/CHIVES/CHIVES_WTP_scripts/behavioral/money/afni_timing_files/CHIVES1022/BidOnsDur.1D'
++ 3dDeconvolve extending num_stimts from 3 to 7 due to -ortvec
++ 3dDeconvolve: AFNI version=AFNI_18.2.04 (Jul  6 2018) [64-bit]
++ Authored by: B. Douglas Ward, et al.
++ current memory malloc-ated = 287,291 bytes (about 287 thousand [kilo])
++ loading dataset /projects/sanlab/shared/CHIVES/bids_data/derivatives/fmriprep/sub-CHIVES1022/ses-wave1/func/s6_sub-CHIVES1022_ses-wave1_task-money_bold_space-MNI152NLin2009cAsym_preproc.nii
++ current memory malloc-ated = 1,545,436,151 bytes (about 1.5 billion [giga])
++ forcibly using TR=2.0000 seconds for -input dataset
++ Skipping check for initial transients
++ Imaging duration=714.0 s; Automatic polort=5
++ -stim_times using TR=2 s for stimulus timing conversion
++ -stim_times using TR=2 s for any -iresp output datasets
++  [you can alter the -iresp TR via the -TR_times option]
++ ** -stim_times NOTE ** guessing GLOBAL times if 1 time per line; LOCAL otherwise
++ ** GUESSED ** -stim_times_AM2 1 using LOCAL times
++ '-stim_times_AM2 1' average amplitude#1=0.4
++ ** GUESSED ** -stim_times_AM2 2 using LOCAL times
++ '-stim_times_AM2 2' average amplitude#1=0.683333
++ ** GUESSED ** -stim_times_AM1 3 using LOCAL times
------------------------------------------------------------
GLT matrix from 'SYM: HealthyPmod[0]':
   0   0   0   0   0   0   1   0   0   0   0   0   0   0   0 
 
------------------------------------------------------------
GLT matrix from 'SYM: HealthyPmod[1]':
   0   0   0   0   0   0   0   1   0   0   0   0   0   0   0 
 
------------------------------------------------------------
GLT matrix from 'SYM: UnhealthyPmod[0]':
   0   0   0   0   0   0   0   0   1   0   0   0   0   0   0 
 
------------------------------------------------------------
GLT matrix from 'SYM: UnhealthyPmod[1]':
   0   0   0   0   0   0   0   0   0   1   0   0   0   0   0 
 
------------------------------------------------------------
GLT matrix from 'SYM: HealthyPmod[0] -UnhealthyPmod[0]':
   0   0   0   0   0   0   1   0  -1   0   0   0   0   0   0 
 
------------------------------------------------------------
GLT matrix from 'SYM: HealthyPmod[1] -UnhealthyPmod[1]':
   0   0   0   0   0   0   0   1   0  -1   0   0   0   0   0 
 
++ Number of time points: 357 (before censor) ; 355 (after)
 + Number of parameters:  15 [10 baseline ; 5 signal]
++ total shared memory needed = 3,228,792,440 bytes (about 3.2 billion [giga])
++ current memory malloc-ated = 1,546,568,660 bytes (about 1.5 billion [giga])
++ mmap() memory allocated: 3,228,792,440 bytes (about 3.2 billion [giga])
++ Memory required for output bricks = 3,228,792,440 bytes (about 3.2 billion [giga])
++ Wrote matrix values to file CHIVES1022_2CondPmod_xmat.1D
++ ========= Things you can do with the matrix file =========
++ (a) Linear regression with ARMA(1,1) modeling of serial correlation:

3dREMLfit -matrix CHIVES1022_2CondPmod_xmat.1D -input /projects/sanlab/shared/CHIVES/bids_data/derivatives/fmriprep/sub-CHIVES1022/ses-wave1/func/s6_sub-CHIVES1022_ses-wave1_task-money_bold_space-MNI152NLin2009cAsym_preproc.nii \
 -mask /projects/sanlab/shared/CHIVES/bids_data/derivatives/fmriprep/sub-CHIVES1022/ses-wave1/func/sub-CHIVES1022_ses-wave1_task-money_bold_space-MNI152NLin2009cAsym_brainmask.nii.gz \
 -fout -tout -Rbuck CHIVES1022_2CondPmod_stats_REML -Rvar CHIVES1022_2CondPmod_stats_REMLvar \
 -Rfitts CHIVES1022_2CondPmod_REML -Rerrts CHIVES1022_2CondPmod_REML -verb
 
++ N.B.: 3dREMLfit command above written to file CHIVES1022_2CondPmod_stats.REML_cmd
++ (b) Visualization/analysis of the matrix via ExamineXmat.R
++ (c) Synthesis of sub-model datasets using 3dSynthesize
++ ==========================================================
++ Wrote matrix values to file CHIVES1022_2CondPmod_uncensor_xmat.1D
++ ----- Signal+Baseline matrix condition [X] (355x15):  2.79467  ++ VERY GOOD ++
++ ----- Signal-only matrix condition [X] (355x5):  1.57198  ++ VERY GOOD ++
++ ----- Baseline-only matrix condition [X] (355x10):  2.7479  ++ VERY GOOD ++
++ ----- stim_base-only matrix condition [X] (355x4):  1.54538  ++ VERY GOOD ++
++ ----- polort-only matrix condition [X] (355x6):  1.02575  ++ VERY GOOD ++
++ +++++ Matrix inverse average error = 7.33619e-16  ++ VERY GOOD ++
++ Matrix setup time = 0.02 s
++ Voxels in dataset: 1082035
++ Voxels in mask:    266026
++ Voxels per job:    13301
++ Job #1: processing voxels 184627 to 240332; elapsed time=4.279
++ Job #2: processing voxels 240333 to 285149; elapsed time=4.299
++ Job #3: processing voxels 285150 to 320541; elapsed time=4.320
++ Job #4: processing voxels 320542 to 352319; elapsed time=4.340
++ Job #5: processing voxels 352320 to 382972; elapsed time=4.362
++ Job #6: processing voxels 382973 to 408928; elapsed time=4.384
++ Job #7: processing voxels 408929 to 438218; elapsed time=4.406
++ Job #8: processing voxels 438219 to 463723; elapsed time=4.429
++ Job #9: processing voxels 463724 to 492625; elapsed time=4.451
++ Job #10: processing voxels 492626 to 518708; elapsed time=4.474
++ Job #11: processing voxels 518709 to 545387; elapsed time=4.497
++ Job #12: processing voxels 545388 to 574978; elapsed time=4.520
++ Job #13: processing voxels 574979 to 606113; elapsed time=4.546
++ Job #14: processing voxels 606114 to 637829; elapsed time=4.582
++ Job #15: processing voxels 637830 to 667305; elapsed time=4.592
++ Job #16: processing voxels 667306 to 706623; elapsed time=4.630
++ Job #17: processing voxels 706624 to 744248; elapsed time=4.641
++ Job #18: processing voxels 744249 to 797868; elapsed time=4.679
++ Job #19: processing voxels 797869 to 1082034; elapsed time=4.690
++ Job #0: processing voxels 0 to 184626; elapsed time=4.700
++ voxel loop:0123456789.0123456789.0123456789.0123456789.012++ Job #2 finished; elapsed time=5.396
++ Job #4 finished; elapsed time=5.432
34++ Job #6 finished; elapsed time=5.471
5++ Job #5 finished; elapsed time=5.494
++ Job #8 finished; elapsed time=5.513
++ Job #7 finished; elapsed time=5.534
++ Job #10 finished; elapsed time=5.561
++ Job #9 finished; elapsed time=5.573
6++ Job #12 finished; elapsed time=5.607
7++ Job #13 finished; elapsed time=5.633
8++ Job #15 finished; elapsed time=5.683
++ Job #17 finished; elapsed time=5.737
9.
++ Job #0 waiting for children to finish; elapsed time=5.771
++ Job #19 finished; elapsed time=5.813
++ Job #1 finished; elapsed time=5.875
++ Job #3 finished; elapsed time=5.877
++ Job #11 finished; elapsed time=6.052
++ Job #14 finished; elapsed time=6.138
++ Job #16 finished; elapsed time=6.194
++ Job #18 finished; elapsed time=6.246
++ Job #0 now finishing up; elapsed time=6.264
++ Smallest FDR q [0 Full_Fstat] = 1.63578e-14
++ Smallest FDR q [2 HealthyPmod#0_Tstat] = 1.00804e-13
++ Smallest FDR q [4 HealthyPmod#1_Tstat] = 0.000758728
++ Smallest FDR q [5 HealthyPmod_Fstat] = 7.25994e-14
++ Smallest FDR q [7 UnhealthyPmod#0_Tstat] = 1.07056e-13
[7m*+ WARNING:[0m Smallest FDR q [9 UnhealthyPmod#1_Tstat] = 0.861184 ==> few true single voxel detections
++ Smallest FDR q [10 UnhealthyPmod_Fstat] = 1.32152e-13
++ Smallest FDR q [12 BidsNMiss#0_Tstat] = 9.57633e-14
++ Smallest FDR q [13 BidsNMiss_Fstat] = 9.57616e-14
++ Smallest FDR q [15 HealthyGtRest_GLT#0_Tstat] = 1.00804e-13
++ Smallest FDR q [16 HealthyGtRest_GLT_Fstat] = 1.00807e-13
++ Smallest FDR q [18 HealthyPmod_GLT#0_Tstat] = 0.000758728
++ Smallest FDR q [19 HealthyPmod_GLT_Fstat] = 0.000758729
++ Smallest FDR q [21 UnhealthyGtRest_GLT#0_Tstat] = 1.07056e-13
++ Smallest FDR q [22 UnhealthyGtRest_GLT_Fstat] = 1.07052e-13
[7m*+ WARNING:[0m Smallest FDR q [24 UnhealthyPmod_GLT#0_Tstat] = 0.861184 ==> few true single voxel detections
[7m*+ WARNING:[0m Smallest FDR q [25 UnhealthyPmod_GLT_Fstat] = 0.858837 ==> few true single voxel detections
++ Smallest FDR q [27 HealthyGtUnhealthy_GLT#0_Tstat] = 0.0056997
++ Smallest FDR q [28 HealthyGtUnhealthy_GLT_Fstat] = 0.00569964
++ Smallest FDR q [30 HealthyGtUnhealthyPmod_GLT#0_Tstat] = 0.0099771
++ Smallest FDR q [31 HealthyGtUnhealthyPmod_GLT_Fstat] = 0.00997737
++ Wrote bucket dataset into ./CHIVES1022_2CondPmod_stats+tlrc.BRIK
 + created 21 FDR curves in bucket header
++ Wrote 3D+time dataset into ./CHIVES1022_2CondPmod+tlrc.BRIK
++ Wrote 3D+time dataset into ./CHIVES1022_2CondPmod+tlrc.BRIK
++ Program finished; elapsed time=37.982
++ 3dREMLfit: AFNI version=AFNI_18.2.04 (Jul  6 2018) [64-bit]
++ Authored by: RWCox
** AFNI converts NIFTI_datatype=4 (INT16) in file /projects/sanlab/shared/CHIVES/bids_data/derivatives/fmriprep/sub-CHIVES1022/ses-wave1/func/s6_sub-CHIVES1022_ses-wave1_task-money_bold_space-MNI152NLin2009cAsym_preproc.nii to FLOAT32
     Warnings of this type will be muted for this session.
     Set AFNI_NIFTI_TYPE_WARN to YES to see them all, NO to see none.
++ Number of voxels in mask = 266026
++ Number of OpenMP threads = 15
++ -----  matrix condition (355x15):  2.79467  ++ VERY GOOD ++
++ Loading input dataset into memory
++ Converting input dataset to vector image
 +  dataset = 1.5 billion [giga] bytes
 +  vectim  = 381 million [mega] bytes
++ starting REML setup calculations; total CPU=0.00 Elapsed=4.16
 + X matrix: 90.779% of elements are nonzero
 + starting 15 OpenMP threads for REML setup
 + REML setup finished: matrix rows=355 cols=15; 109*1 cases; total CPU=0.00 Elapsed=4.17
 +  average case bandwidth = 12.97
++ REML voxel loop: [15 threads]0123456789.012
 + ARMA voxel parameters estimated: total CPU=0.00 Elapsed=21.90
++ GLSQ loop:0123456789.0123456789.0123456789.0123456789.0123456789.
 + GLSQ regression done: total CPU=0.00 Elapsed=60.66
++ Output dataset ./CHIVES1022_2CondPmod_stats_REMLvar+tlrc.BRIK
++ Output dataset ./CHIVES1022_2CondPmod_REML+tlrc.BRIK
[7m** ERROR:[0m output dataset name 'CHIVES1022_2CondPmod_REML' conflicts with existing file
[7m** ERROR:[0m dataset NOT written to disk!
++ creating FDR curves in dataset CHIVES1022_2CondPmod_stats_REML+tlrc
++ Smallest FDR q [0 Full_Fstat] = 1.97588e-14
++ Smallest FDR q [2 HealthyPmod#0_Tstat] = 1.37938e-13
[7m*+ WARNING:[0m Smallest FDR q [4 HealthyPmod#1_Tstat] = 0.219701 ==> few true single voxel detections
++ Smallest FDR q [5 HealthyPmod_Fstat] = 1.57762e-13
++ Smallest FDR q [7 UnhealthyPmod#0_Tstat] = 1.62023e-13
[7m*+ WARNING:[0m Smallest FDR q [9 UnhealthyPmod#1_Tstat] = 0.999897 ==> few true single voxel detections
++ Smallest FDR q [10 UnhealthyPmod_Fstat] = 2.26739e-13
++ Smallest FDR q [12 BidsNMiss#0_Tstat] = 4.57453e-14
++ Smallest FDR q [13 BidsNMiss_Fstat] = 4.57453e-14
++ Smallest FDR q [15 HealthyGtRest#0_Tstat] = 1.37938e-13
++ Smallest FDR q [16 HealthyGtRest_Fstat] = 1.37938e-13
[7m*+ WARNING:[0m Smallest FDR q [18 HealthyPmod#0_Tstat] = 0.219701 ==> few true single voxel detections
[7m*+ WARNING:[0m Smallest FDR q [19 HealthyPmod_Fstat] = 0.219701 ==> few true single voxel detections
++ Smallest FDR q [21 UnhealthyGtRest#0_Tstat] = 1.62023e-13
++ Smallest FDR q [22 UnhealthyGtRest_Fstat] = 1.62023e-13
[7m*+ WARNING:[0m Smallest FDR q [24 UnhealthyPmod#0_Tstat] = 0.999897 ==> few true single voxel detections
[7m*+ WARNING:[0m Smallest FDR q [25 UnhealthyPmod_Fstat] = 0.999897 ==> few true single voxel detections
[7m*+ WARNING:[0m Smallest FDR q [27 HealthyGtUnhealthy#0_Tstat] = 0.999899 ==> few true single voxel detections
[7m*+ WARNING:[0m Smallest FDR q [28 HealthyGtUnhealthy_Fstat] = 0.999899 ==> few true single voxel detections
[7m*+ WARNING:[0m Smallest FDR q [30 HealthyGtUnhealthyPmod#0_Tstat] = 0.962875 ==> few true single voxel detections
[7m*+ WARNING:[0m Smallest FDR q [31 HealthyGtUnhealthyPmod_Fstat] = 0.962875 ==> few true single voxel detections
 + Added 21 FDR curves to dataset CHIVES1022_2CondPmod_stats_REML+tlrc
++ Output dataset ./CHIVES1022_2CondPmod_stats_REML+tlrc.BRIK
 + unloading input dataset and REML matrices
++ 3dREMLfit is all done! total CPU=0.00 Elapsed=89.17
** AFNI converts NIFTI_datatype=4 (INT16) in file /projects/sanlab/shared/CHIVES/bids_data/derivatives/fmriprep/sub-CHIVES1022/ses-wave1/func/s6_sub-CHIVES1022_ses-wave1_task-money_bold_space-MNI152NLin2009cAsym_preproc.nii to FLOAT32
     Warnings of this type will be muted for this session.
     Set AFNI_NIFTI_TYPE_WARN to YES to see them all, NO to see none.
++ '-stim_times_AM1 3 /projects/sanlab/shared/CHIVES/CHIVES_WTP_scripts/behavioral/money/afni_timing_files/CHIVES1022/BidOnsDur.1D' has 1 auxiliary values per time point
++ '-stim_times_AM1 3': basis function model 'dmBLOCK(1)' uses 1 parameters,
    out of the 1 found in timing file '/projects/sanlab/shared/CHIVES/CHIVES_WTP_scripts/behavioral/money/afni_timing_files/CHIVES1022/BidOnsDur.1D'
++ 3dDeconvolve extending num_stimts from 3 to 7 due to -ortvec
++ 3dDeconvolve: AFNI version=AFNI_18.2.04 (Jul  6 2018) [64-bit]
++ Authored by: B. Douglas Ward, et al.
++ current memory malloc-ated = 271,047 bytes (about 271 thousand [kilo])
++ loading dataset /projects/sanlab/shared/CHIVES/bids_data/derivatives/fmriprep/sub-CHIVES1022/ses-wave1/func/s6_sub-CHIVES1022_ses-wave1_task-money_bold_space-MNI152NLin2009cAsym_preproc.nii
++ current memory malloc-ated = 1,545,419,907 bytes (about 1.5 billion [giga])
++ forcibly using TR=2.0000 seconds for -input dataset
++ Skipping check for initial transients
++ Imaging duration=714.0 s; Automatic polort=5
++ -stim_times using TR=2 s for stimulus timing conversion
++ -stim_times using TR=2 s for any -iresp output datasets
++  [you can alter the -iresp TR via the -TR_times option]
++ ** -stim_times NOTE ** guessing GLOBAL times if 1 time per line; LOCAL otherwise
++ ** GUESSED ** -stim_times 1 using LOCAL times
++ ** GUESSED ** -stim_times 2 using LOCAL times
++ ** GUESSED ** -stim_times_AM1 3 using LOCAL times
------------------------------------------------------------
GLT matrix from 'SYM: Healthy':
   0   0   0   0   0   0   1   0   0   0   0   0   0 
 
------------------------------------------------------------
GLT matrix from 'SYM: Unhealthy':
   0   0   0   0   0   0   0   1   0   0   0   0   0 
 
------------------------------------------------------------
GLT matrix from 'SYM: Healthy -Unhealthy':
   0   0   0   0   0   0   1  -1   0   0   0   0   0 
 
++ Number of time points: 357 (before censor) ; 355 (after)
 + Number of parameters:  13 [10 baseline ; 3 signal]
++ total shared memory needed = 3,172,526,620 bytes (about 3.2 billion [giga])
++ current memory malloc-ated = 1,546,547,886 bytes (about 1.5 billion [giga])
++ mmap() memory allocated: 3,172,526,620 bytes (about 3.2 billion [giga])
++ Memory required for output bricks = 3,172,526,620 bytes (about 3.2 billion [giga])
++ Wrote matrix values to file CHIVES1022_2Cond_xmat.1D
++ ========= Things you can do with the matrix file =========
++ (a) Linear regression with ARMA(1,1) modeling of serial correlation:

3dREMLfit -matrix CHIVES1022_2Cond_xmat.1D -input /projects/sanlab/shared/CHIVES/bids_data/derivatives/fmriprep/sub-CHIVES1022/ses-wave1/func/s6_sub-CHIVES1022_ses-wave1_task-money_bold_space-MNI152NLin2009cAsym_preproc.nii \
 -mask /projects/sanlab/shared/CHIVES/bids_data/derivatives/fmriprep/sub-CHIVES1022/ses-wave1/func/sub-CHIVES1022_ses-wave1_task-money_bold_space-MNI152NLin2009cAsym_brainmask.nii.gz \
 -fout -tout -Rbuck CHIVES1022_2Cond_stats_REML -Rvar CHIVES1022_2Cond_stats_REMLvar \
 -Rfitts CHIVES1022_2Cond_REML -Rerrts CHIVES1022_2Cond_REML -verb
 
++ N.B.: 3dREMLfit command above written to file CHIVES1022_2Cond_stats.REML_cmd
++ (b) Visualization/analysis of the matrix via ExamineXmat.R
++ (c) Synthesis of sub-model datasets using 3dSynthesize
++ ==========================================================
++ Wrote matrix values to file CHIVES1022_2Cond_uncensor_xmat.1D
++ ----- Signal+Baseline matrix condition [X] (355x13):  2.76347  ++ VERY GOOD ++
++ ----- Signal-only matrix condition [X] (355x3):  1.57193  ++ VERY GOOD ++
++ ----- Baseline-only matrix condition [X] (355x10):  2.7479  ++ VERY GOOD ++
++ ----- stim_base-only matrix condition [X] (355x4):  1.54538  ++ VERY GOOD ++
++ ----- polort-only matrix condition [X] (355x6):  1.02575  ++ VERY GOOD ++
++ +++++ Matrix inverse average error = 8.87304e-16  ++ VERY GOOD ++
++ Matrix setup time = 0.02 s
++ Voxels in dataset: 1082035
++ Voxels in mask:    266026
++ Voxels per job:    13301
++ Job #1: processing voxels 184627 to 240332; elapsed time=4.284
++ Job #2: processing voxels 240333 to 285149; elapsed time=4.304
++ Job #3: processing voxels 285150 to 320541; elapsed time=4.326
++ Job #4: processing voxels 320542 to 352319; elapsed time=4.347
++ Job #5: processing voxels 352320 to 382972; elapsed time=4.370
++ Job #6: processing voxels 382973 to 408928; elapsed time=4.392
++ Job #7: processing voxels 408929 to 438218; elapsed time=4.415
++ Job #8: processing voxels 438219 to 463723; elapsed time=4.438
++ Job #9: processing voxels 463724 to 492625; elapsed time=4.462
++ Job #10: processing voxels 492626 to 518708; elapsed time=4.485
++ Job #11: processing voxels 518709 to 545387; elapsed time=4.509
++ Job #12: processing voxels 545388 to 574978; elapsed time=4.533
++ Job #13: processing voxels 574979 to 606113; elapsed time=4.571
++ Job #14: processing voxels 606114 to 637829; elapsed time=4.582
++ Job #15: processing voxels 637830 to 667305; elapsed time=4.607
++ Job #16: processing voxels 667306 to 706623; elapsed time=4.645
++ Job #17: processing voxels 706624 to 744248; elapsed time=4.657
++ Job #18: processing voxels 744249 to 797868; elapsed time=4.695
++ Job #19: processing voxels 797869 to 1082034; elapsed time=4.707
++ Job #0: processing voxels 0 to 184626; elapsed time=4.717
++ voxel loop:0123456789.0123456789.0123456789.0123456789.++ Job #2 finished; elapsed time=5.194
01++ Job #4 finished; elapsed time=5.230
2++ Job #6 finished; elapsed time=5.271
++ Job #5 finished; elapsed time=5.291
++ Job #8 finished; elapsed time=5.312
345++ Job #10 finished; elapsed time=5.362
++ Job #7 finished; elapsed time=5.364
++ Job #9 finished; elapsed time=5.373
++ Job #12 finished; elapsed time=5.412
6++ Job #14 finished; elapsed time=5.459
78++ Job #15 finished; elapsed time=5.489
++ Job #17 finished; elapsed time=5.543
9.
++ Job #0 waiting for children to finish; elapsed time=5.584
++ Job #3 finished; elapsed time=5.585
++ Job #1 finished; elapsed time=5.596
++ Job #19 finished; elapsed time=5.620
++ Job #11 finished; elapsed time=5.756
++ Job #13 finished; elapsed time=5.854
++ Job #18 finished; elapsed time=5.886
++ Job #16 finished; elapsed time=5.897
++ Job #0 now finishing up; elapsed time=5.912
++ Smallest FDR q [0 Full_Fstat] = 1.89974e-14
++ Smallest FDR q [2 Healthy#0_Tstat] = 1.00828e-13
++ Smallest FDR q [3 Healthy_Fstat] = 1.00831e-13
++ Smallest FDR q [5 Unhealthy#0_Tstat] = 1.09328e-13
++ Smallest FDR q [6 Unhealthy_Fstat] = 1.09318e-13
++ Smallest FDR q [8 BidsNMiss#0_Tstat] = 9.52678e-14
++ Smallest FDR q [9 BidsNMiss_Fstat] = 9.52705e-14
++ Smallest FDR q [11 HealthyGtRest_GLT#0_Tstat] = 1.00828e-13
++ Smallest FDR q [12 HealthyGtRest_GLT_Fstat] = 1.00831e-13
++ Smallest FDR q [14 UnhealthyGtRest_GLT#0_Tstat] = 1.09328e-13
++ Smallest FDR q [15 UnhealthyGtRest_GLT_Fstat] = 1.09321e-13
++ Smallest FDR q [17 HealthyGtUnhealthy_GLT#0_Tstat] = 0.00496734
++ Smallest FDR q [18 HealthyGtUnhealthy_GLT_Fstat] = 0.0049674
++ Wrote bucket dataset into ./CHIVES1022_2Cond_stats+tlrc.BRIK
 + created 13 FDR curves in bucket header
++ Wrote 3D+time dataset into ./CHIVES1022_2Cond+tlrc.BRIK
++ Wrote 3D+time dataset into ./CHIVES1022_2Cond+tlrc.BRIK
++ Program finished; elapsed time=25.094
++ 3dREMLfit: AFNI version=AFNI_18.2.04 (Jul  6 2018) [64-bit]
++ Authored by: RWCox
** AFNI converts NIFTI_datatype=4 (INT16) in file /projects/sanlab/shared/CHIVES/bids_data/derivatives/fmriprep/sub-CHIVES1022/ses-wave1/func/s6_sub-CHIVES1022_ses-wave1_task-money_bold_space-MNI152NLin2009cAsym_preproc.nii to FLOAT32
     Warnings of this type will be muted for this session.
     Set AFNI_NIFTI_TYPE_WARN to YES to see them all, NO to see none.
++ Number of voxels in mask = 266026
++ Number of OpenMP threads = 15
++ -----  matrix condition (355x13):  2.76347  ++ VERY GOOD ++
++ Loading input dataset into memory
++ Converting input dataset to vector image
 +  dataset = 1.5 billion [giga] bytes
 +  vectim  = 381 million [mega] bytes
++ starting REML setup calculations; total CPU=0.00 Elapsed=4.17
 + X matrix: 94.540% of elements are nonzero
 + starting 15 OpenMP threads for REML setup
 + REML setup finished: matrix rows=355 cols=13; 109*1 cases; total CPU=0.00 Elapsed=4.18
 +  average case bandwidth = 12.97
++ REML voxel loop: [15 threads]0123456789.012
 + ARMA voxel parameters estimated: total CPU=0.00 Elapsed=21.22
++ GLSQ loop:0123456789.0123456789.0123456789.0123456789.0123456789.
 + GLSQ regression done: total CPU=0.00 Elapsed=51.59
++ Output dataset ./CHIVES1022_2Cond_stats_REMLvar+tlrc.BRIK
++ Output dataset ./CHIVES1022_2Cond_REML+tlrc.BRIK
[7m** ERROR:[0m output dataset name 'CHIVES1022_2Cond_REML' conflicts with existing file
[7m** ERROR:[0m dataset NOT written to disk!
++ creating FDR curves in dataset CHIVES1022_2Cond_stats_REML+tlrc
++ Smallest FDR q [0 Full_Fstat] = 1.70805e-14
++ Smallest FDR q [2 Healthy#0_Tstat] = 1.4322e-13
++ Smallest FDR q [3 Healthy_Fstat] = 1.4322e-13
++ Smallest FDR q [5 Unhealthy#0_Tstat] = 1.66047e-13
++ Smallest FDR q [6 Unhealthy_Fstat] = 1.66047e-13
++ Smallest FDR q [8 BidsNMiss#0_Tstat] = 4.57642e-14
++ Smallest FDR q [9 BidsNMiss_Fstat] = 4.57642e-14
++ Smallest FDR q [11 HealthyGtRest#0_Tstat] = 1.4322e-13
++ Smallest FDR q [12 HealthyGtRest_Fstat] = 1.4322e-13
++ Smallest FDR q [14 UnhealthyGtRest#0_Tstat] = 1.66047e-13
++ Smallest FDR q [15 UnhealthyGtRest_Fstat] = 1.66047e-13
[7m*+ WARNING:[0m Smallest FDR q [17 HealthyGtUnhealthy#0_Tstat] = 0.999892 ==> few true single voxel detections
[7m*+ WARNING:[0m Smallest FDR q [18 HealthyGtUnhealthy_Fstat] = 0.999892 ==> few true single voxel detections
 + Added 13 FDR curves to dataset CHIVES1022_2Cond_stats_REML+tlrc
++ Output dataset ./CHIVES1022_2Cond_stats_REML+tlrc.BRIK
 + unloading input dataset and REML matrices
++ 3dREMLfit is all done! total CPU=0.00 Elapsed=69.08
