** AFNI converts NIFTI_datatype=4 (INT16) in file /projects/sanlab/shared/CHIVES/bids_data/derivatives/fmriprep/sub-CHIVES1102/ses-wave1/func/s6_sub-CHIVES1102_ses-wave1_task-money_bold_space-MNI152NLin2009cAsym_preproc.nii to FLOAT32
     Warnings of this type will be muted for this session.
     Set AFNI_NIFTI_TYPE_WARN to YES to see them all, NO to see none.
++ '-stim_times_AM2 1 /projects/sanlab/shared/CHIVES/CHIVES_WTP_scripts/behavioral/money/afni_timing_files/CHIVES1102/AllCondsPmod.1D' has 1 auxiliary values per time point
++ '-stim_times_AM2 1 /projects/sanlab/shared/CHIVES/CHIVES_WTP_scripts/behavioral/money/afni_timing_files/CHIVES1102/AllCondsPmod.1D' will have 2 regressors
++ '-stim_times_AM1 2 /projects/sanlab/shared/CHIVES/CHIVES_WTP_scripts/behavioral/money/afni_timing_files/CHIVES1102/BidOnsDur.1D' has 1 auxiliary values per time point
++ '-stim_times_AM1 2': basis function model 'dmBLOCK(1)' uses 1 parameters,
    out of the 1 found in timing file '/projects/sanlab/shared/CHIVES/CHIVES_WTP_scripts/behavioral/money/afni_timing_files/CHIVES1102/BidOnsDur.1D'
++ 3dDeconvolve extending num_stimts from 2 to 6 due to -ortvec
++ 3dDeconvolve: AFNI version=AFNI_18.2.04 (Jul  6 2018) [64-bit]
++ Authored by: B. Douglas Ward, et al.
++ current memory malloc-ated = 254,635 bytes (about 255 thousand [kilo])
++ loading dataset /projects/sanlab/shared/CHIVES/bids_data/derivatives/fmriprep/sub-CHIVES1102/ses-wave1/func/s6_sub-CHIVES1102_ses-wave1_task-money_bold_space-MNI152NLin2009cAsym_preproc.nii
++ current memory malloc-ated = 1,545,403,495 bytes (about 1.5 billion [giga])
++ forcibly using TR=2.0000 seconds for -input dataset
++ Skipping check for initial transients
++ Imaging duration=714.0 s; Automatic polort=5
++ -stim_times using TR=2 s for stimulus timing conversion
++ -stim_times using TR=2 s for any -iresp output datasets
++  [you can alter the -iresp TR via the -TR_times option]
++ ** -stim_times NOTE ** guessing GLOBAL times if 1 time per line; LOCAL otherwise
++ ** GUESSED ** -stim_times_AM2 1 using LOCAL times
++ '-stim_times_AM2 1' average amplitude#1=0.566667
++ ** GUESSED ** -stim_times_AM1 2 using LOCAL times
------------------------------------------------------------
GLT matrix from 'SYM: AllConds[0]':
   0   0   0   0   0   0   1   0   0   0   0   0   0 
 
------------------------------------------------------------
GLT matrix from 'SYM: AllConds[1]':
   0   0   0   0   0   0   0   1   0   0   0   0   0 
 
++ Number of time points: 357 (no censoring)
 + Number of parameters:  13 [10 baseline ; 3 signal]
++ total shared memory needed = 3,155,214,060 bytes (about 3.2 billion [giga])
++ current memory malloc-ated = 1,546,531,429 bytes (about 1.5 billion [giga])
++ mmap() memory allocated: 3,155,214,060 bytes (about 3.2 billion [giga])
++ Memory required for output bricks = 3,155,214,060 bytes (about 3.2 billion [giga])
++ Wrote matrix values to file CHIVES1102_AllCondPmod_xmat.1D
++ ========= Things you can do with the matrix file =========
++ (a) Linear regression with ARMA(1,1) modeling of serial correlation:

3dREMLfit -matrix CHIVES1102_AllCondPmod_xmat.1D -input /projects/sanlab/shared/CHIVES/bids_data/derivatives/fmriprep/sub-CHIVES1102/ses-wave1/func/s6_sub-CHIVES1102_ses-wave1_task-money_bold_space-MNI152NLin2009cAsym_preproc.nii \
 -mask /projects/sanlab/shared/CHIVES/bids_data/derivatives/fmriprep/sub-CHIVES1102/ses-wave1/func/sub-CHIVES1102_ses-wave1_task-money_bold_space-MNI152NLin2009cAsym_brainmask.nii.gz \
 -fout -tout -Rbuck CHIVES1102_AllCondPmod_stats_REML -Rvar CHIVES1102_AllCondPmod_stats_REMLvar \
 -Rfitts CHIVES1102_AllCondPmod_REML -Rerrts CHIVES1102_AllCondPmod_REML -verb
 
++ N.B.: 3dREMLfit command above written to file CHIVES1102_AllCondPmod_stats.REML_cmd
++ (b) Visualization/analysis of the matrix via ExamineXmat.R
++ (c) Synthesis of sub-model datasets using 3dSynthesize
++ ==========================================================
++ Wrote matrix values to file CHIVES1102_AllCondPmod_uncensor_xmat.1D
++ ----- Signal+Baseline matrix condition [X] (357x13):  6.72561  ++ VERY GOOD ++
++ ----- Signal-only matrix condition [X] (357x3):  1.53274  ++ VERY GOOD ++
++ ----- Baseline-only matrix condition [X] (357x10):  6.66392  ++ VERY GOOD ++
++ ----- stim_base-only matrix condition [X] (357x4):  2.34587  ++ VERY GOOD ++
++ ----- polort-only matrix condition [X] (357x6):  1.01526  ++ VERY GOOD ++
++ +++++ Matrix inverse average error = 5.51565e-15  ++ VERY GOOD ++
++ Matrix setup time = 0.01 s
++ Voxels in dataset: 1082035
++ Voxels in mask:    268238
++ Voxels per job:    13411
++ Job #1: processing voxels 182806 to 240106; elapsed time=4.861
++ Job #2: processing voxels 240107 to 284475; elapsed time=4.880
++ Job #3: processing voxels 284476 to 319350; elapsed time=4.900
++ Job #4: processing voxels 319351 to 351485; elapsed time=4.920
++ Job #5: processing voxels 351486 to 381911; elapsed time=4.942
++ Job #6: processing voxels 381912 to 407901; elapsed time=4.962
++ Job #7: processing voxels 407902 to 436953; elapsed time=4.984
++ Job #8: processing voxels 436954 to 462763; elapsed time=5.006
++ Job #9: processing voxels 462764 to 488562; elapsed time=5.028
++ Job #10: processing voxels 488563 to 517756; elapsed time=5.050
++ Job #11: processing voxels 517757 to 543899; elapsed time=5.073
++ Job #12: processing voxels 543900 to 574069; elapsed time=5.096
++ Job #13: processing voxels 574070 to 605109; elapsed time=5.119
++ Job #14: processing voxels 605110 to 632988; elapsed time=5.146
++ Job #15: processing voxels 632989 to 665945; elapsed time=5.172
++ Job #16: processing voxels 665946 to 705417; elapsed time=5.209
++ Job #17: processing voxels 705418 to 742680; elapsed time=5.227
++ Job #18: processing voxels 742681 to 796134; elapsed time=5.254
++ Job #0: processing voxels 0 to 182805; elapsed time=5.291
++ voxel loop:0123456789.++ Job #19: processing voxels 796135 to 1082034; elapsed time=5.294
0123456789.0123456789.0123456++ Job #2 finished; elapsed time=5.678
++ Job #4 finished; elapsed time=5.705
++ Job #1 finished; elapsed time=5.726
++ Job #3 finished; elapsed time=5.747
789.++ Job #5 finished; elapsed time=5.785
++ Job #6 finished; elapsed time=5.788
++ Job #8 finished; elapsed time=5.798
++ Job #7 finished; elapsed time=5.824
++ Job #10 finished; elapsed time=5.846
0++ Job #9 finished; elapsed time=5.855
12++ Job #11 finished; elapsed time=5.901
++ Job #13 finished; elapsed time=5.913
++ Job #12 finished; elapsed time=5.929
345++ Job #14 finished; elapsed time=5.984
++ Job #15 finished; elapsed time=6.021
6++ Job #16 finished; elapsed time=6.059
78++ Job #17 finished; elapsed time=6.079
++ Job #19 finished; elapsed time=6.105
++ Job #18 finished; elapsed time=6.117
9.
++ Job #0 waiting for children to finish; elapsed time=6.138
++ Job #0 now finishing up; elapsed time=6.138
++ Smallest FDR q [0 Full_Fstat] = 6.36701e-15
++ Smallest FDR q [2 AllConds#0_Tstat] = 1.61952e-14
++ Smallest FDR q [4 AllConds#1_Tstat] = 7.14955e-08
++ Smallest FDR q [5 AllConds_Fstat] = 1.44936e-14
++ Smallest FDR q [7 BidsNMiss#0_Tstat] = 2.6737e-14
++ Smallest FDR q [8 BidsNMiss_Fstat] = 2.67367e-14
++ Smallest FDR q [10 CondGtRest_GLT#0_Tstat] = 1.61952e-14
++ Smallest FDR q [11 CondGtRest_GLT_Fstat] = 1.61963e-14
++ Smallest FDR q [13 Pmod_GLT#0_Tstat] = 7.14955e-08
++ Smallest FDR q [14 Pmod_GLT_Fstat] = 7.14974e-08
++ Wrote bucket dataset into ./CHIVES1102_AllCondPmod_stats+tlrc.BRIK
 + created 10 FDR curves in bucket header
++ Wrote 3D+time dataset into ./CHIVES1102_AllCondPmod+tlrc.BRIK
++ Wrote 3D+time dataset into ./CHIVES1102_AllCondPmod+tlrc.BRIK
++ Program finished; elapsed time=21.986
++ 3dREMLfit: AFNI version=AFNI_18.2.04 (Jul  6 2018) [64-bit]
++ Authored by: RWCox
** AFNI converts NIFTI_datatype=4 (INT16) in file /projects/sanlab/shared/CHIVES/bids_data/derivatives/fmriprep/sub-CHIVES1102/ses-wave1/func/s6_sub-CHIVES1102_ses-wave1_task-money_bold_space-MNI152NLin2009cAsym_preproc.nii to FLOAT32
     Warnings of this type will be muted for this session.
     Set AFNI_NIFTI_TYPE_WARN to YES to see them all, NO to see none.
++ Number of voxels in mask = 268238
++ Number of OpenMP threads = 15
++ -----  matrix condition (357x13):  6.72561  ++ VERY GOOD ++
++ Loading input dataset into memory
++ Converting input dataset to vector image
 +  dataset = 1.5 billion [giga] bytes
 +  vectim  = 384 million [mega] bytes
++ starting REML setup calculations; total CPU=0.00 Elapsed=4.21
 + X matrix: 99.677% of elements are nonzero
 + starting 15 OpenMP threads for REML setup
 + REML setup finished: matrix rows=357 cols=13; 109*1 cases; total CPU=0.00 Elapsed=4.22
 +  average case bandwidth = 13.00
++ REML voxel loop: [15 threads]0123456789.012
 + ARMA voxel parameters estimated: total CPU=0.00 Elapsed=21.04
++ GLSQ loop:0123456789.0123456789.0123456789.0123456789.0123456789.
 + GLSQ regression done: total CPU=0.00 Elapsed=45.61
++ Output dataset ./CHIVES1102_AllCondPmod_stats_REMLvar+tlrc.BRIK
++ Output dataset ./CHIVES1102_AllCondPmod_REML+tlrc.BRIK
[7m** ERROR:[0m output dataset name 'CHIVES1102_AllCondPmod_REML' conflicts with existing file
[7m** ERROR:[0m dataset NOT written to disk!
++ creating FDR curves in dataset CHIVES1102_AllCondPmod_stats_REML+tlrc
++ Smallest FDR q [0 Full_Fstat] = 8.50372e-15
++ Smallest FDR q [2 AllConds#0_Tstat] = 2.03063e-14
++ Smallest FDR q [4 AllConds#1_Tstat] = 0.0705854
++ Smallest FDR q [5 AllConds_Fstat] = 2.3081e-14
++ Smallest FDR q [7 BidsNMiss#0_Tstat] = 3.09083e-14
++ Smallest FDR q [8 BidsNMiss_Fstat] = 3.09083e-14
++ Smallest FDR q [10 CondGtRest#0_Tstat] = 2.03063e-14
++ Smallest FDR q [11 CondGtRest_Fstat] = 2.03063e-14
++ Smallest FDR q [13 Pmod#0_Tstat] = 0.0705854
++ Smallest FDR q [14 Pmod_Fstat] = 0.0705854
 + Added 10 FDR curves to dataset CHIVES1102_AllCondPmod_stats_REML+tlrc
++ Output dataset ./CHIVES1102_AllCondPmod_stats_REML+tlrc.BRIK
 + unloading input dataset and REML matrices
++ 3dREMLfit is all done! total CPU=0.00 Elapsed=61.10
** AFNI converts NIFTI_datatype=4 (INT16) in file /projects/sanlab/shared/CHIVES/bids_data/derivatives/fmriprep/sub-CHIVES1102/ses-wave1/func/s6_sub-CHIVES1102_ses-wave1_task-money_bold_space-MNI152NLin2009cAsym_preproc.nii to FLOAT32
     Warnings of this type will be muted for this session.
     Set AFNI_NIFTI_TYPE_WARN to YES to see them all, NO to see none.
++ '-stim_times_AM2 1 /projects/sanlab/shared/CHIVES/CHIVES_WTP_scripts/behavioral/money/afni_timing_files/CHIVES1102/HealthyPmod.1D' has 1 auxiliary values per time point
++ '-stim_times_AM2 1 /projects/sanlab/shared/CHIVES/CHIVES_WTP_scripts/behavioral/money/afni_timing_files/CHIVES1102/HealthyPmod.1D' will have 2 regressors
++ '-stim_times_AM2 2 /projects/sanlab/shared/CHIVES/CHIVES_WTP_scripts/behavioral/money/afni_timing_files/CHIVES1102/UnhealthyPmod.1D' has 1 auxiliary values per time point
++ '-stim_times_AM2 2 /projects/sanlab/shared/CHIVES/CHIVES_WTP_scripts/behavioral/money/afni_timing_files/CHIVES1102/UnhealthyPmod.1D' will have 2 regressors
++ '-stim_times_AM1 3 /projects/sanlab/shared/CHIVES/CHIVES_WTP_scripts/behavioral/money/afni_timing_files/CHIVES1102/BidOnsDur.1D' has 1 auxiliary values per time point
++ '-stim_times_AM1 3': basis function model 'dmBLOCK(1)' uses 1 parameters,
    out of the 1 found in timing file '/projects/sanlab/shared/CHIVES/CHIVES_WTP_scripts/behavioral/money/afni_timing_files/CHIVES1102/BidOnsDur.1D'
++ 3dDeconvolve extending num_stimts from 3 to 7 due to -ortvec
++ 3dDeconvolve: AFNI version=AFNI_18.2.04 (Jul  6 2018) [64-bit]
++ Authored by: B. Douglas Ward, et al.
++ current memory malloc-ated = 281,901 bytes (about 282 thousand [kilo])
++ loading dataset /projects/sanlab/shared/CHIVES/bids_data/derivatives/fmriprep/sub-CHIVES1102/ses-wave1/func/s6_sub-CHIVES1102_ses-wave1_task-money_bold_space-MNI152NLin2009cAsym_preproc.nii
++ current memory malloc-ated = 1,545,430,761 bytes (about 1.5 billion [giga])
++ forcibly using TR=2.0000 seconds for -input dataset
++ Skipping check for initial transients
++ Imaging duration=714.0 s; Automatic polort=5
++ -stim_times using TR=2 s for stimulus timing conversion
++ -stim_times using TR=2 s for any -iresp output datasets
++  [you can alter the -iresp TR via the -TR_times option]
++ ** -stim_times NOTE ** guessing GLOBAL times if 1 time per line; LOCAL otherwise
++ ** GUESSED ** -stim_times_AM2 1 using LOCAL times
++ '-stim_times_AM2 1' average amplitude#1=0.766667
++ ** GUESSED ** -stim_times_AM2 2 using LOCAL times
++ '-stim_times_AM2 2' average amplitude#1=0.366667
++ ** GUESSED ** -stim_times_AM1 3 using LOCAL times
------------------------------------------------------------
GLT matrix from 'SYM: HealthyPmod[0]':
   0   0   0   0   0   0   1   0   0   0   0   0   0   0   0 
 
------------------------------------------------------------
GLT matrix from 'SYM: HealthyPmod[1]':
   0   0   0   0   0   0   0   1   0   0   0   0   0   0   0 
 
------------------------------------------------------------
GLT matrix from 'SYM: UnhealthyPmod[0]':
   0   0   0   0   0   0   0   0   1   0   0   0   0   0   0 
 
------------------------------------------------------------
GLT matrix from 'SYM: UnhealthyPmod[1]':
   0   0   0   0   0   0   0   0   0   1   0   0   0   0   0 
 
------------------------------------------------------------
GLT matrix from 'SYM: HealthyPmod[0] -UnhealthyPmod[0]':
   0   0   0   0   0   0   1   0  -1   0   0   0   0   0   0 
 
------------------------------------------------------------
GLT matrix from 'SYM: HealthyPmod[1] -UnhealthyPmod[1]':
   0   0   0   0   0   0   0   1   0  -1   0   0   0   0   0 
 
++ Number of time points: 357 (no censoring)
 + Number of parameters:  15 [10 baseline ; 5 signal]
++ total shared memory needed = 3,228,792,440 bytes (about 3.2 billion [giga])
++ current memory malloc-ated = 1,546,563,263 bytes (about 1.5 billion [giga])
++ mmap() memory allocated: 3,228,792,440 bytes (about 3.2 billion [giga])
++ Memory required for output bricks = 3,228,792,440 bytes (about 3.2 billion [giga])
++ Wrote matrix values to file CHIVES1102_2CondPmod_xmat.1D
++ ========= Things you can do with the matrix file =========
++ (a) Linear regression with ARMA(1,1) modeling of serial correlation:

3dREMLfit -matrix CHIVES1102_2CondPmod_xmat.1D -input /projects/sanlab/shared/CHIVES/bids_data/derivatives/fmriprep/sub-CHIVES1102/ses-wave1/func/s6_sub-CHIVES1102_ses-wave1_task-money_bold_space-MNI152NLin2009cAsym_preproc.nii \
 -mask /projects/sanlab/shared/CHIVES/bids_data/derivatives/fmriprep/sub-CHIVES1102/ses-wave1/func/sub-CHIVES1102_ses-wave1_task-money_bold_space-MNI152NLin2009cAsym_brainmask.nii.gz \
 -fout -tout -Rbuck CHIVES1102_2CondPmod_stats_REML -Rvar CHIVES1102_2CondPmod_stats_REMLvar \
 -Rfitts CHIVES1102_2CondPmod_REML -Rerrts CHIVES1102_2CondPmod_REML -verb
 
++ N.B.: 3dREMLfit command above written to file CHIVES1102_2CondPmod_stats.REML_cmd
++ (b) Visualization/analysis of the matrix via ExamineXmat.R
++ (c) Synthesis of sub-model datasets using 3dSynthesize
++ ==========================================================
++ Wrote matrix values to file CHIVES1102_2CondPmod_uncensor_xmat.1D
++ ----- Signal+Baseline matrix condition [X] (357x15):  6.77323  ++ VERY GOOD ++
++ ----- Signal-only matrix condition [X] (357x5):  1.53277  ++ VERY GOOD ++
++ ----- Baseline-only matrix condition [X] (357x10):  6.66392  ++ VERY GOOD ++
++ ----- stim_base-only matrix condition [X] (357x4):  2.34587  ++ VERY GOOD ++
++ ----- polort-only matrix condition [X] (357x6):  1.01526  ++ VERY GOOD ++
++ +++++ Matrix inverse average error = 4.45191e-15  ++ VERY GOOD ++
++ Matrix setup time = 0.01 s
++ Voxels in dataset: 1082035
++ Voxels in mask:    268238
++ Voxels per job:    13411
++ Job #1: processing voxels 182806 to 240106; elapsed time=4.264
++ Job #2: processing voxels 240107 to 284475; elapsed time=4.283
++ Job #3: processing voxels 284476 to 319350; elapsed time=4.303
++ Job #4: processing voxels 319351 to 351485; elapsed time=4.323
++ Job #5: processing voxels 351486 to 381911; elapsed time=4.344
++ Job #6: processing voxels 381912 to 407901; elapsed time=4.364
++ Job #7: processing voxels 407902 to 436953; elapsed time=4.386
++ Job #8: processing voxels 436954 to 462763; elapsed time=4.407
++ Job #9: processing voxels 462764 to 488562; elapsed time=4.430
++ Job #10: processing voxels 488563 to 517756; elapsed time=4.452
++ Job #11: processing voxels 517757 to 543899; elapsed time=4.475
++ Job #12: processing voxels 543900 to 574069; elapsed time=4.497
++ Job #13: processing voxels 574070 to 605109; elapsed time=4.533
++ Job #14: processing voxels 605110 to 632988; elapsed time=4.584
++ Job #15: processing voxels 632989 to 665945; elapsed time=4.621
++ Job #16: processing voxels 665946 to 705417; elapsed time=4.645
++ Job #17: processing voxels 705418 to 742680; elapsed time=4.683
++ Job #18: processing voxels 742681 to 796134; elapsed time=4.709
++ Job #0: processing voxels 0 to 182805; elapsed time=4.757
++ voxel loop:0123456789.++ Job #19: processing voxels 796135 to 1082034; elapsed time=4.760
0123456789.0123456789.0123456789.++ Job #1 finished; elapsed time=5.471
++ Job #3 finished; elapsed time=5.487
++ Job #4 finished; elapsed time=5.498
++ Job #6 finished; elapsed time=5.503
0++ Job #5 finished; elapsed time=5.520
++ Job #8 finished; elapsed time=5.527
++ Job #2 finished; elapsed time=5.538
12++ Job #7 finished; elapsed time=5.554
++ Job #9 finished; elapsed time=5.594
++ Job #11 finished; elapsed time=5.632
3++ Job #13 finished; elapsed time=5.693
++ Job #12 finished; elapsed time=5.694
45++ Job #14 finished; elapsed time=5.758
6++ Job #16 finished; elapsed time=5.803
++ Job #15 finished; elapsed time=5.821
++ Job #10 finished; elapsed time=5.838
++ Job #17 finished; elapsed time=5.852
78++ Job #18 finished; elapsed time=5.895
9.
++ Job #0 waiting for children to finish; elapsed time=5.963
++ Job #19 finished; elapsed time=6.143
++ Job #0 now finishing up; elapsed time=6.161
++ Smallest FDR q [0 Full_Fstat] = 6.02033e-15
++ Smallest FDR q [2 HealthyPmod#0_Tstat] = 1.8446e-14
++ Smallest FDR q [4 HealthyPmod#1_Tstat] = 6.74767e-06
++ Smallest FDR q [5 HealthyPmod_Fstat] = 1.78657e-14
++ Smallest FDR q [7 UnhealthyPmod#0_Tstat] = 2.58557e-14
++ Smallest FDR q [9 UnhealthyPmod#1_Tstat] = 2.51155e-05
++ Smallest FDR q [10 UnhealthyPmod_Fstat] = 2.23867e-14
++ Smallest FDR q [12 BidsNMiss#0_Tstat] = 2.62715e-14
++ Smallest FDR q [13 BidsNMiss_Fstat] = 2.62708e-14
++ Smallest FDR q [15 HealthyGtRest_GLT#0_Tstat] = 1.8446e-14
++ Smallest FDR q [16 HealthyGtRest_GLT_Fstat] = 1.84446e-14
++ Smallest FDR q [18 HealthyPmod_GLT#0_Tstat] = 6.74767e-06
++ Smallest FDR q [19 HealthyPmod_GLT_Fstat] = 6.74767e-06
++ Smallest FDR q [21 UnhealthyGtRest_GLT#0_Tstat] = 2.58557e-14
++ Smallest FDR q [22 UnhealthyGtRest_GLT_Fstat] = 2.5855e-14
++ Smallest FDR q [24 UnhealthyPmod_GLT#0_Tstat] = 2.51155e-05
++ Smallest FDR q [25 UnhealthyPmod_GLT_Fstat] = 2.51152e-05
++ Smallest FDR q [27 HealthyGtUnhealthy_GLT#0_Tstat] = 5.84742e-05
++ Smallest FDR q [28 HealthyGtUnhealthy_GLT_Fstat] = 5.84748e-05
++ Smallest FDR q [30 HealthyGtUnhealthyPmod_GLT#0_Tstat] = 0.00011444
++ Smallest FDR q [31 HealthyGtUnhealthyPmod_GLT_Fstat] = 0.00011444
++ Wrote bucket dataset into ./CHIVES1102_2CondPmod_stats+tlrc.BRIK
 + created 21 FDR curves in bucket header
++ Wrote 3D+time dataset into ./CHIVES1102_2CondPmod+tlrc.BRIK
++ Wrote 3D+time dataset into ./CHIVES1102_2CondPmod+tlrc.BRIK
++ Program finished; elapsed time=36.834
++ 3dREMLfit: AFNI version=AFNI_18.2.04 (Jul  6 2018) [64-bit]
++ Authored by: RWCox
** AFNI converts NIFTI_datatype=4 (INT16) in file /projects/sanlab/shared/CHIVES/bids_data/derivatives/fmriprep/sub-CHIVES1102/ses-wave1/func/s6_sub-CHIVES1102_ses-wave1_task-money_bold_space-MNI152NLin2009cAsym_preproc.nii to FLOAT32
     Warnings of this type will be muted for this session.
     Set AFNI_NIFTI_TYPE_WARN to YES to see them all, NO to see none.
++ Number of voxels in mask = 268238
++ Number of OpenMP threads = 15
++ -----  matrix condition (357x15):  6.77323  ++ VERY GOOD ++
++ Loading input dataset into memory
++ Converting input dataset to vector image
 +  dataset = 1.5 billion [giga] bytes
 +  vectim  = 384 million [mega] bytes
++ starting REML setup calculations; total CPU=0.00 Elapsed=4.86
 + X matrix: 90.943% of elements are nonzero
 + starting 15 OpenMP threads for REML setup
 + REML setup finished: matrix rows=357 cols=15; 109*1 cases; total CPU=0.00 Elapsed=4.88
 +  average case bandwidth = 13.00
++ REML voxel loop: [15 threads]0123456789.012
 + ARMA voxel parameters estimated: total CPU=0.00 Elapsed=22.18
++ GLSQ loop:0123456789.0123456789.0123456789.0123456789.0123456789.
 + GLSQ regression done: total CPU=0.00 Elapsed=59.42
++ Output dataset ./CHIVES1102_2CondPmod_stats_REMLvar+tlrc.BRIK
++ Output dataset ./CHIVES1102_2CondPmod_REML+tlrc.BRIK
[7m** ERROR:[0m output dataset name 'CHIVES1102_2CondPmod_REML' conflicts with existing file
[7m** ERROR:[0m dataset NOT written to disk!
++ creating FDR curves in dataset CHIVES1102_2CondPmod_stats_REML+tlrc
++ Smallest FDR q [0 Full_Fstat] = 9.18508e-15
++ Smallest FDR q [2 HealthyPmod#0_Tstat] = 3.58328e-14
[7m*+ WARNING:[0m Smallest FDR q [4 HealthyPmod#1_Tstat] = 0.224518 ==> few true single voxel detections
++ Smallest FDR q [5 HealthyPmod_Fstat] = 4.00059e-14
++ Smallest FDR q [7 UnhealthyPmod#0_Tstat] = 4.66412e-14
++ Smallest FDR q [9 UnhealthyPmod#1_Tstat] = 0.0234814
++ Smallest FDR q [10 UnhealthyPmod_Fstat] = 5.29163e-14
++ Smallest FDR q [12 BidsNMiss#0_Tstat] = 3.11709e-14
++ Smallest FDR q [13 BidsNMiss_Fstat] = 3.11709e-14
++ Smallest FDR q [15 HealthyGtRest#0_Tstat] = 3.58328e-14
++ Smallest FDR q [16 HealthyGtRest_Fstat] = 3.58328e-14
[7m*+ WARNING:[0m Smallest FDR q [18 HealthyPmod#0_Tstat] = 0.224518 ==> few true single voxel detections
[7m*+ WARNING:[0m Smallest FDR q [19 HealthyPmod_Fstat] = 0.224518 ==> few true single voxel detections
++ Smallest FDR q [21 UnhealthyGtRest#0_Tstat] = 4.66412e-14
++ Smallest FDR q [22 UnhealthyGtRest_Fstat] = 4.66412e-14
++ Smallest FDR q [24 UnhealthyPmod#0_Tstat] = 0.0234814
++ Smallest FDR q [25 UnhealthyPmod_Fstat] = 0.0234814
[7m*+ WARNING:[0m Smallest FDR q [27 HealthyGtUnhealthy#0_Tstat] = 0.479681 ==> few true single voxel detections
[7m*+ WARNING:[0m Smallest FDR q [28 HealthyGtUnhealthy_Fstat] = 0.479681 ==> few true single voxel detections
[7m*+ WARNING:[0m Smallest FDR q [30 HealthyGtUnhealthyPmod#0_Tstat] = 0.110881 ==> few true single voxel detections
[7m*+ WARNING:[0m Smallest FDR q [31 HealthyGtUnhealthyPmod_Fstat] = 0.110881 ==> few true single voxel detections
 + Added 21 FDR curves to dataset CHIVES1102_2CondPmod_stats_REML+tlrc
++ Output dataset ./CHIVES1102_2CondPmod_stats_REML+tlrc.BRIK
 + unloading input dataset and REML matrices
++ 3dREMLfit is all done! total CPU=0.00 Elapsed=89.45
** AFNI converts NIFTI_datatype=4 (INT16) in file /projects/sanlab/shared/CHIVES/bids_data/derivatives/fmriprep/sub-CHIVES1102/ses-wave1/func/s6_sub-CHIVES1102_ses-wave1_task-money_bold_space-MNI152NLin2009cAsym_preproc.nii to FLOAT32
     Warnings of this type will be muted for this session.
     Set AFNI_NIFTI_TYPE_WARN to YES to see them all, NO to see none.
++ '-stim_times_AM1 3 /projects/sanlab/shared/CHIVES/CHIVES_WTP_scripts/behavioral/money/afni_timing_files/CHIVES1102/BidOnsDur.1D' has 1 auxiliary values per time point
++ '-stim_times_AM1 3': basis function model 'dmBLOCK(1)' uses 1 parameters,
    out of the 1 found in timing file '/projects/sanlab/shared/CHIVES/CHIVES_WTP_scripts/behavioral/money/afni_timing_files/CHIVES1102/BidOnsDur.1D'
++ 3dDeconvolve extending num_stimts from 3 to 7 due to -ortvec
++ 3dDeconvolve: AFNI version=AFNI_18.2.04 (Jul  6 2018) [64-bit]
++ Authored by: B. Douglas Ward, et al.
++ current memory malloc-ated = 265,657 bytes (about 266 thousand [kilo])
++ loading dataset /projects/sanlab/shared/CHIVES/bids_data/derivatives/fmriprep/sub-CHIVES1102/ses-wave1/func/s6_sub-CHIVES1102_ses-wave1_task-money_bold_space-MNI152NLin2009cAsym_preproc.nii
++ current memory malloc-ated = 1,545,414,517 bytes (about 1.5 billion [giga])
++ forcibly using TR=2.0000 seconds for -input dataset
++ Skipping check for initial transients
++ Imaging duration=714.0 s; Automatic polort=5
++ -stim_times using TR=2 s for stimulus timing conversion
++ -stim_times using TR=2 s for any -iresp output datasets
++  [you can alter the -iresp TR via the -TR_times option]
++ ** -stim_times NOTE ** guessing GLOBAL times if 1 time per line; LOCAL otherwise
++ ** GUESSED ** -stim_times 1 using LOCAL times
++ ** GUESSED ** -stim_times 2 using LOCAL times
++ ** GUESSED ** -stim_times_AM1 3 using LOCAL times
------------------------------------------------------------
GLT matrix from 'SYM: Healthy':
   0   0   0   0   0   0   1   0   0   0   0   0   0 
 
------------------------------------------------------------
GLT matrix from 'SYM: Unhealthy':
   0   0   0   0   0   0   0   1   0   0   0   0   0 
 
------------------------------------------------------------
GLT matrix from 'SYM: Healthy -Unhealthy':
   0   0   0   0   0   0   1  -1   0   0   0   0   0 
 
++ Number of time points: 357 (no censoring)
 + Number of parameters:  13 [10 baseline ; 3 signal]
++ total shared memory needed = 3,172,526,620 bytes (about 3.2 billion [giga])
++ current memory malloc-ated = 1,546,542,489 bytes (about 1.5 billion [giga])
++ mmap() memory allocated: 3,172,526,620 bytes (about 3.2 billion [giga])
++ Memory required for output bricks = 3,172,526,620 bytes (about 3.2 billion [giga])
++ Wrote matrix values to file CHIVES1102_2Cond_xmat.1D
++ ========= Things you can do with the matrix file =========
++ (a) Linear regression with ARMA(1,1) modeling of serial correlation:

3dREMLfit -matrix CHIVES1102_2Cond_xmat.1D -input /projects/sanlab/shared/CHIVES/bids_data/derivatives/fmriprep/sub-CHIVES1102/ses-wave1/func/s6_sub-CHIVES1102_ses-wave1_task-money_bold_space-MNI152NLin2009cAsym_preproc.nii \
 -mask /projects/sanlab/shared/CHIVES/bids_data/derivatives/fmriprep/sub-CHIVES1102/ses-wave1/func/sub-CHIVES1102_ses-wave1_task-money_bold_space-MNI152NLin2009cAsym_brainmask.nii.gz \
 -fout -tout -Rbuck CHIVES1102_2Cond_stats_REML -Rvar CHIVES1102_2Cond_stats_REMLvar \
 -Rfitts CHIVES1102_2Cond_REML -Rerrts CHIVES1102_2Cond_REML -verb
 
++ N.B.: 3dREMLfit command above written to file CHIVES1102_2Cond_stats.REML_cmd
++ (b) Visualization/analysis of the matrix via ExamineXmat.R
++ (c) Synthesis of sub-model datasets using 3dSynthesize
++ ==========================================================
++ Wrote matrix values to file CHIVES1102_2Cond_uncensor_xmat.1D
++ ----- Signal+Baseline matrix condition [X] (357x13):  6.73823  ++ VERY GOOD ++
++ ----- Signal-only matrix condition [X] (357x3):  1.53256  ++ VERY GOOD ++
++ ----- Baseline-only matrix condition [X] (357x10):  6.66392  ++ VERY GOOD ++
++ ----- stim_base-only matrix condition [X] (357x4):  2.34587  ++ VERY GOOD ++
++ ----- polort-only matrix condition [X] (357x6):  1.01526  ++ VERY GOOD ++
++ +++++ Matrix inverse average error = 5.78836e-15  ++ VERY GOOD ++
++ Matrix setup time = 0.01 s
++ Voxels in dataset: 1082035
++ Voxels in mask:    268238
++ Voxels per job:    13411
++ Job #1: processing voxels 182806 to 240106; elapsed time=4.246
++ Job #2: processing voxels 240107 to 284475; elapsed time=4.265
++ Job #3: processing voxels 284476 to 319350; elapsed time=4.285
++ Job #4: processing voxels 319351 to 351485; elapsed time=4.304
++ Job #5: processing voxels 351486 to 381911; elapsed time=4.326
++ Job #6: processing voxels 381912 to 407901; elapsed time=4.346
++ Job #7: processing voxels 407902 to 436953; elapsed time=4.368
++ Job #8: processing voxels 436954 to 462763; elapsed time=4.389
++ Job #9: processing voxels 462764 to 488562; elapsed time=4.412
++ Job #10: processing voxels 488563 to 517756; elapsed time=4.434
++ Job #11: processing voxels 517757 to 543899; elapsed time=4.456
++ Job #12: processing voxels 543900 to 574069; elapsed time=4.479
++ Job #13: processing voxels 574070 to 605109; elapsed time=4.516
++ Job #14: processing voxels 605110 to 632988; elapsed time=4.568
++ Job #15: processing voxels 632989 to 665945; elapsed time=4.606
++ Job #16: processing voxels 665946 to 705417; elapsed time=4.644
++ Job #17: processing voxels 705418 to 742680; elapsed time=4.668
++ Job #18: processing voxels 742681 to 796134; elapsed time=4.720
++ Job #0: processing voxels 0 to 182805; elapsed time=4.755
++ voxel loop:0123456789.++ Job #19: processing voxels 796135 to 1082034; elapsed time=4.758
0123456789.0123456789.0123++ Job #1 finished; elapsed time=5.207
++ Job #3 finished; elapsed time=5.226
++ Job #2 finished; elapsed time=5.233
456++ Job #5 finished; elapsed time=5.265
++ Job #7 finished; elapsed time=5.303
++ Job #10 finished; elapsed time=5.326
++ Job #9 finished; elapsed time=5.336
789.++ Job #11 finished; elapsed time=5.380
0++ Job #13 finished; elapsed time=5.443
12++ Job #4 finished; elapsed time=5.522
3++ Job #6 finished; elapsed time=5.537
45++ Job #17 finished; elapsed time=5.606
++ Job #12 finished; elapsed time=5.617
6++ Job #8 finished; elapsed time=5.665
78++ Job #14 finished; elapsed time=5.773
9.
++ Job #0 waiting for children to finish; elapsed time=5.775
++ Job #15 finished; elapsed time=5.848
++ Job #18 finished; elapsed time=5.880
++ Job #16 finished; elapsed time=5.905
++ Job #19 finished; elapsed time=5.956
++ Job #0 now finishing up; elapsed time=5.973
++ Smallest FDR q [0 Full_Fstat] = 6.7053e-15
++ Smallest FDR q [2 Healthy#0_Tstat] = 1.8897e-14
++ Smallest FDR q [3 Healthy_Fstat] = 1.88967e-14
++ Smallest FDR q [5 Unhealthy#0_Tstat] = 2.63257e-14
++ Smallest FDR q [6 Unhealthy_Fstat] = 2.6326e-14
++ Smallest FDR q [8 BidsNMiss#0_Tstat] = 2.66558e-14
++ Smallest FDR q [9 BidsNMiss_Fstat] = 2.66558e-14
++ Smallest FDR q [11 HealthyGtRest_GLT#0_Tstat] = 1.8897e-14
++ Smallest FDR q [12 HealthyGtRest_GLT_Fstat] = 1.88964e-14
++ Smallest FDR q [14 UnhealthyGtRest_GLT#0_Tstat] = 2.63257e-14
++ Smallest FDR q [15 UnhealthyGtRest_GLT_Fstat] = 2.6326e-14
++ Smallest FDR q [17 HealthyGtUnhealthy_GLT#0_Tstat] = 5.54634e-05
++ Smallest FDR q [18 HealthyGtUnhealthy_GLT_Fstat] = 5.54626e-05
++ Wrote bucket dataset into ./CHIVES1102_2Cond_stats+tlrc.BRIK
 + created 13 FDR curves in bucket header
++ Wrote 3D+time dataset into ./CHIVES1102_2Cond+tlrc.BRIK
++ Wrote 3D+time dataset into ./CHIVES1102_2Cond+tlrc.BRIK
++ Program finished; elapsed time=24.299
++ 3dREMLfit: AFNI version=AFNI_18.2.04 (Jul  6 2018) [64-bit]
++ Authored by: RWCox
** AFNI converts NIFTI_datatype=4 (INT16) in file /projects/sanlab/shared/CHIVES/bids_data/derivatives/fmriprep/sub-CHIVES1102/ses-wave1/func/s6_sub-CHIVES1102_ses-wave1_task-money_bold_space-MNI152NLin2009cAsym_preproc.nii to FLOAT32
     Warnings of this type will be muted for this session.
     Set AFNI_NIFTI_TYPE_WARN to YES to see them all, NO to see none.
++ Number of voxels in mask = 268238
++ Number of OpenMP threads = 15
++ -----  matrix condition (357x13):  6.73823  ++ VERY GOOD ++
++ Loading input dataset into memory
++ Converting input dataset to vector image
 +  dataset = 1.5 billion [giga] bytes
 +  vectim  = 384 million [mega] bytes
++ starting REML setup calculations; total CPU=0.00 Elapsed=4.53
 + X matrix: 94.699% of elements are nonzero
 + starting 15 OpenMP threads for REML setup
 + REML setup finished: matrix rows=357 cols=13; 109*1 cases; total CPU=0.00 Elapsed=4.54
 +  average case bandwidth = 13.00
++ REML voxel loop: [15 threads]0123456789.012
 + ARMA voxel parameters estimated: total CPU=0.00 Elapsed=21.16
++ GLSQ loop:0123456789.0123456789.0123456789.0123456789.0123456789.
 + GLSQ regression done: total CPU=0.00 Elapsed=49.92
++ Output dataset ./CHIVES1102_2Cond_stats_REMLvar+tlrc.BRIK
++ Output dataset ./CHIVES1102_2Cond_REML+tlrc.BRIK
[7m** ERROR:[0m output dataset name 'CHIVES1102_2Cond_REML' conflicts with existing file
[7m** ERROR:[0m dataset NOT written to disk!
++ creating FDR curves in dataset CHIVES1102_2Cond_stats_REML+tlrc
++ Smallest FDR q [0 Full_Fstat] = 8.64136e-15
++ Smallest FDR q [2 Healthy#0_Tstat] = 3.65778e-14
++ Smallest FDR q [3 Healthy_Fstat] = 3.65778e-14
++ Smallest FDR q [5 Unhealthy#0_Tstat] = 4.72159e-14
++ Smallest FDR q [6 Unhealthy_Fstat] = 4.72159e-14
++ Smallest FDR q [8 BidsNMiss#0_Tstat] = 3.06504e-14
++ Smallest FDR q [9 BidsNMiss_Fstat] = 3.06504e-14
++ Smallest FDR q [11 HealthyGtRest#0_Tstat] = 3.65778e-14
++ Smallest FDR q [12 HealthyGtRest_Fstat] = 3.65778e-14
++ Smallest FDR q [14 UnhealthyGtRest#0_Tstat] = 4.72159e-14
++ Smallest FDR q [15 UnhealthyGtRest_Fstat] = 4.72159e-14
[7m*+ WARNING:[0m Smallest FDR q [17 HealthyGtUnhealthy#0_Tstat] = 0.480898 ==> few true single voxel detections
[7m*+ WARNING:[0m Smallest FDR q [18 HealthyGtUnhealthy_Fstat] = 0.480898 ==> few true single voxel detections
 + Added 13 FDR curves to dataset CHIVES1102_2Cond_stats_REML+tlrc
++ Output dataset ./CHIVES1102_2Cond_stats_REML+tlrc.BRIK
 + unloading input dataset and REML matrices
++ 3dREMLfit is all done! total CPU=0.00 Elapsed=68.10
