** AFNI converts NIFTI_datatype=4 (INT16) in file /projects/sanlab/shared/CHIVES/bids_data/derivatives/fmriprep/sub-CHIVES1088/ses-wave1/func/s6_sub-CHIVES1088_ses-wave1_task-money_bold_space-MNI152NLin2009cAsym_preproc.nii to FLOAT32
     Warnings of this type will be muted for this session.
     Set AFNI_NIFTI_TYPE_WARN to YES to see them all, NO to see none.
++ '-stim_times_AM2 1 /projects/sanlab/shared/CHIVES/CHIVES_WTP_scripts/behavioral/money/afni_timing_files/CHIVES1088/AllCondsPmod.1D' has 1 auxiliary values per time point
++ '-stim_times_AM2 1 /projects/sanlab/shared/CHIVES/CHIVES_WTP_scripts/behavioral/money/afni_timing_files/CHIVES1088/AllCondsPmod.1D' will have 2 regressors
++ '-stim_times_AM1 2 /projects/sanlab/shared/CHIVES/CHIVES_WTP_scripts/behavioral/money/afni_timing_files/CHIVES1088/BidOnsDur.1D' has 1 auxiliary values per time point
++ '-stim_times_AM1 2': basis function model 'dmBLOCK(1)' uses 1 parameters,
    out of the 1 found in timing file '/projects/sanlab/shared/CHIVES/CHIVES_WTP_scripts/behavioral/money/afni_timing_files/CHIVES1088/BidOnsDur.1D'
++ 3dDeconvolve extending num_stimts from 2 to 6 due to -ortvec
++ 3dDeconvolve: AFNI version=AFNI_18.2.04 (Jul  6 2018) [64-bit]
++ Authored by: B. Douglas Ward, et al.
++ current memory malloc-ated = 254,627 bytes (about 255 thousand [kilo])
++ loading dataset /projects/sanlab/shared/CHIVES/bids_data/derivatives/fmriprep/sub-CHIVES1088/ses-wave1/func/s6_sub-CHIVES1088_ses-wave1_task-money_bold_space-MNI152NLin2009cAsym_preproc.nii
++ current memory malloc-ated = 1,545,403,487 bytes (about 1.5 billion [giga])
++ forcibly using TR=2.0000 seconds for -input dataset
++ Skipping check for initial transients
++ Imaging duration=714.0 s; Automatic polort=5
++ -stim_times using TR=2 s for stimulus timing conversion
++ -stim_times using TR=2 s for any -iresp output datasets
++  [you can alter the -iresp TR via the -TR_times option]
++ ** -stim_times NOTE ** guessing GLOBAL times if 1 time per line; LOCAL otherwise
++ ** GUESSED ** -stim_times_AM2 1 using LOCAL times
++ '-stim_times_AM2 1' average amplitude#1=0.525424
++ ** GUESSED ** -stim_times_AM1 2 using LOCAL times
------------------------------------------------------------
GLT matrix from 'SYM: AllConds[0]':
   0   0   0   0   0   0   1   0   0   0   0   0   0 
 
------------------------------------------------------------
GLT matrix from 'SYM: AllConds[1]':
   0   0   0   0   0   0   0   1   0   0   0   0   0 
 
++ Number of time points: 357 (no censoring)
 + Number of parameters:  13 [10 baseline ; 3 signal]
++ total shared memory needed = 3,155,214,060 bytes (about 3.2 billion [giga])
++ current memory malloc-ated = 1,546,531,421 bytes (about 1.5 billion [giga])
++ mmap() memory allocated: 3,155,214,060 bytes (about 3.2 billion [giga])
++ Memory required for output bricks = 3,155,214,060 bytes (about 3.2 billion [giga])
++ Wrote matrix values to file CHIVES1088_AllCondPmod_xmat.1D
++ ========= Things you can do with the matrix file =========
++ (a) Linear regression with ARMA(1,1) modeling of serial correlation:

3dREMLfit -matrix CHIVES1088_AllCondPmod_xmat.1D -input /projects/sanlab/shared/CHIVES/bids_data/derivatives/fmriprep/sub-CHIVES1088/ses-wave1/func/s6_sub-CHIVES1088_ses-wave1_task-money_bold_space-MNI152NLin2009cAsym_preproc.nii \
 -mask /projects/sanlab/shared/CHIVES/bids_data/derivatives/fmriprep/sub-CHIVES1088/ses-wave1/func/sub-CHIVES1088_ses-wave1_task-money_bold_space-MNI152NLin2009cAsym_brainmask.nii.gz \
 -fout -tout -Rbuck CHIVES1088_AllCondPmod_stats_REML -Rvar CHIVES1088_AllCondPmod_stats_REMLvar \
 -Rfitts CHIVES1088_AllCondPmod_REML -Rerrts CHIVES1088_AllCondPmod_REML -verb
 
++ N.B.: 3dREMLfit command above written to file CHIVES1088_AllCondPmod_stats.REML_cmd
++ (b) Visualization/analysis of the matrix via ExamineXmat.R
++ (c) Synthesis of sub-model datasets using 3dSynthesize
++ ==========================================================
++ Wrote matrix values to file CHIVES1088_AllCondPmod_uncensor_xmat.1D
++ ----- Signal+Baseline matrix condition [X] (357x13):  2.80442  ++ VERY GOOD ++
++ ----- Signal-only matrix condition [X] (357x3):  1.59278  ++ VERY GOOD ++
++ ----- Baseline-only matrix condition [X] (357x10):  2.78219  ++ VERY GOOD ++
++ ----- stim_base-only matrix condition [X] (357x4):  2.05662  ++ VERY GOOD ++
++ ----- polort-only matrix condition [X] (357x6):  1.01526  ++ VERY GOOD ++
++ +++++ Matrix inverse average error = 1.56419e-15  ++ VERY GOOD ++
++ Matrix setup time = 0.02 s
++ Voxels in dataset: 1082035
++ Voxels in mask:    269393
++ Voxels per job:    13469
++ Job #1: processing voxels 184850 to 248353; elapsed time=4.699
++ Job #2: processing voxels 248354 to 293751; elapsed time=4.719
++ Job #3: processing voxels 293752 to 328672; elapsed time=4.740
++ Job #4: processing voxels 328673 to 360601; elapsed time=4.761
++ Job #5: processing voxels 360602 to 387281; elapsed time=4.782
++ Job #6: processing voxels 387282 to 416872; elapsed time=4.804
++ Job #7: processing voxels 416873 to 442583; elapsed time=4.826
++ Job #8: processing voxels 442584 to 471654; elapsed time=4.848
++ Job #9: processing voxels 471655 to 497282; elapsed time=4.871
++ Job #10: processing voxels 497283 to 526660; elapsed time=4.894
++ Job #11: processing voxels 526661 to 552940; elapsed time=4.918
++ Job #12: processing voxels 552941 to 583388; elapsed time=4.942
++ Job #13: processing voxels 583389 to 610400; elapsed time=4.973
++ Job #14: processing voxels 610401 to 642179; elapsed time=5.004
++ Job #15: processing voxels 642180 to 675294; elapsed time=5.014
++ Job #16: processing voxels 675295 to 710206; elapsed time=5.045
++ Job #17: processing voxels 710207 to 752953; elapsed time=5.077
++ Job #18: processing voxels 752954 to 807561; elapsed time=5.100
++ Job #19: processing voxels 807562 to 1082034; elapsed time=5.118
++ Job #0: processing voxels 0 to 184849; elapsed time=5.123
++ voxel loop:0123456789.0123456789.0123456789.012345678++ Job #2 finished; elapsed time=5.517
9.++ Job #4 finished; elapsed time=5.556
++ Job #1 finished; elapsed time=5.559
++ Job #3 finished; elapsed time=5.583
012++ Job #5 finished; elapsed time=5.617
++ Job #7 finished; elapsed time=5.620
++ Job #6 finished; elapsed time=5.638
++ Job #8 finished; elapsed time=5.642
34++ Job #9 finished; elapsed time=5.692
++ Job #10 finished; elapsed time=5.696
5++ Job #11 finished; elapsed time=5.740
++ Job #12 finished; elapsed time=5.743
++ Job #13 finished; elapsed time=5.775
678++ Job #14 finished; elapsed time=5.820
++ Job #15 finished; elapsed time=5.822
++ Job #16 finished; elapsed time=5.852
9.
++ Job #0 waiting for children to finish; elapsed time=5.903
++ Job #17 finished; elapsed time=5.910
++ Job #18 finished; elapsed time=5.918
++ Job #19 finished; elapsed time=5.958
++ Job #0 now finishing up; elapsed time=5.976
++ Smallest FDR q [0 Full_Fstat] = 6.67145e-15
++ Smallest FDR q [2 AllConds#0_Tstat] = 1.8321e-14
++ Smallest FDR q [4 AllConds#1_Tstat] = 3.30061e-11
++ Smallest FDR q [5 AllConds_Fstat] = 1.47709e-14
++ Smallest FDR q [7 BidsNMiss#0_Tstat] = 4.32577e-14
++ Smallest FDR q [8 BidsNMiss_Fstat] = 4.32588e-14
++ Smallest FDR q [10 CondGtRest_GLT#0_Tstat] = 1.8321e-14
++ Smallest FDR q [11 CondGtRest_GLT_Fstat] = 1.83205e-14
++ Smallest FDR q [13 Pmod_GLT#0_Tstat] = 3.30061e-11
++ Smallest FDR q [14 Pmod_GLT_Fstat] = 3.30059e-11
++ Wrote bucket dataset into ./CHIVES1088_AllCondPmod_stats+tlrc.BRIK
 + created 10 FDR curves in bucket header
++ Wrote 3D+time dataset into ./CHIVES1088_AllCondPmod+tlrc.BRIK
++ Wrote 3D+time dataset into ./CHIVES1088_AllCondPmod+tlrc.BRIK
++ Program finished; elapsed time=21.845
++ 3dREMLfit: AFNI version=AFNI_18.2.04 (Jul  6 2018) [64-bit]
++ Authored by: RWCox
** AFNI converts NIFTI_datatype=4 (INT16) in file /projects/sanlab/shared/CHIVES/bids_data/derivatives/fmriprep/sub-CHIVES1088/ses-wave1/func/s6_sub-CHIVES1088_ses-wave1_task-money_bold_space-MNI152NLin2009cAsym_preproc.nii to FLOAT32
     Warnings of this type will be muted for this session.
     Set AFNI_NIFTI_TYPE_WARN to YES to see them all, NO to see none.
++ Number of voxels in mask = 269393
++ Number of OpenMP threads = 15
++ -----  matrix condition (357x13):  2.80442  ++ VERY GOOD ++
++ Loading input dataset into memory
++ Converting input dataset to vector image
 +  dataset = 1.5 billion [giga] bytes
 +  vectim  = 386 million [mega] bytes
++ starting REML setup calculations; total CPU=0.00 Elapsed=4.18
 + X matrix: 99.461% of elements are nonzero
 + starting 15 OpenMP threads for REML setup
 + REML setup finished: matrix rows=357 cols=13; 109*1 cases; total CPU=0.00 Elapsed=4.20
 +  average case bandwidth = 13.00
++ REML voxel loop: [15 threads]0123456789.012
 + ARMA voxel parameters estimated: total CPU=0.00 Elapsed=21.31
++ GLSQ loop:0123456789.0123456789.0123456789.0123456789.0123456789.
 + GLSQ regression done: total CPU=0.00 Elapsed=46.06
++ Output dataset ./CHIVES1088_AllCondPmod_stats_REMLvar+tlrc.BRIK
++ Output dataset ./CHIVES1088_AllCondPmod_REML+tlrc.BRIK
[7m** ERROR:[0m output dataset name 'CHIVES1088_AllCondPmod_REML' conflicts with existing file
[7m** ERROR:[0m dataset NOT written to disk!
++ creating FDR curves in dataset CHIVES1088_AllCondPmod_stats_REML+tlrc
++ Smallest FDR q [0 Full_Fstat] = 7.61075e-15
++ Smallest FDR q [2 AllConds#0_Tstat] = 1.78702e-14
++ Smallest FDR q [4 AllConds#1_Tstat] = 0.000247208
++ Smallest FDR q [5 AllConds_Fstat] = 1.80744e-14
++ Smallest FDR q [7 BidsNMiss#0_Tstat] = 4.02269e-14
++ Smallest FDR q [8 BidsNMiss_Fstat] = 4.02269e-14
++ Smallest FDR q [10 CondGtRest#0_Tstat] = 1.78702e-14
++ Smallest FDR q [11 CondGtRest_Fstat] = 1.78702e-14
++ Smallest FDR q [13 Pmod#0_Tstat] = 0.000247208
++ Smallest FDR q [14 Pmod_Fstat] = 0.000247209
 + Added 10 FDR curves to dataset CHIVES1088_AllCondPmod_stats_REML+tlrc
++ Output dataset ./CHIVES1088_AllCondPmod_stats_REML+tlrc.BRIK
 + unloading input dataset and REML matrices
++ 3dREMLfit is all done! total CPU=0.00 Elapsed=61.61
** AFNI converts NIFTI_datatype=4 (INT16) in file /projects/sanlab/shared/CHIVES/bids_data/derivatives/fmriprep/sub-CHIVES1088/ses-wave1/func/s6_sub-CHIVES1088_ses-wave1_task-money_bold_space-MNI152NLin2009cAsym_preproc.nii to FLOAT32
     Warnings of this type will be muted for this session.
     Set AFNI_NIFTI_TYPE_WARN to YES to see them all, NO to see none.
++ '-stim_times_AM2 1 /projects/sanlab/shared/CHIVES/CHIVES_WTP_scripts/behavioral/money/afni_timing_files/CHIVES1088/HealthyPmod.1D' has 1 auxiliary values per time point
++ '-stim_times_AM2 1 /projects/sanlab/shared/CHIVES/CHIVES_WTP_scripts/behavioral/money/afni_timing_files/CHIVES1088/HealthyPmod.1D' will have 2 regressors
++ '-stim_times_AM2 2 /projects/sanlab/shared/CHIVES/CHIVES_WTP_scripts/behavioral/money/afni_timing_files/CHIVES1088/UnhealthyPmod.1D' has 1 auxiliary values per time point
++ '-stim_times_AM2 2 /projects/sanlab/shared/CHIVES/CHIVES_WTP_scripts/behavioral/money/afni_timing_files/CHIVES1088/UnhealthyPmod.1D' will have 2 regressors
++ '-stim_times_AM1 3 /projects/sanlab/shared/CHIVES/CHIVES_WTP_scripts/behavioral/money/afni_timing_files/CHIVES1088/BidOnsDur.1D' has 1 auxiliary values per time point
++ '-stim_times_AM1 3': basis function model 'dmBLOCK(1)' uses 1 parameters,
    out of the 1 found in timing file '/projects/sanlab/shared/CHIVES/CHIVES_WTP_scripts/behavioral/money/afni_timing_files/CHIVES1088/BidOnsDur.1D'
++ 3dDeconvolve extending num_stimts from 3 to 7 due to -ortvec
++ 3dDeconvolve: AFNI version=AFNI_18.2.04 (Jul  6 2018) [64-bit]
++ Authored by: B. Douglas Ward, et al.
++ current memory malloc-ated = 281,893 bytes (about 282 thousand [kilo])
++ loading dataset /projects/sanlab/shared/CHIVES/bids_data/derivatives/fmriprep/sub-CHIVES1088/ses-wave1/func/s6_sub-CHIVES1088_ses-wave1_task-money_bold_space-MNI152NLin2009cAsym_preproc.nii
++ current memory malloc-ated = 1,545,430,753 bytes (about 1.5 billion [giga])
++ forcibly using TR=2.0000 seconds for -input dataset
++ Skipping check for initial transients
++ Imaging duration=714.0 s; Automatic polort=5
++ -stim_times using TR=2 s for stimulus timing conversion
++ -stim_times using TR=2 s for any -iresp output datasets
++  [you can alter the -iresp TR via the -TR_times option]
++ ** -stim_times NOTE ** guessing GLOBAL times if 1 time per line; LOCAL otherwise
++ ** GUESSED ** -stim_times_AM2 1 using LOCAL times
++ '-stim_times_AM2 1' average amplitude#1=0.583333
++ ** GUESSED ** -stim_times_AM2 2 using LOCAL times
++ '-stim_times_AM2 2' average amplitude#1=0.465517
++ ** GUESSED ** -stim_times_AM1 3 using LOCAL times
------------------------------------------------------------
GLT matrix from 'SYM: HealthyPmod[0]':
   0   0   0   0   0   0   1   0   0   0   0   0   0   0   0 
 
------------------------------------------------------------
GLT matrix from 'SYM: HealthyPmod[1]':
   0   0   0   0   0   0   0   1   0   0   0   0   0   0   0 
 
------------------------------------------------------------
GLT matrix from 'SYM: UnhealthyPmod[0]':
   0   0   0   0   0   0   0   0   1   0   0   0   0   0   0 
 
------------------------------------------------------------
GLT matrix from 'SYM: UnhealthyPmod[1]':
   0   0   0   0   0   0   0   0   0   1   0   0   0   0   0 
 
------------------------------------------------------------
GLT matrix from 'SYM: HealthyPmod[0] -UnhealthyPmod[0]':
   0   0   0   0   0   0   1   0  -1   0   0   0   0   0   0 
 
------------------------------------------------------------
GLT matrix from 'SYM: HealthyPmod[1] -UnhealthyPmod[1]':
   0   0   0   0   0   0   0   1   0  -1   0   0   0   0   0 
 
++ Number of time points: 357 (no censoring)
 + Number of parameters:  15 [10 baseline ; 5 signal]
++ total shared memory needed = 3,228,792,440 bytes (about 3.2 billion [giga])
++ current memory malloc-ated = 1,546,563,255 bytes (about 1.5 billion [giga])
++ mmap() memory allocated: 3,228,792,440 bytes (about 3.2 billion [giga])
++ Memory required for output bricks = 3,228,792,440 bytes (about 3.2 billion [giga])
++ Wrote matrix values to file CHIVES1088_2CondPmod_xmat.1D
++ ========= Things you can do with the matrix file =========
++ (a) Linear regression with ARMA(1,1) modeling of serial correlation:

3dREMLfit -matrix CHIVES1088_2CondPmod_xmat.1D -input /projects/sanlab/shared/CHIVES/bids_data/derivatives/fmriprep/sub-CHIVES1088/ses-wave1/func/s6_sub-CHIVES1088_ses-wave1_task-money_bold_space-MNI152NLin2009cAsym_preproc.nii \
 -mask /projects/sanlab/shared/CHIVES/bids_data/derivatives/fmriprep/sub-CHIVES1088/ses-wave1/func/sub-CHIVES1088_ses-wave1_task-money_bold_space-MNI152NLin2009cAsym_brainmask.nii.gz \
 -fout -tout -Rbuck CHIVES1088_2CondPmod_stats_REML -Rvar CHIVES1088_2CondPmod_stats_REMLvar \
 -Rfitts CHIVES1088_2CondPmod_REML -Rerrts CHIVES1088_2CondPmod_REML -verb
 
++ N.B.: 3dREMLfit command above written to file CHIVES1088_2CondPmod_stats.REML_cmd
++ (b) Visualization/analysis of the matrix via ExamineXmat.R
++ (c) Synthesis of sub-model datasets using 3dSynthesize
++ ==========================================================
++ Wrote matrix values to file CHIVES1088_2CondPmod_uncensor_xmat.1D
++ ----- Signal+Baseline matrix condition [X] (357x15):  2.83091  ++ VERY GOOD ++
++ ----- Signal-only matrix condition [X] (357x5):  1.59296  ++ VERY GOOD ++
++ ----- Baseline-only matrix condition [X] (357x10):  2.78219  ++ VERY GOOD ++
++ ----- stim_base-only matrix condition [X] (357x4):  2.05662  ++ VERY GOOD ++
++ ----- polort-only matrix condition [X] (357x6):  1.01526  ++ VERY GOOD ++
++ +++++ Matrix inverse average error = 1.10674e-15  ++ VERY GOOD ++
++ Matrix setup time = 0.02 s
++ Voxels in dataset: 1082035
++ Voxels in mask:    269393
++ Voxels per job:    13469
++ Job #1: processing voxels 184850 to 248353; elapsed time=4.252
++ Job #2: processing voxels 248354 to 293751; elapsed time=4.272
++ Job #3: processing voxels 293752 to 328672; elapsed time=4.293
++ Job #4: processing voxels 328673 to 360601; elapsed time=4.314
++ Job #5: processing voxels 360602 to 387281; elapsed time=4.335
++ Job #6: processing voxels 387282 to 416872; elapsed time=4.356
++ Job #7: processing voxels 416873 to 442583; elapsed time=4.378
++ Job #8: processing voxels 442584 to 471654; elapsed time=4.399
++ Job #9: processing voxels 471655 to 497282; elapsed time=4.421
++ Job #10: processing voxels 497283 to 526660; elapsed time=4.443
++ Job #11: processing voxels 526661 to 552940; elapsed time=4.466
++ Job #12: processing voxels 552941 to 583388; elapsed time=4.488
++ Job #13: processing voxels 583389 to 610400; elapsed time=4.511
++ Job #14: processing voxels 610401 to 642179; elapsed time=4.549
++ Job #15: processing voxels 642180 to 675294; elapsed time=4.574
++ Job #16: processing voxels 675295 to 710206; elapsed time=4.599
++ Job #17: processing voxels 710207 to 752953; elapsed time=4.624
++ Job #18: processing voxels 752954 to 807561; elapsed time=4.650
++ Job #0: processing voxels 0 to 184849; elapsed time=4.673
++ voxel loop:0123456++ Job #19: processing voxels 807562 to 1082034; elapsed time=4.674
789.0123456789.0123456789.0123456++ Job #1 finished; elapsed time=5.449
++ Job #3 finished; elapsed time=5.468
++ Job #2 finished; elapsed time=5.471
++ Job #5 finished; elapsed time=5.498
++ Job #7 finished; elapsed time=5.537
78++ Job #10 finished; elapsed time=5.553
9.++ Job #9 finished; elapsed time=5.571
++ Job #11 finished; elapsed time=5.613
++ Job #13 finished; elapsed time=5.660
012++ Job #14 finished; elapsed time=5.723
++ Job #18 finished; elapsed time=5.770
++ Job #17 finished; elapsed time=5.806
34++ Job #4 finished; elapsed time=5.824
++ Job #8 finished; elapsed time=5.828
5++ Job #6 finished; elapsed time=5.847
67++ Job #12 finished; elapsed time=5.996
8++ Job #15 finished; elapsed time=6.040
++ Job #16 finished; elapsed time=6.091
++ Job #19 finished; elapsed time=6.104
9.
++ Job #0 waiting for children to finish; elapsed time=6.134
++ Job #0 now finishing up; elapsed time=6.134
++ Smallest FDR q [0 Full_Fstat] = 7.50064e-15
++ Smallest FDR q [2 HealthyPmod#0_Tstat] = 2.87198e-14
++ Smallest FDR q [4 HealthyPmod#1_Tstat] = 3.57898e-05
++ Smallest FDR q [5 HealthyPmod_Fstat] = 2.70551e-14
++ Smallest FDR q [7 UnhealthyPmod#0_Tstat] = 3.29428e-14
++ Smallest FDR q [9 UnhealthyPmod#1_Tstat] = 9.67601e-06
++ Smallest FDR q [10 UnhealthyPmod_Fstat] = 3.18301e-14
++ Smallest FDR q [12 BidsNMiss#0_Tstat] = 4.27469e-14
++ Smallest FDR q [13 BidsNMiss_Fstat] = 4.27474e-14
++ Smallest FDR q [15 HealthyGtRest_GLT#0_Tstat] = 2.87198e-14
++ Smallest FDR q [16 HealthyGtRest_GLT_Fstat] = 2.87192e-14
++ Smallest FDR q [18 HealthyPmod_GLT#0_Tstat] = 3.57898e-05
++ Smallest FDR q [19 HealthyPmod_GLT_Fstat] = 3.57876e-05
++ Smallest FDR q [21 UnhealthyGtRest_GLT#0_Tstat] = 3.29428e-14
++ Smallest FDR q [22 UnhealthyGtRest_GLT_Fstat] = 3.29444e-14
++ Smallest FDR q [24 UnhealthyPmod_GLT#0_Tstat] = 9.67601e-06
++ Smallest FDR q [25 UnhealthyPmod_GLT_Fstat] = 9.67578e-06
++ Smallest FDR q [27 HealthyGtUnhealthy_GLT#0_Tstat] = 0.0420657
++ Smallest FDR q [28 HealthyGtUnhealthy_GLT_Fstat] = 0.0420661
[7m*+ WARNING:[0m Smallest FDR q [30 HealthyGtUnhealthyPmod_GLT#0_Tstat] = 0.317435 ==> few true single voxel detections
[7m*+ WARNING:[0m Smallest FDR q [31 HealthyGtUnhealthyPmod_GLT_Fstat] = 0.316618 ==> few true single voxel detections
++ Wrote bucket dataset into ./CHIVES1088_2CondPmod_stats+tlrc.BRIK
 + created 21 FDR curves in bucket header
++ Wrote 3D+time dataset into ./CHIVES1088_2CondPmod+tlrc.BRIK
++ Wrote 3D+time dataset into ./CHIVES1088_2CondPmod+tlrc.BRIK
++ Program finished; elapsed time=36.104
++ 3dREMLfit: AFNI version=AFNI_18.2.04 (Jul  6 2018) [64-bit]
++ Authored by: RWCox
** AFNI converts NIFTI_datatype=4 (INT16) in file /projects/sanlab/shared/CHIVES/bids_data/derivatives/fmriprep/sub-CHIVES1088/ses-wave1/func/s6_sub-CHIVES1088_ses-wave1_task-money_bold_space-MNI152NLin2009cAsym_preproc.nii to FLOAT32
     Warnings of this type will be muted for this session.
     Set AFNI_NIFTI_TYPE_WARN to YES to see them all, NO to see none.
++ Number of voxels in mask = 269393
++ Number of OpenMP threads = 15
++ -----  matrix condition (357x15):  2.83091  ++ VERY GOOD ++
++ Loading input dataset into memory
++ Converting input dataset to vector image
 +  dataset = 1.5 billion [giga] bytes
 +  vectim  = 386 million [mega] bytes
++ starting REML setup calculations; total CPU=0.00 Elapsed=4.19
 + X matrix: 90.233% of elements are nonzero
 + starting 15 OpenMP threads for REML setup
 + REML setup finished: matrix rows=357 cols=15; 109*1 cases; total CPU=0.00 Elapsed=4.20
 +  average case bandwidth = 13.00
++ REML voxel loop: [15 threads]0123456789.012
 + ARMA voxel parameters estimated: total CPU=0.00 Elapsed=21.72
++ GLSQ loop:0123456789.0123456789.0123456789.0123456789.0123456789.
 + GLSQ regression done: total CPU=0.00 Elapsed=58.22
++ Output dataset ./CHIVES1088_2CondPmod_stats_REMLvar+tlrc.BRIK
++ Output dataset ./CHIVES1088_2CondPmod_REML+tlrc.BRIK
[7m** ERROR:[0m output dataset name 'CHIVES1088_2CondPmod_REML' conflicts with existing file
[7m** ERROR:[0m dataset NOT written to disk!
++ creating FDR curves in dataset CHIVES1088_2CondPmod_stats_REML+tlrc
++ Smallest FDR q [0 Full_Fstat] = 9.68488e-15
++ Smallest FDR q [2 HealthyPmod#0_Tstat] = 5.59816e-14
++ Smallest FDR q [4 HealthyPmod#1_Tstat] = 0.0030446
++ Smallest FDR q [5 HealthyPmod_Fstat] = 6.68237e-14
++ Smallest FDR q [7 UnhealthyPmod#0_Tstat] = 4.41303e-14
[7m*+ WARNING:[0m Smallest FDR q [9 UnhealthyPmod#1_Tstat] = 0.107844 ==> few true single voxel detections
++ Smallest FDR q [10 UnhealthyPmod_Fstat] = 5.02976e-14
++ Smallest FDR q [12 BidsNMiss#0_Tstat] = 3.97065e-14
++ Smallest FDR q [13 BidsNMiss_Fstat] = 3.97063e-14
++ Smallest FDR q [15 HealthyGtRest#0_Tstat] = 5.59816e-14
++ Smallest FDR q [16 HealthyGtRest_Fstat] = 5.59816e-14
++ Smallest FDR q [18 HealthyPmod#0_Tstat] = 0.0030446
++ Smallest FDR q [19 HealthyPmod_Fstat] = 0.00304459
++ Smallest FDR q [21 UnhealthyGtRest#0_Tstat] = 4.41303e-14
++ Smallest FDR q [22 UnhealthyGtRest_Fstat] = 4.41303e-14
[7m*+ WARNING:[0m Smallest FDR q [24 UnhealthyPmod#0_Tstat] = 0.107844 ==> few true single voxel detections
[7m*+ WARNING:[0m Smallest FDR q [25 UnhealthyPmod_Fstat] = 0.107844 ==> few true single voxel detections
[7m*+ WARNING:[0m Smallest FDR q [27 HealthyGtUnhealthy#0_Tstat] = 0.999882 ==> few true single voxel detections
[7m*+ WARNING:[0m Smallest FDR q [28 HealthyGtUnhealthy_Fstat] = 0.999882 ==> few true single voxel detections
[7m*+ WARNING:[0m Smallest FDR q [30 HealthyGtUnhealthyPmod#0_Tstat] = 0.999876 ==> few true single voxel detections
[7m*+ WARNING:[0m Smallest FDR q [31 HealthyGtUnhealthyPmod_Fstat] = 0.999876 ==> few true single voxel detections
 + Added 21 FDR curves to dataset CHIVES1088_2CondPmod_stats_REML+tlrc
++ Output dataset ./CHIVES1088_2CondPmod_stats_REML+tlrc.BRIK
 + unloading input dataset and REML matrices
++ 3dREMLfit is all done! total CPU=0.00 Elapsed=86.72
** AFNI converts NIFTI_datatype=4 (INT16) in file /projects/sanlab/shared/CHIVES/bids_data/derivatives/fmriprep/sub-CHIVES1088/ses-wave1/func/s6_sub-CHIVES1088_ses-wave1_task-money_bold_space-MNI152NLin2009cAsym_preproc.nii to FLOAT32
     Warnings of this type will be muted for this session.
     Set AFNI_NIFTI_TYPE_WARN to YES to see them all, NO to see none.
++ '-stim_times_AM1 3 /projects/sanlab/shared/CHIVES/CHIVES_WTP_scripts/behavioral/money/afni_timing_files/CHIVES1088/BidOnsDur.1D' has 1 auxiliary values per time point
++ '-stim_times_AM1 3': basis function model 'dmBLOCK(1)' uses 1 parameters,
    out of the 1 found in timing file '/projects/sanlab/shared/CHIVES/CHIVES_WTP_scripts/behavioral/money/afni_timing_files/CHIVES1088/BidOnsDur.1D'
++ 3dDeconvolve extending num_stimts from 3 to 7 due to -ortvec
++ 3dDeconvolve: AFNI version=AFNI_18.2.04 (Jul  6 2018) [64-bit]
++ Authored by: B. Douglas Ward, et al.
++ current memory malloc-ated = 265,653 bytes (about 266 thousand [kilo])
++ loading dataset /projects/sanlab/shared/CHIVES/bids_data/derivatives/fmriprep/sub-CHIVES1088/ses-wave1/func/s6_sub-CHIVES1088_ses-wave1_task-money_bold_space-MNI152NLin2009cAsym_preproc.nii
++ current memory malloc-ated = 1,545,414,513 bytes (about 1.5 billion [giga])
++ forcibly using TR=2.0000 seconds for -input dataset
++ Skipping check for initial transients
++ Imaging duration=714.0 s; Automatic polort=5
++ -stim_times using TR=2 s for stimulus timing conversion
++ -stim_times using TR=2 s for any -iresp output datasets
++  [you can alter the -iresp TR via the -TR_times option]
++ ** -stim_times NOTE ** guessing GLOBAL times if 1 time per line; LOCAL otherwise
++ ** GUESSED ** -stim_times 1 using LOCAL times
++ ** GUESSED ** -stim_times 2 using LOCAL times
++ ** GUESSED ** -stim_times_AM1 3 using LOCAL times
------------------------------------------------------------
GLT matrix from 'SYM: Healthy':
   0   0   0   0   0   0   1   0   0   0   0   0   0 
 
------------------------------------------------------------
GLT matrix from 'SYM: Unhealthy':
   0   0   0   0   0   0   0   1   0   0   0   0   0 
 
------------------------------------------------------------
GLT matrix from 'SYM: Healthy -Unhealthy':
   0   0   0   0   0   0   1  -1   0   0   0   0   0 
 
++ Number of time points: 357 (no censoring)
 + Number of parameters:  13 [10 baseline ; 3 signal]
++ total shared memory needed = 3,172,526,620 bytes (about 3.2 billion [giga])
++ current memory malloc-ated = 1,546,542,485 bytes (about 1.5 billion [giga])
++ mmap() memory allocated: 3,172,526,620 bytes (about 3.2 billion [giga])
++ Memory required for output bricks = 3,172,526,620 bytes (about 3.2 billion [giga])
++ Wrote matrix values to file CHIVES1088_2Cond_xmat.1D
++ ========= Things you can do with the matrix file =========
++ (a) Linear regression with ARMA(1,1) modeling of serial correlation:

3dREMLfit -matrix CHIVES1088_2Cond_xmat.1D -input /projects/sanlab/shared/CHIVES/bids_data/derivatives/fmriprep/sub-CHIVES1088/ses-wave1/func/s6_sub-CHIVES1088_ses-wave1_task-money_bold_space-MNI152NLin2009cAsym_preproc.nii \
 -mask /projects/sanlab/shared/CHIVES/bids_data/derivatives/fmriprep/sub-CHIVES1088/ses-wave1/func/sub-CHIVES1088_ses-wave1_task-money_bold_space-MNI152NLin2009cAsym_brainmask.nii.gz \
 -fout -tout -Rbuck CHIVES1088_2Cond_stats_REML -Rvar CHIVES1088_2Cond_stats_REMLvar \
 -Rfitts CHIVES1088_2Cond_REML -Rerrts CHIVES1088_2Cond_REML -verb
 
++ N.B.: 3dREMLfit command above written to file CHIVES1088_2Cond_stats.REML_cmd
++ (b) Visualization/analysis of the matrix via ExamineXmat.R
++ (c) Synthesis of sub-model datasets using 3dSynthesize
++ ==========================================================
++ Wrote matrix values to file CHIVES1088_2Cond_uncensor_xmat.1D
++ ----- Signal+Baseline matrix condition [X] (357x13):  2.80115  ++ VERY GOOD ++
++ ----- Signal-only matrix condition [X] (357x3):  1.59239  ++ VERY GOOD ++
++ ----- Baseline-only matrix condition [X] (357x10):  2.78219  ++ VERY GOOD ++
++ ----- stim_base-only matrix condition [X] (357x4):  2.05662  ++ VERY GOOD ++
++ ----- polort-only matrix condition [X] (357x6):  1.01526  ++ VERY GOOD ++
++ +++++ Matrix inverse average error = 1.07099e-15  ++ VERY GOOD ++
++ Matrix setup time = 0.02 s
++ Voxels in dataset: 1082035
++ Voxels in mask:    269393
++ Voxels per job:    13469
++ Job #1: processing voxels 184850 to 248353; elapsed time=4.224
++ Job #2: processing voxels 248354 to 293751; elapsed time=4.244
++ Job #3: processing voxels 293752 to 328672; elapsed time=4.265
++ Job #4: processing voxels 328673 to 360601; elapsed time=4.285
++ Job #5: processing voxels 360602 to 387281; elapsed time=4.307
++ Job #6: processing voxels 387282 to 416872; elapsed time=4.328
++ Job #7: processing voxels 416873 to 442583; elapsed time=4.349
++ Job #8: processing voxels 442584 to 471654; elapsed time=4.371
++ Job #9: processing voxels 471655 to 497282; elapsed time=4.393
++ Job #10: processing voxels 497283 to 526660; elapsed time=4.415
++ Job #11: processing voxels 526661 to 552940; elapsed time=4.438
++ Job #12: processing voxels 552941 to 583388; elapsed time=4.460
++ Job #13: processing voxels 583389 to 610400; elapsed time=4.483
++ Job #14: processing voxels 610401 to 642179; elapsed time=4.528
++ Job #15: processing voxels 642180 to 675294; elapsed time=4.540
++ Job #16: processing voxels 675295 to 710206; elapsed time=4.580
++ Job #17: processing voxels 710207 to 752953; elapsed time=4.593
++ Job #18: processing voxels 752954 to 807561; elapsed time=4.632
++ Job #19: processing voxels 807562 to 1082034; elapsed time=4.645
++ Job #0: processing voxels 0 to 184849; elapsed time=4.655
++ voxel loop:0123456789.0123456789.0123456789.0123456789.++ Job #4 finished; elapsed time=5.179
++ Job #1 finished; elapsed time=5.205
++ Job #6 finished; elapsed time=5.224
++ Job #3 finished; elapsed time=5.225
0++ Job #5 finished; elapsed time=5.253
1++ Job #8 finished; elapsed time=5.267
2++ Job #7 finished; elapsed time=5.291
++ Job #9 finished; elapsed time=5.328
34++ Job #11 finished; elapsed time=5.370
5++ Job #13 finished; elapsed time=5.416
67++ Job #15 finished; elapsed time=5.488
8++ Job #2 finished; elapsed time=5.519
++ Job #17 finished; elapsed time=5.552
9.
++ Job #0 waiting for children to finish; elapsed time=5.603
++ Job #10 finished; elapsed time=5.648
++ Job #19 finished; elapsed time=5.658
++ Job #12 finished; elapsed time=5.704
++ Job #14 finished; elapsed time=5.756
++ Job #16 finished; elapsed time=5.812
++ Job #18 finished; elapsed time=5.891
++ Job #0 now finishing up; elapsed time=5.907
++ Smallest FDR q [0 Full_Fstat] = 8.5354e-15
++ Smallest FDR q [2 Healthy#0_Tstat] = 2.95983e-14
++ Smallest FDR q [3 Healthy_Fstat] = 2.95975e-14
++ Smallest FDR q [5 Unhealthy#0_Tstat] = 3.37747e-14
++ Smallest FDR q [6 Unhealthy_Fstat] = 3.37751e-14
++ Smallest FDR q [8 BidsNMiss#0_Tstat] = 4.33177e-14
++ Smallest FDR q [9 BidsNMiss_Fstat] = 4.33159e-14
++ Smallest FDR q [11 HealthyGtRest_GLT#0_Tstat] = 2.95983e-14
++ Smallest FDR q [12 HealthyGtRest_GLT_Fstat] = 2.95983e-14
++ Smallest FDR q [14 UnhealthyGtRest_GLT#0_Tstat] = 3.37747e-14
++ Smallest FDR q [15 UnhealthyGtRest_GLT_Fstat] = 3.37751e-14
++ Smallest FDR q [17 HealthyGtUnhealthy_GLT#0_Tstat] = 0.0405502
++ Smallest FDR q [18 HealthyGtUnhealthy_GLT_Fstat] = 0.0405481
++ Wrote bucket dataset into ./CHIVES1088_2Cond_stats+tlrc.BRIK
 + created 13 FDR curves in bucket header
++ Wrote 3D+time dataset into ./CHIVES1088_2Cond+tlrc.BRIK
++ Wrote 3D+time dataset into ./CHIVES1088_2Cond+tlrc.BRIK
++ Program finished; elapsed time=23.989
++ 3dREMLfit: AFNI version=AFNI_18.2.04 (Jul  6 2018) [64-bit]
++ Authored by: RWCox
** AFNI converts NIFTI_datatype=4 (INT16) in file /projects/sanlab/shared/CHIVES/bids_data/derivatives/fmriprep/sub-CHIVES1088/ses-wave1/func/s6_sub-CHIVES1088_ses-wave1_task-money_bold_space-MNI152NLin2009cAsym_preproc.nii to FLOAT32
     Warnings of this type will be muted for this session.
     Set AFNI_NIFTI_TYPE_WARN to YES to see them all, NO to see none.
++ Number of voxels in mask = 269393
++ Number of OpenMP threads = 15
++ -----  matrix condition (357x13):  2.80115  ++ VERY GOOD ++
++ Loading input dataset into memory
++ Converting input dataset to vector image
 +  dataset = 1.5 billion [giga] bytes
 +  vectim  = 386 million [mega] bytes
++ starting REML setup calculations; total CPU=0.00 Elapsed=5.17
 + X matrix: 94.312% of elements are nonzero
 + starting 15 OpenMP threads for REML setup
 + REML setup finished: matrix rows=357 cols=13; 109*1 cases; total CPU=0.00 Elapsed=5.18
 +  average case bandwidth = 13.00
++ REML voxel loop: [15 threads]0123456789.012
 + ARMA voxel parameters estimated: total CPU=0.00 Elapsed=22.06
++ GLSQ loop:0123456789.0123456789.0123456789.0123456789.0123456789.
 + GLSQ regression done: total CPU=0.00 Elapsed=50.64
++ Output dataset ./CHIVES1088_2Cond_stats_REMLvar+tlrc.BRIK
++ Output dataset ./CHIVES1088_2Cond_REML+tlrc.BRIK
[7m** ERROR:[0m output dataset name 'CHIVES1088_2Cond_REML' conflicts with existing file
[7m** ERROR:[0m dataset NOT written to disk!
++ creating FDR curves in dataset CHIVES1088_2Cond_stats_REML+tlrc
++ Smallest FDR q [0 Full_Fstat] = 9.04983e-15
++ Smallest FDR q [2 Healthy#0_Tstat] = 5.66312e-14
++ Smallest FDR q [3 Healthy_Fstat] = 5.66312e-14
++ Smallest FDR q [5 Unhealthy#0_Tstat] = 4.47475e-14
++ Smallest FDR q [6 Unhealthy_Fstat] = 4.47475e-14
++ Smallest FDR q [8 BidsNMiss#0_Tstat] = 3.97209e-14
++ Smallest FDR q [9 BidsNMiss_Fstat] = 3.97209e-14
++ Smallest FDR q [11 HealthyGtRest#0_Tstat] = 5.66312e-14
++ Smallest FDR q [12 HealthyGtRest_Fstat] = 5.66312e-14
++ Smallest FDR q [14 UnhealthyGtRest#0_Tstat] = 4.47475e-14
++ Smallest FDR q [15 UnhealthyGtRest_Fstat] = 4.47475e-14
[7m*+ WARNING:[0m Smallest FDR q [17 HealthyGtUnhealthy#0_Tstat] = 0.999877 ==> few true single voxel detections
[7m*+ WARNING:[0m Smallest FDR q [18 HealthyGtUnhealthy_Fstat] = 0.999877 ==> few true single voxel detections
 + Added 13 FDR curves to dataset CHIVES1088_2Cond_stats_REML+tlrc
++ Output dataset ./CHIVES1088_2Cond_stats_REML+tlrc.BRIK
 + unloading input dataset and REML matrices
++ 3dREMLfit is all done! total CPU=0.00 Elapsed=68.42
