** AFNI converts NIFTI_datatype=4 (INT16) in file /projects/sanlab/shared/CHIVES/bids_data/derivatives/fmriprep/sub-CHIVES1092/ses-wave1/func/s6_sub-CHIVES1092_ses-wave1_task-money_bold_space-MNI152NLin2009cAsym_preproc.nii to FLOAT32
     Warnings of this type will be muted for this session.
     Set AFNI_NIFTI_TYPE_WARN to YES to see them all, NO to see none.
++ '-stim_times_AM2 1 /projects/sanlab/shared/CHIVES/CHIVES_WTP_scripts/behavioral/money/afni_timing_files/CHIVES1092/AllCondsPmod.1D' has 1 auxiliary values per time point
++ '-stim_times_AM2 1 /projects/sanlab/shared/CHIVES/CHIVES_WTP_scripts/behavioral/money/afni_timing_files/CHIVES1092/AllCondsPmod.1D' will have 2 regressors
++ '-stim_times_AM1 2 /projects/sanlab/shared/CHIVES/CHIVES_WTP_scripts/behavioral/money/afni_timing_files/CHIVES1092/BidOnsDur.1D' has 1 auxiliary values per time point
++ '-stim_times_AM1 2': basis function model 'dmBLOCK(1)' uses 1 parameters,
    out of the 1 found in timing file '/projects/sanlab/shared/CHIVES/CHIVES_WTP_scripts/behavioral/money/afni_timing_files/CHIVES1092/BidOnsDur.1D'
++ 3dDeconvolve extending num_stimts from 2 to 6 due to -ortvec
++ 3dDeconvolve: AFNI version=AFNI_18.2.04 (Jul  6 2018) [64-bit]
++ Authored by: B. Douglas Ward, et al.
++ current memory malloc-ated = 254,635 bytes (about 255 thousand [kilo])
++ loading dataset /projects/sanlab/shared/CHIVES/bids_data/derivatives/fmriprep/sub-CHIVES1092/ses-wave1/func/s6_sub-CHIVES1092_ses-wave1_task-money_bold_space-MNI152NLin2009cAsym_preproc.nii
++ current memory malloc-ated = 1,545,403,495 bytes (about 1.5 billion [giga])
++ forcibly using TR=2.0000 seconds for -input dataset
++ Skipping check for initial transients
++ Imaging duration=714.0 s; Automatic polort=5
++ -stim_times using TR=2 s for stimulus timing conversion
++ -stim_times using TR=2 s for any -iresp output datasets
++  [you can alter the -iresp TR via the -TR_times option]
++ ** -stim_times NOTE ** guessing GLOBAL times if 1 time per line; LOCAL otherwise
++ ** GUESSED ** -stim_times_AM2 1 using LOCAL times
++ '-stim_times_AM2 1' average amplitude#1=0.808333
++ ** GUESSED ** -stim_times_AM1 2 using LOCAL times
------------------------------------------------------------
GLT matrix from 'SYM: AllConds[0]':
   0   0   0   0   0   0   1   0   0   0   0   0   0 
 
------------------------------------------------------------
GLT matrix from 'SYM: AllConds[1]':
   0   0   0   0   0   0   0   1   0   0   0   0   0 
 
++ Number of time points: 357 (no censoring)
 + Number of parameters:  13 [10 baseline ; 3 signal]
++ total shared memory needed = 3,155,214,060 bytes (about 3.2 billion [giga])
++ current memory malloc-ated = 1,546,531,429 bytes (about 1.5 billion [giga])
++ mmap() memory allocated: 3,155,214,060 bytes (about 3.2 billion [giga])
++ Memory required for output bricks = 3,155,214,060 bytes (about 3.2 billion [giga])
++ Wrote matrix values to file CHIVES1092_AllCondPmod_xmat.1D
++ ========= Things you can do with the matrix file =========
++ (a) Linear regression with ARMA(1,1) modeling of serial correlation:

3dREMLfit -matrix CHIVES1092_AllCondPmod_xmat.1D -input /projects/sanlab/shared/CHIVES/bids_data/derivatives/fmriprep/sub-CHIVES1092/ses-wave1/func/s6_sub-CHIVES1092_ses-wave1_task-money_bold_space-MNI152NLin2009cAsym_preproc.nii \
 -mask /projects/sanlab/shared/CHIVES/bids_data/derivatives/fmriprep/sub-CHIVES1092/ses-wave1/func/sub-CHIVES1092_ses-wave1_task-money_bold_space-MNI152NLin2009cAsym_brainmask.nii.gz \
 -fout -tout -Rbuck CHIVES1092_AllCondPmod_stats_REML -Rvar CHIVES1092_AllCondPmod_stats_REMLvar \
 -Rfitts CHIVES1092_AllCondPmod_REML -Rerrts CHIVES1092_AllCondPmod_REML -verb
 
++ N.B.: 3dREMLfit command above written to file CHIVES1092_AllCondPmod_stats.REML_cmd
++ (b) Visualization/analysis of the matrix via ExamineXmat.R
++ (c) Synthesis of sub-model datasets using 3dSynthesize
++ ==========================================================
++ Wrote matrix values to file CHIVES1092_AllCondPmod_uncensor_xmat.1D
++ ----- Signal+Baseline matrix condition [X] (357x13):  4.35134  ++ VERY GOOD ++
++ ----- Signal-only matrix condition [X] (357x3):  1.59334  ++ VERY GOOD ++
++ ----- Baseline-only matrix condition [X] (357x10):  4.2626  ++ VERY GOOD ++
++ ----- stim_base-only matrix condition [X] (357x4):  2.66606  ++ VERY GOOD ++
++ ----- polort-only matrix condition [X] (357x6):  1.01526  ++ VERY GOOD ++
++ +++++ Matrix inverse average error = 2.14534e-15  ++ VERY GOOD ++
++ Matrix setup time = 0.02 s
++ Voxels in dataset: 1082035
++ Voxels in mask:    268110
++ Voxels per job:    13405
++ Job #1: processing voxels 181519 to 238787; elapsed time=4.469
++ Job #2: processing voxels 238788 to 284771; elapsed time=4.488
++ Job #3: processing voxels 284772 to 320442; elapsed time=4.507
++ Job #4: processing voxels 320443 to 352421; elapsed time=4.526
++ Job #5: processing voxels 352422 to 383011; elapsed time=4.547
++ Job #6: processing voxels 383012 to 409088; elapsed time=4.568
++ Job #7: processing voxels 409089 to 438458; elapsed time=4.590
++ Job #8: processing voxels 438459 to 464013; elapsed time=4.612
++ Job #9: processing voxels 464014 to 493188; elapsed time=4.634
++ Job #10: processing voxels 493189 to 519164; elapsed time=4.656
++ Job #11: processing voxels 519165 to 548947; elapsed time=4.679
++ Job #12: processing voxels 548948 to 575576; elapsed time=4.702
++ Job #13: processing voxels 575577 to 606863; elapsed time=4.739
++ Job #14: processing voxels 606864 to 638996; elapsed time=4.787
++ Job #15: processing voxels 638997 to 672446; elapsed time=4.819
++ Job #16: processing voxels 672447 to 707589; elapsed time=4.846
++ Job #17: processing voxels 707590 to 750634; elapsed time=4.860
++ Job #18: processing voxels 750635 to 798627; elapsed time=4.892
++ Job #0: processing voxels 0 to 181518; elapsed time=4.925
++ voxel loop:0++ Job #19: processing voxels 798628 to 1082034; elapsed time=4.929
123456789.0123456789.0123456789.0123++ Job #2 finished; elapsed time=5.283
4++ Job #4 finished; elapsed time=5.318
++ Job #1 finished; elapsed time=5.329
56++ Job #3 finished; elapsed time=5.351
++ Job #6 finished; elapsed time=5.351
++ Job #5 finished; elapsed time=5.387
789.++ Job #7 finished; elapsed time=5.425
++ Job #9 finished; elapsed time=5.465
0++ Job #8 finished; elapsed time=5.474
++ Job #11 finished; elapsed time=5.508
12++ Job #10 finished; elapsed time=5.519
++ Job #12 finished; elapsed time=5.522
3++ Job #13 finished; elapsed time=5.574
++ Job #14 finished; elapsed time=5.618
456++ Job #16 finished; elapsed time=5.667
++ Job #17 finished; elapsed time=5.696
78++ Job #18 finished; elapsed time=5.751
9.
++ Job #0 waiting for children to finish; elapsed time=5.761
++ Job #15 finished; elapsed time=5.817
++ Job #19 finished; elapsed time=5.954
++ Job #0 now finishing up; elapsed time=5.972
++ Smallest FDR q [0 Full_Fstat] = 5.46348e-15
++ Smallest FDR q [2 AllConds#0_Tstat] = 3.74864e-14
++ Smallest FDR q [4 AllConds#1_Tstat] = 0.00318927
++ Smallest FDR q [5 AllConds_Fstat] = 4.20208e-14
++ Smallest FDR q [7 BidsNMiss#0_Tstat] = 1.24458e-14
++ Smallest FDR q [8 BidsNMiss_Fstat] = 1.24443e-14
++ Smallest FDR q [10 CondGtRest_GLT#0_Tstat] = 3.74864e-14
++ Smallest FDR q [11 CondGtRest_GLT_Fstat] = 3.7486e-14
++ Smallest FDR q [13 Pmod_GLT#0_Tstat] = 0.00318927
++ Smallest FDR q [14 Pmod_GLT_Fstat] = 0.00318939
++ Wrote bucket dataset into ./CHIVES1092_AllCondPmod_stats+tlrc.BRIK
 + created 10 FDR curves in bucket header
++ Wrote 3D+time dataset into ./CHIVES1092_AllCondPmod+tlrc.BRIK
++ Wrote 3D+time dataset into ./CHIVES1092_AllCondPmod+tlrc.BRIK
++ Program finished; elapsed time=21.486
++ 3dREMLfit: AFNI version=AFNI_18.2.04 (Jul  6 2018) [64-bit]
++ Authored by: RWCox
** AFNI converts NIFTI_datatype=4 (INT16) in file /projects/sanlab/shared/CHIVES/bids_data/derivatives/fmriprep/sub-CHIVES1092/ses-wave1/func/s6_sub-CHIVES1092_ses-wave1_task-money_bold_space-MNI152NLin2009cAsym_preproc.nii to FLOAT32
     Warnings of this type will be muted for this session.
     Set AFNI_NIFTI_TYPE_WARN to YES to see them all, NO to see none.
++ Number of voxels in mask = 268110
++ Number of OpenMP threads = 15
++ -----  matrix condition (357x13):  4.35134  ++ VERY GOOD ++
++ Loading input dataset into memory
++ Converting input dataset to vector image
 +  dataset = 1.5 billion [giga] bytes
 +  vectim  = 384 million [mega] bytes
++ starting REML setup calculations; total CPU=0.00 Elapsed=4.21
 + X matrix: 99.720% of elements are nonzero
 + starting 15 OpenMP threads for REML setup
 + REML setup finished: matrix rows=357 cols=13; 109*1 cases; total CPU=0.00 Elapsed=4.22
 +  average case bandwidth = 13.00
++ REML voxel loop: [15 threads]0123456789.012
 + ARMA voxel parameters estimated: total CPU=0.00 Elapsed=20.95
++ GLSQ loop:0123456789.0123456789.0123456789.0123456789.0123456789.
 + GLSQ regression done: total CPU=0.00 Elapsed=44.14
++ Output dataset ./CHIVES1092_AllCondPmod_stats_REMLvar+tlrc.BRIK
++ Output dataset ./CHIVES1092_AllCondPmod_REML+tlrc.BRIK
[7m** ERROR:[0m output dataset name 'CHIVES1092_AllCondPmod_REML' conflicts with existing file
[7m** ERROR:[0m dataset NOT written to disk!
++ creating FDR curves in dataset CHIVES1092_AllCondPmod_stats_REML+tlrc
++ Smallest FDR q [0 Full_Fstat] = 8.10519e-15
++ Smallest FDR q [2 AllConds#0_Tstat] = 6.42522e-14
[7m*+ WARNING:[0m Smallest FDR q [4 AllConds#1_Tstat] = 0.989088 ==> few true single voxel detections
++ Smallest FDR q [5 AllConds_Fstat] = 8.84019e-14
++ Smallest FDR q [7 BidsNMiss#0_Tstat] = 1.85729e-14
++ Smallest FDR q [8 BidsNMiss_Fstat] = 1.85729e-14
++ Smallest FDR q [10 CondGtRest#0_Tstat] = 6.42522e-14
++ Smallest FDR q [11 CondGtRest_Fstat] = 6.42522e-14
[7m*+ WARNING:[0m Smallest FDR q [13 Pmod#0_Tstat] = 0.989088 ==> few true single voxel detections
[7m*+ WARNING:[0m Smallest FDR q [14 Pmod_Fstat] = 0.989088 ==> few true single voxel detections
 + Added 10 FDR curves to dataset CHIVES1092_AllCondPmod_stats_REML+tlrc
++ Output dataset ./CHIVES1092_AllCondPmod_stats_REML+tlrc.BRIK
 + unloading input dataset and REML matrices
++ 3dREMLfit is all done! total CPU=0.00 Elapsed=59.17
** AFNI converts NIFTI_datatype=4 (INT16) in file /projects/sanlab/shared/CHIVES/bids_data/derivatives/fmriprep/sub-CHIVES1092/ses-wave1/func/s6_sub-CHIVES1092_ses-wave1_task-money_bold_space-MNI152NLin2009cAsym_preproc.nii to FLOAT32
     Warnings of this type will be muted for this session.
     Set AFNI_NIFTI_TYPE_WARN to YES to see them all, NO to see none.
++ '-stim_times_AM2 1 /projects/sanlab/shared/CHIVES/CHIVES_WTP_scripts/behavioral/money/afni_timing_files/CHIVES1092/HealthyPmod.1D' has 1 auxiliary values per time point
++ '-stim_times_AM2 1 /projects/sanlab/shared/CHIVES/CHIVES_WTP_scripts/behavioral/money/afni_timing_files/CHIVES1092/HealthyPmod.1D' will have 2 regressors
++ '-stim_times_AM2 2 /projects/sanlab/shared/CHIVES/CHIVES_WTP_scripts/behavioral/money/afni_timing_files/CHIVES1092/UnhealthyPmod.1D' has 1 auxiliary values per time point
++ '-stim_times_AM2 2 /projects/sanlab/shared/CHIVES/CHIVES_WTP_scripts/behavioral/money/afni_timing_files/CHIVES1092/UnhealthyPmod.1D' will have 2 regressors
++ '-stim_times_AM1 3 /projects/sanlab/shared/CHIVES/CHIVES_WTP_scripts/behavioral/money/afni_timing_files/CHIVES1092/BidOnsDur.1D' has 1 auxiliary values per time point
++ '-stim_times_AM1 3': basis function model 'dmBLOCK(1)' uses 1 parameters,
    out of the 1 found in timing file '/projects/sanlab/shared/CHIVES/CHIVES_WTP_scripts/behavioral/money/afni_timing_files/CHIVES1092/BidOnsDur.1D'
++ 3dDeconvolve extending num_stimts from 3 to 7 due to -ortvec
++ 3dDeconvolve: AFNI version=AFNI_18.2.04 (Jul  6 2018) [64-bit]
++ Authored by: B. Douglas Ward, et al.
++ current memory malloc-ated = 281,901 bytes (about 282 thousand [kilo])
++ loading dataset /projects/sanlab/shared/CHIVES/bids_data/derivatives/fmriprep/sub-CHIVES1092/ses-wave1/func/s6_sub-CHIVES1092_ses-wave1_task-money_bold_space-MNI152NLin2009cAsym_preproc.nii
++ current memory malloc-ated = 1,545,430,761 bytes (about 1.5 billion [giga])
++ forcibly using TR=2.0000 seconds for -input dataset
++ Skipping check for initial transients
++ Imaging duration=714.0 s; Automatic polort=5
++ -stim_times using TR=2 s for stimulus timing conversion
++ -stim_times using TR=2 s for any -iresp output datasets
++  [you can alter the -iresp TR via the -TR_times option]
++ ** -stim_times NOTE ** guessing GLOBAL times if 1 time per line; LOCAL otherwise
++ ** GUESSED ** -stim_times_AM2 1 using LOCAL times
++ '-stim_times_AM2 1' average amplitude#1=0.516667
++ ** GUESSED ** -stim_times_AM2 2 using LOCAL times
++ '-stim_times_AM2 2' average amplitude#1=1.1
++ ** GUESSED ** -stim_times_AM1 3 using LOCAL times
------------------------------------------------------------
GLT matrix from 'SYM: HealthyPmod[0]':
   0   0   0   0   0   0   1   0   0   0   0   0   0   0   0 
 
------------------------------------------------------------
GLT matrix from 'SYM: HealthyPmod[1]':
   0   0   0   0   0   0   0   1   0   0   0   0   0   0   0 
 
------------------------------------------------------------
GLT matrix from 'SYM: UnhealthyPmod[0]':
   0   0   0   0   0   0   0   0   1   0   0   0   0   0   0 
 
------------------------------------------------------------
GLT matrix from 'SYM: UnhealthyPmod[1]':
   0   0   0   0   0   0   0   0   0   1   0   0   0   0   0 
 
------------------------------------------------------------
GLT matrix from 'SYM: HealthyPmod[0] -UnhealthyPmod[0]':
   0   0   0   0   0   0   1   0  -1   0   0   0   0   0   0 
 
------------------------------------------------------------
GLT matrix from 'SYM: HealthyPmod[1] -UnhealthyPmod[1]':
   0   0   0   0   0   0   0   1   0  -1   0   0   0   0   0 
 
++ Number of time points: 357 (no censoring)
 + Number of parameters:  15 [10 baseline ; 5 signal]
++ total shared memory needed = 3,228,792,440 bytes (about 3.2 billion [giga])
++ current memory malloc-ated = 1,546,563,263 bytes (about 1.5 billion [giga])
++ mmap() memory allocated: 3,228,792,440 bytes (about 3.2 billion [giga])
++ Memory required for output bricks = 3,228,792,440 bytes (about 3.2 billion [giga])
++ Wrote matrix values to file CHIVES1092_2CondPmod_xmat.1D
++ ========= Things you can do with the matrix file =========
++ (a) Linear regression with ARMA(1,1) modeling of serial correlation:

3dREMLfit -matrix CHIVES1092_2CondPmod_xmat.1D -input /projects/sanlab/shared/CHIVES/bids_data/derivatives/fmriprep/sub-CHIVES1092/ses-wave1/func/s6_sub-CHIVES1092_ses-wave1_task-money_bold_space-MNI152NLin2009cAsym_preproc.nii \
 -mask /projects/sanlab/shared/CHIVES/bids_data/derivatives/fmriprep/sub-CHIVES1092/ses-wave1/func/sub-CHIVES1092_ses-wave1_task-money_bold_space-MNI152NLin2009cAsym_brainmask.nii.gz \
 -fout -tout -Rbuck CHIVES1092_2CondPmod_stats_REML -Rvar CHIVES1092_2CondPmod_stats_REMLvar \
 -Rfitts CHIVES1092_2CondPmod_REML -Rerrts CHIVES1092_2CondPmod_REML -verb
 
++ N.B.: 3dREMLfit command above written to file CHIVES1092_2CondPmod_stats.REML_cmd
++ (b) Visualization/analysis of the matrix via ExamineXmat.R
++ (c) Synthesis of sub-model datasets using 3dSynthesize
++ ==========================================================
++ Wrote matrix values to file CHIVES1092_2CondPmod_uncensor_xmat.1D
++ ----- Signal+Baseline matrix condition [X] (357x15):  4.35718  ++ VERY GOOD ++
++ ----- Signal-only matrix condition [X] (357x5):  1.59346  ++ VERY GOOD ++
++ ----- Baseline-only matrix condition [X] (357x10):  4.2626  ++ VERY GOOD ++
++ ----- stim_base-only matrix condition [X] (357x4):  2.66606  ++ VERY GOOD ++
++ ----- polort-only matrix condition [X] (357x6):  1.01526  ++ VERY GOOD ++
++ +++++ Matrix inverse average error = 1.61691e-15  ++ VERY GOOD ++
++ Matrix setup time = 0.02 s
++ Voxels in dataset: 1082035
++ Voxels in mask:    268110
++ Voxels per job:    13405
++ Job #1: processing voxels 181519 to 238787; elapsed time=4.302
++ Job #2: processing voxels 238788 to 284771; elapsed time=4.321
++ Job #3: processing voxels 284772 to 320442; elapsed time=4.342
++ Job #4: processing voxels 320443 to 352421; elapsed time=4.362
++ Job #5: processing voxels 352422 to 383011; elapsed time=4.383
++ Job #6: processing voxels 383012 to 409088; elapsed time=4.404
++ Job #7: processing voxels 409089 to 438458; elapsed time=4.427
++ Job #8: processing voxels 438459 to 464013; elapsed time=4.449
++ Job #9: processing voxels 464014 to 493188; elapsed time=4.472
++ Job #10: processing voxels 493189 to 519164; elapsed time=4.494
++ Job #11: processing voxels 519165 to 548947; elapsed time=4.518
++ Job #12: processing voxels 548948 to 575576; elapsed time=4.541
++ Job #13: processing voxels 575577 to 606863; elapsed time=4.579
++ Job #14: processing voxels 606864 to 638996; elapsed time=4.602
++ Job #15: processing voxels 638997 to 672446; elapsed time=4.613
++ Job #16: processing voxels 672447 to 707589; elapsed time=4.650
++ Job #17: processing voxels 707590 to 750634; elapsed time=4.661
++ Job #18: processing voxels 750635 to 798627; elapsed time=4.699
++ Job #19: processing voxels 798628 to 1082034; elapsed time=4.710
++ Job #0: processing voxels 0 to 181518; elapsed time=4.720
++ voxel loop:0123456789.0123456789.0123456789.0123456789.0++ Job #2 finished; elapsed time=5.432
12++ Job #4 finished; elapsed time=5.465
++ Job #6 finished; elapsed time=5.504
3++ Job #5 finished; elapsed time=5.528
++ Job #8 finished; elapsed time=5.543
++ Job #7 finished; elapsed time=5.569
++ Job #10 finished; elapsed time=5.592
++ Job #9 finished; elapsed time=5.603
45++ Job #12 finished; elapsed time=5.640
6++ Job #11 finished; elapsed time=5.649
++ Job #15 finished; elapsed time=5.713
7++ Job #17 finished; elapsed time=5.770
89.
++ Job #0 waiting for children to finish; elapsed time=5.805
++ Job #19 finished; elapsed time=5.844
++ Job #3 finished; elapsed time=5.958
++ Job #1 finished; elapsed time=5.976
++ Job #13 finished; elapsed time=6.180
++ Job #14 finished; elapsed time=6.202
++ Job #16 finished; elapsed time=6.234
++ Job #18 finished; elapsed time=6.302
++ Job #0 now finishing up; elapsed time=6.319
++ Smallest FDR q [0 Full_Fstat] = 6.49526e-15
++ Smallest FDR q [2 HealthyPmod#0_Tstat] = 9.84267e-14
++ Smallest FDR q [4 HealthyPmod#1_Tstat] = 0.0450766
++ Smallest FDR q [5 HealthyPmod_Fstat] = 1.24161e-13
++ Smallest FDR q [7 UnhealthyPmod#0_Tstat] = 7.99344e-14
[7m*+ WARNING:[0m Smallest FDR q [9 UnhealthyPmod#1_Tstat] = 0.168564 ==> few true single voxel detections
++ Smallest FDR q [10 UnhealthyPmod_Fstat] = 9.18243e-14
++ Smallest FDR q [12 BidsNMiss#0_Tstat] = 1.247e-14
++ Smallest FDR q [13 BidsNMiss_Fstat] = 1.24688e-14
++ Smallest FDR q [15 HealthyGtRest_GLT#0_Tstat] = 9.84267e-14
++ Smallest FDR q [16 HealthyGtRest_GLT_Fstat] = 9.84217e-14
++ Smallest FDR q [18 HealthyPmod_GLT#0_Tstat] = 0.0450766
++ Smallest FDR q [19 HealthyPmod_GLT_Fstat] = 0.0450779
++ Smallest FDR q [21 UnhealthyGtRest_GLT#0_Tstat] = 7.99344e-14
++ Smallest FDR q [22 UnhealthyGtRest_GLT_Fstat] = 7.99324e-14
[7m*+ WARNING:[0m Smallest FDR q [24 UnhealthyPmod_GLT#0_Tstat] = 0.168564 ==> few true single voxel detections
[7m*+ WARNING:[0m Smallest FDR q [25 UnhealthyPmod_GLT_Fstat] = 0.168139 ==> few true single voxel detections
[7m*+ WARNING:[0m Smallest FDR q [27 HealthyGtUnhealthy_GLT#0_Tstat] = 0.642138 ==> few true single voxel detections
[7m*+ WARNING:[0m Smallest FDR q [28 HealthyGtUnhealthy_GLT_Fstat] = 0.640469 ==> few true single voxel detections
[7m*+ WARNING:[0m Smallest FDR q [30 HealthyGtUnhealthyPmod_GLT#0_Tstat] = 0.249923 ==> few true single voxel detections
[7m*+ WARNING:[0m Smallest FDR q [31 HealthyGtUnhealthyPmod_GLT_Fstat] = 0.249231 ==> few true single voxel detections
++ Wrote bucket dataset into ./CHIVES1092_2CondPmod_stats+tlrc.BRIK
 + created 21 FDR curves in bucket header
++ Wrote 3D+time dataset into ./CHIVES1092_2CondPmod+tlrc.BRIK
++ Wrote 3D+time dataset into ./CHIVES1092_2CondPmod+tlrc.BRIK
++ Program finished; elapsed time=36.436
++ 3dREMLfit: AFNI version=AFNI_18.2.04 (Jul  6 2018) [64-bit]
++ Authored by: RWCox
** AFNI converts NIFTI_datatype=4 (INT16) in file /projects/sanlab/shared/CHIVES/bids_data/derivatives/fmriprep/sub-CHIVES1092/ses-wave1/func/s6_sub-CHIVES1092_ses-wave1_task-money_bold_space-MNI152NLin2009cAsym_preproc.nii to FLOAT32
     Warnings of this type will be muted for this session.
     Set AFNI_NIFTI_TYPE_WARN to YES to see them all, NO to see none.
++ Number of voxels in mask = 268110
++ Number of OpenMP threads = 15
++ -----  matrix condition (357x15):  4.35718  ++ VERY GOOD ++
++ Loading input dataset into memory
++ Converting input dataset to vector image
 +  dataset = 1.5 billion [giga] bytes
 +  vectim  = 384 million [mega] bytes
++ starting REML setup calculations; total CPU=0.00 Elapsed=4.18
 + X matrix: 89.972% of elements are nonzero
 + starting 15 OpenMP threads for REML setup
 + REML setup finished: matrix rows=357 cols=15; 109*1 cases; total CPU=0.00 Elapsed=4.19
 +  average case bandwidth = 13.00
++ REML voxel loop: [15 threads]0123456789.012
 + ARMA voxel parameters estimated: total CPU=0.00 Elapsed=22.32
++ GLSQ loop:0123456789.0123456789.0123456789.0123456789.0123456789.
 + GLSQ regression done: total CPU=0.00 Elapsed=56.85
++ Output dataset ./CHIVES1092_2CondPmod_stats_REMLvar+tlrc.BRIK
++ Output dataset ./CHIVES1092_2CondPmod_REML+tlrc.BRIK
[7m** ERROR:[0m output dataset name 'CHIVES1092_2CondPmod_REML' conflicts with existing file
[7m** ERROR:[0m dataset NOT written to disk!
++ creating FDR curves in dataset CHIVES1092_2CondPmod_stats_REML+tlrc
++ Smallest FDR q [0 Full_Fstat] = 1.08519e-14
++ Smallest FDR q [2 HealthyPmod#0_Tstat] = 3.59932e-13
[7m*+ WARNING:[0m Smallest FDR q [4 HealthyPmod#1_Tstat] = 0.480613 ==> few true single voxel detections
++ Smallest FDR q [5 HealthyPmod_Fstat] = 5.49436e-13
++ Smallest FDR q [7 UnhealthyPmod#0_Tstat] = 2.26158e-13
[7m*+ WARNING:[0m Smallest FDR q [9 UnhealthyPmod#1_Tstat] = 0.999896 ==> few true single voxel detections
++ Smallest FDR q [10 UnhealthyPmod_Fstat] = 3.35796e-13
++ Smallest FDR q [12 BidsNMiss#0_Tstat] = 1.88948e-14
++ Smallest FDR q [13 BidsNMiss_Fstat] = 1.88948e-14
++ Smallest FDR q [15 HealthyGtRest#0_Tstat] = 3.59932e-13
++ Smallest FDR q [16 HealthyGtRest_Fstat] = 3.59932e-13
[7m*+ WARNING:[0m Smallest FDR q [18 HealthyPmod#0_Tstat] = 0.480613 ==> few true single voxel detections
[7m*+ WARNING:[0m Smallest FDR q [19 HealthyPmod_Fstat] = 0.480612 ==> few true single voxel detections
++ Smallest FDR q [21 UnhealthyGtRest#0_Tstat] = 2.26158e-13
++ Smallest FDR q [22 UnhealthyGtRest_Fstat] = 2.26158e-13
[7m*+ WARNING:[0m Smallest FDR q [24 UnhealthyPmod#0_Tstat] = 0.999896 ==> few true single voxel detections
[7m*+ WARNING:[0m Smallest FDR q [25 UnhealthyPmod_Fstat] = 0.999896 ==> few true single voxel detections
[7m*+ WARNING:[0m Smallest FDR q [27 HealthyGtUnhealthy#0_Tstat] = 0.999887 ==> few true single voxel detections
[7m*+ WARNING:[0m Smallest FDR q [28 HealthyGtUnhealthy_Fstat] = 0.999887 ==> few true single voxel detections
[7m*+ WARNING:[0m Smallest FDR q [30 HealthyGtUnhealthyPmod#0_Tstat] = 0.249909 ==> few true single voxel detections
[7m*+ WARNING:[0m Smallest FDR q [31 HealthyGtUnhealthyPmod_Fstat] = 0.24991 ==> few true single voxel detections
 + Added 21 FDR curves to dataset CHIVES1092_2CondPmod_stats_REML+tlrc
++ Output dataset ./CHIVES1092_2CondPmod_stats_REML+tlrc.BRIK
 + unloading input dataset and REML matrices
++ 3dREMLfit is all done! total CPU=0.00 Elapsed=84.63
** AFNI converts NIFTI_datatype=4 (INT16) in file /projects/sanlab/shared/CHIVES/bids_data/derivatives/fmriprep/sub-CHIVES1092/ses-wave1/func/s6_sub-CHIVES1092_ses-wave1_task-money_bold_space-MNI152NLin2009cAsym_preproc.nii to FLOAT32
     Warnings of this type will be muted for this session.
     Set AFNI_NIFTI_TYPE_WARN to YES to see them all, NO to see none.
++ '-stim_times_AM1 3 /projects/sanlab/shared/CHIVES/CHIVES_WTP_scripts/behavioral/money/afni_timing_files/CHIVES1092/BidOnsDur.1D' has 1 auxiliary values per time point
++ '-stim_times_AM1 3': basis function model 'dmBLOCK(1)' uses 1 parameters,
    out of the 1 found in timing file '/projects/sanlab/shared/CHIVES/CHIVES_WTP_scripts/behavioral/money/afni_timing_files/CHIVES1092/BidOnsDur.1D'
++ 3dDeconvolve extending num_stimts from 3 to 7 due to -ortvec
++ 3dDeconvolve: AFNI version=AFNI_18.2.04 (Jul  6 2018) [64-bit]
++ Authored by: B. Douglas Ward, et al.
++ current memory malloc-ated = 265,657 bytes (about 266 thousand [kilo])
++ loading dataset /projects/sanlab/shared/CHIVES/bids_data/derivatives/fmriprep/sub-CHIVES1092/ses-wave1/func/s6_sub-CHIVES1092_ses-wave1_task-money_bold_space-MNI152NLin2009cAsym_preproc.nii
++ current memory malloc-ated = 1,545,414,517 bytes (about 1.5 billion [giga])
++ forcibly using TR=2.0000 seconds for -input dataset
++ Skipping check for initial transients
++ Imaging duration=714.0 s; Automatic polort=5
++ -stim_times using TR=2 s for stimulus timing conversion
++ -stim_times using TR=2 s for any -iresp output datasets
++  [you can alter the -iresp TR via the -TR_times option]
++ ** -stim_times NOTE ** guessing GLOBAL times if 1 time per line; LOCAL otherwise
++ ** GUESSED ** -stim_times 1 using LOCAL times
++ ** GUESSED ** -stim_times 2 using LOCAL times
++ ** GUESSED ** -stim_times_AM1 3 using LOCAL times
------------------------------------------------------------
GLT matrix from 'SYM: Healthy':
   0   0   0   0   0   0   1   0   0   0   0   0   0 
 
------------------------------------------------------------
GLT matrix from 'SYM: Unhealthy':
   0   0   0   0   0   0   0   1   0   0   0   0   0 
 
------------------------------------------------------------
GLT matrix from 'SYM: Healthy -Unhealthy':
   0   0   0   0   0   0   1  -1   0   0   0   0   0 
 
++ Number of time points: 357 (no censoring)
 + Number of parameters:  13 [10 baseline ; 3 signal]
++ total shared memory needed = 3,172,526,620 bytes (about 3.2 billion [giga])
++ current memory malloc-ated = 1,546,542,489 bytes (about 1.5 billion [giga])
++ mmap() memory allocated: 3,172,526,620 bytes (about 3.2 billion [giga])
++ Memory required for output bricks = 3,172,526,620 bytes (about 3.2 billion [giga])
++ Wrote matrix values to file CHIVES1092_2Cond_xmat.1D
++ ========= Things you can do with the matrix file =========
++ (a) Linear regression with ARMA(1,1) modeling of serial correlation:

3dREMLfit -matrix CHIVES1092_2Cond_xmat.1D -input /projects/sanlab/shared/CHIVES/bids_data/derivatives/fmriprep/sub-CHIVES1092/ses-wave1/func/s6_sub-CHIVES1092_ses-wave1_task-money_bold_space-MNI152NLin2009cAsym_preproc.nii \
 -mask /projects/sanlab/shared/CHIVES/bids_data/derivatives/fmriprep/sub-CHIVES1092/ses-wave1/func/sub-CHIVES1092_ses-wave1_task-money_bold_space-MNI152NLin2009cAsym_brainmask.nii.gz \
 -fout -tout -Rbuck CHIVES1092_2Cond_stats_REML -Rvar CHIVES1092_2Cond_stats_REMLvar \
 -Rfitts CHIVES1092_2Cond_REML -Rerrts CHIVES1092_2Cond_REML -verb
 
++ N.B.: 3dREMLfit command above written to file CHIVES1092_2Cond_stats.REML_cmd
++ (b) Visualization/analysis of the matrix via ExamineXmat.R
++ (c) Synthesis of sub-model datasets using 3dSynthesize
++ ==========================================================
++ Wrote matrix values to file CHIVES1092_2Cond_uncensor_xmat.1D
++ ----- Signal+Baseline matrix condition [X] (357x13):  4.28604  ++ VERY GOOD ++
++ ----- Signal-only matrix condition [X] (357x3):  1.5934  ++ VERY GOOD ++
++ ----- Baseline-only matrix condition [X] (357x10):  4.2626  ++ VERY GOOD ++
++ ----- stim_base-only matrix condition [X] (357x4):  2.66606  ++ VERY GOOD ++
++ ----- polort-only matrix condition [X] (357x6):  1.01526  ++ VERY GOOD ++
++ +++++ Matrix inverse average error = 2.11519e-15  ++ VERY GOOD ++
++ Matrix setup time = 0.01 s
++ Voxels in dataset: 1082035
++ Voxels in mask:    268110
++ Voxels per job:    13405
++ Job #1: processing voxels 181519 to 238787; elapsed time=4.306
++ Job #2: processing voxels 238788 to 284771; elapsed time=4.325
++ Job #3: processing voxels 284772 to 320442; elapsed time=4.345
++ Job #4: processing voxels 320443 to 352421; elapsed time=4.366
++ Job #5: processing voxels 352422 to 383011; elapsed time=4.387
++ Job #6: processing voxels 383012 to 409088; elapsed time=4.408
++ Job #7: processing voxels 409089 to 438458; elapsed time=4.431
++ Job #8: processing voxels 438459 to 464013; elapsed time=4.453
++ Job #9: processing voxels 464014 to 493188; elapsed time=4.476
++ Job #10: processing voxels 493189 to 519164; elapsed time=4.498
++ Job #11: processing voxels 519165 to 548947; elapsed time=4.522
++ Job #12: processing voxels 548948 to 575576; elapsed time=4.545
++ Job #13: processing voxels 575577 to 606863; elapsed time=4.582
++ Job #14: processing voxels 606864 to 638996; elapsed time=4.592
++ Job #15: processing voxels 638997 to 672446; elapsed time=4.617
++ Job #16: processing voxels 672447 to 707589; elapsed time=4.654
++ Job #17: processing voxels 707590 to 750634; elapsed time=4.680
++ Job #18: processing voxels 750635 to 798627; elapsed time=4.703
++ Job #19: processing voxels 798628 to 1082034; elapsed time=4.715
++ Job #0: processing voxels 0 to 181518; elapsed time=4.725
++ voxel loop:0123456789.0123456789.0123456789.0123456789.++ Job #2 finished; elapsed time=5.232
++ Job #1 finished; elapsed time=5.234
++ Job #4 finished; elapsed time=5.264
0++ Job #6 finished; elapsed time=5.304
++ Job #5 finished; elapsed time=5.322
12++ Job #8 finished; elapsed time=5.344
++ Job #7 finished; elapsed time=5.363
3++ Job #10 finished; elapsed time=5.391
++ Job #9 finished; elapsed time=5.397
++ Job #12 finished; elapsed time=5.438
456++ Job #14 finished; elapsed time=5.487
++ Job #15 finished; elapsed time=5.515
++ Job #11 finished; elapsed time=5.555
789.++ Job #3 finished; elapsed time=5.605

++ Job #0 waiting for children to finish; elapsed time=5.606
++ Job #13 finished; elapsed time=5.624
++ Job #17 finished; elapsed time=5.626
++ Job #16 finished; elapsed time=5.632
++ Job #19 finished; elapsed time=5.644
++ Job #18 finished; elapsed time=5.955
++ Job #0 now finishing up; elapsed time=5.974
++ Smallest FDR q [0 Full_Fstat] = 6.09624e-15
++ Smallest FDR q [2 Healthy#0_Tstat] = 9.89802e-14
++ Smallest FDR q [3 Healthy_Fstat] = 9.89838e-14
++ Smallest FDR q [5 Unhealthy#0_Tstat] = 7.81828e-14
++ Smallest FDR q [6 Unhealthy_Fstat] = 7.81848e-14
++ Smallest FDR q [8 BidsNMiss#0_Tstat] = 1.24688e-14
++ Smallest FDR q [9 BidsNMiss_Fstat] = 1.24671e-14
++ Smallest FDR q [11 HealthyGtRest_GLT#0_Tstat] = 9.89802e-14
++ Smallest FDR q [12 HealthyGtRest_GLT_Fstat] = 9.89827e-14
++ Smallest FDR q [14 UnhealthyGtRest_GLT#0_Tstat] = 7.81828e-14
++ Smallest FDR q [15 UnhealthyGtRest_GLT_Fstat] = 7.81848e-14
[7m*+ WARNING:[0m Smallest FDR q [17 HealthyGtUnhealthy_GLT#0_Tstat] = 0.855078 ==> few true single voxel detections
[7m*+ WARNING:[0m Smallest FDR q [18 HealthyGtUnhealthy_GLT_Fstat] = 0.852824 ==> few true single voxel detections
++ Wrote bucket dataset into ./CHIVES1092_2Cond_stats+tlrc.BRIK
 + created 13 FDR curves in bucket header
++ Wrote 3D+time dataset into ./CHIVES1092_2Cond+tlrc.BRIK
++ Wrote 3D+time dataset into ./CHIVES1092_2Cond+tlrc.BRIK
++ Program finished; elapsed time=24.416
++ 3dREMLfit: AFNI version=AFNI_18.2.04 (Jul  6 2018) [64-bit]
++ Authored by: RWCox
** AFNI converts NIFTI_datatype=4 (INT16) in file /projects/sanlab/shared/CHIVES/bids_data/derivatives/fmriprep/sub-CHIVES1092/ses-wave1/func/s6_sub-CHIVES1092_ses-wave1_task-money_bold_space-MNI152NLin2009cAsym_preproc.nii to FLOAT32
     Warnings of this type will be muted for this session.
     Set AFNI_NIFTI_TYPE_WARN to YES to see them all, NO to see none.
++ Number of voxels in mask = 268110
++ Number of OpenMP threads = 15
++ -----  matrix condition (357x13):  4.28604  ++ VERY GOOD ++
++ Loading input dataset into memory
++ Converting input dataset to vector image
 +  dataset = 1.5 billion [giga] bytes
 +  vectim  = 384 million [mega] bytes
++ starting REML setup calculations; total CPU=0.00 Elapsed=4.40
 + X matrix: 94.161% of elements are nonzero
 + starting 15 OpenMP threads for REML setup
 + REML setup finished: matrix rows=357 cols=13; 109*1 cases; total CPU=0.00 Elapsed=4.40
 +  average case bandwidth = 13.00
++ REML voxel loop: [15 threads]0123456789.012
 + ARMA voxel parameters estimated: total CPU=0.00 Elapsed=20.93
++ GLSQ loop:0123456789.0123456789.0123456789.0123456789.0123456789.
 + GLSQ regression done: total CPU=0.00 Elapsed=48.24
++ Output dataset ./CHIVES1092_2Cond_stats_REMLvar+tlrc.BRIK
++ Output dataset ./CHIVES1092_2Cond_REML+tlrc.BRIK
[7m** ERROR:[0m output dataset name 'CHIVES1092_2Cond_REML' conflicts with existing file
[7m** ERROR:[0m dataset NOT written to disk!
++ creating FDR curves in dataset CHIVES1092_2Cond_stats_REML+tlrc
++ Smallest FDR q [0 Full_Fstat] = 8.5828e-15
++ Smallest FDR q [2 Healthy#0_Tstat] = 3.51116e-13
++ Smallest FDR q [3 Healthy_Fstat] = 3.51116e-13
++ Smallest FDR q [5 Unhealthy#0_Tstat] = 2.17279e-13
++ Smallest FDR q [6 Unhealthy_Fstat] = 2.17279e-13
++ Smallest FDR q [8 BidsNMiss#0_Tstat] = 1.8671e-14
++ Smallest FDR q [9 BidsNMiss_Fstat] = 1.8671e-14
++ Smallest FDR q [11 HealthyGtRest#0_Tstat] = 3.51116e-13
++ Smallest FDR q [12 HealthyGtRest_Fstat] = 3.51116e-13
++ Smallest FDR q [14 UnhealthyGtRest#0_Tstat] = 2.17279e-13
++ Smallest FDR q [15 UnhealthyGtRest_Fstat] = 2.17279e-13
[7m*+ WARNING:[0m Smallest FDR q [17 HealthyGtUnhealthy#0_Tstat] = 0.99985 ==> few true single voxel detections
[7m*+ WARNING:[0m Smallest FDR q [18 HealthyGtUnhealthy_Fstat] = 0.99985 ==> few true single voxel detections
 + Added 13 FDR curves to dataset CHIVES1092_2Cond_stats_REML+tlrc
++ Output dataset ./CHIVES1092_2Cond_stats_REML+tlrc.BRIK
 + unloading input dataset and REML matrices
++ 3dREMLfit is all done! total CPU=0.00 Elapsed=66.06
