** AFNI converts NIFTI_datatype=4 (INT16) in file /projects/sanlab/shared/CHIVES/bids_data/derivatives/fmriprep/sub-CHIVES1078/ses-wave1/func/s6_sub-CHIVES1078_ses-wave1_task-money_bold_space-MNI152NLin2009cAsym_preproc.nii to FLOAT32
     Warnings of this type will be muted for this session.
     Set AFNI_NIFTI_TYPE_WARN to YES to see them all, NO to see none.
++ '-stim_times_AM2 1 /projects/sanlab/shared/CHIVES/CHIVES_WTP_scripts/behavioral/money/afni_timing_files/CHIVES1078/AllCondsPmod.1D' has 1 auxiliary values per time point
++ '-stim_times_AM2 1 /projects/sanlab/shared/CHIVES/CHIVES_WTP_scripts/behavioral/money/afni_timing_files/CHIVES1078/AllCondsPmod.1D' will have 2 regressors
++ '-stim_times_AM1 2 /projects/sanlab/shared/CHIVES/CHIVES_WTP_scripts/behavioral/money/afni_timing_files/CHIVES1078/BidOnsDur.1D' has 1 auxiliary values per time point
++ '-stim_times_AM1 2': basis function model 'dmBLOCK(1)' uses 1 parameters,
    out of the 1 found in timing file '/projects/sanlab/shared/CHIVES/CHIVES_WTP_scripts/behavioral/money/afni_timing_files/CHIVES1078/BidOnsDur.1D'
++ 3dDeconvolve extending num_stimts from 2 to 6 due to -ortvec
++ 3dDeconvolve: AFNI version=AFNI_18.2.04 (Jul  6 2018) [64-bit]
++ Authored by: B. Douglas Ward, et al.
++ current memory malloc-ated = 260,009 bytes (about 260 thousand [kilo])
++ loading dataset /projects/sanlab/shared/CHIVES/bids_data/derivatives/fmriprep/sub-CHIVES1078/ses-wave1/func/s6_sub-CHIVES1078_ses-wave1_task-money_bold_space-MNI152NLin2009cAsym_preproc.nii
++ current memory malloc-ated = 1,545,408,869 bytes (about 1.5 billion [giga])
++ forcibly using TR=2.0000 seconds for -input dataset
++ Skipping check for initial transients
++ Imaging duration=714.0 s; Automatic polort=5
++ -stim_times using TR=2 s for stimulus timing conversion
++ -stim_times using TR=2 s for any -iresp output datasets
++  [you can alter the -iresp TR via the -TR_times option]
++ ** -stim_times NOTE ** guessing GLOBAL times if 1 time per line; LOCAL otherwise
++ ** GUESSED ** -stim_times_AM2 1 using LOCAL times
++ '-stim_times_AM2 1' average amplitude#1=1.0339
++ ** GUESSED ** -stim_times_AM1 2 using LOCAL times
[7m*+ WARNING:[0m '-stim_times_AM1 2' (LOCAL) run#1 has 1 times outside range 0 .. 712 [PSFB syndrome]
 + dataset TR being used is 2 s -- unusable times follow
 714.39
------------------------------------------------------------
GLT matrix from 'SYM: AllConds[0]':
   0   0   0   0   0   0   1   0   0   0   0   0   0 
 
------------------------------------------------------------
GLT matrix from 'SYM: AllConds[1]':
   0   0   0   0   0   0   0   1   0   0   0   0   0 
 
++ Number of time points: 357 (before censor) ; 356 (after)
 + Number of parameters:  13 [10 baseline ; 3 signal]
++ total shared memory needed = 3,155,214,060 bytes (about 3.2 billion [giga])
++ current memory malloc-ated = 1,546,536,802 bytes (about 1.5 billion [giga])
++ mmap() memory allocated: 3,155,214,060 bytes (about 3.2 billion [giga])
++ Memory required for output bricks = 3,155,214,060 bytes (about 3.2 billion [giga])
++ Wrote matrix values to file CHIVES1078_AllCondPmod_xmat.1D
++ ========= Things you can do with the matrix file =========
++ (a) Linear regression with ARMA(1,1) modeling of serial correlation:

3dREMLfit -matrix CHIVES1078_AllCondPmod_xmat.1D -input /projects/sanlab/shared/CHIVES/bids_data/derivatives/fmriprep/sub-CHIVES1078/ses-wave1/func/s6_sub-CHIVES1078_ses-wave1_task-money_bold_space-MNI152NLin2009cAsym_preproc.nii \
 -mask /projects/sanlab/shared/CHIVES/bids_data/derivatives/fmriprep/sub-CHIVES1078/ses-wave1/func/sub-CHIVES1078_ses-wave1_task-money_bold_space-MNI152NLin2009cAsym_brainmask.nii.gz \
 -fout -tout -Rbuck CHIVES1078_AllCondPmod_stats_REML -Rvar CHIVES1078_AllCondPmod_stats_REMLvar \
 -Rfitts CHIVES1078_AllCondPmod_REML -Rerrts CHIVES1078_AllCondPmod_REML -verb
 
++ N.B.: 3dREMLfit command above written to file CHIVES1078_AllCondPmod_stats.REML_cmd
++ (b) Visualization/analysis of the matrix via ExamineXmat.R
++ (c) Synthesis of sub-model datasets using 3dSynthesize
++ ==========================================================
++ Wrote matrix values to file CHIVES1078_AllCondPmod_uncensor_xmat.1D
++ ----- Signal+Baseline matrix condition [X] (356x13):  3.12984  ++ VERY GOOD ++
++ ----- Signal-only matrix condition [X] (356x3):  1.55711  ++ VERY GOOD ++
++ ----- Baseline-only matrix condition [X] (356x10):  3.06775  ++ VERY GOOD ++
++ ----- stim_base-only matrix condition [X] (356x4):  1.25203  ++ VERY GOOD ++
++ ----- polort-only matrix condition [X] (356x6):  1.01709  ++ VERY GOOD ++
++ +++++ Matrix inverse average error = 7.77323e-16  ++ VERY GOOD ++
++ Matrix setup time = 0.02 s
++ Voxels in dataset: 1082035
++ Voxels in mask:    262233
++ Voxels per job:    13111
++ Job #1: processing voxels 194160 to 251456; elapsed time=4.791
++ Job #2: processing voxels 251457 to 295632; elapsed time=4.810
++ Job #3: processing voxels 295633 to 329460; elapsed time=4.830
++ Job #4: processing voxels 329461 to 360781; elapsed time=4.849
++ Job #5: processing voxels 360782 to 386973; elapsed time=4.870
++ Job #6: processing voxels 386974 to 416257; elapsed time=4.890
++ Job #7: processing voxels 416258 to 441423; elapsed time=4.911
++ Job #8: processing voxels 441424 to 467294; elapsed time=4.932
++ Job #9: processing voxels 467295 to 495600; elapsed time=4.953
++ Job #10: processing voxels 495601 to 521142; elapsed time=4.975
++ Job #11: processing voxels 521143 to 550782; elapsed time=4.997
++ Job #12: processing voxels 550783 to 577002; elapsed time=5.018
++ Job #13: processing voxels 577003 to 607774; elapsed time=5.041
++ Job #14: processing voxels 607775 to 639837; elapsed time=5.078
++ Job #15: processing voxels 639838 to 673064; elapsed time=5.096
++ Job #16: processing voxels 673065 to 707865; elapsed time=5.134
++ Job #17: processing voxels 707866 to 750715; elapsed time=5.157
++ Job #18: processing voxels 750716 to 798840; elapsed time=5.181
++ Job #0: processing voxels 0 to 194159; elapsed time=5.205
++ voxel loop:0123456789.01++ Job #19: processing voxels 798841 to 1082034; elapsed time=5.206
23456789.0123456789.01++ Job #1 finished; elapsed time=5.635
++ Job #3 finished; elapsed time=5.655
++ Job #2 finished; elapsed time=5.675
++ Job #5 finished; elapsed time=5.683
234++ Job #7 finished; elapsed time=5.720
++ Job #10 finished; elapsed time=5.743
++ Job #9 finished; elapsed time=5.757
567++ Job #11 finished; elapsed time=5.800
++ Job #12 finished; elapsed time=5.827
89.0++ Job #14 finished; elapsed time=5.896
++ Job #4 finished; elapsed time=5.939
12++ Job #16 finished; elapsed time=5.958
++ Job #6 finished; elapsed time=5.965
++ Job #18 finished; elapsed time=5.973
3++ Job #8 finished; elapsed time=5.989
456++ Job #13 finished; elapsed time=6.120
78++ Job #15 finished; elapsed time=6.165
9.
++ Job #0 waiting for children to finish; elapsed time=6.222
++ Job #17 finished; elapsed time=6.225
++ Job #19 finished; elapsed time=6.321
++ Job #0 now finishing up; elapsed time=6.338
++ Smallest FDR q [0 Full_Fstat] = 2.68999e-14
++ Smallest FDR q [2 AllConds#0_Tstat] = 5.60171e-14
++ Smallest FDR q [4 AllConds#1_Tstat] = 3.39731e-08
++ Smallest FDR q [5 AllConds_Fstat] = 5.12561e-14
++ Smallest FDR q [7 BidsNMiss#0_Tstat] = 5.38476e-13
++ Smallest FDR q [8 BidsNMiss_Fstat] = 5.3851e-13
++ Smallest FDR q [10 CondGtRest_GLT#0_Tstat] = 5.60171e-14
++ Smallest FDR q [11 CondGtRest_GLT_Fstat] = 5.60187e-14
++ Smallest FDR q [13 Pmod_GLT#0_Tstat] = 3.39731e-08
++ Smallest FDR q [14 Pmod_GLT_Fstat] = 3.39725e-08
++ Wrote bucket dataset into ./CHIVES1078_AllCondPmod_stats+tlrc.BRIK
 + created 10 FDR curves in bucket header
++ Wrote 3D+time dataset into ./CHIVES1078_AllCondPmod+tlrc.BRIK
++ Wrote 3D+time dataset into ./CHIVES1078_AllCondPmod+tlrc.BRIK
++ Program finished; elapsed time=21.764
++ 3dREMLfit: AFNI version=AFNI_18.2.04 (Jul  6 2018) [64-bit]
++ Authored by: RWCox
** AFNI converts NIFTI_datatype=4 (INT16) in file /projects/sanlab/shared/CHIVES/bids_data/derivatives/fmriprep/sub-CHIVES1078/ses-wave1/func/s6_sub-CHIVES1078_ses-wave1_task-money_bold_space-MNI152NLin2009cAsym_preproc.nii to FLOAT32
     Warnings of this type will be muted for this session.
     Set AFNI_NIFTI_TYPE_WARN to YES to see them all, NO to see none.
++ Number of voxels in mask = 262233
++ Number of OpenMP threads = 15
++ -----  matrix condition (356x13):  3.12984  ++ VERY GOOD ++
++ Loading input dataset into memory
++ Converting input dataset to vector image
 +  dataset = 1.5 billion [giga] bytes
 +  vectim  = 376 million [mega] bytes
++ starting REML setup calculations; total CPU=0.00 Elapsed=4.22
 + X matrix: 99.827% of elements are nonzero
 + starting 15 OpenMP threads for REML setup
 + REML setup finished: matrix rows=356 cols=13; 109*1 cases; total CPU=0.00 Elapsed=4.22
 +  average case bandwidth = 12.97
++ REML voxel loop: [15 threads]0123456789.012
 + ARMA voxel parameters estimated: total CPU=0.00 Elapsed=20.80
++ GLSQ loop:0123456789.0123456789.0123456789.0123456789.0123456789.
 + GLSQ regression done: total CPU=0.00 Elapsed=47.91
++ Output dataset ./CHIVES1078_AllCondPmod_stats_REMLvar+tlrc.BRIK
++ Output dataset ./CHIVES1078_AllCondPmod_REML+tlrc.BRIK
[7m** ERROR:[0m output dataset name 'CHIVES1078_AllCondPmod_REML' conflicts with existing file
[7m** ERROR:[0m dataset NOT written to disk!
++ creating FDR curves in dataset CHIVES1078_AllCondPmod_stats_REML+tlrc
++ Smallest FDR q [0 Full_Fstat] = 3.63562e-14
++ Smallest FDR q [2 AllConds#0_Tstat] = 7.56032e-14
++ Smallest FDR q [4 AllConds#1_Tstat] = 0.00112812
++ Smallest FDR q [5 AllConds_Fstat] = 8.603e-14
++ Smallest FDR q [7 BidsNMiss#0_Tstat] = 4.17037e-13
++ Smallest FDR q [8 BidsNMiss_Fstat] = 4.17037e-13
++ Smallest FDR q [10 CondGtRest#0_Tstat] = 7.56032e-14
++ Smallest FDR q [11 CondGtRest_Fstat] = 7.56032e-14
++ Smallest FDR q [13 Pmod#0_Tstat] = 0.00112812
++ Smallest FDR q [14 Pmod_Fstat] = 0.00112812
 + Added 10 FDR curves to dataset CHIVES1078_AllCondPmod_stats_REML+tlrc
++ Output dataset ./CHIVES1078_AllCondPmod_stats_REML+tlrc.BRIK
 + unloading input dataset and REML matrices
++ 3dREMLfit is all done! total CPU=0.00 Elapsed=63.04
** AFNI converts NIFTI_datatype=4 (INT16) in file /projects/sanlab/shared/CHIVES/bids_data/derivatives/fmriprep/sub-CHIVES1078/ses-wave1/func/s6_sub-CHIVES1078_ses-wave1_task-money_bold_space-MNI152NLin2009cAsym_preproc.nii to FLOAT32
     Warnings of this type will be muted for this session.
     Set AFNI_NIFTI_TYPE_WARN to YES to see them all, NO to see none.
++ '-stim_times_AM2 1 /projects/sanlab/shared/CHIVES/CHIVES_WTP_scripts/behavioral/money/afni_timing_files/CHIVES1078/HealthyPmod.1D' has 1 auxiliary values per time point
++ '-stim_times_AM2 1 /projects/sanlab/shared/CHIVES/CHIVES_WTP_scripts/behavioral/money/afni_timing_files/CHIVES1078/HealthyPmod.1D' will have 2 regressors
++ '-stim_times_AM2 2 /projects/sanlab/shared/CHIVES/CHIVES_WTP_scripts/behavioral/money/afni_timing_files/CHIVES1078/UnhealthyPmod.1D' has 1 auxiliary values per time point
++ '-stim_times_AM2 2 /projects/sanlab/shared/CHIVES/CHIVES_WTP_scripts/behavioral/money/afni_timing_files/CHIVES1078/UnhealthyPmod.1D' will have 2 regressors
++ '-stim_times_AM1 3 /projects/sanlab/shared/CHIVES/CHIVES_WTP_scripts/behavioral/money/afni_timing_files/CHIVES1078/BidOnsDur.1D' has 1 auxiliary values per time point
++ '-stim_times_AM1 3': basis function model 'dmBLOCK(1)' uses 1 parameters,
    out of the 1 found in timing file '/projects/sanlab/shared/CHIVES/CHIVES_WTP_scripts/behavioral/money/afni_timing_files/CHIVES1078/BidOnsDur.1D'
++ 3dDeconvolve extending num_stimts from 3 to 7 due to -ortvec
++ 3dDeconvolve: AFNI version=AFNI_18.2.04 (Jul  6 2018) [64-bit]
++ Authored by: B. Douglas Ward, et al.
++ current memory malloc-ated = 287,275 bytes (about 287 thousand [kilo])
++ loading dataset /projects/sanlab/shared/CHIVES/bids_data/derivatives/fmriprep/sub-CHIVES1078/ses-wave1/func/s6_sub-CHIVES1078_ses-wave1_task-money_bold_space-MNI152NLin2009cAsym_preproc.nii
++ current memory malloc-ated = 1,545,436,135 bytes (about 1.5 billion [giga])
++ forcibly using TR=2.0000 seconds for -input dataset
++ Skipping check for initial transients
++ Imaging duration=714.0 s; Automatic polort=5
++ -stim_times using TR=2 s for stimulus timing conversion
++ -stim_times using TR=2 s for any -iresp output datasets
++  [you can alter the -iresp TR via the -TR_times option]
++ ** -stim_times NOTE ** guessing GLOBAL times if 1 time per line; LOCAL otherwise
++ ** GUESSED ** -stim_times_AM2 1 using LOCAL times
++ '-stim_times_AM2 1' average amplitude#1=1.43333
++ ** GUESSED ** -stim_times_AM2 2 using LOCAL times
++ '-stim_times_AM2 2' average amplitude#1=0.62069
++ ** GUESSED ** -stim_times_AM1 3 using LOCAL times
[7m*+ WARNING:[0m '-stim_times_AM1 3' (LOCAL) run#1 has 1 times outside range 0 .. 712 [PSFB syndrome]
 + dataset TR being used is 2 s -- unusable times follow
 714.39
------------------------------------------------------------
GLT matrix from 'SYM: HealthyPmod[0]':
   0   0   0   0   0   0   1   0   0   0   0   0   0   0   0 
 
------------------------------------------------------------
GLT matrix from 'SYM: HealthyPmod[1]':
   0   0   0   0   0   0   0   1   0   0   0   0   0   0   0 
 
------------------------------------------------------------
GLT matrix from 'SYM: UnhealthyPmod[0]':
   0   0   0   0   0   0   0   0   1   0   0   0   0   0   0 
 
------------------------------------------------------------
GLT matrix from 'SYM: UnhealthyPmod[1]':
   0   0   0   0   0   0   0   0   0   1   0   0   0   0   0 
 
------------------------------------------------------------
GLT matrix from 'SYM: HealthyPmod[0] -UnhealthyPmod[0]':
   0   0   0   0   0   0   1   0  -1   0   0   0   0   0   0 
 
------------------------------------------------------------
GLT matrix from 'SYM: HealthyPmod[1] -UnhealthyPmod[1]':
   0   0   0   0   0   0   0   1   0  -1   0   0   0   0   0 
 
++ Number of time points: 357 (before censor) ; 356 (after)
 + Number of parameters:  15 [10 baseline ; 5 signal]
++ total shared memory needed = 3,228,792,440 bytes (about 3.2 billion [giga])
++ current memory malloc-ated = 1,546,568,636 bytes (about 1.5 billion [giga])
++ mmap() memory allocated: 3,228,792,440 bytes (about 3.2 billion [giga])
++ Memory required for output bricks = 3,228,792,440 bytes (about 3.2 billion [giga])
++ Wrote matrix values to file CHIVES1078_2CondPmod_xmat.1D
++ ========= Things you can do with the matrix file =========
++ (a) Linear regression with ARMA(1,1) modeling of serial correlation:

3dREMLfit -matrix CHIVES1078_2CondPmod_xmat.1D -input /projects/sanlab/shared/CHIVES/bids_data/derivatives/fmriprep/sub-CHIVES1078/ses-wave1/func/s6_sub-CHIVES1078_ses-wave1_task-money_bold_space-MNI152NLin2009cAsym_preproc.nii \
 -mask /projects/sanlab/shared/CHIVES/bids_data/derivatives/fmriprep/sub-CHIVES1078/ses-wave1/func/sub-CHIVES1078_ses-wave1_task-money_bold_space-MNI152NLin2009cAsym_brainmask.nii.gz \
 -fout -tout -Rbuck CHIVES1078_2CondPmod_stats_REML -Rvar CHIVES1078_2CondPmod_stats_REMLvar \
 -Rfitts CHIVES1078_2CondPmod_REML -Rerrts CHIVES1078_2CondPmod_REML -verb
 
++ N.B.: 3dREMLfit command above written to file CHIVES1078_2CondPmod_stats.REML_cmd
++ (b) Visualization/analysis of the matrix via ExamineXmat.R
++ (c) Synthesis of sub-model datasets using 3dSynthesize
++ ==========================================================
++ Wrote matrix values to file CHIVES1078_2CondPmod_uncensor_xmat.1D
++ ----- Signal+Baseline matrix condition [X] (356x15):  3.15162  ++ VERY GOOD ++
++ ----- Signal-only matrix condition [X] (356x5):  1.55722  ++ VERY GOOD ++
++ ----- Baseline-only matrix condition [X] (356x10):  3.06775  ++ VERY GOOD ++
++ ----- stim_base-only matrix condition [X] (356x4):  1.25203  ++ VERY GOOD ++
++ ----- polort-only matrix condition [X] (356x6):  1.01709  ++ VERY GOOD ++
++ +++++ Matrix inverse average error = 6.2738e-16  ++ VERY GOOD ++
++ Matrix setup time = 0.02 s
++ Voxels in dataset: 1082035
++ Voxels in mask:    262233
++ Voxels per job:    13111
++ Job #1: processing voxels 194160 to 251456; elapsed time=4.470
++ Job #2: processing voxels 251457 to 295632; elapsed time=4.489
++ Job #3: processing voxels 295633 to 329460; elapsed time=4.510
++ Job #4: processing voxels 329461 to 360781; elapsed time=4.529
++ Job #5: processing voxels 360782 to 386973; elapsed time=4.550
++ Job #6: processing voxels 386974 to 416257; elapsed time=4.571
++ Job #7: processing voxels 416258 to 441423; elapsed time=4.592
++ Job #8: processing voxels 441424 to 467294; elapsed time=4.612
++ Job #9: processing voxels 467295 to 495600; elapsed time=4.634
++ Job #10: processing voxels 495601 to 521142; elapsed time=4.655
++ Job #11: processing voxels 521143 to 550782; elapsed time=4.677
++ Job #12: processing voxels 550783 to 577002; elapsed time=4.698
++ Job #13: processing voxels 577003 to 607774; elapsed time=4.720
++ Job #14: processing voxels 607775 to 639837; elapsed time=4.756
++ Job #15: processing voxels 639838 to 673064; elapsed time=4.779
++ Job #16: processing voxels 673065 to 707865; elapsed time=4.800
++ Job #17: processing voxels 707866 to 750715; elapsed time=4.831
++ Job #18: processing voxels 750716 to 798840; elapsed time=4.841
++ Job #0: processing voxels 0 to 194159; elapsed time=4.876
++ voxel loop:0123456789.01++ Job #19: processing voxels 798841 to 1082034; elapsed time=4.877
23456789.0123456789.01234567++ Job #1 finished; elapsed time=5.638
++ Job #3 finished; elapsed time=5.661
89.++ Job #5 finished; elapsed time=5.688
0++ Job #8 finished; elapsed time=5.709
++ Job #7 finished; elapsed time=5.722
++ Job #10 finished; elapsed time=5.737
++ Job #9 finished; elapsed time=5.763
++ Job #11 finished; elapsed time=5.798
12++ Job #13 finished; elapsed time=5.841
++ Job #2 finished; elapsed time=5.851
3++ Job #14 finished; elapsed time=5.897
++ Job #15 finished; elapsed time=5.933
45++ Job #18 finished; elapsed time=5.991
++ Job #4 finished; elapsed time=6.001
++ Job #6 finished; elapsed time=6.012
6++ Job #12 finished; elapsed time=6.050
78++ Job #16 finished; elapsed time=6.154
9.
++ Job #0 waiting for children to finish; elapsed time=6.213
++ Job #17 finished; elapsed time=6.235
++ Job #19 finished; elapsed time=6.283
++ Job #0 now finishing up; elapsed time=6.298
++ Smallest FDR q [0 Full_Fstat] = 1.6822e-14
++ Smallest FDR q [2 HealthyPmod#0_Tstat] = 7.67592e-14
++ Smallest FDR q [4 HealthyPmod#1_Tstat] = 5.91657e-06
++ Smallest FDR q [5 HealthyPmod_Fstat] = 7.05049e-14
++ Smallest FDR q [7 UnhealthyPmod#0_Tstat] = 9.26587e-14
++ Smallest FDR q [9 UnhealthyPmod#1_Tstat] = 2.2884e-06
++ Smallest FDR q [10 UnhealthyPmod_Fstat] = 6.16633e-14
++ Smallest FDR q [12 BidsNMiss#0_Tstat] = 5.28083e-13
++ Smallest FDR q [13 BidsNMiss_Fstat] = 5.28077e-13
++ Smallest FDR q [15 HealthyGtRest_GLT#0_Tstat] = 7.67592e-14
++ Smallest FDR q [16 HealthyGtRest_GLT_Fstat] = 7.6755e-14
++ Smallest FDR q [18 HealthyPmod_GLT#0_Tstat] = 5.91657e-06
++ Smallest FDR q [19 HealthyPmod_GLT_Fstat] = 5.91673e-06
++ Smallest FDR q [21 UnhealthyGtRest_GLT#0_Tstat] = 9.26587e-14
++ Smallest FDR q [22 UnhealthyGtRest_GLT_Fstat] = 9.26577e-14
++ Smallest FDR q [24 UnhealthyPmod_GLT#0_Tstat] = 2.2884e-06
++ Smallest FDR q [25 UnhealthyPmod_GLT_Fstat] = 2.2883e-06
++ Smallest FDR q [27 HealthyGtUnhealthy_GLT#0_Tstat] = 7.80083e-10
++ Smallest FDR q [28 HealthyGtUnhealthy_GLT_Fstat] = 7.80099e-10
++ Smallest FDR q [30 HealthyGtUnhealthyPmod_GLT#0_Tstat] = 2.16898e-06
++ Smallest FDR q [31 HealthyGtUnhealthyPmod_GLT_Fstat] = 2.16887e-06
++ Wrote bucket dataset into ./CHIVES1078_2CondPmod_stats+tlrc.BRIK
 + created 21 FDR curves in bucket header
++ Wrote 3D+time dataset into ./CHIVES1078_2CondPmod+tlrc.BRIK
++ Wrote 3D+time dataset into ./CHIVES1078_2CondPmod+tlrc.BRIK
++ Program finished; elapsed time=37.096
++ 3dREMLfit: AFNI version=AFNI_18.2.04 (Jul  6 2018) [64-bit]
++ Authored by: RWCox
** AFNI converts NIFTI_datatype=4 (INT16) in file /projects/sanlab/shared/CHIVES/bids_data/derivatives/fmriprep/sub-CHIVES1078/ses-wave1/func/s6_sub-CHIVES1078_ses-wave1_task-money_bold_space-MNI152NLin2009cAsym_preproc.nii to FLOAT32
     Warnings of this type will be muted for this session.
     Set AFNI_NIFTI_TYPE_WARN to YES to see them all, NO to see none.
++ Number of voxels in mask = 262233
++ Number of OpenMP threads = 15
++ -----  matrix condition (356x15):  3.15162  ++ VERY GOOD ++
++ Loading input dataset into memory
++ Converting input dataset to vector image
 +  dataset = 1.5 billion [giga] bytes
 +  vectim  = 376 million [mega] bytes
++ starting REML setup calculations; total CPU=0.00 Elapsed=4.17
 + X matrix: 90.599% of elements are nonzero
 + starting 15 OpenMP threads for REML setup
 + REML setup finished: matrix rows=356 cols=15; 109*1 cases; total CPU=0.00 Elapsed=4.18
 +  average case bandwidth = 12.97
++ REML voxel loop: [15 threads]0123456789.012
 + ARMA voxel parameters estimated: total CPU=0.00 Elapsed=21.09
++ GLSQ loop:0123456789.0123456789.0123456789.0123456789.0123456789.
 + GLSQ regression done: total CPU=0.00 Elapsed=61.50
++ Output dataset ./CHIVES1078_2CondPmod_stats_REMLvar+tlrc.BRIK
++ Output dataset ./CHIVES1078_2CondPmod_REML+tlrc.BRIK
[7m** ERROR:[0m output dataset name 'CHIVES1078_2CondPmod_REML' conflicts with existing file
[7m** ERROR:[0m dataset NOT written to disk!
++ creating FDR curves in dataset CHIVES1078_2CondPmod_stats_REML+tlrc
++ Smallest FDR q [0 Full_Fstat] = 3.56087e-14
++ Smallest FDR q [2 HealthyPmod#0_Tstat] = 2.64417e-13
[7m*+ WARNING:[0m Smallest FDR q [4 HealthyPmod#1_Tstat] = 0.387709 ==> few true single voxel detections
++ Smallest FDR q [5 HealthyPmod_Fstat] = 3.05694e-13
++ Smallest FDR q [7 UnhealthyPmod#0_Tstat] = 3.35934e-13
++ Smallest FDR q [9 UnhealthyPmod#1_Tstat] = 0.0358615
++ Smallest FDR q [10 UnhealthyPmod_Fstat] = 3.39217e-13
++ Smallest FDR q [12 BidsNMiss#0_Tstat] = 4.14632e-13
++ Smallest FDR q [13 BidsNMiss_Fstat] = 4.14632e-13
++ Smallest FDR q [15 HealthyGtRest#0_Tstat] = 2.64417e-13
++ Smallest FDR q [16 HealthyGtRest_Fstat] = 2.64417e-13
[7m*+ WARNING:[0m Smallest FDR q [18 HealthyPmod#0_Tstat] = 0.387709 ==> few true single voxel detections
[7m*+ WARNING:[0m Smallest FDR q [19 HealthyPmod_Fstat] = 0.387709 ==> few true single voxel detections
++ Smallest FDR q [21 UnhealthyGtRest#0_Tstat] = 3.35934e-13
++ Smallest FDR q [22 UnhealthyGtRest_Fstat] = 3.35934e-13
++ Smallest FDR q [24 UnhealthyPmod#0_Tstat] = 0.0358615
++ Smallest FDR q [25 UnhealthyPmod_Fstat] = 0.0358615
++ Smallest FDR q [27 HealthyGtUnhealthy#0_Tstat] = 0.00160658
++ Smallest FDR q [28 HealthyGtUnhealthy_Fstat] = 0.00160658
++ Smallest FDR q [30 HealthyGtUnhealthyPmod#0_Tstat] = 0.0191099
++ Smallest FDR q [31 HealthyGtUnhealthyPmod_Fstat] = 0.0191099
 + Added 21 FDR curves to dataset CHIVES1078_2CondPmod_stats_REML+tlrc
++ Output dataset ./CHIVES1078_2CondPmod_stats_REML+tlrc.BRIK
 + unloading input dataset and REML matrices
++ 3dREMLfit is all done! total CPU=0.00 Elapsed=92.94
** AFNI converts NIFTI_datatype=4 (INT16) in file /projects/sanlab/shared/CHIVES/bids_data/derivatives/fmriprep/sub-CHIVES1078/ses-wave1/func/s6_sub-CHIVES1078_ses-wave1_task-money_bold_space-MNI152NLin2009cAsym_preproc.nii to FLOAT32
     Warnings of this type will be muted for this session.
     Set AFNI_NIFTI_TYPE_WARN to YES to see them all, NO to see none.
++ '-stim_times_AM1 3 /projects/sanlab/shared/CHIVES/CHIVES_WTP_scripts/behavioral/money/afni_timing_files/CHIVES1078/BidOnsDur.1D' has 1 auxiliary values per time point
++ '-stim_times_AM1 3': basis function model 'dmBLOCK(1)' uses 1 parameters,
    out of the 1 found in timing file '/projects/sanlab/shared/CHIVES/CHIVES_WTP_scripts/behavioral/money/afni_timing_files/CHIVES1078/BidOnsDur.1D'
++ 3dDeconvolve extending num_stimts from 3 to 7 due to -ortvec
++ 3dDeconvolve: AFNI version=AFNI_18.2.04 (Jul  6 2018) [64-bit]
++ Authored by: B. Douglas Ward, et al.
++ current memory malloc-ated = 271,035 bytes (about 271 thousand [kilo])
++ loading dataset /projects/sanlab/shared/CHIVES/bids_data/derivatives/fmriprep/sub-CHIVES1078/ses-wave1/func/s6_sub-CHIVES1078_ses-wave1_task-money_bold_space-MNI152NLin2009cAsym_preproc.nii
++ current memory malloc-ated = 1,545,419,895 bytes (about 1.5 billion [giga])
++ forcibly using TR=2.0000 seconds for -input dataset
++ Skipping check for initial transients
++ Imaging duration=714.0 s; Automatic polort=5
++ -stim_times using TR=2 s for stimulus timing conversion
++ -stim_times using TR=2 s for any -iresp output datasets
++  [you can alter the -iresp TR via the -TR_times option]
++ ** -stim_times NOTE ** guessing GLOBAL times if 1 time per line; LOCAL otherwise
++ ** GUESSED ** -stim_times 1 using LOCAL times
++ ** GUESSED ** -stim_times 2 using LOCAL times
++ ** GUESSED ** -stim_times_AM1 3 using LOCAL times
[7m*+ WARNING:[0m '-stim_times_AM1 3' (LOCAL) run#1 has 1 times outside range 0 .. 712 [PSFB syndrome]
 + dataset TR being used is 2 s -- unusable times follow
 714.39
------------------------------------------------------------
GLT matrix from 'SYM: Healthy':
   0   0   0   0   0   0   1   0   0   0   0   0   0 
 
------------------------------------------------------------
GLT matrix from 'SYM: Unhealthy':
   0   0   0   0   0   0   0   1   0   0   0   0   0 
 
------------------------------------------------------------
GLT matrix from 'SYM: Healthy -Unhealthy':
   0   0   0   0   0   0   1  -1   0   0   0   0   0 
 
++ Number of time points: 357 (before censor) ; 356 (after)
 + Number of parameters:  13 [10 baseline ; 3 signal]
++ total shared memory needed = 3,172,526,620 bytes (about 3.2 billion [giga])
++ current memory malloc-ated = 1,546,547,866 bytes (about 1.5 billion [giga])
++ mmap() memory allocated: 3,172,526,620 bytes (about 3.2 billion [giga])
++ Memory required for output bricks = 3,172,526,620 bytes (about 3.2 billion [giga])
++ Wrote matrix values to file CHIVES1078_2Cond_xmat.1D
++ ========= Things you can do with the matrix file =========
++ (a) Linear regression with ARMA(1,1) modeling of serial correlation:

3dREMLfit -matrix CHIVES1078_2Cond_xmat.1D -input /projects/sanlab/shared/CHIVES/bids_data/derivatives/fmriprep/sub-CHIVES1078/ses-wave1/func/s6_sub-CHIVES1078_ses-wave1_task-money_bold_space-MNI152NLin2009cAsym_preproc.nii \
 -mask /projects/sanlab/shared/CHIVES/bids_data/derivatives/fmriprep/sub-CHIVES1078/ses-wave1/func/sub-CHIVES1078_ses-wave1_task-money_bold_space-MNI152NLin2009cAsym_brainmask.nii.gz \
 -fout -tout -Rbuck CHIVES1078_2Cond_stats_REML -Rvar CHIVES1078_2Cond_stats_REMLvar \
 -Rfitts CHIVES1078_2Cond_REML -Rerrts CHIVES1078_2Cond_REML -verb
 
++ N.B.: 3dREMLfit command above written to file CHIVES1078_2Cond_stats.REML_cmd
++ (b) Visualization/analysis of the matrix via ExamineXmat.R
++ (c) Synthesis of sub-model datasets using 3dSynthesize
++ ==========================================================
++ Wrote matrix values to file CHIVES1078_2Cond_uncensor_xmat.1D
++ ----- Signal+Baseline matrix condition [X] (356x13):  3.13295  ++ VERY GOOD ++
++ ----- Signal-only matrix condition [X] (356x3):  1.55695  ++ VERY GOOD ++
++ ----- Baseline-only matrix condition [X] (356x10):  3.06775  ++ VERY GOOD ++
++ ----- stim_base-only matrix condition [X] (356x4):  1.25203  ++ VERY GOOD ++
++ ----- polort-only matrix condition [X] (356x6):  1.01709  ++ VERY GOOD ++
++ +++++ Matrix inverse average error = 7.81925e-16  ++ VERY GOOD ++
++ Matrix setup time = 0.01 s
++ Voxels in dataset: 1082035
++ Voxels in mask:    262233
++ Voxels per job:    13111
++ Job #1: processing voxels 194160 to 251456; elapsed time=4.508
++ Job #2: processing voxels 251457 to 295632; elapsed time=4.527
++ Job #3: processing voxels 295633 to 329460; elapsed time=4.547
++ Job #4: processing voxels 329461 to 360781; elapsed time=4.567
++ Job #5: processing voxels 360782 to 386973; elapsed time=4.587
++ Job #6: processing voxels 386974 to 416257; elapsed time=4.608
++ Job #7: processing voxels 416258 to 441423; elapsed time=4.628
++ Job #8: processing voxels 441424 to 467294; elapsed time=4.649
++ Job #9: processing voxels 467295 to 495600; elapsed time=4.670
++ Job #10: processing voxels 495601 to 521142; elapsed time=4.691
++ Job #11: processing voxels 521143 to 550782; elapsed time=4.712
++ Job #12: processing voxels 550783 to 577002; elapsed time=4.734
++ Job #13: processing voxels 577003 to 607774; elapsed time=4.756
++ Job #14: processing voxels 607775 to 639837; elapsed time=4.793
++ Job #15: processing voxels 639838 to 673064; elapsed time=4.816
++ Job #16: processing voxels 673065 to 707865; elapsed time=4.847
++ Job #17: processing voxels 707866 to 750715; elapsed time=4.864
++ Job #18: processing voxels 750716 to 798840; elapsed time=4.885
++ Job #0: processing voxels 0 to 194159; elapsed time=4.921
++ voxel loop:0123456789.01++ Job #19: processing voxels 798841 to 1082034; elapsed time=4.924
23456789.0123456789.012345678++ Job #2 finished; elapsed time=5.428
9.0++ Job #1 finished; elapsed time=5.461
++ Job #3 finished; elapsed time=5.472
++ Job #4 finished; elapsed time=5.505
++ Job #5 finished; elapsed time=5.505
++ Job #8 finished; elapsed time=5.507
++ Job #6 finished; elapsed time=5.521
12++ Job #7 finished; elapsed time=5.541
3++ Job #9 finished; elapsed time=5.576
++ Job #11 finished; elapsed time=5.615
45++ Job #12 finished; elapsed time=5.655
++ Job #13 finished; elapsed time=5.660
++ Job #10 finished; elapsed time=5.671
6++ Job #14 finished; elapsed time=5.707
++ Job #15 finished; elapsed time=5.707
++ Job #17 finished; elapsed time=5.730
78++ Job #16 finished; elapsed time=5.768
++ Job #18 finished; elapsed time=5.813
9.
++ Job #0 waiting for children to finish; elapsed time=5.831
++ Job #19 finished; elapsed time=5.990
++ Job #0 now finishing up; elapsed time=6.010
++ Smallest FDR q [0 Full_Fstat] = 2.70349e-14
++ Smallest FDR q [2 Healthy#0_Tstat] = 8.09734e-14
++ Smallest FDR q [3 Healthy_Fstat] = 8.09725e-14
++ Smallest FDR q [5 Unhealthy#0_Tstat] = 9.52372e-14
++ Smallest FDR q [6 Unhealthy_Fstat] = 9.52361e-14
++ Smallest FDR q [8 BidsNMiss#0_Tstat] = 5.38384e-13
++ Smallest FDR q [9 BidsNMiss_Fstat] = 5.38369e-13
++ Smallest FDR q [11 HealthyGtRest_GLT#0_Tstat] = 8.09734e-14
++ Smallest FDR q [12 HealthyGtRest_GLT_Fstat] = 8.09716e-14
++ Smallest FDR q [14 UnhealthyGtRest_GLT#0_Tstat] = 9.52372e-14
++ Smallest FDR q [15 UnhealthyGtRest_GLT_Fstat] = 9.52351e-14
++ Smallest FDR q [17 HealthyGtUnhealthy_GLT#0_Tstat] = 2.74664e-09
++ Smallest FDR q [18 HealthyGtUnhealthy_GLT_Fstat] = 2.74671e-09
++ Wrote bucket dataset into ./CHIVES1078_2Cond_stats+tlrc.BRIK
 + created 13 FDR curves in bucket header
++ Wrote 3D+time dataset into ./CHIVES1078_2Cond+tlrc.BRIK
++ Wrote 3D+time dataset into ./CHIVES1078_2Cond+tlrc.BRIK
++ Program finished; elapsed time=24.556
++ 3dREMLfit: AFNI version=AFNI_18.2.04 (Jul  6 2018) [64-bit]
++ Authored by: RWCox
** AFNI converts NIFTI_datatype=4 (INT16) in file /projects/sanlab/shared/CHIVES/bids_data/derivatives/fmriprep/sub-CHIVES1078/ses-wave1/func/s6_sub-CHIVES1078_ses-wave1_task-money_bold_space-MNI152NLin2009cAsym_preproc.nii to FLOAT32
     Warnings of this type will be muted for this session.
     Set AFNI_NIFTI_TYPE_WARN to YES to see them all, NO to see none.
++ Number of voxels in mask = 262233
++ Number of OpenMP threads = 15
++ -----  matrix condition (356x13):  3.13295  ++ VERY GOOD ++
++ Loading input dataset into memory
++ Converting input dataset to vector image
 +  dataset = 1.5 billion [giga] bytes
 +  vectim  = 376 million [mega] bytes
++ starting REML setup calculations; total CPU=0.00 Elapsed=4.25
 + X matrix: 94.533% of elements are nonzero
 + starting 15 OpenMP threads for REML setup
 + REML setup finished: matrix rows=356 cols=13; 109*1 cases; total CPU=0.00 Elapsed=4.26
 +  average case bandwidth = 12.97
++ REML voxel loop: [15 threads]0123456789.012
 + ARMA voxel parameters estimated: total CPU=0.00 Elapsed=20.64
++ GLSQ loop:0123456789.0123456789.0123456789.0123456789.0123456789.
 + GLSQ regression done: total CPU=0.00 Elapsed=52.26
++ Output dataset ./CHIVES1078_2Cond_stats_REMLvar+tlrc.BRIK
++ Output dataset ./CHIVES1078_2Cond_REML+tlrc.BRIK
[7m** ERROR:[0m output dataset name 'CHIVES1078_2Cond_REML' conflicts with existing file
[7m** ERROR:[0m dataset NOT written to disk!
++ creating FDR curves in dataset CHIVES1078_2Cond_stats_REML+tlrc
++ Smallest FDR q [0 Full_Fstat] = 3.72683e-14
++ Smallest FDR q [2 Healthy#0_Tstat] = 2.81026e-13
++ Smallest FDR q [3 Healthy_Fstat] = 2.81026e-13
++ Smallest FDR q [5 Unhealthy#0_Tstat] = 3.58657e-13
++ Smallest FDR q [6 Unhealthy_Fstat] = 3.58657e-13
++ Smallest FDR q [8 BidsNMiss#0_Tstat] = 4.18543e-13
++ Smallest FDR q [9 BidsNMiss_Fstat] = 4.18543e-13
++ Smallest FDR q [11 HealthyGtRest#0_Tstat] = 2.81026e-13
++ Smallest FDR q [12 HealthyGtRest_Fstat] = 2.81026e-13
++ Smallest FDR q [14 UnhealthyGtRest#0_Tstat] = 3.58657e-13
++ Smallest FDR q [15 UnhealthyGtRest_Fstat] = 3.58657e-13
++ Smallest FDR q [17 HealthyGtUnhealthy#0_Tstat] = 0.00178926
++ Smallest FDR q [18 HealthyGtUnhealthy_Fstat] = 0.00178927
 + Added 13 FDR curves to dataset CHIVES1078_2Cond_stats_REML+tlrc
++ Output dataset ./CHIVES1078_2Cond_stats_REML+tlrc.BRIK
 + unloading input dataset and REML matrices
++ 3dREMLfit is all done! total CPU=0.00 Elapsed=70.02
