** AFNI converts NIFTI_datatype=4 (INT16) in file /projects/sanlab/shared/CHIVES/bids_data/derivatives/fmriprep/sub-CHIVES1044/ses-wave1/func/s6_sub-CHIVES1044_ses-wave1_task-money_bold_space-MNI152NLin2009cAsym_preproc.nii to FLOAT32
     Warnings of this type will be muted for this session.
     Set AFNI_NIFTI_TYPE_WARN to YES to see them all, NO to see none.
++ '-stim_times_AM2 1 /projects/sanlab/shared/CHIVES/CHIVES_WTP_scripts/behavioral/money/afni_timing_files/CHIVES1044/AllCondsPmod.1D' has 1 auxiliary values per time point
++ '-stim_times_AM2 1 /projects/sanlab/shared/CHIVES/CHIVES_WTP_scripts/behavioral/money/afni_timing_files/CHIVES1044/AllCondsPmod.1D' will have 2 regressors
++ '-stim_times_AM1 2 /projects/sanlab/shared/CHIVES/CHIVES_WTP_scripts/behavioral/money/afni_timing_files/CHIVES1044/BidOnsDur.1D' has 1 auxiliary values per time point
++ '-stim_times_AM1 2': basis function model 'dmBLOCK(1)' uses 1 parameters,
    out of the 1 found in timing file '/projects/sanlab/shared/CHIVES/CHIVES_WTP_scripts/behavioral/money/afni_timing_files/CHIVES1044/BidOnsDur.1D'
++ 3dDeconvolve extending num_stimts from 2 to 7 due to -ortvec
++ 3dDeconvolve: AFNI version=AFNI_18.2.04 (Jul  6 2018) [64-bit]
++ Authored by: B. Douglas Ward, et al.
++ current memory malloc-ated = 262,658 bytes (about 263 thousand [kilo])
++ loading dataset /projects/sanlab/shared/CHIVES/bids_data/derivatives/fmriprep/sub-CHIVES1044/ses-wave1/func/s6_sub-CHIVES1044_ses-wave1_task-money_bold_space-MNI152NLin2009cAsym_preproc.nii
++ current memory malloc-ated = 1,545,411,518 bytes (about 1.5 billion [giga])
++ forcibly using TR=2.0000 seconds for -input dataset
++ Skipping check for initial transients
++ Imaging duration=714.0 s; Automatic polort=5
++ -stim_times using TR=2 s for stimulus timing conversion
++ -stim_times using TR=2 s for any -iresp output datasets
++  [you can alter the -iresp TR via the -TR_times option]
++ ** -stim_times NOTE ** guessing GLOBAL times if 1 time per line; LOCAL otherwise
++ ** GUESSED ** -stim_times_AM2 1 using LOCAL times
[7m*+ WARNING:[0m '-stim_times_AM2 1' (LOCAL) run#1 has 1 times outside range 0 .. 712 [PSFB syndrome]
 + dataset TR being used is 2 s -- unusable times follow
 719.27
++ '-stim_times_AM2 1' average amplitude#1=0.850877
++ ** GUESSED ** -stim_times_AM1 2 using LOCAL times
[7m*+ WARNING:[0m '-stim_times_AM1 2' (LOCAL) run#1 has 2 times outside range 0 .. 712 [PSFB syndrome]
 + dataset TR being used is 2 s -- unusable times follow
 713.41 723.28
------------------------------------------------------------
GLT matrix from 'SYM: AllConds[0]':
   0   0   0   0   0   0   1   0   0   0   0   0   0   0 
 
------------------------------------------------------------
GLT matrix from 'SYM: AllConds[1]':
   0   0   0   0   0   0   0   1   0   0   0   0   0   0 
 
++ Number of time points: 357 (no censoring)
 + Number of parameters:  14 [11 baseline ; 3 signal]
++ total shared memory needed = 3,155,214,060 bytes (about 3.2 billion [giga])
++ current memory malloc-ated = 1,546,539,640 bytes (about 1.5 billion [giga])
++ mmap() memory allocated: 3,155,214,060 bytes (about 3.2 billion [giga])
++ Memory required for output bricks = 3,155,214,060 bytes (about 3.2 billion [giga])
++ Wrote matrix values to file CHIVES1044_AllCondPmod_xmat.1D
++ ========= Things you can do with the matrix file =========
++ (a) Linear regression with ARMA(1,1) modeling of serial correlation:

3dREMLfit -matrix CHIVES1044_AllCondPmod_xmat.1D -input /projects/sanlab/shared/CHIVES/bids_data/derivatives/fmriprep/sub-CHIVES1044/ses-wave1/func/s6_sub-CHIVES1044_ses-wave1_task-money_bold_space-MNI152NLin2009cAsym_preproc.nii \
 -mask /projects/sanlab/shared/CHIVES/bids_data/derivatives/fmriprep/sub-CHIVES1044/ses-wave1/func/sub-CHIVES1044_ses-wave1_task-money_bold_space-MNI152NLin2009cAsym_brainmask.nii.gz \
 -fout -tout -Rbuck CHIVES1044_AllCondPmod_stats_REML -Rvar CHIVES1044_AllCondPmod_stats_REMLvar \
 -Rfitts CHIVES1044_AllCondPmod_REML -Rerrts CHIVES1044_AllCondPmod_REML -verb
 
++ N.B.: 3dREMLfit command above written to file CHIVES1044_AllCondPmod_stats.REML_cmd
++ (b) Visualization/analysis of the matrix via ExamineXmat.R
++ (c) Synthesis of sub-model datasets using 3dSynthesize
++ ==========================================================
++ Wrote matrix values to file CHIVES1044_AllCondPmod_uncensor_xmat.1D
++ ----- Signal+Baseline matrix condition [X] (357x14):  3.2652  ++ VERY GOOD ++
++ ----- Signal-only matrix condition [X] (357x3):  1.47633  ++ VERY GOOD ++
++ ----- Baseline-only matrix condition [X] (357x11):  3.24944  ++ VERY GOOD ++
++ ----- stim_base-only matrix condition [X] (357x5):  1.54971  ++ VERY GOOD ++
++ ----- polort-only matrix condition [X] (357x6):  1.01526  ++ VERY GOOD ++
++ +++++ Matrix inverse average error = 1.32689e-15  ++ VERY GOOD ++
++ Matrix setup time = 0.02 s
++ Voxels in dataset: 1082035
++ Voxels in mask:    272004
++ Voxels per job:    27200
++ Job #1: processing voxels 250202 to 330075; elapsed time=3.957
++ Job #2: processing voxels 330076 to 389021; elapsed time=3.983
++ Job #3: processing voxels 389022 to 444394; elapsed time=4.008
++ Job #4: processing voxels 444395 to 499024; elapsed time=4.033
++ Job #5: processing voxels 499025 to 554810; elapsed time=4.058
++ Job #6: processing voxels 554811 to 616674; elapsed time=4.083
++ Job #7: processing voxels 616675 to 678080; elapsed time=4.107
++ Job #8: processing voxels 678081 to 755398; elapsed time=4.132
++ Job #9: processing voxels 755399 to 1082034; elapsed time=4.157
++ Job #0: processing voxels 0 to 250201; elapsed time=4.167
++ voxel loop:0123456789.0123456789.0123456789.0123456789.0123456++ Job #4 finished; elapsed time=5.659
7++ Job #2 finished; elapsed time=5.669
8++ Job #8 finished; elapsed time=5.739
++ Job #7 finished; elapsed time=5.756
++ Job #1 finished; elapsed time=5.771
9.
++ Job #0 waiting for children to finish; elapsed time=5.789
++ Job #3 finished; elapsed time=5.800
++ Job #5 finished; elapsed time=5.842
++ Job #6 finished; elapsed time=5.864
++ Job #9 finished; elapsed time=6.021
++ Job #0 now finishing up; elapsed time=6.050
++ Smallest FDR q [0 Full_Fstat] = 1.11056e-14
++ Smallest FDR q [2 AllConds#0_Tstat] = 3.18431e-14
++ Smallest FDR q [4 AllConds#1_Tstat] = 1.12526e-06
++ Smallest FDR q [5 AllConds_Fstat] = 3.41471e-14
++ Smallest FDR q [7 BidsNMiss#0_Tstat] = 3.09722e-14
++ Smallest FDR q [8 BidsNMiss_Fstat] = 3.09719e-14
++ Smallest FDR q [10 CondGtRest_GLT#0_Tstat] = 3.18431e-14
++ Smallest FDR q [11 CondGtRest_GLT_Fstat] = 3.18415e-14
++ Smallest FDR q [13 Pmod_GLT#0_Tstat] = 1.12526e-06
++ Smallest FDR q [14 Pmod_GLT_Fstat] = 1.12527e-06
++ Wrote bucket dataset into ./CHIVES1044_AllCondPmod_stats+tlrc.BRIK
 + created 10 FDR curves in bucket header
++ Wrote 3D+time dataset into ./CHIVES1044_AllCondPmod+tlrc.BRIK
++ Wrote 3D+time dataset into ./CHIVES1044_AllCondPmod+tlrc.BRIK
++ Program finished; elapsed time=22.450
** AFNI converts NIFTI_datatype=4 (INT16) in file /projects/sanlab/shared/CHIVES/bids_data/derivatives/fmriprep/sub-CHIVES1044/ses-wave1/func/s6_sub-CHIVES1044_ses-wave1_task-money_bold_space-MNI152NLin2009cAsym_preproc.nii to FLOAT32
     Warnings of this type will be muted for this session.
     Set AFNI_NIFTI_TYPE_WARN to YES to see them all, NO to see none.
++ '-stim_times_AM2 1 /projects/sanlab/shared/CHIVES/CHIVES_WTP_scripts/behavioral/money/afni_timing_files/CHIVES1044/HealthyPmod.1D' has 1 auxiliary values per time point
++ '-stim_times_AM2 1 /projects/sanlab/shared/CHIVES/CHIVES_WTP_scripts/behavioral/money/afni_timing_files/CHIVES1044/HealthyPmod.1D' will have 2 regressors
++ '-stim_times_AM2 2 /projects/sanlab/shared/CHIVES/CHIVES_WTP_scripts/behavioral/money/afni_timing_files/CHIVES1044/UnhealthyPmod.1D' has 1 auxiliary values per time point
++ '-stim_times_AM2 2 /projects/sanlab/shared/CHIVES/CHIVES_WTP_scripts/behavioral/money/afni_timing_files/CHIVES1044/UnhealthyPmod.1D' will have 2 regressors
++ '-stim_times_AM1 3 /projects/sanlab/shared/CHIVES/CHIVES_WTP_scripts/behavioral/money/afni_timing_files/CHIVES1044/BidOnsDur.1D' has 1 auxiliary values per time point
++ '-stim_times_AM1 3': basis function model 'dmBLOCK(1)' uses 1 parameters,
    out of the 1 found in timing file '/projects/sanlab/shared/CHIVES/CHIVES_WTP_scripts/behavioral/money/afni_timing_files/CHIVES1044/BidOnsDur.1D'
++ 3dDeconvolve extending num_stimts from 3 to 8 due to -ortvec
++ 3dDeconvolve: AFNI version=AFNI_18.2.04 (Jul  6 2018) [64-bit]
++ Authored by: B. Douglas Ward, et al.
++ current memory malloc-ated = 289,924 bytes (about 290 thousand [kilo])
++ loading dataset /projects/sanlab/shared/CHIVES/bids_data/derivatives/fmriprep/sub-CHIVES1044/ses-wave1/func/s6_sub-CHIVES1044_ses-wave1_task-money_bold_space-MNI152NLin2009cAsym_preproc.nii
++ current memory malloc-ated = 1,545,438,784 bytes (about 1.5 billion [giga])
++ forcibly using TR=2.0000 seconds for -input dataset
++ Skipping check for initial transients
++ Imaging duration=714.0 s; Automatic polort=5
++ -stim_times using TR=2 s for stimulus timing conversion
++ -stim_times using TR=2 s for any -iresp output datasets
++  [you can alter the -iresp TR via the -TR_times option]
++ ** -stim_times NOTE ** guessing GLOBAL times if 1 time per line; LOCAL otherwise
++ ** GUESSED ** -stim_times_AM2 1 using LOCAL times
++ '-stim_times_AM2 1' average amplitude#1=1.26786
++ ** GUESSED ** -stim_times_AM2 2 using LOCAL times
[7m*+ WARNING:[0m '-stim_times_AM2 2' (LOCAL) run#1 has 1 times outside range 0 .. 712 [PSFB syndrome]
 + dataset TR being used is 2 s -- unusable times follow
 719.27
++ '-stim_times_AM2 2' average amplitude#1=0.448276
++ ** GUESSED ** -stim_times_AM1 3 using LOCAL times
[7m*+ WARNING:[0m '-stim_times_AM1 3' (LOCAL) run#1 has 2 times outside range 0 .. 712 [PSFB syndrome]
 + dataset TR being used is 2 s -- unusable times follow
 713.41 723.28
------------------------------------------------------------
GLT matrix from 'SYM: HealthyPmod[0]':
   0   0   0   0   0   0   1   0   0   0   0   0   0   0   0   0 
 
------------------------------------------------------------
GLT matrix from 'SYM: HealthyPmod[1]':
   0   0   0   0   0   0   0   1   0   0   0   0   0   0   0   0 
 
------------------------------------------------------------
GLT matrix from 'SYM: UnhealthyPmod[0]':
   0   0   0   0   0   0   0   0   1   0   0   0   0   0   0   0 
 
------------------------------------------------------------
GLT matrix from 'SYM: UnhealthyPmod[1]':
   0   0   0   0   0   0   0   0   0   1   0   0   0   0   0   0 
 
------------------------------------------------------------
GLT matrix from 'SYM: HealthyPmod[0] -UnhealthyPmod[0]':
   0   0   0   0   0   0   1   0  -1   0   0   0   0   0   0   0 
 
------------------------------------------------------------
GLT matrix from 'SYM: HealthyPmod[1] -UnhealthyPmod[1]':
   0   0   0   0   0   0   0   1   0  -1   0   0   0   0   0   0 
 
++ Number of time points: 357 (no censoring)
 + Number of parameters:  16 [11 baseline ; 5 signal]
++ total shared memory needed = 3,228,792,440 bytes (about 3.2 billion [giga])
++ current memory malloc-ated = 1,546,571,506 bytes (about 1.5 billion [giga])
++ mmap() memory allocated: 3,228,792,440 bytes (about 3.2 billion [giga])
++ Memory required for output bricks = 3,228,792,440 bytes (about 3.2 billion [giga])
++ Wrote matrix values to file CHIVES1044_2CondPmod_xmat.1D
++ ========= Things you can do with the matrix file =========
++ (a) Linear regression with ARMA(1,1) modeling of serial correlation:

3dREMLfit -matrix CHIVES1044_2CondPmod_xmat.1D -input /projects/sanlab/shared/CHIVES/bids_data/derivatives/fmriprep/sub-CHIVES1044/ses-wave1/func/s6_sub-CHIVES1044_ses-wave1_task-money_bold_space-MNI152NLin2009cAsym_preproc.nii \
 -mask /projects/sanlab/shared/CHIVES/bids_data/derivatives/fmriprep/sub-CHIVES1044/ses-wave1/func/sub-CHIVES1044_ses-wave1_task-money_bold_space-MNI152NLin2009cAsym_brainmask.nii.gz \
 -fout -tout -Rbuck CHIVES1044_2CondPmod_stats_REML -Rvar CHIVES1044_2CondPmod_stats_REMLvar \
 -Rfitts CHIVES1044_2CondPmod_REML -Rerrts CHIVES1044_2CondPmod_REML -verb
 
++ N.B.: 3dREMLfit command above written to file CHIVES1044_2CondPmod_stats.REML_cmd
++ (b) Visualization/analysis of the matrix via ExamineXmat.R
++ (c) Synthesis of sub-model datasets using 3dSynthesize
++ ==========================================================
++ Wrote matrix values to file CHIVES1044_2CondPmod_uncensor_xmat.1D
++ ----- Signal+Baseline matrix condition [X] (357x16):  3.27734  ++ VERY GOOD ++
++ ----- Signal-only matrix condition [X] (357x5):  1.47681  ++ VERY GOOD ++
++ ----- Baseline-only matrix condition [X] (357x11):  3.24944  ++ VERY GOOD ++
++ ----- stim_base-only matrix condition [X] (357x5):  1.54971  ++ VERY GOOD ++
++ ----- polort-only matrix condition [X] (357x6):  1.01526  ++ VERY GOOD ++
++ +++++ Matrix inverse average error = 8.26219e-16  ++ VERY GOOD ++
++ Matrix setup time = 0.01 s
++ Voxels in dataset: 1082035
++ Voxels in mask:    272004
++ Voxels per job:    27200
++ Job #1: processing voxels 250202 to 330075; elapsed time=4.007
++ Job #2: processing voxels 330076 to 389021; elapsed time=4.034
++ Job #3: processing voxels 389022 to 444394; elapsed time=4.060
++ Job #4: processing voxels 444395 to 499024; elapsed time=4.086
++ Job #5: processing voxels 499025 to 554810; elapsed time=4.111
++ Job #6: processing voxels 554811 to 616674; elapsed time=4.137
++ Job #7: processing voxels 616675 to 678080; elapsed time=4.163
++ Job #8: processing voxels 678081 to 755398; elapsed time=4.188
++ Job #9: processing voxels 755399 to 1082034; elapsed time=4.214
++ Job #0: processing voxels 0 to 250201; elapsed time=4.224
++ voxel loop:0123456789.0123456789.0123456789.0123456789.01234567++ Job #4 finished; elapsed time=6.247
8++ Job #2 finished; elapsed time=6.297
++ Job #1 finished; elapsed time=6.299
++ Job #3 finished; elapsed time=6.318
++ Job #6 finished; elapsed time=6.370
9.
++ Job #0 waiting for children to finish; elapsed time=6.381
++ Job #8 finished; elapsed time=6.404
++ Job #7 finished; elapsed time=6.411
++ Job #5 finished; elapsed time=6.417
++ Job #9 finished; elapsed time=6.606
++ Job #0 now finishing up; elapsed time=6.636
++ Smallest FDR q [0 Full_Fstat] = 1.18053e-14
++ Smallest FDR q [2 HealthyPmod#0_Tstat] = 5.63658e-14
++ Smallest FDR q [4 HealthyPmod#1_Tstat] = 0.00403855
++ Smallest FDR q [5 HealthyPmod_Fstat] = 6.44144e-14
++ Smallest FDR q [7 UnhealthyPmod#0_Tstat] = 6.34514e-14
++ Smallest FDR q [9 UnhealthyPmod#1_Tstat] = 0.00352281
++ Smallest FDR q [10 UnhealthyPmod_Fstat] = 6.36021e-14
++ Smallest FDR q [12 BidsNMiss#0_Tstat] = 3.10864e-14
++ Smallest FDR q [13 BidsNMiss_Fstat] = 3.10857e-14
++ Smallest FDR q [15 HealthyGtRest_GLT#0_Tstat] = 5.63658e-14
++ Smallest FDR q [16 HealthyGtRest_GLT_Fstat] = 5.63643e-14
++ Smallest FDR q [18 HealthyPmod_GLT#0_Tstat] = 0.00403855
++ Smallest FDR q [19 HealthyPmod_GLT_Fstat] = 0.00403831
++ Smallest FDR q [21 UnhealthyGtRest_GLT#0_Tstat] = 6.34514e-14
++ Smallest FDR q [22 UnhealthyGtRest_GLT_Fstat] = 6.34528e-14
++ Smallest FDR q [24 UnhealthyPmod_GLT#0_Tstat] = 0.00352281
++ Smallest FDR q [25 UnhealthyPmod_GLT_Fstat] = 0.00352291
++ Smallest FDR q [27 HealthyGtUnhealthy_GLT#0_Tstat] = 0.0012127
++ Smallest FDR q [28 HealthyGtUnhealthy_GLT_Fstat] = 0.00121268
++ Smallest FDR q [30 HealthyGtUnhealthyPmod_GLT#0_Tstat] = 0.00418152
++ Smallest FDR q [31 HealthyGtUnhealthyPmod_GLT_Fstat] = 0.00418143
++ Wrote bucket dataset into ./CHIVES1044_2CondPmod_stats+tlrc.BRIK
 + created 21 FDR curves in bucket header
++ Wrote 3D+time dataset into ./CHIVES1044_2CondPmod+tlrc.BRIK
++ Wrote 3D+time dataset into ./CHIVES1044_2CondPmod+tlrc.BRIK
++ Program finished; elapsed time=37.823
** AFNI converts NIFTI_datatype=4 (INT16) in file /projects/sanlab/shared/CHIVES/bids_data/derivatives/fmriprep/sub-CHIVES1044/ses-wave1/func/s6_sub-CHIVES1044_ses-wave1_task-money_bold_space-MNI152NLin2009cAsym_preproc.nii to FLOAT32
     Warnings of this type will be muted for this session.
     Set AFNI_NIFTI_TYPE_WARN to YES to see them all, NO to see none.
++ '-stim_times_AM1 3 /projects/sanlab/shared/CHIVES/CHIVES_WTP_scripts/behavioral/money/afni_timing_files/CHIVES1044/BidOnsDur.1D' has 1 auxiliary values per time point
++ '-stim_times_AM1 3': basis function model 'dmBLOCK(1)' uses 1 parameters,
    out of the 1 found in timing file '/projects/sanlab/shared/CHIVES/CHIVES_WTP_scripts/behavioral/money/afni_timing_files/CHIVES1044/BidOnsDur.1D'
++ 3dDeconvolve extending num_stimts from 3 to 8 due to -ortvec
++ 3dDeconvolve: AFNI version=AFNI_18.2.04 (Jul  6 2018) [64-bit]
++ Authored by: B. Douglas Ward, et al.
++ current memory malloc-ated = 273,688 bytes (about 274 thousand [kilo])
++ loading dataset /projects/sanlab/shared/CHIVES/bids_data/derivatives/fmriprep/sub-CHIVES1044/ses-wave1/func/s6_sub-CHIVES1044_ses-wave1_task-money_bold_space-MNI152NLin2009cAsym_preproc.nii
++ current memory malloc-ated = 1,545,422,548 bytes (about 1.5 billion [giga])
++ forcibly using TR=2.0000 seconds for -input dataset
++ Skipping check for initial transients
++ Imaging duration=714.0 s; Automatic polort=5
++ -stim_times using TR=2 s for stimulus timing conversion
++ -stim_times using TR=2 s for any -iresp output datasets
++  [you can alter the -iresp TR via the -TR_times option]
++ ** -stim_times NOTE ** guessing GLOBAL times if 1 time per line; LOCAL otherwise
++ ** GUESSED ** -stim_times 1 using LOCAL times
++ ** GUESSED ** -stim_times 2 using LOCAL times
[7m*+ WARNING:[0m '-stim_times 2' (LOCAL) run#1 has 1 times outside range 0 .. 712 [PSFB syndrome]
 + dataset TR being used is 2 s -- unusable times follow
 719.27
++ ** GUESSED ** -stim_times_AM1 3 using LOCAL times
[7m*+ WARNING:[0m '-stim_times_AM1 3' (LOCAL) run#1 has 2 times outside range 0 .. 712 [PSFB syndrome]
 + dataset TR being used is 2 s -- unusable times follow
 713.41 723.28
------------------------------------------------------------
GLT matrix from 'SYM: Healthy':
   0   0   0   0   0   0   1   0   0   0   0   0   0   0 
 
------------------------------------------------------------
GLT matrix from 'SYM: Unhealthy':
   0   0   0   0   0   0   0   1   0   0   0   0   0   0 
 
------------------------------------------------------------
GLT matrix from 'SYM: Healthy -Unhealthy':
   0   0   0   0   0   0   1  -1   0   0   0   0   0   0 
 
++ Number of time points: 357 (no censoring)
 + Number of parameters:  14 [11 baseline ; 3 signal]
++ total shared memory needed = 3,172,526,620 bytes (about 3.2 billion [giga])
++ current memory malloc-ated = 1,546,550,720 bytes (about 1.5 billion [giga])
++ mmap() memory allocated: 3,172,526,620 bytes (about 3.2 billion [giga])
++ Memory required for output bricks = 3,172,526,620 bytes (about 3.2 billion [giga])
++ Wrote matrix values to file CHIVES1044_2Cond_xmat.1D
++ ========= Things you can do with the matrix file =========
++ (a) Linear regression with ARMA(1,1) modeling of serial correlation:

3dREMLfit -matrix CHIVES1044_2Cond_xmat.1D -input /projects/sanlab/shared/CHIVES/bids_data/derivatives/fmriprep/sub-CHIVES1044/ses-wave1/func/s6_sub-CHIVES1044_ses-wave1_task-money_bold_space-MNI152NLin2009cAsym_preproc.nii \
 -mask /projects/sanlab/shared/CHIVES/bids_data/derivatives/fmriprep/sub-CHIVES1044/ses-wave1/func/sub-CHIVES1044_ses-wave1_task-money_bold_space-MNI152NLin2009cAsym_brainmask.nii.gz \
 -fout -tout -Rbuck CHIVES1044_2Cond_stats_REML -Rvar CHIVES1044_2Cond_stats_REMLvar \
 -Rfitts CHIVES1044_2Cond_REML -Rerrts CHIVES1044_2Cond_REML -verb
 
++ N.B.: 3dREMLfit command above written to file CHIVES1044_2Cond_stats.REML_cmd
++ (b) Visualization/analysis of the matrix via ExamineXmat.R
++ (c) Synthesis of sub-model datasets using 3dSynthesize
++ ==========================================================
++ Wrote matrix values to file CHIVES1044_2Cond_uncensor_xmat.1D
++ ----- Signal+Baseline matrix condition [X] (357x14):  3.27251  ++ VERY GOOD ++
++ ----- Signal-only matrix condition [X] (357x3):  1.47596  ++ VERY GOOD ++
++ ----- Baseline-only matrix condition [X] (357x11):  3.24944  ++ VERY GOOD ++
++ ----- stim_base-only matrix condition [X] (357x5):  1.54971  ++ VERY GOOD ++
++ ----- polort-only matrix condition [X] (357x6):  1.01526  ++ VERY GOOD ++
++ +++++ Matrix inverse average error = 1.12049e-15  ++ VERY GOOD ++
++ Matrix setup time = 0.01 s
++ Voxels in dataset: 1082035
++ Voxels in mask:    272004
++ Voxels per job:    27200
++ Job #1: processing voxels 250202 to 330075; elapsed time=3.849
++ Job #2: processing voxels 330076 to 389021; elapsed time=3.876
++ Job #3: processing voxels 389022 to 444394; elapsed time=3.902
++ Job #4: processing voxels 444395 to 499024; elapsed time=3.928
++ Job #5: processing voxels 499025 to 554810; elapsed time=3.954
++ Job #6: processing voxels 554811 to 616674; elapsed time=3.981
++ Job #7: processing voxels 616675 to 678080; elapsed time=4.007
++ Job #8: processing voxels 678081 to 755398; elapsed time=4.034
++ Job #9: processing voxels 755399 to 1082034; elapsed time=4.061
++ Job #0: processing voxels 0 to 250201; elapsed time=4.071
++ voxel loop:0123456789.0123456789.0123456789.0123456789.0123456++ Job #2 finished; elapsed time=5.639
7++ Job #4 finished; elapsed time=5.675
8++ Job #6 finished; elapsed time=5.737
++ Job #3 finished; elapsed time=5.757
++ Job #1 finished; elapsed time=5.765
++ Job #8 finished; elapsed time=5.784
9.
++ Job #0 waiting for children to finish; elapsed time=5.798
++ Job #5 finished; elapsed time=5.804
++ Job #7 finished; elapsed time=5.869
++ Job #9 finished; elapsed time=6.030
++ Job #0 now finishing up; elapsed time=6.061
++ Smallest FDR q [0 Full_Fstat] = 1.16852e-14
++ Smallest FDR q [2 Healthy#0_Tstat] = 5.67865e-14
++ Smallest FDR q [3 Healthy_Fstat] = 5.67865e-14
++ Smallest FDR q [5 Unhealthy#0_Tstat] = 6.23246e-14
++ Smallest FDR q [6 Unhealthy_Fstat] = 6.23233e-14
++ Smallest FDR q [8 BidsNMiss#0_Tstat] = 3.1071e-14
++ Smallest FDR q [9 BidsNMiss_Fstat] = 3.1071e-14
++ Smallest FDR q [11 HealthyGtRest_GLT#0_Tstat] = 5.67865e-14
++ Smallest FDR q [12 HealthyGtRest_GLT_Fstat] = 5.67873e-14
++ Smallest FDR q [14 UnhealthyGtRest_GLT#0_Tstat] = 6.23246e-14
++ Smallest FDR q [15 UnhealthyGtRest_GLT_Fstat] = 6.23224e-14
++ Smallest FDR q [17 HealthyGtUnhealthy_GLT#0_Tstat] = 0.00114555
++ Smallest FDR q [18 HealthyGtUnhealthy_GLT_Fstat] = 0.00114565
++ Wrote bucket dataset into ./CHIVES1044_2Cond_stats+tlrc.BRIK
 + created 13 FDR curves in bucket header
++ Wrote 3D+time dataset into ./CHIVES1044_2Cond+tlrc.BRIK
++ Wrote 3D+time dataset into ./CHIVES1044_2Cond+tlrc.BRIK
++ Program finished; elapsed time=25.010
