** AFNI converts NIFTI_datatype=4 (INT16) in file /projects/sanlab/shared/CHIVES/bids_data/derivatives/fmriprep/sub-CHIVES1098/ses-wave1/func/s6_sub-CHIVES1098_ses-wave1_task-money_bold_space-MNI152NLin2009cAsym_preproc.nii to FLOAT32
     Warnings of this type will be muted for this session.
     Set AFNI_NIFTI_TYPE_WARN to YES to see them all, NO to see none.
++ '-stim_times_AM2 1 /projects/sanlab/shared/CHIVES/CHIVES_WTP_scripts/behavioral/money/afni_timing_files/CHIVES1098/AllCondsPmod.1D' has 1 auxiliary values per time point
++ '-stim_times_AM2 1 /projects/sanlab/shared/CHIVES/CHIVES_WTP_scripts/behavioral/money/afni_timing_files/CHIVES1098/AllCondsPmod.1D' will have 2 regressors
++ '-stim_times_AM1 2 /projects/sanlab/shared/CHIVES/CHIVES_WTP_scripts/behavioral/money/afni_timing_files/CHIVES1098/BidOnsDur.1D' has 1 auxiliary values per time point
++ '-stim_times_AM1 2': basis function model 'dmBLOCK(1)' uses 1 parameters,
    out of the 1 found in timing file '/projects/sanlab/shared/CHIVES/CHIVES_WTP_scripts/behavioral/money/afni_timing_files/CHIVES1098/BidOnsDur.1D'
++ 3dDeconvolve extending num_stimts from 2 to 6 due to -ortvec
++ 3dDeconvolve: AFNI version=AFNI_18.2.04 (Jul  6 2018) [64-bit]
++ Authored by: B. Douglas Ward, et al.
++ current memory malloc-ated = 254,619 bytes (about 255 thousand [kilo])
++ loading dataset /projects/sanlab/shared/CHIVES/bids_data/derivatives/fmriprep/sub-CHIVES1098/ses-wave1/func/s6_sub-CHIVES1098_ses-wave1_task-money_bold_space-MNI152NLin2009cAsym_preproc.nii
++ current memory malloc-ated = 1,545,403,479 bytes (about 1.5 billion [giga])
++ forcibly using TR=2.0000 seconds for -input dataset
++ Skipping check for initial transients
++ Imaging duration=714.0 s; Automatic polort=5
++ -stim_times using TR=2 s for stimulus timing conversion
++ -stim_times using TR=2 s for any -iresp output datasets
++  [you can alter the -iresp TR via the -TR_times option]
++ ** -stim_times NOTE ** guessing GLOBAL times if 1 time per line; LOCAL otherwise
++ ** GUESSED ** -stim_times_AM2 1 using LOCAL times
++ '-stim_times_AM2 1' average amplitude#1=0.603448
++ ** GUESSED ** -stim_times_AM1 2 using LOCAL times
------------------------------------------------------------
GLT matrix from 'SYM: AllConds[0]':
   0   0   0   0   0   0   1   0   0   0   0   0   0 
 
------------------------------------------------------------
GLT matrix from 'SYM: AllConds[1]':
   0   0   0   0   0   0   0   1   0   0   0   0   0 
 
++ Number of time points: 357 (no censoring)
 + Number of parameters:  13 [10 baseline ; 3 signal]
++ total shared memory needed = 3,155,214,060 bytes (about 3.2 billion [giga])
++ current memory malloc-ated = 1,546,531,413 bytes (about 1.5 billion [giga])
++ mmap() memory allocated: 3,155,214,060 bytes (about 3.2 billion [giga])
++ Memory required for output bricks = 3,155,214,060 bytes (about 3.2 billion [giga])
++ Wrote matrix values to file CHIVES1098_AllCondPmod_xmat.1D
++ ========= Things you can do with the matrix file =========
++ (a) Linear regression with ARMA(1,1) modeling of serial correlation:

3dREMLfit -matrix CHIVES1098_AllCondPmod_xmat.1D -input /projects/sanlab/shared/CHIVES/bids_data/derivatives/fmriprep/sub-CHIVES1098/ses-wave1/func/s6_sub-CHIVES1098_ses-wave1_task-money_bold_space-MNI152NLin2009cAsym_preproc.nii \
 -mask /projects/sanlab/shared/CHIVES/bids_data/derivatives/fmriprep/sub-CHIVES1098/ses-wave1/func/sub-CHIVES1098_ses-wave1_task-money_bold_space-MNI152NLin2009cAsym_brainmask.nii.gz \
 -fout -tout -Rbuck CHIVES1098_AllCondPmod_stats_REML -Rvar CHIVES1098_AllCondPmod_stats_REMLvar \
 -Rfitts CHIVES1098_AllCondPmod_REML -Rerrts CHIVES1098_AllCondPmod_REML -verb
 
++ N.B.: 3dREMLfit command above written to file CHIVES1098_AllCondPmod_stats.REML_cmd
++ (b) Visualization/analysis of the matrix via ExamineXmat.R
++ (c) Synthesis of sub-model datasets using 3dSynthesize
++ ==========================================================
++ Wrote matrix values to file CHIVES1098_AllCondPmod_uncensor_xmat.1D
++ ----- Signal+Baseline matrix condition [X] (357x13):  3.37601  ++ VERY GOOD ++
++ ----- Signal-only matrix condition [X] (357x3):  1.52577  ++ VERY GOOD ++
++ ----- Baseline-only matrix condition [X] (357x10):  3.33633  ++ VERY GOOD ++
++ ----- stim_base-only matrix condition [X] (357x4):  1.49874  ++ VERY GOOD ++
++ ----- polort-only matrix condition [X] (357x6):  1.01526  ++ VERY GOOD ++
++ +++++ Matrix inverse average error = 1.751e-15  ++ VERY GOOD ++
++ Matrix setup time = 0.01 s
++ Voxels in dataset: 1082035
++ Voxels in mask:    268919
++ Voxels per job:    13445
++ Job #1: processing voxels 185200 to 241306; elapsed time=4.652
++ Job #2: processing voxels 241307 to 287361; elapsed time=4.672
++ Job #3: processing voxels 287362 to 326673; elapsed time=4.695
++ Job #4: processing voxels 326674 to 354504; elapsed time=4.717
++ Job #5: processing voxels 354505 to 384637; elapsed time=4.740
++ Job #6: processing voxels 384638 to 411340; elapsed time=4.763
++ Job #7: processing voxels 411341 to 440218; elapsed time=4.787
++ Job #8: processing voxels 440219 to 466138; elapsed time=4.811
++ Job #9: processing voxels 466139 to 495269; elapsed time=4.836
++ Job #10: processing voxels 495270 to 521229; elapsed time=4.860
++ Job #11: processing voxels 521230 to 551106; elapsed time=4.885
++ Job #12: processing voxels 551107 to 577891; elapsed time=4.909
++ Job #13: processing voxels 577892 to 608794; elapsed time=4.948
++ Job #14: processing voxels 608795 to 641027; elapsed time=4.960
++ Job #15: processing voxels 641028 to 674420; elapsed time=5.000
++ Job #16: processing voxels 674421 to 709435; elapsed time=5.025
++ Job #17: processing voxels 709436 to 752454; elapsed time=5.038
++ Job #18: processing voxels 752455 to 806711; elapsed time=5.075
++ Job #19: processing voxels 806712 to 1082034; elapsed time=5.090
++ Job #0: processing voxels 0 to 185199; elapsed time=5.100
++ voxel loop:0123456789.0123456789.0123456789.012345678++ Job #2 finished; elapsed time=5.473
9.++ Job #4 finished; elapsed time=5.511
++ Job #3 finished; elapsed time=5.540
01++ Job #6 finished; elapsed time=5.553
2++ Job #5 finished; elapsed time=5.576
++ Job #8 finished; elapsed time=5.605
++ Job #7 finished; elapsed time=5.620
34++ Job #10 finished; elapsed time=5.653
5++ Job #9 finished; elapsed time=5.696
++ Job #12 finished; elapsed time=5.699
6++ Job #13 finished; elapsed time=5.760
7++ Job #14 finished; elapsed time=5.761
8++ Job #1 finished; elapsed time=5.824
++ Job #17 finished; elapsed time=5.841
9.
++ Job #0 waiting for children to finish; elapsed time=5.876
++ Job #19 finished; elapsed time=5.919
++ Job #11 finished; elapsed time=6.010
++ Job #15 finished; elapsed time=6.081
++ Job #18 finished; elapsed time=6.218
++ Job #16 finished; elapsed time=6.221
++ Job #0 now finishing up; elapsed time=6.239
++ Smallest FDR q [0 Full_Fstat] = 1.70521e-14
++ Smallest FDR q [2 AllConds#0_Tstat] = 2.55546e-14
++ Smallest FDR q [4 AllConds#1_Tstat] = 8.93004e-09
++ Smallest FDR q [5 AllConds_Fstat] = 2.44415e-14
++ Smallest FDR q [7 BidsNMiss#0_Tstat] = 1.60397e-13
++ Smallest FDR q [8 BidsNMiss_Fstat] = 1.60403e-13
++ Smallest FDR q [10 CondGtRest_GLT#0_Tstat] = 2.55546e-14
++ Smallest FDR q [11 CondGtRest_GLT_Fstat] = 2.55546e-14
++ Smallest FDR q [13 Pmod_GLT#0_Tstat] = 8.93004e-09
++ Smallest FDR q [14 Pmod_GLT_Fstat] = 8.93021e-09
++ Wrote bucket dataset into ./CHIVES1098_AllCondPmod_stats+tlrc.BRIK
 + created 10 FDR curves in bucket header
++ Wrote 3D+time dataset into ./CHIVES1098_AllCondPmod+tlrc.BRIK
++ Wrote 3D+time dataset into ./CHIVES1098_AllCondPmod+tlrc.BRIK
++ Program finished; elapsed time=22.400
++ 3dREMLfit: AFNI version=AFNI_18.2.04 (Jul  6 2018) [64-bit]
++ Authored by: RWCox
** AFNI converts NIFTI_datatype=4 (INT16) in file /projects/sanlab/shared/CHIVES/bids_data/derivatives/fmriprep/sub-CHIVES1098/ses-wave1/func/s6_sub-CHIVES1098_ses-wave1_task-money_bold_space-MNI152NLin2009cAsym_preproc.nii to FLOAT32
     Warnings of this type will be muted for this session.
     Set AFNI_NIFTI_TYPE_WARN to YES to see them all, NO to see none.
++ Number of voxels in mask = 268919
++ Number of OpenMP threads = 15
++ -----  matrix condition (357x13):  3.37601  ++ VERY GOOD ++
++ Loading input dataset into memory
++ Converting input dataset to vector image
 +  dataset = 1.5 billion [giga] bytes
 +  vectim  = 385 million [mega] bytes
++ starting REML setup calculations; total CPU=0.00 Elapsed=4.22
 + X matrix: 99.310% of elements are nonzero
 + starting 15 OpenMP threads for REML setup
 + REML setup finished: matrix rows=357 cols=13; 109*1 cases; total CPU=0.00 Elapsed=4.23
 +  average case bandwidth = 13.00
++ REML voxel loop: [15 threads]0123456789.012
 + ARMA voxel parameters estimated: total CPU=0.00 Elapsed=20.32
++ GLSQ loop:0123456789.0123456789.0123456789.0123456789.0123456789.
 + GLSQ regression done: total CPU=0.00 Elapsed=42.66
++ Output dataset ./CHIVES1098_AllCondPmod_stats_REMLvar+tlrc.BRIK
++ Output dataset ./CHIVES1098_AllCondPmod_REML+tlrc.BRIK
[7m** ERROR:[0m output dataset name 'CHIVES1098_AllCondPmod_REML' conflicts with existing file
[7m** ERROR:[0m dataset NOT written to disk!
++ creating FDR curves in dataset CHIVES1098_AllCondPmod_stats_REML+tlrc
++ Smallest FDR q [0 Full_Fstat] = 2.5828e-14
++ Smallest FDR q [2 AllConds#0_Tstat] = 3.54978e-14
++ Smallest FDR q [4 AllConds#1_Tstat] = 0.00062187
++ Smallest FDR q [5 AllConds_Fstat] = 3.84097e-14
++ Smallest FDR q [7 BidsNMiss#0_Tstat] = 3.73687e-13
++ Smallest FDR q [8 BidsNMiss_Fstat] = 3.73687e-13
++ Smallest FDR q [10 CondGtRest#0_Tstat] = 3.54978e-14
++ Smallest FDR q [11 CondGtRest_Fstat] = 3.54978e-14
++ Smallest FDR q [13 Pmod#0_Tstat] = 0.00062187
++ Smallest FDR q [14 Pmod_Fstat] = 0.00062187
 + Added 10 FDR curves to dataset CHIVES1098_AllCondPmod_stats_REML+tlrc
++ Output dataset ./CHIVES1098_AllCondPmod_stats_REML+tlrc.BRIK
 + unloading input dataset and REML matrices
++ 3dREMLfit is all done! total CPU=0.00 Elapsed=58.13
** AFNI converts NIFTI_datatype=4 (INT16) in file /projects/sanlab/shared/CHIVES/bids_data/derivatives/fmriprep/sub-CHIVES1098/ses-wave1/func/s6_sub-CHIVES1098_ses-wave1_task-money_bold_space-MNI152NLin2009cAsym_preproc.nii to FLOAT32
     Warnings of this type will be muted for this session.
     Set AFNI_NIFTI_TYPE_WARN to YES to see them all, NO to see none.
++ '-stim_times_AM2 1 /projects/sanlab/shared/CHIVES/CHIVES_WTP_scripts/behavioral/money/afni_timing_files/CHIVES1098/HealthyPmod.1D' has 1 auxiliary values per time point
++ '-stim_times_AM2 1 /projects/sanlab/shared/CHIVES/CHIVES_WTP_scripts/behavioral/money/afni_timing_files/CHIVES1098/HealthyPmod.1D' will have 2 regressors
++ '-stim_times_AM2 2 /projects/sanlab/shared/CHIVES/CHIVES_WTP_scripts/behavioral/money/afni_timing_files/CHIVES1098/UnhealthyPmod.1D' has 1 auxiliary values per time point
++ '-stim_times_AM2 2 /projects/sanlab/shared/CHIVES/CHIVES_WTP_scripts/behavioral/money/afni_timing_files/CHIVES1098/UnhealthyPmod.1D' will have 2 regressors
++ '-stim_times_AM1 3 /projects/sanlab/shared/CHIVES/CHIVES_WTP_scripts/behavioral/money/afni_timing_files/CHIVES1098/BidOnsDur.1D' has 1 auxiliary values per time point
++ '-stim_times_AM1 3': basis function model 'dmBLOCK(1)' uses 1 parameters,
    out of the 1 found in timing file '/projects/sanlab/shared/CHIVES/CHIVES_WTP_scripts/behavioral/money/afni_timing_files/CHIVES1098/BidOnsDur.1D'
++ 3dDeconvolve extending num_stimts from 3 to 7 due to -ortvec
++ 3dDeconvolve: AFNI version=AFNI_18.2.04 (Jul  6 2018) [64-bit]
++ Authored by: B. Douglas Ward, et al.
++ current memory malloc-ated = 281,885 bytes (about 282 thousand [kilo])
++ loading dataset /projects/sanlab/shared/CHIVES/bids_data/derivatives/fmriprep/sub-CHIVES1098/ses-wave1/func/s6_sub-CHIVES1098_ses-wave1_task-money_bold_space-MNI152NLin2009cAsym_preproc.nii
++ current memory malloc-ated = 1,545,430,745 bytes (about 1.5 billion [giga])
++ forcibly using TR=2.0000 seconds for -input dataset
++ Skipping check for initial transients
++ Imaging duration=714.0 s; Automatic polort=5
++ -stim_times using TR=2 s for stimulus timing conversion
++ -stim_times using TR=2 s for any -iresp output datasets
++  [you can alter the -iresp TR via the -TR_times option]
++ ** -stim_times NOTE ** guessing GLOBAL times if 1 time per line; LOCAL otherwise
++ ** GUESSED ** -stim_times_AM2 1 using LOCAL times
++ '-stim_times_AM2 1' average amplitude#1=1
++ ** GUESSED ** -stim_times_AM2 2 using LOCAL times
++ '-stim_times_AM2 2' average amplitude#1=0.206897
++ ** GUESSED ** -stim_times_AM1 3 using LOCAL times
------------------------------------------------------------
GLT matrix from 'SYM: HealthyPmod[0]':
   0   0   0   0   0   0   1   0   0   0   0   0   0   0   0 
 
------------------------------------------------------------
GLT matrix from 'SYM: HealthyPmod[1]':
   0   0   0   0   0   0   0   1   0   0   0   0   0   0   0 
 
------------------------------------------------------------
GLT matrix from 'SYM: UnhealthyPmod[0]':
   0   0   0   0   0   0   0   0   1   0   0   0   0   0   0 
 
------------------------------------------------------------
GLT matrix from 'SYM: UnhealthyPmod[1]':
   0   0   0   0   0   0   0   0   0   1   0   0   0   0   0 
 
------------------------------------------------------------
GLT matrix from 'SYM: HealthyPmod[0] -UnhealthyPmod[0]':
   0   0   0   0   0   0   1   0  -1   0   0   0   0   0   0 
 
------------------------------------------------------------
GLT matrix from 'SYM: HealthyPmod[1] -UnhealthyPmod[1]':
   0   0   0   0   0   0   0   1   0  -1   0   0   0   0   0 
 
++ Number of time points: 357 (no censoring)
 + Number of parameters:  15 [10 baseline ; 5 signal]
++ total shared memory needed = 3,228,792,440 bytes (about 3.2 billion [giga])
++ current memory malloc-ated = 1,546,563,247 bytes (about 1.5 billion [giga])
++ mmap() memory allocated: 3,228,792,440 bytes (about 3.2 billion [giga])
++ Memory required for output bricks = 3,228,792,440 bytes (about 3.2 billion [giga])
++ Wrote matrix values to file CHIVES1098_2CondPmod_xmat.1D
++ ========= Things you can do with the matrix file =========
++ (a) Linear regression with ARMA(1,1) modeling of serial correlation:

3dREMLfit -matrix CHIVES1098_2CondPmod_xmat.1D -input /projects/sanlab/shared/CHIVES/bids_data/derivatives/fmriprep/sub-CHIVES1098/ses-wave1/func/s6_sub-CHIVES1098_ses-wave1_task-money_bold_space-MNI152NLin2009cAsym_preproc.nii \
 -mask /projects/sanlab/shared/CHIVES/bids_data/derivatives/fmriprep/sub-CHIVES1098/ses-wave1/func/sub-CHIVES1098_ses-wave1_task-money_bold_space-MNI152NLin2009cAsym_brainmask.nii.gz \
 -fout -tout -Rbuck CHIVES1098_2CondPmod_stats_REML -Rvar CHIVES1098_2CondPmod_stats_REMLvar \
 -Rfitts CHIVES1098_2CondPmod_REML -Rerrts CHIVES1098_2CondPmod_REML -verb
 
++ N.B.: 3dREMLfit command above written to file CHIVES1098_2CondPmod_stats.REML_cmd
++ (b) Visualization/analysis of the matrix via ExamineXmat.R
++ (c) Synthesis of sub-model datasets using 3dSynthesize
++ ==========================================================
++ Wrote matrix values to file CHIVES1098_2CondPmod_uncensor_xmat.1D
++ ----- Signal+Baseline matrix condition [X] (357x15):  3.40367  ++ VERY GOOD ++
++ ----- Signal-only matrix condition [X] (357x5):  1.52704  ++ VERY GOOD ++
++ ----- Baseline-only matrix condition [X] (357x10):  3.33633  ++ VERY GOOD ++
++ ----- stim_base-only matrix condition [X] (357x4):  1.49874  ++ VERY GOOD ++
++ ----- polort-only matrix condition [X] (357x6):  1.01526  ++ VERY GOOD ++
++ +++++ Matrix inverse average error = 9.71171e-16  ++ VERY GOOD ++
++ Matrix setup time = 0.01 s
++ Voxels in dataset: 1082035
++ Voxels in mask:    268919
++ Voxels per job:    13445
++ Job #1: processing voxels 185200 to 241306; elapsed time=4.377
++ Job #2: processing voxels 241307 to 287361; elapsed time=4.398
++ Job #3: processing voxels 287362 to 326673; elapsed time=4.422
++ Job #4: processing voxels 326674 to 354504; elapsed time=4.445
++ Job #5: processing voxels 354505 to 384637; elapsed time=4.470
++ Job #6: processing voxels 384638 to 411340; elapsed time=4.495
++ Job #7: processing voxels 411341 to 440218; elapsed time=4.521
++ Job #8: processing voxels 440219 to 466138; elapsed time=4.546
++ Job #9: processing voxels 466139 to 495269; elapsed time=4.573
++ Job #10: processing voxels 495270 to 521229; elapsed time=4.599
++ Job #11: processing voxels 521230 to 551106; elapsed time=4.626
++ Job #12: processing voxels 551107 to 577891; elapsed time=4.653
++ Job #13: processing voxels 577892 to 608794; elapsed time=4.701
++ Job #14: processing voxels 608795 to 641027; elapsed time=4.719
++ Job #15: processing voxels 641028 to 674420; elapsed time=4.765
++ Job #16: processing voxels 674421 to 709435; elapsed time=4.784
++ Job #17: processing voxels 709436 to 752454; elapsed time=4.816
++ Job #18: processing voxels 752455 to 806711; elapsed time=4.862
++ Job #19: processing voxels 806712 to 1082034; elapsed time=4.881
++ Job #0: processing voxels 0 to 185199; elapsed time=4.892
++ voxel loop:0123456789.0123456789.0123456789.0123456789.++ Job #4 finished; elapsed time=5.558
++ Job #1 finished; elapsed time=5.567
01++ Job #3 finished; elapsed time=5.605
++ Job #6 finished; elapsed time=5.626
2++ Job #5 finished; elapsed time=5.635
++ Job #8 finished; elapsed time=5.674
++ Job #7 finished; elapsed time=5.688
++ Job #9 finished; elapsed time=5.726
34++ Job #11 finished; elapsed time=5.781
5++ Job #2 finished; elapsed time=5.847
++ Job #14 finished; elapsed time=5.872
67++ Job #16 finished; elapsed time=5.952
8++ Job #17 finished; elapsed time=5.989
++ Job #10 finished; elapsed time=6.084
9.
++ Job #0 waiting for children to finish; elapsed time=6.103
++ Job #19 finished; elapsed time=6.110
++ Job #12 finished; elapsed time=6.111
++ Job #13 finished; elapsed time=6.174
++ Job #15 finished; elapsed time=6.202
++ Job #18 finished; elapsed time=6.260
++ Job #0 now finishing up; elapsed time=6.280
++ Smallest FDR q [0 Full_Fstat] = 1.48035e-14
++ Smallest FDR q [2 HealthyPmod#0_Tstat] = 3.28629e-14
++ Smallest FDR q [4 HealthyPmod#1_Tstat] = 0.0223308
++ Smallest FDR q [5 HealthyPmod_Fstat] = 3.54209e-14
++ Smallest FDR q [7 UnhealthyPmod#0_Tstat] = 4.10255e-14
++ Smallest FDR q [9 UnhealthyPmod#1_Tstat] = 5.18611e-06
++ Smallest FDR q [10 UnhealthyPmod_Fstat] = 3.53326e-14
++ Smallest FDR q [12 BidsNMiss#0_Tstat] = 1.57705e-13
++ Smallest FDR q [13 BidsNMiss_Fstat] = 1.57699e-13
++ Smallest FDR q [15 HealthyGtRest_GLT#0_Tstat] = 3.28629e-14
++ Smallest FDR q [16 HealthyGtRest_GLT_Fstat] = 3.28621e-14
++ Smallest FDR q [18 HealthyPmod_GLT#0_Tstat] = 0.0223308
++ Smallest FDR q [19 HealthyPmod_GLT_Fstat] = 0.0223328
++ Smallest FDR q [21 UnhealthyGtRest_GLT#0_Tstat] = 4.10255e-14
++ Smallest FDR q [22 UnhealthyGtRest_GLT_Fstat] = 4.10251e-14
++ Smallest FDR q [24 UnhealthyPmod_GLT#0_Tstat] = 5.18611e-06
++ Smallest FDR q [25 UnhealthyPmod_GLT_Fstat] = 5.18596e-06
++ Smallest FDR q [27 HealthyGtUnhealthy_GLT#0_Tstat] = 3.56723e-07
++ Smallest FDR q [28 HealthyGtUnhealthy_GLT_Fstat] = 3.5672e-07
++ Smallest FDR q [30 HealthyGtUnhealthyPmod_GLT#0_Tstat] = 4.7671e-05
++ Smallest FDR q [31 HealthyGtUnhealthyPmod_GLT_Fstat] = 4.76712e-05
++ Wrote bucket dataset into ./CHIVES1098_2CondPmod_stats+tlrc.BRIK
 + created 21 FDR curves in bucket header
++ Wrote 3D+time dataset into ./CHIVES1098_2CondPmod+tlrc.BRIK
++ Wrote 3D+time dataset into ./CHIVES1098_2CondPmod+tlrc.BRIK
++ Program finished; elapsed time=36.711
++ 3dREMLfit: AFNI version=AFNI_18.2.04 (Jul  6 2018) [64-bit]
++ Authored by: RWCox
** AFNI converts NIFTI_datatype=4 (INT16) in file /projects/sanlab/shared/CHIVES/bids_data/derivatives/fmriprep/sub-CHIVES1098/ses-wave1/func/s6_sub-CHIVES1098_ses-wave1_task-money_bold_space-MNI152NLin2009cAsym_preproc.nii to FLOAT32
     Warnings of this type will be muted for this session.
     Set AFNI_NIFTI_TYPE_WARN to YES to see them all, NO to see none.
++ Number of voxels in mask = 268919
++ Number of OpenMP threads = 15
++ -----  matrix condition (357x15):  3.40367  ++ VERY GOOD ++
++ Loading input dataset into memory
++ Converting input dataset to vector image
 +  dataset = 1.5 billion [giga] bytes
 +  vectim  = 385 million [mega] bytes
++ starting REML setup calculations; total CPU=0.00 Elapsed=4.25
 + X matrix: 88.441% of elements are nonzero
 + starting 15 OpenMP threads for REML setup
 + REML setup finished: matrix rows=357 cols=15; 109*1 cases; total CPU=0.00 Elapsed=4.26
 +  average case bandwidth = 13.00
++ REML voxel loop: [15 threads]0123456789.012
 + ARMA voxel parameters estimated: total CPU=0.00 Elapsed=20.64
++ GLSQ loop:0123456789.0123456789.0123456789.0123456789.0123456789.
 + GLSQ regression done: total CPU=0.00 Elapsed=53.45
++ Output dataset ./CHIVES1098_2CondPmod_stats_REMLvar+tlrc.BRIK
++ Output dataset ./CHIVES1098_2CondPmod_REML+tlrc.BRIK
[7m** ERROR:[0m output dataset name 'CHIVES1098_2CondPmod_REML' conflicts with existing file
[7m** ERROR:[0m dataset NOT written to disk!
++ creating FDR curves in dataset CHIVES1098_2CondPmod_stats_REML+tlrc
++ Smallest FDR q [0 Full_Fstat] = 2.47639e-14
++ Smallest FDR q [2 HealthyPmod#0_Tstat] = 7.64073e-14
[7m*+ WARNING:[0m Smallest FDR q [4 HealthyPmod#1_Tstat] = 0.225927 ==> few true single voxel detections
++ Smallest FDR q [5 HealthyPmod_Fstat] = 9.52502e-14
++ Smallest FDR q [7 UnhealthyPmod#0_Tstat] = 6.81159e-14
++ Smallest FDR q [9 UnhealthyPmod#1_Tstat] = 0.000248899
++ Smallest FDR q [10 UnhealthyPmod_Fstat] = 6.51059e-14
++ Smallest FDR q [12 BidsNMiss#0_Tstat] = 3.78298e-13
++ Smallest FDR q [13 BidsNMiss_Fstat] = 3.78298e-13
++ Smallest FDR q [15 HealthyGtRest#0_Tstat] = 7.64073e-14
++ Smallest FDR q [16 HealthyGtRest_Fstat] = 7.64073e-14
[7m*+ WARNING:[0m Smallest FDR q [18 HealthyPmod#0_Tstat] = 0.225927 ==> few true single voxel detections
[7m*+ WARNING:[0m Smallest FDR q [19 HealthyPmod_Fstat] = 0.225927 ==> few true single voxel detections
++ Smallest FDR q [21 UnhealthyGtRest#0_Tstat] = 6.81159e-14
++ Smallest FDR q [22 UnhealthyGtRest_Fstat] = 6.81159e-14
++ Smallest FDR q [24 UnhealthyPmod#0_Tstat] = 0.000248899
++ Smallest FDR q [25 UnhealthyPmod_Fstat] = 0.0002489
++ Smallest FDR q [27 HealthyGtUnhealthy#0_Tstat] = 0.00361027
++ Smallest FDR q [28 HealthyGtUnhealthy_Fstat] = 0.00361027
++ Smallest FDR q [30 HealthyGtUnhealthyPmod#0_Tstat] = 0.000267498
++ Smallest FDR q [31 HealthyGtUnhealthyPmod_Fstat] = 0.000267498
 + Added 21 FDR curves to dataset CHIVES1098_2CondPmod_stats_REML+tlrc
++ Output dataset ./CHIVES1098_2CondPmod_stats_REML+tlrc.BRIK
 + unloading input dataset and REML matrices
++ 3dREMLfit is all done! total CPU=0.00 Elapsed=83.57
** AFNI converts NIFTI_datatype=4 (INT16) in file /projects/sanlab/shared/CHIVES/bids_data/derivatives/fmriprep/sub-CHIVES1098/ses-wave1/func/s6_sub-CHIVES1098_ses-wave1_task-money_bold_space-MNI152NLin2009cAsym_preproc.nii to FLOAT32
     Warnings of this type will be muted for this session.
     Set AFNI_NIFTI_TYPE_WARN to YES to see them all, NO to see none.
++ '-stim_times_AM1 3 /projects/sanlab/shared/CHIVES/CHIVES_WTP_scripts/behavioral/money/afni_timing_files/CHIVES1098/BidOnsDur.1D' has 1 auxiliary values per time point
++ '-stim_times_AM1 3': basis function model 'dmBLOCK(1)' uses 1 parameters,
    out of the 1 found in timing file '/projects/sanlab/shared/CHIVES/CHIVES_WTP_scripts/behavioral/money/afni_timing_files/CHIVES1098/BidOnsDur.1D'
++ 3dDeconvolve extending num_stimts from 3 to 7 due to -ortvec
++ 3dDeconvolve: AFNI version=AFNI_18.2.04 (Jul  6 2018) [64-bit]
++ Authored by: B. Douglas Ward, et al.
++ current memory malloc-ated = 265,649 bytes (about 266 thousand [kilo])
++ loading dataset /projects/sanlab/shared/CHIVES/bids_data/derivatives/fmriprep/sub-CHIVES1098/ses-wave1/func/s6_sub-CHIVES1098_ses-wave1_task-money_bold_space-MNI152NLin2009cAsym_preproc.nii
++ current memory malloc-ated = 1,545,414,509 bytes (about 1.5 billion [giga])
++ forcibly using TR=2.0000 seconds for -input dataset
++ Skipping check for initial transients
++ Imaging duration=714.0 s; Automatic polort=5
++ -stim_times using TR=2 s for stimulus timing conversion
++ -stim_times using TR=2 s for any -iresp output datasets
++  [you can alter the -iresp TR via the -TR_times option]
++ ** -stim_times NOTE ** guessing GLOBAL times if 1 time per line; LOCAL otherwise
++ ** GUESSED ** -stim_times 1 using LOCAL times
++ ** GUESSED ** -stim_times 2 using LOCAL times
++ ** GUESSED ** -stim_times_AM1 3 using LOCAL times
------------------------------------------------------------
GLT matrix from 'SYM: Healthy':
   0   0   0   0   0   0   1   0   0   0   0   0   0 
 
------------------------------------------------------------
GLT matrix from 'SYM: Unhealthy':
   0   0   0   0   0   0   0   1   0   0   0   0   0 
 
------------------------------------------------------------
GLT matrix from 'SYM: Healthy -Unhealthy':
   0   0   0   0   0   0   1  -1   0   0   0   0   0 
 
++ Number of time points: 357 (no censoring)
 + Number of parameters:  13 [10 baseline ; 3 signal]
++ total shared memory needed = 3,172,526,620 bytes (about 3.2 billion [giga])
++ current memory malloc-ated = 1,546,542,481 bytes (about 1.5 billion [giga])
++ mmap() memory allocated: 3,172,526,620 bytes (about 3.2 billion [giga])
++ Memory required for output bricks = 3,172,526,620 bytes (about 3.2 billion [giga])
++ Wrote matrix values to file CHIVES1098_2Cond_xmat.1D
++ ========= Things you can do with the matrix file =========
++ (a) Linear regression with ARMA(1,1) modeling of serial correlation:

3dREMLfit -matrix CHIVES1098_2Cond_xmat.1D -input /projects/sanlab/shared/CHIVES/bids_data/derivatives/fmriprep/sub-CHIVES1098/ses-wave1/func/s6_sub-CHIVES1098_ses-wave1_task-money_bold_space-MNI152NLin2009cAsym_preproc.nii \
 -mask /projects/sanlab/shared/CHIVES/bids_data/derivatives/fmriprep/sub-CHIVES1098/ses-wave1/func/sub-CHIVES1098_ses-wave1_task-money_bold_space-MNI152NLin2009cAsym_brainmask.nii.gz \
 -fout -tout -Rbuck CHIVES1098_2Cond_stats_REML -Rvar CHIVES1098_2Cond_stats_REMLvar \
 -Rfitts CHIVES1098_2Cond_REML -Rerrts CHIVES1098_2Cond_REML -verb
 
++ N.B.: 3dREMLfit command above written to file CHIVES1098_2Cond_stats.REML_cmd
++ (b) Visualization/analysis of the matrix via ExamineXmat.R
++ (c) Synthesis of sub-model datasets using 3dSynthesize
++ ==========================================================
++ Wrote matrix values to file CHIVES1098_2Cond_uncensor_xmat.1D
++ ----- Signal+Baseline matrix condition [X] (357x13):  3.35672  ++ VERY GOOD ++
++ ----- Signal-only matrix condition [X] (357x3):  1.52652  ++ VERY GOOD ++
++ ----- Baseline-only matrix condition [X] (357x10):  3.33633  ++ VERY GOOD ++
++ ----- stim_base-only matrix condition [X] (357x4):  1.49874  ++ VERY GOOD ++
++ ----- polort-only matrix condition [X] (357x6):  1.01526  ++ VERY GOOD ++
++ +++++ Matrix inverse average error = 1.68454e-15  ++ VERY GOOD ++
++ Matrix setup time = 0.01 s
++ Voxels in dataset: 1082035
++ Voxels in mask:    268919
++ Voxels per job:    13445
++ Job #1: processing voxels 185200 to 241306; elapsed time=4.307
++ Job #2: processing voxels 241307 to 287361; elapsed time=4.329
++ Job #3: processing voxels 287362 to 326673; elapsed time=4.353
++ Job #4: processing voxels 326674 to 354504; elapsed time=4.376
++ Job #5: processing voxels 354505 to 384637; elapsed time=4.400
++ Job #6: processing voxels 384638 to 411340; elapsed time=4.423
++ Job #7: processing voxels 411341 to 440218; elapsed time=4.448
++ Job #8: processing voxels 440219 to 466138; elapsed time=4.473
++ Job #9: processing voxels 466139 to 495269; elapsed time=4.499
++ Job #10: processing voxels 495270 to 521229; elapsed time=4.524
++ Job #11: processing voxels 521230 to 551106; elapsed time=4.551
++ Job #12: processing voxels 551107 to 577891; elapsed time=4.578
++ Job #13: processing voxels 577892 to 608794; elapsed time=4.619
++ Job #14: processing voxels 608795 to 641027; elapsed time=4.674
++ Job #15: processing voxels 641028 to 674420; elapsed time=4.716
++ Job #16: processing voxels 674421 to 709435; elapsed time=4.758
++ Job #17: processing voxels 709436 to 752454; elapsed time=4.796
++ Job #18: processing voxels 752455 to 806711; elapsed time=4.829
++ Job #0: processing voxels 0 to 185199; elapsed time=4.860
++ voxel loop:0123456++ Job #19: processing voxels 806712 to 1082034; elapsed time=4.863
789.0123456789.0123456789.0123456++ Job #1 finished; elapsed time=5.279
++ Job #2 finished; elapsed time=5.297
++ Job #4 finished; elapsed time=5.310
++ Job #3 finished; elapsed time=5.318
++ Job #6 finished; elapsed time=5.318
78++ Job #5 finished; elapsed time=5.354
9.++ Job #8 finished; elapsed time=5.370
++ Job #7 finished; elapsed time=5.398
01++ Job #9 finished; elapsed time=5.446
2++ Job #11 finished; elapsed time=5.492
34++ Job #13 finished; elapsed time=5.556
5++ Job #16 finished; elapsed time=5.654
67++ Job #15 finished; elapsed time=5.674
++ Job #10 finished; elapsed time=5.680
89.
++ Job #0 waiting for children to finish; elapsed time=5.801
++ Job #12 finished; elapsed time=5.813
++ Job #14 finished; elapsed time=5.854
++ Job #18 finished; elapsed time=5.971
++ Job #17 finished; elapsed time=5.985
++ Job #19 finished; elapsed time=5.996
++ Job #0 now finishing up; elapsed time=6.018
++ Smallest FDR q [0 Full_Fstat] = 1.72035e-14
++ Smallest FDR q [2 Healthy#0_Tstat] = 3.32113e-14
++ Smallest FDR q [3 Healthy_Fstat] = 3.32109e-14
++ Smallest FDR q [5 Unhealthy#0_Tstat] = 4.14651e-14
++ Smallest FDR q [6 Unhealthy_Fstat] = 4.1466e-14
++ Smallest FDR q [8 BidsNMiss#0_Tstat] = 1.63877e-13
++ Smallest FDR q [9 BidsNMiss_Fstat] = 1.63882e-13
++ Smallest FDR q [11 HealthyGtRest_GLT#0_Tstat] = 3.32113e-14
++ Smallest FDR q [12 HealthyGtRest_GLT_Fstat] = 3.32122e-14
++ Smallest FDR q [14 UnhealthyGtRest_GLT#0_Tstat] = 4.14651e-14
++ Smallest FDR q [15 UnhealthyGtRest_GLT_Fstat] = 4.14655e-14
++ Smallest FDR q [17 HealthyGtUnhealthy_GLT#0_Tstat] = 7.40182e-07
++ Smallest FDR q [18 HealthyGtUnhealthy_GLT_Fstat] = 7.40192e-07
++ Wrote bucket dataset into ./CHIVES1098_2Cond_stats+tlrc.BRIK
 + created 13 FDR curves in bucket header
++ Wrote 3D+time dataset into ./CHIVES1098_2Cond+tlrc.BRIK
++ Wrote 3D+time dataset into ./CHIVES1098_2Cond+tlrc.BRIK
++ Program finished; elapsed time=24.210
++ 3dREMLfit: AFNI version=AFNI_18.2.04 (Jul  6 2018) [64-bit]
++ Authored by: RWCox
** AFNI converts NIFTI_datatype=4 (INT16) in file /projects/sanlab/shared/CHIVES/bids_data/derivatives/fmriprep/sub-CHIVES1098/ses-wave1/func/s6_sub-CHIVES1098_ses-wave1_task-money_bold_space-MNI152NLin2009cAsym_preproc.nii to FLOAT32
     Warnings of this type will be muted for this session.
     Set AFNI_NIFTI_TYPE_WARN to YES to see them all, NO to see none.
++ Number of voxels in mask = 268919
++ Number of OpenMP threads = 15
++ -----  matrix condition (357x13):  3.35672  ++ VERY GOOD ++
++ Loading input dataset into memory
++ Converting input dataset to vector image
 +  dataset = 1.5 billion [giga] bytes
 +  vectim  = 385 million [mega] bytes
++ starting REML setup calculations; total CPU=0.00 Elapsed=4.57
 + X matrix: 94.118% of elements are nonzero
 + starting 15 OpenMP threads for REML setup
 + REML setup finished: matrix rows=357 cols=13; 109*1 cases; total CPU=0.00 Elapsed=4.58
 +  average case bandwidth = 13.00
++ REML voxel loop: [15 threads]0123456789.012
 + ARMA voxel parameters estimated: total CPU=0.00 Elapsed=20.63
++ GLSQ loop:0123456789.0123456789.0123456789.0123456789.0123456789.
 + GLSQ regression done: total CPU=0.00 Elapsed=47.15
++ Output dataset ./CHIVES1098_2Cond_stats_REMLvar+tlrc.BRIK
++ Output dataset ./CHIVES1098_2Cond_REML+tlrc.BRIK
[7m** ERROR:[0m output dataset name 'CHIVES1098_2Cond_REML' conflicts with existing file
[7m** ERROR:[0m dataset NOT written to disk!
++ creating FDR curves in dataset CHIVES1098_2Cond_stats_REML+tlrc
++ Smallest FDR q [0 Full_Fstat] = 2.64832e-14
++ Smallest FDR q [2 Healthy#0_Tstat] = 7.63899e-14
++ Smallest FDR q [3 Healthy_Fstat] = 7.63899e-14
++ Smallest FDR q [5 Unhealthy#0_Tstat] = 6.88332e-14
++ Smallest FDR q [6 Unhealthy_Fstat] = 6.88332e-14
++ Smallest FDR q [8 BidsNMiss#0_Tstat] = 3.82592e-13
++ Smallest FDR q [9 BidsNMiss_Fstat] = 3.82592e-13
++ Smallest FDR q [11 HealthyGtRest#0_Tstat] = 7.63899e-14
++ Smallest FDR q [12 HealthyGtRest_Fstat] = 7.63899e-14
++ Smallest FDR q [14 UnhealthyGtRest#0_Tstat] = 6.88332e-14
++ Smallest FDR q [15 UnhealthyGtRest_Fstat] = 6.88332e-14
++ Smallest FDR q [17 HealthyGtUnhealthy#0_Tstat] = 0.0119103
++ Smallest FDR q [18 HealthyGtUnhealthy_Fstat] = 0.0119103
 + Added 13 FDR curves to dataset CHIVES1098_2Cond_stats_REML+tlrc
++ Output dataset ./CHIVES1098_2Cond_stats_REML+tlrc.BRIK
 + unloading input dataset and REML matrices
++ 3dREMLfit is all done! total CPU=0.00 Elapsed=65.68
