++ '-stim_times_AM2 1 /projects/sanlab/shared/CHIVES/CHIVES_WTP_scripts/behavioral/money/afni_timing_files/CHIVES1079/AllCondsPmod.1D' has 1 auxiliary values per time point
++ '-stim_times_AM2 1 /projects/sanlab/shared/CHIVES/CHIVES_WTP_scripts/behavioral/money/afni_timing_files/CHIVES1079/AllCondsPmod.1D' will have 2 regressors
++ '-stim_times_AM1 2 /projects/sanlab/shared/CHIVES/CHIVES_WTP_scripts/behavioral/money/afni_timing_files/CHIVES1079/BidOnsDur.1D' has 1 auxiliary values per time point
++ '-stim_times_AM1 2': basis function model 'dmBLOCK(1)' uses 1 parameters,
    out of the 1 found in timing file '/projects/sanlab/shared/CHIVES/CHIVES_WTP_scripts/behavioral/money/afni_timing_files/CHIVES1079/BidOnsDur.1D'
++ 3dDeconvolve extending num_stimts from 2 to 6 due to -ortvec
++ 3dDeconvolve: AFNI version=AFNI_18.2.04 (Jul  6 2018) [64-bit]
++ Authored by: B. Douglas Ward, et al.
++ current memory malloc-ated = 253,535 bytes (about 254 thousand [kilo])
++ loading dataset /projects/sanlab/shared/CHIVES/bids_data/derivatives/fmriprep/sub-CHIVES1079/ses-wave1/func/s6_sub-CHIVES1079_ses-wave1_task-money_bold_space-MNI152NLin2009cAsym_preproc.nii
++ current memory malloc-ated = 256,375 bytes (about 256 thousand [kilo])
++ forcibly using TR=2.0000 seconds for -input dataset
++ Skipping check for initial transients
++ Imaging duration=704.0 s; Automatic polort=5
++ -stim_times using TR=2 s for stimulus timing conversion
++ -stim_times using TR=2 s for any -iresp output datasets
++  [you can alter the -iresp TR via the -TR_times option]
++ ** -stim_times NOTE ** guessing GLOBAL times if 1 time per line; LOCAL otherwise
++ ** GUESSED ** -stim_times_AM2 1 using LOCAL times
++ '-stim_times_AM2 1' average amplitude#1=0.691667
++ ** GUESSED ** -stim_times_AM1 2 using LOCAL times
------------------------------------------------------------
GLT matrix from 'SYM: AllConds[0]':
   0   0   0   0   0   0   1   0   0   0   0   0   0 
 
------------------------------------------------------------
GLT matrix from 'SYM: AllConds[1]':
   0   0   0   0   0   0   0   1   0   0   0   0   0 
 
++ Number of time points: 352 (no censoring)
 + Number of parameters:  13 [10 baseline ; 3 signal]
++ total shared memory needed = 3,111,932,660 bytes (about 3.1 billion [giga])
++ current memory malloc-ated = 1,384,009 bytes (about 1.4 million [mega])
++ mmap() memory allocated: 3,111,932,660 bytes (about 3.1 billion [giga])
++ Memory required for output bricks = 3,111,932,660 bytes (about 3.1 billion [giga])
++ Wrote matrix values to file CHIVES1079_AllCondPmod_xmat.1D
++ ========= Things you can do with the matrix file =========
++ (a) Linear regression with ARMA(1,1) modeling of serial correlation:

3dREMLfit -matrix CHIVES1079_AllCondPmod_xmat.1D -input /projects/sanlab/shared/CHIVES/bids_data/derivatives/fmriprep/sub-CHIVES1079/ses-wave1/func/s6_sub-CHIVES1079_ses-wave1_task-money_bold_space-MNI152NLin2009cAsym_preproc.nii \
 -mask /projects/sanlab/shared/CHIVES/bids_data/derivatives/fmriprep/sub-CHIVES1079/ses-wave1/func/sub-CHIVES1079_ses-wave1_task-money_bold_space-MNI152NLin2009cAsym_brainmask.nii.gz \
 -fout -tout -Rbuck CHIVES1079_AllCondPmod_stats_REML -Rvar CHIVES1079_AllCondPmod_stats_REMLvar \
 -Rfitts CHIVES1079_AllCondPmod_REML -Rerrts CHIVES1079_AllCondPmod_REML -verb
 
++ N.B.: 3dREMLfit command above written to file CHIVES1079_AllCondPmod_stats.REML_cmd
++ (b) Visualization/analysis of the matrix via ExamineXmat.R
++ (c) Synthesis of sub-model datasets using 3dSynthesize
++ ==========================================================
++ Wrote matrix values to file CHIVES1079_AllCondPmod_uncensor_xmat.1D
++ ----- Signal+Baseline matrix condition [X] (352x13):  2.15768  ++ VERY GOOD ++
++ ----- Signal-only matrix condition [X] (352x3):  1.55708  ++ VERY GOOD ++
++ ----- Baseline-only matrix condition [X] (352x10):  1.94366  ++ VERY GOOD ++
++ ----- stim_base-only matrix condition [X] (352x4):  1.48264  ++ VERY GOOD ++
++ ----- polort-only matrix condition [X] (352x6):  1.01547  ++ VERY GOOD ++
++ +++++ Matrix inverse average error = 1.38354e-15  ++ VERY GOOD ++
++ Matrix setup time = 0.01 s
++ Voxels in dataset: 1082035
++ Voxels in mask:    268312
++ Voxels per job:    13415
++ Job #1: processing voxels 183762 to 240336; elapsed time=3.867
++ Job #2: processing voxels 240337 to 285593; elapsed time=3.884
++ Job #3: processing voxels 285594 to 320728; elapsed time=3.903
++ Job #4: processing voxels 320729 to 352532; elapsed time=3.920
++ Job #5: processing voxels 352533 to 383130; elapsed time=3.941
++ Job #6: processing voxels 383131 to 409114; elapsed time=3.959
++ Job #7: processing voxels 409115 to 438476; elapsed time=3.980
++ Job #8: processing voxels 438477 to 464032; elapsed time=3.999
++ Job #9: processing voxels 464033 to 493191; elapsed time=4.020
++ Job #10: processing voxels 493192 to 519115; elapsed time=4.041
++ Job #11: processing voxels 519116 to 548962; elapsed time=4.063
++ Job #12: processing voxels 548963 to 575638; elapsed time=4.084
++ Job #13: processing voxels 575639 to 606907; elapsed time=4.107
++ Job #14: processing voxels 606908 to 639085; elapsed time=4.145
++ Job #15: processing voxels 639086 to 672538; elapsed time=4.169
++ Job #16: processing voxels 672539 to 707663; elapsed time=4.197
++ Job #17: processing voxels 707664 to 750819; elapsed time=4.219
++ Job #18: processing voxels 750820 to 798960; elapsed time=4.237
++ Job #0: processing voxels 0 to 183761; elapsed time=4.271
++ voxel loop:0123++ Job #19: processing voxels 798961 to 1082034; elapsed time=4.275
456789.0123456789.0123456789.0123456789.++ Job #1 finished; elapsed time=4.732
++ Job #2 finished; elapsed time=4.744
++ Job #3 finished; elapsed time=4.745
012++ Job #5 finished; elapsed time=4.775
++ Job #4 finished; elapsed time=4.791
++ Job #8 finished; elapsed time=4.809
++ Job #7 finished; elapsed time=4.810
++ Job #9 finished; elapsed time=4.836
345++ Job #11 finished; elapsed time=4.876
++ Job #10 finished; elapsed time=4.889
++ Job #13 finished; elapsed time=4.922
++ Job #12 finished; elapsed time=4.943
678++ Job #14 finished; elapsed time=4.997
++ Job #15 finished; elapsed time=5.002
++ Job #16 finished; elapsed time=5.002
9.
++ Job #0 waiting for children to finish; elapsed time=5.063
++ Job #6 finished; elapsed time=5.070
++ Job #18 finished; elapsed time=5.091
++ Job #19 finished; elapsed time=5.220
++ Job #17 finished; elapsed time=5.293
++ Job #0 now finishing up; elapsed time=5.307
++ Smallest FDR q [0 Full_Fstat] = 5.55964e-15
++ Smallest FDR q [2 AllConds#0_Tstat] = 1.31193e-14
++ Smallest FDR q [4 AllConds#1_Tstat] = 0.000882998
++ Smallest FDR q [5 AllConds_Fstat] = 1.38677e-14
++ Smallest FDR q [7 BidsNMiss#0_Tstat] = 1.94018e-14
++ Smallest FDR q [8 BidsNMiss_Fstat] = 1.9402e-14
++ Smallest FDR q [10 CondGtRest_GLT#0_Tstat] = 1.31193e-14
++ Smallest FDR q [11 CondGtRest_GLT_Fstat] = 1.31184e-14
++ Smallest FDR q [13 Pmod_GLT#0_Tstat] = 0.000882998
++ Smallest FDR q [14 Pmod_GLT_Fstat] = 0.000883048
++ Wrote bucket dataset into ./CHIVES1079_AllCondPmod_stats+tlrc.BRIK
 + created 10 FDR curves in bucket header
++ Wrote 3D+time dataset into ./CHIVES1079_AllCondPmod+tlrc.BRIK
++ Wrote 3D+time dataset into ./CHIVES1079_AllCondPmod+tlrc.BRIK
++ Program finished; elapsed time=20.052
++ 3dREMLfit: AFNI version=AFNI_18.2.04 (Jul  6 2018) [64-bit]
++ Authored by: RWCox
++ Number of voxels in mask = 268312
++ Number of OpenMP threads = 15
++ -----  matrix condition (352x13):  2.15768  ++ VERY GOOD ++
++ Loading input dataset into memory
++ Converting input dataset to vector image
 +  dataset = 1.5 billion [giga] bytes
 +  vectim  = 379 million [mega] bytes
++ starting REML setup calculations; total CPU=0.00 Elapsed=3.98
 + X matrix: 99.781% of elements are nonzero
 + starting 15 OpenMP threads for REML setup
 + REML setup finished: matrix rows=352 cols=13; 109*1 cases; total CPU=0.00 Elapsed=4.00
 +  average case bandwidth = 13.00
++ REML voxel loop: [15 threads]0123456789.012
 + ARMA voxel parameters estimated: total CPU=0.00 Elapsed=20.08
++ GLSQ loop:0123456789.0123456789.0123456789.0123456789.0123456789.
 + GLSQ regression done: total CPU=0.00 Elapsed=42.04
++ Output dataset ./CHIVES1079_AllCondPmod_stats_REMLvar+tlrc.BRIK
++ Output dataset ./CHIVES1079_AllCondPmod_REML+tlrc.BRIK
[7m** ERROR:[0m output dataset name 'CHIVES1079_AllCondPmod_REML' conflicts with existing file
[7m** ERROR:[0m dataset NOT written to disk!
++ creating FDR curves in dataset CHIVES1079_AllCondPmod_stats_REML+tlrc
++ Smallest FDR q [0 Full_Fstat] = 6.41608e-15
++ Smallest FDR q [2 AllConds#0_Tstat] = 1.52889e-14
++ Smallest FDR q [4 AllConds#1_Tstat] = 0.098205
++ Smallest FDR q [5 AllConds_Fstat] = 1.72235e-14
++ Smallest FDR q [7 BidsNMiss#0_Tstat] = 2.15051e-14
++ Smallest FDR q [8 BidsNMiss_Fstat] = 2.15051e-14
++ Smallest FDR q [10 CondGtRest#0_Tstat] = 1.52889e-14
++ Smallest FDR q [11 CondGtRest_Fstat] = 1.52889e-14
++ Smallest FDR q [13 Pmod#0_Tstat] = 0.098205
++ Smallest FDR q [14 Pmod_Fstat] = 0.0982035
 + Added 10 FDR curves to dataset CHIVES1079_AllCondPmod_stats_REML+tlrc
++ Output dataset ./CHIVES1079_AllCondPmod_stats_REML+tlrc.BRIK
 + unloading input dataset and REML matrices
++ 3dREMLfit is all done! total CPU=0.00 Elapsed=56.98
++ '-stim_times_AM2 1 /projects/sanlab/shared/CHIVES/CHIVES_WTP_scripts/behavioral/money/afni_timing_files/CHIVES1079/HealthyPmod.1D' has 1 auxiliary values per time point
++ '-stim_times_AM2 1 /projects/sanlab/shared/CHIVES/CHIVES_WTP_scripts/behavioral/money/afni_timing_files/CHIVES1079/HealthyPmod.1D' will have 2 regressors
++ '-stim_times_AM2 2 /projects/sanlab/shared/CHIVES/CHIVES_WTP_scripts/behavioral/money/afni_timing_files/CHIVES1079/UnhealthyPmod.1D' has 1 auxiliary values per time point
++ '-stim_times_AM2 2 /projects/sanlab/shared/CHIVES/CHIVES_WTP_scripts/behavioral/money/afni_timing_files/CHIVES1079/UnhealthyPmod.1D' will have 2 regressors
++ '-stim_times_AM1 3 /projects/sanlab/shared/CHIVES/CHIVES_WTP_scripts/behavioral/money/afni_timing_files/CHIVES1079/BidOnsDur.1D' has 1 auxiliary values per time point
++ '-stim_times_AM1 3': basis function model 'dmBLOCK(1)' uses 1 parameters,
    out of the 1 found in timing file '/projects/sanlab/shared/CHIVES/CHIVES_WTP_scripts/behavioral/money/afni_timing_files/CHIVES1079/BidOnsDur.1D'
++ 3dDeconvolve extending num_stimts from 3 to 7 due to -ortvec
++ 3dDeconvolve: AFNI version=AFNI_18.2.04 (Jul  6 2018) [64-bit]
++ Authored by: B. Douglas Ward, et al.
++ current memory malloc-ated = 280,801 bytes (about 281 thousand [kilo])
++ loading dataset /projects/sanlab/shared/CHIVES/bids_data/derivatives/fmriprep/sub-CHIVES1079/ses-wave1/func/s6_sub-CHIVES1079_ses-wave1_task-money_bold_space-MNI152NLin2009cAsym_preproc.nii
++ current memory malloc-ated = 283,641 bytes (about 284 thousand [kilo])
++ forcibly using TR=2.0000 seconds for -input dataset
++ Skipping check for initial transients
++ Imaging duration=704.0 s; Automatic polort=5
++ -stim_times using TR=2 s for stimulus timing conversion
++ -stim_times using TR=2 s for any -iresp output datasets
++  [you can alter the -iresp TR via the -TR_times option]
++ ** -stim_times NOTE ** guessing GLOBAL times if 1 time per line; LOCAL otherwise
++ ** GUESSED ** -stim_times_AM2 1 using LOCAL times
++ '-stim_times_AM2 1' average amplitude#1=1
++ ** GUESSED ** -stim_times_AM2 2 using LOCAL times
++ '-stim_times_AM2 2' average amplitude#1=0.383333
++ ** GUESSED ** -stim_times_AM1 3 using LOCAL times
------------------------------------------------------------
GLT matrix from 'SYM: HealthyPmod[0]':
   0   0   0   0   0   0   1   0   0   0   0   0   0   0   0 
 
------------------------------------------------------------
GLT matrix from 'SYM: HealthyPmod[1]':
   0   0   0   0   0   0   0   1   0   0   0   0   0   0   0 
 
------------------------------------------------------------
GLT matrix from 'SYM: UnhealthyPmod[0]':
   0   0   0   0   0   0   0   0   1   0   0   0   0   0   0 
 
------------------------------------------------------------
GLT matrix from 'SYM: UnhealthyPmod[1]':
   0   0   0   0   0   0   0   0   0   1   0   0   0   0   0 
 
------------------------------------------------------------
GLT matrix from 'SYM: HealthyPmod[0] -UnhealthyPmod[0]':
   0   0   0   0   0   0   1   0  -1   0   0   0   0   0   0 
 
------------------------------------------------------------
GLT matrix from 'SYM: HealthyPmod[1] -UnhealthyPmod[1]':
   0   0   0   0   0   0   0   1   0  -1   0   0   0   0   0 
 
++ Number of time points: 352 (no censoring)
 + Number of parameters:  15 [10 baseline ; 5 signal]
++ total shared memory needed = 3,185,511,040 bytes (about 3.2 billion [giga])
++ current memory malloc-ated = 1,415,803 bytes (about 1.4 million [mega])
++ mmap() memory allocated: 3,185,511,040 bytes (about 3.2 billion [giga])
++ Memory required for output bricks = 3,185,511,040 bytes (about 3.2 billion [giga])
++ Wrote matrix values to file CHIVES1079_2CondPmod_xmat.1D
++ ========= Things you can do with the matrix file =========
++ (a) Linear regression with ARMA(1,1) modeling of serial correlation:

3dREMLfit -matrix CHIVES1079_2CondPmod_xmat.1D -input /projects/sanlab/shared/CHIVES/bids_data/derivatives/fmriprep/sub-CHIVES1079/ses-wave1/func/s6_sub-CHIVES1079_ses-wave1_task-money_bold_space-MNI152NLin2009cAsym_preproc.nii \
 -mask /projects/sanlab/shared/CHIVES/bids_data/derivatives/fmriprep/sub-CHIVES1079/ses-wave1/func/sub-CHIVES1079_ses-wave1_task-money_bold_space-MNI152NLin2009cAsym_brainmask.nii.gz \
 -fout -tout -Rbuck CHIVES1079_2CondPmod_stats_REML -Rvar CHIVES1079_2CondPmod_stats_REMLvar \
 -Rfitts CHIVES1079_2CondPmod_REML -Rerrts CHIVES1079_2CondPmod_REML -verb
 
++ N.B.: 3dREMLfit command above written to file CHIVES1079_2CondPmod_stats.REML_cmd
++ (b) Visualization/analysis of the matrix via ExamineXmat.R
++ (c) Synthesis of sub-model datasets using 3dSynthesize
++ ==========================================================
++ Wrote matrix values to file CHIVES1079_2CondPmod_uncensor_xmat.1D
++ ----- Signal+Baseline matrix condition [X] (352x15):  2.16232  ++ VERY GOOD ++
++ ----- Signal-only matrix condition [X] (352x5):  1.55722  ++ VERY GOOD ++
++ ----- Baseline-only matrix condition [X] (352x10):  1.94366  ++ VERY GOOD ++
++ ----- stim_base-only matrix condition [X] (352x4):  1.48264  ++ VERY GOOD ++
++ ----- polort-only matrix condition [X] (352x6):  1.01547  ++ VERY GOOD ++
++ +++++ Matrix inverse average error = 1.20345e-15  ++ VERY GOOD ++
++ Matrix setup time = 0.02 s
++ Voxels in dataset: 1082035
++ Voxels in mask:    268312
++ Voxels per job:    13415
++ Job #1: processing voxels 183762 to 240336; elapsed time=3.604
++ Job #2: processing voxels 240337 to 285593; elapsed time=3.620
++ Job #3: processing voxels 285594 to 320728; elapsed time=3.642
++ Job #4: processing voxels 320729 to 352532; elapsed time=3.664
++ Job #5: processing voxels 352533 to 383130; elapsed time=3.684
++ Job #6: processing voxels 383131 to 409114; elapsed time=3.702
++ Job #7: processing voxels 409115 to 438476; elapsed time=3.722
++ Job #8: processing voxels 438477 to 464032; elapsed time=3.740
++ Job #9: processing voxels 464033 to 493191; elapsed time=3.760
++ Job #10: processing voxels 493192 to 519115; elapsed time=3.777
++ Job #11: processing voxels 519116 to 548962; elapsed time=3.798
++ Job #12: processing voxels 548963 to 575638; elapsed time=3.817
++ Job #13: processing voxels 575639 to 606907; elapsed time=3.839
++ Job #14: processing voxels 606908 to 639085; elapsed time=3.875
++ Job #15: processing voxels 639086 to 672538; elapsed time=3.897
++ Job #16: processing voxels 672539 to 707663; elapsed time=3.919
++ Job #17: processing voxels 707664 to 750819; elapsed time=3.942
++ Job #18: processing voxels 750820 to 798960; elapsed time=3.953
++ Job #0: processing voxels 0 to 183761; elapsed time=3.987
++ voxel loop:0123++ Job #19: processing voxels 798961 to 1082034; elapsed time=3.990
456789.0123456789.0123456789.0123++ Job #1 finished; elapsed time=4.749
++ Job #3 finished; elapsed time=4.794
++ Job #4 finished; elapsed time=4.805
++ Job #5 finished; elapsed time=4.819
456++ Job #6 finished; elapsed time=4.838
++ Job #7 finished; elapsed time=4.847
++ Job #10 finished; elapsed time=4.850
++ Job #9 finished; elapsed time=4.870
++ Job #8 finished; elapsed time=4.904
++ Job #11 finished; elapsed time=4.906
789.++ Job #13 finished; elapsed time=4.947
++ Job #2 finished; elapsed time=4.955
012++ Job #15 finished; elapsed time=5.062
++ Job #17 finished; elapsed time=5.062
++ Job #18 finished; elapsed time=5.107
345++ Job #19 finished; elapsed time=5.301
678++ Job #14 finished; elapsed time=5.370
++ Job #12 finished; elapsed time=5.392
++ Job #16 finished; elapsed time=5.415
9.
++ Job #0 waiting for children to finish; elapsed time=5.455
++ Job #0 now finishing up; elapsed time=5.455
++ Smallest FDR q [0 Full_Fstat] = 6.27262e-15
++ Smallest FDR q [2 HealthyPmod#0_Tstat] = 1.78708e-14
++ Smallest FDR q [4 HealthyPmod#1_Tstat] = 0.0106764
++ Smallest FDR q [5 HealthyPmod_Fstat] = 1.99875e-14
++ Smallest FDR q [7 UnhealthyPmod#0_Tstat] = 1.74333e-14
++ Smallest FDR q [9 UnhealthyPmod#1_Tstat] = 0.00742734
++ Smallest FDR q [10 UnhealthyPmod_Fstat] = 1.85888e-14
++ Smallest FDR q [12 BidsNMiss#0_Tstat] = 1.92521e-14
++ Smallest FDR q [13 BidsNMiss_Fstat] = 1.92521e-14
++ Smallest FDR q [15 HealthyGtRest_GLT#0_Tstat] = 1.78708e-14
++ Smallest FDR q [16 HealthyGtRest_GLT_Fstat] = 1.78724e-14
++ Smallest FDR q [18 HealthyPmod_GLT#0_Tstat] = 0.0106764
++ Smallest FDR q [19 HealthyPmod_GLT_Fstat] = 0.0106758
++ Smallest FDR q [21 UnhealthyGtRest_GLT#0_Tstat] = 1.74333e-14
++ Smallest FDR q [22 UnhealthyGtRest_GLT_Fstat] = 1.74335e-14
++ Smallest FDR q [24 UnhealthyPmod_GLT#0_Tstat] = 0.00742734
++ Smallest FDR q [25 UnhealthyPmod_GLT_Fstat] = 0.00742724
[7m*+ WARNING:[0m Smallest FDR q [27 HealthyGtUnhealthy_GLT#0_Tstat] = 0.184693 ==> few true single voxel detections
[7m*+ WARNING:[0m Smallest FDR q [28 HealthyGtUnhealthy_GLT_Fstat] = 0.18424 ==> few true single voxel detections
++ Smallest FDR q [30 HealthyGtUnhealthyPmod_GLT#0_Tstat] = 0.0845475
++ Smallest FDR q [31 HealthyGtUnhealthyPmod_GLT_Fstat] = 0.084554
++ Wrote bucket dataset into ./CHIVES1079_2CondPmod_stats+tlrc.BRIK
 + created 21 FDR curves in bucket header
++ Wrote 3D+time dataset into ./CHIVES1079_2CondPmod+tlrc.BRIK
++ Wrote 3D+time dataset into ./CHIVES1079_2CondPmod+tlrc.BRIK
++ Program finished; elapsed time=33.740
++ 3dREMLfit: AFNI version=AFNI_18.2.04 (Jul  6 2018) [64-bit]
++ Authored by: RWCox
++ Number of voxels in mask = 268312
++ Number of OpenMP threads = 15
++ -----  matrix condition (352x15):  2.16232  ++ VERY GOOD ++
++ Loading input dataset into memory
++ Converting input dataset to vector image
 +  dataset = 1.5 billion [giga] bytes
 +  vectim  = 379 million [mega] bytes
++ starting REML setup calculations; total CPU=0.00 Elapsed=3.91
 + X matrix: 90.208% of elements are nonzero
 + starting 15 OpenMP threads for REML setup
 + REML setup finished: matrix rows=352 cols=15; 109*1 cases; total CPU=0.00 Elapsed=3.92
 +  average case bandwidth = 13.00
++ REML voxel loop: [15 threads]0123456789.012
 + ARMA voxel parameters estimated: total CPU=0.00 Elapsed=20.44
++ GLSQ loop:0123456789.0123456789.0123456789.0123456789.0123456789.
 + GLSQ regression done: total CPU=0.00 Elapsed=52.75
++ Output dataset ./CHIVES1079_2CondPmod_stats_REMLvar+tlrc.BRIK
++ Output dataset ./CHIVES1079_2CondPmod_REML+tlrc.BRIK
[7m** ERROR:[0m output dataset name 'CHIVES1079_2CondPmod_REML' conflicts with existing file
[7m** ERROR:[0m dataset NOT written to disk!
++ creating FDR curves in dataset CHIVES1079_2CondPmod_stats_REML+tlrc
++ Smallest FDR q [0 Full_Fstat] = 7.80357e-15
++ Smallest FDR q [2 HealthyPmod#0_Tstat] = 2.54447e-14
[7m*+ WARNING:[0m Smallest FDR q [4 HealthyPmod#1_Tstat] = 0.111447 ==> few true single voxel detections
++ Smallest FDR q [5 HealthyPmod_Fstat] = 3.03404e-14
++ Smallest FDR q [7 UnhealthyPmod#0_Tstat] = 2.38397e-14
[7m*+ WARNING:[0m Smallest FDR q [9 UnhealthyPmod#1_Tstat] = 0.230315 ==> few true single voxel detections
++ Smallest FDR q [10 UnhealthyPmod_Fstat] = 2.75779e-14
++ Smallest FDR q [12 BidsNMiss#0_Tstat] = 2.1674e-14
++ Smallest FDR q [13 BidsNMiss_Fstat] = 2.1674e-14
++ Smallest FDR q [15 HealthyGtRest#0_Tstat] = 2.54447e-14
++ Smallest FDR q [16 HealthyGtRest_Fstat] = 2.54447e-14
[7m*+ WARNING:[0m Smallest FDR q [18 HealthyPmod#0_Tstat] = 0.111447 ==> few true single voxel detections
[7m*+ WARNING:[0m Smallest FDR q [19 HealthyPmod_Fstat] = 0.111447 ==> few true single voxel detections
++ Smallest FDR q [21 UnhealthyGtRest#0_Tstat] = 2.38397e-14
++ Smallest FDR q [22 UnhealthyGtRest_Fstat] = 2.38397e-14
[7m*+ WARNING:[0m Smallest FDR q [24 UnhealthyPmod#0_Tstat] = 0.230315 ==> few true single voxel detections
[7m*+ WARNING:[0m Smallest FDR q [25 UnhealthyPmod_Fstat] = 0.230315 ==> few true single voxel detections
[7m*+ WARNING:[0m Smallest FDR q [27 HealthyGtUnhealthy#0_Tstat] = 0.999877 ==> few true single voxel detections
[7m*+ WARNING:[0m Smallest FDR q [28 HealthyGtUnhealthy_Fstat] = 0.999877 ==> few true single voxel detections
[7m*+ WARNING:[0m Smallest FDR q [30 HealthyGtUnhealthyPmod#0_Tstat] = 0.44482 ==> few true single voxel detections
[7m*+ WARNING:[0m Smallest FDR q [31 HealthyGtUnhealthyPmod_Fstat] = 0.44482 ==> few true single voxel detections
 + Added 21 FDR curves to dataset CHIVES1079_2CondPmod_stats_REML+tlrc
++ Output dataset ./CHIVES1079_2CondPmod_stats_REML+tlrc.BRIK
 + unloading input dataset and REML matrices
++ 3dREMLfit is all done! total CPU=0.00 Elapsed=80.63
++ '-stim_times_AM1 3 /projects/sanlab/shared/CHIVES/CHIVES_WTP_scripts/behavioral/money/afni_timing_files/CHIVES1079/BidOnsDur.1D' has 1 auxiliary values per time point
++ '-stim_times_AM1 3': basis function model 'dmBLOCK(1)' uses 1 parameters,
    out of the 1 found in timing file '/projects/sanlab/shared/CHIVES/CHIVES_WTP_scripts/behavioral/money/afni_timing_files/CHIVES1079/BidOnsDur.1D'
++ 3dDeconvolve extending num_stimts from 3 to 7 due to -ortvec
++ 3dDeconvolve: AFNI version=AFNI_18.2.04 (Jul  6 2018) [64-bit]
++ Authored by: B. Douglas Ward, et al.
++ current memory malloc-ated = 264,557 bytes (about 265 thousand [kilo])
++ loading dataset /projects/sanlab/shared/CHIVES/bids_data/derivatives/fmriprep/sub-CHIVES1079/ses-wave1/func/s6_sub-CHIVES1079_ses-wave1_task-money_bold_space-MNI152NLin2009cAsym_preproc.nii
++ current memory malloc-ated = 267,397 bytes (about 267 thousand [kilo])
++ forcibly using TR=2.0000 seconds for -input dataset
++ Skipping check for initial transients
++ Imaging duration=704.0 s; Automatic polort=5
++ -stim_times using TR=2 s for stimulus timing conversion
++ -stim_times using TR=2 s for any -iresp output datasets
++  [you can alter the -iresp TR via the -TR_times option]
++ ** -stim_times NOTE ** guessing GLOBAL times if 1 time per line; LOCAL otherwise
++ ** GUESSED ** -stim_times 1 using LOCAL times
++ ** GUESSED ** -stim_times 2 using LOCAL times
++ ** GUESSED ** -stim_times_AM1 3 using LOCAL times
------------------------------------------------------------
GLT matrix from 'SYM: Healthy':
   0   0   0   0   0   0   1   0   0   0   0   0   0 
 
------------------------------------------------------------
GLT matrix from 'SYM: Unhealthy':
   0   0   0   0   0   0   0   1   0   0   0   0   0 
 
------------------------------------------------------------
GLT matrix from 'SYM: Healthy -Unhealthy':
   0   0   0   0   0   0   1  -1   0   0   0   0   0 
 
++ Number of time points: 352 (no censoring)
 + Number of parameters:  13 [10 baseline ; 3 signal]
++ total shared memory needed = 3,129,245,220 bytes (about 3.1 billion [giga])
++ current memory malloc-ated = 1,395,069 bytes (about 1.4 million [mega])
++ mmap() memory allocated: 3,129,245,220 bytes (about 3.1 billion [giga])
++ Memory required for output bricks = 3,129,245,220 bytes (about 3.1 billion [giga])
++ Wrote matrix values to file CHIVES1079_2Cond_xmat.1D
++ ========= Things you can do with the matrix file =========
++ (a) Linear regression with ARMA(1,1) modeling of serial correlation:

3dREMLfit -matrix CHIVES1079_2Cond_xmat.1D -input /projects/sanlab/shared/CHIVES/bids_data/derivatives/fmriprep/sub-CHIVES1079/ses-wave1/func/s6_sub-CHIVES1079_ses-wave1_task-money_bold_space-MNI152NLin2009cAsym_preproc.nii \
 -mask /projects/sanlab/shared/CHIVES/bids_data/derivatives/fmriprep/sub-CHIVES1079/ses-wave1/func/sub-CHIVES1079_ses-wave1_task-money_bold_space-MNI152NLin2009cAsym_brainmask.nii.gz \
 -fout -tout -Rbuck CHIVES1079_2Cond_stats_REML -Rvar CHIVES1079_2Cond_stats_REMLvar \
 -Rfitts CHIVES1079_2Cond_REML -Rerrts CHIVES1079_2Cond_REML -verb
 
++ N.B.: 3dREMLfit command above written to file CHIVES1079_2Cond_stats.REML_cmd
++ (b) Visualization/analysis of the matrix via ExamineXmat.R
++ (c) Synthesis of sub-model datasets using 3dSynthesize
++ ==========================================================
++ Wrote matrix values to file CHIVES1079_2Cond_uncensor_xmat.1D
++ ----- Signal+Baseline matrix condition [X] (352x13):  2.15954  ++ VERY GOOD ++
++ ----- Signal-only matrix condition [X] (352x3):  1.55699  ++ VERY GOOD ++
++ ----- Baseline-only matrix condition [X] (352x10):  1.94366  ++ VERY GOOD ++
++ ----- stim_base-only matrix condition [X] (352x4):  1.48264  ++ VERY GOOD ++
++ ----- polort-only matrix condition [X] (352x6):  1.01547  ++ VERY GOOD ++
++ +++++ Matrix inverse average error = 1.00709e-15  ++ VERY GOOD ++
++ Matrix setup time = 0.01 s
++ Voxels in dataset: 1082035
++ Voxels in mask:    268312
++ Voxels per job:    13415
++ Job #1: processing voxels 183762 to 240336; elapsed time=3.536
++ Job #2: processing voxels 240337 to 285593; elapsed time=3.552
++ Job #3: processing voxels 285594 to 320728; elapsed time=3.570
++ Job #4: processing voxels 320729 to 352532; elapsed time=3.587
++ Job #5: processing voxels 352533 to 383130; elapsed time=3.607
++ Job #6: processing voxels 383131 to 409114; elapsed time=3.625
++ Job #7: processing voxels 409115 to 438476; elapsed time=3.645
++ Job #8: processing voxels 438477 to 464032; elapsed time=3.663
++ Job #9: processing voxels 464033 to 493191; elapsed time=3.683
++ Job #10: processing voxels 493192 to 519115; elapsed time=3.702
++ Job #11: processing voxels 519116 to 548962; elapsed time=3.722
++ Job #12: processing voxels 548963 to 575638; elapsed time=3.741
++ Job #13: processing voxels 575639 to 606907; elapsed time=3.762
++ Job #14: processing voxels 606908 to 639085; elapsed time=3.796
++ Job #15: processing voxels 639086 to 672538; elapsed time=3.823
++ Job #16: processing voxels 672539 to 707663; elapsed time=3.825
++ Job #17: processing voxels 707664 to 750819; elapsed time=3.868
++ Job #18: processing voxels 750820 to 798960; elapsed time=3.894
++ Job #0: processing voxels 0 to 183761; elapsed time=3.916
++ voxel loop:0123++ Job #19: processing voxels 798961 to 1082034; elapsed time=3.919
456789.0123456789.0123456789.0123456789.012++ Job #4 finished; elapsed time=4.466
++ Job #6 finished; elapsed time=4.488
++ Job #1 finished; elapsed time=4.504
++ Job #3 finished; elapsed time=4.505
3++ Job #5 finished; elapsed time=4.537
45++ Job #8 finished; elapsed time=4.554
++ Job #7 finished; elapsed time=4.566
++ Job #9 finished; elapsed time=4.595
++ Job #11 finished; elapsed time=4.619
6++ Job #13 finished; elapsed time=4.660
78++ Job #14 finished; elapsed time=4.721
++ Job #15 finished; elapsed time=4.734
++ Job #16 finished; elapsed time=4.743
9.
++ Job #0 waiting for children to finish; elapsed time=4.757
++ Job #2 finished; elapsed time=4.813
++ Job #10 finished; elapsed time=4.878
++ Job #12 finished; elapsed time=4.950
++ Job #17 finished; elapsed time=5.036
++ Job #18 finished; elapsed time=5.060
++ Job #19 finished; elapsed time=5.164
++ Job #0 now finishing up; elapsed time=5.181
++ Smallest FDR q [0 Full_Fstat] = 5.83834e-15
++ Smallest FDR q [2 Healthy#0_Tstat] = 1.81213e-14
++ Smallest FDR q [3 Healthy_Fstat] = 1.81209e-14
++ Smallest FDR q [5 Unhealthy#0_Tstat] = 1.75899e-14
++ Smallest FDR q [6 Unhealthy_Fstat] = 1.75897e-14
++ Smallest FDR q [8 BidsNMiss#0_Tstat] = 1.93703e-14
++ Smallest FDR q [9 BidsNMiss_Fstat] = 1.93691e-14
++ Smallest FDR q [11 HealthyGtRest_GLT#0_Tstat] = 1.81213e-14
++ Smallest FDR q [12 HealthyGtRest_GLT_Fstat] = 1.81213e-14
++ Smallest FDR q [14 UnhealthyGtRest_GLT#0_Tstat] = 1.75899e-14
++ Smallest FDR q [15 UnhealthyGtRest_GLT_Fstat] = 1.75881e-14
[7m*+ WARNING:[0m Smallest FDR q [17 HealthyGtUnhealthy_GLT#0_Tstat] = 0.173996 ==> few true single voxel detections
[7m*+ WARNING:[0m Smallest FDR q [18 HealthyGtUnhealthy_GLT_Fstat] = 0.173527 ==> few true single voxel detections
++ Wrote bucket dataset into ./CHIVES1079_2Cond_stats+tlrc.BRIK
 + created 13 FDR curves in bucket header
++ Wrote 3D+time dataset into ./CHIVES1079_2Cond+tlrc.BRIK
++ Wrote 3D+time dataset into ./CHIVES1079_2Cond+tlrc.BRIK
++ Program finished; elapsed time=22.352
++ 3dREMLfit: AFNI version=AFNI_18.2.04 (Jul  6 2018) [64-bit]
++ Authored by: RWCox
++ Number of voxels in mask = 268312
++ Number of OpenMP threads = 15
++ -----  matrix condition (352x13):  2.15954  ++ VERY GOOD ++
++ Loading input dataset into memory
++ Converting input dataset to vector image
 +  dataset = 1.5 billion [giga] bytes
 +  vectim  = 379 million [mega] bytes
++ starting REML setup calculations; total CPU=0.00 Elapsed=3.90
 + X matrix: 94.712% of elements are nonzero
 + starting 15 OpenMP threads for REML setup
 + REML setup finished: matrix rows=352 cols=13; 109*1 cases; total CPU=0.00 Elapsed=3.91
 +  average case bandwidth = 13.00
++ REML voxel loop: [15 threads]0123456789.012
 + ARMA voxel parameters estimated: total CPU=0.00 Elapsed=19.84
++ GLSQ loop:0123456789.0123456789.0123456789.0123456789.0123456789.
 + GLSQ regression done: total CPU=0.00 Elapsed=45.31
++ Output dataset ./CHIVES1079_2Cond_stats_REMLvar+tlrc.BRIK
++ Output dataset ./CHIVES1079_2Cond_REML+tlrc.BRIK
[7m** ERROR:[0m output dataset name 'CHIVES1079_2Cond_REML' conflicts with existing file
[7m** ERROR:[0m dataset NOT written to disk!
++ creating FDR curves in dataset CHIVES1079_2Cond_stats_REML+tlrc
++ Smallest FDR q [0 Full_Fstat] = 6.83184e-15
++ Smallest FDR q [2 Healthy#0_Tstat] = 2.56563e-14
++ Smallest FDR q [3 Healthy_Fstat] = 2.56563e-14
++ Smallest FDR q [5 Unhealthy#0_Tstat] = 2.39074e-14
++ Smallest FDR q [6 Unhealthy_Fstat] = 2.39074e-14
++ Smallest FDR q [8 BidsNMiss#0_Tstat] = 2.15902e-14
++ Smallest FDR q [9 BidsNMiss_Fstat] = 2.15902e-14
++ Smallest FDR q [11 HealthyGtRest#0_Tstat] = 2.56563e-14
++ Smallest FDR q [12 HealthyGtRest_Fstat] = 2.56563e-14
++ Smallest FDR q [14 UnhealthyGtRest#0_Tstat] = 2.39074e-14
++ Smallest FDR q [15 UnhealthyGtRest_Fstat] = 2.39074e-14
[7m*+ WARNING:[0m Smallest FDR q [17 HealthyGtUnhealthy#0_Tstat] = 0.99987 ==> few true single voxel detections
[7m*+ WARNING:[0m Smallest FDR q [18 HealthyGtUnhealthy_Fstat] = 0.99987 ==> few true single voxel detections
 + Added 13 FDR curves to dataset CHIVES1079_2Cond_stats_REML+tlrc
++ Output dataset ./CHIVES1079_2Cond_stats_REML+tlrc.BRIK
 + unloading input dataset and REML matrices
++ 3dREMLfit is all done! total CPU=0.00 Elapsed=62.68
