** AFNI converts NIFTI_datatype=4 (INT16) in file /projects/sanlab/shared/CHIVES/bids_data/derivatives/fmriprep/sub-CHIVES1026/ses-wave1/func/s6_sub-CHIVES1026_ses-wave1_task-money_bold_space-MNI152NLin2009cAsym_preproc.nii to FLOAT32
     Warnings of this type will be muted for this session.
     Set AFNI_NIFTI_TYPE_WARN to YES to see them all, NO to see none.
++ '-stim_times_AM2 1 /projects/sanlab/shared/CHIVES/CHIVES_WTP_scripts/behavioral/money/afni_timing_files/CHIVES1026/AllCondsPmod.1D' has 1 auxiliary values per time point
++ '-stim_times_AM2 1 /projects/sanlab/shared/CHIVES/CHIVES_WTP_scripts/behavioral/money/afni_timing_files/CHIVES1026/AllCondsPmod.1D' will have 2 regressors
++ '-stim_times_AM1 2 /projects/sanlab/shared/CHIVES/CHIVES_WTP_scripts/behavioral/money/afni_timing_files/CHIVES1026/BidOnsDur.1D' has 1 auxiliary values per time point
++ '-stim_times_AM1 2': basis function model 'dmBLOCK(1)' uses 1 parameters,
    out of the 1 found in timing file '/projects/sanlab/shared/CHIVES/CHIVES_WTP_scripts/behavioral/money/afni_timing_files/CHIVES1026/BidOnsDur.1D'
++ 3dDeconvolve extending num_stimts from 2 to 6 due to -ortvec
++ 3dDeconvolve: AFNI version=AFNI_18.2.04 (Jul  6 2018) [64-bit]
++ Authored by: B. Douglas Ward, et al.
++ current memory malloc-ated = 254,635 bytes (about 255 thousand [kilo])
++ loading dataset /projects/sanlab/shared/CHIVES/bids_data/derivatives/fmriprep/sub-CHIVES1026/ses-wave1/func/s6_sub-CHIVES1026_ses-wave1_task-money_bold_space-MNI152NLin2009cAsym_preproc.nii
++ current memory malloc-ated = 1,545,403,495 bytes (about 1.5 billion [giga])
++ forcibly using TR=2.0000 seconds for -input dataset
++ Skipping check for initial transients
++ Imaging duration=714.0 s; Automatic polort=5
++ -stim_times using TR=2 s for stimulus timing conversion
++ -stim_times using TR=2 s for any -iresp output datasets
++  [you can alter the -iresp TR via the -TR_times option]
++ ** -stim_times NOTE ** guessing GLOBAL times if 1 time per line; LOCAL otherwise
++ ** GUESSED ** -stim_times_AM2 1 using LOCAL times
++ '-stim_times_AM2 1' average amplitude#1=0.975
++ ** GUESSED ** -stim_times_AM1 2 using LOCAL times
------------------------------------------------------------
GLT matrix from 'SYM: AllConds[0]':
   0   0   0   0   0   0   1   0   0   0   0   0   0 
 
------------------------------------------------------------
GLT matrix from 'SYM: AllConds[1]':
   0   0   0   0   0   0   0   1   0   0   0   0   0 
 
++ Number of time points: 357 (no censoring)
 + Number of parameters:  13 [10 baseline ; 3 signal]
++ total shared memory needed = 3,155,214,060 bytes (about 3.2 billion [giga])
++ current memory malloc-ated = 1,546,531,429 bytes (about 1.5 billion [giga])
++ mmap() memory allocated: 3,155,214,060 bytes (about 3.2 billion [giga])
++ Memory required for output bricks = 3,155,214,060 bytes (about 3.2 billion [giga])
++ Wrote matrix values to file CHIVES1026_AllCondPmod_xmat.1D
++ ========= Things you can do with the matrix file =========
++ (a) Linear regression with ARMA(1,1) modeling of serial correlation:

3dREMLfit -matrix CHIVES1026_AllCondPmod_xmat.1D -input /projects/sanlab/shared/CHIVES/bids_data/derivatives/fmriprep/sub-CHIVES1026/ses-wave1/func/s6_sub-CHIVES1026_ses-wave1_task-money_bold_space-MNI152NLin2009cAsym_preproc.nii \
 -mask /projects/sanlab/shared/CHIVES/bids_data/derivatives/fmriprep/sub-CHIVES1026/ses-wave1/func/sub-CHIVES1026_ses-wave1_task-money_bold_space-MNI152NLin2009cAsym_brainmask.nii.gz \
 -fout -tout -Rbuck CHIVES1026_AllCondPmod_stats_REML -Rvar CHIVES1026_AllCondPmod_stats_REMLvar \
 -Rfitts CHIVES1026_AllCondPmod_REML -Rerrts CHIVES1026_AllCondPmod_REML -verb
 
++ N.B.: 3dREMLfit command above written to file CHIVES1026_AllCondPmod_stats.REML_cmd
++ (b) Visualization/analysis of the matrix via ExamineXmat.R
++ (c) Synthesis of sub-model datasets using 3dSynthesize
++ ==========================================================
++ Wrote matrix values to file CHIVES1026_AllCondPmod_uncensor_xmat.1D
++ ----- Signal+Baseline matrix condition [X] (357x13):  2.20535  ++ VERY GOOD ++
++ ----- Signal-only matrix condition [X] (357x3):  1.58419  ++ VERY GOOD ++
++ ----- Baseline-only matrix condition [X] (357x10):  2.11607  ++ VERY GOOD ++
++ ----- stim_base-only matrix condition [X] (357x4):  1.38657  ++ VERY GOOD ++
++ ----- polort-only matrix condition [X] (357x6):  1.01526  ++ VERY GOOD ++
++ +++++ Matrix inverse average error = 1.45196e-15  ++ VERY GOOD ++
++ Matrix setup time = 0.01 s
++ Voxels in dataset: 1082035
++ Voxels in mask:    268576
++ Voxels per job:    13428
++ Job #1: processing voxels 183680 to 240399; elapsed time=4.834
++ Job #2: processing voxels 240400 to 285782; elapsed time=4.851
++ Job #3: processing voxels 285783 to 325753; elapsed time=4.869
++ Job #4: processing voxels 325754 to 353711; elapsed time=4.887
++ Job #5: processing voxels 353712 to 384139; elapsed time=4.905
++ Job #6: processing voxels 384140 to 410475; elapsed time=4.923
++ Job #7: processing voxels 410476 to 439731; elapsed time=4.941
++ Job #8: processing voxels 439732 to 465541; elapsed time=4.960
++ Job #9: processing voxels 465542 to 494841; elapsed time=4.978
++ Job #10: processing voxels 494842 to 520749; elapsed time=4.996
++ Job #11: processing voxels 520750 to 550840; elapsed time=5.014
++ Job #12: processing voxels 550841 to 577760; elapsed time=5.032
++ Job #13: processing voxels 577761 to 608821; elapsed time=5.058
++ Job #14: processing voxels 608822 to 641231; elapsed time=5.083
++ Job #15: processing voxels 641232 to 674899; elapsed time=5.088
++ Job #16: processing voxels 674900 to 710362; elapsed time=5.120
++ Job #17: processing voxels 710363 to 753631; elapsed time=5.125
++ Job #18: processing voxels 753632 to 808426; elapsed time=5.157
++ Job #19: processing voxels 808427 to 1082034; elapsed time=5.162
++ Job #0: processing voxels 0 to 183679; elapsed time=5.172
++ voxel loop:0123456789.0123456789.0123456789.0123456789.0++ Job #2 finished; elapsed time=5.653
12++ Job #4 finished; elapsed time=5.675
++ Job #5 finished; elapsed time=5.710
3++ Job #1 finished; elapsed time=5.735
++ Job #7 finished; elapsed time=5.746
++ Job #6 finished; elapsed time=5.748
45++ Job #8 finished; elapsed time=5.782
++ Job #9 finished; elapsed time=5.785
++ Job #10 finished; elapsed time=5.787
++ Job #12 finished; elapsed time=5.826
6++ Job #3 finished; elapsed time=5.850
++ Job #13 finished; elapsed time=5.856
78++ Job #15 finished; elapsed time=5.881
++ Job #11 finished; elapsed time=5.908
++ Job #17 finished; elapsed time=5.930
9.
++ Job #0 waiting for children to finish; elapsed time=5.951
++ Job #14 finished; elapsed time=5.957
++ Job #19 finished; elapsed time=5.991
++ Job #16 finished; elapsed time=6.005
++ Job #18 finished; elapsed time=6.105
++ Job #0 now finishing up; elapsed time=6.116
++ Smallest FDR q [0 Full_Fstat] = 2.73122e-15
++ Smallest FDR q [2 AllConds#0_Tstat] = 3.47741e-14
++ Smallest FDR q [4 AllConds#1_Tstat] = 8.34161e-09
++ Smallest FDR q [5 AllConds_Fstat] = 3.57879e-14
++ Smallest FDR q [7 BidsNMiss#0_Tstat] = 3.86874e-15
++ Smallest FDR q [8 BidsNMiss_Fstat] = 3.86749e-15
++ Smallest FDR q [10 CondGtRest_GLT#0_Tstat] = 3.47741e-14
++ Smallest FDR q [11 CondGtRest_GLT_Fstat] = 3.47746e-14
++ Smallest FDR q [13 Pmod_GLT#0_Tstat] = 8.34161e-09
++ Smallest FDR q [14 Pmod_GLT_Fstat] = 8.34128e-09
++ Wrote bucket dataset into ./CHIVES1026_AllCondPmod_stats+tlrc.BRIK
 + created 10 FDR curves in bucket header
++ Wrote 3D+time dataset into ./CHIVES1026_AllCondPmod+tlrc.BRIK
++ Wrote 3D+time dataset into ./CHIVES1026_AllCondPmod+tlrc.BRIK
++ Program finished; elapsed time=21.247
++ 3dREMLfit: AFNI version=AFNI_18.2.04 (Jul  6 2018) [64-bit]
++ Authored by: RWCox
** AFNI converts NIFTI_datatype=4 (INT16) in file /projects/sanlab/shared/CHIVES/bids_data/derivatives/fmriprep/sub-CHIVES1026/ses-wave1/func/s6_sub-CHIVES1026_ses-wave1_task-money_bold_space-MNI152NLin2009cAsym_preproc.nii to FLOAT32
     Warnings of this type will be muted for this session.
     Set AFNI_NIFTI_TYPE_WARN to YES to see them all, NO to see none.
++ Number of voxels in mask = 268576
++ Number of OpenMP threads = 15
++ -----  matrix condition (357x13):  2.20535  ++ VERY GOOD ++
++ Loading input dataset into memory
++ Converting input dataset to vector image
 +  dataset = 1.5 billion [giga] bytes
 +  vectim  = 385 million [mega] bytes
++ starting REML setup calculations; total CPU=0.00 Elapsed=4.19
 + X matrix: 99.698% of elements are nonzero
 + starting 15 OpenMP threads for REML setup
 + REML setup finished: matrix rows=357 cols=13; 109*1 cases; total CPU=0.00 Elapsed=4.20
 +  average case bandwidth = 13.00
++ REML voxel loop: [15 threads]0123456789.012
 + ARMA voxel parameters estimated: total CPU=0.00 Elapsed=20.66
++ GLSQ loop:0123456789.0123456789.0123456789.0123456789.0123456789.
 + GLSQ regression done: total CPU=0.00 Elapsed=42.87
++ Output dataset ./CHIVES1026_AllCondPmod_stats_REMLvar+tlrc.BRIK
++ Output dataset ./CHIVES1026_AllCondPmod_REML+tlrc.BRIK
[7m** ERROR:[0m output dataset name 'CHIVES1026_AllCondPmod_REML' conflicts with existing file
[7m** ERROR:[0m dataset NOT written to disk!
++ creating FDR curves in dataset CHIVES1026_AllCondPmod_stats_REML+tlrc
++ Smallest FDR q [0 Full_Fstat] = 3.43605e-15
++ Smallest FDR q [2 AllConds#0_Tstat] = 6.44069e-14
++ Smallest FDR q [4 AllConds#1_Tstat] = 0.0029858
++ Smallest FDR q [5 AllConds_Fstat] = 7.86558e-14
++ Smallest FDR q [7 BidsNMiss#0_Tstat] = 4.67148e-15
++ Smallest FDR q [8 BidsNMiss_Fstat] = 4.67148e-15
++ Smallest FDR q [10 CondGtRest#0_Tstat] = 6.44069e-14
++ Smallest FDR q [11 CondGtRest_Fstat] = 6.44069e-14
++ Smallest FDR q [13 Pmod#0_Tstat] = 0.0029858
++ Smallest FDR q [14 Pmod_Fstat] = 0.0029858
 + Added 10 FDR curves to dataset CHIVES1026_AllCondPmod_stats_REML+tlrc
++ Output dataset ./CHIVES1026_AllCondPmod_stats_REML+tlrc.BRIK
 + unloading input dataset and REML matrices
++ 3dREMLfit is all done! total CPU=0.00 Elapsed=57.49
** AFNI converts NIFTI_datatype=4 (INT16) in file /projects/sanlab/shared/CHIVES/bids_data/derivatives/fmriprep/sub-CHIVES1026/ses-wave1/func/s6_sub-CHIVES1026_ses-wave1_task-money_bold_space-MNI152NLin2009cAsym_preproc.nii to FLOAT32
     Warnings of this type will be muted for this session.
     Set AFNI_NIFTI_TYPE_WARN to YES to see them all, NO to see none.
++ '-stim_times_AM2 1 /projects/sanlab/shared/CHIVES/CHIVES_WTP_scripts/behavioral/money/afni_timing_files/CHIVES1026/HealthyPmod.1D' has 1 auxiliary values per time point
++ '-stim_times_AM2 1 /projects/sanlab/shared/CHIVES/CHIVES_WTP_scripts/behavioral/money/afni_timing_files/CHIVES1026/HealthyPmod.1D' will have 2 regressors
++ '-stim_times_AM2 2 /projects/sanlab/shared/CHIVES/CHIVES_WTP_scripts/behavioral/money/afni_timing_files/CHIVES1026/UnhealthyPmod.1D' has 1 auxiliary values per time point
++ '-stim_times_AM2 2 /projects/sanlab/shared/CHIVES/CHIVES_WTP_scripts/behavioral/money/afni_timing_files/CHIVES1026/UnhealthyPmod.1D' will have 2 regressors
++ '-stim_times_AM1 3 /projects/sanlab/shared/CHIVES/CHIVES_WTP_scripts/behavioral/money/afni_timing_files/CHIVES1026/BidOnsDur.1D' has 1 auxiliary values per time point
++ '-stim_times_AM1 3': basis function model 'dmBLOCK(1)' uses 1 parameters,
    out of the 1 found in timing file '/projects/sanlab/shared/CHIVES/CHIVES_WTP_scripts/behavioral/money/afni_timing_files/CHIVES1026/BidOnsDur.1D'
++ 3dDeconvolve extending num_stimts from 3 to 7 due to -ortvec
++ 3dDeconvolve: AFNI version=AFNI_18.2.04 (Jul  6 2018) [64-bit]
++ Authored by: B. Douglas Ward, et al.
++ current memory malloc-ated = 281,901 bytes (about 282 thousand [kilo])
++ loading dataset /projects/sanlab/shared/CHIVES/bids_data/derivatives/fmriprep/sub-CHIVES1026/ses-wave1/func/s6_sub-CHIVES1026_ses-wave1_task-money_bold_space-MNI152NLin2009cAsym_preproc.nii
++ current memory malloc-ated = 1,545,430,761 bytes (about 1.5 billion [giga])
++ forcibly using TR=2.0000 seconds for -input dataset
++ Skipping check for initial transients
++ Imaging duration=714.0 s; Automatic polort=5
++ -stim_times using TR=2 s for stimulus timing conversion
++ -stim_times using TR=2 s for any -iresp output datasets
++  [you can alter the -iresp TR via the -TR_times option]
++ ** -stim_times NOTE ** guessing GLOBAL times if 1 time per line; LOCAL otherwise
++ ** GUESSED ** -stim_times_AM2 1 using LOCAL times
++ '-stim_times_AM2 1' average amplitude#1=1.03333
++ ** GUESSED ** -stim_times_AM2 2 using LOCAL times
++ '-stim_times_AM2 2' average amplitude#1=0.916667
++ ** GUESSED ** -stim_times_AM1 3 using LOCAL times
------------------------------------------------------------
GLT matrix from 'SYM: HealthyPmod[0]':
   0   0   0   0   0   0   1   0   0   0   0   0   0   0   0 
 
------------------------------------------------------------
GLT matrix from 'SYM: HealthyPmod[1]':
   0   0   0   0   0   0   0   1   0   0   0   0   0   0   0 
 
------------------------------------------------------------
GLT matrix from 'SYM: UnhealthyPmod[0]':
   0   0   0   0   0   0   0   0   1   0   0   0   0   0   0 
 
------------------------------------------------------------
GLT matrix from 'SYM: UnhealthyPmod[1]':
   0   0   0   0   0   0   0   0   0   1   0   0   0   0   0 
 
------------------------------------------------------------
GLT matrix from 'SYM: HealthyPmod[0] -UnhealthyPmod[0]':
   0   0   0   0   0   0   1   0  -1   0   0   0   0   0   0 
 
------------------------------------------------------------
GLT matrix from 'SYM: HealthyPmod[1] -UnhealthyPmod[1]':
   0   0   0   0   0   0   0   1   0  -1   0   0   0   0   0 
 
++ Number of time points: 357 (no censoring)
 + Number of parameters:  15 [10 baseline ; 5 signal]
++ total shared memory needed = 3,228,792,440 bytes (about 3.2 billion [giga])
++ current memory malloc-ated = 1,546,563,263 bytes (about 1.5 billion [giga])
++ mmap() memory allocated: 3,228,792,440 bytes (about 3.2 billion [giga])
++ Memory required for output bricks = 3,228,792,440 bytes (about 3.2 billion [giga])
++ Wrote matrix values to file CHIVES1026_2CondPmod_xmat.1D
++ ========= Things you can do with the matrix file =========
++ (a) Linear regression with ARMA(1,1) modeling of serial correlation:

3dREMLfit -matrix CHIVES1026_2CondPmod_xmat.1D -input /projects/sanlab/shared/CHIVES/bids_data/derivatives/fmriprep/sub-CHIVES1026/ses-wave1/func/s6_sub-CHIVES1026_ses-wave1_task-money_bold_space-MNI152NLin2009cAsym_preproc.nii \
 -mask /projects/sanlab/shared/CHIVES/bids_data/derivatives/fmriprep/sub-CHIVES1026/ses-wave1/func/sub-CHIVES1026_ses-wave1_task-money_bold_space-MNI152NLin2009cAsym_brainmask.nii.gz \
 -fout -tout -Rbuck CHIVES1026_2CondPmod_stats_REML -Rvar CHIVES1026_2CondPmod_stats_REMLvar \
 -Rfitts CHIVES1026_2CondPmod_REML -Rerrts CHIVES1026_2CondPmod_REML -verb
 
++ N.B.: 3dREMLfit command above written to file CHIVES1026_2CondPmod_stats.REML_cmd
++ (b) Visualization/analysis of the matrix via ExamineXmat.R
++ (c) Synthesis of sub-model datasets using 3dSynthesize
++ ==========================================================
++ Wrote matrix values to file CHIVES1026_2CondPmod_uncensor_xmat.1D
++ ----- Signal+Baseline matrix condition [X] (357x15):  2.21851  ++ VERY GOOD ++
++ ----- Signal-only matrix condition [X] (357x5):  1.58431  ++ VERY GOOD ++
++ ----- Baseline-only matrix condition [X] (357x10):  2.11607  ++ VERY GOOD ++
++ ----- stim_base-only matrix condition [X] (357x4):  1.38657  ++ VERY GOOD ++
++ ----- polort-only matrix condition [X] (357x6):  1.01526  ++ VERY GOOD ++
++ +++++ Matrix inverse average error = 1.26317e-15  ++ VERY GOOD ++
++ Matrix setup time = 0.02 s
++ Voxels in dataset: 1082035
++ Voxels in mask:    268576
++ Voxels per job:    13428
++ Job #1: processing voxels 183680 to 240399; elapsed time=4.248
++ Job #2: processing voxels 240400 to 285782; elapsed time=4.265
++ Job #3: processing voxels 285783 to 325753; elapsed time=4.283
++ Job #4: processing voxels 325754 to 353711; elapsed time=4.300
++ Job #5: processing voxels 353712 to 384139; elapsed time=4.318
++ Job #6: processing voxels 384140 to 410475; elapsed time=4.336
++ Job #7: processing voxels 410476 to 439731; elapsed time=4.354
++ Job #8: processing voxels 439732 to 465541; elapsed time=4.372
++ Job #9: processing voxels 465542 to 494841; elapsed time=4.390
++ Job #10: processing voxels 494842 to 520749; elapsed time=4.408
++ Job #11: processing voxels 520750 to 550840; elapsed time=4.427
++ Job #12: processing voxels 550841 to 577760; elapsed time=4.445
++ Job #13: processing voxels 577761 to 608821; elapsed time=4.463
++ Job #14: processing voxels 608822 to 641231; elapsed time=4.495
++ Job #15: processing voxels 641232 to 674899; elapsed time=4.500
++ Job #16: processing voxels 674900 to 710362; elapsed time=4.532
++ Job #17: processing voxels 710363 to 753631; elapsed time=4.537
++ Job #18: processing voxels 753632 to 808426; elapsed time=4.569
++ Job #19: processing voxels 808427 to 1082034; elapsed time=4.574
++ Job #0: processing voxels 0 to 183679; elapsed time=4.584
++ voxel loop:0123456789.0123456789.0123456789.0123456789.0123++ Job #2 finished; elapsed time=5.375
45++ Job #4 finished; elapsed time=5.401
++ Job #6 finished; elapsed time=5.434
++ Job #5 finished; elapsed time=5.457
++ Job #8 finished; elapsed time=5.465
++ Job #7 finished; elapsed time=5.488
++ Job #10 finished; elapsed time=5.505
6++ Job #9 finished; elapsed time=5.514
++ Job #12 finished; elapsed time=5.541
78++ Job #13 finished; elapsed time=5.559
++ Job #15 finished; elapsed time=5.605
++ Job #17 finished; elapsed time=5.644
9.
++ Job #0 waiting for children to finish; elapsed time=5.668
++ Job #11 finished; elapsed time=5.674
++ Job #19 finished; elapsed time=5.712
++ Job #14 finished; elapsed time=5.761
++ Job #1 finished; elapsed time=5.886
++ Job #3 finished; elapsed time=5.902
++ Job #16 finished; elapsed time=6.102
++ Job #18 finished; elapsed time=6.167
++ Job #0 now finishing up; elapsed time=6.178
++ Smallest FDR q [0 Full_Fstat] = 3.16444e-15
++ Smallest FDR q [2 HealthyPmod#0_Tstat] = 6.8805e-14
++ Smallest FDR q [4 HealthyPmod#1_Tstat] = 0.000470768
++ Smallest FDR q [5 HealthyPmod_Fstat] = 7.30233e-14
++ Smallest FDR q [7 UnhealthyPmod#0_Tstat] = 4.65856e-14
++ Smallest FDR q [9 UnhealthyPmod#1_Tstat] = 4.30712e-07
++ Smallest FDR q [10 UnhealthyPmod_Fstat] = 5.26907e-14
++ Smallest FDR q [12 BidsNMiss#0_Tstat] = 3.87338e-15
++ Smallest FDR q [13 BidsNMiss_Fstat] = 3.87229e-15
++ Smallest FDR q [15 HealthyGtRest_GLT#0_Tstat] = 6.8805e-14
++ Smallest FDR q [16 HealthyGtRest_GLT_Fstat] = 6.8803e-14
++ Smallest FDR q [18 HealthyPmod_GLT#0_Tstat] = 0.000470768
++ Smallest FDR q [19 HealthyPmod_GLT_Fstat] = 0.000470757
++ Smallest FDR q [21 UnhealthyGtRest_GLT#0_Tstat] = 4.65856e-14
++ Smallest FDR q [22 UnhealthyGtRest_GLT_Fstat] = 4.65868e-14
++ Smallest FDR q [24 UnhealthyPmod_GLT#0_Tstat] = 4.30712e-07
++ Smallest FDR q [25 UnhealthyPmod_GLT_Fstat] = 4.30713e-07
++ Smallest FDR q [27 HealthyGtUnhealthy_GLT#0_Tstat] = 0.000183834
++ Smallest FDR q [28 HealthyGtUnhealthy_GLT_Fstat] = 0.000183836
++ Smallest FDR q [30 HealthyGtUnhealthyPmod_GLT#0_Tstat] = 0.0474988
++ Smallest FDR q [31 HealthyGtUnhealthyPmod_GLT_Fstat] = 0.0474988
++ Wrote bucket dataset into ./CHIVES1026_2CondPmod_stats+tlrc.BRIK
 + created 21 FDR curves in bucket header
++ Wrote 3D+time dataset into ./CHIVES1026_2CondPmod+tlrc.BRIK
++ Wrote 3D+time dataset into ./CHIVES1026_2CondPmod+tlrc.BRIK
++ Program finished; elapsed time=35.463
++ 3dREMLfit: AFNI version=AFNI_18.2.04 (Jul  6 2018) [64-bit]
++ Authored by: RWCox
** AFNI converts NIFTI_datatype=4 (INT16) in file /projects/sanlab/shared/CHIVES/bids_data/derivatives/fmriprep/sub-CHIVES1026/ses-wave1/func/s6_sub-CHIVES1026_ses-wave1_task-money_bold_space-MNI152NLin2009cAsym_preproc.nii to FLOAT32
     Warnings of this type will be muted for this session.
     Set AFNI_NIFTI_TYPE_WARN to YES to see them all, NO to see none.
++ Number of voxels in mask = 268576
++ Number of OpenMP threads = 15
++ -----  matrix condition (357x15):  2.21851  ++ VERY GOOD ++
++ Loading input dataset into memory
++ Converting input dataset to vector image
 +  dataset = 1.5 billion [giga] bytes
 +  vectim  = 385 million [mega] bytes
++ starting REML setup calculations; total CPU=0.00 Elapsed=4.18
 + X matrix: 90.700% of elements are nonzero
 + starting 15 OpenMP threads for REML setup
 + REML setup finished: matrix rows=357 cols=15; 109*1 cases; total CPU=0.00 Elapsed=4.19
 +  average case bandwidth = 13.00
++ REML voxel loop: [15 threads]0123456789.012
 + ARMA voxel parameters estimated: total CPU=0.00 Elapsed=21.42
++ GLSQ loop:0123456789.0123456789.0123456789.0123456789.0123456789.
 + GLSQ regression done: total CPU=0.00 Elapsed=54.77
++ Output dataset ./CHIVES1026_2CondPmod_stats_REMLvar+tlrc.BRIK
++ Output dataset ./CHIVES1026_2CondPmod_REML+tlrc.BRIK
[7m** ERROR:[0m output dataset name 'CHIVES1026_2CondPmod_REML' conflicts with existing file
[7m** ERROR:[0m dataset NOT written to disk!
++ creating FDR curves in dataset CHIVES1026_2CondPmod_stats_REML+tlrc
++ Smallest FDR q [0 Full_Fstat] = 4.16626e-15
++ Smallest FDR q [2 HealthyPmod#0_Tstat] = 2.4999e-13
[7m*+ WARNING:[0m Smallest FDR q [4 HealthyPmod#1_Tstat] = 0.309384 ==> few true single voxel detections
++ Smallest FDR q [5 HealthyPmod_Fstat] = 3.39248e-13
++ Smallest FDR q [7 UnhealthyPmod#0_Tstat] = 1.18535e-13
[7m*+ WARNING:[0m Smallest FDR q [9 UnhealthyPmod#1_Tstat] = 0.151986 ==> few true single voxel detections
++ Smallest FDR q [10 UnhealthyPmod_Fstat] = 1.61594e-13
++ Smallest FDR q [12 BidsNMiss#0_Tstat] = 4.7197e-15
++ Smallest FDR q [13 BidsNMiss_Fstat] = 4.7197e-15
++ Smallest FDR q [15 HealthyGtRest#0_Tstat] = 2.4999e-13
++ Smallest FDR q [16 HealthyGtRest_Fstat] = 2.4999e-13
[7m*+ WARNING:[0m Smallest FDR q [18 HealthyPmod#0_Tstat] = 0.309384 ==> few true single voxel detections
[7m*+ WARNING:[0m Smallest FDR q [19 HealthyPmod_Fstat] = 0.309384 ==> few true single voxel detections
++ Smallest FDR q [21 UnhealthyGtRest#0_Tstat] = 1.18535e-13
++ Smallest FDR q [22 UnhealthyGtRest_Fstat] = 1.18535e-13
[7m*+ WARNING:[0m Smallest FDR q [24 UnhealthyPmod#0_Tstat] = 0.151986 ==> few true single voxel detections
[7m*+ WARNING:[0m Smallest FDR q [25 UnhealthyPmod_Fstat] = 0.151986 ==> few true single voxel detections
[7m*+ WARNING:[0m Smallest FDR q [27 HealthyGtUnhealthy#0_Tstat] = 0.142557 ==> few true single voxel detections
[7m*+ WARNING:[0m Smallest FDR q [28 HealthyGtUnhealthy_Fstat] = 0.142557 ==> few true single voxel detections
[7m*+ WARNING:[0m Smallest FDR q [30 HealthyGtUnhealthyPmod#0_Tstat] = 0.233688 ==> few true single voxel detections
[7m*+ WARNING:[0m Smallest FDR q [31 HealthyGtUnhealthyPmod_Fstat] = 0.233688 ==> few true single voxel detections
 + Added 21 FDR curves to dataset CHIVES1026_2CondPmod_stats_REML+tlrc
++ Output dataset ./CHIVES1026_2CondPmod_stats_REML+tlrc.BRIK
 + unloading input dataset and REML matrices
++ 3dREMLfit is all done! total CPU=0.00 Elapsed=82.75
** AFNI converts NIFTI_datatype=4 (INT16) in file /projects/sanlab/shared/CHIVES/bids_data/derivatives/fmriprep/sub-CHIVES1026/ses-wave1/func/s6_sub-CHIVES1026_ses-wave1_task-money_bold_space-MNI152NLin2009cAsym_preproc.nii to FLOAT32
     Warnings of this type will be muted for this session.
     Set AFNI_NIFTI_TYPE_WARN to YES to see them all, NO to see none.
++ '-stim_times_AM1 3 /projects/sanlab/shared/CHIVES/CHIVES_WTP_scripts/behavioral/money/afni_timing_files/CHIVES1026/BidOnsDur.1D' has 1 auxiliary values per time point
++ '-stim_times_AM1 3': basis function model 'dmBLOCK(1)' uses 1 parameters,
    out of the 1 found in timing file '/projects/sanlab/shared/CHIVES/CHIVES_WTP_scripts/behavioral/money/afni_timing_files/CHIVES1026/BidOnsDur.1D'
++ 3dDeconvolve extending num_stimts from 3 to 7 due to -ortvec
++ 3dDeconvolve: AFNI version=AFNI_18.2.04 (Jul  6 2018) [64-bit]
++ Authored by: B. Douglas Ward, et al.
++ current memory malloc-ated = 265,657 bytes (about 266 thousand [kilo])
++ loading dataset /projects/sanlab/shared/CHIVES/bids_data/derivatives/fmriprep/sub-CHIVES1026/ses-wave1/func/s6_sub-CHIVES1026_ses-wave1_task-money_bold_space-MNI152NLin2009cAsym_preproc.nii
++ current memory malloc-ated = 1,545,414,517 bytes (about 1.5 billion [giga])
++ forcibly using TR=2.0000 seconds for -input dataset
++ Skipping check for initial transients
++ Imaging duration=714.0 s; Automatic polort=5
++ -stim_times using TR=2 s for stimulus timing conversion
++ -stim_times using TR=2 s for any -iresp output datasets
++  [you can alter the -iresp TR via the -TR_times option]
++ ** -stim_times NOTE ** guessing GLOBAL times if 1 time per line; LOCAL otherwise
++ ** GUESSED ** -stim_times 1 using LOCAL times
++ ** GUESSED ** -stim_times 2 using LOCAL times
++ ** GUESSED ** -stim_times_AM1 3 using LOCAL times
------------------------------------------------------------
GLT matrix from 'SYM: Healthy':
   0   0   0   0   0   0   1   0   0   0   0   0   0 
 
------------------------------------------------------------
GLT matrix from 'SYM: Unhealthy':
   0   0   0   0   0   0   0   1   0   0   0   0   0 
 
------------------------------------------------------------
GLT matrix from 'SYM: Healthy -Unhealthy':
   0   0   0   0   0   0   1  -1   0   0   0   0   0 
 
++ Number of time points: 357 (no censoring)
 + Number of parameters:  13 [10 baseline ; 3 signal]
++ total shared memory needed = 3,172,526,620 bytes (about 3.2 billion [giga])
++ current memory malloc-ated = 1,546,542,489 bytes (about 1.5 billion [giga])
++ mmap() memory allocated: 3,172,526,620 bytes (about 3.2 billion [giga])
++ Memory required for output bricks = 3,172,526,620 bytes (about 3.2 billion [giga])
++ Wrote matrix values to file CHIVES1026_2Cond_xmat.1D
++ ========= Things you can do with the matrix file =========
++ (a) Linear regression with ARMA(1,1) modeling of serial correlation:

3dREMLfit -matrix CHIVES1026_2Cond_xmat.1D -input /projects/sanlab/shared/CHIVES/bids_data/derivatives/fmriprep/sub-CHIVES1026/ses-wave1/func/s6_sub-CHIVES1026_ses-wave1_task-money_bold_space-MNI152NLin2009cAsym_preproc.nii \
 -mask /projects/sanlab/shared/CHIVES/bids_data/derivatives/fmriprep/sub-CHIVES1026/ses-wave1/func/sub-CHIVES1026_ses-wave1_task-money_bold_space-MNI152NLin2009cAsym_brainmask.nii.gz \
 -fout -tout -Rbuck CHIVES1026_2Cond_stats_REML -Rvar CHIVES1026_2Cond_stats_REMLvar \
 -Rfitts CHIVES1026_2Cond_REML -Rerrts CHIVES1026_2Cond_REML -verb
 
++ N.B.: 3dREMLfit command above written to file CHIVES1026_2Cond_stats.REML_cmd
++ (b) Visualization/analysis of the matrix via ExamineXmat.R
++ (c) Synthesis of sub-model datasets using 3dSynthesize
++ ==========================================================
++ Wrote matrix values to file CHIVES1026_2Cond_uncensor_xmat.1D
++ ----- Signal+Baseline matrix condition [X] (357x13):  2.20691  ++ VERY GOOD ++
++ ----- Signal-only matrix condition [X] (357x3):  1.58397  ++ VERY GOOD ++
++ ----- Baseline-only matrix condition [X] (357x10):  2.11607  ++ VERY GOOD ++
++ ----- stim_base-only matrix condition [X] (357x4):  1.38657  ++ VERY GOOD ++
++ ----- polort-only matrix condition [X] (357x6):  1.01526  ++ VERY GOOD ++
++ +++++ Matrix inverse average error = 1.67576e-15  ++ VERY GOOD ++
++ Matrix setup time = 0.01 s
++ Voxels in dataset: 1082035
++ Voxels in mask:    268576
++ Voxels per job:    13428
++ Job #1: processing voxels 183680 to 240399; elapsed time=4.219
++ Job #2: processing voxels 240400 to 285782; elapsed time=4.236
++ Job #3: processing voxels 285783 to 325753; elapsed time=4.254
++ Job #4: processing voxels 325754 to 353711; elapsed time=4.272
++ Job #5: processing voxels 353712 to 384139; elapsed time=4.290
++ Job #6: processing voxels 384140 to 410475; elapsed time=4.308
++ Job #7: processing voxels 410476 to 439731; elapsed time=4.326
++ Job #8: processing voxels 439732 to 465541; elapsed time=4.344
++ Job #9: processing voxels 465542 to 494841; elapsed time=4.362
++ Job #10: processing voxels 494842 to 520749; elapsed time=4.380
++ Job #11: processing voxels 520750 to 550840; elapsed time=4.399
++ Job #12: processing voxels 550841 to 577760; elapsed time=4.417
++ Job #13: processing voxels 577761 to 608821; elapsed time=4.435
++ Job #14: processing voxels 608822 to 641231; elapsed time=4.472
++ Job #15: processing voxels 641232 to 674899; elapsed time=4.472
++ Job #16: processing voxels 674900 to 710362; elapsed time=4.505
++ Job #17: processing voxels 710363 to 753631; elapsed time=4.510
++ Job #18: processing voxels 753632 to 808426; elapsed time=4.542
++ Job #19: processing voxels 808427 to 1082034; elapsed time=4.547
++ Job #0: processing voxels 0 to 183679; elapsed time=4.557
++ voxel loop:0123456789.0123456789.0123456789.0123456789.012++ Job #2 finished; elapsed time=5.140
++ Job #4 finished; elapsed time=5.166
3++ Job #6 finished; elapsed time=5.198
45++ Job #5 finished; elapsed time=5.221
++ Job #8 finished; elapsed time=5.229
++ Job #7 finished; elapsed time=5.253
++ Job #10 finished; elapsed time=5.268
++ Job #9 finished; elapsed time=5.279
++ Job #12 finished; elapsed time=5.306
6++ Job #13 finished; elapsed time=5.324
78++ Job #15 finished; elapsed time=5.368
++ Job #17 finished; elapsed time=5.410
9.
++ Job #0 waiting for children to finish; elapsed time=5.437
++ Job #19 finished; elapsed time=5.476
++ Job #1 finished; elapsed time=5.538
++ Job #11 finished; elapsed time=5.546
++ Job #3 finished; elapsed time=5.560
++ Job #14 finished; elapsed time=5.595
++ Job #16 finished; elapsed time=5.778
++ Job #18 finished; elapsed time=5.829
++ Job #0 now finishing up; elapsed time=5.840
++ Smallest FDR q [0 Full_Fstat] = 2.81449e-15
++ Smallest FDR q [2 Healthy#0_Tstat] = 6.9404e-14
++ Smallest FDR q [3 Healthy_Fstat] = 6.94077e-14
++ Smallest FDR q [5 Unhealthy#0_Tstat] = 4.77888e-14
++ Smallest FDR q [6 Unhealthy_Fstat] = 4.77871e-14
++ Smallest FDR q [8 BidsNMiss#0_Tstat] = 3.87203e-15
++ Smallest FDR q [9 BidsNMiss_Fstat] = 3.871e-15
++ Smallest FDR q [11 HealthyGtRest_GLT#0_Tstat] = 6.9404e-14
++ Smallest FDR q [12 HealthyGtRest_GLT_Fstat] = 6.94077e-14
++ Smallest FDR q [14 UnhealthyGtRest_GLT#0_Tstat] = 4.77888e-14
++ Smallest FDR q [15 UnhealthyGtRest_GLT_Fstat] = 4.77881e-14
++ Smallest FDR q [17 HealthyGtUnhealthy_GLT#0_Tstat] = 0.000222755
++ Smallest FDR q [18 HealthyGtUnhealthy_GLT_Fstat] = 0.000222744
++ Wrote bucket dataset into ./CHIVES1026_2Cond_stats+tlrc.BRIK
 + created 13 FDR curves in bucket header
++ Wrote 3D+time dataset into ./CHIVES1026_2Cond+tlrc.BRIK
++ Wrote 3D+time dataset into ./CHIVES1026_2Cond+tlrc.BRIK
++ Program finished; elapsed time=23.616
++ 3dREMLfit: AFNI version=AFNI_18.2.04 (Jul  6 2018) [64-bit]
++ Authored by: RWCox
** AFNI converts NIFTI_datatype=4 (INT16) in file /projects/sanlab/shared/CHIVES/bids_data/derivatives/fmriprep/sub-CHIVES1026/ses-wave1/func/s6_sub-CHIVES1026_ses-wave1_task-money_bold_space-MNI152NLin2009cAsym_preproc.nii to FLOAT32
     Warnings of this type will be muted for this session.
     Set AFNI_NIFTI_TYPE_WARN to YES to see them all, NO to see none.
++ Number of voxels in mask = 268576
++ Number of OpenMP threads = 15
++ -----  matrix condition (357x13):  2.20691  ++ VERY GOOD ++
++ Loading input dataset into memory
++ Converting input dataset to vector image
 +  dataset = 1.5 billion [giga] bytes
 +  vectim  = 385 million [mega] bytes
++ starting REML setup calculations; total CPU=0.00 Elapsed=4.40
 + X matrix: 94.549% of elements are nonzero
 + starting 15 OpenMP threads for REML setup
 + REML setup finished: matrix rows=357 cols=13; 109*1 cases; total CPU=0.00 Elapsed=4.41
 +  average case bandwidth = 13.00
++ REML voxel loop: [15 threads]0123456789.012
 + ARMA voxel parameters estimated: total CPU=0.00 Elapsed=20.69
++ GLSQ loop:0123456789.0123456789.0123456789.0123456789.0123456789.
 + GLSQ regression done: total CPU=0.00 Elapsed=47.27
++ Output dataset ./CHIVES1026_2Cond_stats_REMLvar+tlrc.BRIK
++ Output dataset ./CHIVES1026_2Cond_REML+tlrc.BRIK
[7m** ERROR:[0m output dataset name 'CHIVES1026_2Cond_REML' conflicts with existing file
[7m** ERROR:[0m dataset NOT written to disk!
++ creating FDR curves in dataset CHIVES1026_2Cond_stats_REML+tlrc
++ Smallest FDR q [0 Full_Fstat] = 3.49601e-15
++ Smallest FDR q [2 Healthy#0_Tstat] = 2.54142e-13
++ Smallest FDR q [3 Healthy_Fstat] = 2.54142e-13
++ Smallest FDR q [5 Unhealthy#0_Tstat] = 1.22706e-13
++ Smallest FDR q [6 Unhealthy_Fstat] = 1.22706e-13
++ Smallest FDR q [8 BidsNMiss#0_Tstat] = 4.65414e-15
++ Smallest FDR q [9 BidsNMiss_Fstat] = 4.65414e-15
++ Smallest FDR q [11 HealthyGtRest#0_Tstat] = 2.54142e-13
++ Smallest FDR q [12 HealthyGtRest_Fstat] = 2.54142e-13
++ Smallest FDR q [14 UnhealthyGtRest#0_Tstat] = 1.22706e-13
++ Smallest FDR q [15 UnhealthyGtRest_Fstat] = 1.22706e-13
[7m*+ WARNING:[0m Smallest FDR q [17 HealthyGtUnhealthy#0_Tstat] = 0.181459 ==> few true single voxel detections
[7m*+ WARNING:[0m Smallest FDR q [18 HealthyGtUnhealthy_Fstat] = 0.181459 ==> few true single voxel detections
 + Added 13 FDR curves to dataset CHIVES1026_2Cond_stats_REML+tlrc
++ Output dataset ./CHIVES1026_2Cond_stats_REML+tlrc.BRIK
 + unloading input dataset and REML matrices
++ 3dREMLfit is all done! total CPU=0.00 Elapsed=64.82
