** AFNI converts NIFTI_datatype=4 (INT16) in file /projects/sanlab/shared/CHIVES/bids_data/derivatives/fmriprep/sub-CHIVES1018/ses-wave1/func/s6_sub-CHIVES1018_ses-wave1_task-money_bold_space-MNI152NLin2009cAsym_preproc.nii to FLOAT32
     Warnings of this type will be muted for this session.
     Set AFNI_NIFTI_TYPE_WARN to YES to see them all, NO to see none.
++ '-stim_times_AM2 1 /projects/sanlab/shared/CHIVES/CHIVES_WTP_scripts/behavioral/money/afni_timing_files/CHIVES1018/AllCondsPmod.1D' has 1 auxiliary values per time point
++ '-stim_times_AM2 1 /projects/sanlab/shared/CHIVES/CHIVES_WTP_scripts/behavioral/money/afni_timing_files/CHIVES1018/AllCondsPmod.1D' will have 2 regressors
++ '-stim_times_AM1 2 /projects/sanlab/shared/CHIVES/CHIVES_WTP_scripts/behavioral/money/afni_timing_files/CHIVES1018/BidOnsDur.1D' has 1 auxiliary values per time point
++ '-stim_times_AM1 2': basis function model 'dmBLOCK(1)' uses 1 parameters,
    out of the 1 found in timing file '/projects/sanlab/shared/CHIVES/CHIVES_WTP_scripts/behavioral/money/afni_timing_files/CHIVES1018/BidOnsDur.1D'
++ 3dDeconvolve extending num_stimts from 2 to 6 due to -ortvec
++ 3dDeconvolve: AFNI version=AFNI_18.2.04 (Jul  6 2018) [64-bit]
++ Authored by: B. Douglas Ward, et al.
++ current memory malloc-ated = 254,635 bytes (about 255 thousand [kilo])
++ loading dataset /projects/sanlab/shared/CHIVES/bids_data/derivatives/fmriprep/sub-CHIVES1018/ses-wave1/func/s6_sub-CHIVES1018_ses-wave1_task-money_bold_space-MNI152NLin2009cAsym_preproc.nii
++ current memory malloc-ated = 1,545,403,495 bytes (about 1.5 billion [giga])
++ forcibly using TR=2.0000 seconds for -input dataset
++ Skipping check for initial transients
++ Imaging duration=714.0 s; Automatic polort=5
++ -stim_times using TR=2 s for stimulus timing conversion
++ -stim_times using TR=2 s for any -iresp output datasets
++  [you can alter the -iresp TR via the -TR_times option]
++ ** -stim_times NOTE ** guessing GLOBAL times if 1 time per line; LOCAL otherwise
++ ** GUESSED ** -stim_times_AM2 1 using LOCAL times
++ '-stim_times_AM2 1' average amplitude#1=0.875
++ ** GUESSED ** -stim_times_AM1 2 using LOCAL times
------------------------------------------------------------
GLT matrix from 'SYM: AllConds[0]':
   0   0   0   0   0   0   1   0   0   0   0   0   0 
 
------------------------------------------------------------
GLT matrix from 'SYM: AllConds[1]':
   0   0   0   0   0   0   0   1   0   0   0   0   0 
 
++ Number of time points: 357 (no censoring)
 + Number of parameters:  13 [10 baseline ; 3 signal]
++ total shared memory needed = 3,155,214,060 bytes (about 3.2 billion [giga])
++ current memory malloc-ated = 1,546,531,429 bytes (about 1.5 billion [giga])
++ mmap() memory allocated: 3,155,214,060 bytes (about 3.2 billion [giga])
++ Memory required for output bricks = 3,155,214,060 bytes (about 3.2 billion [giga])
++ Wrote matrix values to file CHIVES1018_AllCondPmod_xmat.1D
++ ========= Things you can do with the matrix file =========
++ (a) Linear regression with ARMA(1,1) modeling of serial correlation:

3dREMLfit -matrix CHIVES1018_AllCondPmod_xmat.1D -input /projects/sanlab/shared/CHIVES/bids_data/derivatives/fmriprep/sub-CHIVES1018/ses-wave1/func/s6_sub-CHIVES1018_ses-wave1_task-money_bold_space-MNI152NLin2009cAsym_preproc.nii \
 -mask /projects/sanlab/shared/CHIVES/bids_data/derivatives/fmriprep/sub-CHIVES1018/ses-wave1/func/sub-CHIVES1018_ses-wave1_task-money_bold_space-MNI152NLin2009cAsym_brainmask.nii.gz \
 -fout -tout -Rbuck CHIVES1018_AllCondPmod_stats_REML -Rvar CHIVES1018_AllCondPmod_stats_REMLvar \
 -Rfitts CHIVES1018_AllCondPmod_REML -Rerrts CHIVES1018_AllCondPmod_REML -verb
 
++ N.B.: 3dREMLfit command above written to file CHIVES1018_AllCondPmod_stats.REML_cmd
++ (b) Visualization/analysis of the matrix via ExamineXmat.R
++ (c) Synthesis of sub-model datasets using 3dSynthesize
++ ==========================================================
++ Wrote matrix values to file CHIVES1018_AllCondPmod_uncensor_xmat.1D
++ ----- Signal+Baseline matrix condition [X] (357x13):  3.96358  ++ VERY GOOD ++
++ ----- Signal-only matrix condition [X] (357x3):  1.60458  ++ VERY GOOD ++
++ ----- Baseline-only matrix condition [X] (357x10):  3.925  ++ VERY GOOD ++
++ ----- stim_base-only matrix condition [X] (357x4):  1.60886  ++ VERY GOOD ++
++ ----- polort-only matrix condition [X] (357x6):  1.01526  ++ VERY GOOD ++
++ +++++ Matrix inverse average error = 2.45514e-15  ++ VERY GOOD ++
++ Matrix setup time = 0.01 s
++ Voxels in dataset: 1082035
++ Voxels in mask:    270317
++ Voxels per job:    13515
++ Job #1: processing voxels 181138 to 237701; elapsed time=4.555
++ Job #2: processing voxels 237702 to 282997; elapsed time=4.575
++ Job #3: processing voxels 282998 to 318432; elapsed time=4.596
++ Job #4: processing voxels 318433 to 350921; elapsed time=4.617
++ Job #5: processing voxels 350922 to 381333; elapsed time=4.640
++ Job #6: processing voxels 381334 to 407720; elapsed time=4.662
++ Job #7: processing voxels 407721 to 437124; elapsed time=4.686
++ Job #8: processing voxels 437125 to 463112; elapsed time=4.709
++ Job #9: processing voxels 463113 to 489611; elapsed time=4.733
++ Job #10: processing voxels 489612 to 518674; elapsed time=4.757
++ Job #11: processing voxels 518675 to 548582; elapsed time=4.781
++ Job #12: processing voxels 548583 to 575556; elapsed time=4.806
++ Job #13: processing voxels 575557 to 607087; elapsed time=4.847
++ Job #14: processing voxels 607088 to 639565; elapsed time=4.856
++ Job #15: processing voxels 639566 to 673152; elapsed time=4.883
++ Job #16: processing voxels 673153 to 708416; elapsed time=4.920
++ Job #17: processing voxels 708417 to 751768; elapsed time=4.946
++ Job #18: processing voxels 751769 to 806423; elapsed time=4.972
++ Job #19: processing voxels 806424 to 1082034; elapsed time=4.984
++ Job #0: processing voxels 0 to 181137; elapsed time=4.994
++ voxel loop:0123456789.0123456789.0123456789.0123456++ Job #2 finished; elapsed time=5.379
7++ Job #4 finished; elapsed time=5.423
89.++ Job #6 finished; elapsed time=5.464
0++ Job #5 finished; elapsed time=5.476
++ Job #8 finished; elapsed time=5.515
++ Job #7 finished; elapsed time=5.520
123++ Job #9 finished; elapsed time=5.555
++ Job #10 finished; elapsed time=5.557
++ Job #12 finished; elapsed time=5.605
++ Job #11 finished; elapsed time=5.607
456++ Job #14 finished; elapsed time=5.661
++ Job #15 finished; elapsed time=5.685
++ Job #1 finished; elapsed time=5.713
++ Job #3 finished; elapsed time=5.727
789.
++ Job #0 waiting for children to finish; elapsed time=5.774
++ Job #19 finished; elapsed time=5.804
++ Job #13 finished; elapsed time=5.974
++ Job #16 finished; elapsed time=6.037
++ Job #17 finished; elapsed time=6.038
++ Job #18 finished; elapsed time=6.093
++ Job #0 now finishing up; elapsed time=6.114
++ Smallest FDR q [0 Full_Fstat] = 1.54671e-15
++ Smallest FDR q [2 AllConds#0_Tstat] = 5.74758e-15
++ Smallest FDR q [4 AllConds#1_Tstat] = 0.000576107
++ Smallest FDR q [5 AllConds_Fstat] = 6.74563e-15
++ Smallest FDR q [7 BidsNMiss#0_Tstat] = 3.04365e-15
++ Smallest FDR q [8 BidsNMiss_Fstat] = 3.04262e-15
++ Smallest FDR q [10 CondGtRest_GLT#0_Tstat] = 5.74758e-15
++ Smallest FDR q [11 CondGtRest_GLT_Fstat] = 5.74571e-15
++ Smallest FDR q [13 Pmod_GLT#0_Tstat] = 0.000576107
++ Smallest FDR q [14 Pmod_GLT_Fstat] = 0.000576072
++ Wrote bucket dataset into ./CHIVES1018_AllCondPmod_stats+tlrc.BRIK
 + created 10 FDR curves in bucket header
++ Wrote 3D+time dataset into ./CHIVES1018_AllCondPmod+tlrc.BRIK
++ Wrote 3D+time dataset into ./CHIVES1018_AllCondPmod+tlrc.BRIK
++ Program finished; elapsed time=20.382
++ 3dREMLfit: AFNI version=AFNI_18.2.04 (Jul  6 2018) [64-bit]
++ Authored by: RWCox
** AFNI converts NIFTI_datatype=4 (INT16) in file /projects/sanlab/shared/CHIVES/bids_data/derivatives/fmriprep/sub-CHIVES1018/ses-wave1/func/s6_sub-CHIVES1018_ses-wave1_task-money_bold_space-MNI152NLin2009cAsym_preproc.nii to FLOAT32
     Warnings of this type will be muted for this session.
     Set AFNI_NIFTI_TYPE_WARN to YES to see them all, NO to see none.
++ Number of voxels in mask = 270317
++ Number of OpenMP threads = 15
++ -----  matrix condition (357x13):  3.96358  ++ VERY GOOD ++
++ Loading input dataset into memory
++ Converting input dataset to vector image
 +  dataset = 1.5 billion [giga] bytes
 +  vectim  = 387 million [mega] bytes
++ starting REML setup calculations; total CPU=0.00 Elapsed=5.00
 + X matrix: 99.397% of elements are nonzero
 + starting 15 OpenMP threads for REML setup
 + REML setup finished: matrix rows=357 cols=13; 109*1 cases; total CPU=0.00 Elapsed=5.01
 +  average case bandwidth = 13.00
++ REML voxel loop: [15 threads]0123456789.012
 + ARMA voxel parameters estimated: total CPU=0.00 Elapsed=21.81
++ GLSQ loop:0123456789.0123456789.0123456789.0123456789.0123456789.
 + GLSQ regression done: total CPU=0.00 Elapsed=45.03
++ Output dataset ./CHIVES1018_AllCondPmod_stats_REMLvar+tlrc.BRIK
++ Output dataset ./CHIVES1018_AllCondPmod_REML+tlrc.BRIK
[7m** ERROR:[0m output dataset name 'CHIVES1018_AllCondPmod_REML' conflicts with existing file
[7m** ERROR:[0m dataset NOT written to disk!
++ creating FDR curves in dataset CHIVES1018_AllCondPmod_stats_REML+tlrc
++ Smallest FDR q [0 Full_Fstat] = 2.65614e-15
++ Smallest FDR q [2 AllConds#0_Tstat] = 1.05625e-14
[7m*+ WARNING:[0m Smallest FDR q [4 AllConds#1_Tstat] = 0.196775 ==> few true single voxel detections
++ Smallest FDR q [5 AllConds_Fstat] = 1.4092e-14
++ Smallest FDR q [7 BidsNMiss#0_Tstat] = 5.58412e-15
++ Smallest FDR q [8 BidsNMiss_Fstat] = 5.58412e-15
++ Smallest FDR q [10 CondGtRest#0_Tstat] = 1.05625e-14
++ Smallest FDR q [11 CondGtRest_Fstat] = 1.05625e-14
[7m*+ WARNING:[0m Smallest FDR q [13 Pmod#0_Tstat] = 0.196775 ==> few true single voxel detections
[7m*+ WARNING:[0m Smallest FDR q [14 Pmod_Fstat] = 0.196774 ==> few true single voxel detections
 + Added 10 FDR curves to dataset CHIVES1018_AllCondPmod_stats_REML+tlrc
++ Output dataset ./CHIVES1018_AllCondPmod_stats_REML+tlrc.BRIK
 + unloading input dataset and REML matrices
++ 3dREMLfit is all done! total CPU=0.00 Elapsed=58.64
** AFNI converts NIFTI_datatype=4 (INT16) in file /projects/sanlab/shared/CHIVES/bids_data/derivatives/fmriprep/sub-CHIVES1018/ses-wave1/func/s6_sub-CHIVES1018_ses-wave1_task-money_bold_space-MNI152NLin2009cAsym_preproc.nii to FLOAT32
     Warnings of this type will be muted for this session.
     Set AFNI_NIFTI_TYPE_WARN to YES to see them all, NO to see none.
++ '-stim_times_AM2 1 /projects/sanlab/shared/CHIVES/CHIVES_WTP_scripts/behavioral/money/afni_timing_files/CHIVES1018/HealthyPmod.1D' has 1 auxiliary values per time point
++ '-stim_times_AM2 1 /projects/sanlab/shared/CHIVES/CHIVES_WTP_scripts/behavioral/money/afni_timing_files/CHIVES1018/HealthyPmod.1D' will have 2 regressors
++ '-stim_times_AM2 2 /projects/sanlab/shared/CHIVES/CHIVES_WTP_scripts/behavioral/money/afni_timing_files/CHIVES1018/UnhealthyPmod.1D' has 1 auxiliary values per time point
++ '-stim_times_AM2 2 /projects/sanlab/shared/CHIVES/CHIVES_WTP_scripts/behavioral/money/afni_timing_files/CHIVES1018/UnhealthyPmod.1D' will have 2 regressors
++ '-stim_times_AM1 3 /projects/sanlab/shared/CHIVES/CHIVES_WTP_scripts/behavioral/money/afni_timing_files/CHIVES1018/BidOnsDur.1D' has 1 auxiliary values per time point
++ '-stim_times_AM1 3': basis function model 'dmBLOCK(1)' uses 1 parameters,
    out of the 1 found in timing file '/projects/sanlab/shared/CHIVES/CHIVES_WTP_scripts/behavioral/money/afni_timing_files/CHIVES1018/BidOnsDur.1D'
++ 3dDeconvolve extending num_stimts from 3 to 7 due to -ortvec
++ 3dDeconvolve: AFNI version=AFNI_18.2.04 (Jul  6 2018) [64-bit]
++ Authored by: B. Douglas Ward, et al.
++ current memory malloc-ated = 281,901 bytes (about 282 thousand [kilo])
++ loading dataset /projects/sanlab/shared/CHIVES/bids_data/derivatives/fmriprep/sub-CHIVES1018/ses-wave1/func/s6_sub-CHIVES1018_ses-wave1_task-money_bold_space-MNI152NLin2009cAsym_preproc.nii
++ current memory malloc-ated = 1,545,430,761 bytes (about 1.5 billion [giga])
++ forcibly using TR=2.0000 seconds for -input dataset
++ Skipping check for initial transients
++ Imaging duration=714.0 s; Automatic polort=5
++ -stim_times using TR=2 s for stimulus timing conversion
++ -stim_times using TR=2 s for any -iresp output datasets
++  [you can alter the -iresp TR via the -TR_times option]
++ ** -stim_times NOTE ** guessing GLOBAL times if 1 time per line; LOCAL otherwise
++ ** GUESSED ** -stim_times_AM2 1 using LOCAL times
++ '-stim_times_AM2 1' average amplitude#1=0.966667
++ ** GUESSED ** -stim_times_AM2 2 using LOCAL times
++ '-stim_times_AM2 2' average amplitude#1=0.783333
++ ** GUESSED ** -stim_times_AM1 3 using LOCAL times
------------------------------------------------------------
GLT matrix from 'SYM: HealthyPmod[0]':
   0   0   0   0   0   0   1   0   0   0   0   0   0   0   0 
 
------------------------------------------------------------
GLT matrix from 'SYM: HealthyPmod[1]':
   0   0   0   0   0   0   0   1   0   0   0   0   0   0   0 
 
------------------------------------------------------------
GLT matrix from 'SYM: UnhealthyPmod[0]':
   0   0   0   0   0   0   0   0   1   0   0   0   0   0   0 
 
------------------------------------------------------------
GLT matrix from 'SYM: UnhealthyPmod[1]':
   0   0   0   0   0   0   0   0   0   1   0   0   0   0   0 
 
------------------------------------------------------------
GLT matrix from 'SYM: HealthyPmod[0] -UnhealthyPmod[0]':
   0   0   0   0   0   0   1   0  -1   0   0   0   0   0   0 
 
------------------------------------------------------------
GLT matrix from 'SYM: HealthyPmod[1] -UnhealthyPmod[1]':
   0   0   0   0   0   0   0   1   0  -1   0   0   0   0   0 
 
++ Number of time points: 357 (no censoring)
 + Number of parameters:  15 [10 baseline ; 5 signal]
++ total shared memory needed = 3,228,792,440 bytes (about 3.2 billion [giga])
++ current memory malloc-ated = 1,546,563,263 bytes (about 1.5 billion [giga])
++ mmap() memory allocated: 3,228,792,440 bytes (about 3.2 billion [giga])
++ Memory required for output bricks = 3,228,792,440 bytes (about 3.2 billion [giga])
++ Wrote matrix values to file CHIVES1018_2CondPmod_xmat.1D
++ ========= Things you can do with the matrix file =========
++ (a) Linear regression with ARMA(1,1) modeling of serial correlation:

3dREMLfit -matrix CHIVES1018_2CondPmod_xmat.1D -input /projects/sanlab/shared/CHIVES/bids_data/derivatives/fmriprep/sub-CHIVES1018/ses-wave1/func/s6_sub-CHIVES1018_ses-wave1_task-money_bold_space-MNI152NLin2009cAsym_preproc.nii \
 -mask /projects/sanlab/shared/CHIVES/bids_data/derivatives/fmriprep/sub-CHIVES1018/ses-wave1/func/sub-CHIVES1018_ses-wave1_task-money_bold_space-MNI152NLin2009cAsym_brainmask.nii.gz \
 -fout -tout -Rbuck CHIVES1018_2CondPmod_stats_REML -Rvar CHIVES1018_2CondPmod_stats_REMLvar \
 -Rfitts CHIVES1018_2CondPmod_REML -Rerrts CHIVES1018_2CondPmod_REML -verb
 
++ N.B.: 3dREMLfit command above written to file CHIVES1018_2CondPmod_stats.REML_cmd
++ (b) Visualization/analysis of the matrix via ExamineXmat.R
++ (c) Synthesis of sub-model datasets using 3dSynthesize
++ ==========================================================
++ Wrote matrix values to file CHIVES1018_2CondPmod_uncensor_xmat.1D
++ ----- Signal+Baseline matrix condition [X] (357x15):  3.98796  ++ VERY GOOD ++
++ ----- Signal-only matrix condition [X] (357x5):  1.60463  ++ VERY GOOD ++
++ ----- Baseline-only matrix condition [X] (357x10):  3.925  ++ VERY GOOD ++
++ ----- stim_base-only matrix condition [X] (357x4):  1.60886  ++ VERY GOOD ++
++ ----- polort-only matrix condition [X] (357x6):  1.01526  ++ VERY GOOD ++
++ +++++ Matrix inverse average error = 2.45758e-15  ++ VERY GOOD ++
++ Matrix setup time = 0.02 s
++ Voxels in dataset: 1082035
++ Voxels in mask:    270317
++ Voxels per job:    13515
++ Job #1: processing voxels 181138 to 237701; elapsed time=4.341
++ Job #2: processing voxels 237702 to 282997; elapsed time=4.362
++ Job #3: processing voxels 282998 to 318432; elapsed time=4.385
++ Job #4: processing voxels 318433 to 350921; elapsed time=4.407
++ Job #5: processing voxels 350922 to 381333; elapsed time=4.432
++ Job #6: processing voxels 381334 to 407720; elapsed time=4.455
++ Job #7: processing voxels 407721 to 437124; elapsed time=4.481
++ Job #8: processing voxels 437125 to 463112; elapsed time=4.505
++ Job #9: processing voxels 463113 to 489611; elapsed time=4.532
++ Job #10: processing voxels 489612 to 518674; elapsed time=4.559
++ Job #11: processing voxels 518675 to 548582; elapsed time=4.586
++ Job #12: processing voxels 548583 to 575556; elapsed time=4.612
++ Job #13: processing voxels 575557 to 607087; elapsed time=4.653
++ Job #14: processing voxels 607088 to 639565; elapsed time=4.702
++ Job #15: processing voxels 639566 to 673152; elapsed time=4.748
++ Job #16: processing voxels 673153 to 708416; elapsed time=4.790
++ Job #17: processing voxels 708417 to 751768; elapsed time=4.832
++ Job #18: processing voxels 751769 to 806423; elapsed time=4.874
++ Job #0: processing voxels 0 to 181137; elapsed time=4.913
++ voxel loop:0++ Job #19: processing voxels 806424 to 1082034; elapsed time=4.916
123456789.0123456789.0123456789.0++ Job #1 finished; elapsed time=5.577
++ Job #3 finished; elapsed time=5.608
++ Job #5 finished; elapsed time=5.631
1++ Job #2 finished; elapsed time=5.661
23++ Job #10 finished; elapsed time=5.681
++ Job #7 finished; elapsed time=5.706
++ Job #9 finished; elapsed time=5.724
4++ Job #11 finished; elapsed time=5.756
56++ Job #13 finished; elapsed time=5.819
7++ Job #14 finished; elapsed time=5.872
++ Job #6 finished; elapsed time=5.879
89.++ Job #8 finished; elapsed time=5.889
++ Job #4 finished; elapsed time=5.898
0++ Job #15 finished; elapsed time=5.947
123++ Job #12 finished; elapsed time=6.106
++ Job #18 finished; elapsed time=6.106
456++ Job #16 finished; elapsed time=6.236
++ Job #17 finished; elapsed time=6.258
++ Job #19 finished; elapsed time=6.296
789.
++ Job #0 waiting for children to finish; elapsed time=6.355
++ Job #0 now finishing up; elapsed time=6.355
++ Smallest FDR q [0 Full_Fstat] = 1.71509e-15
++ Smallest FDR q [2 HealthyPmod#0_Tstat] = 1.19178e-14
++ Smallest FDR q [4 HealthyPmod#1_Tstat] = 0.0848728
++ Smallest FDR q [5 HealthyPmod_Fstat] = 1.4649e-14
++ Smallest FDR q [7 UnhealthyPmod#0_Tstat] = 8.77314e-15
[7m*+ WARNING:[0m Smallest FDR q [9 UnhealthyPmod#1_Tstat] = 0.263319 ==> few true single voxel detections
++ Smallest FDR q [10 UnhealthyPmod_Fstat] = 1.05708e-14
++ Smallest FDR q [12 BidsNMiss#0_Tstat] = 3.04243e-15
++ Smallest FDR q [13 BidsNMiss_Fstat] = 3.04147e-15
++ Smallest FDR q [15 HealthyGtRest_GLT#0_Tstat] = 1.19178e-14
++ Smallest FDR q [16 HealthyGtRest_GLT_Fstat] = 1.19142e-14
++ Smallest FDR q [18 HealthyPmod_GLT#0_Tstat] = 0.0848728
++ Smallest FDR q [19 HealthyPmod_GLT_Fstat] = 0.08489
++ Smallest FDR q [21 UnhealthyGtRest_GLT#0_Tstat] = 8.77314e-15
++ Smallest FDR q [22 UnhealthyGtRest_GLT_Fstat] = 8.77011e-15
[7m*+ WARNING:[0m Smallest FDR q [24 UnhealthyPmod_GLT#0_Tstat] = 0.263319 ==> few true single voxel detections
[7m*+ WARNING:[0m Smallest FDR q [25 UnhealthyPmod_GLT_Fstat] = 0.262661 ==> few true single voxel detections
++ Smallest FDR q [27 HealthyGtUnhealthy_GLT#0_Tstat] = 0.0332073
++ Smallest FDR q [28 HealthyGtUnhealthy_GLT_Fstat] = 0.0332096
[7m*+ WARNING:[0m Smallest FDR q [30 HealthyGtUnhealthyPmod_GLT#0_Tstat] = 0.451894 ==> few true single voxel detections
[7m*+ WARNING:[0m Smallest FDR q [31 HealthyGtUnhealthyPmod_GLT_Fstat] = 0.45066 ==> few true single voxel detections
++ Wrote bucket dataset into ./CHIVES1018_2CondPmod_stats+tlrc.BRIK
 + created 21 FDR curves in bucket header
++ Wrote 3D+time dataset into ./CHIVES1018_2CondPmod+tlrc.BRIK
++ Wrote 3D+time dataset into ./CHIVES1018_2CondPmod+tlrc.BRIK
++ Program finished; elapsed time=33.694
++ 3dREMLfit: AFNI version=AFNI_18.2.04 (Jul  6 2018) [64-bit]
++ Authored by: RWCox
** AFNI converts NIFTI_datatype=4 (INT16) in file /projects/sanlab/shared/CHIVES/bids_data/derivatives/fmriprep/sub-CHIVES1018/ses-wave1/func/s6_sub-CHIVES1018_ses-wave1_task-money_bold_space-MNI152NLin2009cAsym_preproc.nii to FLOAT32
     Warnings of this type will be muted for this session.
     Set AFNI_NIFTI_TYPE_WARN to YES to see them all, NO to see none.
++ Number of voxels in mask = 270317
++ Number of OpenMP threads = 15
++ -----  matrix condition (357x15):  3.98796  ++ VERY GOOD ++
++ Loading input dataset into memory
++ Converting input dataset to vector image
 +  dataset = 1.5 billion [giga] bytes
 +  vectim  = 387 million [mega] bytes
++ starting REML setup calculations; total CPU=0.00 Elapsed=4.20
 + X matrix: 90.476% of elements are nonzero
 + starting 15 OpenMP threads for REML setup
 + REML setup finished: matrix rows=357 cols=15; 109*1 cases; total CPU=0.00 Elapsed=4.21
 +  average case bandwidth = 13.00
++ REML voxel loop: [15 threads]0123456789.012
 + ARMA voxel parameters estimated: total CPU=0.00 Elapsed=21.52
++ GLSQ loop:0123456789.0123456789.0123456789.0123456789.0123456789.
 + GLSQ regression done: total CPU=0.00 Elapsed=55.51
++ Output dataset ./CHIVES1018_2CondPmod_stats_REMLvar+tlrc.BRIK
++ Output dataset ./CHIVES1018_2CondPmod_REML+tlrc.BRIK
[7m** ERROR:[0m output dataset name 'CHIVES1018_2CondPmod_REML' conflicts with existing file
[7m** ERROR:[0m dataset NOT written to disk!
++ creating FDR curves in dataset CHIVES1018_2CondPmod_stats_REML+tlrc
++ Smallest FDR q [0 Full_Fstat] = 3.29219e-15
++ Smallest FDR q [2 HealthyPmod#0_Tstat] = 4.22473e-14
[7m*+ WARNING:[0m Smallest FDR q [4 HealthyPmod#1_Tstat] = 0.430955 ==> few true single voxel detections
++ Smallest FDR q [5 HealthyPmod_Fstat] = 6.42265e-14
++ Smallest FDR q [7 UnhealthyPmod#0_Tstat] = 2.67639e-14
[7m*+ WARNING:[0m Smallest FDR q [9 UnhealthyPmod#1_Tstat] = 0.999895 ==> few true single voxel detections
++ Smallest FDR q [10 UnhealthyPmod_Fstat] = 3.85401e-14
++ Smallest FDR q [12 BidsNMiss#0_Tstat] = 5.62406e-15
++ Smallest FDR q [13 BidsNMiss_Fstat] = 5.62406e-15
++ Smallest FDR q [15 HealthyGtRest#0_Tstat] = 4.22473e-14
++ Smallest FDR q [16 HealthyGtRest_Fstat] = 4.22473e-14
[7m*+ WARNING:[0m Smallest FDR q [18 HealthyPmod#0_Tstat] = 0.430955 ==> few true single voxel detections
[7m*+ WARNING:[0m Smallest FDR q [19 HealthyPmod_Fstat] = 0.430955 ==> few true single voxel detections
++ Smallest FDR q [21 UnhealthyGtRest#0_Tstat] = 2.67639e-14
++ Smallest FDR q [22 UnhealthyGtRest_Fstat] = 2.67639e-14
[7m*+ WARNING:[0m Smallest FDR q [24 UnhealthyPmod#0_Tstat] = 0.999895 ==> few true single voxel detections
[7m*+ WARNING:[0m Smallest FDR q [25 UnhealthyPmod_Fstat] = 0.999895 ==> few true single voxel detections
[7m*+ WARNING:[0m Smallest FDR q [27 HealthyGtUnhealthy#0_Tstat] = 0.796683 ==> few true single voxel detections
[7m*+ WARNING:[0m Smallest FDR q [28 HealthyGtUnhealthy_Fstat] = 0.796684 ==> few true single voxel detections
[7m*+ WARNING:[0m Smallest FDR q [30 HealthyGtUnhealthyPmod#0_Tstat] = 0.999873 ==> few true single voxel detections
[7m*+ WARNING:[0m Smallest FDR q [31 HealthyGtUnhealthyPmod_Fstat] = 0.999873 ==> few true single voxel detections
 + Added 21 FDR curves to dataset CHIVES1018_2CondPmod_stats_REML+tlrc
++ Output dataset ./CHIVES1018_2CondPmod_stats_REML+tlrc.BRIK
 + unloading input dataset and REML matrices
++ 3dREMLfit is all done! total CPU=0.00 Elapsed=81.34
** AFNI converts NIFTI_datatype=4 (INT16) in file /projects/sanlab/shared/CHIVES/bids_data/derivatives/fmriprep/sub-CHIVES1018/ses-wave1/func/s6_sub-CHIVES1018_ses-wave1_task-money_bold_space-MNI152NLin2009cAsym_preproc.nii to FLOAT32
     Warnings of this type will be muted for this session.
     Set AFNI_NIFTI_TYPE_WARN to YES to see them all, NO to see none.
++ '-stim_times_AM1 3 /projects/sanlab/shared/CHIVES/CHIVES_WTP_scripts/behavioral/money/afni_timing_files/CHIVES1018/BidOnsDur.1D' has 1 auxiliary values per time point
++ '-stim_times_AM1 3': basis function model 'dmBLOCK(1)' uses 1 parameters,
    out of the 1 found in timing file '/projects/sanlab/shared/CHIVES/CHIVES_WTP_scripts/behavioral/money/afni_timing_files/CHIVES1018/BidOnsDur.1D'
++ 3dDeconvolve extending num_stimts from 3 to 7 due to -ortvec
++ 3dDeconvolve: AFNI version=AFNI_18.2.04 (Jul  6 2018) [64-bit]
++ Authored by: B. Douglas Ward, et al.
++ current memory malloc-ated = 265,657 bytes (about 266 thousand [kilo])
++ loading dataset /projects/sanlab/shared/CHIVES/bids_data/derivatives/fmriprep/sub-CHIVES1018/ses-wave1/func/s6_sub-CHIVES1018_ses-wave1_task-money_bold_space-MNI152NLin2009cAsym_preproc.nii
++ current memory malloc-ated = 1,545,414,517 bytes (about 1.5 billion [giga])
++ forcibly using TR=2.0000 seconds for -input dataset
++ Skipping check for initial transients
++ Imaging duration=714.0 s; Automatic polort=5
++ -stim_times using TR=2 s for stimulus timing conversion
++ -stim_times using TR=2 s for any -iresp output datasets
++  [you can alter the -iresp TR via the -TR_times option]
++ ** -stim_times NOTE ** guessing GLOBAL times if 1 time per line; LOCAL otherwise
++ ** GUESSED ** -stim_times 1 using LOCAL times
++ ** GUESSED ** -stim_times 2 using LOCAL times
++ ** GUESSED ** -stim_times_AM1 3 using LOCAL times
------------------------------------------------------------
GLT matrix from 'SYM: Healthy':
   0   0   0   0   0   0   1   0   0   0   0   0   0 
 
------------------------------------------------------------
GLT matrix from 'SYM: Unhealthy':
   0   0   0   0   0   0   0   1   0   0   0   0   0 
 
------------------------------------------------------------
GLT matrix from 'SYM: Healthy -Unhealthy':
   0   0   0   0   0   0   1  -1   0   0   0   0   0 
 
++ Number of time points: 357 (no censoring)
 + Number of parameters:  13 [10 baseline ; 3 signal]
++ total shared memory needed = 3,172,526,620 bytes (about 3.2 billion [giga])
++ current memory malloc-ated = 1,546,542,489 bytes (about 1.5 billion [giga])
++ mmap() memory allocated: 3,172,526,620 bytes (about 3.2 billion [giga])
++ Memory required for output bricks = 3,172,526,620 bytes (about 3.2 billion [giga])
++ Wrote matrix values to file CHIVES1018_2Cond_xmat.1D
++ ========= Things you can do with the matrix file =========
++ (a) Linear regression with ARMA(1,1) modeling of serial correlation:

3dREMLfit -matrix CHIVES1018_2Cond_xmat.1D -input /projects/sanlab/shared/CHIVES/bids_data/derivatives/fmriprep/sub-CHIVES1018/ses-wave1/func/s6_sub-CHIVES1018_ses-wave1_task-money_bold_space-MNI152NLin2009cAsym_preproc.nii \
 -mask /projects/sanlab/shared/CHIVES/bids_data/derivatives/fmriprep/sub-CHIVES1018/ses-wave1/func/sub-CHIVES1018_ses-wave1_task-money_bold_space-MNI152NLin2009cAsym_brainmask.nii.gz \
 -fout -tout -Rbuck CHIVES1018_2Cond_stats_REML -Rvar CHIVES1018_2Cond_stats_REMLvar \
 -Rfitts CHIVES1018_2Cond_REML -Rerrts CHIVES1018_2Cond_REML -verb
 
++ N.B.: 3dREMLfit command above written to file CHIVES1018_2Cond_stats.REML_cmd
++ (b) Visualization/analysis of the matrix via ExamineXmat.R
++ (c) Synthesis of sub-model datasets using 3dSynthesize
++ ==========================================================
++ Wrote matrix values to file CHIVES1018_2Cond_uncensor_xmat.1D
++ ----- Signal+Baseline matrix condition [X] (357x13):  3.97524  ++ VERY GOOD ++
++ ----- Signal-only matrix condition [X] (357x3):  1.60456  ++ VERY GOOD ++
++ ----- Baseline-only matrix condition [X] (357x10):  3.925  ++ VERY GOOD ++
++ ----- stim_base-only matrix condition [X] (357x4):  1.60886  ++ VERY GOOD ++
++ ----- polort-only matrix condition [X] (357x6):  1.01526  ++ VERY GOOD ++
++ +++++ Matrix inverse average error = 2.82085e-15  ++ VERY GOOD ++
++ Matrix setup time = 0.01 s
++ Voxels in dataset: 1082035
++ Voxels in mask:    270317
++ Voxels per job:    13515
++ Job #1: processing voxels 181138 to 237701; elapsed time=4.266
++ Job #2: processing voxels 237702 to 282997; elapsed time=4.287
++ Job #3: processing voxels 282998 to 318432; elapsed time=4.310
++ Job #4: processing voxels 318433 to 350921; elapsed time=4.331
++ Job #5: processing voxels 350922 to 381333; elapsed time=4.356
++ Job #6: processing voxels 381334 to 407720; elapsed time=4.379
++ Job #7: processing voxels 407721 to 437124; elapsed time=4.404
++ Job #8: processing voxels 437125 to 463112; elapsed time=4.429
++ Job #9: processing voxels 463113 to 489611; elapsed time=4.456
++ Job #10: processing voxels 489612 to 518674; elapsed time=4.481
++ Job #11: processing voxels 518675 to 548582; elapsed time=4.508
++ Job #12: processing voxels 548583 to 575556; elapsed time=4.535
++ Job #13: processing voxels 575557 to 607087; elapsed time=4.575
++ Job #14: processing voxels 607088 to 639565; elapsed time=4.630
++ Job #15: processing voxels 639566 to 673152; elapsed time=4.673
++ Job #16: processing voxels 673153 to 708416; elapsed time=4.715
++ Job #17: processing voxels 708417 to 751768; elapsed time=4.757
++ Job #18: processing voxels 751769 to 806423; elapsed time=4.800
++ Job #0: processing voxels 0 to 181137; elapsed time=4.827
++ voxel loop:0++ Job #19: processing voxels 806424 to 1082034; elapsed time=4.828
123456789.0123456789.01234567++ Job #1 finished; elapsed time=5.253
++ Job #3 finished; elapsed time=5.276
++ Job #4 finished; elapsed time=5.308
++ Job #5 finished; elapsed time=5.315
89.0++ Job #7 finished; elapsed time=5.359
1++ Job #10 finished; elapsed time=5.382
23++ Job #9 finished; elapsed time=5.398
4++ Job #11 finished; elapsed time=5.454
567++ Job #13 finished; elapsed time=5.523
++ Job #2 finished; elapsed time=5.545
89.0++ Job #6 finished; elapsed time=5.600
++ Job #8 finished; elapsed time=5.617
++ Job #15 finished; elapsed time=5.628
123++ Job #16 finished; elapsed time=5.717
++ Job #18 finished; elapsed time=5.734
456++ Job #12 finished; elapsed time=5.829
++ Job #14 finished; elapsed time=5.908
789.
++ Job #0 waiting for children to finish; elapsed time=5.939
++ Job #17 finished; elapsed time=6.000
++ Job #19 finished; elapsed time=6.014
++ Job #0 now finishing up; elapsed time=6.035
++ Smallest FDR q [0 Full_Fstat] = 1.52118e-15
++ Smallest FDR q [2 Healthy#0_Tstat] = 1.18841e-14
++ Smallest FDR q [3 Healthy_Fstat] = 1.18809e-14
++ Smallest FDR q [5 Unhealthy#0_Tstat] = 8.76358e-15
++ Smallest FDR q [6 Unhealthy_Fstat] = 8.76118e-15
++ Smallest FDR q [8 BidsNMiss#0_Tstat] = 3.03772e-15
++ Smallest FDR q [9 BidsNMiss_Fstat] = 3.03666e-15
++ Smallest FDR q [11 HealthyGtRest_GLT#0_Tstat] = 1.18841e-14
++ Smallest FDR q [12 HealthyGtRest_GLT_Fstat] = 1.1881e-14
++ Smallest FDR q [14 UnhealthyGtRest_GLT#0_Tstat] = 8.76358e-15
++ Smallest FDR q [15 UnhealthyGtRest_GLT_Fstat] = 8.76131e-15
++ Smallest FDR q [17 HealthyGtUnhealthy_GLT#0_Tstat] = 0.0384754
++ Smallest FDR q [18 HealthyGtUnhealthy_GLT_Fstat] = 0.0384758
++ Wrote bucket dataset into ./CHIVES1018_2Cond_stats+tlrc.BRIK
 + created 13 FDR curves in bucket header
++ Wrote 3D+time dataset into ./CHIVES1018_2Cond+tlrc.BRIK
++ Wrote 3D+time dataset into ./CHIVES1018_2Cond+tlrc.BRIK
++ Program finished; elapsed time=22.168
++ 3dREMLfit: AFNI version=AFNI_18.2.04 (Jul  6 2018) [64-bit]
++ Authored by: RWCox
** AFNI converts NIFTI_datatype=4 (INT16) in file /projects/sanlab/shared/CHIVES/bids_data/derivatives/fmriprep/sub-CHIVES1018/ses-wave1/func/s6_sub-CHIVES1018_ses-wave1_task-money_bold_space-MNI152NLin2009cAsym_preproc.nii to FLOAT32
     Warnings of this type will be muted for this session.
     Set AFNI_NIFTI_TYPE_WARN to YES to see them all, NO to see none.
++ Number of voxels in mask = 270317
++ Number of OpenMP threads = 15
++ -----  matrix condition (357x13):  3.97524  ++ VERY GOOD ++
++ Loading input dataset into memory
++ Converting input dataset to vector image
 +  dataset = 1.5 billion [giga] bytes
 +  vectim  = 387 million [mega] bytes
++ starting REML setup calculations; total CPU=0.00 Elapsed=4.37
 + X matrix: 94.398% of elements are nonzero
 + starting 15 OpenMP threads for REML setup
 + REML setup finished: matrix rows=357 cols=13; 109*1 cases; total CPU=0.00 Elapsed=4.37
 +  average case bandwidth = 13.00
++ REML voxel loop: [15 threads]0123456789.012
 + ARMA voxel parameters estimated: total CPU=0.00 Elapsed=21.08
++ GLSQ loop:0123456789.0123456789.0123456789.0123456789.0123456789.
 + GLSQ regression done: total CPU=0.00 Elapsed=48.01
++ Output dataset ./CHIVES1018_2Cond_stats_REMLvar+tlrc.BRIK
++ Output dataset ./CHIVES1018_2Cond_REML+tlrc.BRIK
[7m** ERROR:[0m output dataset name 'CHIVES1018_2Cond_REML' conflicts with existing file
[7m** ERROR:[0m dataset NOT written to disk!
++ creating FDR curves in dataset CHIVES1018_2Cond_stats_REML+tlrc
++ Smallest FDR q [0 Full_Fstat] = 2.61179e-15
++ Smallest FDR q [2 Healthy#0_Tstat] = 4.19017e-14
++ Smallest FDR q [3 Healthy_Fstat] = 4.19017e-14
++ Smallest FDR q [5 Unhealthy#0_Tstat] = 2.61971e-14
++ Smallest FDR q [6 Unhealthy_Fstat] = 2.61971e-14
++ Smallest FDR q [8 BidsNMiss#0_Tstat] = 5.58326e-15
++ Smallest FDR q [9 BidsNMiss_Fstat] = 5.58326e-15
++ Smallest FDR q [11 HealthyGtRest#0_Tstat] = 4.19017e-14
++ Smallest FDR q [12 HealthyGtRest_Fstat] = 4.19017e-14
++ Smallest FDR q [14 UnhealthyGtRest#0_Tstat] = 2.61971e-14
++ Smallest FDR q [15 UnhealthyGtRest_Fstat] = 2.61971e-14
[7m*+ WARNING:[0m Smallest FDR q [17 HealthyGtUnhealthy#0_Tstat] = 0.618754 ==> few true single voxel detections
[7m*+ WARNING:[0m Smallest FDR q [18 HealthyGtUnhealthy_Fstat] = 0.618754 ==> few true single voxel detections
 + Added 13 FDR curves to dataset CHIVES1018_2Cond_stats_REML+tlrc
++ Output dataset ./CHIVES1018_2Cond_stats_REML+tlrc.BRIK
 + unloading input dataset and REML matrices
++ 3dREMLfit is all done! total CPU=0.00 Elapsed=64.31
