** AFNI converts NIFTI_datatype=4 (INT16) in file /projects/sanlab/shared/CHIVES/bids_data/derivatives/fmriprep/sub-CHIVES1014/ses-wave1/func/s6_sub-CHIVES1014_ses-wave1_task-money_bold_space-MNI152NLin2009cAsym_preproc.nii to FLOAT32
     Warnings of this type will be muted for this session.
     Set AFNI_NIFTI_TYPE_WARN to YES to see them all, NO to see none.
++ '-stim_times_AM2 1 /projects/sanlab/shared/CHIVES/CHIVES_WTP_scripts/behavioral/money/afni_timing_files/CHIVES1014/AllCondsPmod.1D' has 1 auxiliary values per time point
++ '-stim_times_AM2 1 /projects/sanlab/shared/CHIVES/CHIVES_WTP_scripts/behavioral/money/afni_timing_files/CHIVES1014/AllCondsPmod.1D' will have 2 regressors
++ '-stim_times_AM1 2 /projects/sanlab/shared/CHIVES/CHIVES_WTP_scripts/behavioral/money/afni_timing_files/CHIVES1014/BidOnsDur.1D' has 1 auxiliary values per time point
++ '-stim_times_AM1 2': basis function model 'dmBLOCK(1)' uses 1 parameters,
    out of the 1 found in timing file '/projects/sanlab/shared/CHIVES/CHIVES_WTP_scripts/behavioral/money/afni_timing_files/CHIVES1014/BidOnsDur.1D'
++ 3dDeconvolve extending num_stimts from 2 to 6 due to -ortvec
++ 3dDeconvolve: AFNI version=AFNI_18.2.04 (Jul  6 2018) [64-bit]
++ Authored by: B. Douglas Ward, et al.
++ current memory malloc-ated = 260,025 bytes (about 260 thousand [kilo])
++ loading dataset /projects/sanlab/shared/CHIVES/bids_data/derivatives/fmriprep/sub-CHIVES1014/ses-wave1/func/s6_sub-CHIVES1014_ses-wave1_task-money_bold_space-MNI152NLin2009cAsym_preproc.nii
++ current memory malloc-ated = 1,545,408,885 bytes (about 1.5 billion [giga])
++ forcibly using TR=2.0000 seconds for -input dataset
++ Skipping check for initial transients
++ Imaging duration=714.0 s; Automatic polort=5
++ -stim_times using TR=2 s for stimulus timing conversion
++ -stim_times using TR=2 s for any -iresp output datasets
++  [you can alter the -iresp TR via the -TR_times option]
++ ** -stim_times NOTE ** guessing GLOBAL times if 1 time per line; LOCAL otherwise
++ ** GUESSED ** -stim_times_AM2 1 using LOCAL times
++ '-stim_times_AM2 1' average amplitude#1=0.566667
++ ** GUESSED ** -stim_times_AM1 2 using LOCAL times
------------------------------------------------------------
GLT matrix from 'SYM: AllConds[0]':
   0   0   0   0   0   0   1   0   0   0   0   0   0 
 
------------------------------------------------------------
GLT matrix from 'SYM: AllConds[1]':
   0   0   0   0   0   0   0   1   0   0   0   0   0 
 
++ Number of time points: 357 (before censor) ; 353 (after)
 + Number of parameters:  13 [10 baseline ; 3 signal]
++ total shared memory needed = 3,155,214,060 bytes (about 3.2 billion [giga])
++ current memory malloc-ated = 1,546,536,826 bytes (about 1.5 billion [giga])
++ mmap() memory allocated: 3,155,214,060 bytes (about 3.2 billion [giga])
++ Memory required for output bricks = 3,155,214,060 bytes (about 3.2 billion [giga])
++ Wrote matrix values to file CHIVES1014_AllCondPmod_xmat.1D
++ ========= Things you can do with the matrix file =========
++ (a) Linear regression with ARMA(1,1) modeling of serial correlation:

3dREMLfit -matrix CHIVES1014_AllCondPmod_xmat.1D -input /projects/sanlab/shared/CHIVES/bids_data/derivatives/fmriprep/sub-CHIVES1014/ses-wave1/func/s6_sub-CHIVES1014_ses-wave1_task-money_bold_space-MNI152NLin2009cAsym_preproc.nii \
 -mask /projects/sanlab/shared/CHIVES/bids_data/derivatives/fmriprep/sub-CHIVES1014/ses-wave1/func/sub-CHIVES1014_ses-wave1_task-money_bold_space-MNI152NLin2009cAsym_brainmask.nii.gz \
 -fout -tout -Rbuck CHIVES1014_AllCondPmod_stats_REML -Rvar CHIVES1014_AllCondPmod_stats_REMLvar \
 -Rfitts CHIVES1014_AllCondPmod_REML -Rerrts CHIVES1014_AllCondPmod_REML -verb
 
++ N.B.: 3dREMLfit command above written to file CHIVES1014_AllCondPmod_stats.REML_cmd
++ (b) Visualization/analysis of the matrix via ExamineXmat.R
++ (c) Synthesis of sub-model datasets using 3dSynthesize
++ ==========================================================
++ Wrote matrix values to file CHIVES1014_AllCondPmod_uncensor_xmat.1D
++ ----- Signal+Baseline matrix condition [X] (353x13):  3.11062  ++ VERY GOOD ++
++ ----- Signal-only matrix condition [X] (353x3):  1.61549  ++ VERY GOOD ++
++ ----- Baseline-only matrix condition [X] (353x10):  3.08195  ++ VERY GOOD ++
++ ----- stim_base-only matrix condition [X] (353x4):  1.74471  ++ VERY GOOD ++
++ ----- polort-only matrix condition [X] (353x6):  1.01938  ++ VERY GOOD ++
++ +++++ Matrix inverse average error = 8.10326e-16  ++ VERY GOOD ++
++ Matrix setup time = 0.02 s
++ Voxels in dataset: 1082035
++ Voxels in mask:    261238
++ Voxels per job:    13061
++ Job #1: processing voxels 185439 to 247783; elapsed time=4.782
++ Job #2: processing voxels 247784 to 287464; elapsed time=4.801
++ Job #3: processing voxels 287465 to 326172; elapsed time=4.822
++ Job #4: processing voxels 326173 to 353443; elapsed time=4.843
++ Job #5: processing voxels 353444 to 383583; elapsed time=4.865
++ Job #6: processing voxels 383584 to 409397; elapsed time=4.887
++ Job #7: processing voxels 409398 to 438484; elapsed time=4.909
++ Job #8: processing voxels 438485 to 463835; elapsed time=4.931
++ Job #9: processing voxels 463836 to 492896; elapsed time=4.954
++ Job #10: processing voxels 492897 to 518736; elapsed time=4.977
++ Job #11: processing voxels 518737 to 548093; elapsed time=5.001
++ Job #12: processing voxels 548094 to 574971; elapsed time=5.024
++ Job #13: processing voxels 574972 to 606200; elapsed time=5.061
++ Job #14: processing voxels 606201 to 638116; elapsed time=5.087
++ Job #15: processing voxels 638117 to 671287; elapsed time=5.096
++ Job #16: processing voxels 671288 to 706703; elapsed time=5.133
++ Job #17: processing voxels 706704 to 744120; elapsed time=5.145
++ Job #18: processing voxels 744121 to 797762; elapsed time=5.183
++ Job #19: processing voxels 797763 to 1082034; elapsed time=5.195
++ Job #0: processing voxels 0 to 185438; elapsed time=5.205
++ voxel loop:0123456789.0123456789.0123456789.0123456++ Job #2 finished; elapsed time=5.613
78++ Job #4 finished; elapsed time=5.646
++ Job #5 finished; elapsed time=5.648
9.++ Job #6 finished; elapsed time=5.682
++ Job #7 finished; elapsed time=5.693
01++ Job #8 finished; elapsed time=5.727
++ Job #9 finished; elapsed time=5.732
++ Job #1 finished; elapsed time=5.750
2++ Job #10 finished; elapsed time=5.763
++ Job #11 finished; elapsed time=5.794
++ Job #12 finished; elapsed time=5.809
345++ Job #3 finished; elapsed time=5.861
++ Job #15 finished; elapsed time=5.889
67++ Job #17 finished; elapsed time=5.953
8++ Job #13 finished; elapsed time=5.962
++ Job #14 finished; elapsed time=5.975
9.
++ Job #0 waiting for children to finish; elapsed time=6.033
++ Job #19 finished; elapsed time=6.044
++ Job #16 finished; elapsed time=6.071
++ Job #18 finished; elapsed time=6.215
++ Job #0 now finishing up; elapsed time=6.231
++ Smallest FDR q [0 Full_Fstat] = 4.02548e-15
++ Smallest FDR q [2 AllConds#0_Tstat] = 1.6074e-14
++ Smallest FDR q [4 AllConds#1_Tstat] = 1.06866e-06
++ Smallest FDR q [5 AllConds_Fstat] = 1.3595e-14
++ Smallest FDR q [7 BidsNMiss#0_Tstat] = 1.95948e-14
++ Smallest FDR q [8 BidsNMiss_Fstat] = 1.95947e-14
++ Smallest FDR q [10 CondGtRest_GLT#0_Tstat] = 1.6074e-14
++ Smallest FDR q [11 CondGtRest_GLT_Fstat] = 1.6074e-14
++ Smallest FDR q [13 Pmod_GLT#0_Tstat] = 1.06866e-06
++ Smallest FDR q [14 Pmod_GLT_Fstat] = 1.06871e-06
++ Wrote bucket dataset into ./CHIVES1014_AllCondPmod_stats+tlrc.BRIK
 + created 10 FDR curves in bucket header
++ Wrote 3D+time dataset into ./CHIVES1014_AllCondPmod+tlrc.BRIK
++ Wrote 3D+time dataset into ./CHIVES1014_AllCondPmod+tlrc.BRIK
++ Program finished; elapsed time=22.066
++ 3dREMLfit: AFNI version=AFNI_18.2.04 (Jul  6 2018) [64-bit]
++ Authored by: RWCox
** AFNI converts NIFTI_datatype=4 (INT16) in file /projects/sanlab/shared/CHIVES/bids_data/derivatives/fmriprep/sub-CHIVES1014/ses-wave1/func/s6_sub-CHIVES1014_ses-wave1_task-money_bold_space-MNI152NLin2009cAsym_preproc.nii to FLOAT32
     Warnings of this type will be muted for this session.
     Set AFNI_NIFTI_TYPE_WARN to YES to see them all, NO to see none.
++ Number of voxels in mask = 261238
++ Number of OpenMP threads = 15
++ -----  matrix condition (353x13):  3.11062  ++ VERY GOOD ++
++ Loading input dataset into memory
++ Converting input dataset to vector image
 +  dataset = 1.5 billion [giga] bytes
 +  vectim  = 374 million [mega] bytes
++ starting REML setup calculations; total CPU=0.00 Elapsed=4.20
 + X matrix: 99.564% of elements are nonzero
 + starting 15 OpenMP threads for REML setup
 + REML setup finished: matrix rows=353 cols=13; 109*1 cases; total CPU=0.00 Elapsed=4.21
 +  average case bandwidth = 12.86
++ REML voxel loop: [15 threads]0123456789.012
 + ARMA voxel parameters estimated: total CPU=0.00 Elapsed=20.08
++ GLSQ loop:0123456789.0123456789.0123456789.0123456789.0123456789.
 + GLSQ regression done: total CPU=0.00 Elapsed=43.05
++ Output dataset ./CHIVES1014_AllCondPmod_stats_REMLvar+tlrc.BRIK
++ Output dataset ./CHIVES1014_AllCondPmod_REML+tlrc.BRIK
[7m** ERROR:[0m output dataset name 'CHIVES1014_AllCondPmod_REML' conflicts with existing file
[7m** ERROR:[0m dataset NOT written to disk!
++ creating FDR curves in dataset CHIVES1014_AllCondPmod_stats_REML+tlrc
++ Smallest FDR q [0 Full_Fstat] = 5.05595e-15
++ Smallest FDR q [2 AllConds#0_Tstat] = 2.09578e-14
++ Smallest FDR q [4 AllConds#1_Tstat] = 0.00125429
++ Smallest FDR q [5 AllConds_Fstat] = 2.11421e-14
++ Smallest FDR q [7 BidsNMiss#0_Tstat] = 1.99678e-14
++ Smallest FDR q [8 BidsNMiss_Fstat] = 1.99678e-14
++ Smallest FDR q [10 CondGtRest#0_Tstat] = 2.09578e-14
++ Smallest FDR q [11 CondGtRest_Fstat] = 2.09578e-14
++ Smallest FDR q [13 Pmod#0_Tstat] = 0.00125429
++ Smallest FDR q [14 Pmod_Fstat] = 0.00125429
 + Added 10 FDR curves to dataset CHIVES1014_AllCondPmod_stats_REML+tlrc
++ Output dataset ./CHIVES1014_AllCondPmod_stats_REML+tlrc.BRIK
 + unloading input dataset and REML matrices
++ 3dREMLfit is all done! total CPU=0.00 Elapsed=58.06
** AFNI converts NIFTI_datatype=4 (INT16) in file /projects/sanlab/shared/CHIVES/bids_data/derivatives/fmriprep/sub-CHIVES1014/ses-wave1/func/s6_sub-CHIVES1014_ses-wave1_task-money_bold_space-MNI152NLin2009cAsym_preproc.nii to FLOAT32
     Warnings of this type will be muted for this session.
     Set AFNI_NIFTI_TYPE_WARN to YES to see them all, NO to see none.
++ '-stim_times_AM2 1 /projects/sanlab/shared/CHIVES/CHIVES_WTP_scripts/behavioral/money/afni_timing_files/CHIVES1014/HealthyPmod.1D' has 1 auxiliary values per time point
++ '-stim_times_AM2 1 /projects/sanlab/shared/CHIVES/CHIVES_WTP_scripts/behavioral/money/afni_timing_files/CHIVES1014/HealthyPmod.1D' will have 2 regressors
++ '-stim_times_AM2 2 /projects/sanlab/shared/CHIVES/CHIVES_WTP_scripts/behavioral/money/afni_timing_files/CHIVES1014/UnhealthyPmod.1D' has 1 auxiliary values per time point
++ '-stim_times_AM2 2 /projects/sanlab/shared/CHIVES/CHIVES_WTP_scripts/behavioral/money/afni_timing_files/CHIVES1014/UnhealthyPmod.1D' will have 2 regressors
++ '-stim_times_AM1 3 /projects/sanlab/shared/CHIVES/CHIVES_WTP_scripts/behavioral/money/afni_timing_files/CHIVES1014/BidOnsDur.1D' has 1 auxiliary values per time point
++ '-stim_times_AM1 3': basis function model 'dmBLOCK(1)' uses 1 parameters,
    out of the 1 found in timing file '/projects/sanlab/shared/CHIVES/CHIVES_WTP_scripts/behavioral/money/afni_timing_files/CHIVES1014/BidOnsDur.1D'
++ 3dDeconvolve extending num_stimts from 3 to 7 due to -ortvec
++ 3dDeconvolve: AFNI version=AFNI_18.2.04 (Jul  6 2018) [64-bit]
++ Authored by: B. Douglas Ward, et al.
++ current memory malloc-ated = 287,291 bytes (about 287 thousand [kilo])
++ loading dataset /projects/sanlab/shared/CHIVES/bids_data/derivatives/fmriprep/sub-CHIVES1014/ses-wave1/func/s6_sub-CHIVES1014_ses-wave1_task-money_bold_space-MNI152NLin2009cAsym_preproc.nii
++ current memory malloc-ated = 1,545,436,151 bytes (about 1.5 billion [giga])
++ forcibly using TR=2.0000 seconds for -input dataset
++ Skipping check for initial transients
++ Imaging duration=714.0 s; Automatic polort=5
++ -stim_times using TR=2 s for stimulus timing conversion
++ -stim_times using TR=2 s for any -iresp output datasets
++  [you can alter the -iresp TR via the -TR_times option]
++ ** -stim_times NOTE ** guessing GLOBAL times if 1 time per line; LOCAL otherwise
++ ** GUESSED ** -stim_times_AM2 1 using LOCAL times
++ '-stim_times_AM2 1' average amplitude#1=0.733333
++ ** GUESSED ** -stim_times_AM2 2 using LOCAL times
++ '-stim_times_AM2 2' average amplitude#1=0.4
++ ** GUESSED ** -stim_times_AM1 3 using LOCAL times
------------------------------------------------------------
GLT matrix from 'SYM: HealthyPmod[0]':
   0   0   0   0   0   0   1   0   0   0   0   0   0   0   0 
 
------------------------------------------------------------
GLT matrix from 'SYM: HealthyPmod[1]':
   0   0   0   0   0   0   0   1   0   0   0   0   0   0   0 
 
------------------------------------------------------------
GLT matrix from 'SYM: UnhealthyPmod[0]':
   0   0   0   0   0   0   0   0   1   0   0   0   0   0   0 
 
------------------------------------------------------------
GLT matrix from 'SYM: UnhealthyPmod[1]':
   0   0   0   0   0   0   0   0   0   1   0   0   0   0   0 
 
------------------------------------------------------------
GLT matrix from 'SYM: HealthyPmod[0] -UnhealthyPmod[0]':
   0   0   0   0   0   0   1   0  -1   0   0   0   0   0   0 
 
------------------------------------------------------------
GLT matrix from 'SYM: HealthyPmod[1] -UnhealthyPmod[1]':
   0   0   0   0   0   0   0   1   0  -1   0   0   0   0   0 
 
++ Number of time points: 357 (before censor) ; 353 (after)
 + Number of parameters:  15 [10 baseline ; 5 signal]
++ total shared memory needed = 3,228,792,440 bytes (about 3.2 billion [giga])
++ current memory malloc-ated = 1,546,568,660 bytes (about 1.5 billion [giga])
++ mmap() memory allocated: 3,228,792,440 bytes (about 3.2 billion [giga])
++ Memory required for output bricks = 3,228,792,440 bytes (about 3.2 billion [giga])
++ Wrote matrix values to file CHIVES1014_2CondPmod_xmat.1D
++ ========= Things you can do with the matrix file =========
++ (a) Linear regression with ARMA(1,1) modeling of serial correlation:

3dREMLfit -matrix CHIVES1014_2CondPmod_xmat.1D -input /projects/sanlab/shared/CHIVES/bids_data/derivatives/fmriprep/sub-CHIVES1014/ses-wave1/func/s6_sub-CHIVES1014_ses-wave1_task-money_bold_space-MNI152NLin2009cAsym_preproc.nii \
 -mask /projects/sanlab/shared/CHIVES/bids_data/derivatives/fmriprep/sub-CHIVES1014/ses-wave1/func/sub-CHIVES1014_ses-wave1_task-money_bold_space-MNI152NLin2009cAsym_brainmask.nii.gz \
 -fout -tout -Rbuck CHIVES1014_2CondPmod_stats_REML -Rvar CHIVES1014_2CondPmod_stats_REMLvar \
 -Rfitts CHIVES1014_2CondPmod_REML -Rerrts CHIVES1014_2CondPmod_REML -verb
 
++ N.B.: 3dREMLfit command above written to file CHIVES1014_2CondPmod_stats.REML_cmd
++ (b) Visualization/analysis of the matrix via ExamineXmat.R
++ (c) Synthesis of sub-model datasets using 3dSynthesize
++ ==========================================================
++ Wrote matrix values to file CHIVES1014_2CondPmod_uncensor_xmat.1D
++ ----- Signal+Baseline matrix condition [X] (353x15):  3.14403  ++ VERY GOOD ++
++ ----- Signal-only matrix condition [X] (353x5):  1.61551  ++ VERY GOOD ++
++ ----- Baseline-only matrix condition [X] (353x10):  3.08195  ++ VERY GOOD ++
++ ----- stim_base-only matrix condition [X] (353x4):  1.74471  ++ VERY GOOD ++
++ ----- polort-only matrix condition [X] (353x6):  1.01938  ++ VERY GOOD ++
++ +++++ Matrix inverse average error = 7.06073e-16  ++ VERY GOOD ++
++ Matrix setup time = 0.02 s
++ Voxels in dataset: 1082035
++ Voxels in mask:    261238
++ Voxels per job:    13061
++ Job #1: processing voxels 185439 to 247783; elapsed time=4.506
++ Job #2: processing voxels 247784 to 287464; elapsed time=4.524
++ Job #3: processing voxels 287465 to 326172; elapsed time=4.544
++ Job #4: processing voxels 326173 to 353443; elapsed time=4.563
++ Job #5: processing voxels 353444 to 383583; elapsed time=4.583
++ Job #6: processing voxels 383584 to 409397; elapsed time=4.603
++ Job #7: processing voxels 409398 to 438484; elapsed time=4.624
++ Job #8: processing voxels 438485 to 463835; elapsed time=4.644
++ Job #9: processing voxels 463836 to 492896; elapsed time=4.665
++ Job #10: processing voxels 492897 to 518736; elapsed time=4.686
++ Job #11: processing voxels 518737 to 548093; elapsed time=4.707
++ Job #12: processing voxels 548094 to 574971; elapsed time=4.728
++ Job #13: processing voxels 574972 to 606200; elapsed time=4.750
++ Job #14: processing voxels 606201 to 638116; elapsed time=4.787
++ Job #15: processing voxels 638117 to 671287; elapsed time=4.810
++ Job #16: processing voxels 671288 to 706703; elapsed time=4.839
++ Job #17: processing voxels 706704 to 744120; elapsed time=4.854
++ Job #18: processing voxels 744121 to 797762; elapsed time=4.882
++ Job #0: processing voxels 0 to 185438; elapsed time=4.904
++ voxel loop:0++ Job #19: processing voxels 797763 to 1082034; elapsed time=4.905
123456789.0123456789.0123456789.012345++ Job #1 finished; elapsed time=5.668
++ Job #2 finished; elapsed time=5.681
6++ Job #3 finished; elapsed time=5.687
++ Job #5 finished; elapsed time=5.713
78++ Job #7 finished; elapsed time=5.750
++ Job #10 finished; elapsed time=5.761
++ Job #9 finished; elapsed time=5.779
9.++ Job #11 finished; elapsed time=5.820
0++ Job #13 finished; elapsed time=5.862
12++ Job #14 finished; elapsed time=5.930
++ Job #16 finished; elapsed time=5.968
345++ Job #18 finished; elapsed time=6.040
++ Job #4 finished; elapsed time=6.043
++ Job #8 finished; elapsed time=6.048
++ Job #6 finished; elapsed time=6.050
678++ Job #12 finished; elapsed time=6.215
++ Job #17 finished; elapsed time=6.260
++ Job #15 finished; elapsed time=6.261
9.
++ Job #0 waiting for children to finish; elapsed time=6.297
++ Job #19 finished; elapsed time=6.329
++ Job #0 now finishing up; elapsed time=6.350
++ Smallest FDR q [0 Full_Fstat] = 4.13659e-15
++ Smallest FDR q [2 HealthyPmod#0_Tstat] = 2.03501e-14
++ Smallest FDR q [4 HealthyPmod#1_Tstat] = 0.000412064
++ Smallest FDR q [5 HealthyPmod_Fstat] = 2.16163e-14
++ Smallest FDR q [7 UnhealthyPmod#0_Tstat] = 3.83722e-14
++ Smallest FDR q [9 UnhealthyPmod#1_Tstat] = 0.000268422
++ Smallest FDR q [10 UnhealthyPmod_Fstat] = 3.01944e-14
++ Smallest FDR q [12 BidsNMiss#0_Tstat] = 1.94185e-14
++ Smallest FDR q [13 BidsNMiss_Fstat] = 1.94181e-14
++ Smallest FDR q [15 HealthyGtRest_GLT#0_Tstat] = 2.03501e-14
++ Smallest FDR q [16 HealthyGtRest_GLT_Fstat] = 2.03501e-14
++ Smallest FDR q [18 HealthyPmod_GLT#0_Tstat] = 0.000412064
++ Smallest FDR q [19 HealthyPmod_GLT_Fstat] = 0.000412078
++ Smallest FDR q [21 UnhealthyGtRest_GLT#0_Tstat] = 3.83722e-14
++ Smallest FDR q [22 UnhealthyGtRest_GLT_Fstat] = 3.83711e-14
++ Smallest FDR q [24 UnhealthyPmod_GLT#0_Tstat] = 0.000268422
++ Smallest FDR q [25 UnhealthyPmod_GLT_Fstat] = 0.00026842
++ Smallest FDR q [27 HealthyGtUnhealthy_GLT#0_Tstat] = 0.00105978
++ Smallest FDR q [28 HealthyGtUnhealthy_GLT_Fstat] = 0.00105977
++ Smallest FDR q [30 HealthyGtUnhealthyPmod_GLT#0_Tstat] = 0.0442928
++ Smallest FDR q [31 HealthyGtUnhealthyPmod_GLT_Fstat] = 0.0442922
++ Wrote bucket dataset into ./CHIVES1014_2CondPmod_stats+tlrc.BRIK
 + created 21 FDR curves in bucket header
++ Wrote 3D+time dataset into ./CHIVES1014_2CondPmod+tlrc.BRIK
++ Wrote 3D+time dataset into ./CHIVES1014_2CondPmod+tlrc.BRIK
++ Program finished; elapsed time=36.168
++ 3dREMLfit: AFNI version=AFNI_18.2.04 (Jul  6 2018) [64-bit]
++ Authored by: RWCox
** AFNI converts NIFTI_datatype=4 (INT16) in file /projects/sanlab/shared/CHIVES/bids_data/derivatives/fmriprep/sub-CHIVES1014/ses-wave1/func/s6_sub-CHIVES1014_ses-wave1_task-money_bold_space-MNI152NLin2009cAsym_preproc.nii to FLOAT32
     Warnings of this type will be muted for this session.
     Set AFNI_NIFTI_TYPE_WARN to YES to see them all, NO to see none.
++ Number of voxels in mask = 261238
++ Number of OpenMP threads = 15
++ -----  matrix condition (353x15):  3.14403  ++ VERY GOOD ++
++ Loading input dataset into memory
++ Converting input dataset to vector image
 +  dataset = 1.5 billion [giga] bytes
 +  vectim  = 374 million [mega] bytes
++ starting REML setup calculations; total CPU=0.00 Elapsed=4.23
 + X matrix: 90.482% of elements are nonzero
 + starting 15 OpenMP threads for REML setup
 + REML setup finished: matrix rows=353 cols=15; 109*1 cases; total CPU=0.00 Elapsed=4.25
 +  average case bandwidth = 12.86
++ REML voxel loop: [15 threads]0123456789.012
 + ARMA voxel parameters estimated: total CPU=0.00 Elapsed=20.55
++ GLSQ loop:0123456789.0123456789.0123456789.0123456789.0123456789.
 + GLSQ regression done: total CPU=0.00 Elapsed=54.32
++ Output dataset ./CHIVES1014_2CondPmod_stats_REMLvar+tlrc.BRIK
++ Output dataset ./CHIVES1014_2CondPmod_REML+tlrc.BRIK
[7m** ERROR:[0m output dataset name 'CHIVES1014_2CondPmod_REML' conflicts with existing file
[7m** ERROR:[0m dataset NOT written to disk!
++ creating FDR curves in dataset CHIVES1014_2CondPmod_stats_REML+tlrc
++ Smallest FDR q [0 Full_Fstat] = 5.88975e-15
++ Smallest FDR q [2 HealthyPmod#0_Tstat] = 3.52729e-14
++ Smallest FDR q [4 HealthyPmod#1_Tstat] = 0.00288531
++ Smallest FDR q [5 HealthyPmod_Fstat] = 4.30809e-14
++ Smallest FDR q [7 UnhealthyPmod#0_Tstat] = 7.55953e-14
++ Smallest FDR q [9 UnhealthyPmod#1_Tstat] = 0.0346404
++ Smallest FDR q [10 UnhealthyPmod_Fstat] = 7.2679e-14
++ Smallest FDR q [12 BidsNMiss#0_Tstat] = 2.0025e-14
++ Smallest FDR q [13 BidsNMiss_Fstat] = 2.00249e-14
++ Smallest FDR q [15 HealthyGtRest#0_Tstat] = 3.52729e-14
++ Smallest FDR q [16 HealthyGtRest_Fstat] = 3.52729e-14
++ Smallest FDR q [18 HealthyPmod#0_Tstat] = 0.00288531
++ Smallest FDR q [19 HealthyPmod_Fstat] = 0.00288531
++ Smallest FDR q [21 UnhealthyGtRest#0_Tstat] = 7.55953e-14
++ Smallest FDR q [22 UnhealthyGtRest_Fstat] = 7.55953e-14
++ Smallest FDR q [24 UnhealthyPmod#0_Tstat] = 0.0346404
++ Smallest FDR q [25 UnhealthyPmod_Fstat] = 0.0346404
[7m*+ WARNING:[0m Smallest FDR q [27 HealthyGtUnhealthy#0_Tstat] = 0.347972 ==> few true single voxel detections
[7m*+ WARNING:[0m Smallest FDR q [28 HealthyGtUnhealthy_Fstat] = 0.347972 ==> few true single voxel detections
[7m*+ WARNING:[0m Smallest FDR q [30 HealthyGtUnhealthyPmod#0_Tstat] = 0.705971 ==> few true single voxel detections
[7m*+ WARNING:[0m Smallest FDR q [31 HealthyGtUnhealthyPmod_Fstat] = 0.705971 ==> few true single voxel detections
 + Added 21 FDR curves to dataset CHIVES1014_2CondPmod_stats_REML+tlrc
++ Output dataset ./CHIVES1014_2CondPmod_stats_REML+tlrc.BRIK
 + unloading input dataset and REML matrices
++ 3dREMLfit is all done! total CPU=0.00 Elapsed=83.59
** AFNI converts NIFTI_datatype=4 (INT16) in file /projects/sanlab/shared/CHIVES/bids_data/derivatives/fmriprep/sub-CHIVES1014/ses-wave1/func/s6_sub-CHIVES1014_ses-wave1_task-money_bold_space-MNI152NLin2009cAsym_preproc.nii to FLOAT32
     Warnings of this type will be muted for this session.
     Set AFNI_NIFTI_TYPE_WARN to YES to see them all, NO to see none.
++ '-stim_times_AM1 3 /projects/sanlab/shared/CHIVES/CHIVES_WTP_scripts/behavioral/money/afni_timing_files/CHIVES1014/BidOnsDur.1D' has 1 auxiliary values per time point
++ '-stim_times_AM1 3': basis function model 'dmBLOCK(1)' uses 1 parameters,
    out of the 1 found in timing file '/projects/sanlab/shared/CHIVES/CHIVES_WTP_scripts/behavioral/money/afni_timing_files/CHIVES1014/BidOnsDur.1D'
++ 3dDeconvolve extending num_stimts from 3 to 7 due to -ortvec
++ 3dDeconvolve: AFNI version=AFNI_18.2.04 (Jul  6 2018) [64-bit]
++ Authored by: B. Douglas Ward, et al.
++ current memory malloc-ated = 271,047 bytes (about 271 thousand [kilo])
++ loading dataset /projects/sanlab/shared/CHIVES/bids_data/derivatives/fmriprep/sub-CHIVES1014/ses-wave1/func/s6_sub-CHIVES1014_ses-wave1_task-money_bold_space-MNI152NLin2009cAsym_preproc.nii
++ current memory malloc-ated = 1,545,419,907 bytes (about 1.5 billion [giga])
++ forcibly using TR=2.0000 seconds for -input dataset
++ Skipping check for initial transients
++ Imaging duration=714.0 s; Automatic polort=5
++ -stim_times using TR=2 s for stimulus timing conversion
++ -stim_times using TR=2 s for any -iresp output datasets
++  [you can alter the -iresp TR via the -TR_times option]
++ ** -stim_times NOTE ** guessing GLOBAL times if 1 time per line; LOCAL otherwise
++ ** GUESSED ** -stim_times 1 using LOCAL times
++ ** GUESSED ** -stim_times 2 using LOCAL times
++ ** GUESSED ** -stim_times_AM1 3 using LOCAL times
------------------------------------------------------------
GLT matrix from 'SYM: Healthy':
   0   0   0   0   0   0   1   0   0   0   0   0   0 
 
------------------------------------------------------------
GLT matrix from 'SYM: Unhealthy':
   0   0   0   0   0   0   0   1   0   0   0   0   0 
 
------------------------------------------------------------
GLT matrix from 'SYM: Healthy -Unhealthy':
   0   0   0   0   0   0   1  -1   0   0   0   0   0 
 
++ Number of time points: 357 (before censor) ; 353 (after)
 + Number of parameters:  13 [10 baseline ; 3 signal]
++ total shared memory needed = 3,172,526,620 bytes (about 3.2 billion [giga])
++ current memory malloc-ated = 1,546,547,886 bytes (about 1.5 billion [giga])
++ mmap() memory allocated: 3,172,526,620 bytes (about 3.2 billion [giga])
++ Memory required for output bricks = 3,172,526,620 bytes (about 3.2 billion [giga])
++ Wrote matrix values to file CHIVES1014_2Cond_xmat.1D
++ ========= Things you can do with the matrix file =========
++ (a) Linear regression with ARMA(1,1) modeling of serial correlation:

3dREMLfit -matrix CHIVES1014_2Cond_xmat.1D -input /projects/sanlab/shared/CHIVES/bids_data/derivatives/fmriprep/sub-CHIVES1014/ses-wave1/func/s6_sub-CHIVES1014_ses-wave1_task-money_bold_space-MNI152NLin2009cAsym_preproc.nii \
 -mask /projects/sanlab/shared/CHIVES/bids_data/derivatives/fmriprep/sub-CHIVES1014/ses-wave1/func/sub-CHIVES1014_ses-wave1_task-money_bold_space-MNI152NLin2009cAsym_brainmask.nii.gz \
 -fout -tout -Rbuck CHIVES1014_2Cond_stats_REML -Rvar CHIVES1014_2Cond_stats_REMLvar \
 -Rfitts CHIVES1014_2Cond_REML -Rerrts CHIVES1014_2Cond_REML -verb
 
++ N.B.: 3dREMLfit command above written to file CHIVES1014_2Cond_stats.REML_cmd
++ (b) Visualization/analysis of the matrix via ExamineXmat.R
++ (c) Synthesis of sub-model datasets using 3dSynthesize
++ ==========================================================
++ Wrote matrix values to file CHIVES1014_2Cond_uncensor_xmat.1D
++ ----- Signal+Baseline matrix condition [X] (353x13):  3.11365  ++ VERY GOOD ++
++ ----- Signal-only matrix condition [X] (353x3):  1.61529  ++ VERY GOOD ++
++ ----- Baseline-only matrix condition [X] (353x10):  3.08195  ++ VERY GOOD ++
++ ----- stim_base-only matrix condition [X] (353x4):  1.74471  ++ VERY GOOD ++
++ ----- polort-only matrix condition [X] (353x6):  1.01938  ++ VERY GOOD ++
++ +++++ Matrix inverse average error = 7.57296e-16  ++ VERY GOOD ++
++ Matrix setup time = 0.01 s
++ Voxels in dataset: 1082035
++ Voxels in mask:    261238
++ Voxels per job:    13061
++ Job #1: processing voxels 185439 to 247783; elapsed time=4.431
++ Job #2: processing voxels 247784 to 287464; elapsed time=4.452
++ Job #3: processing voxels 287465 to 326172; elapsed time=4.474
++ Job #4: processing voxels 326173 to 353443; elapsed time=4.495
++ Job #5: processing voxels 353444 to 383583; elapsed time=4.518
++ Job #6: processing voxels 383584 to 409397; elapsed time=4.540
++ Job #7: processing voxels 409398 to 438484; elapsed time=4.564
++ Job #8: processing voxels 438485 to 463835; elapsed time=4.586
++ Job #9: processing voxels 463836 to 492896; elapsed time=4.611
++ Job #10: processing voxels 492897 to 518736; elapsed time=4.634
++ Job #11: processing voxels 518737 to 548093; elapsed time=4.658
++ Job #12: processing voxels 548094 to 574971; elapsed time=4.682
++ Job #13: processing voxels 574972 to 606200; elapsed time=4.711
++ Job #14: processing voxels 606201 to 638116; elapsed time=4.745
++ Job #15: processing voxels 638117 to 671287; elapsed time=4.767
++ Job #16: processing voxels 671288 to 706703; elapsed time=4.796
++ Job #17: processing voxels 706704 to 744120; elapsed time=4.807
++ Job #18: processing voxels 744121 to 797762; elapsed time=4.846
++ Job #0: processing voxels 0 to 185438; elapsed time=4.867
++ voxel loop:0++ Job #19: processing voxels 797763 to 1082034; elapsed time=4.871
123456789.0123456789.0123456789.0123456789.++ Job #2 finished; elapsed time=5.316
++ Job #4 finished; elapsed time=5.356
012++ Job #6 finished; elapsed time=5.399
++ Job #8 finished; elapsed time=5.444
3++ Job #7 finished; elapsed time=5.469
4++ Job #10 finished; elapsed time=5.498
5++ Job #12 finished; elapsed time=5.547
++ Job #9 finished; elapsed time=5.548
++ Job #13 finished; elapsed time=5.577
67++ Job #14 finished; elapsed time=5.621
8++ Job #3 finished; elapsed time=5.630
++ Job #1 finished; elapsed time=5.657
++ Job #17 finished; elapsed time=5.681
9.
++ Job #0 waiting for children to finish; elapsed time=5.712
++ Job #5 finished; elapsed time=5.751
++ Job #11 finished; elapsed time=5.819
++ Job #16 finished; elapsed time=5.954
++ Job #18 finished; elapsed time=6.016
++ Job #15 finished; elapsed time=6.083
++ Job #19 finished; elapsed time=6.164
++ Job #0 now finishing up; elapsed time=6.182
++ Smallest FDR q [0 Full_Fstat] = 4.43386e-15
++ Smallest FDR q [2 Healthy#0_Tstat] = 2.08308e-14
++ Smallest FDR q [3 Healthy_Fstat] = 2.08311e-14
++ Smallest FDR q [5 Unhealthy#0_Tstat] = 3.60071e-14
++ Smallest FDR q [6 Unhealthy_Fstat] = 3.60082e-14
++ Smallest FDR q [8 BidsNMiss#0_Tstat] = 1.96247e-14
++ Smallest FDR q [9 BidsNMiss_Fstat] = 1.9625e-14
++ Smallest FDR q [11 HealthyGtRest_GLT#0_Tstat] = 2.08308e-14
++ Smallest FDR q [12 HealthyGtRest_GLT_Fstat] = 2.08314e-14
++ Smallest FDR q [14 UnhealthyGtRest_GLT#0_Tstat] = 3.60071e-14
++ Smallest FDR q [15 UnhealthyGtRest_GLT_Fstat] = 3.60076e-14
++ Smallest FDR q [17 HealthyGtUnhealthy_GLT#0_Tstat] = 0.00121976
++ Smallest FDR q [18 HealthyGtUnhealthy_GLT_Fstat] = 0.00121979
++ Wrote bucket dataset into ./CHIVES1014_2Cond_stats+tlrc.BRIK
 + created 13 FDR curves in bucket header
++ Wrote 3D+time dataset into ./CHIVES1014_2Cond+tlrc.BRIK
++ Wrote 3D+time dataset into ./CHIVES1014_2Cond+tlrc.BRIK
++ Program finished; elapsed time=24.157
++ 3dREMLfit: AFNI version=AFNI_18.2.04 (Jul  6 2018) [64-bit]
++ Authored by: RWCox
** AFNI converts NIFTI_datatype=4 (INT16) in file /projects/sanlab/shared/CHIVES/bids_data/derivatives/fmriprep/sub-CHIVES1014/ses-wave1/func/s6_sub-CHIVES1014_ses-wave1_task-money_bold_space-MNI152NLin2009cAsym_preproc.nii to FLOAT32
     Warnings of this type will be muted for this session.
     Set AFNI_NIFTI_TYPE_WARN to YES to see them all, NO to see none.
++ Number of voxels in mask = 261238
++ Number of OpenMP threads = 15
++ -----  matrix condition (353x13):  3.11365  ++ VERY GOOD ++
++ Loading input dataset into memory
++ Converting input dataset to vector image
 +  dataset = 1.5 billion [giga] bytes
 +  vectim  = 374 million [mega] bytes
++ starting REML setup calculations; total CPU=0.00 Elapsed=4.30
 + X matrix: 94.421% of elements are nonzero
 + starting 15 OpenMP threads for REML setup
 + REML setup finished: matrix rows=353 cols=13; 109*1 cases; total CPU=0.00 Elapsed=4.31
 +  average case bandwidth = 12.86
++ REML voxel loop: [15 threads]0123456789.012
 + ARMA voxel parameters estimated: total CPU=0.00 Elapsed=19.99
++ GLSQ loop:0123456789.0123456789.0123456789.0123456789.0123456789.
 + GLSQ regression done: total CPU=0.00 Elapsed=46.75
++ Output dataset ./CHIVES1014_2Cond_stats_REMLvar+tlrc.BRIK
++ Output dataset ./CHIVES1014_2Cond_REML+tlrc.BRIK
[7m** ERROR:[0m output dataset name 'CHIVES1014_2Cond_REML' conflicts with existing file
[7m** ERROR:[0m dataset NOT written to disk!
++ creating FDR curves in dataset CHIVES1014_2Cond_stats_REML+tlrc
++ Smallest FDR q [0 Full_Fstat] = 5.67275e-15
++ Smallest FDR q [2 Healthy#0_Tstat] = 3.66094e-14
++ Smallest FDR q [3 Healthy_Fstat] = 3.66092e-14
++ Smallest FDR q [5 Unhealthy#0_Tstat] = 7.27688e-14
++ Smallest FDR q [6 Unhealthy_Fstat] = 7.27688e-14
++ Smallest FDR q [8 BidsNMiss#0_Tstat] = 2.00603e-14
++ Smallest FDR q [9 BidsNMiss_Fstat] = 2.00603e-14
++ Smallest FDR q [11 HealthyGtRest#0_Tstat] = 3.66094e-14
++ Smallest FDR q [12 HealthyGtRest_Fstat] = 3.66092e-14
++ Smallest FDR q [14 UnhealthyGtRest#0_Tstat] = 7.27688e-14
++ Smallest FDR q [15 UnhealthyGtRest_Fstat] = 7.27688e-14
[7m*+ WARNING:[0m Smallest FDR q [17 HealthyGtUnhealthy#0_Tstat] = 0.659177 ==> few true single voxel detections
[7m*+ WARNING:[0m Smallest FDR q [18 HealthyGtUnhealthy_Fstat] = 0.659177 ==> few true single voxel detections
 + Added 13 FDR curves to dataset CHIVES1014_2Cond_stats_REML+tlrc
++ Output dataset ./CHIVES1014_2Cond_stats_REML+tlrc.BRIK
 + unloading input dataset and REML matrices
++ 3dREMLfit is all done! total CPU=0.00 Elapsed=64.23
