** AFNI converts NIFTI_datatype=4 (INT16) in file /projects/sanlab/shared/CHIVES/bids_data/derivatives/fmriprep/sub-CHIVES1035/ses-wave1/func/s6_sub-CHIVES1035_ses-wave1_task-money_bold_space-MNI152NLin2009cAsym_preproc.nii to FLOAT32
     Warnings of this type will be muted for this session.
     Set AFNI_NIFTI_TYPE_WARN to YES to see them all, NO to see none.
++ '-stim_times_AM2 1 /projects/sanlab/shared/CHIVES/CHIVES_WTP_scripts/behavioral/money/afni_timing_files/CHIVES1035/AllCondsPmod.1D' has 1 auxiliary values per time point
++ '-stim_times_AM2 1 /projects/sanlab/shared/CHIVES/CHIVES_WTP_scripts/behavioral/money/afni_timing_files/CHIVES1035/AllCondsPmod.1D' will have 2 regressors
++ '-stim_times_AM1 2 /projects/sanlab/shared/CHIVES/CHIVES_WTP_scripts/behavioral/money/afni_timing_files/CHIVES1035/BidOnsDur.1D' has 1 auxiliary values per time point
++ '-stim_times_AM1 2': basis function model 'dmBLOCK(1)' uses 1 parameters,
    out of the 1 found in timing file '/projects/sanlab/shared/CHIVES/CHIVES_WTP_scripts/behavioral/money/afni_timing_files/CHIVES1035/BidOnsDur.1D'
++ 3dDeconvolve extending num_stimts from 2 to 6 due to -ortvec
++ 3dDeconvolve: AFNI version=AFNI_18.2.04 (Jul  6 2018) [64-bit]
++ Authored by: B. Douglas Ward, et al.
++ current memory malloc-ated = 254,627 bytes (about 255 thousand [kilo])
++ loading dataset /projects/sanlab/shared/CHIVES/bids_data/derivatives/fmriprep/sub-CHIVES1035/ses-wave1/func/s6_sub-CHIVES1035_ses-wave1_task-money_bold_space-MNI152NLin2009cAsym_preproc.nii
++ current memory malloc-ated = 1,545,403,487 bytes (about 1.5 billion [giga])
++ forcibly using TR=2.0000 seconds for -input dataset
++ Skipping check for initial transients
++ Imaging duration=714.0 s; Automatic polort=5
++ -stim_times using TR=2 s for stimulus timing conversion
++ -stim_times using TR=2 s for any -iresp output datasets
++  [you can alter the -iresp TR via the -TR_times option]
++ ** -stim_times NOTE ** guessing GLOBAL times if 1 time per line; LOCAL otherwise
++ ** GUESSED ** -stim_times_AM2 1 using LOCAL times
++ '-stim_times_AM2 1' average amplitude#1=0.584746
++ ** GUESSED ** -stim_times_AM1 2 using LOCAL times
------------------------------------------------------------
GLT matrix from 'SYM: AllConds[0]':
   0   0   0   0   0   0   1   0   0   0   0   0   0 
 
------------------------------------------------------------
GLT matrix from 'SYM: AllConds[1]':
   0   0   0   0   0   0   0   1   0   0   0   0   0 
 
++ Number of time points: 357 (no censoring)
 + Number of parameters:  13 [10 baseline ; 3 signal]
++ total shared memory needed = 3,155,214,060 bytes (about 3.2 billion [giga])
++ current memory malloc-ated = 1,546,531,421 bytes (about 1.5 billion [giga])
++ mmap() memory allocated: 3,155,214,060 bytes (about 3.2 billion [giga])
++ Memory required for output bricks = 3,155,214,060 bytes (about 3.2 billion [giga])
++ Wrote matrix values to file CHIVES1035_AllCondPmod_xmat.1D
++ ========= Things you can do with the matrix file =========
++ (a) Linear regression with ARMA(1,1) modeling of serial correlation:

3dREMLfit -matrix CHIVES1035_AllCondPmod_xmat.1D -input /projects/sanlab/shared/CHIVES/bids_data/derivatives/fmriprep/sub-CHIVES1035/ses-wave1/func/s6_sub-CHIVES1035_ses-wave1_task-money_bold_space-MNI152NLin2009cAsym_preproc.nii \
 -mask /projects/sanlab/shared/CHIVES/bids_data/derivatives/fmriprep/sub-CHIVES1035/ses-wave1/func/sub-CHIVES1035_ses-wave1_task-money_bold_space-MNI152NLin2009cAsym_brainmask.nii.gz \
 -fout -tout -Rbuck CHIVES1035_AllCondPmod_stats_REML -Rvar CHIVES1035_AllCondPmod_stats_REMLvar \
 -Rfitts CHIVES1035_AllCondPmod_REML -Rerrts CHIVES1035_AllCondPmod_REML -verb
 
++ N.B.: 3dREMLfit command above written to file CHIVES1035_AllCondPmod_stats.REML_cmd
++ (b) Visualization/analysis of the matrix via ExamineXmat.R
++ (c) Synthesis of sub-model datasets using 3dSynthesize
++ ==========================================================
++ Wrote matrix values to file CHIVES1035_AllCondPmod_uncensor_xmat.1D
++ ----- Signal+Baseline matrix condition [X] (357x13):  4.61656  ++ VERY GOOD ++
++ ----- Signal-only matrix condition [X] (357x3):  1.63085  ++ VERY GOOD ++
++ ----- Baseline-only matrix condition [X] (357x10):  4.50554  ++ VERY GOOD ++
++ ----- stim_base-only matrix condition [X] (357x4):  2.51599  ++ VERY GOOD ++
++ ----- polort-only matrix condition [X] (357x6):  1.01526  ++ VERY GOOD ++
++ +++++ Matrix inverse average error = 1.76736e-15  ++ VERY GOOD ++
++ Matrix setup time = 0.01 s
++ Voxels in dataset: 1082035
++ Voxels in mask:    269585
++ Voxels per job:    13479
++ Job #1: processing voxels 181256 to 238656; elapsed time=4.957
++ Job #2: processing voxels 238657 to 283372; elapsed time=4.978
++ Job #3: processing voxels 283373 to 318493; elapsed time=5.001
++ Job #4: processing voxels 318494 to 350616; elapsed time=5.023
++ Job #5: processing voxels 350617 to 377764; elapsed time=5.048
++ Job #6: processing voxels 377765 to 407051; elapsed time=5.072
++ Job #7: processing voxels 407052 to 433428; elapsed time=5.098
++ Job #8: processing voxels 433429 to 462419; elapsed time=5.123
++ Job #9: processing voxels 462420 to 488437; elapsed time=5.150
++ Job #10: processing voxels 488438 to 517768; elapsed time=5.177
++ Job #11: processing voxels 517769 to 544107; elapsed time=5.205
++ Job #12: processing voxels 544108 to 574312; elapsed time=5.232
++ Job #13: processing voxels 574313 to 605610; elapsed time=5.274
++ Job #14: processing voxels 605611 to 633843; elapsed time=5.330
++ Job #15: processing voxels 633844 to 666938; elapsed time=5.372
++ Job #16: processing voxels 666939 to 706566; elapsed time=5.410
++ Job #17: processing voxels 706567 to 744116; elapsed time=5.444
++ Job #18: processing voxels 744117 to 797767; elapsed time=5.477
++ Job #19: processing voxels 797768 to 1082034; elapsed time=5.496
++ Job #0: processing voxels 0 to 181255; elapsed time=5.506
++ voxel loop:0123456789.0123456789.0123456789.0++ Job #1 finished; elapsed time=5.826
++ Job #3 finished; elapsed time=5.847
++ Job #4 finished; elapsed time=5.855
++ Job #6 finished; elapsed time=5.866
1++ Job #5 finished; elapsed time=5.888
23++ Job #8 finished; elapsed time=5.916
++ Job #7 finished; elapsed time=5.932
456++ Job #10 finished; elapsed time=5.967
++ Job #9 finished; elapsed time=5.980
7++ Job #2 finished; elapsed time=6.027
++ Job #11 finished; elapsed time=6.031
89.0++ Job #13 finished; elapsed time=6.102
123++ Job #14 finished; elapsed time=6.174
4567++ Job #12 finished; elapsed time=6.325
89.
++ Job #0 waiting for children to finish; elapsed time=6.353
++ Job #15 finished; elapsed time=6.374
++ Job #19 finished; elapsed time=6.396
++ Job #16 finished; elapsed time=6.437
++ Job #17 finished; elapsed time=6.490
++ Job #18 finished; elapsed time=6.517
++ Job #0 now finishing up; elapsed time=6.540
++ Smallest FDR q [0 Full_Fstat] = 3.5976e-15
++ Smallest FDR q [2 AllConds#0_Tstat] = 5.71527e-14
++ Smallest FDR q [4 AllConds#1_Tstat] = 4.73384e-11
++ Smallest FDR q [5 AllConds_Fstat] = 6.49392e-14
++ Smallest FDR q [7 BidsNMiss#0_Tstat] = 5.1021e-15
++ Smallest FDR q [8 BidsNMiss_Fstat] = 5.10069e-15
++ Smallest FDR q [10 CondGtRest_GLT#0_Tstat] = 5.71527e-14
++ Smallest FDR q [11 CondGtRest_GLT_Fstat] = 5.71384e-14
++ Smallest FDR q [13 Pmod_GLT#0_Tstat] = 4.73384e-11
++ Smallest FDR q [14 Pmod_GLT_Fstat] = 4.73431e-11
++ Wrote bucket dataset into ./CHIVES1035_AllCondPmod_stats+tlrc.BRIK
 + created 10 FDR curves in bucket header
++ Wrote 3D+time dataset into ./CHIVES1035_AllCondPmod+tlrc.BRIK
++ Wrote 3D+time dataset into ./CHIVES1035_AllCondPmod+tlrc.BRIK
++ Program finished; elapsed time=21.699
++ 3dREMLfit: AFNI version=AFNI_18.2.04 (Jul  6 2018) [64-bit]
++ Authored by: RWCox
** AFNI converts NIFTI_datatype=4 (INT16) in file /projects/sanlab/shared/CHIVES/bids_data/derivatives/fmriprep/sub-CHIVES1035/ses-wave1/func/s6_sub-CHIVES1035_ses-wave1_task-money_bold_space-MNI152NLin2009cAsym_preproc.nii to FLOAT32
     Warnings of this type will be muted for this session.
     Set AFNI_NIFTI_TYPE_WARN to YES to see them all, NO to see none.
++ Number of voxels in mask = 269585
++ Number of OpenMP threads = 15
++ -----  matrix condition (357x13):  4.61656  ++ VERY GOOD ++
++ Loading input dataset into memory
++ Converting input dataset to vector image
 +  dataset = 1.5 billion [giga] bytes
 +  vectim  = 386 million [mega] bytes
++ starting REML setup calculations; total CPU=0.00 Elapsed=4.23
 + X matrix: 99.655% of elements are nonzero
 + starting 15 OpenMP threads for REML setup
 + REML setup finished: matrix rows=357 cols=13; 109*1 cases; total CPU=0.00 Elapsed=4.24
 +  average case bandwidth = 13.00
++ REML voxel loop: [15 threads]0123456789.012
 + ARMA voxel parameters estimated: total CPU=0.00 Elapsed=20.15
++ GLSQ loop:0123456789.0123456789.0123456789.0123456789.0123456789.
 + GLSQ regression done: total CPU=0.00 Elapsed=42.35
++ Output dataset ./CHIVES1035_AllCondPmod_stats_REMLvar+tlrc.BRIK
++ Output dataset ./CHIVES1035_AllCondPmod_REML+tlrc.BRIK
[7m** ERROR:[0m output dataset name 'CHIVES1035_AllCondPmod_REML' conflicts with existing file
[7m** ERROR:[0m dataset NOT written to disk!
++ creating FDR curves in dataset CHIVES1035_AllCondPmod_stats_REML+tlrc
++ Smallest FDR q [0 Full_Fstat] = 3.7021e-15
++ Smallest FDR q [2 AllConds#0_Tstat] = 8.09455e-14
++ Smallest FDR q [4 AllConds#1_Tstat] = 1.51806e-06
++ Smallest FDR q [5 AllConds_Fstat] = 1.03607e-13
++ Smallest FDR q [7 BidsNMiss#0_Tstat] = 4.88548e-15
++ Smallest FDR q [8 BidsNMiss_Fstat] = 4.88548e-15
++ Smallest FDR q [10 CondGtRest#0_Tstat] = 8.09455e-14
++ Smallest FDR q [11 CondGtRest_Fstat] = 8.09458e-14
++ Smallest FDR q [13 Pmod#0_Tstat] = 1.51806e-06
++ Smallest FDR q [14 Pmod_Fstat] = 1.51806e-06
 + Added 10 FDR curves to dataset CHIVES1035_AllCondPmod_stats_REML+tlrc
++ Output dataset ./CHIVES1035_AllCondPmod_stats_REML+tlrc.BRIK
 + unloading input dataset and REML matrices
++ 3dREMLfit is all done! total CPU=0.00 Elapsed=56.48
** AFNI converts NIFTI_datatype=4 (INT16) in file /projects/sanlab/shared/CHIVES/bids_data/derivatives/fmriprep/sub-CHIVES1035/ses-wave1/func/s6_sub-CHIVES1035_ses-wave1_task-money_bold_space-MNI152NLin2009cAsym_preproc.nii to FLOAT32
     Warnings of this type will be muted for this session.
     Set AFNI_NIFTI_TYPE_WARN to YES to see them all, NO to see none.
++ '-stim_times_AM2 1 /projects/sanlab/shared/CHIVES/CHIVES_WTP_scripts/behavioral/money/afni_timing_files/CHIVES1035/HealthyPmod.1D' has 1 auxiliary values per time point
++ '-stim_times_AM2 1 /projects/sanlab/shared/CHIVES/CHIVES_WTP_scripts/behavioral/money/afni_timing_files/CHIVES1035/HealthyPmod.1D' will have 2 regressors
++ '-stim_times_AM2 2 /projects/sanlab/shared/CHIVES/CHIVES_WTP_scripts/behavioral/money/afni_timing_files/CHIVES1035/UnhealthyPmod.1D' has 1 auxiliary values per time point
++ '-stim_times_AM2 2 /projects/sanlab/shared/CHIVES/CHIVES_WTP_scripts/behavioral/money/afni_timing_files/CHIVES1035/UnhealthyPmod.1D' will have 2 regressors
++ '-stim_times_AM1 3 /projects/sanlab/shared/CHIVES/CHIVES_WTP_scripts/behavioral/money/afni_timing_files/CHIVES1035/BidOnsDur.1D' has 1 auxiliary values per time point
++ '-stim_times_AM1 3': basis function model 'dmBLOCK(1)' uses 1 parameters,
    out of the 1 found in timing file '/projects/sanlab/shared/CHIVES/CHIVES_WTP_scripts/behavioral/money/afni_timing_files/CHIVES1035/BidOnsDur.1D'
++ 3dDeconvolve extending num_stimts from 3 to 7 due to -ortvec
++ 3dDeconvolve: AFNI version=AFNI_18.2.04 (Jul  6 2018) [64-bit]
++ Authored by: B. Douglas Ward, et al.
++ current memory malloc-ated = 281,893 bytes (about 282 thousand [kilo])
++ loading dataset /projects/sanlab/shared/CHIVES/bids_data/derivatives/fmriprep/sub-CHIVES1035/ses-wave1/func/s6_sub-CHIVES1035_ses-wave1_task-money_bold_space-MNI152NLin2009cAsym_preproc.nii
++ current memory malloc-ated = 1,545,430,753 bytes (about 1.5 billion [giga])
++ forcibly using TR=2.0000 seconds for -input dataset
++ Skipping check for initial transients
++ Imaging duration=714.0 s; Automatic polort=5
++ -stim_times using TR=2 s for stimulus timing conversion
++ -stim_times using TR=2 s for any -iresp output datasets
++  [you can alter the -iresp TR via the -TR_times option]
++ ** -stim_times NOTE ** guessing GLOBAL times if 1 time per line; LOCAL otherwise
++ ** GUESSED ** -stim_times_AM2 1 using LOCAL times
++ '-stim_times_AM2 1' average amplitude#1=1.01724
++ ** GUESSED ** -stim_times_AM2 2 using LOCAL times
++ '-stim_times_AM2 2' average amplitude#1=0.166667
++ ** GUESSED ** -stim_times_AM1 3 using LOCAL times
------------------------------------------------------------
GLT matrix from 'SYM: HealthyPmod[0]':
   0   0   0   0   0   0   1   0   0   0   0   0   0   0   0 
 
------------------------------------------------------------
GLT matrix from 'SYM: HealthyPmod[1]':
   0   0   0   0   0   0   0   1   0   0   0   0   0   0   0 
 
------------------------------------------------------------
GLT matrix from 'SYM: UnhealthyPmod[0]':
   0   0   0   0   0   0   0   0   1   0   0   0   0   0   0 
 
------------------------------------------------------------
GLT matrix from 'SYM: UnhealthyPmod[1]':
   0   0   0   0   0   0   0   0   0   1   0   0   0   0   0 
 
------------------------------------------------------------
GLT matrix from 'SYM: HealthyPmod[0] -UnhealthyPmod[0]':
   0   0   0   0   0   0   1   0  -1   0   0   0   0   0   0 
 
------------------------------------------------------------
GLT matrix from 'SYM: HealthyPmod[1] -UnhealthyPmod[1]':
   0   0   0   0   0   0   0   1   0  -1   0   0   0   0   0 
 
++ Number of time points: 357 (no censoring)
 + Number of parameters:  15 [10 baseline ; 5 signal]
++ total shared memory needed = 3,228,792,440 bytes (about 3.2 billion [giga])
++ current memory malloc-ated = 1,546,563,255 bytes (about 1.5 billion [giga])
++ mmap() memory allocated: 3,228,792,440 bytes (about 3.2 billion [giga])
++ Memory required for output bricks = 3,228,792,440 bytes (about 3.2 billion [giga])
++ Wrote matrix values to file CHIVES1035_2CondPmod_xmat.1D
++ ========= Things you can do with the matrix file =========
++ (a) Linear regression with ARMA(1,1) modeling of serial correlation:

3dREMLfit -matrix CHIVES1035_2CondPmod_xmat.1D -input /projects/sanlab/shared/CHIVES/bids_data/derivatives/fmriprep/sub-CHIVES1035/ses-wave1/func/s6_sub-CHIVES1035_ses-wave1_task-money_bold_space-MNI152NLin2009cAsym_preproc.nii \
 -mask /projects/sanlab/shared/CHIVES/bids_data/derivatives/fmriprep/sub-CHIVES1035/ses-wave1/func/sub-CHIVES1035_ses-wave1_task-money_bold_space-MNI152NLin2009cAsym_brainmask.nii.gz \
 -fout -tout -Rbuck CHIVES1035_2CondPmod_stats_REML -Rvar CHIVES1035_2CondPmod_stats_REMLvar \
 -Rfitts CHIVES1035_2CondPmod_REML -Rerrts CHIVES1035_2CondPmod_REML -verb
 
++ N.B.: 3dREMLfit command above written to file CHIVES1035_2CondPmod_stats.REML_cmd
++ (b) Visualization/analysis of the matrix via ExamineXmat.R
++ (c) Synthesis of sub-model datasets using 3dSynthesize
++ ==========================================================
++ Wrote matrix values to file CHIVES1035_2CondPmod_uncensor_xmat.1D
++ ----- Signal+Baseline matrix condition [X] (357x15):  4.63439  ++ VERY GOOD ++
++ ----- Signal-only matrix condition [X] (357x5):  1.63087  ++ VERY GOOD ++
++ ----- Baseline-only matrix condition [X] (357x10):  4.50554  ++ VERY GOOD ++
++ ----- stim_base-only matrix condition [X] (357x4):  2.51599  ++ VERY GOOD ++
++ ----- polort-only matrix condition [X] (357x6):  1.01526  ++ VERY GOOD ++
++ +++++ Matrix inverse average error = 1.44225e-15  ++ VERY GOOD ++
++ Matrix setup time = 0.02 s
++ Voxels in dataset: 1082035
++ Voxels in mask:    269585
++ Voxels per job:    13479
++ Job #1: processing voxels 181256 to 238656; elapsed time=4.351
++ Job #2: processing voxels 238657 to 283372; elapsed time=4.372
++ Job #3: processing voxels 283373 to 318493; elapsed time=4.393
++ Job #4: processing voxels 318494 to 350616; elapsed time=4.414
++ Job #5: processing voxels 350617 to 377764; elapsed time=4.437
++ Job #6: processing voxels 377765 to 407051; elapsed time=4.459
++ Job #7: processing voxels 407052 to 433428; elapsed time=4.482
++ Job #8: processing voxels 433429 to 462419; elapsed time=4.505
++ Job #9: processing voxels 462420 to 488437; elapsed time=4.529
++ Job #10: processing voxels 488438 to 517768; elapsed time=4.552
++ Job #11: processing voxels 517769 to 544107; elapsed time=4.576
++ Job #12: processing voxels 544108 to 574312; elapsed time=4.600
++ Job #13: processing voxels 574313 to 605610; elapsed time=4.625
++ Job #14: processing voxels 605611 to 633843; elapsed time=4.664
++ Job #15: processing voxels 633844 to 666938; elapsed time=4.688
++ Job #16: processing voxels 666939 to 706566; elapsed time=4.715
++ Job #17: processing voxels 706567 to 744116; elapsed time=4.724
++ Job #18: processing voxels 744117 to 797767; elapsed time=4.763
++ Job #19: processing voxels 797768 to 1082034; elapsed time=4.775
++ Job #0: processing voxels 0 to 181255; elapsed time=4.785
++ voxel loop:0123456789.0123456789.0123456789.0123456789.0++ Job #2 finished; elapsed time=5.480
++ Job #4 finished; elapsed time=5.520
12++ Job #6 finished; elapsed time=5.558
++ Job #5 finished; elapsed time=5.584
3++ Job #8 finished; elapsed time=5.608
++ Job #7 finished; elapsed time=5.624
++ Job #10 finished; elapsed time=5.657
++ Job #9 finished; elapsed time=5.659
45++ Job #11 finished; elapsed time=5.697
++ Job #12 finished; elapsed time=5.699
6++ Job #13 finished; elapsed time=5.733
7++ Job #17 finished; elapsed time=5.840
89.
++ Job #0 waiting for children to finish; elapsed time=5.873
++ Job #19 finished; elapsed time=5.915
++ Job #1 finished; elapsed time=5.998
++ Job #3 finished; elapsed time=6.005
++ Job #14 finished; elapsed time=6.246
++ Job #15 finished; elapsed time=6.294
++ Job #16 finished; elapsed time=6.302
++ Job #18 finished; elapsed time=6.371
++ Job #0 now finishing up; elapsed time=6.388
++ Smallest FDR q [0 Full_Fstat] = 4.04807e-15
++ Smallest FDR q [2 HealthyPmod#0_Tstat] = 1.18397e-13
++ Smallest FDR q [4 HealthyPmod#1_Tstat] = 0.00641959
++ Smallest FDR q [5 HealthyPmod_Fstat] = 1.43713e-13
++ Smallest FDR q [7 UnhealthyPmod#0_Tstat] = 1.03097e-13
++ Smallest FDR q [9 UnhealthyPmod#1_Tstat] = 0.00582644
++ Smallest FDR q [10 UnhealthyPmod_Fstat] = 1.20342e-13
++ Smallest FDR q [12 BidsNMiss#0_Tstat] = 5.06433e-15
++ Smallest FDR q [13 BidsNMiss_Fstat] = 5.06289e-15
++ Smallest FDR q [15 HealthyGtRest_GLT#0_Tstat] = 1.18397e-13
++ Smallest FDR q [16 HealthyGtRest_GLT_Fstat] = 1.18378e-13
++ Smallest FDR q [18 HealthyPmod_GLT#0_Tstat] = 0.00641959
++ Smallest FDR q [19 HealthyPmod_GLT_Fstat] = 0.00641958
++ Smallest FDR q [21 UnhealthyGtRest_GLT#0_Tstat] = 1.03097e-13
++ Smallest FDR q [22 UnhealthyGtRest_GLT_Fstat] = 1.03081e-13
++ Smallest FDR q [24 UnhealthyPmod_GLT#0_Tstat] = 0.00582644
++ Smallest FDR q [25 UnhealthyPmod_GLT_Fstat] = 0.00582629
++ Smallest FDR q [27 HealthyGtUnhealthy_GLT#0_Tstat] = 6.98885e-07
++ Smallest FDR q [28 HealthyGtUnhealthy_GLT_Fstat] = 6.98897e-07
++ Smallest FDR q [30 HealthyGtUnhealthyPmod_GLT#0_Tstat] = 0.00405557
++ Smallest FDR q [31 HealthyGtUnhealthyPmod_GLT_Fstat] = 0.00405566
++ Wrote bucket dataset into ./CHIVES1035_2CondPmod_stats+tlrc.BRIK
 + created 21 FDR curves in bucket header
++ Wrote 3D+time dataset into ./CHIVES1035_2CondPmod+tlrc.BRIK
++ Wrote 3D+time dataset into ./CHIVES1035_2CondPmod+tlrc.BRIK
++ Program finished; elapsed time=35.912
++ 3dREMLfit: AFNI version=AFNI_18.2.04 (Jul  6 2018) [64-bit]
++ Authored by: RWCox
** AFNI converts NIFTI_datatype=4 (INT16) in file /projects/sanlab/shared/CHIVES/bids_data/derivatives/fmriprep/sub-CHIVES1035/ses-wave1/func/s6_sub-CHIVES1035_ses-wave1_task-money_bold_space-MNI152NLin2009cAsym_preproc.nii to FLOAT32
     Warnings of this type will be muted for this session.
     Set AFNI_NIFTI_TYPE_WARN to YES to see them all, NO to see none.
++ Number of voxels in mask = 269585
++ Number of OpenMP threads = 15
++ -----  matrix condition (357x15):  4.63439  ++ VERY GOOD ++
++ Loading input dataset into memory
++ Converting input dataset to vector image
 +  dataset = 1.5 billion [giga] bytes
 +  vectim  = 386 million [mega] bytes
++ starting REML setup calculations; total CPU=0.00 Elapsed=4.22
 + X matrix: 90.364% of elements are nonzero
 + starting 15 OpenMP threads for REML setup
 + REML setup finished: matrix rows=357 cols=15; 109*1 cases; total CPU=0.00 Elapsed=4.23
 +  average case bandwidth = 13.00
++ REML voxel loop: [15 threads]0123456789.012
 + ARMA voxel parameters estimated: total CPU=0.00 Elapsed=20.55
++ GLSQ loop:0123456789.0123456789.0123456789.0123456789.0123456789.
 + GLSQ regression done: total CPU=0.00 Elapsed=53.82
++ Output dataset ./CHIVES1035_2CondPmod_stats_REMLvar+tlrc.BRIK
++ Output dataset ./CHIVES1035_2CondPmod_REML+tlrc.BRIK
[7m** ERROR:[0m output dataset name 'CHIVES1035_2CondPmod_REML' conflicts with existing file
[7m** ERROR:[0m dataset NOT written to disk!
++ creating FDR curves in dataset CHIVES1035_2CondPmod_stats_REML+tlrc
++ Smallest FDR q [0 Full_Fstat] = 4.40889e-15
++ Smallest FDR q [2 HealthyPmod#0_Tstat] = 3.29552e-13
[7m*+ WARNING:[0m Smallest FDR q [4 HealthyPmod#1_Tstat] = 0.408984 ==> few true single voxel detections
++ Smallest FDR q [5 HealthyPmod_Fstat] = 5.5204e-13
++ Smallest FDR q [7 UnhealthyPmod#0_Tstat] = 2.25184e-13
[7m*+ WARNING:[0m Smallest FDR q [9 UnhealthyPmod#1_Tstat] = 0.242812 ==> few true single voxel detections
++ Smallest FDR q [10 UnhealthyPmod_Fstat] = 3.47133e-13
++ Smallest FDR q [12 BidsNMiss#0_Tstat] = 4.89921e-15
++ Smallest FDR q [13 BidsNMiss_Fstat] = 4.89921e-15
++ Smallest FDR q [15 HealthyGtRest#0_Tstat] = 3.29552e-13
++ Smallest FDR q [16 HealthyGtRest_Fstat] = 3.29552e-13
[7m*+ WARNING:[0m Smallest FDR q [18 HealthyPmod#0_Tstat] = 0.408984 ==> few true single voxel detections
[7m*+ WARNING:[0m Smallest FDR q [19 HealthyPmod_Fstat] = 0.408984 ==> few true single voxel detections
++ Smallest FDR q [21 UnhealthyGtRest#0_Tstat] = 2.25184e-13
++ Smallest FDR q [22 UnhealthyGtRest_Fstat] = 2.25184e-13
[7m*+ WARNING:[0m Smallest FDR q [24 UnhealthyPmod#0_Tstat] = 0.242812 ==> few true single voxel detections
[7m*+ WARNING:[0m Smallest FDR q [25 UnhealthyPmod_Fstat] = 0.242812 ==> few true single voxel detections
++ Smallest FDR q [27 HealthyGtUnhealthy#0_Tstat] = 0.00977017
++ Smallest FDR q [28 HealthyGtUnhealthy_Fstat] = 0.00977018
[7m*+ WARNING:[0m Smallest FDR q [30 HealthyGtUnhealthyPmod#0_Tstat] = 0.337989 ==> few true single voxel detections
[7m*+ WARNING:[0m Smallest FDR q [31 HealthyGtUnhealthyPmod_Fstat] = 0.337988 ==> few true single voxel detections
 + Added 21 FDR curves to dataset CHIVES1035_2CondPmod_stats_REML+tlrc
++ Output dataset ./CHIVES1035_2CondPmod_stats_REML+tlrc.BRIK
 + unloading input dataset and REML matrices
++ 3dREMLfit is all done! total CPU=0.00 Elapsed=82.68
** AFNI converts NIFTI_datatype=4 (INT16) in file /projects/sanlab/shared/CHIVES/bids_data/derivatives/fmriprep/sub-CHIVES1035/ses-wave1/func/s6_sub-CHIVES1035_ses-wave1_task-money_bold_space-MNI152NLin2009cAsym_preproc.nii to FLOAT32
     Warnings of this type will be muted for this session.
     Set AFNI_NIFTI_TYPE_WARN to YES to see them all, NO to see none.
++ '-stim_times_AM1 3 /projects/sanlab/shared/CHIVES/CHIVES_WTP_scripts/behavioral/money/afni_timing_files/CHIVES1035/BidOnsDur.1D' has 1 auxiliary values per time point
++ '-stim_times_AM1 3': basis function model 'dmBLOCK(1)' uses 1 parameters,
    out of the 1 found in timing file '/projects/sanlab/shared/CHIVES/CHIVES_WTP_scripts/behavioral/money/afni_timing_files/CHIVES1035/BidOnsDur.1D'
++ 3dDeconvolve extending num_stimts from 3 to 7 due to -ortvec
++ 3dDeconvolve: AFNI version=AFNI_18.2.04 (Jul  6 2018) [64-bit]
++ Authored by: B. Douglas Ward, et al.
++ current memory malloc-ated = 265,653 bytes (about 266 thousand [kilo])
++ loading dataset /projects/sanlab/shared/CHIVES/bids_data/derivatives/fmriprep/sub-CHIVES1035/ses-wave1/func/s6_sub-CHIVES1035_ses-wave1_task-money_bold_space-MNI152NLin2009cAsym_preproc.nii
++ current memory malloc-ated = 1,545,414,513 bytes (about 1.5 billion [giga])
++ forcibly using TR=2.0000 seconds for -input dataset
++ Skipping check for initial transients
++ Imaging duration=714.0 s; Automatic polort=5
++ -stim_times using TR=2 s for stimulus timing conversion
++ -stim_times using TR=2 s for any -iresp output datasets
++  [you can alter the -iresp TR via the -TR_times option]
++ ** -stim_times NOTE ** guessing GLOBAL times if 1 time per line; LOCAL otherwise
++ ** GUESSED ** -stim_times 1 using LOCAL times
++ ** GUESSED ** -stim_times 2 using LOCAL times
++ ** GUESSED ** -stim_times_AM1 3 using LOCAL times
------------------------------------------------------------
GLT matrix from 'SYM: Healthy':
   0   0   0   0   0   0   1   0   0   0   0   0   0 
 
------------------------------------------------------------
GLT matrix from 'SYM: Unhealthy':
   0   0   0   0   0   0   0   1   0   0   0   0   0 
 
------------------------------------------------------------
GLT matrix from 'SYM: Healthy -Unhealthy':
   0   0   0   0   0   0   1  -1   0   0   0   0   0 
 
++ Number of time points: 357 (no censoring)
 + Number of parameters:  13 [10 baseline ; 3 signal]
++ total shared memory needed = 3,172,526,620 bytes (about 3.2 billion [giga])
++ current memory malloc-ated = 1,546,542,485 bytes (about 1.5 billion [giga])
++ mmap() memory allocated: 3,172,526,620 bytes (about 3.2 billion [giga])
++ Memory required for output bricks = 3,172,526,620 bytes (about 3.2 billion [giga])
++ Wrote matrix values to file CHIVES1035_2Cond_xmat.1D
++ ========= Things you can do with the matrix file =========
++ (a) Linear regression with ARMA(1,1) modeling of serial correlation:

3dREMLfit -matrix CHIVES1035_2Cond_xmat.1D -input /projects/sanlab/shared/CHIVES/bids_data/derivatives/fmriprep/sub-CHIVES1035/ses-wave1/func/s6_sub-CHIVES1035_ses-wave1_task-money_bold_space-MNI152NLin2009cAsym_preproc.nii \
 -mask /projects/sanlab/shared/CHIVES/bids_data/derivatives/fmriprep/sub-CHIVES1035/ses-wave1/func/sub-CHIVES1035_ses-wave1_task-money_bold_space-MNI152NLin2009cAsym_brainmask.nii.gz \
 -fout -tout -Rbuck CHIVES1035_2Cond_stats_REML -Rvar CHIVES1035_2Cond_stats_REMLvar \
 -Rfitts CHIVES1035_2Cond_REML -Rerrts CHIVES1035_2Cond_REML -verb
 
++ N.B.: 3dREMLfit command above written to file CHIVES1035_2Cond_stats.REML_cmd
++ (b) Visualization/analysis of the matrix via ExamineXmat.R
++ (c) Synthesis of sub-model datasets using 3dSynthesize
++ ==========================================================
++ Wrote matrix values to file CHIVES1035_2Cond_uncensor_xmat.1D
++ ----- Signal+Baseline matrix condition [X] (357x13):  4.60305  ++ VERY GOOD ++
++ ----- Signal-only matrix condition [X] (357x3):  1.63084  ++ VERY GOOD ++
++ ----- Baseline-only matrix condition [X] (357x10):  4.50554  ++ VERY GOOD ++
++ ----- stim_base-only matrix condition [X] (357x4):  2.51599  ++ VERY GOOD ++
++ ----- polort-only matrix condition [X] (357x6):  1.01526  ++ VERY GOOD ++
++ +++++ Matrix inverse average error = 1.77471e-15  ++ VERY GOOD ++
++ Matrix setup time = 0.01 s
++ Voxels in dataset: 1082035
++ Voxels in mask:    269585
++ Voxels per job:    13479
++ Job #1: processing voxels 181256 to 238656; elapsed time=4.319
++ Job #2: processing voxels 238657 to 283372; elapsed time=4.339
++ Job #3: processing voxels 283373 to 318493; elapsed time=4.362
++ Job #4: processing voxels 318494 to 350616; elapsed time=4.383
++ Job #5: processing voxels 350617 to 377764; elapsed time=4.406
++ Job #6: processing voxels 377765 to 407051; elapsed time=4.429
++ Job #7: processing voxels 407052 to 433428; elapsed time=4.453
++ Job #8: processing voxels 433429 to 462419; elapsed time=4.476
++ Job #9: processing voxels 462420 to 488437; elapsed time=4.500
++ Job #10: processing voxels 488438 to 517768; elapsed time=4.524
++ Job #11: processing voxels 517769 to 544107; elapsed time=4.549
++ Job #12: processing voxels 544108 to 574312; elapsed time=4.574
++ Job #13: processing voxels 574313 to 605610; elapsed time=4.612
++ Job #14: processing voxels 605611 to 633843; elapsed time=4.624
++ Job #15: processing voxels 633844 to 666938; elapsed time=4.663
++ Job #16: processing voxels 666939 to 706566; elapsed time=4.675
++ Job #17: processing voxels 706567 to 744116; elapsed time=4.704
++ Job #18: processing voxels 744117 to 797767; elapsed time=4.743
++ Job #19: processing voxels 797768 to 1082034; elapsed time=4.755
++ Job #0: processing voxels 0 to 181255; elapsed time=4.765
++ voxel loop:0123456789.0123456789.0123456789.0123456++ Job #2 finished; elapsed time=5.249
7++ Job #4 finished; elapsed time=5.286
89.++ Job #1 finished; elapsed time=5.298
++ Job #6 finished; elapsed time=5.329
0++ Job #5 finished; elapsed time=5.349
++ Job #8 finished; elapsed time=5.370
12++ Job #9 finished; elapsed time=5.424
++ Job #10 finished; elapsed time=5.424
3++ Job #12 finished; elapsed time=5.473
45++ Job #14 finished; elapsed time=5.519
6++ Job #13 finished; elapsed time=5.578
++ Job #16 finished; elapsed time=5.581
++ Job #17 finished; elapsed time=5.608
78++ Job #3 finished; elapsed time=5.643
9.
++ Job #0 waiting for children to finish; elapsed time=5.652
++ Job #19 finished; elapsed time=5.691
++ Job #7 finished; elapsed time=5.727
++ Job #11 finished; elapsed time=5.754
++ Job #18 finished; elapsed time=5.882
++ Job #15 finished; elapsed time=5.946
++ Job #0 now finishing up; elapsed time=5.965
++ Smallest FDR q [0 Full_Fstat] = 3.63021e-15
++ Smallest FDR q [2 Healthy#0_Tstat] = 1.25255e-13
++ Smallest FDR q [3 Healthy_Fstat] = 1.25234e-13
++ Smallest FDR q [5 Unhealthy#0_Tstat] = 1.05509e-13
++ Smallest FDR q [6 Unhealthy_Fstat] = 1.05494e-13
++ Smallest FDR q [8 BidsNMiss#0_Tstat] = 5.10829e-15
++ Smallest FDR q [9 BidsNMiss_Fstat] = 5.10697e-15
++ Smallest FDR q [11 HealthyGtRest_GLT#0_Tstat] = 1.25255e-13
++ Smallest FDR q [12 HealthyGtRest_GLT_Fstat] = 1.25234e-13
++ Smallest FDR q [14 UnhealthyGtRest_GLT#0_Tstat] = 1.05509e-13
++ Smallest FDR q [15 UnhealthyGtRest_GLT_Fstat] = 1.05493e-13
++ Smallest FDR q [17 HealthyGtUnhealthy_GLT#0_Tstat] = 3.09023e-06
++ Smallest FDR q [18 HealthyGtUnhealthy_GLT_Fstat] = 3.09023e-06
++ Wrote bucket dataset into ./CHIVES1035_2Cond_stats+tlrc.BRIK
 + created 13 FDR curves in bucket header
++ Wrote 3D+time dataset into ./CHIVES1035_2Cond+tlrc.BRIK
++ Wrote 3D+time dataset into ./CHIVES1035_2Cond+tlrc.BRIK
++ Program finished; elapsed time=23.768
++ 3dREMLfit: AFNI version=AFNI_18.2.04 (Jul  6 2018) [64-bit]
++ Authored by: RWCox
** AFNI converts NIFTI_datatype=4 (INT16) in file /projects/sanlab/shared/CHIVES/bids_data/derivatives/fmriprep/sub-CHIVES1035/ses-wave1/func/s6_sub-CHIVES1035_ses-wave1_task-money_bold_space-MNI152NLin2009cAsym_preproc.nii to FLOAT32
     Warnings of this type will be muted for this session.
     Set AFNI_NIFTI_TYPE_WARN to YES to see them all, NO to see none.
++ Number of voxels in mask = 269585
++ Number of OpenMP threads = 15
++ -----  matrix condition (357x13):  4.60305  ++ VERY GOOD ++
++ Loading input dataset into memory
++ Converting input dataset to vector image
 +  dataset = 1.5 billion [giga] bytes
 +  vectim  = 386 million [mega] bytes
++ starting REML setup calculations; total CPU=0.00 Elapsed=4.42
 + X matrix: 94.419% of elements are nonzero
 + starting 15 OpenMP threads for REML setup
 + REML setup finished: matrix rows=357 cols=13; 109*1 cases; total CPU=0.00 Elapsed=4.42
 +  average case bandwidth = 13.00
++ REML voxel loop: [15 threads]0123456789.012
 + ARMA voxel parameters estimated: total CPU=0.00 Elapsed=20.08
++ GLSQ loop:0123456789.0123456789.0123456789.0123456789.0123456789.
 + GLSQ regression done: total CPU=0.00 Elapsed=45.85
++ Output dataset ./CHIVES1035_2Cond_stats_REMLvar+tlrc.BRIK
++ Output dataset ./CHIVES1035_2Cond_REML+tlrc.BRIK
[7m** ERROR:[0m output dataset name 'CHIVES1035_2Cond_REML' conflicts with existing file
[7m** ERROR:[0m dataset NOT written to disk!
++ creating FDR curves in dataset CHIVES1035_2Cond_stats_REML+tlrc
++ Smallest FDR q [0 Full_Fstat] = 3.73485e-15
++ Smallest FDR q [2 Healthy#0_Tstat] = 3.32805e-13
++ Smallest FDR q [3 Healthy_Fstat] = 3.32805e-13
++ Smallest FDR q [5 Unhealthy#0_Tstat] = 2.22825e-13
++ Smallest FDR q [6 Unhealthy_Fstat] = 2.22825e-13
++ Smallest FDR q [8 BidsNMiss#0_Tstat] = 4.88207e-15
++ Smallest FDR q [9 BidsNMiss_Fstat] = 4.88207e-15
++ Smallest FDR q [11 HealthyGtRest#0_Tstat] = 3.32805e-13
++ Smallest FDR q [12 HealthyGtRest_Fstat] = 3.32805e-13
++ Smallest FDR q [14 UnhealthyGtRest#0_Tstat] = 2.22825e-13
++ Smallest FDR q [15 UnhealthyGtRest_Fstat] = 2.22825e-13
++ Smallest FDR q [17 HealthyGtUnhealthy#0_Tstat] = 0.0213548
++ Smallest FDR q [18 HealthyGtUnhealthy_Fstat] = 0.0213552
 + Added 13 FDR curves to dataset CHIVES1035_2Cond_stats_REML+tlrc
++ Output dataset ./CHIVES1035_2Cond_stats_REML+tlrc.BRIK
 + unloading input dataset and REML matrices
++ 3dREMLfit is all done! total CPU=0.00 Elapsed=63.15
