** AFNI converts NIFTI_datatype=4 (INT16) in file /projects/sanlab/shared/CHIVES/bids_data/derivatives/fmriprep/sub-CHIVES1071/ses-wave1/func/s6_sub-CHIVES1071_ses-wave1_task-money_bold_space-MNI152NLin2009cAsym_preproc.nii to FLOAT32
     Warnings of this type will be muted for this session.
     Set AFNI_NIFTI_TYPE_WARN to YES to see them all, NO to see none.
++ '-stim_times_AM2 1 /projects/sanlab/shared/CHIVES/CHIVES_WTP_scripts/behavioral/money/afni_timing_files/CHIVES1071/AllCondsPmod.1D' has 1 auxiliary values per time point
++ '-stim_times_AM2 1 /projects/sanlab/shared/CHIVES/CHIVES_WTP_scripts/behavioral/money/afni_timing_files/CHIVES1071/AllCondsPmod.1D' will have 2 regressors
++ '-stim_times_AM1 2 /projects/sanlab/shared/CHIVES/CHIVES_WTP_scripts/behavioral/money/afni_timing_files/CHIVES1071/BidOnsDur.1D' has 1 auxiliary values per time point
++ '-stim_times_AM1 2': basis function model 'dmBLOCK(1)' uses 1 parameters,
    out of the 1 found in timing file '/projects/sanlab/shared/CHIVES/CHIVES_WTP_scripts/behavioral/money/afni_timing_files/CHIVES1071/BidOnsDur.1D'
++ 3dDeconvolve extending num_stimts from 2 to 6 due to -ortvec
++ 3dDeconvolve: AFNI version=AFNI_18.2.04 (Jul  6 2018) [64-bit]
++ Authored by: B. Douglas Ward, et al.
++ current memory malloc-ated = 254,635 bytes (about 255 thousand [kilo])
++ loading dataset /projects/sanlab/shared/CHIVES/bids_data/derivatives/fmriprep/sub-CHIVES1071/ses-wave1/func/s6_sub-CHIVES1071_ses-wave1_task-money_bold_space-MNI152NLin2009cAsym_preproc.nii
++ current memory malloc-ated = 1,545,403,495 bytes (about 1.5 billion [giga])
++ forcibly using TR=2.0000 seconds for -input dataset
++ Skipping check for initial transients
++ Imaging duration=714.0 s; Automatic polort=5
++ -stim_times using TR=2 s for stimulus timing conversion
++ -stim_times using TR=2 s for any -iresp output datasets
++  [you can alter the -iresp TR via the -TR_times option]
++ ** -stim_times NOTE ** guessing GLOBAL times if 1 time per line; LOCAL otherwise
++ ** GUESSED ** -stim_times_AM2 1 using LOCAL times
++ '-stim_times_AM2 1' average amplitude#1=1.15833
++ ** GUESSED ** -stim_times_AM1 2 using LOCAL times
------------------------------------------------------------
GLT matrix from 'SYM: AllConds[0]':
   0   0   0   0   0   0   1   0   0   0   0   0   0 
 
------------------------------------------------------------
GLT matrix from 'SYM: AllConds[1]':
   0   0   0   0   0   0   0   1   0   0   0   0   0 
 
++ Number of time points: 357 (no censoring)
 + Number of parameters:  13 [10 baseline ; 3 signal]
++ total shared memory needed = 3,155,214,060 bytes (about 3.2 billion [giga])
++ current memory malloc-ated = 1,546,531,429 bytes (about 1.5 billion [giga])
++ mmap() memory allocated: 3,155,214,060 bytes (about 3.2 billion [giga])
++ Memory required for output bricks = 3,155,214,060 bytes (about 3.2 billion [giga])
++ Wrote matrix values to file CHIVES1071_AllCondPmod_xmat.1D
++ ========= Things you can do with the matrix file =========
++ (a) Linear regression with ARMA(1,1) modeling of serial correlation:

3dREMLfit -matrix CHIVES1071_AllCondPmod_xmat.1D -input /projects/sanlab/shared/CHIVES/bids_data/derivatives/fmriprep/sub-CHIVES1071/ses-wave1/func/s6_sub-CHIVES1071_ses-wave1_task-money_bold_space-MNI152NLin2009cAsym_preproc.nii \
 -mask /projects/sanlab/shared/CHIVES/bids_data/derivatives/fmriprep/sub-CHIVES1071/ses-wave1/func/sub-CHIVES1071_ses-wave1_task-money_bold_space-MNI152NLin2009cAsym_brainmask.nii.gz \
 -fout -tout -Rbuck CHIVES1071_AllCondPmod_stats_REML -Rvar CHIVES1071_AllCondPmod_stats_REMLvar \
 -Rfitts CHIVES1071_AllCondPmod_REML -Rerrts CHIVES1071_AllCondPmod_REML -verb
 
++ N.B.: 3dREMLfit command above written to file CHIVES1071_AllCondPmod_stats.REML_cmd
++ (b) Visualization/analysis of the matrix via ExamineXmat.R
++ (c) Synthesis of sub-model datasets using 3dSynthesize
++ ==========================================================
++ Wrote matrix values to file CHIVES1071_AllCondPmod_uncensor_xmat.1D
++ ----- Signal+Baseline matrix condition [X] (357x13):  4.07554  ++ VERY GOOD ++
++ ----- Signal-only matrix condition [X] (357x3):  1.5775  ++ VERY GOOD ++
++ ----- Baseline-only matrix condition [X] (357x10):  4.03365  ++ VERY GOOD ++
++ ----- stim_base-only matrix condition [X] (357x4):  1.84727  ++ VERY GOOD ++
++ ----- polort-only matrix condition [X] (357x6):  1.01526  ++ VERY GOOD ++
++ +++++ Matrix inverse average error = 1.52971e-15  ++ VERY GOOD ++
++ Matrix setup time = 0.02 s
++ Voxels in dataset: 1082035
++ Voxels in mask:    268670
++ Voxels per job:    13433
++ Job #1: processing voxels 181657 to 238273; elapsed time=5.333
++ Job #2: processing voxels 238274 to 284435; elapsed time=5.352
++ Job #3: processing voxels 284436 to 320258; elapsed time=5.371
++ Job #4: processing voxels 320259 to 352239; elapsed time=5.391
++ Job #5: processing voxels 352240 to 382777; elapsed time=5.412
++ Job #6: processing voxels 382778 to 408793; elapsed time=5.432
++ Job #7: processing voxels 408794 to 438220; elapsed time=5.454
++ Job #8: processing voxels 438221 to 463894; elapsed time=5.476
++ Job #9: processing voxels 463895 to 493106; elapsed time=5.498
++ Job #10: processing voxels 493107 to 519105; elapsed time=5.520
++ Job #11: processing voxels 519106 to 548987; elapsed time=5.543
++ Job #12: processing voxels 548988 to 575675; elapsed time=5.566
++ Job #13: processing voxels 575676 to 607052; elapsed time=5.601
++ Job #14: processing voxels 607053 to 639371; elapsed time=5.640
++ Job #15: processing voxels 639372 to 672942; elapsed time=5.656
++ Job #16: processing voxels 672943 to 708157; elapsed time=5.699
++ Job #17: processing voxels 708158 to 751480; elapsed time=5.707
++ Job #18: processing voxels 751481 to 799711; elapsed time=5.747
++ Job #19: processing voxels 799712 to 1082034; elapsed time=5.761
++ Job #0: processing voxels 0 to 181656; elapsed time=5.771
++ voxel loop:0123456789.0123456789.0123456789.0123456++ Job #1 finished; elapsed time=6.205
++ Job #2 finished; elapsed time=6.221
++ Job #3 finished; elapsed time=6.224
7++ Job #5 finished; elapsed time=6.255
++ Job #8 finished; elapsed time=6.267
89.++ Job #7 finished; elapsed time=6.295
++ Job #6 finished; elapsed time=6.308
++ Job #4 finished; elapsed time=6.326
++ Job #9 finished; elapsed time=6.329
0++ Job #10 finished; elapsed time=6.347
++ Job #12 finished; elapsed time=6.368
1++ Job #11 finished; elapsed time=6.374
2++ Job #13 finished; elapsed time=6.435
345++ Job #15 finished; elapsed time=6.502
6++ Job #14 finished; elapsed time=6.546
++ Job #17 finished; elapsed time=6.561
++ Job #18 finished; elapsed time=6.575
++ Job #16 finished; elapsed time=6.585
789.
++ Job #0 waiting for children to finish; elapsed time=6.629
++ Job #19 finished; elapsed time=6.662
++ Job #0 now finishing up; elapsed time=6.681
++ Smallest FDR q [0 Full_Fstat] = 8.40859e-15
++ Smallest FDR q [2 AllConds#0_Tstat] = 1.82237e-14
++ Smallest FDR q [4 AllConds#1_Tstat] = 0.00106174
++ Smallest FDR q [5 AllConds_Fstat] = 1.94538e-14
++ Smallest FDR q [7 BidsNMiss#0_Tstat] = 5.69967e-14
++ Smallest FDR q [8 BidsNMiss_Fstat] = 5.69967e-14
++ Smallest FDR q [10 CondGtRest_GLT#0_Tstat] = 1.82237e-14
++ Smallest FDR q [11 CondGtRest_GLT_Fstat] = 1.82239e-14
++ Smallest FDR q [13 Pmod_GLT#0_Tstat] = 0.00106174
++ Smallest FDR q [14 Pmod_GLT_Fstat] = 0.00106181
++ Wrote bucket dataset into ./CHIVES1071_AllCondPmod_stats+tlrc.BRIK
 + created 10 FDR curves in bucket header
++ Wrote 3D+time dataset into ./CHIVES1071_AllCondPmod+tlrc.BRIK
++ Wrote 3D+time dataset into ./CHIVES1071_AllCondPmod+tlrc.BRIK
++ Program finished; elapsed time=22.647
++ 3dREMLfit: AFNI version=AFNI_18.2.04 (Jul  6 2018) [64-bit]
++ Authored by: RWCox
** AFNI converts NIFTI_datatype=4 (INT16) in file /projects/sanlab/shared/CHIVES/bids_data/derivatives/fmriprep/sub-CHIVES1071/ses-wave1/func/s6_sub-CHIVES1071_ses-wave1_task-money_bold_space-MNI152NLin2009cAsym_preproc.nii to FLOAT32
     Warnings of this type will be muted for this session.
     Set AFNI_NIFTI_TYPE_WARN to YES to see them all, NO to see none.
++ Number of voxels in mask = 268670
++ Number of OpenMP threads = 15
++ -----  matrix condition (357x13):  4.07554  ++ VERY GOOD ++
++ Loading input dataset into memory
++ Converting input dataset to vector image
 +  dataset = 1.5 billion [giga] bytes
 +  vectim  = 385 million [mega] bytes
++ starting REML setup calculations; total CPU=0.00 Elapsed=4.19
 + X matrix: 99.828% of elements are nonzero
 + starting 15 OpenMP threads for REML setup
 + REML setup finished: matrix rows=357 cols=13; 109*1 cases; total CPU=0.00 Elapsed=4.20
 +  average case bandwidth = 13.00
++ REML voxel loop: [15 threads]0123456789.012
 + ARMA voxel parameters estimated: total CPU=0.00 Elapsed=20.44
++ GLSQ loop:0123456789.0123456789.0123456789.0123456789.0123456789.
 + GLSQ regression done: total CPU=0.00 Elapsed=44.82
++ Output dataset ./CHIVES1071_AllCondPmod_stats_REMLvar+tlrc.BRIK
++ Output dataset ./CHIVES1071_AllCondPmod_REML+tlrc.BRIK
[7m** ERROR:[0m output dataset name 'CHIVES1071_AllCondPmod_REML' conflicts with existing file
[7m** ERROR:[0m dataset NOT written to disk!
++ creating FDR curves in dataset CHIVES1071_AllCondPmod_stats_REML+tlrc
++ Smallest FDR q [0 Full_Fstat] = 9.47878e-15
++ Smallest FDR q [2 AllConds#0_Tstat] = 2.06957e-14
++ Smallest FDR q [4 AllConds#1_Tstat] = 0.0830916
++ Smallest FDR q [5 AllConds_Fstat] = 2.47656e-14
++ Smallest FDR q [7 BidsNMiss#0_Tstat] = 5.08224e-14
++ Smallest FDR q [8 BidsNMiss_Fstat] = 5.08224e-14
++ Smallest FDR q [10 CondGtRest#0_Tstat] = 2.06957e-14
++ Smallest FDR q [11 CondGtRest_Fstat] = 2.06957e-14
++ Smallest FDR q [13 Pmod#0_Tstat] = 0.0830916
++ Smallest FDR q [14 Pmod_Fstat] = 0.0830916
 + Added 10 FDR curves to dataset CHIVES1071_AllCondPmod_stats_REML+tlrc
++ Output dataset ./CHIVES1071_AllCondPmod_stats_REML+tlrc.BRIK
 + unloading input dataset and REML matrices
++ 3dREMLfit is all done! total CPU=0.00 Elapsed=59.90
** AFNI converts NIFTI_datatype=4 (INT16) in file /projects/sanlab/shared/CHIVES/bids_data/derivatives/fmriprep/sub-CHIVES1071/ses-wave1/func/s6_sub-CHIVES1071_ses-wave1_task-money_bold_space-MNI152NLin2009cAsym_preproc.nii to FLOAT32
     Warnings of this type will be muted for this session.
     Set AFNI_NIFTI_TYPE_WARN to YES to see them all, NO to see none.
++ '-stim_times_AM2 1 /projects/sanlab/shared/CHIVES/CHIVES_WTP_scripts/behavioral/money/afni_timing_files/CHIVES1071/HealthyPmod.1D' has 1 auxiliary values per time point
++ '-stim_times_AM2 1 /projects/sanlab/shared/CHIVES/CHIVES_WTP_scripts/behavioral/money/afni_timing_files/CHIVES1071/HealthyPmod.1D' will have 2 regressors
++ '-stim_times_AM2 2 /projects/sanlab/shared/CHIVES/CHIVES_WTP_scripts/behavioral/money/afni_timing_files/CHIVES1071/UnhealthyPmod.1D' has 1 auxiliary values per time point
++ '-stim_times_AM2 2 /projects/sanlab/shared/CHIVES/CHIVES_WTP_scripts/behavioral/money/afni_timing_files/CHIVES1071/UnhealthyPmod.1D' will have 2 regressors
++ '-stim_times_AM1 3 /projects/sanlab/shared/CHIVES/CHIVES_WTP_scripts/behavioral/money/afni_timing_files/CHIVES1071/BidOnsDur.1D' has 1 auxiliary values per time point
++ '-stim_times_AM1 3': basis function model 'dmBLOCK(1)' uses 1 parameters,
    out of the 1 found in timing file '/projects/sanlab/shared/CHIVES/CHIVES_WTP_scripts/behavioral/money/afni_timing_files/CHIVES1071/BidOnsDur.1D'
++ 3dDeconvolve extending num_stimts from 3 to 7 due to -ortvec
++ 3dDeconvolve: AFNI version=AFNI_18.2.04 (Jul  6 2018) [64-bit]
++ Authored by: B. Douglas Ward, et al.
++ current memory malloc-ated = 281,901 bytes (about 282 thousand [kilo])
++ loading dataset /projects/sanlab/shared/CHIVES/bids_data/derivatives/fmriprep/sub-CHIVES1071/ses-wave1/func/s6_sub-CHIVES1071_ses-wave1_task-money_bold_space-MNI152NLin2009cAsym_preproc.nii
++ current memory malloc-ated = 1,545,430,761 bytes (about 1.5 billion [giga])
++ forcibly using TR=2.0000 seconds for -input dataset
++ Skipping check for initial transients
++ Imaging duration=714.0 s; Automatic polort=5
++ -stim_times using TR=2 s for stimulus timing conversion
++ -stim_times using TR=2 s for any -iresp output datasets
++  [you can alter the -iresp TR via the -TR_times option]
++ ** -stim_times NOTE ** guessing GLOBAL times if 1 time per line; LOCAL otherwise
++ ** GUESSED ** -stim_times_AM2 1 using LOCAL times
++ '-stim_times_AM2 1' average amplitude#1=1.53333
++ ** GUESSED ** -stim_times_AM2 2 using LOCAL times
++ '-stim_times_AM2 2' average amplitude#1=0.783333
++ ** GUESSED ** -stim_times_AM1 3 using LOCAL times
------------------------------------------------------------
GLT matrix from 'SYM: HealthyPmod[0]':
   0   0   0   0   0   0   1   0   0   0   0   0   0   0   0 
 
------------------------------------------------------------
GLT matrix from 'SYM: HealthyPmod[1]':
   0   0   0   0   0   0   0   1   0   0   0   0   0   0   0 
 
------------------------------------------------------------
GLT matrix from 'SYM: UnhealthyPmod[0]':
   0   0   0   0   0   0   0   0   1   0   0   0   0   0   0 
 
------------------------------------------------------------
GLT matrix from 'SYM: UnhealthyPmod[1]':
   0   0   0   0   0   0   0   0   0   1   0   0   0   0   0 
 
------------------------------------------------------------
GLT matrix from 'SYM: HealthyPmod[0] -UnhealthyPmod[0]':
   0   0   0   0   0   0   1   0  -1   0   0   0   0   0   0 
 
------------------------------------------------------------
GLT matrix from 'SYM: HealthyPmod[1] -UnhealthyPmod[1]':
   0   0   0   0   0   0   0   1   0  -1   0   0   0   0   0 
 
++ Number of time points: 357 (no censoring)
 + Number of parameters:  15 [10 baseline ; 5 signal]
++ total shared memory needed = 3,228,792,440 bytes (about 3.2 billion [giga])
++ current memory malloc-ated = 1,546,563,263 bytes (about 1.5 billion [giga])
++ mmap() memory allocated: 3,228,792,440 bytes (about 3.2 billion [giga])
++ Memory required for output bricks = 3,228,792,440 bytes (about 3.2 billion [giga])
++ Wrote matrix values to file CHIVES1071_2CondPmod_xmat.1D
++ ========= Things you can do with the matrix file =========
++ (a) Linear regression with ARMA(1,1) modeling of serial correlation:

3dREMLfit -matrix CHIVES1071_2CondPmod_xmat.1D -input /projects/sanlab/shared/CHIVES/bids_data/derivatives/fmriprep/sub-CHIVES1071/ses-wave1/func/s6_sub-CHIVES1071_ses-wave1_task-money_bold_space-MNI152NLin2009cAsym_preproc.nii \
 -mask /projects/sanlab/shared/CHIVES/bids_data/derivatives/fmriprep/sub-CHIVES1071/ses-wave1/func/sub-CHIVES1071_ses-wave1_task-money_bold_space-MNI152NLin2009cAsym_brainmask.nii.gz \
 -fout -tout -Rbuck CHIVES1071_2CondPmod_stats_REML -Rvar CHIVES1071_2CondPmod_stats_REMLvar \
 -Rfitts CHIVES1071_2CondPmod_REML -Rerrts CHIVES1071_2CondPmod_REML -verb
 
++ N.B.: 3dREMLfit command above written to file CHIVES1071_2CondPmod_stats.REML_cmd
++ (b) Visualization/analysis of the matrix via ExamineXmat.R
++ (c) Synthesis of sub-model datasets using 3dSynthesize
++ ==========================================================
++ Wrote matrix values to file CHIVES1071_2CondPmod_uncensor_xmat.1D
++ ----- Signal+Baseline matrix condition [X] (357x15):  4.09289  ++ VERY GOOD ++
++ ----- Signal-only matrix condition [X] (357x5):  1.57767  ++ VERY GOOD ++
++ ----- Baseline-only matrix condition [X] (357x10):  4.03365  ++ VERY GOOD ++
++ ----- stim_base-only matrix condition [X] (357x4):  1.84727  ++ VERY GOOD ++
++ ----- polort-only matrix condition [X] (357x6):  1.01526  ++ VERY GOOD ++
++ +++++ Matrix inverse average error = 1.16552e-15  ++ VERY GOOD ++
++ Matrix setup time = 0.02 s
++ Voxels in dataset: 1082035
++ Voxels in mask:    268670
++ Voxels per job:    13433
++ Job #1: processing voxels 181657 to 238273; elapsed time=4.243
++ Job #2: processing voxels 238274 to 284435; elapsed time=4.262
++ Job #3: processing voxels 284436 to 320258; elapsed time=4.283
++ Job #4: processing voxels 320259 to 352239; elapsed time=4.303
++ Job #5: processing voxels 352240 to 382777; elapsed time=4.325
++ Job #6: processing voxels 382778 to 408793; elapsed time=4.346
++ Job #7: processing voxels 408794 to 438220; elapsed time=4.368
++ Job #8: processing voxels 438221 to 463894; elapsed time=4.390
++ Job #9: processing voxels 463895 to 493106; elapsed time=4.414
++ Job #10: processing voxels 493107 to 519105; elapsed time=4.436
++ Job #11: processing voxels 519106 to 548987; elapsed time=4.460
++ Job #12: processing voxels 548988 to 575675; elapsed time=4.483
++ Job #13: processing voxels 575676 to 607052; elapsed time=4.520
++ Job #14: processing voxels 607053 to 639371; elapsed time=4.530
++ Job #15: processing voxels 639372 to 672942; elapsed time=4.554
++ Job #16: processing voxels 672943 to 708157; elapsed time=4.592
++ Job #17: processing voxels 708158 to 751480; elapsed time=4.603
++ Job #18: processing voxels 751481 to 799711; elapsed time=4.638
++ Job #19: processing voxels 799712 to 1082034; elapsed time=4.653
++ Job #0: processing voxels 0 to 181656; elapsed time=4.663
++ voxel loop:0123456789.0123456789.0123456789.0123456789.0++ Job #2 finished; elapsed time=5.373
12++ Job #4 finished; elapsed time=5.409
++ Job #3 finished; elapsed time=5.442
++ Job #6 finished; elapsed time=5.447
3++ Job #5 finished; elapsed time=5.476
++ Job #8 finished; elapsed time=5.488
++ Job #7 finished; elapsed time=5.515
++ Job #10 finished; elapsed time=5.536
45++ Job #9 finished; elapsed time=5.550
++ Job #12 finished; elapsed time=5.583
6++ Job #14 finished; elapsed time=5.631
++ Job #15 finished; elapsed time=5.662
78++ Job #17 finished; elapsed time=5.715
9.
++ Job #0 waiting for children to finish; elapsed time=5.747
++ Job #19 finished; elapsed time=5.793
++ Job #1 finished; elapsed time=6.030
++ Job #11 finished; elapsed time=6.091
++ Job #13 finished; elapsed time=6.139
++ Job #16 finished; elapsed time=6.280
++ Job #18 finished; elapsed time=6.322
++ Job #0 now finishing up; elapsed time=6.340
++ Smallest FDR q [0 Full_Fstat] = 8.18769e-15
++ Smallest FDR q [2 HealthyPmod#0_Tstat] = 2.77821e-14
++ Smallest FDR q [4 HealthyPmod#1_Tstat] = 0.00219743
++ Smallest FDR q [5 HealthyPmod_Fstat] = 2.76987e-14
++ Smallest FDR q [7 UnhealthyPmod#0_Tstat] = 2.77377e-14
++ Smallest FDR q [9 UnhealthyPmod#1_Tstat] = 3.89396e-07
++ Smallest FDR q [10 UnhealthyPmod_Fstat] = 2.83453e-14
++ Smallest FDR q [12 BidsNMiss#0_Tstat] = 5.63331e-14
++ Smallest FDR q [13 BidsNMiss_Fstat] = 5.63317e-14
++ Smallest FDR q [15 HealthyGtRest_GLT#0_Tstat] = 2.77821e-14
++ Smallest FDR q [16 HealthyGtRest_GLT_Fstat] = 2.77821e-14
++ Smallest FDR q [18 HealthyPmod_GLT#0_Tstat] = 0.00219743
++ Smallest FDR q [19 HealthyPmod_GLT_Fstat] = 0.00219742
++ Smallest FDR q [21 UnhealthyGtRest_GLT#0_Tstat] = 2.77377e-14
++ Smallest FDR q [22 UnhealthyGtRest_GLT_Fstat] = 2.77374e-14
++ Smallest FDR q [24 UnhealthyPmod_GLT#0_Tstat] = 3.89396e-07
++ Smallest FDR q [25 UnhealthyPmod_GLT_Fstat] = 3.89388e-07
++ Smallest FDR q [27 HealthyGtUnhealthy_GLT#0_Tstat] = 0.000745295
++ Smallest FDR q [28 HealthyGtUnhealthy_GLT_Fstat] = 0.000745293
++ Smallest FDR q [30 HealthyGtUnhealthyPmod_GLT#0_Tstat] = 0.00338644
++ Smallest FDR q [31 HealthyGtUnhealthyPmod_GLT_Fstat] = 0.00338622
++ Wrote bucket dataset into ./CHIVES1071_2CondPmod_stats+tlrc.BRIK
 + created 21 FDR curves in bucket header
++ Wrote 3D+time dataset into ./CHIVES1071_2CondPmod+tlrc.BRIK
++ Wrote 3D+time dataset into ./CHIVES1071_2CondPmod+tlrc.BRIK
++ Program finished; elapsed time=37.364
++ 3dREMLfit: AFNI version=AFNI_18.2.04 (Jul  6 2018) [64-bit]
++ Authored by: RWCox
** AFNI converts NIFTI_datatype=4 (INT16) in file /projects/sanlab/shared/CHIVES/bids_data/derivatives/fmriprep/sub-CHIVES1071/ses-wave1/func/s6_sub-CHIVES1071_ses-wave1_task-money_bold_space-MNI152NLin2009cAsym_preproc.nii to FLOAT32
     Warnings of this type will be muted for this session.
     Set AFNI_NIFTI_TYPE_WARN to YES to see them all, NO to see none.
++ Number of voxels in mask = 268670
++ Number of OpenMP threads = 15
++ -----  matrix condition (357x15):  4.09289  ++ VERY GOOD ++
++ Loading input dataset into memory
++ Converting input dataset to vector image
 +  dataset = 1.5 billion [giga] bytes
 +  vectim  = 385 million [mega] bytes
++ starting REML setup calculations; total CPU=0.00 Elapsed=4.20
 + X matrix: 90.812% of elements are nonzero
 + starting 15 OpenMP threads for REML setup
 + REML setup finished: matrix rows=357 cols=15; 109*1 cases; total CPU=0.00 Elapsed=4.21
 +  average case bandwidth = 13.00
++ REML voxel loop: [15 threads]0123456789.012
 + ARMA voxel parameters estimated: total CPU=0.00 Elapsed=20.90
++ GLSQ loop:0123456789.0123456789.0123456789.0123456789.0123456789.
 + GLSQ regression done: total CPU=0.00 Elapsed=57.07
++ Output dataset ./CHIVES1071_2CondPmod_stats_REMLvar+tlrc.BRIK
++ Output dataset ./CHIVES1071_2CondPmod_REML+tlrc.BRIK
[7m** ERROR:[0m output dataset name 'CHIVES1071_2CondPmod_REML' conflicts with existing file
[7m** ERROR:[0m dataset NOT written to disk!
++ creating FDR curves in dataset CHIVES1071_2CondPmod_stats_REML+tlrc
++ Smallest FDR q [0 Full_Fstat] = 1.04431e-14
++ Smallest FDR q [2 HealthyPmod#0_Tstat] = 4.67409e-14
[7m*+ WARNING:[0m Smallest FDR q [4 HealthyPmod#1_Tstat] = 0.329503 ==> few true single voxel detections
++ Smallest FDR q [5 HealthyPmod_Fstat] = 5.55244e-14
++ Smallest FDR q [7 UnhealthyPmod#0_Tstat] = 4.3433e-14
++ Smallest FDR q [9 UnhealthyPmod#1_Tstat] = 0.0023849
++ Smallest FDR q [10 UnhealthyPmod_Fstat] = 4.99536e-14
++ Smallest FDR q [12 BidsNMiss#0_Tstat] = 5.1054e-14
++ Smallest FDR q [13 BidsNMiss_Fstat] = 5.1054e-14
++ Smallest FDR q [15 HealthyGtRest#0_Tstat] = 4.67409e-14
++ Smallest FDR q [16 HealthyGtRest_Fstat] = 4.67409e-14
[7m*+ WARNING:[0m Smallest FDR q [18 HealthyPmod#0_Tstat] = 0.329503 ==> few true single voxel detections
[7m*+ WARNING:[0m Smallest FDR q [19 HealthyPmod_Fstat] = 0.329503 ==> few true single voxel detections
++ Smallest FDR q [21 UnhealthyGtRest#0_Tstat] = 4.3433e-14
++ Smallest FDR q [22 UnhealthyGtRest_Fstat] = 4.34328e-14
++ Smallest FDR q [24 UnhealthyPmod#0_Tstat] = 0.0023849
++ Smallest FDR q [25 UnhealthyPmod_Fstat] = 0.0023849
++ Smallest FDR q [27 HealthyGtUnhealthy#0_Tstat] = 0.0637087
++ Smallest FDR q [28 HealthyGtUnhealthy_Fstat] = 0.0637087
[7m*+ WARNING:[0m Smallest FDR q [30 HealthyGtUnhealthyPmod#0_Tstat] = 0.16894 ==> few true single voxel detections
[7m*+ WARNING:[0m Smallest FDR q [31 HealthyGtUnhealthyPmod_Fstat] = 0.16894 ==> few true single voxel detections
 + Added 21 FDR curves to dataset CHIVES1071_2CondPmod_stats_REML+tlrc
++ Output dataset ./CHIVES1071_2CondPmod_stats_REML+tlrc.BRIK
 + unloading input dataset and REML matrices
++ 3dREMLfit is all done! total CPU=0.00 Elapsed=87.19
** AFNI converts NIFTI_datatype=4 (INT16) in file /projects/sanlab/shared/CHIVES/bids_data/derivatives/fmriprep/sub-CHIVES1071/ses-wave1/func/s6_sub-CHIVES1071_ses-wave1_task-money_bold_space-MNI152NLin2009cAsym_preproc.nii to FLOAT32
     Warnings of this type will be muted for this session.
     Set AFNI_NIFTI_TYPE_WARN to YES to see them all, NO to see none.
++ '-stim_times_AM1 3 /projects/sanlab/shared/CHIVES/CHIVES_WTP_scripts/behavioral/money/afni_timing_files/CHIVES1071/BidOnsDur.1D' has 1 auxiliary values per time point
++ '-stim_times_AM1 3': basis function model 'dmBLOCK(1)' uses 1 parameters,
    out of the 1 found in timing file '/projects/sanlab/shared/CHIVES/CHIVES_WTP_scripts/behavioral/money/afni_timing_files/CHIVES1071/BidOnsDur.1D'
++ 3dDeconvolve extending num_stimts from 3 to 7 due to -ortvec
++ 3dDeconvolve: AFNI version=AFNI_18.2.04 (Jul  6 2018) [64-bit]
++ Authored by: B. Douglas Ward, et al.
++ current memory malloc-ated = 265,657 bytes (about 266 thousand [kilo])
++ loading dataset /projects/sanlab/shared/CHIVES/bids_data/derivatives/fmriprep/sub-CHIVES1071/ses-wave1/func/s6_sub-CHIVES1071_ses-wave1_task-money_bold_space-MNI152NLin2009cAsym_preproc.nii
++ current memory malloc-ated = 1,545,414,517 bytes (about 1.5 billion [giga])
++ forcibly using TR=2.0000 seconds for -input dataset
++ Skipping check for initial transients
++ Imaging duration=714.0 s; Automatic polort=5
++ -stim_times using TR=2 s for stimulus timing conversion
++ -stim_times using TR=2 s for any -iresp output datasets
++  [you can alter the -iresp TR via the -TR_times option]
++ ** -stim_times NOTE ** guessing GLOBAL times if 1 time per line; LOCAL otherwise
++ ** GUESSED ** -stim_times 1 using LOCAL times
++ ** GUESSED ** -stim_times 2 using LOCAL times
++ ** GUESSED ** -stim_times_AM1 3 using LOCAL times
------------------------------------------------------------
GLT matrix from 'SYM: Healthy':
   0   0   0   0   0   0   1   0   0   0   0   0   0 
 
------------------------------------------------------------
GLT matrix from 'SYM: Unhealthy':
   0   0   0   0   0   0   0   1   0   0   0   0   0 
 
------------------------------------------------------------
GLT matrix from 'SYM: Healthy -Unhealthy':
   0   0   0   0   0   0   1  -1   0   0   0   0   0 
 
++ Number of time points: 357 (no censoring)
 + Number of parameters:  13 [10 baseline ; 3 signal]
++ total shared memory needed = 3,172,526,620 bytes (about 3.2 billion [giga])
++ current memory malloc-ated = 1,546,542,489 bytes (about 1.5 billion [giga])
++ mmap() memory allocated: 3,172,526,620 bytes (about 3.2 billion [giga])
++ Memory required for output bricks = 3,172,526,620 bytes (about 3.2 billion [giga])
++ Wrote matrix values to file CHIVES1071_2Cond_xmat.1D
++ ========= Things you can do with the matrix file =========
++ (a) Linear regression with ARMA(1,1) modeling of serial correlation:

3dREMLfit -matrix CHIVES1071_2Cond_xmat.1D -input /projects/sanlab/shared/CHIVES/bids_data/derivatives/fmriprep/sub-CHIVES1071/ses-wave1/func/s6_sub-CHIVES1071_ses-wave1_task-money_bold_space-MNI152NLin2009cAsym_preproc.nii \
 -mask /projects/sanlab/shared/CHIVES/bids_data/derivatives/fmriprep/sub-CHIVES1071/ses-wave1/func/sub-CHIVES1071_ses-wave1_task-money_bold_space-MNI152NLin2009cAsym_brainmask.nii.gz \
 -fout -tout -Rbuck CHIVES1071_2Cond_stats_REML -Rvar CHIVES1071_2Cond_stats_REMLvar \
 -Rfitts CHIVES1071_2Cond_REML -Rerrts CHIVES1071_2Cond_REML -verb
 
++ N.B.: 3dREMLfit command above written to file CHIVES1071_2Cond_stats.REML_cmd
++ (b) Visualization/analysis of the matrix via ExamineXmat.R
++ (c) Synthesis of sub-model datasets using 3dSynthesize
++ ==========================================================
++ Wrote matrix values to file CHIVES1071_2Cond_uncensor_xmat.1D
++ ----- Signal+Baseline matrix condition [X] (357x13):  4.05514  ++ VERY GOOD ++
++ ----- Signal-only matrix condition [X] (357x3):  1.57761  ++ VERY GOOD ++
++ ----- Baseline-only matrix condition [X] (357x10):  4.03365  ++ VERY GOOD ++
++ ----- stim_base-only matrix condition [X] (357x4):  1.84727  ++ VERY GOOD ++
++ ----- polort-only matrix condition [X] (357x6):  1.01526  ++ VERY GOOD ++
++ +++++ Matrix inverse average error = 1.44765e-15  ++ VERY GOOD ++
++ Matrix setup time = 0.02 s
++ Voxels in dataset: 1082035
++ Voxels in mask:    268670
++ Voxels per job:    13433
++ Job #1: processing voxels 181657 to 238273; elapsed time=4.787
++ Job #2: processing voxels 238274 to 284435; elapsed time=4.806
++ Job #3: processing voxels 284436 to 320258; elapsed time=4.828
++ Job #4: processing voxels 320259 to 352239; elapsed time=4.848
++ Job #5: processing voxels 352240 to 382777; elapsed time=4.870
++ Job #6: processing voxels 382778 to 408793; elapsed time=4.892
++ Job #7: processing voxels 408794 to 438220; elapsed time=4.915
++ Job #8: processing voxels 438221 to 463894; elapsed time=4.938
++ Job #9: processing voxels 463895 to 493106; elapsed time=4.962
++ Job #10: processing voxels 493107 to 519105; elapsed time=4.985
++ Job #11: processing voxels 519106 to 548987; elapsed time=5.009
++ Job #12: processing voxels 548988 to 575675; elapsed time=5.033
++ Job #13: processing voxels 575676 to 607052; elapsed time=5.071
++ Job #14: processing voxels 607053 to 639371; elapsed time=5.081
++ Job #15: processing voxels 639372 to 672942; elapsed time=5.127
++ Job #16: processing voxels 672943 to 708157; elapsed time=5.130
++ Job #17: processing voxels 708158 to 751480; elapsed time=5.155
++ Job #18: processing voxels 751481 to 799711; elapsed time=5.194
++ Job #19: processing voxels 799712 to 1082034; elapsed time=5.205
++ Job #0: processing voxels 0 to 181656; elapsed time=5.215
++ voxel loop:0123456789.0123456789.0123456789.01234567++ Job #2 finished; elapsed time=5.739
89.++ Job #4 finished; elapsed time=5.765
++ Job #5 finished; elapsed time=5.794
++ Job #6 finished; elapsed time=5.806
0++ Job #7 finished; elapsed time=5.837
++ Job #8 finished; elapsed time=5.845
12++ Job #9 finished; elapsed time=5.876
++ Job #10 finished; elapsed time=5.889
3++ Job #12 finished; elapsed time=5.936
++ Job #14 finished; elapsed time=5.987
456++ Job #16 finished; elapsed time=6.044
++ Job #3 finished; elapsed time=6.065
++ Job #17 finished; elapsed time=6.070
++ Job #1 finished; elapsed time=6.076
789.
++ Job #0 waiting for children to finish; elapsed time=6.160
++ Job #19 finished; elapsed time=6.173
++ Job #11 finished; elapsed time=6.319
++ Job #15 finished; elapsed time=6.370
++ Job #13 finished; elapsed time=6.379
++ Job #18 finished; elapsed time=6.426
++ Job #0 now finishing up; elapsed time=6.443
++ Smallest FDR q [0 Full_Fstat] = 8.32336e-15
++ Smallest FDR q [2 Healthy#0_Tstat] = 2.80027e-14
++ Smallest FDR q [3 Healthy_Fstat] = 2.80003e-14
++ Smallest FDR q [5 Unhealthy#0_Tstat] = 2.77978e-14
++ Smallest FDR q [6 Unhealthy_Fstat] = 2.7799e-14
++ Smallest FDR q [8 BidsNMiss#0_Tstat] = 5.72699e-14
++ Smallest FDR q [9 BidsNMiss_Fstat] = 5.72714e-14
++ Smallest FDR q [11 HealthyGtRest_GLT#0_Tstat] = 2.80027e-14
++ Smallest FDR q [12 HealthyGtRest_GLT_Fstat] = 2.80008e-14
++ Smallest FDR q [14 UnhealthyGtRest_GLT#0_Tstat] = 2.77978e-14
++ Smallest FDR q [15 UnhealthyGtRest_GLT_Fstat] = 2.7799e-14
++ Smallest FDR q [17 HealthyGtUnhealthy_GLT#0_Tstat] = 0.000567112
++ Smallest FDR q [18 HealthyGtUnhealthy_GLT_Fstat] = 0.000567106
++ Wrote bucket dataset into ./CHIVES1071_2Cond_stats+tlrc.BRIK
 + created 13 FDR curves in bucket header
++ Wrote 3D+time dataset into ./CHIVES1071_2Cond+tlrc.BRIK
++ Wrote 3D+time dataset into ./CHIVES1071_2Cond+tlrc.BRIK
++ Program finished; elapsed time=25.409
++ 3dREMLfit: AFNI version=AFNI_18.2.04 (Jul  6 2018) [64-bit]
++ Authored by: RWCox
** AFNI converts NIFTI_datatype=4 (INT16) in file /projects/sanlab/shared/CHIVES/bids_data/derivatives/fmriprep/sub-CHIVES1071/ses-wave1/func/s6_sub-CHIVES1071_ses-wave1_task-money_bold_space-MNI152NLin2009cAsym_preproc.nii to FLOAT32
     Warnings of this type will be muted for this session.
     Set AFNI_NIFTI_TYPE_WARN to YES to see them all, NO to see none.
++ Number of voxels in mask = 268670
++ Number of OpenMP threads = 15
++ -----  matrix condition (357x13):  4.05514  ++ VERY GOOD ++
++ Loading input dataset into memory
++ Converting input dataset to vector image
 +  dataset = 1.5 billion [giga] bytes
 +  vectim  = 385 million [mega] bytes
++ starting REML setup calculations; total CPU=0.00 Elapsed=4.42
 + X matrix: 94.656% of elements are nonzero
 + starting 15 OpenMP threads for REML setup
 + REML setup finished: matrix rows=357 cols=13; 109*1 cases; total CPU=0.00 Elapsed=4.42
 +  average case bandwidth = 13.00
++ REML voxel loop: [15 threads]0123456789.012
 + ARMA voxel parameters estimated: total CPU=0.00 Elapsed=20.40
++ GLSQ loop:0123456789.0123456789.0123456789.0123456789.0123456789.
 + GLSQ regression done: total CPU=0.00 Elapsed=48.67
++ Output dataset ./CHIVES1071_2Cond_stats_REMLvar+tlrc.BRIK
++ Output dataset ./CHIVES1071_2Cond_REML+tlrc.BRIK
[7m** ERROR:[0m output dataset name 'CHIVES1071_2Cond_REML' conflicts with existing file
[7m** ERROR:[0m dataset NOT written to disk!
++ creating FDR curves in dataset CHIVES1071_2Cond_stats_REML+tlrc
++ Smallest FDR q [0 Full_Fstat] = 9.32516e-15
++ Smallest FDR q [2 Healthy#0_Tstat] = 4.66921e-14
++ Smallest FDR q [3 Healthy_Fstat] = 4.66921e-14
++ Smallest FDR q [5 Unhealthy#0_Tstat] = 4.32177e-14
++ Smallest FDR q [6 Unhealthy_Fstat] = 4.32177e-14
++ Smallest FDR q [8 BidsNMiss#0_Tstat] = 5.06375e-14
++ Smallest FDR q [9 BidsNMiss_Fstat] = 5.06375e-14
++ Smallest FDR q [11 HealthyGtRest#0_Tstat] = 4.66921e-14
++ Smallest FDR q [12 HealthyGtRest_Fstat] = 4.66921e-14
++ Smallest FDR q [14 UnhealthyGtRest#0_Tstat] = 4.32177e-14
++ Smallest FDR q [15 UnhealthyGtRest_Fstat] = 4.32177e-14
++ Smallest FDR q [17 HealthyGtUnhealthy#0_Tstat] = 0.0505232
++ Smallest FDR q [18 HealthyGtUnhealthy_Fstat] = 0.0505233
 + Added 13 FDR curves to dataset CHIVES1071_2Cond_stats_REML+tlrc
++ Output dataset ./CHIVES1071_2Cond_stats_REML+tlrc.BRIK
 + unloading input dataset and REML matrices
++ 3dREMLfit is all done! total CPU=0.00 Elapsed=66.83
