** AFNI converts NIFTI_datatype=4 (INT16) in file /projects/sanlab/shared/CHIVES/bids_data/derivatives/fmriprep/sub-CHIVES1066/ses-wave1/func/s6_sub-CHIVES1066_ses-wave1_task-money_bold_space-MNI152NLin2009cAsym_preproc.nii to FLOAT32
     Warnings of this type will be muted for this session.
     Set AFNI_NIFTI_TYPE_WARN to YES to see them all, NO to see none.
++ '-stim_times_AM2 1 /projects/sanlab/shared/CHIVES/CHIVES_WTP_scripts/behavioral/money/afni_timing_files/CHIVES1066/AllCondsPmod.1D' has 1 auxiliary values per time point
++ '-stim_times_AM2 1 /projects/sanlab/shared/CHIVES/CHIVES_WTP_scripts/behavioral/money/afni_timing_files/CHIVES1066/AllCondsPmod.1D' will have 2 regressors
++ '-stim_times_AM1 2 /projects/sanlab/shared/CHIVES/CHIVES_WTP_scripts/behavioral/money/afni_timing_files/CHIVES1066/BidOnsDur.1D' has 1 auxiliary values per time point
++ '-stim_times_AM1 2': basis function model 'dmBLOCK(1)' uses 1 parameters,
    out of the 1 found in timing file '/projects/sanlab/shared/CHIVES/CHIVES_WTP_scripts/behavioral/money/afni_timing_files/CHIVES1066/BidOnsDur.1D'
++ 3dDeconvolve extending num_stimts from 2 to 6 due to -ortvec
++ 3dDeconvolve: AFNI version=AFNI_18.2.04 (Jul  6 2018) [64-bit]
++ Authored by: B. Douglas Ward, et al.
++ current memory malloc-ated = 260,017 bytes (about 260 thousand [kilo])
++ loading dataset /projects/sanlab/shared/CHIVES/bids_data/derivatives/fmriprep/sub-CHIVES1066/ses-wave1/func/s6_sub-CHIVES1066_ses-wave1_task-money_bold_space-MNI152NLin2009cAsym_preproc.nii
++ current memory malloc-ated = 1,545,408,877 bytes (about 1.5 billion [giga])
++ forcibly using TR=2.0000 seconds for -input dataset
++ Skipping check for initial transients
++ Imaging duration=714.0 s; Automatic polort=5
++ -stim_times using TR=2 s for stimulus timing conversion
++ -stim_times using TR=2 s for any -iresp output datasets
++  [you can alter the -iresp TR via the -TR_times option]
++ ** -stim_times NOTE ** guessing GLOBAL times if 1 time per line; LOCAL otherwise
++ ** GUESSED ** -stim_times_AM2 1 using LOCAL times
++ '-stim_times_AM2 1' average amplitude#1=1.16102
++ ** GUESSED ** -stim_times_AM1 2 using LOCAL times
------------------------------------------------------------
GLT matrix from 'SYM: AllConds[0]':
   0   0   0   0   0   0   1   0   0   0   0   0   0 
 
------------------------------------------------------------
GLT matrix from 'SYM: AllConds[1]':
   0   0   0   0   0   0   0   1   0   0   0   0   0 
 
++ Number of time points: 357 (before censor) ; 355 (after)
 + Number of parameters:  13 [10 baseline ; 3 signal]
++ total shared memory needed = 3,155,214,060 bytes (about 3.2 billion [giga])
++ current memory malloc-ated = 1,546,536,818 bytes (about 1.5 billion [giga])
++ mmap() memory allocated: 3,155,214,060 bytes (about 3.2 billion [giga])
++ Memory required for output bricks = 3,155,214,060 bytes (about 3.2 billion [giga])
++ Wrote matrix values to file CHIVES1066_AllCondPmod_xmat.1D
++ ========= Things you can do with the matrix file =========
++ (a) Linear regression with ARMA(1,1) modeling of serial correlation:

3dREMLfit -matrix CHIVES1066_AllCondPmod_xmat.1D -input /projects/sanlab/shared/CHIVES/bids_data/derivatives/fmriprep/sub-CHIVES1066/ses-wave1/func/s6_sub-CHIVES1066_ses-wave1_task-money_bold_space-MNI152NLin2009cAsym_preproc.nii \
 -mask /projects/sanlab/shared/CHIVES/bids_data/derivatives/fmriprep/sub-CHIVES1066/ses-wave1/func/sub-CHIVES1066_ses-wave1_task-money_bold_space-MNI152NLin2009cAsym_brainmask.nii.gz \
 -fout -tout -Rbuck CHIVES1066_AllCondPmod_stats_REML -Rvar CHIVES1066_AllCondPmod_stats_REMLvar \
 -Rfitts CHIVES1066_AllCondPmod_REML -Rerrts CHIVES1066_AllCondPmod_REML -verb
 
++ N.B.: 3dREMLfit command above written to file CHIVES1066_AllCondPmod_stats.REML_cmd
++ (b) Visualization/analysis of the matrix via ExamineXmat.R
++ (c) Synthesis of sub-model datasets using 3dSynthesize
++ ==========================================================
++ Wrote matrix values to file CHIVES1066_AllCondPmod_uncensor_xmat.1D
++ ----- Signal+Baseline matrix condition [X] (355x13):  2.14741  ++ VERY GOOD ++
++ ----- Signal-only matrix condition [X] (355x3):  1.60551  ++ VERY GOOD ++
++ ----- Baseline-only matrix condition [X] (355x10):  2.06983  ++ VERY GOOD ++
++ ----- stim_base-only matrix condition [X] (355x4):  1.46047  ++ VERY GOOD ++
++ ----- polort-only matrix condition [X] (355x6):  1.01891  ++ VERY GOOD ++
++ +++++ Matrix inverse average error = 6.44347e-16  ++ VERY GOOD ++
++ Matrix setup time = 0.02 s
++ Voxels in dataset: 1082035
++ Voxels in mask:    269674
++ Voxels per job:    13483
++ Job #1: processing voxels 172117 to 229374; elapsed time=4.452
++ Job #2: processing voxels 229375 to 280869; elapsed time=4.472
++ Job #3: processing voxels 280870 to 316358; elapsed time=4.493
++ Job #4: processing voxels 316359 to 348194; elapsed time=4.514
++ Job #5: processing voxels 348195 to 375035; elapsed time=4.536
++ Job #6: processing voxels 375036 to 404958; elapsed time=4.558
++ Job #7: processing voxels 404959 to 430725; elapsed time=4.581
++ Job #8: processing voxels 430726 to 459910; elapsed time=4.604
++ Job #9: processing voxels 459911 to 485712; elapsed time=4.628
++ Job #10: processing voxels 485713 to 515030; elapsed time=4.651
++ Job #11: processing voxels 515031 to 541502; elapsed time=4.675
++ Job #12: processing voxels 541503 to 572046; elapsed time=4.700
++ Job #13: processing voxels 572047 to 599219; elapsed time=4.738
++ Job #14: processing voxels 599220 to 631138; elapsed time=4.749
++ Job #15: processing voxels 631139 to 664476; elapsed time=4.774
++ Job #16: processing voxels 664477 to 699594; elapsed time=4.811
++ Job #17: processing voxels 699595 to 741988; elapsed time=4.841
++ Job #18: processing voxels 741989 to 795938; elapsed time=4.866
++ Job #19: processing voxels 795939 to 1082034; elapsed time=4.878
++ Job #0: processing voxels 0 to 172116; elapsed time=4.888
++ voxel loop:0123456789.0123456789.0123456789.012345++ Job #2 finished; elapsed time=5.271
678++ Job #4 finished; elapsed time=5.311
9.++ Job #6 finished; elapsed time=5.354
012++ Job #8 finished; elapsed time=5.401
++ Job #7 finished; elapsed time=5.410
++ Job #10 finished; elapsed time=5.444
++ Job #9 finished; elapsed time=5.446
345++ Job #12 finished; elapsed time=5.493
++ Job #14 finished; elapsed time=5.536
6++ Job #15 finished; elapsed time=5.567
78++ Job #1 finished; elapsed time=5.599
++ Job #13 finished; elapsed time=5.599
++ Job #16 finished; elapsed time=5.603
++ Job #3 finished; elapsed time=5.649
9.
++ Job #0 waiting for children to finish; elapsed time=5.664
++ Job #5 finished; elapsed time=5.684
++ Job #19 finished; elapsed time=5.694
++ Job #11 finished; elapsed time=5.812
++ Job #17 finished; elapsed time=5.947
++ Job #18 finished; elapsed time=5.975
++ Job #0 now finishing up; elapsed time=5.994
++ Smallest FDR q [0 Full_Fstat] = 3.13306e-14
++ Smallest FDR q [2 AllConds#0_Tstat] = 8.61675e-14
++ Smallest FDR q [4 AllConds#1_Tstat] = 0.00705758
++ Smallest FDR q [5 AllConds_Fstat] = 9.42287e-14
++ Smallest FDR q [7 BidsNMiss#0_Tstat] = 2.28462e-13
++ Smallest FDR q [8 BidsNMiss_Fstat] = 2.28462e-13
++ Smallest FDR q [10 CondGtRest_GLT#0_Tstat] = 8.61675e-14
++ Smallest FDR q [11 CondGtRest_GLT_Fstat] = 8.61625e-14
++ Smallest FDR q [13 Pmod_GLT#0_Tstat] = 0.00705758
++ Smallest FDR q [14 Pmod_GLT_Fstat] = 0.00705792
++ Wrote bucket dataset into ./CHIVES1066_AllCondPmod_stats+tlrc.BRIK
 + created 10 FDR curves in bucket header
++ Wrote 3D+time dataset into ./CHIVES1066_AllCondPmod+tlrc.BRIK
++ Wrote 3D+time dataset into ./CHIVES1066_AllCondPmod+tlrc.BRIK
++ Program finished; elapsed time=22.766
++ 3dREMLfit: AFNI version=AFNI_18.2.04 (Jul  6 2018) [64-bit]
++ Authored by: RWCox
** AFNI converts NIFTI_datatype=4 (INT16) in file /projects/sanlab/shared/CHIVES/bids_data/derivatives/fmriprep/sub-CHIVES1066/ses-wave1/func/s6_sub-CHIVES1066_ses-wave1_task-money_bold_space-MNI152NLin2009cAsym_preproc.nii to FLOAT32
     Warnings of this type will be muted for this session.
     Set AFNI_NIFTI_TYPE_WARN to YES to see them all, NO to see none.
++ Number of voxels in mask = 269674
++ Number of OpenMP threads = 15
++ -----  matrix condition (355x13):  2.14741  ++ VERY GOOD ++
++ Loading input dataset into memory
++ Converting input dataset to vector image
 +  dataset = 1.5 billion [giga] bytes
 +  vectim  = 386 million [mega] bytes
++ starting REML setup calculations; total CPU=0.00 Elapsed=4.22
 + X matrix: 99.437% of elements are nonzero
 + starting 15 OpenMP threads for REML setup
 + REML setup finished: matrix rows=355 cols=13; 109*1 cases; total CPU=0.00 Elapsed=4.22
 +  average case bandwidth = 12.94
++ REML voxel loop: [15 threads]0123456789.012
 + ARMA voxel parameters estimated: total CPU=0.00 Elapsed=21.16
++ GLSQ loop:0123456789.0123456789.0123456789.0123456789.0123456789.
 + GLSQ regression done: total CPU=0.00 Elapsed=46.68
++ Output dataset ./CHIVES1066_AllCondPmod_stats_REMLvar+tlrc.BRIK
++ Output dataset ./CHIVES1066_AllCondPmod_REML+tlrc.BRIK
[7m** ERROR:[0m output dataset name 'CHIVES1066_AllCondPmod_REML' conflicts with existing file
[7m** ERROR:[0m dataset NOT written to disk!
++ creating FDR curves in dataset CHIVES1066_AllCondPmod_stats_REML+tlrc
++ Smallest FDR q [0 Full_Fstat] = 5.91867e-14
++ Smallest FDR q [2 AllConds#0_Tstat] = 1.23279e-13
++ Smallest FDR q [4 AllConds#1_Tstat] = 0.0957492
++ Smallest FDR q [5 AllConds_Fstat] = 1.7061e-13
++ Smallest FDR q [7 BidsNMiss#0_Tstat] = 3.30849e-13
++ Smallest FDR q [8 BidsNMiss_Fstat] = 3.30849e-13
++ Smallest FDR q [10 CondGtRest#0_Tstat] = 1.23279e-13
++ Smallest FDR q [11 CondGtRest_Fstat] = 1.23279e-13
++ Smallest FDR q [13 Pmod#0_Tstat] = 0.0957492
++ Smallest FDR q [14 Pmod_Fstat] = 0.0957491
 + Added 10 FDR curves to dataset CHIVES1066_AllCondPmod_stats_REML+tlrc
++ Output dataset ./CHIVES1066_AllCondPmod_stats_REML+tlrc.BRIK
 + unloading input dataset and REML matrices
++ 3dREMLfit is all done! total CPU=0.00 Elapsed=62.04
** AFNI converts NIFTI_datatype=4 (INT16) in file /projects/sanlab/shared/CHIVES/bids_data/derivatives/fmriprep/sub-CHIVES1066/ses-wave1/func/s6_sub-CHIVES1066_ses-wave1_task-money_bold_space-MNI152NLin2009cAsym_preproc.nii to FLOAT32
     Warnings of this type will be muted for this session.
     Set AFNI_NIFTI_TYPE_WARN to YES to see them all, NO to see none.
++ '-stim_times_AM2 1 /projects/sanlab/shared/CHIVES/CHIVES_WTP_scripts/behavioral/money/afni_timing_files/CHIVES1066/HealthyPmod.1D' has 1 auxiliary values per time point
++ '-stim_times_AM2 1 /projects/sanlab/shared/CHIVES/CHIVES_WTP_scripts/behavioral/money/afni_timing_files/CHIVES1066/HealthyPmod.1D' will have 2 regressors
++ '-stim_times_AM2 2 /projects/sanlab/shared/CHIVES/CHIVES_WTP_scripts/behavioral/money/afni_timing_files/CHIVES1066/UnhealthyPmod.1D' has 1 auxiliary values per time point
++ '-stim_times_AM2 2 /projects/sanlab/shared/CHIVES/CHIVES_WTP_scripts/behavioral/money/afni_timing_files/CHIVES1066/UnhealthyPmod.1D' will have 2 regressors
++ '-stim_times_AM1 3 /projects/sanlab/shared/CHIVES/CHIVES_WTP_scripts/behavioral/money/afni_timing_files/CHIVES1066/BidOnsDur.1D' has 1 auxiliary values per time point
++ '-stim_times_AM1 3': basis function model 'dmBLOCK(1)' uses 1 parameters,
    out of the 1 found in timing file '/projects/sanlab/shared/CHIVES/CHIVES_WTP_scripts/behavioral/money/afni_timing_files/CHIVES1066/BidOnsDur.1D'
++ 3dDeconvolve extending num_stimts from 3 to 7 due to -ortvec
++ 3dDeconvolve: AFNI version=AFNI_18.2.04 (Jul  6 2018) [64-bit]
++ Authored by: B. Douglas Ward, et al.
++ current memory malloc-ated = 287,283 bytes (about 287 thousand [kilo])
++ loading dataset /projects/sanlab/shared/CHIVES/bids_data/derivatives/fmriprep/sub-CHIVES1066/ses-wave1/func/s6_sub-CHIVES1066_ses-wave1_task-money_bold_space-MNI152NLin2009cAsym_preproc.nii
++ current memory malloc-ated = 1,545,436,143 bytes (about 1.5 billion [giga])
++ forcibly using TR=2.0000 seconds for -input dataset
++ Skipping check for initial transients
++ Imaging duration=714.0 s; Automatic polort=5
++ -stim_times using TR=2 s for stimulus timing conversion
++ -stim_times using TR=2 s for any -iresp output datasets
++  [you can alter the -iresp TR via the -TR_times option]
++ ** -stim_times NOTE ** guessing GLOBAL times if 1 time per line; LOCAL otherwise
++ ** GUESSED ** -stim_times_AM2 1 using LOCAL times
++ '-stim_times_AM2 1' average amplitude#1=1.58333
++ ** GUESSED ** -stim_times_AM2 2 using LOCAL times
++ '-stim_times_AM2 2' average amplitude#1=0.724138
++ ** GUESSED ** -stim_times_AM1 3 using LOCAL times
------------------------------------------------------------
GLT matrix from 'SYM: HealthyPmod[0]':
   0   0   0   0   0   0   1   0   0   0   0   0   0   0   0 
 
------------------------------------------------------------
GLT matrix from 'SYM: HealthyPmod[1]':
   0   0   0   0   0   0   0   1   0   0   0   0   0   0   0 
 
------------------------------------------------------------
GLT matrix from 'SYM: UnhealthyPmod[0]':
   0   0   0   0   0   0   0   0   1   0   0   0   0   0   0 
 
------------------------------------------------------------
GLT matrix from 'SYM: UnhealthyPmod[1]':
   0   0   0   0   0   0   0   0   0   1   0   0   0   0   0 
 
------------------------------------------------------------
GLT matrix from 'SYM: HealthyPmod[0] -UnhealthyPmod[0]':
   0   0   0   0   0   0   1   0  -1   0   0   0   0   0   0 
 
------------------------------------------------------------
GLT matrix from 'SYM: HealthyPmod[1] -UnhealthyPmod[1]':
   0   0   0   0   0   0   0   1   0  -1   0   0   0   0   0 
 
++ Number of time points: 357 (before censor) ; 355 (after)
 + Number of parameters:  15 [10 baseline ; 5 signal]
++ total shared memory needed = 3,228,792,440 bytes (about 3.2 billion [giga])
++ current memory malloc-ated = 1,546,568,652 bytes (about 1.5 billion [giga])
++ mmap() memory allocated: 3,228,792,440 bytes (about 3.2 billion [giga])
++ Memory required for output bricks = 3,228,792,440 bytes (about 3.2 billion [giga])
++ Wrote matrix values to file CHIVES1066_2CondPmod_xmat.1D
++ ========= Things you can do with the matrix file =========
++ (a) Linear regression with ARMA(1,1) modeling of serial correlation:

3dREMLfit -matrix CHIVES1066_2CondPmod_xmat.1D -input /projects/sanlab/shared/CHIVES/bids_data/derivatives/fmriprep/sub-CHIVES1066/ses-wave1/func/s6_sub-CHIVES1066_ses-wave1_task-money_bold_space-MNI152NLin2009cAsym_preproc.nii \
 -mask /projects/sanlab/shared/CHIVES/bids_data/derivatives/fmriprep/sub-CHIVES1066/ses-wave1/func/sub-CHIVES1066_ses-wave1_task-money_bold_space-MNI152NLin2009cAsym_brainmask.nii.gz \
 -fout -tout -Rbuck CHIVES1066_2CondPmod_stats_REML -Rvar CHIVES1066_2CondPmod_stats_REMLvar \
 -Rfitts CHIVES1066_2CondPmod_REML -Rerrts CHIVES1066_2CondPmod_REML -verb
 
++ N.B.: 3dREMLfit command above written to file CHIVES1066_2CondPmod_stats.REML_cmd
++ (b) Visualization/analysis of the matrix via ExamineXmat.R
++ (c) Synthesis of sub-model datasets using 3dSynthesize
++ ==========================================================
++ Wrote matrix values to file CHIVES1066_2CondPmod_uncensor_xmat.1D
++ ----- Signal+Baseline matrix condition [X] (355x15):  2.15364  ++ VERY GOOD ++
++ ----- Signal-only matrix condition [X] (355x5):  1.6058  ++ VERY GOOD ++
++ ----- Baseline-only matrix condition [X] (355x10):  2.06983  ++ VERY GOOD ++
++ ----- stim_base-only matrix condition [X] (355x4):  1.46047  ++ VERY GOOD ++
++ ----- polort-only matrix condition [X] (355x6):  1.01891  ++ VERY GOOD ++
++ +++++ Matrix inverse average error = 5.37784e-16  ++ VERY GOOD ++
++ Matrix setup time = 0.02 s
++ Voxels in dataset: 1082035
++ Voxels in mask:    269674
++ Voxels per job:    13483
++ Job #1: processing voxels 172117 to 229374; elapsed time=4.344
++ Job #2: processing voxels 229375 to 280869; elapsed time=4.364
++ Job #3: processing voxels 280870 to 316358; elapsed time=4.387
++ Job #4: processing voxels 316359 to 348194; elapsed time=4.408
++ Job #5: processing voxels 348195 to 375035; elapsed time=4.429
++ Job #6: processing voxels 375036 to 404958; elapsed time=4.453
++ Job #7: processing voxels 404959 to 430725; elapsed time=4.477
++ Job #8: processing voxels 430726 to 459910; elapsed time=4.500
++ Job #9: processing voxels 459911 to 485712; elapsed time=4.524
++ Job #10: processing voxels 485713 to 515030; elapsed time=4.547
++ Job #11: processing voxels 515031 to 541502; elapsed time=4.572
++ Job #12: processing voxels 541503 to 572046; elapsed time=4.596
++ Job #13: processing voxels 572047 to 599219; elapsed time=4.630
++ Job #14: processing voxels 599220 to 631138; elapsed time=4.646
++ Job #15: processing voxels 631139 to 664476; elapsed time=4.681
++ Job #16: processing voxels 664477 to 699594; elapsed time=4.706
++ Job #17: processing voxels 699595 to 741988; elapsed time=4.732
++ Job #18: processing voxels 741989 to 795938; elapsed time=4.763
++ Job #19: processing voxels 795939 to 1082034; elapsed time=4.774
++ Job #0: processing voxels 0 to 172116; elapsed time=4.784
++ voxel loop:0123456789.0123456789.0123456789.0123456789.01++ Job #2 finished; elapsed time=5.495
2++ Job #5 finished; elapsed time=5.548
++ Job #3 finished; elapsed time=5.558
++ Job #6 finished; elapsed time=5.572
++ Job #1 finished; elapsed time=5.590
++ Job #4 finished; elapsed time=5.603
3++ Job #8 finished; elapsed time=5.610
45++ Job #9 finished; elapsed time=5.659
++ Job #10 finished; elapsed time=5.663
++ Job #7 finished; elapsed time=5.680
++ Job #12 finished; elapsed time=5.711
++ Job #11 finished; elapsed time=5.715
6++ Job #13 finished; elapsed time=5.746
++ Job #14 finished; elapsed time=5.763
78++ Job #16 finished; elapsed time=5.827
++ Job #15 finished; elapsed time=5.841
9.
++ Job #0 waiting for children to finish; elapsed time=5.879
++ Job #17 finished; elapsed time=5.918
++ Job #19 finished; elapsed time=5.926
++ Job #18 finished; elapsed time=5.948
++ Job #0 now finishing up; elapsed time=5.967
++ Smallest FDR q [0 Full_Fstat] = 3.95011e-14
++ Smallest FDR q [2 HealthyPmod#0_Tstat] = 2.65951e-13
[7m*+ WARNING:[0m Smallest FDR q [4 HealthyPmod#1_Tstat] = 0.146593 ==> few true single voxel detections
++ Smallest FDR q [5 HealthyPmod_Fstat] = 4.42473e-13
++ Smallest FDR q [7 UnhealthyPmod#0_Tstat] = 1.84818e-13
++ Smallest FDR q [9 UnhealthyPmod#1_Tstat] = 0.0402025
++ Smallest FDR q [10 UnhealthyPmod_Fstat] = 2.22011e-13
++ Smallest FDR q [12 BidsNMiss#0_Tstat] = 2.23059e-13
++ Smallest FDR q [13 BidsNMiss_Fstat] = 2.23059e-13
++ Smallest FDR q [15 HealthyGtRest_GLT#0_Tstat] = 2.65951e-13
++ Smallest FDR q [16 HealthyGtRest_GLT_Fstat] = 2.65954e-13
[7m*+ WARNING:[0m Smallest FDR q [18 HealthyPmod_GLT#0_Tstat] = 0.146593 ==> few true single voxel detections
[7m*+ WARNING:[0m Smallest FDR q [19 HealthyPmod_GLT_Fstat] = 0.146159 ==> few true single voxel detections
++ Smallest FDR q [21 UnhealthyGtRest_GLT#0_Tstat] = 1.84818e-13
++ Smallest FDR q [22 UnhealthyGtRest_GLT_Fstat] = 1.84809e-13
++ Smallest FDR q [24 UnhealthyPmod_GLT#0_Tstat] = 0.0402025
++ Smallest FDR q [25 UnhealthyPmod_GLT_Fstat] = 0.0402021
++ Smallest FDR q [27 HealthyGtUnhealthy_GLT#0_Tstat] = 0.0143604
++ Smallest FDR q [28 HealthyGtUnhealthy_GLT_Fstat] = 0.0143618
[7m*+ WARNING:[0m Smallest FDR q [30 HealthyGtUnhealthyPmod_GLT#0_Tstat] = 0.975019 ==> few true single voxel detections
[7m*+ WARNING:[0m Smallest FDR q [31 HealthyGtUnhealthyPmod_GLT_Fstat] = 0.972536 ==> few true single voxel detections
++ Wrote bucket dataset into ./CHIVES1066_2CondPmod_stats+tlrc.BRIK
 + created 21 FDR curves in bucket header
++ Wrote 3D+time dataset into ./CHIVES1066_2CondPmod+tlrc.BRIK
++ Wrote 3D+time dataset into ./CHIVES1066_2CondPmod+tlrc.BRIK
++ Program finished; elapsed time=36.302
++ 3dREMLfit: AFNI version=AFNI_18.2.04 (Jul  6 2018) [64-bit]
++ Authored by: RWCox
** AFNI converts NIFTI_datatype=4 (INT16) in file /projects/sanlab/shared/CHIVES/bids_data/derivatives/fmriprep/sub-CHIVES1066/ses-wave1/func/s6_sub-CHIVES1066_ses-wave1_task-money_bold_space-MNI152NLin2009cAsym_preproc.nii to FLOAT32
     Warnings of this type will be muted for this session.
     Set AFNI_NIFTI_TYPE_WARN to YES to see them all, NO to see none.
++ Number of voxels in mask = 269674
++ Number of OpenMP threads = 15
++ -----  matrix condition (355x15):  2.15364  ++ VERY GOOD ++
++ Loading input dataset into memory
++ Converting input dataset to vector image
 +  dataset = 1.5 billion [giga] bytes
 +  vectim  = 386 million [mega] bytes
++ starting REML setup calculations; total CPU=0.00 Elapsed=4.21
 + X matrix: 90.873% of elements are nonzero
 + starting 15 OpenMP threads for REML setup
 + REML setup finished: matrix rows=355 cols=15; 109*1 cases; total CPU=0.00 Elapsed=4.22
 +  average case bandwidth = 12.94
++ REML voxel loop: [15 threads]0123456789.012
 + ARMA voxel parameters estimated: total CPU=0.00 Elapsed=21.61
++ GLSQ loop:0123456789.0123456789.0123456789.0123456789.0123456789.
 + GLSQ regression done: total CPU=0.00 Elapsed=59.52
++ Output dataset ./CHIVES1066_2CondPmod_stats_REMLvar+tlrc.BRIK
++ Output dataset ./CHIVES1066_2CondPmod_REML+tlrc.BRIK
[7m** ERROR:[0m output dataset name 'CHIVES1066_2CondPmod_REML' conflicts with existing file
[7m** ERROR:[0m dataset NOT written to disk!
++ creating FDR curves in dataset CHIVES1066_2CondPmod_stats_REML+tlrc
++ Smallest FDR q [0 Full_Fstat] = 8.49467e-14
++ Smallest FDR q [2 HealthyPmod#0_Tstat] = 1.52241e-12
[7m*+ WARNING:[0m Smallest FDR q [4 HealthyPmod#1_Tstat] = 0.999889 ==> few true single voxel detections
++ Smallest FDR q [5 HealthyPmod_Fstat] = 3.2629e-12
++ Smallest FDR q [7 UnhealthyPmod#0_Tstat] = 4.28239e-13
[7m*+ WARNING:[0m Smallest FDR q [9 UnhealthyPmod#1_Tstat] = 0.660347 ==> few true single voxel detections
++ Smallest FDR q [10 UnhealthyPmod_Fstat] = 5.78312e-13
++ Smallest FDR q [12 BidsNMiss#0_Tstat] = 3.3739e-13
++ Smallest FDR q [13 BidsNMiss_Fstat] = 3.3739e-13
++ Smallest FDR q [15 HealthyGtRest#0_Tstat] = 1.52241e-12
++ Smallest FDR q [16 HealthyGtRest_Fstat] = 1.52241e-12
[7m*+ WARNING:[0m Smallest FDR q [18 HealthyPmod#0_Tstat] = 0.999889 ==> few true single voxel detections
[7m*+ WARNING:[0m Smallest FDR q [19 HealthyPmod_Fstat] = 0.999889 ==> few true single voxel detections
++ Smallest FDR q [21 UnhealthyGtRest#0_Tstat] = 4.28239e-13
++ Smallest FDR q [22 UnhealthyGtRest_Fstat] = 4.28239e-13
[7m*+ WARNING:[0m Smallest FDR q [24 UnhealthyPmod#0_Tstat] = 0.660347 ==> few true single voxel detections
[7m*+ WARNING:[0m Smallest FDR q [25 UnhealthyPmod_Fstat] = 0.660346 ==> few true single voxel detections
[7m*+ WARNING:[0m Smallest FDR q [27 HealthyGtUnhealthy#0_Tstat] = 0.573997 ==> few true single voxel detections
[7m*+ WARNING:[0m Smallest FDR q [28 HealthyGtUnhealthy_Fstat] = 0.573997 ==> few true single voxel detections
[7m*+ WARNING:[0m Smallest FDR q [30 HealthyGtUnhealthyPmod#0_Tstat] = 0.999895 ==> few true single voxel detections
[7m*+ WARNING:[0m Smallest FDR q [31 HealthyGtUnhealthyPmod_Fstat] = 0.999895 ==> few true single voxel detections
 + Added 21 FDR curves to dataset CHIVES1066_2CondPmod_stats_REML+tlrc
++ Output dataset ./CHIVES1066_2CondPmod_stats_REML+tlrc.BRIK
 + unloading input dataset and REML matrices
++ 3dREMLfit is all done! total CPU=0.00 Elapsed=86.71
** AFNI converts NIFTI_datatype=4 (INT16) in file /projects/sanlab/shared/CHIVES/bids_data/derivatives/fmriprep/sub-CHIVES1066/ses-wave1/func/s6_sub-CHIVES1066_ses-wave1_task-money_bold_space-MNI152NLin2009cAsym_preproc.nii to FLOAT32
     Warnings of this type will be muted for this session.
     Set AFNI_NIFTI_TYPE_WARN to YES to see them all, NO to see none.
++ '-stim_times_AM1 3 /projects/sanlab/shared/CHIVES/CHIVES_WTP_scripts/behavioral/money/afni_timing_files/CHIVES1066/BidOnsDur.1D' has 1 auxiliary values per time point
++ '-stim_times_AM1 3': basis function model 'dmBLOCK(1)' uses 1 parameters,
    out of the 1 found in timing file '/projects/sanlab/shared/CHIVES/CHIVES_WTP_scripts/behavioral/money/afni_timing_files/CHIVES1066/BidOnsDur.1D'
++ 3dDeconvolve extending num_stimts from 3 to 7 due to -ortvec
++ 3dDeconvolve: AFNI version=AFNI_18.2.04 (Jul  6 2018) [64-bit]
++ Authored by: B. Douglas Ward, et al.
++ current memory malloc-ated = 271,043 bytes (about 271 thousand [kilo])
++ loading dataset /projects/sanlab/shared/CHIVES/bids_data/derivatives/fmriprep/sub-CHIVES1066/ses-wave1/func/s6_sub-CHIVES1066_ses-wave1_task-money_bold_space-MNI152NLin2009cAsym_preproc.nii
++ current memory malloc-ated = 1,545,419,903 bytes (about 1.5 billion [giga])
++ forcibly using TR=2.0000 seconds for -input dataset
++ Skipping check for initial transients
++ Imaging duration=714.0 s; Automatic polort=5
++ -stim_times using TR=2 s for stimulus timing conversion
++ -stim_times using TR=2 s for any -iresp output datasets
++  [you can alter the -iresp TR via the -TR_times option]
++ ** -stim_times NOTE ** guessing GLOBAL times if 1 time per line; LOCAL otherwise
++ ** GUESSED ** -stim_times 1 using LOCAL times
++ ** GUESSED ** -stim_times 2 using LOCAL times
++ ** GUESSED ** -stim_times_AM1 3 using LOCAL times
------------------------------------------------------------
GLT matrix from 'SYM: Healthy':
   0   0   0   0   0   0   1   0   0   0   0   0   0 
 
------------------------------------------------------------
GLT matrix from 'SYM: Unhealthy':
   0   0   0   0   0   0   0   1   0   0   0   0   0 
 
------------------------------------------------------------
GLT matrix from 'SYM: Healthy -Unhealthy':
   0   0   0   0   0   0   1  -1   0   0   0   0   0 
 
++ Number of time points: 357 (before censor) ; 355 (after)
 + Number of parameters:  13 [10 baseline ; 3 signal]
++ total shared memory needed = 3,172,526,620 bytes (about 3.2 billion [giga])
++ current memory malloc-ated = 1,546,547,882 bytes (about 1.5 billion [giga])
++ mmap() memory allocated: 3,172,526,620 bytes (about 3.2 billion [giga])
++ Memory required for output bricks = 3,172,526,620 bytes (about 3.2 billion [giga])
++ Wrote matrix values to file CHIVES1066_2Cond_xmat.1D
++ ========= Things you can do with the matrix file =========
++ (a) Linear regression with ARMA(1,1) modeling of serial correlation:

3dREMLfit -matrix CHIVES1066_2Cond_xmat.1D -input /projects/sanlab/shared/CHIVES/bids_data/derivatives/fmriprep/sub-CHIVES1066/ses-wave1/func/s6_sub-CHIVES1066_ses-wave1_task-money_bold_space-MNI152NLin2009cAsym_preproc.nii \
 -mask /projects/sanlab/shared/CHIVES/bids_data/derivatives/fmriprep/sub-CHIVES1066/ses-wave1/func/sub-CHIVES1066_ses-wave1_task-money_bold_space-MNI152NLin2009cAsym_brainmask.nii.gz \
 -fout -tout -Rbuck CHIVES1066_2Cond_stats_REML -Rvar CHIVES1066_2Cond_stats_REMLvar \
 -Rfitts CHIVES1066_2Cond_REML -Rerrts CHIVES1066_2Cond_REML -verb
 
++ N.B.: 3dREMLfit command above written to file CHIVES1066_2Cond_stats.REML_cmd
++ (b) Visualization/analysis of the matrix via ExamineXmat.R
++ (c) Synthesis of sub-model datasets using 3dSynthesize
++ ==========================================================
++ Wrote matrix values to file CHIVES1066_2Cond_uncensor_xmat.1D
++ ----- Signal+Baseline matrix condition [X] (355x13):  2.1398  ++ VERY GOOD ++
++ ----- Signal-only matrix condition [X] (355x3):  1.60556  ++ VERY GOOD ++
++ ----- Baseline-only matrix condition [X] (355x10):  2.06983  ++ VERY GOOD ++
++ ----- stim_base-only matrix condition [X] (355x4):  1.46047  ++ VERY GOOD ++
++ ----- polort-only matrix condition [X] (355x6):  1.01891  ++ VERY GOOD ++
++ +++++ Matrix inverse average error = 6.20331e-16  ++ VERY GOOD ++
++ Matrix setup time = 0.02 s
++ Voxels in dataset: 1082035
++ Voxels in mask:    269674
++ Voxels per job:    13483
++ Job #1: processing voxels 172117 to 229374; elapsed time=4.282
++ Job #2: processing voxels 229375 to 280869; elapsed time=4.301
++ Job #3: processing voxels 280870 to 316358; elapsed time=4.324
++ Job #4: processing voxels 316359 to 348194; elapsed time=4.344
++ Job #5: processing voxels 348195 to 375035; elapsed time=4.368
++ Job #6: processing voxels 375036 to 404958; elapsed time=4.389
++ Job #7: processing voxels 404959 to 430725; elapsed time=4.413
++ Job #8: processing voxels 430726 to 459910; elapsed time=4.435
++ Job #9: processing voxels 459911 to 485712; elapsed time=4.460
++ Job #10: processing voxels 485713 to 515030; elapsed time=4.483
++ Job #11: processing voxels 515031 to 541502; elapsed time=4.508
++ Job #12: processing voxels 541503 to 572046; elapsed time=4.532
++ Job #13: processing voxels 572047 to 599219; elapsed time=4.571
++ Job #14: processing voxels 599220 to 631138; elapsed time=4.582
++ Job #15: processing voxels 631139 to 664476; elapsed time=4.621
++ Job #16: processing voxels 664477 to 699594; elapsed time=4.646
++ Job #17: processing voxels 699595 to 741988; elapsed time=4.658
++ Job #18: processing voxels 741989 to 795938; elapsed time=4.697
++ Job #19: processing voxels 795939 to 1082034; elapsed time=4.708
++ Job #0: processing voxels 0 to 172116; elapsed time=4.718
++ voxel loop:0123456789.0123456789.0123456789.012345678++ Job #2 finished; elapsed time=5.204
9.++ Job #4 finished; elapsed time=5.240
01++ Job #6 finished; elapsed time=5.282
2++ Job #5 finished; elapsed time=5.302
++ Job #8 finished; elapsed time=5.323
3++ Job #10 finished; elapsed time=5.375
++ Job #9 finished; elapsed time=5.381
45++ Job #7 finished; elapsed time=5.387
++ Job #12 finished; elapsed time=5.424
++ Job #11 finished; elapsed time=5.428
++ Job #14 finished; elapsed time=5.473
678++ Job #17 finished; elapsed time=5.556
9.
++ Job #0 waiting for children to finish; elapsed time=5.594
++ Job #3 finished; elapsed time=5.595
++ Job #19 finished; elapsed time=5.633
++ Job #1 finished; elapsed time=5.649
++ Job #13 finished; elapsed time=5.818
++ Job #15 finished; elapsed time=5.870
++ Job #16 finished; elapsed time=5.954
++ Job #18 finished; elapsed time=5.982
++ Job #0 now finishing up; elapsed time=5.999
++ Smallest FDR q [0 Full_Fstat] = 3.37981e-14
++ Smallest FDR q [2 Healthy#0_Tstat] = 2.70512e-13
++ Smallest FDR q [3 Healthy_Fstat] = 2.70518e-13
++ Smallest FDR q [5 Unhealthy#0_Tstat] = 1.84369e-13
++ Smallest FDR q [6 Unhealthy_Fstat] = 1.84382e-13
++ Smallest FDR q [8 BidsNMiss#0_Tstat] = 2.30101e-13
++ Smallest FDR q [9 BidsNMiss_Fstat] = 2.30105e-13
++ Smallest FDR q [11 HealthyGtRest_GLT#0_Tstat] = 2.70512e-13
++ Smallest FDR q [12 HealthyGtRest_GLT_Fstat] = 2.70529e-13
++ Smallest FDR q [14 UnhealthyGtRest_GLT#0_Tstat] = 1.84369e-13
++ Smallest FDR q [15 UnhealthyGtRest_GLT_Fstat] = 1.84378e-13
++ Smallest FDR q [17 HealthyGtUnhealthy_GLT#0_Tstat] = 0.0310797
++ Smallest FDR q [18 HealthyGtUnhealthy_GLT_Fstat] = 0.0310818
++ Wrote bucket dataset into ./CHIVES1066_2Cond_stats+tlrc.BRIK
 + created 13 FDR curves in bucket header
++ Wrote 3D+time dataset into ./CHIVES1066_2Cond+tlrc.BRIK
++ Wrote 3D+time dataset into ./CHIVES1066_2Cond+tlrc.BRIK
++ Program finished; elapsed time=25.503
++ 3dREMLfit: AFNI version=AFNI_18.2.04 (Jul  6 2018) [64-bit]
++ Authored by: RWCox
** AFNI converts NIFTI_datatype=4 (INT16) in file /projects/sanlab/shared/CHIVES/bids_data/derivatives/fmriprep/sub-CHIVES1066/ses-wave1/func/s6_sub-CHIVES1066_ses-wave1_task-money_bold_space-MNI152NLin2009cAsym_preproc.nii to FLOAT32
     Warnings of this type will be muted for this session.
     Set AFNI_NIFTI_TYPE_WARN to YES to see them all, NO to see none.
++ Number of voxels in mask = 269674
++ Number of OpenMP threads = 15
++ -----  matrix condition (355x13):  2.1398  ++ VERY GOOD ++
++ Loading input dataset into memory
++ Converting input dataset to vector image
 +  dataset = 1.5 billion [giga] bytes
 +  vectim  = 386 million [mega] bytes
++ starting REML setup calculations; total CPU=0.00 Elapsed=4.37
 + X matrix: 94.670% of elements are nonzero
 + starting 15 OpenMP threads for REML setup
 + REML setup finished: matrix rows=355 cols=13; 109*1 cases; total CPU=0.00 Elapsed=4.38
 +  average case bandwidth = 12.94
++ REML voxel loop: [15 threads]0123456789.012
 + ARMA voxel parameters estimated: total CPU=0.00 Elapsed=21.07
++ GLSQ loop:0123456789.0123456789.0123456789.0123456789.0123456789.
 + GLSQ regression done: total CPU=0.00 Elapsed=50.98
++ Output dataset ./CHIVES1066_2Cond_stats_REMLvar+tlrc.BRIK
++ Output dataset ./CHIVES1066_2Cond_REML+tlrc.BRIK
[7m** ERROR:[0m output dataset name 'CHIVES1066_2Cond_REML' conflicts with existing file
[7m** ERROR:[0m dataset NOT written to disk!
++ creating FDR curves in dataset CHIVES1066_2Cond_stats_REML+tlrc
++ Smallest FDR q [0 Full_Fstat] = 6.03721e-14
++ Smallest FDR q [2 Healthy#0_Tstat] = 1.67449e-12
++ Smallest FDR q [3 Healthy_Fstat] = 1.67449e-12
++ Smallest FDR q [5 Unhealthy#0_Tstat] = 4.29864e-13
++ Smallest FDR q [6 Unhealthy_Fstat] = 4.29864e-13
++ Smallest FDR q [8 BidsNMiss#0_Tstat] = 3.25243e-13
++ Smallest FDR q [9 BidsNMiss_Fstat] = 3.25243e-13
++ Smallest FDR q [11 HealthyGtRest#0_Tstat] = 1.67449e-12
++ Smallest FDR q [12 HealthyGtRest_Fstat] = 1.67449e-12
++ Smallest FDR q [14 UnhealthyGtRest#0_Tstat] = 4.29864e-13
++ Smallest FDR q [15 UnhealthyGtRest_Fstat] = 4.29864e-13
[7m*+ WARNING:[0m Smallest FDR q [17 HealthyGtUnhealthy#0_Tstat] = 0.845588 ==> few true single voxel detections
[7m*+ WARNING:[0m Smallest FDR q [18 HealthyGtUnhealthy_Fstat] = 0.845588 ==> few true single voxel detections
 + Added 13 FDR curves to dataset CHIVES1066_2Cond_stats_REML+tlrc
++ Output dataset ./CHIVES1066_2Cond_stats_REML+tlrc.BRIK
 + unloading input dataset and REML matrices
++ 3dREMLfit is all done! total CPU=0.00 Elapsed=69.24
