** AFNI converts NIFTI_datatype=4 (INT16) in file /projects/sanlab/shared/CHIVES/bids_data/derivatives/fmriprep/sub-CHIVES1050/ses-wave1/func/s6_sub-CHIVES1050_ses-wave1_task-money_bold_space-MNI152NLin2009cAsym_preproc.nii to FLOAT32
     Warnings of this type will be muted for this session.
     Set AFNI_NIFTI_TYPE_WARN to YES to see them all, NO to see none.
++ '-stim_times_AM2 1 /projects/sanlab/shared/CHIVES/CHIVES_WTP_scripts/behavioral/money/afni_timing_files/CHIVES1050/AllCondsPmod.1D' has 1 auxiliary values per time point
++ '-stim_times_AM2 1 /projects/sanlab/shared/CHIVES/CHIVES_WTP_scripts/behavioral/money/afni_timing_files/CHIVES1050/AllCondsPmod.1D' will have 2 regressors
++ '-stim_times_AM1 2 /projects/sanlab/shared/CHIVES/CHIVES_WTP_scripts/behavioral/money/afni_timing_files/CHIVES1050/BidOnsDur.1D' has 1 auxiliary values per time point
++ '-stim_times_AM1 2': basis function model 'dmBLOCK(1)' uses 1 parameters,
    out of the 1 found in timing file '/projects/sanlab/shared/CHIVES/CHIVES_WTP_scripts/behavioral/money/afni_timing_files/CHIVES1050/BidOnsDur.1D'
++ 3dDeconvolve extending num_stimts from 2 to 6 due to -ortvec
++ 3dDeconvolve: AFNI version=AFNI_18.2.04 (Jul  6 2018) [64-bit]
++ Authored by: B. Douglas Ward, et al.
++ current memory malloc-ated = 260,009 bytes (about 260 thousand [kilo])
++ loading dataset /projects/sanlab/shared/CHIVES/bids_data/derivatives/fmriprep/sub-CHIVES1050/ses-wave1/func/s6_sub-CHIVES1050_ses-wave1_task-money_bold_space-MNI152NLin2009cAsym_preproc.nii
++ current memory malloc-ated = 1,545,408,869 bytes (about 1.5 billion [giga])
++ forcibly using TR=2.0000 seconds for -input dataset
++ Skipping check for initial transients
++ Imaging duration=714.0 s; Automatic polort=5
++ -stim_times using TR=2 s for stimulus timing conversion
++ -stim_times using TR=2 s for any -iresp output datasets
++  [you can alter the -iresp TR via the -TR_times option]
++ ** -stim_times NOTE ** guessing GLOBAL times if 1 time per line; LOCAL otherwise
++ ** GUESSED ** -stim_times_AM2 1 using LOCAL times
++ '-stim_times_AM2 1' average amplitude#1=1.08621
++ ** GUESSED ** -stim_times_AM1 2 using LOCAL times
------------------------------------------------------------
GLT matrix from 'SYM: AllConds[0]':
   0   0   0   0   0   0   1   0   0   0   0   0   0 
 
------------------------------------------------------------
GLT matrix from 'SYM: AllConds[1]':
   0   0   0   0   0   0   0   1   0   0   0   0   0 
 
++ Number of time points: 357 (before censor) ; 355 (after)
 + Number of parameters:  13 [10 baseline ; 3 signal]
++ total shared memory needed = 3,155,214,060 bytes (about 3.2 billion [giga])
++ current memory malloc-ated = 1,546,536,810 bytes (about 1.5 billion [giga])
++ mmap() memory allocated: 3,155,214,060 bytes (about 3.2 billion [giga])
++ Memory required for output bricks = 3,155,214,060 bytes (about 3.2 billion [giga])
++ Wrote matrix values to file CHIVES1050_AllCondPmod_xmat.1D
++ ========= Things you can do with the matrix file =========
++ (a) Linear regression with ARMA(1,1) modeling of serial correlation:

3dREMLfit -matrix CHIVES1050_AllCondPmod_xmat.1D -input /projects/sanlab/shared/CHIVES/bids_data/derivatives/fmriprep/sub-CHIVES1050/ses-wave1/func/s6_sub-CHIVES1050_ses-wave1_task-money_bold_space-MNI152NLin2009cAsym_preproc.nii \
 -mask /projects/sanlab/shared/CHIVES/bids_data/derivatives/fmriprep/sub-CHIVES1050/ses-wave1/func/sub-CHIVES1050_ses-wave1_task-money_bold_space-MNI152NLin2009cAsym_brainmask.nii.gz \
 -fout -tout -Rbuck CHIVES1050_AllCondPmod_stats_REML -Rvar CHIVES1050_AllCondPmod_stats_REMLvar \
 -Rfitts CHIVES1050_AllCondPmod_REML -Rerrts CHIVES1050_AllCondPmod_REML -verb
 
++ N.B.: 3dREMLfit command above written to file CHIVES1050_AllCondPmod_stats.REML_cmd
++ (b) Visualization/analysis of the matrix via ExamineXmat.R
++ (c) Synthesis of sub-model datasets using 3dSynthesize
++ ==========================================================
++ Wrote matrix values to file CHIVES1050_AllCondPmod_uncensor_xmat.1D
++ ----- Signal+Baseline matrix condition [X] (355x13):  2.13009  ++ VERY GOOD ++
++ ----- Signal-only matrix condition [X] (355x3):  1.56586  ++ VERY GOOD ++
++ ----- Baseline-only matrix condition [X] (355x10):  1.98351  ++ VERY GOOD ++
++ ----- stim_base-only matrix condition [X] (355x4):  1.58969  ++ VERY GOOD ++
++ ----- polort-only matrix condition [X] (355x6):  1.01668  ++ VERY GOOD ++
++ +++++ Matrix inverse average error = 1.45557e-15  ++ VERY GOOD ++
++ Matrix setup time = 0.02 s
++ Voxels in dataset: 1082035
++ Voxels in mask:    274065
++ Voxels per job:    13703
++ Job #1: processing voxels 183580 to 240418; elapsed time=4.651
++ Job #2: processing voxels 240419 to 285684; elapsed time=4.670
++ Job #3: processing voxels 285685 to 325957; elapsed time=4.689
++ Job #4: processing voxels 325958 to 354588; elapsed time=4.709
++ Job #5: processing voxels 354589 to 385416; elapsed time=4.729
++ Job #6: processing voxels 385417 to 415796; elapsed time=4.749
++ Job #7: processing voxels 415797 to 441986; elapsed time=4.770
++ Job #8: processing voxels 441987 to 471587; elapsed time=4.790
++ Job #9: processing voxels 471588 to 497575; elapsed time=4.811
++ Job #10: processing voxels 497576 to 527349; elapsed time=4.832
++ Job #11: processing voxels 527350 to 553840; elapsed time=4.853
++ Job #12: processing voxels 553841 to 584633; elapsed time=4.875
++ Job #13: processing voxels 584634 to 616016; elapsed time=4.897
++ Job #14: processing voxels 616017 to 644627; elapsed time=4.932
++ Job #15: processing voxels 644628 to 678654; elapsed time=4.955
++ Job #16: processing voxels 678655 to 718555; elapsed time=4.981
++ Job #17: processing voxels 718556 to 762378; elapsed time=5.002
++ Job #18: processing voxels 762379 to 817664; elapsed time=5.013
++ Job #0: processing voxels 0 to 183579; elapsed time=5.049
++ voxel loop:0++ Job #19: processing voxels 817665 to 1082034; elapsed time=5.050
123456789.0123456789.0123456789.0++ Job #1 finished; elapsed time=5.527
++ Job #3 finished; elapsed time=5.553
++ Job #6 finished; elapsed time=5.553
123++ Job #5 finished; elapsed time=5.581
++ Job #7 finished; elapsed time=5.614
456++ Job #8 finished; elapsed time=5.634
++ Job #9 finished; elapsed time=5.646
++ Job #11 finished; elapsed time=5.690
789.++ Job #12 finished; elapsed time=5.715
0++ Job #4 finished; elapsed time=5.777
12++ Job #2 finished; elapsed time=5.847
3++ Job #15 finished; elapsed time=5.865
++ Job #18 finished; elapsed time=5.888
45++ Job #16 finished; elapsed time=5.935
6++ Job #10 finished; elapsed time=5.989
78++ Job #13 finished; elapsed time=6.039
9.
++ Job #0 waiting for children to finish; elapsed time=6.089
++ Job #14 finished; elapsed time=6.100
++ Job #19 finished; elapsed time=6.135
++ Job #17 finished; elapsed time=6.164
++ Job #0 now finishing up; elapsed time=6.180
++ Smallest FDR q [0 Full_Fstat] = 4.52473e-15
++ Smallest FDR q [2 AllConds#0_Tstat] = 1.31645e-14
++ Smallest FDR q [4 AllConds#1_Tstat] = 0.00137435
++ Smallest FDR q [5 AllConds_Fstat] = 1.38976e-14
++ Smallest FDR q [7 BidsNMiss#0_Tstat] = 3.01531e-14
++ Smallest FDR q [8 BidsNMiss_Fstat] = 3.01529e-14
++ Smallest FDR q [10 CondGtRest_GLT#0_Tstat] = 1.31645e-14
++ Smallest FDR q [11 CondGtRest_GLT_Fstat] = 1.3161e-14
++ Smallest FDR q [13 Pmod_GLT#0_Tstat] = 0.00137435
++ Smallest FDR q [14 Pmod_GLT_Fstat] = 0.00137439
++ Wrote bucket dataset into ./CHIVES1050_AllCondPmod_stats+tlrc.BRIK
 + created 10 FDR curves in bucket header
++ Wrote 3D+time dataset into ./CHIVES1050_AllCondPmod+tlrc.BRIK
++ Wrote 3D+time dataset into ./CHIVES1050_AllCondPmod+tlrc.BRIK
++ Program finished; elapsed time=21.697
++ 3dREMLfit: AFNI version=AFNI_18.2.04 (Jul  6 2018) [64-bit]
++ Authored by: RWCox
** AFNI converts NIFTI_datatype=4 (INT16) in file /projects/sanlab/shared/CHIVES/bids_data/derivatives/fmriprep/sub-CHIVES1050/ses-wave1/func/s6_sub-CHIVES1050_ses-wave1_task-money_bold_space-MNI152NLin2009cAsym_preproc.nii to FLOAT32
     Warnings of this type will be muted for this session.
     Set AFNI_NIFTI_TYPE_WARN to YES to see them all, NO to see none.
++ Number of voxels in mask = 274065
++ Number of OpenMP threads = 15
++ -----  matrix condition (355x13):  2.13009  ++ VERY GOOD ++
++ Loading input dataset into memory
++ Converting input dataset to vector image
 +  dataset = 1.5 billion [giga] bytes
 +  vectim  = 392 million [mega] bytes
++ starting REML setup calculations; total CPU=0.00 Elapsed=4.36
 + X matrix: 99.003% of elements are nonzero
 + starting 15 OpenMP threads for REML setup
 + REML setup finished: matrix rows=355 cols=13; 109*1 cases; total CPU=0.00 Elapsed=4.37
 +  average case bandwidth = 12.93
++ REML voxel loop: [15 threads]0123456789.012
 + ARMA voxel parameters estimated: total CPU=0.00 Elapsed=20.92
++ GLSQ loop:0123456789.0123456789.0123456789.0123456789.0123456789.
 + GLSQ regression done: total CPU=0.00 Elapsed=46.44
++ Output dataset ./CHIVES1050_AllCondPmod_stats_REMLvar+tlrc.BRIK
++ Output dataset ./CHIVES1050_AllCondPmod_REML+tlrc.BRIK
[7m** ERROR:[0m output dataset name 'CHIVES1050_AllCondPmod_REML' conflicts with existing file
[7m** ERROR:[0m dataset NOT written to disk!
++ creating FDR curves in dataset CHIVES1050_AllCondPmod_stats_REML+tlrc
++ Smallest FDR q [0 Full_Fstat] = 5.0016e-15
++ Smallest FDR q [2 AllConds#0_Tstat] = 1.19763e-14
++ Smallest FDR q [4 AllConds#1_Tstat] = 0.0839178
++ Smallest FDR q [5 AllConds_Fstat] = 1.39926e-14
++ Smallest FDR q [7 BidsNMiss#0_Tstat] = 4.62942e-14
++ Smallest FDR q [8 BidsNMiss_Fstat] = 4.62942e-14
++ Smallest FDR q [10 CondGtRest#0_Tstat] = 1.19763e-14
++ Smallest FDR q [11 CondGtRest_Fstat] = 1.19763e-14
++ Smallest FDR q [13 Pmod#0_Tstat] = 0.0839178
++ Smallest FDR q [14 Pmod_Fstat] = 0.0839177
 + Added 10 FDR curves to dataset CHIVES1050_AllCondPmod_stats_REML+tlrc
++ Output dataset ./CHIVES1050_AllCondPmod_stats_REML+tlrc.BRIK
 + unloading input dataset and REML matrices
++ 3dREMLfit is all done! total CPU=0.00 Elapsed=61.05
** AFNI converts NIFTI_datatype=4 (INT16) in file /projects/sanlab/shared/CHIVES/bids_data/derivatives/fmriprep/sub-CHIVES1050/ses-wave1/func/s6_sub-CHIVES1050_ses-wave1_task-money_bold_space-MNI152NLin2009cAsym_preproc.nii to FLOAT32
     Warnings of this type will be muted for this session.
     Set AFNI_NIFTI_TYPE_WARN to YES to see them all, NO to see none.
++ '-stim_times_AM2 1 /projects/sanlab/shared/CHIVES/CHIVES_WTP_scripts/behavioral/money/afni_timing_files/CHIVES1050/HealthyPmod.1D' has 1 auxiliary values per time point
++ '-stim_times_AM2 1 /projects/sanlab/shared/CHIVES/CHIVES_WTP_scripts/behavioral/money/afni_timing_files/CHIVES1050/HealthyPmod.1D' will have 2 regressors
++ '-stim_times_AM2 2 /projects/sanlab/shared/CHIVES/CHIVES_WTP_scripts/behavioral/money/afni_timing_files/CHIVES1050/UnhealthyPmod.1D' has 1 auxiliary values per time point
++ '-stim_times_AM2 2 /projects/sanlab/shared/CHIVES/CHIVES_WTP_scripts/behavioral/money/afni_timing_files/CHIVES1050/UnhealthyPmod.1D' will have 2 regressors
++ '-stim_times_AM1 3 /projects/sanlab/shared/CHIVES/CHIVES_WTP_scripts/behavioral/money/afni_timing_files/CHIVES1050/BidOnsDur.1D' has 1 auxiliary values per time point
++ '-stim_times_AM1 3': basis function model 'dmBLOCK(1)' uses 1 parameters,
    out of the 1 found in timing file '/projects/sanlab/shared/CHIVES/CHIVES_WTP_scripts/behavioral/money/afni_timing_files/CHIVES1050/BidOnsDur.1D'
++ 3dDeconvolve extending num_stimts from 3 to 7 due to -ortvec
++ 3dDeconvolve: AFNI version=AFNI_18.2.04 (Jul  6 2018) [64-bit]
++ Authored by: B. Douglas Ward, et al.
++ current memory malloc-ated = 287,275 bytes (about 287 thousand [kilo])
++ loading dataset /projects/sanlab/shared/CHIVES/bids_data/derivatives/fmriprep/sub-CHIVES1050/ses-wave1/func/s6_sub-CHIVES1050_ses-wave1_task-money_bold_space-MNI152NLin2009cAsym_preproc.nii
++ current memory malloc-ated = 1,545,436,135 bytes (about 1.5 billion [giga])
++ forcibly using TR=2.0000 seconds for -input dataset
++ Skipping check for initial transients
++ Imaging duration=714.0 s; Automatic polort=5
++ -stim_times using TR=2 s for stimulus timing conversion
++ -stim_times using TR=2 s for any -iresp output datasets
++  [you can alter the -iresp TR via the -TR_times option]
++ ** -stim_times NOTE ** guessing GLOBAL times if 1 time per line; LOCAL otherwise
++ ** GUESSED ** -stim_times_AM2 1 using LOCAL times
++ '-stim_times_AM2 1' average amplitude#1=1.38333
++ ** GUESSED ** -stim_times_AM2 2 using LOCAL times
++ '-stim_times_AM2 2' average amplitude#1=0.767857
++ ** GUESSED ** -stim_times_AM1 3 using LOCAL times
------------------------------------------------------------
GLT matrix from 'SYM: HealthyPmod[0]':
   0   0   0   0   0   0   1   0   0   0   0   0   0   0   0 
 
------------------------------------------------------------
GLT matrix from 'SYM: HealthyPmod[1]':
   0   0   0   0   0   0   0   1   0   0   0   0   0   0   0 
 
------------------------------------------------------------
GLT matrix from 'SYM: UnhealthyPmod[0]':
   0   0   0   0   0   0   0   0   1   0   0   0   0   0   0 
 
------------------------------------------------------------
GLT matrix from 'SYM: UnhealthyPmod[1]':
   0   0   0   0   0   0   0   0   0   1   0   0   0   0   0 
 
------------------------------------------------------------
GLT matrix from 'SYM: HealthyPmod[0] -UnhealthyPmod[0]':
   0   0   0   0   0   0   1   0  -1   0   0   0   0   0   0 
 
------------------------------------------------------------
GLT matrix from 'SYM: HealthyPmod[1] -UnhealthyPmod[1]':
   0   0   0   0   0   0   0   1   0  -1   0   0   0   0   0 
 
++ Number of time points: 357 (before censor) ; 355 (after)
 + Number of parameters:  15 [10 baseline ; 5 signal]
++ total shared memory needed = 3,228,792,440 bytes (about 3.2 billion [giga])
++ current memory malloc-ated = 1,546,568,644 bytes (about 1.5 billion [giga])
++ mmap() memory allocated: 3,228,792,440 bytes (about 3.2 billion [giga])
++ Memory required for output bricks = 3,228,792,440 bytes (about 3.2 billion [giga])
++ Wrote matrix values to file CHIVES1050_2CondPmod_xmat.1D
++ ========= Things you can do with the matrix file =========
++ (a) Linear regression with ARMA(1,1) modeling of serial correlation:

3dREMLfit -matrix CHIVES1050_2CondPmod_xmat.1D -input /projects/sanlab/shared/CHIVES/bids_data/derivatives/fmriprep/sub-CHIVES1050/ses-wave1/func/s6_sub-CHIVES1050_ses-wave1_task-money_bold_space-MNI152NLin2009cAsym_preproc.nii \
 -mask /projects/sanlab/shared/CHIVES/bids_data/derivatives/fmriprep/sub-CHIVES1050/ses-wave1/func/sub-CHIVES1050_ses-wave1_task-money_bold_space-MNI152NLin2009cAsym_brainmask.nii.gz \
 -fout -tout -Rbuck CHIVES1050_2CondPmod_stats_REML -Rvar CHIVES1050_2CondPmod_stats_REMLvar \
 -Rfitts CHIVES1050_2CondPmod_REML -Rerrts CHIVES1050_2CondPmod_REML -verb
 
++ N.B.: 3dREMLfit command above written to file CHIVES1050_2CondPmod_stats.REML_cmd
++ (b) Visualization/analysis of the matrix via ExamineXmat.R
++ (c) Synthesis of sub-model datasets using 3dSynthesize
++ ==========================================================
++ Wrote matrix values to file CHIVES1050_2CondPmod_uncensor_xmat.1D
++ ----- Signal+Baseline matrix condition [X] (355x15):  2.13529  ++ VERY GOOD ++
++ ----- Signal-only matrix condition [X] (355x5):  1.5659  ++ VERY GOOD ++
++ ----- Baseline-only matrix condition [X] (355x10):  1.98351  ++ VERY GOOD ++
++ ----- stim_base-only matrix condition [X] (355x4):  1.58969  ++ VERY GOOD ++
++ ----- polort-only matrix condition [X] (355x6):  1.01668  ++ VERY GOOD ++
++ +++++ Matrix inverse average error = 1.26218e-15  ++ VERY GOOD ++
++ Matrix setup time = 0.02 s
++ Voxels in dataset: 1082035
++ Voxels in mask:    274065
++ Voxels per job:    13703
++ Job #1: processing voxels 183580 to 240418; elapsed time=4.469
++ Job #2: processing voxels 240419 to 285684; elapsed time=4.488
++ Job #3: processing voxels 285685 to 325957; elapsed time=4.508
++ Job #4: processing voxels 325958 to 354588; elapsed time=4.527
++ Job #5: processing voxels 354589 to 385416; elapsed time=4.548
++ Job #6: processing voxels 385417 to 415796; elapsed time=4.569
++ Job #7: processing voxels 415797 to 441986; elapsed time=4.590
++ Job #8: processing voxels 441987 to 471587; elapsed time=4.610
++ Job #9: processing voxels 471588 to 497575; elapsed time=4.632
++ Job #10: processing voxels 497576 to 527349; elapsed time=4.653
++ Job #11: processing voxels 527350 to 553840; elapsed time=4.674
++ Job #12: processing voxels 553841 to 584633; elapsed time=4.695
++ Job #13: processing voxels 584634 to 616016; elapsed time=4.717
++ Job #14: processing voxels 616017 to 644627; elapsed time=4.754
++ Job #15: processing voxels 644628 to 678654; elapsed time=4.777
++ Job #16: processing voxels 678655 to 718555; elapsed time=4.803
++ Job #17: processing voxels 718556 to 762378; elapsed time=4.826
++ Job #18: processing voxels 762379 to 817664; elapsed time=4.837
++ Job #0: processing voxels 0 to 183579; elapsed time=4.878
++ voxel loop:0++ Job #19: processing voxels 817665 to 1082034; elapsed time=4.882
123456789.0123456789.0123456789.0123456789.012++ Job #2 finished; elapsed time=5.703
++ Job #1 finished; elapsed time=5.709
++ Job #3 finished; elapsed time=5.735
++ Job #4 finished; elapsed time=5.738
++ Job #5 finished; elapsed time=5.750
3++ Job #8 finished; elapsed time=5.766
++ Job #7 finished; elapsed time=5.791
45++ Job #9 finished; elapsed time=5.818
++ Job #11 finished; elapsed time=5.860
++ Job #13 finished; elapsed time=5.903
++ Job #12 finished; elapsed time=5.926
6++ Job #15 finished; elapsed time=5.943
++ Job #10 finished; elapsed time=5.949
78++ Job #14 finished; elapsed time=5.985
++ Job #16 finished; elapsed time=6.028
++ Job #18 finished; elapsed time=6.057
++ Job #6 finished; elapsed time=6.079
9.
++ Job #0 waiting for children to finish; elapsed time=6.094
++ Job #19 finished; elapsed time=6.267
++ Job #17 finished; elapsed time=6.288
++ Job #0 now finishing up; elapsed time=6.304
++ Smallest FDR q [0 Full_Fstat] = 4.83814e-15
++ Smallest FDR q [2 HealthyPmod#0_Tstat] = 2.72901e-14
++ Smallest FDR q [4 HealthyPmod#1_Tstat] = 0.00121832
++ Smallest FDR q [5 HealthyPmod_Fstat] = 2.51606e-14
++ Smallest FDR q [7 UnhealthyPmod#0_Tstat] = 2.07036e-14
++ Smallest FDR q [9 UnhealthyPmod#1_Tstat] = 0.0655218
++ Smallest FDR q [10 UnhealthyPmod_Fstat] = 2.43165e-14
++ Smallest FDR q [12 BidsNMiss#0_Tstat] = 2.97598e-14
++ Smallest FDR q [13 BidsNMiss_Fstat] = 2.97596e-14
++ Smallest FDR q [15 HealthyGtRest_GLT#0_Tstat] = 2.72901e-14
++ Smallest FDR q [16 HealthyGtRest_GLT_Fstat] = 2.72837e-14
++ Smallest FDR q [18 HealthyPmod_GLT#0_Tstat] = 0.00121832
++ Smallest FDR q [19 HealthyPmod_GLT_Fstat] = 0.00121832
++ Smallest FDR q [21 UnhealthyGtRest_GLT#0_Tstat] = 2.07036e-14
++ Smallest FDR q [22 UnhealthyGtRest_GLT_Fstat] = 2.07004e-14
++ Smallest FDR q [24 UnhealthyPmod_GLT#0_Tstat] = 0.0655218
++ Smallest FDR q [25 UnhealthyPmod_GLT_Fstat] = 0.0655245
++ Smallest FDR q [27 HealthyGtUnhealthy_GLT#0_Tstat] = 0.0392952
++ Smallest FDR q [28 HealthyGtUnhealthy_GLT_Fstat] = 0.0392936
++ Smallest FDR q [30 HealthyGtUnhealthyPmod_GLT#0_Tstat] = 0.00238315
++ Smallest FDR q [31 HealthyGtUnhealthyPmod_GLT_Fstat] = 0.00238313
++ Wrote bucket dataset into ./CHIVES1050_2CondPmod_stats+tlrc.BRIK
 + created 21 FDR curves in bucket header
++ Wrote 3D+time dataset into ./CHIVES1050_2CondPmod+tlrc.BRIK
++ Wrote 3D+time dataset into ./CHIVES1050_2CondPmod+tlrc.BRIK
++ Program finished; elapsed time=37.010
++ 3dREMLfit: AFNI version=AFNI_18.2.04 (Jul  6 2018) [64-bit]
++ Authored by: RWCox
** AFNI converts NIFTI_datatype=4 (INT16) in file /projects/sanlab/shared/CHIVES/bids_data/derivatives/fmriprep/sub-CHIVES1050/ses-wave1/func/s6_sub-CHIVES1050_ses-wave1_task-money_bold_space-MNI152NLin2009cAsym_preproc.nii to FLOAT32
     Warnings of this type will be muted for this session.
     Set AFNI_NIFTI_TYPE_WARN to YES to see them all, NO to see none.
++ Number of voxels in mask = 274065
++ Number of OpenMP threads = 15
++ -----  matrix condition (355x15):  2.13529  ++ VERY GOOD ++
++ Loading input dataset into memory
++ Converting input dataset to vector image
 +  dataset = 1.5 billion [giga] bytes
 +  vectim  = 392 million [mega] bytes
++ starting REML setup calculations; total CPU=0.00 Elapsed=4.29
 + X matrix: 89.408% of elements are nonzero
 + starting 15 OpenMP threads for REML setup
 + REML setup finished: matrix rows=355 cols=15; 109*1 cases; total CPU=0.00 Elapsed=4.30
 +  average case bandwidth = 12.93
++ REML voxel loop: [15 threads]0123456789.012
 + ARMA voxel parameters estimated: total CPU=0.00 Elapsed=21.25
++ GLSQ loop:0123456789.0123456789.0123456789.0123456789.0123456789.
 + GLSQ regression done: total CPU=0.00 Elapsed=59.54
++ Output dataset ./CHIVES1050_2CondPmod_stats_REMLvar+tlrc.BRIK
++ Output dataset ./CHIVES1050_2CondPmod_REML+tlrc.BRIK
[7m** ERROR:[0m output dataset name 'CHIVES1050_2CondPmod_REML' conflicts with existing file
[7m** ERROR:[0m dataset NOT written to disk!
++ creating FDR curves in dataset CHIVES1050_2CondPmod_stats_REML+tlrc
++ Smallest FDR q [0 Full_Fstat] = 5.99712e-15
++ Smallest FDR q [2 HealthyPmod#0_Tstat] = 3.49793e-14
++ Smallest FDR q [4 HealthyPmod#1_Tstat] = 0.0540878
++ Smallest FDR q [5 HealthyPmod_Fstat] = 4.49392e-14
++ Smallest FDR q [7 UnhealthyPmod#0_Tstat] = 2.94626e-14
[7m*+ WARNING:[0m Smallest FDR q [9 UnhealthyPmod#1_Tstat] = 0.692757 ==> few true single voxel detections
++ Smallest FDR q [10 UnhealthyPmod_Fstat] = 4.03578e-14
++ Smallest FDR q [12 BidsNMiss#0_Tstat] = 4.66264e-14
++ Smallest FDR q [13 BidsNMiss_Fstat] = 4.66264e-14
++ Smallest FDR q [15 HealthyGtRest#0_Tstat] = 3.49793e-14
++ Smallest FDR q [16 HealthyGtRest_Fstat] = 3.49793e-14
++ Smallest FDR q [18 HealthyPmod#0_Tstat] = 0.0540878
++ Smallest FDR q [19 HealthyPmod_Fstat] = 0.0540879
++ Smallest FDR q [21 UnhealthyGtRest#0_Tstat] = 2.94626e-14
++ Smallest FDR q [22 UnhealthyGtRest_Fstat] = 2.94626e-14
[7m*+ WARNING:[0m Smallest FDR q [24 UnhealthyPmod#0_Tstat] = 0.692757 ==> few true single voxel detections
[7m*+ WARNING:[0m Smallest FDR q [25 UnhealthyPmod_Fstat] = 0.692757 ==> few true single voxel detections
[7m*+ WARNING:[0m Smallest FDR q [27 HealthyGtUnhealthy#0_Tstat] = 0.954754 ==> few true single voxel detections
[7m*+ WARNING:[0m Smallest FDR q [28 HealthyGtUnhealthy_Fstat] = 0.954753 ==> few true single voxel detections
[7m*+ WARNING:[0m Smallest FDR q [30 HealthyGtUnhealthyPmod#0_Tstat] = 0.525002 ==> few true single voxel detections
[7m*+ WARNING:[0m Smallest FDR q [31 HealthyGtUnhealthyPmod_Fstat] = 0.525002 ==> few true single voxel detections
 + Added 21 FDR curves to dataset CHIVES1050_2CondPmod_stats_REML+tlrc
++ Output dataset ./CHIVES1050_2CondPmod_stats_REML+tlrc.BRIK
 + unloading input dataset and REML matrices
++ 3dREMLfit is all done! total CPU=0.00 Elapsed=88.83
** AFNI converts NIFTI_datatype=4 (INT16) in file /projects/sanlab/shared/CHIVES/bids_data/derivatives/fmriprep/sub-CHIVES1050/ses-wave1/func/s6_sub-CHIVES1050_ses-wave1_task-money_bold_space-MNI152NLin2009cAsym_preproc.nii to FLOAT32
     Warnings of this type will be muted for this session.
     Set AFNI_NIFTI_TYPE_WARN to YES to see them all, NO to see none.
++ '-stim_times_AM1 3 /projects/sanlab/shared/CHIVES/CHIVES_WTP_scripts/behavioral/money/afni_timing_files/CHIVES1050/BidOnsDur.1D' has 1 auxiliary values per time point
++ '-stim_times_AM1 3': basis function model 'dmBLOCK(1)' uses 1 parameters,
    out of the 1 found in timing file '/projects/sanlab/shared/CHIVES/CHIVES_WTP_scripts/behavioral/money/afni_timing_files/CHIVES1050/BidOnsDur.1D'
++ 3dDeconvolve extending num_stimts from 3 to 7 due to -ortvec
++ 3dDeconvolve: AFNI version=AFNI_18.2.04 (Jul  6 2018) [64-bit]
++ Authored by: B. Douglas Ward, et al.
++ current memory malloc-ated = 271,039 bytes (about 271 thousand [kilo])
++ loading dataset /projects/sanlab/shared/CHIVES/bids_data/derivatives/fmriprep/sub-CHIVES1050/ses-wave1/func/s6_sub-CHIVES1050_ses-wave1_task-money_bold_space-MNI152NLin2009cAsym_preproc.nii
++ current memory malloc-ated = 1,545,419,899 bytes (about 1.5 billion [giga])
++ forcibly using TR=2.0000 seconds for -input dataset
++ Skipping check for initial transients
++ Imaging duration=714.0 s; Automatic polort=5
++ -stim_times using TR=2 s for stimulus timing conversion
++ -stim_times using TR=2 s for any -iresp output datasets
++  [you can alter the -iresp TR via the -TR_times option]
++ ** -stim_times NOTE ** guessing GLOBAL times if 1 time per line; LOCAL otherwise
++ ** GUESSED ** -stim_times 1 using LOCAL times
++ ** GUESSED ** -stim_times 2 using LOCAL times
++ ** GUESSED ** -stim_times_AM1 3 using LOCAL times
------------------------------------------------------------
GLT matrix from 'SYM: Healthy':
   0   0   0   0   0   0   1   0   0   0   0   0   0 
 
------------------------------------------------------------
GLT matrix from 'SYM: Unhealthy':
   0   0   0   0   0   0   0   1   0   0   0   0   0 
 
------------------------------------------------------------
GLT matrix from 'SYM: Healthy -Unhealthy':
   0   0   0   0   0   0   1  -1   0   0   0   0   0 
 
++ Number of time points: 357 (before censor) ; 355 (after)
 + Number of parameters:  13 [10 baseline ; 3 signal]
++ total shared memory needed = 3,172,526,620 bytes (about 3.2 billion [giga])
++ current memory malloc-ated = 1,546,547,878 bytes (about 1.5 billion [giga])
++ mmap() memory allocated: 3,172,526,620 bytes (about 3.2 billion [giga])
++ Memory required for output bricks = 3,172,526,620 bytes (about 3.2 billion [giga])
++ Wrote matrix values to file CHIVES1050_2Cond_xmat.1D
++ ========= Things you can do with the matrix file =========
++ (a) Linear regression with ARMA(1,1) modeling of serial correlation:

3dREMLfit -matrix CHIVES1050_2Cond_xmat.1D -input /projects/sanlab/shared/CHIVES/bids_data/derivatives/fmriprep/sub-CHIVES1050/ses-wave1/func/s6_sub-CHIVES1050_ses-wave1_task-money_bold_space-MNI152NLin2009cAsym_preproc.nii \
 -mask /projects/sanlab/shared/CHIVES/bids_data/derivatives/fmriprep/sub-CHIVES1050/ses-wave1/func/sub-CHIVES1050_ses-wave1_task-money_bold_space-MNI152NLin2009cAsym_brainmask.nii.gz \
 -fout -tout -Rbuck CHIVES1050_2Cond_stats_REML -Rvar CHIVES1050_2Cond_stats_REMLvar \
 -Rfitts CHIVES1050_2Cond_REML -Rerrts CHIVES1050_2Cond_REML -verb
 
++ N.B.: 3dREMLfit command above written to file CHIVES1050_2Cond_stats.REML_cmd
++ (b) Visualization/analysis of the matrix via ExamineXmat.R
++ (c) Synthesis of sub-model datasets using 3dSynthesize
++ ==========================================================
++ Wrote matrix values to file CHIVES1050_2Cond_uncensor_xmat.1D
++ ----- Signal+Baseline matrix condition [X] (355x13):  2.11239  ++ VERY GOOD ++
++ ----- Signal-only matrix condition [X] (355x3):  1.56586  ++ VERY GOOD ++
++ ----- Baseline-only matrix condition [X] (355x10):  1.98351  ++ VERY GOOD ++
++ ----- stim_base-only matrix condition [X] (355x4):  1.58969  ++ VERY GOOD ++
++ ----- polort-only matrix condition [X] (355x6):  1.01668  ++ VERY GOOD ++
++ +++++ Matrix inverse average error = 1.14889e-15  ++ VERY GOOD ++
++ Matrix setup time = 0.01 s
++ Voxels in dataset: 1082035
++ Voxels in mask:    274065
++ Voxels per job:    13703
++ Job #1: processing voxels 183580 to 240418; elapsed time=4.535
++ Job #2: processing voxels 240419 to 285684; elapsed time=4.554
++ Job #3: processing voxels 285685 to 325957; elapsed time=4.573
++ Job #4: processing voxels 325958 to 354588; elapsed time=4.592
++ Job #5: processing voxels 354589 to 385416; elapsed time=4.613
++ Job #6: processing voxels 385417 to 415796; elapsed time=4.633
++ Job #7: processing voxels 415797 to 441986; elapsed time=4.653
++ Job #8: processing voxels 441987 to 471587; elapsed time=4.674
++ Job #9: processing voxels 471588 to 497575; elapsed time=4.695
++ Job #10: processing voxels 497576 to 527349; elapsed time=4.716
++ Job #11: processing voxels 527350 to 553840; elapsed time=4.737
++ Job #12: processing voxels 553841 to 584633; elapsed time=4.758
++ Job #13: processing voxels 584634 to 616016; elapsed time=4.781
++ Job #14: processing voxels 616017 to 644627; elapsed time=4.817
++ Job #15: processing voxels 644628 to 678654; elapsed time=4.840
++ Job #16: processing voxels 678655 to 718555; elapsed time=4.851
++ Job #17: processing voxels 718556 to 762378; elapsed time=4.887
++ Job #18: processing voxels 762379 to 817664; elapsed time=4.898
++ Job #19: processing voxels 817665 to 1082034; elapsed time=4.922
++ Job #0: processing voxels 0 to 183579; elapsed time=4.937
++ voxel loop:0123456789.0123456789.0123456789.0123456789.012++ Job #2 finished; elapsed time=5.522
++ Job #1 finished; elapsed time=5.530
++ Job #4 finished; elapsed time=5.542
++ Job #3 finished; elapsed time=5.553
3++ Job #5 finished; elapsed time=5.576
++ Job #8 finished; elapsed time=5.584
45++ Job #6 finished; elapsed time=5.600
++ Job #9 finished; elapsed time=5.602
++ Job #7 finished; elapsed time=5.609
++ Job #10 finished; elapsed time=5.665
++ Job #11 finished; elapsed time=5.685
678++ Job #13 finished; elapsed time=5.733
++ Job #12 finished; elapsed time=5.792
++ Job #17 finished; elapsed time=5.802
++ Job #16 finished; elapsed time=5.814
9.
++ Job #0 waiting for children to finish; elapsed time=5.818
++ Job #14 finished; elapsed time=5.825
++ Job #15 finished; elapsed time=5.843
++ Job #18 finished; elapsed time=5.887
++ Job #19 finished; elapsed time=5.955
++ Job #0 now finishing up; elapsed time=5.971
++ Smallest FDR q [0 Full_Fstat] = 4.69038e-15
++ Smallest FDR q [2 Healthy#0_Tstat] = 2.84101e-14
++ Smallest FDR q [3 Healthy_Fstat] = 2.84032e-14
++ Smallest FDR q [5 Unhealthy#0_Tstat] = 2.25975e-14
++ Smallest FDR q [6 Unhealthy_Fstat] = 2.2594e-14
++ Smallest FDR q [8 BidsNMiss#0_Tstat] = 3.01584e-14
++ Smallest FDR q [9 BidsNMiss_Fstat] = 3.01568e-14
++ Smallest FDR q [11 HealthyGtRest_GLT#0_Tstat] = 2.84101e-14
++ Smallest FDR q [12 HealthyGtRest_GLT_Fstat] = 2.84029e-14
++ Smallest FDR q [14 UnhealthyGtRest_GLT#0_Tstat] = 2.25975e-14
++ Smallest FDR q [15 UnhealthyGtRest_GLT_Fstat] = 2.25945e-14
[7m*+ WARNING:[0m Smallest FDR q [17 HealthyGtUnhealthy_GLT#0_Tstat] = 0.111325 ==> few true single voxel detections
[7m*+ WARNING:[0m Smallest FDR q [18 HealthyGtUnhealthy_GLT_Fstat] = 0.111335 ==> few true single voxel detections
++ Wrote bucket dataset into ./CHIVES1050_2Cond_stats+tlrc.BRIK
 + created 13 FDR curves in bucket header
++ Wrote 3D+time dataset into ./CHIVES1050_2Cond+tlrc.BRIK
++ Wrote 3D+time dataset into ./CHIVES1050_2Cond+tlrc.BRIK
++ Program finished; elapsed time=24.175
++ 3dREMLfit: AFNI version=AFNI_18.2.04 (Jul  6 2018) [64-bit]
++ Authored by: RWCox
** AFNI converts NIFTI_datatype=4 (INT16) in file /projects/sanlab/shared/CHIVES/bids_data/derivatives/fmriprep/sub-CHIVES1050/ses-wave1/func/s6_sub-CHIVES1050_ses-wave1_task-money_bold_space-MNI152NLin2009cAsym_preproc.nii to FLOAT32
     Warnings of this type will be muted for this session.
     Set AFNI_NIFTI_TYPE_WARN to YES to see them all, NO to see none.
++ Number of voxels in mask = 274065
++ Number of OpenMP threads = 15
++ -----  matrix condition (355x13):  2.11239  ++ VERY GOOD ++
++ Loading input dataset into memory
++ Converting input dataset to vector image
 +  dataset = 1.5 billion [giga] bytes
 +  vectim  = 392 million [mega] bytes
++ starting REML setup calculations; total CPU=0.00 Elapsed=4.44
 + X matrix: 93.738% of elements are nonzero
 + starting 15 OpenMP threads for REML setup
 + REML setup finished: matrix rows=355 cols=13; 109*1 cases; total CPU=0.00 Elapsed=4.45
 +  average case bandwidth = 12.93
++ REML voxel loop: [15 threads]0123456789.012
 + ARMA voxel parameters estimated: total CPU=0.00 Elapsed=21.16
++ GLSQ loop:0123456789.0123456789.0123456789.0123456789.0123456789.
 + GLSQ regression done: total CPU=0.00 Elapsed=51.63
++ Output dataset ./CHIVES1050_2Cond_stats_REMLvar+tlrc.BRIK
++ Output dataset ./CHIVES1050_2Cond_REML+tlrc.BRIK
[7m** ERROR:[0m output dataset name 'CHIVES1050_2Cond_REML' conflicts with existing file
[7m** ERROR:[0m dataset NOT written to disk!
++ creating FDR curves in dataset CHIVES1050_2Cond_stats_REML+tlrc
++ Smallest FDR q [0 Full_Fstat] = 5.11615e-15
++ Smallest FDR q [2 Healthy#0_Tstat] = 3.31461e-14
++ Smallest FDR q [3 Healthy_Fstat] = 3.31461e-14
++ Smallest FDR q [5 Unhealthy#0_Tstat] = 3.11666e-14
++ Smallest FDR q [6 Unhealthy_Fstat] = 3.11666e-14
++ Smallest FDR q [8 BidsNMiss#0_Tstat] = 4.60854e-14
++ Smallest FDR q [9 BidsNMiss_Fstat] = 4.60854e-14
++ Smallest FDR q [11 HealthyGtRest#0_Tstat] = 3.31461e-14
++ Smallest FDR q [12 HealthyGtRest_Fstat] = 3.31461e-14
++ Smallest FDR q [14 UnhealthyGtRest#0_Tstat] = 3.11666e-14
++ Smallest FDR q [15 UnhealthyGtRest_Fstat] = 3.11666e-14
[7m*+ WARNING:[0m Smallest FDR q [17 HealthyGtUnhealthy#0_Tstat] = 0.999889 ==> few true single voxel detections
[7m*+ WARNING:[0m Smallest FDR q [18 HealthyGtUnhealthy_Fstat] = 0.999889 ==> few true single voxel detections
 + Added 13 FDR curves to dataset CHIVES1050_2Cond_stats_REML+tlrc
++ Output dataset ./CHIVES1050_2Cond_stats_REML+tlrc.BRIK
 + unloading input dataset and REML matrices
++ 3dREMLfit is all done! total CPU=0.00 Elapsed=69.27
