** AFNI converts NIFTI_datatype=4 (INT16) in file /projects/sanlab/shared/CHIVES/bids_data/derivatives/fmriprep/sub-CHIVES1095/ses-wave1/func/s6_sub-CHIVES1095_ses-wave1_task-money_bold_space-MNI152NLin2009cAsym_preproc.nii to FLOAT32
     Warnings of this type will be muted for this session.
     Set AFNI_NIFTI_TYPE_WARN to YES to see them all, NO to see none.
++ '-stim_times_AM2 1 /projects/sanlab/shared/CHIVES/CHIVES_WTP_scripts/behavioral/money/afni_timing_files/CHIVES1095/AllCondsPmod.1D' has 1 auxiliary values per time point
++ '-stim_times_AM2 1 /projects/sanlab/shared/CHIVES/CHIVES_WTP_scripts/behavioral/money/afni_timing_files/CHIVES1095/AllCondsPmod.1D' will have 2 regressors
++ '-stim_times_AM1 2 /projects/sanlab/shared/CHIVES/CHIVES_WTP_scripts/behavioral/money/afni_timing_files/CHIVES1095/BidOnsDur.1D' has 1 auxiliary values per time point
++ '-stim_times_AM1 2': basis function model 'dmBLOCK(1)' uses 1 parameters,
    out of the 1 found in timing file '/projects/sanlab/shared/CHIVES/CHIVES_WTP_scripts/behavioral/money/afni_timing_files/CHIVES1095/BidOnsDur.1D'
++ 3dDeconvolve extending num_stimts from 2 to 6 due to -ortvec
++ 3dDeconvolve: AFNI version=AFNI_18.2.04 (Jul  6 2018) [64-bit]
++ Authored by: B. Douglas Ward, et al.
++ current memory malloc-ated = 258,689 bytes (about 259 thousand [kilo])
++ loading dataset /projects/sanlab/shared/CHIVES/bids_data/derivatives/fmriprep/sub-CHIVES1095/ses-wave1/func/s6_sub-CHIVES1095_ses-wave1_task-money_bold_space-MNI152NLin2009cAsym_preproc.nii
++ current memory malloc-ated = 1,519,438,661 bytes (about 1.5 billion [giga])
++ forcibly using TR=2.0000 seconds for -input dataset
++ Skipping check for initial transients
++ Imaging duration=702.0 s; Automatic polort=5
++ -stim_times using TR=2 s for stimulus timing conversion
++ -stim_times using TR=2 s for any -iresp output datasets
++  [you can alter the -iresp TR via the -TR_times option]
++ ** -stim_times NOTE ** guessing GLOBAL times if 1 time per line; LOCAL otherwise
++ ** GUESSED ** -stim_times_AM2 1 using LOCAL times
++ '-stim_times_AM2 1' average amplitude#1=0.456897
++ ** GUESSED ** -stim_times_AM1 2 using LOCAL times
------------------------------------------------------------
GLT matrix from 'SYM: AllConds[0]':
   0   0   0   0   0   0   1   0   0   0   0   0   0 
 
------------------------------------------------------------
GLT matrix from 'SYM: AllConds[1]':
   0   0   0   0   0   0   0   1   0   0   0   0   0 
 
++ Number of time points: 351 (before censor) ; 305 (after)
 + Number of parameters:  13 [10 baseline ; 3 signal]
++ total shared memory needed = 3,103,276,380 bytes (about 3.1 billion [giga])
++ current memory malloc-ated = 1,520,566,242 bytes (about 1.5 billion [giga])
++ mmap() memory allocated: 3,103,276,380 bytes (about 3.1 billion [giga])
++ Memory required for output bricks = 3,103,276,380 bytes (about 3.1 billion [giga])
++ Wrote matrix values to file CHIVES1095_AllCondPmod_xmat.1D
++ ========= Things you can do with the matrix file =========
++ (a) Linear regression with ARMA(1,1) modeling of serial correlation:

3dREMLfit -matrix CHIVES1095_AllCondPmod_xmat.1D -input /projects/sanlab/shared/CHIVES/bids_data/derivatives/fmriprep/sub-CHIVES1095/ses-wave1/func/s6_sub-CHIVES1095_ses-wave1_task-money_bold_space-MNI152NLin2009cAsym_preproc.nii \
 -mask /projects/sanlab/shared/CHIVES/bids_data/derivatives/fmriprep/sub-CHIVES1095/ses-wave1/func/sub-CHIVES1095_ses-wave1_task-money_bold_space-MNI152NLin2009cAsym_brainmask.nii.gz \
 -fout -tout -Rbuck CHIVES1095_AllCondPmod_stats_REML -Rvar CHIVES1095_AllCondPmod_stats_REMLvar \
 -Rfitts CHIVES1095_AllCondPmod_REML -Rerrts CHIVES1095_AllCondPmod_REML -verb
 
++ N.B.: 3dREMLfit command above written to file CHIVES1095_AllCondPmod_stats.REML_cmd
++ (b) Visualization/analysis of the matrix via ExamineXmat.R
++ (c) Synthesis of sub-model datasets using 3dSynthesize
++ ==========================================================
++ Wrote matrix values to file CHIVES1095_AllCondPmod_uncensor_xmat.1D
++ ----- Signal+Baseline matrix condition [X] (305x13):  2.07129  ++ VERY GOOD ++
++ ----- Signal-only matrix condition [X] (305x3):  1.5297  ++ VERY GOOD ++
++ ----- Baseline-only matrix condition [X] (305x10):  1.47019  ++ VERY GOOD ++
++ ----- stim_base-only matrix condition [X] (305x4):  1.17209  ++ VERY GOOD ++
++ ----- polort-only matrix condition [X] (305x6):  1.08173  ++ VERY GOOD ++
++ +++++ Matrix inverse average error = 3.61281e-16  ++ VERY GOOD ++
++ Matrix setup time = 0.02 s
++ Voxels in dataset: 1082035
++ Voxels in mask:    265190
++ Voxels per job:    13259
++ Job #1: processing voxels 182886 to 239625; elapsed time=4.596
++ Job #2: processing voxels 239626 to 284770; elapsed time=4.618
++ Job #3: processing voxels 284771 to 320319; elapsed time=4.643
++ Job #4: processing voxels 320320 to 351989; elapsed time=4.667
++ Job #5: processing voxels 351990 to 382208; elapsed time=4.694
++ Job #6: processing voxels 382209 to 407936; elapsed time=4.720
++ Job #7: processing voxels 407937 to 436760; elapsed time=4.747
++ Job #8: processing voxels 436761 to 462475; elapsed time=4.773
++ Job #9: processing voxels 462476 to 488079; elapsed time=4.801
++ Job #10: processing voxels 488080 to 517330; elapsed time=4.828
++ Job #11: processing voxels 517331 to 543272; elapsed time=4.857
++ Job #12: processing voxels 543273 to 573580; elapsed time=4.885
++ Job #13: processing voxels 573581 to 604274; elapsed time=4.929
++ Job #14: processing voxels 604275 to 632175; elapsed time=4.943
++ Job #15: processing voxels 632176 to 665172; elapsed time=4.987
++ Job #16: processing voxels 665173 to 700107; elapsed time=5.002
++ Job #17: processing voxels 700108 to 742210; elapsed time=5.032
++ Job #18: processing voxels 742211 to 796137; elapsed time=5.075
++ Job #19: processing voxels 796138 to 1082034; elapsed time=5.091
++ Job #0: processing voxels 0 to 182885; elapsed time=5.101
++ voxel loop:0123456789.0123456789.0123456789.0++ Job #2 finished; elapsed time=5.380
123++ Job #5 finished; elapsed time=5.399
++ Job #4 finished; elapsed time=5.423
++ Job #7 finished; elapsed time=5.449
456++ Job #6 finished; elapsed time=5.470
++ Job #9 finished; elapsed time=5.495
++ Job #8 finished; elapsed time=5.516
789.++ Job #1 finished; elapsed time=5.540
++ Job #3 finished; elapsed time=5.547
++ Job #10 finished; elapsed time=5.570
012++ Job #12 finished; elapsed time=5.628
3++ Job #14 finished; elapsed time=5.686
45++ Job #16 finished; elapsed time=5.753
6++ Job #17 finished; elapsed time=5.782
78++ Job #11 finished; elapsed time=5.806
9.
++ Job #0 waiting for children to finish; elapsed time=5.862
++ Job #13 finished; elapsed time=5.875
++ Job #19 finished; elapsed time=5.879
++ Job #15 finished; elapsed time=5.912
++ Job #18 finished; elapsed time=5.980
++ Job #0 now finishing up; elapsed time=6.001
++ Smallest FDR q [0 Full_Fstat] = 1.62065e-12
++ Smallest FDR q [2 AllConds#0_Tstat] = 2.3339e-09
[7m*+ WARNING:[0m Smallest FDR q [4 AllConds#1_Tstat] = 0.101382 ==> few true single voxel detections
++ Smallest FDR q [5 AllConds_Fstat] = 2.24717e-08
++ Smallest FDR q [7 BidsNMiss#0_Tstat] = 1.0544e-10
++ Smallest FDR q [8 BidsNMiss_Fstat] = 1.05439e-10
++ Smallest FDR q [10 CondGtRest_GLT#0_Tstat] = 2.3339e-09
++ Smallest FDR q [11 CondGtRest_GLT_Fstat] = 2.33387e-09
[7m*+ WARNING:[0m Smallest FDR q [13 Pmod_GLT#0_Tstat] = 0.101382 ==> few true single voxel detections
[7m*+ WARNING:[0m Smallest FDR q [14 Pmod_GLT_Fstat] = 0.101385 ==> few true single voxel detections
++ Wrote bucket dataset into ./CHIVES1095_AllCondPmod_stats+tlrc.BRIK
 + created 10 FDR curves in bucket header
++ Wrote 3D+time dataset into ./CHIVES1095_AllCondPmod+tlrc.BRIK
++ Wrote 3D+time dataset into ./CHIVES1095_AllCondPmod+tlrc.BRIK
++ Program finished; elapsed time=21.435
++ 3dREMLfit: AFNI version=AFNI_18.2.04 (Jul  6 2018) [64-bit]
++ Authored by: RWCox
** AFNI converts NIFTI_datatype=4 (INT16) in file /projects/sanlab/shared/CHIVES/bids_data/derivatives/fmriprep/sub-CHIVES1095/ses-wave1/func/s6_sub-CHIVES1095_ses-wave1_task-money_bold_space-MNI152NLin2009cAsym_preproc.nii to FLOAT32
     Warnings of this type will be muted for this session.
     Set AFNI_NIFTI_TYPE_WARN to YES to see them all, NO to see none.
++ Number of voxels in mask = 265190
++ Number of OpenMP threads = 15
++ -----  matrix condition (305x13):  2.07129  ++ VERY GOOD ++
++ Loading input dataset into memory
++ Converting input dataset to vector image
 +  dataset = 1.5 billion [giga] bytes
 +  vectim  = 373 million [mega] bytes
++ starting REML setup calculations; total CPU=0.00 Elapsed=4.11
 + X matrix: 99.319% of elements are nonzero
 + starting 15 OpenMP threads for REML setup
 + REML setup finished: matrix rows=305 cols=13; 109*1 cases; total CPU=0.00 Elapsed=4.12
 +  average case bandwidth = 11.49
++ REML voxel loop: [15 threads]0123456789.012
 + ARMA voxel parameters estimated: total CPU=0.00 Elapsed=17.48
++ GLSQ loop:0123456789.0123456789.0123456789.0123456789.0123456789.
 + GLSQ regression done: total CPU=0.00 Elapsed=40.14
++ Output dataset ./CHIVES1095_AllCondPmod_stats_REMLvar+tlrc.BRIK
++ Output dataset ./CHIVES1095_AllCondPmod_REML+tlrc.BRIK
[7m** ERROR:[0m output dataset name 'CHIVES1095_AllCondPmod_REML' conflicts with existing file
[7m** ERROR:[0m dataset NOT written to disk!
++ creating FDR curves in dataset CHIVES1095_AllCondPmod_stats_REML+tlrc
++ Smallest FDR q [0 Full_Fstat] = 1.53918e-12
++ Smallest FDR q [2 AllConds#0_Tstat] = 8.15724e-08
[7m*+ WARNING:[0m Smallest FDR q [4 AllConds#1_Tstat] = 0.916269 ==> few true single voxel detections
++ Smallest FDR q [5 AllConds_Fstat] = 6.01639e-07
++ Smallest FDR q [7 BidsNMiss#0_Tstat] = 9.25811e-11
++ Smallest FDR q [8 BidsNMiss_Fstat] = 9.25814e-11
++ Smallest FDR q [10 CondGtRest#0_Tstat] = 8.15724e-08
++ Smallest FDR q [11 CondGtRest_Fstat] = 8.15724e-08
[7m*+ WARNING:[0m Smallest FDR q [13 Pmod#0_Tstat] = 0.916269 ==> few true single voxel detections
[7m*+ WARNING:[0m Smallest FDR q [14 Pmod_Fstat] = 0.916269 ==> few true single voxel detections
 + Added 10 FDR curves to dataset CHIVES1095_AllCondPmod_stats_REML+tlrc
++ Output dataset ./CHIVES1095_AllCondPmod_stats_REML+tlrc.BRIK
 + unloading input dataset and REML matrices
++ 3dREMLfit is all done! total CPU=0.00 Elapsed=54.89
** AFNI converts NIFTI_datatype=4 (INT16) in file /projects/sanlab/shared/CHIVES/bids_data/derivatives/fmriprep/sub-CHIVES1095/ses-wave1/func/s6_sub-CHIVES1095_ses-wave1_task-money_bold_space-MNI152NLin2009cAsym_preproc.nii to FLOAT32
     Warnings of this type will be muted for this session.
     Set AFNI_NIFTI_TYPE_WARN to YES to see them all, NO to see none.
++ '-stim_times_AM2 1 /projects/sanlab/shared/CHIVES/CHIVES_WTP_scripts/behavioral/money/afni_timing_files/CHIVES1095/HealthyPmod.1D' has 1 auxiliary values per time point
++ '-stim_times_AM2 1 /projects/sanlab/shared/CHIVES/CHIVES_WTP_scripts/behavioral/money/afni_timing_files/CHIVES1095/HealthyPmod.1D' will have 2 regressors
++ '-stim_times_AM2 2 /projects/sanlab/shared/CHIVES/CHIVES_WTP_scripts/behavioral/money/afni_timing_files/CHIVES1095/UnhealthyPmod.1D' has 1 auxiliary values per time point
++ '-stim_times_AM2 2 /projects/sanlab/shared/CHIVES/CHIVES_WTP_scripts/behavioral/money/afni_timing_files/CHIVES1095/UnhealthyPmod.1D' will have 2 regressors
++ '-stim_times_AM1 3 /projects/sanlab/shared/CHIVES/CHIVES_WTP_scripts/behavioral/money/afni_timing_files/CHIVES1095/BidOnsDur.1D' has 1 auxiliary values per time point
++ '-stim_times_AM1 3': basis function model 'dmBLOCK(1)' uses 1 parameters,
    out of the 1 found in timing file '/projects/sanlab/shared/CHIVES/CHIVES_WTP_scripts/behavioral/money/afni_timing_files/CHIVES1095/BidOnsDur.1D'
++ 3dDeconvolve extending num_stimts from 3 to 7 due to -ortvec
++ 3dDeconvolve: AFNI version=AFNI_18.2.04 (Jul  6 2018) [64-bit]
++ Authored by: B. Douglas Ward, et al.
++ current memory malloc-ated = 285,955 bytes (about 286 thousand [kilo])
++ loading dataset /projects/sanlab/shared/CHIVES/bids_data/derivatives/fmriprep/sub-CHIVES1095/ses-wave1/func/s6_sub-CHIVES1095_ses-wave1_task-money_bold_space-MNI152NLin2009cAsym_preproc.nii
++ current memory malloc-ated = 1,519,465,927 bytes (about 1.5 billion [giga])
++ forcibly using TR=2.0000 seconds for -input dataset
++ Skipping check for initial transients
++ Imaging duration=702.0 s; Automatic polort=5
++ -stim_times using TR=2 s for stimulus timing conversion
++ -stim_times using TR=2 s for any -iresp output datasets
++  [you can alter the -iresp TR via the -TR_times option]
++ ** -stim_times NOTE ** guessing GLOBAL times if 1 time per line; LOCAL otherwise
++ ** GUESSED ** -stim_times_AM2 1 using LOCAL times
++ '-stim_times_AM2 1' average amplitude#1=0.672414
++ ** GUESSED ** -stim_times_AM2 2 using LOCAL times
++ '-stim_times_AM2 2' average amplitude#1=0.241379
++ ** GUESSED ** -stim_times_AM1 3 using LOCAL times
------------------------------------------------------------
GLT matrix from 'SYM: HealthyPmod[0]':
   0   0   0   0   0   0   1   0   0   0   0   0   0   0   0 
 
------------------------------------------------------------
GLT matrix from 'SYM: HealthyPmod[1]':
   0   0   0   0   0   0   0   1   0   0   0   0   0   0   0 
 
------------------------------------------------------------
GLT matrix from 'SYM: UnhealthyPmod[0]':
   0   0   0   0   0   0   0   0   1   0   0   0   0   0   0 
 
------------------------------------------------------------
GLT matrix from 'SYM: UnhealthyPmod[1]':
   0   0   0   0   0   0   0   0   0   1   0   0   0   0   0 
 
------------------------------------------------------------
GLT matrix from 'SYM: HealthyPmod[0] -UnhealthyPmod[0]':
   0   0   0   0   0   0   1   0  -1   0   0   0   0   0   0 
 
------------------------------------------------------------
GLT matrix from 'SYM: HealthyPmod[1] -UnhealthyPmod[1]':
   0   0   0   0   0   0   0   1   0  -1   0   0   0   0   0 
 
++ Number of time points: 351 (before censor) ; 305 (after)
 + Number of parameters:  15 [10 baseline ; 5 signal]
++ total shared memory needed = 3,176,854,760 bytes (about 3.2 billion [giga])
++ current memory malloc-ated = 1,520,598,028 bytes (about 1.5 billion [giga])
++ mmap() memory allocated: 3,176,854,760 bytes (about 3.2 billion [giga])
++ Memory required for output bricks = 3,176,854,760 bytes (about 3.2 billion [giga])
++ Wrote matrix values to file CHIVES1095_2CondPmod_xmat.1D
++ ========= Things you can do with the matrix file =========
++ (a) Linear regression with ARMA(1,1) modeling of serial correlation:

3dREMLfit -matrix CHIVES1095_2CondPmod_xmat.1D -input /projects/sanlab/shared/CHIVES/bids_data/derivatives/fmriprep/sub-CHIVES1095/ses-wave1/func/s6_sub-CHIVES1095_ses-wave1_task-money_bold_space-MNI152NLin2009cAsym_preproc.nii \
 -mask /projects/sanlab/shared/CHIVES/bids_data/derivatives/fmriprep/sub-CHIVES1095/ses-wave1/func/sub-CHIVES1095_ses-wave1_task-money_bold_space-MNI152NLin2009cAsym_brainmask.nii.gz \
 -fout -tout -Rbuck CHIVES1095_2CondPmod_stats_REML -Rvar CHIVES1095_2CondPmod_stats_REMLvar \
 -Rfitts CHIVES1095_2CondPmod_REML -Rerrts CHIVES1095_2CondPmod_REML -verb
 
++ N.B.: 3dREMLfit command above written to file CHIVES1095_2CondPmod_stats.REML_cmd
++ (b) Visualization/analysis of the matrix via ExamineXmat.R
++ (c) Synthesis of sub-model datasets using 3dSynthesize
++ ==========================================================
++ Wrote matrix values to file CHIVES1095_2CondPmod_uncensor_xmat.1D
++ ----- Signal+Baseline matrix condition [X] (305x15):  2.07492  ++ VERY GOOD ++
++ ----- Signal-only matrix condition [X] (305x5):  1.53745  ++ VERY GOOD ++
++ ----- Baseline-only matrix condition [X] (305x10):  1.47019  ++ VERY GOOD ++
++ ----- stim_base-only matrix condition [X] (305x4):  1.17209  ++ VERY GOOD ++
++ ----- polort-only matrix condition [X] (305x6):  1.08173  ++ VERY GOOD ++
++ +++++ Matrix inverse average error = 4.48846e-16  ++ VERY GOOD ++
++ Matrix setup time = 0.02 s
++ Voxels in dataset: 1082035
++ Voxels in mask:    265190
++ Voxels per job:    13259
++ Job #1: processing voxels 182886 to 239625; elapsed time=4.734
++ Job #2: processing voxels 239626 to 284770; elapsed time=4.755
++ Job #3: processing voxels 284771 to 320319; elapsed time=4.778
++ Job #4: processing voxels 320320 to 351989; elapsed time=4.800
++ Job #5: processing voxels 351990 to 382208; elapsed time=4.824
++ Job #6: processing voxels 382209 to 407936; elapsed time=4.847
++ Job #7: processing voxels 407937 to 436760; elapsed time=4.872
++ Job #8: processing voxels 436761 to 462475; elapsed time=4.896
++ Job #9: processing voxels 462476 to 488079; elapsed time=4.921
++ Job #10: processing voxels 488080 to 517330; elapsed time=4.945
++ Job #11: processing voxels 517331 to 543272; elapsed time=4.971
++ Job #12: processing voxels 543273 to 573580; elapsed time=4.995
++ Job #13: processing voxels 573581 to 604274; elapsed time=5.035
++ Job #14: processing voxels 604275 to 632175; elapsed time=5.087
++ Job #15: processing voxels 632176 to 665172; elapsed time=5.125
++ Job #16: processing voxels 665173 to 700107; elapsed time=5.169
++ Job #17: processing voxels 700108 to 742210; elapsed time=5.209
++ Job #18: processing voxels 742211 to 796137; elapsed time=5.236
++ Job #0: processing voxels 0 to 182885; elapsed time=5.286
++ voxel loop:0++ Job #19: processing voxels 796138 to 1082034; elapsed time=5.289
123456789.0123456789.0123456789.0123++ Job #1 finished; elapsed time=5.757
++ Job #3 finished; elapsed time=5.806
456++ Job #5 finished; elapsed time=5.851
++ Job #2 finished; elapsed time=5.854
++ Job #7 finished; elapsed time=5.897
7++ Job #8 finished; elapsed time=5.915
89.++ Job #10 finished; elapsed time=5.928
++ Job #9 finished; elapsed time=5.936
++ Job #4 finished; elapsed time=5.948
++ Job #11 finished; elapsed time=5.990
0++ Job #12 finished; elapsed time=6.033
12++ Job #13 finished; elapsed time=6.054
++ Job #14 finished; elapsed time=6.109
3++ Job #6 finished; elapsed time=6.139
45++ Job #16 finished; elapsed time=6.235
6++ Job #18 finished; elapsed time=6.264
++ Job #15 finished; elapsed time=6.294
++ Job #17 finished; elapsed time=6.299
789.
++ Job #0 waiting for children to finish; elapsed time=6.402
++ Job #19 finished; elapsed time=6.551
++ Job #0 now finishing up; elapsed time=6.570
++ Smallest FDR q [0 Full_Fstat] = 1.37883e-12
++ Smallest FDR q [2 HealthyPmod#0_Tstat] = 6.44151e-05
[7m*+ WARNING:[0m Smallest FDR q [4 HealthyPmod#1_Tstat] = 0.259358 ==> few true single voxel detections
++ Smallest FDR q [5 HealthyPmod_Fstat] = 0.000128585
++ Smallest FDR q [7 UnhealthyPmod#0_Tstat] = 6.88506e-11
++ Smallest FDR q [9 UnhealthyPmod#1_Tstat] = 0.0521271
++ Smallest FDR q [10 UnhealthyPmod_Fstat] = 6.8977e-11
++ Smallest FDR q [12 BidsNMiss#0_Tstat] = 5.93793e-11
++ Smallest FDR q [13 BidsNMiss_Fstat] = 5.93804e-11
++ Smallest FDR q [15 HealthyGtRest_GLT#0_Tstat] = 6.44151e-05
++ Smallest FDR q [16 HealthyGtRest_GLT_Fstat] = 6.44148e-05
[7m*+ WARNING:[0m Smallest FDR q [18 HealthyPmod_GLT#0_Tstat] = 0.259358 ==> few true single voxel detections
[7m*+ WARNING:[0m Smallest FDR q [19 HealthyPmod_GLT_Fstat] = 0.258715 ==> few true single voxel detections
++ Smallest FDR q [21 UnhealthyGtRest_GLT#0_Tstat] = 6.88506e-11
++ Smallest FDR q [22 UnhealthyGtRest_GLT_Fstat] = 6.8853e-11
++ Smallest FDR q [24 UnhealthyPmod_GLT#0_Tstat] = 0.0521271
++ Smallest FDR q [25 UnhealthyPmod_GLT_Fstat] = 0.052128
++ Smallest FDR q [27 HealthyGtUnhealthy_GLT#0_Tstat] = 0.00281043
++ Smallest FDR q [28 HealthyGtUnhealthy_GLT_Fstat] = 0.00281048
[7m*+ WARNING:[0m Smallest FDR q [30 HealthyGtUnhealthyPmod_GLT#0_Tstat] = 0.720413 ==> few true single voxel detections
[7m*+ WARNING:[0m Smallest FDR q [31 HealthyGtUnhealthyPmod_GLT_Fstat] = 0.718859 ==> few true single voxel detections
++ Wrote bucket dataset into ./CHIVES1095_2CondPmod_stats+tlrc.BRIK
 + created 21 FDR curves in bucket header
++ Wrote 3D+time dataset into ./CHIVES1095_2CondPmod+tlrc.BRIK
++ Wrote 3D+time dataset into ./CHIVES1095_2CondPmod+tlrc.BRIK
++ Program finished; elapsed time=34.941
++ 3dREMLfit: AFNI version=AFNI_18.2.04 (Jul  6 2018) [64-bit]
++ Authored by: RWCox
** AFNI converts NIFTI_datatype=4 (INT16) in file /projects/sanlab/shared/CHIVES/bids_data/derivatives/fmriprep/sub-CHIVES1095/ses-wave1/func/s6_sub-CHIVES1095_ses-wave1_task-money_bold_space-MNI152NLin2009cAsym_preproc.nii to FLOAT32
     Warnings of this type will be muted for this session.
     Set AFNI_NIFTI_TYPE_WARN to YES to see them all, NO to see none.
++ Number of voxels in mask = 265190
++ Number of OpenMP threads = 15
++ -----  matrix condition (305x15):  2.07492  ++ VERY GOOD ++
++ Loading input dataset into memory
++ Converting input dataset to vector image
 +  dataset = 1.5 billion [giga] bytes
 +  vectim  = 373 million [mega] bytes
++ starting REML setup calculations; total CPU=0.00 Elapsed=4.16
 + X matrix: 89.311% of elements are nonzero
 + starting 15 OpenMP threads for REML setup
 + REML setup finished: matrix rows=305 cols=15; 109*1 cases; total CPU=0.00 Elapsed=4.16
 +  average case bandwidth = 11.49
++ REML voxel loop: [15 threads]0123456789.012
 + ARMA voxel parameters estimated: total CPU=0.00 Elapsed=17.62
++ GLSQ loop:0123456789.0123456789.0123456789.0123456789.0123456789.
 + GLSQ regression done: total CPU=0.00 Elapsed=50.64
++ Output dataset ./CHIVES1095_2CondPmod_stats_REMLvar+tlrc.BRIK
++ Output dataset ./CHIVES1095_2CondPmod_REML+tlrc.BRIK
[7m** ERROR:[0m output dataset name 'CHIVES1095_2CondPmod_REML' conflicts with existing file
[7m** ERROR:[0m dataset NOT written to disk!
++ creating FDR curves in dataset CHIVES1095_2CondPmod_stats_REML+tlrc
++ Smallest FDR q [0 Full_Fstat] = 2.10031e-12
++ Smallest FDR q [2 HealthyPmod#0_Tstat] = 0.000962735
[7m*+ WARNING:[0m Smallest FDR q [4 HealthyPmod#1_Tstat] = 0.999837 ==> few true single voxel detections
++ Smallest FDR q [5 HealthyPmod_Fstat] = 0.00328458
++ Smallest FDR q [7 UnhealthyPmod#0_Tstat] = 1.09033e-07
[7m*+ WARNING:[0m Smallest FDR q [9 UnhealthyPmod#1_Tstat] = 0.984051 ==> few true single voxel detections
++ Smallest FDR q [10 UnhealthyPmod_Fstat] = 2.23812e-07
++ Smallest FDR q [12 BidsNMiss#0_Tstat] = 1.15427e-10
++ Smallest FDR q [13 BidsNMiss_Fstat] = 1.15426e-10
++ Smallest FDR q [15 HealthyGtRest#0_Tstat] = 0.000962735
++ Smallest FDR q [16 HealthyGtRest_Fstat] = 0.000962735
[7m*+ WARNING:[0m Smallest FDR q [18 HealthyPmod#0_Tstat] = 0.999837 ==> few true single voxel detections
[7m*+ WARNING:[0m Smallest FDR q [19 HealthyPmod_Fstat] = 0.999837 ==> few true single voxel detections
++ Smallest FDR q [21 UnhealthyGtRest#0_Tstat] = 1.09033e-07
++ Smallest FDR q [22 UnhealthyGtRest_Fstat] = 1.09033e-07
[7m*+ WARNING:[0m Smallest FDR q [24 UnhealthyPmod#0_Tstat] = 0.984051 ==> few true single voxel detections
[7m*+ WARNING:[0m Smallest FDR q [25 UnhealthyPmod_Fstat] = 0.984051 ==> few true single voxel detections
[7m*+ WARNING:[0m Smallest FDR q [27 HealthyGtUnhealthy#0_Tstat] = 0.800726 ==> few true single voxel detections
[7m*+ WARNING:[0m Smallest FDR q [28 HealthyGtUnhealthy_Fstat] = 0.800726 ==> few true single voxel detections
[7m*+ WARNING:[0m Smallest FDR q [30 HealthyGtUnhealthyPmod#0_Tstat] = 0.99989 ==> few true single voxel detections
[7m*+ WARNING:[0m Smallest FDR q [31 HealthyGtUnhealthyPmod_Fstat] = 0.99989 ==> few true single voxel detections
 + Added 21 FDR curves to dataset CHIVES1095_2CondPmod_stats_REML+tlrc
++ Output dataset ./CHIVES1095_2CondPmod_stats_REML+tlrc.BRIK
 + unloading input dataset and REML matrices
++ 3dREMLfit is all done! total CPU=0.00 Elapsed=77.10
** AFNI converts NIFTI_datatype=4 (INT16) in file /projects/sanlab/shared/CHIVES/bids_data/derivatives/fmriprep/sub-CHIVES1095/ses-wave1/func/s6_sub-CHIVES1095_ses-wave1_task-money_bold_space-MNI152NLin2009cAsym_preproc.nii to FLOAT32
     Warnings of this type will be muted for this session.
     Set AFNI_NIFTI_TYPE_WARN to YES to see them all, NO to see none.
++ '-stim_times_AM1 3 /projects/sanlab/shared/CHIVES/CHIVES_WTP_scripts/behavioral/money/afni_timing_files/CHIVES1095/BidOnsDur.1D' has 1 auxiliary values per time point
++ '-stim_times_AM1 3': basis function model 'dmBLOCK(1)' uses 1 parameters,
    out of the 1 found in timing file '/projects/sanlab/shared/CHIVES/CHIVES_WTP_scripts/behavioral/money/afni_timing_files/CHIVES1095/BidOnsDur.1D'
++ 3dDeconvolve extending num_stimts from 3 to 7 due to -ortvec
++ 3dDeconvolve: AFNI version=AFNI_18.2.04 (Jul  6 2018) [64-bit]
++ Authored by: B. Douglas Ward, et al.
++ current memory malloc-ated = 269,719 bytes (about 270 thousand [kilo])
++ loading dataset /projects/sanlab/shared/CHIVES/bids_data/derivatives/fmriprep/sub-CHIVES1095/ses-wave1/func/s6_sub-CHIVES1095_ses-wave1_task-money_bold_space-MNI152NLin2009cAsym_preproc.nii
++ current memory malloc-ated = 1,519,449,691 bytes (about 1.5 billion [giga])
++ forcibly using TR=2.0000 seconds for -input dataset
++ Skipping check for initial transients
++ Imaging duration=702.0 s; Automatic polort=5
++ -stim_times using TR=2 s for stimulus timing conversion
++ -stim_times using TR=2 s for any -iresp output datasets
++  [you can alter the -iresp TR via the -TR_times option]
++ ** -stim_times NOTE ** guessing GLOBAL times if 1 time per line; LOCAL otherwise
++ ** GUESSED ** -stim_times 1 using LOCAL times
++ ** GUESSED ** -stim_times 2 using LOCAL times
++ ** GUESSED ** -stim_times_AM1 3 using LOCAL times
------------------------------------------------------------
GLT matrix from 'SYM: Healthy':
   0   0   0   0   0   0   1   0   0   0   0   0   0 
 
------------------------------------------------------------
GLT matrix from 'SYM: Unhealthy':
   0   0   0   0   0   0   0   1   0   0   0   0   0 
 
------------------------------------------------------------
GLT matrix from 'SYM: Healthy -Unhealthy':
   0   0   0   0   0   0   1  -1   0   0   0   0   0 
 
++ Number of time points: 351 (before censor) ; 305 (after)
 + Number of parameters:  13 [10 baseline ; 3 signal]
++ total shared memory needed = 3,120,588,940 bytes (about 3.1 billion [giga])
++ current memory malloc-ated = 1,520,577,310 bytes (about 1.5 billion [giga])
++ mmap() memory allocated: 3,120,588,940 bytes (about 3.1 billion [giga])
++ Memory required for output bricks = 3,120,588,940 bytes (about 3.1 billion [giga])
++ Wrote matrix values to file CHIVES1095_2Cond_xmat.1D
++ ========= Things you can do with the matrix file =========
++ (a) Linear regression with ARMA(1,1) modeling of serial correlation:

3dREMLfit -matrix CHIVES1095_2Cond_xmat.1D -input /projects/sanlab/shared/CHIVES/bids_data/derivatives/fmriprep/sub-CHIVES1095/ses-wave1/func/s6_sub-CHIVES1095_ses-wave1_task-money_bold_space-MNI152NLin2009cAsym_preproc.nii \
 -mask /projects/sanlab/shared/CHIVES/bids_data/derivatives/fmriprep/sub-CHIVES1095/ses-wave1/func/sub-CHIVES1095_ses-wave1_task-money_bold_space-MNI152NLin2009cAsym_brainmask.nii.gz \
 -fout -tout -Rbuck CHIVES1095_2Cond_stats_REML -Rvar CHIVES1095_2Cond_stats_REMLvar \
 -Rfitts CHIVES1095_2Cond_REML -Rerrts CHIVES1095_2Cond_REML -verb
 
++ N.B.: 3dREMLfit command above written to file CHIVES1095_2Cond_stats.REML_cmd
++ (b) Visualization/analysis of the matrix via ExamineXmat.R
++ (c) Synthesis of sub-model datasets using 3dSynthesize
++ ==========================================================
++ Wrote matrix values to file CHIVES1095_2Cond_uncensor_xmat.1D
++ ----- Signal+Baseline matrix condition [X] (305x13):  2.06969  ++ VERY GOOD ++
++ ----- Signal-only matrix condition [X] (305x3):  1.52946  ++ VERY GOOD ++
++ ----- Baseline-only matrix condition [X] (305x10):  1.47019  ++ VERY GOOD ++
++ ----- stim_base-only matrix condition [X] (305x4):  1.17209  ++ VERY GOOD ++
++ ----- polort-only matrix condition [X] (305x6):  1.08173  ++ VERY GOOD ++
++ +++++ Matrix inverse average error = 3.75733e-16  ++ VERY GOOD ++
++ Matrix setup time = 0.01 s
++ Voxels in dataset: 1082035
++ Voxels in mask:    265190
++ Voxels per job:    13259
++ Job #1: processing voxels 182886 to 239625; elapsed time=4.241
++ Job #2: processing voxels 239626 to 284770; elapsed time=4.260
++ Job #3: processing voxels 284771 to 320319; elapsed time=4.281
++ Job #4: processing voxels 320320 to 351989; elapsed time=4.301
++ Job #5: processing voxels 351990 to 382208; elapsed time=4.323
++ Job #6: processing voxels 382209 to 407936; elapsed time=4.344
++ Job #7: processing voxels 407937 to 436760; elapsed time=4.367
++ Job #8: processing voxels 436761 to 462475; elapsed time=4.389
++ Job #9: processing voxels 462476 to 488079; elapsed time=4.412
++ Job #10: processing voxels 488080 to 517330; elapsed time=4.435
++ Job #11: processing voxels 517331 to 543272; elapsed time=4.459
++ Job #12: processing voxels 543273 to 573580; elapsed time=4.482
++ Job #13: processing voxels 573581 to 604274; elapsed time=4.519
++ Job #14: processing voxels 604275 to 632175; elapsed time=4.529
++ Job #15: processing voxels 632176 to 665172; elapsed time=4.553
++ Job #16: processing voxels 665173 to 700107; elapsed time=4.589
++ Job #17: processing voxels 700108 to 742210; elapsed time=4.604
++ Job #18: processing voxels 742211 to 796137; elapsed time=4.642
++ Job #19: processing voxels 796138 to 1082034; elapsed time=4.653
++ Job #0: processing voxels 0 to 182885; elapsed time=4.663
++ voxel loop:0123456789.0123456789.0123456789.0123456++ Job #2 finished; elapsed time=5.049
789.++ Job #4 finished; elapsed time=5.090
++ Job #1 finished; elapsed time=5.096
++ Job #3 finished; elapsed time=5.123
++ Job #6 finished; elapsed time=5.128
012++ Job #8 finished; elapsed time=5.179
++ Job #7 finished; elapsed time=5.200
3++ Job #10 finished; elapsed time=5.229
45++ Job #12 finished; elapsed time=5.280
++ Job #11 finished; elapsed time=5.313
6++ Job #14 finished; elapsed time=5.325
++ Job #15 finished; elapsed time=5.352
78++ Job #17 finished; elapsed time=5.398
9.
++ Job #0 waiting for children to finish; elapsed time=5.430
++ Job #19 finished; elapsed time=5.466
++ Job #5 finished; elapsed time=5.523
++ Job #9 finished; elapsed time=5.593
++ Job #13 finished; elapsed time=5.665
++ Job #18 finished; elapsed time=5.753
++ Job #16 finished; elapsed time=5.774
++ Job #0 now finishing up; elapsed time=5.791
++ Smallest FDR q [0 Full_Fstat] = 1.13027e-12
++ Smallest FDR q [2 Healthy#0_Tstat] = 3.71552e-05
++ Smallest FDR q [3 Healthy_Fstat] = 3.71558e-05
++ Smallest FDR q [5 Unhealthy#0_Tstat] = 6.3852e-11
++ Smallest FDR q [6 Unhealthy_Fstat] = 6.38514e-11
++ Smallest FDR q [8 BidsNMiss#0_Tstat] = 8.70731e-11
++ Smallest FDR q [9 BidsNMiss_Fstat] = 8.7075e-11
++ Smallest FDR q [11 HealthyGtRest_GLT#0_Tstat] = 3.71552e-05
++ Smallest FDR q [12 HealthyGtRest_GLT_Fstat] = 3.71562e-05
++ Smallest FDR q [14 UnhealthyGtRest_GLT#0_Tstat] = 6.3852e-11
++ Smallest FDR q [15 UnhealthyGtRest_GLT_Fstat] = 6.38526e-11
++ Smallest FDR q [17 HealthyGtUnhealthy_GLT#0_Tstat] = 0.0015452
++ Smallest FDR q [18 HealthyGtUnhealthy_GLT_Fstat] = 0.00154522
++ Wrote bucket dataset into ./CHIVES1095_2Cond_stats+tlrc.BRIK
 + created 13 FDR curves in bucket header
++ Wrote 3D+time dataset into ./CHIVES1095_2Cond+tlrc.BRIK
++ Wrote 3D+time dataset into ./CHIVES1095_2Cond+tlrc.BRIK
++ Program finished; elapsed time=24.291
++ 3dREMLfit: AFNI version=AFNI_18.2.04 (Jul  6 2018) [64-bit]
++ Authored by: RWCox
** AFNI converts NIFTI_datatype=4 (INT16) in file /projects/sanlab/shared/CHIVES/bids_data/derivatives/fmriprep/sub-CHIVES1095/ses-wave1/func/s6_sub-CHIVES1095_ses-wave1_task-money_bold_space-MNI152NLin2009cAsym_preproc.nii to FLOAT32
     Warnings of this type will be muted for this session.
     Set AFNI_NIFTI_TYPE_WARN to YES to see them all, NO to see none.
++ Number of voxels in mask = 265190
++ Number of OpenMP threads = 15
++ -----  matrix condition (305x13):  2.06969  ++ VERY GOOD ++
++ Loading input dataset into memory
++ Converting input dataset to vector image
 +  dataset = 1.5 billion [giga] bytes
 +  vectim  = 373 million [mega] bytes
++ starting REML setup calculations; total CPU=0.00 Elapsed=4.42
 + X matrix: 93.745% of elements are nonzero
 + starting 15 OpenMP threads for REML setup
 + REML setup finished: matrix rows=305 cols=13; 109*1 cases; total CPU=0.00 Elapsed=4.42
 +  average case bandwidth = 11.49
++ REML voxel loop: [15 threads]0123456789.012
 + ARMA voxel parameters estimated: total CPU=0.00 Elapsed=17.34
++ GLSQ loop:0123456789.0123456789.0123456789.0123456789.0123456789.
 + GLSQ regression done: total CPU=0.00 Elapsed=43.63
++ Output dataset ./CHIVES1095_2Cond_stats_REMLvar+tlrc.BRIK
++ Output dataset ./CHIVES1095_2Cond_REML+tlrc.BRIK
[7m** ERROR:[0m output dataset name 'CHIVES1095_2Cond_REML' conflicts with existing file
[7m** ERROR:[0m dataset NOT written to disk!
++ creating FDR curves in dataset CHIVES1095_2Cond_stats_REML+tlrc
++ Smallest FDR q [0 Full_Fstat] = 1.26998e-12
++ Smallest FDR q [2 Healthy#0_Tstat] = 0.000859811
++ Smallest FDR q [3 Healthy_Fstat] = 0.00085981
++ Smallest FDR q [5 Unhealthy#0_Tstat] = 5.06644e-08
++ Smallest FDR q [6 Unhealthy_Fstat] = 5.06646e-08
++ Smallest FDR q [8 BidsNMiss#0_Tstat] = 1.36484e-10
++ Smallest FDR q [9 BidsNMiss_Fstat] = 1.36484e-10
++ Smallest FDR q [11 HealthyGtRest#0_Tstat] = 0.000859811
++ Smallest FDR q [12 HealthyGtRest_Fstat] = 0.00085981
++ Smallest FDR q [14 UnhealthyGtRest#0_Tstat] = 5.06644e-08
++ Smallest FDR q [15 UnhealthyGtRest_Fstat] = 5.06646e-08
[7m*+ WARNING:[0m Smallest FDR q [17 HealthyGtUnhealthy#0_Tstat] = 0.774388 ==> few true single voxel detections
[7m*+ WARNING:[0m Smallest FDR q [18 HealthyGtUnhealthy_Fstat] = 0.774388 ==> few true single voxel detections
 + Added 13 FDR curves to dataset CHIVES1095_2Cond_stats_REML+tlrc
++ Output dataset ./CHIVES1095_2Cond_stats_REML+tlrc.BRIK
 + unloading input dataset and REML matrices
++ 3dREMLfit is all done! total CPU=0.00 Elapsed=61.18
