** AFNI converts NIFTI_datatype=4 (INT16) in file /projects/sanlab/shared/CHIVES/bids_data/derivatives/fmriprep/sub-CHIVES1089/ses-wave1/func/s6_sub-CHIVES1089_ses-wave1_task-money_bold_space-MNI152NLin2009cAsym_preproc.nii to FLOAT32
     Warnings of this type will be muted for this session.
     Set AFNI_NIFTI_TYPE_WARN to YES to see them all, NO to see none.
++ '-stim_times_AM2 1 /projects/sanlab/shared/CHIVES/CHIVES_WTP_scripts/behavioral/money/afni_timing_files/CHIVES1089/AllCondsPmod.1D' has 1 auxiliary values per time point
++ '-stim_times_AM2 1 /projects/sanlab/shared/CHIVES/CHIVES_WTP_scripts/behavioral/money/afni_timing_files/CHIVES1089/AllCondsPmod.1D' will have 2 regressors
++ '-stim_times_AM1 2 /projects/sanlab/shared/CHIVES/CHIVES_WTP_scripts/behavioral/money/afni_timing_files/CHIVES1089/BidOnsDur.1D' has 1 auxiliary values per time point
++ '-stim_times_AM1 2': basis function model 'dmBLOCK(1)' uses 1 parameters,
    out of the 1 found in timing file '/projects/sanlab/shared/CHIVES/CHIVES_WTP_scripts/behavioral/money/afni_timing_files/CHIVES1089/BidOnsDur.1D'
++ 3dDeconvolve extending num_stimts from 2 to 6 due to -ortvec
++ 3dDeconvolve: AFNI version=AFNI_18.2.04 (Jul  6 2018) [64-bit]
++ Authored by: B. Douglas Ward, et al.
++ current memory malloc-ated = 260,025 bytes (about 260 thousand [kilo])
++ loading dataset /projects/sanlab/shared/CHIVES/bids_data/derivatives/fmriprep/sub-CHIVES1089/ses-wave1/func/s6_sub-CHIVES1089_ses-wave1_task-money_bold_space-MNI152NLin2009cAsym_preproc.nii
++ current memory malloc-ated = 1,545,408,885 bytes (about 1.5 billion [giga])
++ forcibly using TR=2.0000 seconds for -input dataset
++ Skipping check for initial transients
++ Imaging duration=714.0 s; Automatic polort=5
++ -stim_times using TR=2 s for stimulus timing conversion
++ -stim_times using TR=2 s for any -iresp output datasets
++  [you can alter the -iresp TR via the -TR_times option]
++ ** -stim_times NOTE ** guessing GLOBAL times if 1 time per line; LOCAL otherwise
++ ** GUESSED ** -stim_times_AM2 1 using LOCAL times
++ '-stim_times_AM2 1' average amplitude#1=1.18333
++ ** GUESSED ** -stim_times_AM1 2 using LOCAL times
------------------------------------------------------------
GLT matrix from 'SYM: AllConds[0]':
   0   0   0   0   0   0   1   0   0   0   0   0   0 
 
------------------------------------------------------------
GLT matrix from 'SYM: AllConds[1]':
   0   0   0   0   0   0   0   1   0   0   0   0   0 
 
++ Number of time points: 357 (before censor) ; 349 (after)
 + Number of parameters:  13 [10 baseline ; 3 signal]
++ total shared memory needed = 3,155,214,060 bytes (about 3.2 billion [giga])
++ current memory malloc-ated = 1,546,536,826 bytes (about 1.5 billion [giga])
++ mmap() memory allocated: 3,155,214,060 bytes (about 3.2 billion [giga])
++ Memory required for output bricks = 3,155,214,060 bytes (about 3.2 billion [giga])
++ Wrote matrix values to file CHIVES1089_AllCondPmod_xmat.1D
++ ========= Things you can do with the matrix file =========
++ (a) Linear regression with ARMA(1,1) modeling of serial correlation:

3dREMLfit -matrix CHIVES1089_AllCondPmod_xmat.1D -input /projects/sanlab/shared/CHIVES/bids_data/derivatives/fmriprep/sub-CHIVES1089/ses-wave1/func/s6_sub-CHIVES1089_ses-wave1_task-money_bold_space-MNI152NLin2009cAsym_preproc.nii \
 -mask /projects/sanlab/shared/CHIVES/bids_data/derivatives/fmriprep/sub-CHIVES1089/ses-wave1/func/sub-CHIVES1089_ses-wave1_task-money_bold_space-MNI152NLin2009cAsym_brainmask.nii.gz \
 -fout -tout -Rbuck CHIVES1089_AllCondPmod_stats_REML -Rvar CHIVES1089_AllCondPmod_stats_REMLvar \
 -Rfitts CHIVES1089_AllCondPmod_REML -Rerrts CHIVES1089_AllCondPmod_REML -verb
 
++ N.B.: 3dREMLfit command above written to file CHIVES1089_AllCondPmod_stats.REML_cmd
++ (b) Visualization/analysis of the matrix via ExamineXmat.R
++ (c) Synthesis of sub-model datasets using 3dSynthesize
++ ==========================================================
++ Wrote matrix values to file CHIVES1089_AllCondPmod_uncensor_xmat.1D
++ ----- Signal+Baseline matrix condition [X] (349x13):  2.49373  ++ VERY GOOD ++
++ ----- Signal-only matrix condition [X] (349x3):  1.60172  ++ VERY GOOD ++
++ ----- Baseline-only matrix condition [X] (349x10):  2.46093  ++ VERY GOOD ++
++ ----- stim_base-only matrix condition [X] (349x4):  1.43571  ++ VERY GOOD ++
++ ----- polort-only matrix condition [X] (349x6):  1.05107  ++ VERY GOOD ++
++ +++++ Matrix inverse average error = 8.81744e-16  ++ VERY GOOD ++
++ Matrix setup time = 0.01 s
++ Voxels in dataset: 1082035
++ Voxels in mask:    268164
++ Voxels per job:    13408
++ Job #1: processing voxels 183853 to 239913; elapsed time=5.162
++ Job #2: processing voxels 239914 to 284430; elapsed time=5.181
++ Job #3: processing voxels 284431 to 319295; elapsed time=5.203
++ Job #4: processing voxels 319296 to 351177; elapsed time=5.224
++ Job #5: processing voxels 351178 to 381237; elapsed time=5.246
++ Job #6: processing voxels 381238 to 407413; elapsed time=5.268
++ Job #7: processing voxels 407414 to 433746; elapsed time=5.291
++ Job #8: processing voxels 433747 to 462273; elapsed time=5.315
++ Job #9: processing voxels 462274 to 487978; elapsed time=5.339
++ Job #10: processing voxels 487979 to 517249; elapsed time=5.362
++ Job #11: processing voxels 517250 to 543257; elapsed time=5.386
++ Job #12: processing voxels 543258 to 573523; elapsed time=5.410
++ Job #13: processing voxels 573524 to 604251; elapsed time=5.448
++ Job #14: processing voxels 604252 to 632278; elapsed time=5.458
++ Job #15: processing voxels 632279 to 665206; elapsed time=5.482
++ Job #16: processing voxels 665207 to 700286; elapsed time=5.521
++ Job #17: processing voxels 700287 to 742314; elapsed time=5.531
++ Job #18: processing voxels 742315 to 795942; elapsed time=5.572
++ Job #0: processing voxels 0 to 183852; elapsed time=5.593
++ voxel loop:0123++ Job #19: processing voxels 795943 to 1082034; elapsed time=5.596
456789.0123456789.0123456789.0123456789.++ Job #2 finished; elapsed time=5.971
++ Job #1 finished; elapsed time=5.983
++ Job #4 finished; elapsed time=6.010
++ Job #3 finished; elapsed time=6.024
0++ Job #6 finished; elapsed time=6.051
12++ Job #8 finished; elapsed time=6.104
3++ Job #10 finished; elapsed time=6.144
45++ Job #12 finished; elapsed time=6.194
++ Job #9 finished; elapsed time=6.224
++ Job #14 finished; elapsed time=6.236
6++ Job #15 finished; elapsed time=6.265
78++ Job #13 finished; elapsed time=6.296
++ Job #17 finished; elapsed time=6.308
++ Job #5 finished; elapsed time=6.320
++ Job #7 finished; elapsed time=6.353
9.
++ Job #0 waiting for children to finish; elapsed time=6.354
++ Job #11 finished; elapsed time=6.360
++ Job #18 finished; elapsed time=6.462
++ Job #16 finished; elapsed time=6.557
++ Job #19 finished; elapsed time=6.741
++ Job #0 now finishing up; elapsed time=6.759
++ Smallest FDR q [0 Full_Fstat] = 8.58916e-15
++ Smallest FDR q [2 AllConds#0_Tstat] = 5.96481e-14
++ Smallest FDR q [4 AllConds#1_Tstat] = 3.15766e-06
++ Smallest FDR q [5 AllConds_Fstat] = 4.34263e-14
++ Smallest FDR q [7 BidsNMiss#0_Tstat] = 4.70665e-14
++ Smallest FDR q [8 BidsNMiss_Fstat] = 4.70665e-14
++ Smallest FDR q [10 CondGtRest_GLT#0_Tstat] = 5.96481e-14
++ Smallest FDR q [11 CondGtRest_GLT_Fstat] = 5.96522e-14
++ Smallest FDR q [13 Pmod_GLT#0_Tstat] = 3.15766e-06
++ Smallest FDR q [14 Pmod_GLT_Fstat] = 3.15761e-06
++ Wrote bucket dataset into ./CHIVES1089_AllCondPmod_stats+tlrc.BRIK
 + created 10 FDR curves in bucket header
++ Wrote 3D+time dataset into ./CHIVES1089_AllCondPmod+tlrc.BRIK
++ Wrote 3D+time dataset into ./CHIVES1089_AllCondPmod+tlrc.BRIK
++ Program finished; elapsed time=22.989
++ 3dREMLfit: AFNI version=AFNI_18.2.04 (Jul  6 2018) [64-bit]
++ Authored by: RWCox
** AFNI converts NIFTI_datatype=4 (INT16) in file /projects/sanlab/shared/CHIVES/bids_data/derivatives/fmriprep/sub-CHIVES1089/ses-wave1/func/s6_sub-CHIVES1089_ses-wave1_task-money_bold_space-MNI152NLin2009cAsym_preproc.nii to FLOAT32
     Warnings of this type will be muted for this session.
     Set AFNI_NIFTI_TYPE_WARN to YES to see them all, NO to see none.
++ Number of voxels in mask = 268164
++ Number of OpenMP threads = 15
++ -----  matrix condition (349x13):  2.49373  ++ VERY GOOD ++
++ Loading input dataset into memory
++ Converting input dataset to vector image
 +  dataset = 1.5 billion [giga] bytes
 +  vectim  = 384 million [mega] bytes
++ starting REML setup calculations; total CPU=0.00 Elapsed=4.64
 + X matrix: 99.758% of elements are nonzero
 + starting 15 OpenMP threads for REML setup
 + REML setup finished: matrix rows=349 cols=13; 109*1 cases; total CPU=0.00 Elapsed=4.65
 +  average case bandwidth = 12.80
++ REML voxel loop: [15 threads]0123456789.012
 + ARMA voxel parameters estimated: total CPU=0.00 Elapsed=21.34
++ GLSQ loop:0123456789.0123456789.0123456789.0123456789.0123456789.
 + GLSQ regression done: total CPU=0.00 Elapsed=48.46
++ Output dataset ./CHIVES1089_AllCondPmod_stats_REMLvar+tlrc.BRIK
++ Output dataset ./CHIVES1089_AllCondPmod_REML+tlrc.BRIK
[7m** ERROR:[0m output dataset name 'CHIVES1089_AllCondPmod_REML' conflicts with existing file
[7m** ERROR:[0m dataset NOT written to disk!
++ creating FDR curves in dataset CHIVES1089_AllCondPmod_stats_REML+tlrc
++ Smallest FDR q [0 Full_Fstat] = 9.94636e-15
++ Smallest FDR q [2 AllConds#0_Tstat] = 4.54903e-14
++ Smallest FDR q [4 AllConds#1_Tstat] = 0.0592881
++ Smallest FDR q [5 AllConds_Fstat] = 5.20046e-14
++ Smallest FDR q [7 BidsNMiss#0_Tstat] = 4.38124e-14
++ Smallest FDR q [8 BidsNMiss_Fstat] = 4.38124e-14
++ Smallest FDR q [10 CondGtRest#0_Tstat] = 4.54903e-14
++ Smallest FDR q [11 CondGtRest_Fstat] = 4.54903e-14
++ Smallest FDR q [13 Pmod#0_Tstat] = 0.0592881
++ Smallest FDR q [14 Pmod_Fstat] = 0.0592881
 + Added 10 FDR curves to dataset CHIVES1089_AllCondPmod_stats_REML+tlrc
++ Output dataset ./CHIVES1089_AllCondPmod_stats_REML+tlrc.BRIK
 + unloading input dataset and REML matrices
++ 3dREMLfit is all done! total CPU=0.00 Elapsed=64.07
** AFNI converts NIFTI_datatype=4 (INT16) in file /projects/sanlab/shared/CHIVES/bids_data/derivatives/fmriprep/sub-CHIVES1089/ses-wave1/func/s6_sub-CHIVES1089_ses-wave1_task-money_bold_space-MNI152NLin2009cAsym_preproc.nii to FLOAT32
     Warnings of this type will be muted for this session.
     Set AFNI_NIFTI_TYPE_WARN to YES to see them all, NO to see none.
++ '-stim_times_AM2 1 /projects/sanlab/shared/CHIVES/CHIVES_WTP_scripts/behavioral/money/afni_timing_files/CHIVES1089/HealthyPmod.1D' has 1 auxiliary values per time point
++ '-stim_times_AM2 1 /projects/sanlab/shared/CHIVES/CHIVES_WTP_scripts/behavioral/money/afni_timing_files/CHIVES1089/HealthyPmod.1D' will have 2 regressors
++ '-stim_times_AM2 2 /projects/sanlab/shared/CHIVES/CHIVES_WTP_scripts/behavioral/money/afni_timing_files/CHIVES1089/UnhealthyPmod.1D' has 1 auxiliary values per time point
++ '-stim_times_AM2 2 /projects/sanlab/shared/CHIVES/CHIVES_WTP_scripts/behavioral/money/afni_timing_files/CHIVES1089/UnhealthyPmod.1D' will have 2 regressors
++ '-stim_times_AM1 3 /projects/sanlab/shared/CHIVES/CHIVES_WTP_scripts/behavioral/money/afni_timing_files/CHIVES1089/BidOnsDur.1D' has 1 auxiliary values per time point
++ '-stim_times_AM1 3': basis function model 'dmBLOCK(1)' uses 1 parameters,
    out of the 1 found in timing file '/projects/sanlab/shared/CHIVES/CHIVES_WTP_scripts/behavioral/money/afni_timing_files/CHIVES1089/BidOnsDur.1D'
++ 3dDeconvolve extending num_stimts from 3 to 7 due to -ortvec
++ 3dDeconvolve: AFNI version=AFNI_18.2.04 (Jul  6 2018) [64-bit]
++ Authored by: B. Douglas Ward, et al.
++ current memory malloc-ated = 287,291 bytes (about 287 thousand [kilo])
++ loading dataset /projects/sanlab/shared/CHIVES/bids_data/derivatives/fmriprep/sub-CHIVES1089/ses-wave1/func/s6_sub-CHIVES1089_ses-wave1_task-money_bold_space-MNI152NLin2009cAsym_preproc.nii
++ current memory malloc-ated = 1,545,436,151 bytes (about 1.5 billion [giga])
++ forcibly using TR=2.0000 seconds for -input dataset
++ Skipping check for initial transients
++ Imaging duration=714.0 s; Automatic polort=5
++ -stim_times using TR=2 s for stimulus timing conversion
++ -stim_times using TR=2 s for any -iresp output datasets
++  [you can alter the -iresp TR via the -TR_times option]
++ ** -stim_times NOTE ** guessing GLOBAL times if 1 time per line; LOCAL otherwise
++ ** GUESSED ** -stim_times_AM2 1 using LOCAL times
++ '-stim_times_AM2 1' average amplitude#1=1.61667
++ ** GUESSED ** -stim_times_AM2 2 using LOCAL times
++ '-stim_times_AM2 2' average amplitude#1=0.75
++ ** GUESSED ** -stim_times_AM1 3 using LOCAL times
------------------------------------------------------------
GLT matrix from 'SYM: HealthyPmod[0]':
   0   0   0   0   0   0   1   0   0   0   0   0   0   0   0 
 
------------------------------------------------------------
GLT matrix from 'SYM: HealthyPmod[1]':
   0   0   0   0   0   0   0   1   0   0   0   0   0   0   0 
 
------------------------------------------------------------
GLT matrix from 'SYM: UnhealthyPmod[0]':
   0   0   0   0   0   0   0   0   1   0   0   0   0   0   0 
 
------------------------------------------------------------
GLT matrix from 'SYM: UnhealthyPmod[1]':
   0   0   0   0   0   0   0   0   0   1   0   0   0   0   0 
 
------------------------------------------------------------
GLT matrix from 'SYM: HealthyPmod[0] -UnhealthyPmod[0]':
   0   0   0   0   0   0   1   0  -1   0   0   0   0   0   0 
 
------------------------------------------------------------
GLT matrix from 'SYM: HealthyPmod[1] -UnhealthyPmod[1]':
   0   0   0   0   0   0   0   1   0  -1   0   0   0   0   0 
 
++ Number of time points: 357 (before censor) ; 349 (after)
 + Number of parameters:  15 [10 baseline ; 5 signal]
++ total shared memory needed = 3,228,792,440 bytes (about 3.2 billion [giga])
++ current memory malloc-ated = 1,546,568,660 bytes (about 1.5 billion [giga])
++ mmap() memory allocated: 3,228,792,440 bytes (about 3.2 billion [giga])
++ Memory required for output bricks = 3,228,792,440 bytes (about 3.2 billion [giga])
++ Wrote matrix values to file CHIVES1089_2CondPmod_xmat.1D
++ ========= Things you can do with the matrix file =========
++ (a) Linear regression with ARMA(1,1) modeling of serial correlation:

3dREMLfit -matrix CHIVES1089_2CondPmod_xmat.1D -input /projects/sanlab/shared/CHIVES/bids_data/derivatives/fmriprep/sub-CHIVES1089/ses-wave1/func/s6_sub-CHIVES1089_ses-wave1_task-money_bold_space-MNI152NLin2009cAsym_preproc.nii \
 -mask /projects/sanlab/shared/CHIVES/bids_data/derivatives/fmriprep/sub-CHIVES1089/ses-wave1/func/sub-CHIVES1089_ses-wave1_task-money_bold_space-MNI152NLin2009cAsym_brainmask.nii.gz \
 -fout -tout -Rbuck CHIVES1089_2CondPmod_stats_REML -Rvar CHIVES1089_2CondPmod_stats_REMLvar \
 -Rfitts CHIVES1089_2CondPmod_REML -Rerrts CHIVES1089_2CondPmod_REML -verb
 
++ N.B.: 3dREMLfit command above written to file CHIVES1089_2CondPmod_stats.REML_cmd
++ (b) Visualization/analysis of the matrix via ExamineXmat.R
++ (c) Synthesis of sub-model datasets using 3dSynthesize
++ ==========================================================
++ Wrote matrix values to file CHIVES1089_2CondPmod_uncensor_xmat.1D
++ ----- Signal+Baseline matrix condition [X] (349x15):  2.50169  ++ VERY GOOD ++
++ ----- Signal-only matrix condition [X] (349x5):  1.60179  ++ VERY GOOD ++
++ ----- Baseline-only matrix condition [X] (349x10):  2.46093  ++ VERY GOOD ++
++ ----- stim_base-only matrix condition [X] (349x4):  1.43571  ++ VERY GOOD ++
++ ----- polort-only matrix condition [X] (349x6):  1.05107  ++ VERY GOOD ++
++ +++++ Matrix inverse average error = 8.10525e-16  ++ VERY GOOD ++
++ Matrix setup time = 0.02 s
++ Voxels in dataset: 1082035
++ Voxels in mask:    268164
++ Voxels per job:    13408
++ Job #1: processing voxels 183853 to 239913; elapsed time=4.290
++ Job #2: processing voxels 239914 to 284430; elapsed time=4.310
++ Job #3: processing voxels 284431 to 319295; elapsed time=4.331
++ Job #4: processing voxels 319296 to 351177; elapsed time=4.351
++ Job #5: processing voxels 351178 to 381237; elapsed time=4.374
++ Job #6: processing voxels 381238 to 407413; elapsed time=4.395
++ Job #7: processing voxels 407414 to 433746; elapsed time=4.418
++ Job #8: processing voxels 433747 to 462273; elapsed time=4.440
++ Job #9: processing voxels 462274 to 487978; elapsed time=4.464
++ Job #10: processing voxels 487979 to 517249; elapsed time=4.487
++ Job #11: processing voxels 517250 to 543257; elapsed time=4.511
++ Job #12: processing voxels 543258 to 573523; elapsed time=4.534
++ Job #13: processing voxels 573524 to 604251; elapsed time=4.571
++ Job #14: processing voxels 604252 to 632278; elapsed time=4.582
++ Job #15: processing voxels 632279 to 665206; elapsed time=4.606
++ Job #16: processing voxels 665207 to 700286; elapsed time=4.636
++ Job #17: processing voxels 700287 to 742314; elapsed time=4.656
++ Job #18: processing voxels 742315 to 795942; elapsed time=4.683
++ Job #19: processing voxels 795943 to 1082034; elapsed time=4.708
++ Job #0: processing voxels 0 to 183852; elapsed time=4.716
++ voxel loop:0123456789.0123456789.0123456789.0123456789.012++ Job #2 finished; elapsed time=5.404
++ Job #4 finished; elapsed time=5.441
++ Job #1 finished; elapsed time=5.447
++ Job #3 finished; elapsed time=5.470
3++ Job #6 finished; elapsed time=5.476
45++ Job #5 finished; elapsed time=5.507
++ Job #8 finished; elapsed time=5.526
++ Job #7 finished; elapsed time=5.544
++ Job #10 finished; elapsed time=5.573
++ Job #9 finished; elapsed time=5.577
++ Job #12 finished; elapsed time=5.618
6++ Job #11 finished; elapsed time=5.649
78++ Job #14 finished; elapsed time=5.673
++ Job #15 finished; elapsed time=5.702
++ Job #13 finished; elapsed time=5.712
++ Job #16 finished; elapsed time=5.734
++ Job #17 finished; elapsed time=5.757
++ Job #18 finished; elapsed time=5.785
9.
++ Job #0 waiting for children to finish; elapsed time=5.786
++ Job #19 finished; elapsed time=5.832
++ Job #0 now finishing up; elapsed time=5.852
++ Smallest FDR q [0 Full_Fstat] = 7.23502e-15
++ Smallest FDR q [2 HealthyPmod#0_Tstat] = 1.67779e-13
[7m*+ WARNING:[0m Smallest FDR q [4 HealthyPmod#1_Tstat] = 0.107348 ==> few true single voxel detections
++ Smallest FDR q [5 HealthyPmod_Fstat] = 2.0387e-13
++ Smallest FDR q [7 UnhealthyPmod#0_Tstat] = 8.07264e-14
++ Smallest FDR q [9 UnhealthyPmod#1_Tstat] = 1.40641e-08
++ Smallest FDR q [10 UnhealthyPmod_Fstat] = 3.08041e-14
++ Smallest FDR q [12 BidsNMiss#0_Tstat] = 4.25725e-14
++ Smallest FDR q [13 BidsNMiss_Fstat] = 4.25722e-14
++ Smallest FDR q [15 HealthyGtRest_GLT#0_Tstat] = 1.67779e-13
++ Smallest FDR q [16 HealthyGtRest_GLT_Fstat] = 1.67783e-13
[7m*+ WARNING:[0m Smallest FDR q [18 HealthyPmod_GLT#0_Tstat] = 0.107348 ==> few true single voxel detections
[7m*+ WARNING:[0m Smallest FDR q [19 HealthyPmod_GLT_Fstat] = 0.107348 ==> few true single voxel detections
++ Smallest FDR q [21 UnhealthyGtRest_GLT#0_Tstat] = 8.07264e-14
++ Smallest FDR q [22 UnhealthyGtRest_GLT_Fstat] = 8.07276e-14
++ Smallest FDR q [24 UnhealthyPmod_GLT#0_Tstat] = 1.40641e-08
++ Smallest FDR q [25 UnhealthyPmod_GLT_Fstat] = 1.40599e-08
++ Smallest FDR q [27 HealthyGtUnhealthy_GLT#0_Tstat] = 0.000349084
++ Smallest FDR q [28 HealthyGtUnhealthy_GLT_Fstat] = 0.000349077
++ Smallest FDR q [30 HealthyGtUnhealthyPmod_GLT#0_Tstat] = 0.00174544
++ Smallest FDR q [31 HealthyGtUnhealthyPmod_GLT_Fstat] = 0.00174547
++ Wrote bucket dataset into ./CHIVES1089_2CondPmod_stats+tlrc.BRIK
 + created 21 FDR curves in bucket header
++ Wrote 3D+time dataset into ./CHIVES1089_2CondPmod+tlrc.BRIK
++ Wrote 3D+time dataset into ./CHIVES1089_2CondPmod+tlrc.BRIK
++ Program finished; elapsed time=36.847
++ 3dREMLfit: AFNI version=AFNI_18.2.04 (Jul  6 2018) [64-bit]
++ Authored by: RWCox
** AFNI converts NIFTI_datatype=4 (INT16) in file /projects/sanlab/shared/CHIVES/bids_data/derivatives/fmriprep/sub-CHIVES1089/ses-wave1/func/s6_sub-CHIVES1089_ses-wave1_task-money_bold_space-MNI152NLin2009cAsym_preproc.nii to FLOAT32
     Warnings of this type will be muted for this session.
     Set AFNI_NIFTI_TYPE_WARN to YES to see them all, NO to see none.
++ Number of voxels in mask = 268164
++ Number of OpenMP threads = 15
++ -----  matrix condition (349x15):  2.50169  ++ VERY GOOD ++
++ Loading input dataset into memory
++ Converting input dataset to vector image
 +  dataset = 1.5 billion [giga] bytes
 +  vectim  = 384 million [mega] bytes
++ starting REML setup calculations; total CPU=0.00 Elapsed=4.38
 + X matrix: 90.468% of elements are nonzero
 + starting 15 OpenMP threads for REML setup
 + REML setup finished: matrix rows=349 cols=15; 109*1 cases; total CPU=0.00 Elapsed=4.39
 +  average case bandwidth = 12.80
++ REML voxel loop: [15 threads]0123456789.012
 + ARMA voxel parameters estimated: total CPU=0.00 Elapsed=21.54
++ GLSQ loop:0123456789.0123456789.0123456789.0123456789.0123456789.
 + GLSQ regression done: total CPU=0.00 Elapsed=61.44
++ Output dataset ./CHIVES1089_2CondPmod_stats_REMLvar+tlrc.BRIK
++ Output dataset ./CHIVES1089_2CondPmod_REML+tlrc.BRIK
[7m** ERROR:[0m output dataset name 'CHIVES1089_2CondPmod_REML' conflicts with existing file
[7m** ERROR:[0m dataset NOT written to disk!
++ creating FDR curves in dataset CHIVES1089_2CondPmod_stats_REML+tlrc
++ Smallest FDR q [0 Full_Fstat] = 1.32321e-14
++ Smallest FDR q [2 HealthyPmod#0_Tstat] = 3.92047e-13
[7m*+ WARNING:[0m Smallest FDR q [4 HealthyPmod#1_Tstat] = 0.999893 ==> few true single voxel detections
++ Smallest FDR q [5 HealthyPmod_Fstat] = 6.59343e-13
++ Smallest FDR q [7 UnhealthyPmod#0_Tstat] = 2.02196e-13
++ Smallest FDR q [9 UnhealthyPmod#1_Tstat] = 0.0135816
++ Smallest FDR q [10 UnhealthyPmod_Fstat] = 2.07074e-13
++ Smallest FDR q [12 BidsNMiss#0_Tstat] = 4.50668e-14
++ Smallest FDR q [13 BidsNMiss_Fstat] = 4.50668e-14
++ Smallest FDR q [15 HealthyGtRest#0_Tstat] = 3.92047e-13
++ Smallest FDR q [16 HealthyGtRest_Fstat] = 3.92045e-13
[7m*+ WARNING:[0m Smallest FDR q [18 HealthyPmod#0_Tstat] = 0.999893 ==> few true single voxel detections
[7m*+ WARNING:[0m Smallest FDR q [19 HealthyPmod_Fstat] = 0.999893 ==> few true single voxel detections
++ Smallest FDR q [21 UnhealthyGtRest#0_Tstat] = 2.02196e-13
++ Smallest FDR q [22 UnhealthyGtRest_Fstat] = 2.02196e-13
++ Smallest FDR q [24 UnhealthyPmod#0_Tstat] = 0.0135816
++ Smallest FDR q [25 UnhealthyPmod_Fstat] = 0.0135815
[7m*+ WARNING:[0m Smallest FDR q [27 HealthyGtUnhealthy#0_Tstat] = 0.999888 ==> few true single voxel detections
[7m*+ WARNING:[0m Smallest FDR q [28 HealthyGtUnhealthy_Fstat] = 0.999888 ==> few true single voxel detections
[7m*+ WARNING:[0m Smallest FDR q [30 HealthyGtUnhealthyPmod#0_Tstat] = 0.490303 ==> few true single voxel detections
[7m*+ WARNING:[0m Smallest FDR q [31 HealthyGtUnhealthyPmod_Fstat] = 0.490304 ==> few true single voxel detections
 + Added 21 FDR curves to dataset CHIVES1089_2CondPmod_stats_REML+tlrc
++ Output dataset ./CHIVES1089_2CondPmod_stats_REML+tlrc.BRIK
 + unloading input dataset and REML matrices
++ 3dREMLfit is all done! total CPU=0.00 Elapsed=90.06
** AFNI converts NIFTI_datatype=4 (INT16) in file /projects/sanlab/shared/CHIVES/bids_data/derivatives/fmriprep/sub-CHIVES1089/ses-wave1/func/s6_sub-CHIVES1089_ses-wave1_task-money_bold_space-MNI152NLin2009cAsym_preproc.nii to FLOAT32
     Warnings of this type will be muted for this session.
     Set AFNI_NIFTI_TYPE_WARN to YES to see them all, NO to see none.
++ '-stim_times_AM1 3 /projects/sanlab/shared/CHIVES/CHIVES_WTP_scripts/behavioral/money/afni_timing_files/CHIVES1089/BidOnsDur.1D' has 1 auxiliary values per time point
++ '-stim_times_AM1 3': basis function model 'dmBLOCK(1)' uses 1 parameters,
    out of the 1 found in timing file '/projects/sanlab/shared/CHIVES/CHIVES_WTP_scripts/behavioral/money/afni_timing_files/CHIVES1089/BidOnsDur.1D'
++ 3dDeconvolve extending num_stimts from 3 to 7 due to -ortvec
++ 3dDeconvolve: AFNI version=AFNI_18.2.04 (Jul  6 2018) [64-bit]
++ Authored by: B. Douglas Ward, et al.
++ current memory malloc-ated = 271,047 bytes (about 271 thousand [kilo])
++ loading dataset /projects/sanlab/shared/CHIVES/bids_data/derivatives/fmriprep/sub-CHIVES1089/ses-wave1/func/s6_sub-CHIVES1089_ses-wave1_task-money_bold_space-MNI152NLin2009cAsym_preproc.nii
++ current memory malloc-ated = 1,545,419,907 bytes (about 1.5 billion [giga])
++ forcibly using TR=2.0000 seconds for -input dataset
++ Skipping check for initial transients
++ Imaging duration=714.0 s; Automatic polort=5
++ -stim_times using TR=2 s for stimulus timing conversion
++ -stim_times using TR=2 s for any -iresp output datasets
++  [you can alter the -iresp TR via the -TR_times option]
++ ** -stim_times NOTE ** guessing GLOBAL times if 1 time per line; LOCAL otherwise
++ ** GUESSED ** -stim_times 1 using LOCAL times
++ ** GUESSED ** -stim_times 2 using LOCAL times
++ ** GUESSED ** -stim_times_AM1 3 using LOCAL times
------------------------------------------------------------
GLT matrix from 'SYM: Healthy':
   0   0   0   0   0   0   1   0   0   0   0   0   0 
 
------------------------------------------------------------
GLT matrix from 'SYM: Unhealthy':
   0   0   0   0   0   0   0   1   0   0   0   0   0 
 
------------------------------------------------------------
GLT matrix from 'SYM: Healthy -Unhealthy':
   0   0   0   0   0   0   1  -1   0   0   0   0   0 
 
++ Number of time points: 357 (before censor) ; 349 (after)
 + Number of parameters:  13 [10 baseline ; 3 signal]
++ total shared memory needed = 3,172,526,620 bytes (about 3.2 billion [giga])
++ current memory malloc-ated = 1,546,547,886 bytes (about 1.5 billion [giga])
++ mmap() memory allocated: 3,172,526,620 bytes (about 3.2 billion [giga])
++ Memory required for output bricks = 3,172,526,620 bytes (about 3.2 billion [giga])
++ Wrote matrix values to file CHIVES1089_2Cond_xmat.1D
++ ========= Things you can do with the matrix file =========
++ (a) Linear regression with ARMA(1,1) modeling of serial correlation:

3dREMLfit -matrix CHIVES1089_2Cond_xmat.1D -input /projects/sanlab/shared/CHIVES/bids_data/derivatives/fmriprep/sub-CHIVES1089/ses-wave1/func/s6_sub-CHIVES1089_ses-wave1_task-money_bold_space-MNI152NLin2009cAsym_preproc.nii \
 -mask /projects/sanlab/shared/CHIVES/bids_data/derivatives/fmriprep/sub-CHIVES1089/ses-wave1/func/sub-CHIVES1089_ses-wave1_task-money_bold_space-MNI152NLin2009cAsym_brainmask.nii.gz \
 -fout -tout -Rbuck CHIVES1089_2Cond_stats_REML -Rvar CHIVES1089_2Cond_stats_REMLvar \
 -Rfitts CHIVES1089_2Cond_REML -Rerrts CHIVES1089_2Cond_REML -verb
 
++ N.B.: 3dREMLfit command above written to file CHIVES1089_2Cond_stats.REML_cmd
++ (b) Visualization/analysis of the matrix via ExamineXmat.R
++ (c) Synthesis of sub-model datasets using 3dSynthesize
++ ==========================================================
++ Wrote matrix values to file CHIVES1089_2Cond_uncensor_xmat.1D
++ ----- Signal+Baseline matrix condition [X] (349x13):  2.49606  ++ VERY GOOD ++
++ ----- Signal-only matrix condition [X] (349x3):  1.60173  ++ VERY GOOD ++
++ ----- Baseline-only matrix condition [X] (349x10):  2.46093  ++ VERY GOOD ++
++ ----- stim_base-only matrix condition [X] (349x4):  1.43571  ++ VERY GOOD ++
++ ----- polort-only matrix condition [X] (349x6):  1.05107  ++ VERY GOOD ++
++ +++++ Matrix inverse average error = 9.51213e-16  ++ VERY GOOD ++
++ Matrix setup time = 0.01 s
++ Voxels in dataset: 1082035
++ Voxels in mask:    268164
++ Voxels per job:    13408
++ Job #1: processing voxels 183853 to 239913; elapsed time=4.296
++ Job #2: processing voxels 239914 to 284430; elapsed time=4.315
++ Job #3: processing voxels 284431 to 319295; elapsed time=4.337
++ Job #4: processing voxels 319296 to 351177; elapsed time=4.357
++ Job #5: processing voxels 351178 to 381237; elapsed time=4.380
++ Job #6: processing voxels 381238 to 407413; elapsed time=4.401
++ Job #7: processing voxels 407414 to 433746; elapsed time=4.425
++ Job #8: processing voxels 433747 to 462273; elapsed time=4.447
++ Job #9: processing voxels 462274 to 487978; elapsed time=4.471
++ Job #10: processing voxels 487979 to 517249; elapsed time=4.494
++ Job #11: processing voxels 517250 to 543257; elapsed time=4.519
++ Job #12: processing voxels 543258 to 573523; elapsed time=4.543
++ Job #13: processing voxels 573524 to 604251; elapsed time=4.582
++ Job #14: processing voxels 604252 to 632278; elapsed time=4.592
++ Job #15: processing voxels 632279 to 665206; elapsed time=4.617
++ Job #16: processing voxels 665207 to 700286; elapsed time=4.653
++ Job #17: processing voxels 700287 to 742314; elapsed time=4.682
++ Job #18: processing voxels 742315 to 795942; elapsed time=4.707
++ Job #0: processing voxels 0 to 183852; elapsed time=4.728
++ voxel loop:0123456++ Job #19: processing voxels 795943 to 1082034; elapsed time=4.732
789.0123456789.0123456789.0123456789.++ Job #2 finished; elapsed time=5.200
++ Job #1 finished; elapsed time=5.215
0++ Job #4 finished; elapsed time=5.237
12++ Job #6 finished; elapsed time=5.277
++ Job #5 finished; elapsed time=5.301
++ Job #8 finished; elapsed time=5.319
3++ Job #7 finished; elapsed time=5.340
45++ Job #10 finished; elapsed time=5.371
++ Job #9 finished; elapsed time=5.375
++ Job #12 finished; elapsed time=5.418
6++ Job #14 finished; elapsed time=5.465
++ Job #13 finished; elapsed time=5.483
78++ Job #15 finished; elapsed time=5.496
++ Job #3 finished; elapsed time=5.542
9.
++ Job #0 waiting for children to finish; elapsed time=5.588
++ Job #11 finished; elapsed time=5.774
++ Job #16 finished; elapsed time=5.900
++ Job #19 finished; elapsed time=5.909
++ Job #17 finished; elapsed time=5.926
++ Job #18 finished; elapsed time=5.965
++ Job #0 now finishing up; elapsed time=5.982
++ Smallest FDR q [0 Full_Fstat] = 1.05269e-14
++ Smallest FDR q [2 Healthy#0_Tstat] = 1.86026e-13
++ Smallest FDR q [3 Healthy_Fstat] = 1.86029e-13
++ Smallest FDR q [5 Unhealthy#0_Tstat] = 8.68421e-14
++ Smallest FDR q [6 Unhealthy_Fstat] = 8.68434e-14
++ Smallest FDR q [8 BidsNMiss#0_Tstat] = 4.50845e-14
++ Smallest FDR q [9 BidsNMiss_Fstat] = 4.50845e-14
++ Smallest FDR q [11 HealthyGtRest_GLT#0_Tstat] = 1.86026e-13
++ Smallest FDR q [12 HealthyGtRest_GLT_Fstat] = 1.86026e-13
++ Smallest FDR q [14 UnhealthyGtRest_GLT#0_Tstat] = 8.68421e-14
++ Smallest FDR q [15 UnhealthyGtRest_GLT_Fstat] = 8.68434e-14
++ Smallest FDR q [17 HealthyGtUnhealthy_GLT#0_Tstat] = 0.000353009
++ Smallest FDR q [18 HealthyGtUnhealthy_GLT_Fstat] = 0.000352996
++ Wrote bucket dataset into ./CHIVES1089_2Cond_stats+tlrc.BRIK
 + created 13 FDR curves in bucket header
++ Wrote 3D+time dataset into ./CHIVES1089_2Cond+tlrc.BRIK
++ Wrote 3D+time dataset into ./CHIVES1089_2Cond+tlrc.BRIK
++ Program finished; elapsed time=24.451
++ 3dREMLfit: AFNI version=AFNI_18.2.04 (Jul  6 2018) [64-bit]
++ Authored by: RWCox
** AFNI converts NIFTI_datatype=4 (INT16) in file /projects/sanlab/shared/CHIVES/bids_data/derivatives/fmriprep/sub-CHIVES1089/ses-wave1/func/s6_sub-CHIVES1089_ses-wave1_task-money_bold_space-MNI152NLin2009cAsym_preproc.nii to FLOAT32
     Warnings of this type will be muted for this session.
     Set AFNI_NIFTI_TYPE_WARN to YES to see them all, NO to see none.
++ Number of voxels in mask = 268164
++ Number of OpenMP threads = 15
++ -----  matrix condition (349x13):  2.49606  ++ VERY GOOD ++
++ Loading input dataset into memory
++ Converting input dataset to vector image
 +  dataset = 1.5 billion [giga] bytes
 +  vectim  = 384 million [mega] bytes
++ starting REML setup calculations; total CPU=0.00 Elapsed=4.20
 + X matrix: 94.446% of elements are nonzero
 + starting 15 OpenMP threads for REML setup
 + REML setup finished: matrix rows=349 cols=13; 109*1 cases; total CPU=0.00 Elapsed=4.21
 +  average case bandwidth = 12.80
++ REML voxel loop: [15 threads]0123456789.012
 + ARMA voxel parameters estimated: total CPU=0.00 Elapsed=20.73
++ GLSQ loop:0123456789.0123456789.0123456789.0123456789.0123456789.
 + GLSQ regression done: total CPU=0.00 Elapsed=52.45
++ Output dataset ./CHIVES1089_2Cond_stats_REMLvar+tlrc.BRIK
++ Output dataset ./CHIVES1089_2Cond_REML+tlrc.BRIK
[7m** ERROR:[0m output dataset name 'CHIVES1089_2Cond_REML' conflicts with existing file
[7m** ERROR:[0m dataset NOT written to disk!
++ creating FDR curves in dataset CHIVES1089_2Cond_stats_REML+tlrc
++ Smallest FDR q [0 Full_Fstat] = 1.09943e-14
++ Smallest FDR q [2 Healthy#0_Tstat] = 3.53909e-13
++ Smallest FDR q [3 Healthy_Fstat] = 3.53909e-13
++ Smallest FDR q [5 Unhealthy#0_Tstat] = 1.94605e-13
++ Smallest FDR q [6 Unhealthy_Fstat] = 1.94605e-13
++ Smallest FDR q [8 BidsNMiss#0_Tstat] = 4.43315e-14
++ Smallest FDR q [9 BidsNMiss_Fstat] = 4.43315e-14
++ Smallest FDR q [11 HealthyGtRest#0_Tstat] = 3.53909e-13
++ Smallest FDR q [12 HealthyGtRest_Fstat] = 3.53909e-13
++ Smallest FDR q [14 UnhealthyGtRest#0_Tstat] = 1.94605e-13
++ Smallest FDR q [15 UnhealthyGtRest_Fstat] = 1.94605e-13
[7m*+ WARNING:[0m Smallest FDR q [17 HealthyGtUnhealthy#0_Tstat] = 0.99989 ==> few true single voxel detections
[7m*+ WARNING:[0m Smallest FDR q [18 HealthyGtUnhealthy_Fstat] = 0.99989 ==> few true single voxel detections
 + Added 13 FDR curves to dataset CHIVES1089_2Cond_stats_REML+tlrc
++ Output dataset ./CHIVES1089_2Cond_stats_REML+tlrc.BRIK
 + unloading input dataset and REML matrices
++ 3dREMLfit is all done! total CPU=0.00 Elapsed=70.51
