** AFNI converts NIFTI_datatype=4 (INT16) in file /projects/sanlab/shared/CHIVES/bids_data/derivatives/fmriprep/sub-CHIVES1030/ses-wave1/func/s6_sub-CHIVES1030_ses-wave1_task-money_bold_space-MNI152NLin2009cAsym_preproc.nii to FLOAT32
     Warnings of this type will be muted for this session.
     Set AFNI_NIFTI_TYPE_WARN to YES to see them all, NO to see none.
++ '-stim_times_AM2 1 /projects/sanlab/shared/CHIVES/CHIVES_WTP_scripts/behavioral/money/afni_timing_files/CHIVES1030/AllCondsPmod.1D' has 1 auxiliary values per time point
++ '-stim_times_AM2 1 /projects/sanlab/shared/CHIVES/CHIVES_WTP_scripts/behavioral/money/afni_timing_files/CHIVES1030/AllCondsPmod.1D' will have 2 regressors
++ '-stim_times_AM1 2 /projects/sanlab/shared/CHIVES/CHIVES_WTP_scripts/behavioral/money/afni_timing_files/CHIVES1030/BidOnsDur.1D' has 1 auxiliary values per time point
++ '-stim_times_AM1 2': basis function model 'dmBLOCK(1)' uses 1 parameters,
    out of the 1 found in timing file '/projects/sanlab/shared/CHIVES/CHIVES_WTP_scripts/behavioral/money/afni_timing_files/CHIVES1030/BidOnsDur.1D'
++ 3dDeconvolve extending num_stimts from 2 to 6 due to -ortvec
++ 3dDeconvolve: AFNI version=AFNI_18.2.04 (Jul  6 2018) [64-bit]
++ Authored by: B. Douglas Ward, et al.
++ current memory malloc-ated = 252,875 bytes (about 253 thousand [kilo])
++ loading dataset /projects/sanlab/shared/CHIVES/bids_data/derivatives/fmriprep/sub-CHIVES1030/ses-wave1/func/s6_sub-CHIVES1030_ses-wave1_task-money_bold_space-MNI152NLin2009cAsym_preproc.nii
++ current memory malloc-ated = 1,510,776,551 bytes (about 1.5 billion [giga])
++ forcibly using TR=2.0000 seconds for -input dataset
++ Skipping check for initial transients
++ Imaging duration=698.0 s; Automatic polort=5
++ -stim_times using TR=2 s for stimulus timing conversion
++ -stim_times using TR=2 s for any -iresp output datasets
++  [you can alter the -iresp TR via the -TR_times option]
++ ** -stim_times NOTE ** guessing GLOBAL times if 1 time per line; LOCAL otherwise
++ ** GUESSED ** -stim_times_AM2 1 using LOCAL times
++ '-stim_times_AM2 1' average amplitude#1=0.941667
++ ** GUESSED ** -stim_times_AM1 2 using LOCAL times
------------------------------------------------------------
GLT matrix from 'SYM: AllConds[0]':
   0   0   0   0   0   0   1   0   0   0   0   0   0 
 
------------------------------------------------------------
GLT matrix from 'SYM: AllConds[1]':
   0   0   0   0   0   0   0   1   0   0   0   0   0 
 
++ Number of time points: 349 (no censoring)
 + Number of parameters:  13 [10 baseline ; 3 signal]
++ total shared memory needed = 3,085,963,820 bytes (about 3.1 billion [giga])
++ current memory malloc-ated = 1,511,904,005 bytes (about 1.5 billion [giga])
++ mmap() memory allocated: 3,085,963,820 bytes (about 3.1 billion [giga])
++ Memory required for output bricks = 3,085,963,820 bytes (about 3.1 billion [giga])
++ Wrote matrix values to file CHIVES1030_AllCondPmod_xmat.1D
++ ========= Things you can do with the matrix file =========
++ (a) Linear regression with ARMA(1,1) modeling of serial correlation:

3dREMLfit -matrix CHIVES1030_AllCondPmod_xmat.1D -input /projects/sanlab/shared/CHIVES/bids_data/derivatives/fmriprep/sub-CHIVES1030/ses-wave1/func/s6_sub-CHIVES1030_ses-wave1_task-money_bold_space-MNI152NLin2009cAsym_preproc.nii \
 -mask /projects/sanlab/shared/CHIVES/bids_data/derivatives/fmriprep/sub-CHIVES1030/ses-wave1/func/sub-CHIVES1030_ses-wave1_task-money_bold_space-MNI152NLin2009cAsym_brainmask.nii.gz \
 -fout -tout -Rbuck CHIVES1030_AllCondPmod_stats_REML -Rvar CHIVES1030_AllCondPmod_stats_REMLvar \
 -Rfitts CHIVES1030_AllCondPmod_REML -Rerrts CHIVES1030_AllCondPmod_REML -verb
 
++ N.B.: 3dREMLfit command above written to file CHIVES1030_AllCondPmod_stats.REML_cmd
++ (b) Visualization/analysis of the matrix via ExamineXmat.R
++ (c) Synthesis of sub-model datasets using 3dSynthesize
++ ==========================================================
++ Wrote matrix values to file CHIVES1030_AllCondPmod_uncensor_xmat.1D
++ ----- Signal+Baseline matrix condition [X] (349x13):  2.08018  ++ VERY GOOD ++
++ ----- Signal-only matrix condition [X] (349x3):  1.61546  ++ VERY GOOD ++
++ ----- Baseline-only matrix condition [X] (349x10):  1.92407  ++ VERY GOOD ++
++ ----- stim_base-only matrix condition [X] (349x4):  1.22736  ++ VERY GOOD ++
++ ----- polort-only matrix condition [X] (349x6):  1.01561  ++ VERY GOOD ++
++ +++++ Matrix inverse average error = 1.25448e-15  ++ VERY GOOD ++
++ Matrix setup time = 0.01 s
++ Voxels in dataset: 1082035
++ Voxels in mask:    271325
++ Voxels per job:    13566
++ Job #1: processing voxels 180771 to 237601; elapsed time=4.801
++ Job #2: processing voxels 237602 to 283572; elapsed time=4.820
++ Job #3: processing voxels 283573 to 319261; elapsed time=4.841
++ Job #4: processing voxels 319262 to 351503; elapsed time=4.861
++ Job #5: processing voxels 351504 to 382034; elapsed time=4.883
++ Job #6: processing voxels 382035 to 408143; elapsed time=4.905
++ Job #7: processing voxels 408144 to 437515; elapsed time=4.928
++ Job #8: processing voxels 437516 to 463257; elapsed time=4.951
++ Job #9: processing voxels 463258 to 489619; elapsed time=4.975
++ Job #10: processing voxels 489620 to 518480; elapsed time=4.999
++ Job #11: processing voxels 518481 to 545478; elapsed time=5.023
++ Job #12: processing voxels 545479 to 575191; elapsed time=5.047
++ Job #13: processing voxels 575192 to 606588; elapsed time=5.081
++ Job #14: processing voxels 606589 to 638871; elapsed time=5.098
++ Job #15: processing voxels 638872 to 672525; elapsed time=5.133
++ Job #16: processing voxels 672526 to 707864; elapsed time=5.160
++ Job #17: processing voxels 707865 to 751197; elapsed time=5.183
++ Job #18: processing voxels 751198 to 799815; elapsed time=5.206
++ Job #0: processing voxels 0 to 180770; elapsed time=5.237
++ voxel loop:0++ Job #19: processing voxels 799816 to 1082034; elapsed time=5.239
123456789.0123456789.0123456789.0123456++ Job #2 finished; elapsed time=5.628
7++ Job #1 finished; elapsed time=5.655
++ Job #4 finished; elapsed time=5.660
++ Job #3 finished; elapsed time=5.676
++ Job #6 finished; elapsed time=5.703
89.++ Job #5 finished; elapsed time=5.716
0++ Job #8 finished; elapsed time=5.747
++ Job #7 finished; elapsed time=5.757
++ Job #10 finished; elapsed time=5.794
1++ Job #9 finished; elapsed time=5.797
23++ Job #11 finished; elapsed time=5.820
++ Job #12 finished; elapsed time=5.846
++ Job #13 finished; elapsed time=5.875
++ Job #14 finished; elapsed time=5.894
456++ Job #15 finished; elapsed time=5.942
++ Job #17 finished; elapsed time=5.979
++ Job #16 finished; elapsed time=5.985
7++ Job #18 finished; elapsed time=6.010
89.
++ Job #0 waiting for children to finish; elapsed time=6.030
++ Job #19 finished; elapsed time=6.069
++ Job #0 now finishing up; elapsed time=6.089
++ Smallest FDR q [0 Full_Fstat] = 6.048e-15
++ Smallest FDR q [2 AllConds#0_Tstat] = 3.72221e-14
++ Smallest FDR q [4 AllConds#1_Tstat] = 2.81244e-08
++ Smallest FDR q [5 AllConds_Fstat] = 2.90091e-14
++ Smallest FDR q [7 BidsNMiss#0_Tstat] = 1.74888e-14
++ Smallest FDR q [8 BidsNMiss_Fstat] = 1.74845e-14
++ Smallest FDR q [10 CondGtRest_GLT#0_Tstat] = 3.72221e-14
++ Smallest FDR q [11 CondGtRest_GLT_Fstat] = 3.72243e-14
++ Smallest FDR q [13 Pmod_GLT#0_Tstat] = 2.81244e-08
++ Smallest FDR q [14 Pmod_GLT_Fstat] = 2.81244e-08
++ Wrote bucket dataset into ./CHIVES1030_AllCondPmod_stats+tlrc.BRIK
 + created 10 FDR curves in bucket header
++ Wrote 3D+time dataset into ./CHIVES1030_AllCondPmod+tlrc.BRIK
++ Wrote 3D+time dataset into ./CHIVES1030_AllCondPmod+tlrc.BRIK
++ Program finished; elapsed time=22.324
++ 3dREMLfit: AFNI version=AFNI_18.2.04 (Jul  6 2018) [64-bit]
++ Authored by: RWCox
** AFNI converts NIFTI_datatype=4 (INT16) in file /projects/sanlab/shared/CHIVES/bids_data/derivatives/fmriprep/sub-CHIVES1030/ses-wave1/func/s6_sub-CHIVES1030_ses-wave1_task-money_bold_space-MNI152NLin2009cAsym_preproc.nii to FLOAT32
     Warnings of this type will be muted for this session.
     Set AFNI_NIFTI_TYPE_WARN to YES to see them all, NO to see none.
++ Number of voxels in mask = 271325
++ Number of OpenMP threads = 15
++ -----  matrix condition (349x13):  2.08018  ++ VERY GOOD ++
++ Loading input dataset into memory
++ Converting input dataset to vector image
 +  dataset = 1.5 billion [giga] bytes
 +  vectim  = 380 million [mega] bytes
++ starting REML setup calculations; total CPU=0.00 Elapsed=4.10
 + X matrix: 99.736% of elements are nonzero
 + starting 15 OpenMP threads for REML setup
 + REML setup finished: matrix rows=349 cols=13; 109*1 cases; total CPU=0.00 Elapsed=4.12
 +  average case bandwidth = 13.00
++ REML voxel loop: [15 threads]0123456789.012
 + ARMA voxel parameters estimated: total CPU=0.00 Elapsed=19.62
++ GLSQ loop:0123456789.0123456789.0123456789.0123456789.0123456789.
 + GLSQ regression done: total CPU=0.00 Elapsed=41.98
++ Output dataset ./CHIVES1030_AllCondPmod_stats_REMLvar+tlrc.BRIK
++ Output dataset ./CHIVES1030_AllCondPmod_REML+tlrc.BRIK
[7m** ERROR:[0m output dataset name 'CHIVES1030_AllCondPmod_REML' conflicts with existing file
[7m** ERROR:[0m dataset NOT written to disk!
++ creating FDR curves in dataset CHIVES1030_AllCondPmod_stats_REML+tlrc
++ Smallest FDR q [0 Full_Fstat] = 6.79529e-15
++ Smallest FDR q [2 AllConds#0_Tstat] = 5.51652e-14
++ Smallest FDR q [4 AllConds#1_Tstat] = 0.00029517
++ Smallest FDR q [5 AllConds_Fstat] = 4.95107e-14
++ Smallest FDR q [7 BidsNMiss#0_Tstat] = 1.64725e-14
++ Smallest FDR q [8 BidsNMiss_Fstat] = 1.64725e-14
++ Smallest FDR q [10 CondGtRest#0_Tstat] = 5.51652e-14
++ Smallest FDR q [11 CondGtRest_Fstat] = 5.51652e-14
++ Smallest FDR q [13 Pmod#0_Tstat] = 0.00029517
++ Smallest FDR q [14 Pmod_Fstat] = 0.00029517
 + Added 10 FDR curves to dataset CHIVES1030_AllCondPmod_stats_REML+tlrc
++ Output dataset ./CHIVES1030_AllCondPmod_stats_REML+tlrc.BRIK
 + unloading input dataset and REML matrices
++ 3dREMLfit is all done! total CPU=0.00 Elapsed=58.11
** AFNI converts NIFTI_datatype=4 (INT16) in file /projects/sanlab/shared/CHIVES/bids_data/derivatives/fmriprep/sub-CHIVES1030/ses-wave1/func/s6_sub-CHIVES1030_ses-wave1_task-money_bold_space-MNI152NLin2009cAsym_preproc.nii to FLOAT32
     Warnings of this type will be muted for this session.
     Set AFNI_NIFTI_TYPE_WARN to YES to see them all, NO to see none.
++ '-stim_times_AM2 1 /projects/sanlab/shared/CHIVES/CHIVES_WTP_scripts/behavioral/money/afni_timing_files/CHIVES1030/HealthyPmod.1D' has 1 auxiliary values per time point
++ '-stim_times_AM2 1 /projects/sanlab/shared/CHIVES/CHIVES_WTP_scripts/behavioral/money/afni_timing_files/CHIVES1030/HealthyPmod.1D' will have 2 regressors
++ '-stim_times_AM2 2 /projects/sanlab/shared/CHIVES/CHIVES_WTP_scripts/behavioral/money/afni_timing_files/CHIVES1030/UnhealthyPmod.1D' has 1 auxiliary values per time point
++ '-stim_times_AM2 2 /projects/sanlab/shared/CHIVES/CHIVES_WTP_scripts/behavioral/money/afni_timing_files/CHIVES1030/UnhealthyPmod.1D' will have 2 regressors
++ '-stim_times_AM1 3 /projects/sanlab/shared/CHIVES/CHIVES_WTP_scripts/behavioral/money/afni_timing_files/CHIVES1030/BidOnsDur.1D' has 1 auxiliary values per time point
++ '-stim_times_AM1 3': basis function model 'dmBLOCK(1)' uses 1 parameters,
    out of the 1 found in timing file '/projects/sanlab/shared/CHIVES/CHIVES_WTP_scripts/behavioral/money/afni_timing_files/CHIVES1030/BidOnsDur.1D'
++ 3dDeconvolve extending num_stimts from 3 to 7 due to -ortvec
++ 3dDeconvolve: AFNI version=AFNI_18.2.04 (Jul  6 2018) [64-bit]
++ Authored by: B. Douglas Ward, et al.
++ current memory malloc-ated = 280,141 bytes (about 280 thousand [kilo])
++ loading dataset /projects/sanlab/shared/CHIVES/bids_data/derivatives/fmriprep/sub-CHIVES1030/ses-wave1/func/s6_sub-CHIVES1030_ses-wave1_task-money_bold_space-MNI152NLin2009cAsym_preproc.nii
++ current memory malloc-ated = 1,510,803,817 bytes (about 1.5 billion [giga])
++ forcibly using TR=2.0000 seconds for -input dataset
++ Skipping check for initial transients
++ Imaging duration=698.0 s; Automatic polort=5
++ -stim_times using TR=2 s for stimulus timing conversion
++ -stim_times using TR=2 s for any -iresp output datasets
++  [you can alter the -iresp TR via the -TR_times option]
++ ** -stim_times NOTE ** guessing GLOBAL times if 1 time per line; LOCAL otherwise
++ ** GUESSED ** -stim_times_AM2 1 using LOCAL times
++ '-stim_times_AM2 1' average amplitude#1=1.36667
++ ** GUESSED ** -stim_times_AM2 2 using LOCAL times
++ '-stim_times_AM2 2' average amplitude#1=0.516667
++ ** GUESSED ** -stim_times_AM1 3 using LOCAL times
------------------------------------------------------------
GLT matrix from 'SYM: HealthyPmod[0]':
   0   0   0   0   0   0   1   0   0   0   0   0   0   0   0 
 
------------------------------------------------------------
GLT matrix from 'SYM: HealthyPmod[1]':
   0   0   0   0   0   0   0   1   0   0   0   0   0   0   0 
 
------------------------------------------------------------
GLT matrix from 'SYM: UnhealthyPmod[0]':
   0   0   0   0   0   0   0   0   1   0   0   0   0   0   0 
 
------------------------------------------------------------
GLT matrix from 'SYM: UnhealthyPmod[1]':
   0   0   0   0   0   0   0   0   0   1   0   0   0   0   0 
 
------------------------------------------------------------
GLT matrix from 'SYM: HealthyPmod[0] -UnhealthyPmod[0]':
   0   0   0   0   0   0   1   0  -1   0   0   0   0   0   0 
 
------------------------------------------------------------
GLT matrix from 'SYM: HealthyPmod[1] -UnhealthyPmod[1]':
   0   0   0   0   0   0   0   1   0  -1   0   0   0   0   0 
 
++ Number of time points: 349 (no censoring)
 + Number of parameters:  15 [10 baseline ; 5 signal]
++ total shared memory needed = 3,159,542,200 bytes (about 3.2 billion [giga])
++ current memory malloc-ated = 1,511,935,775 bytes (about 1.5 billion [giga])
++ mmap() memory allocated: 3,159,542,200 bytes (about 3.2 billion [giga])
++ Memory required for output bricks = 3,159,542,200 bytes (about 3.2 billion [giga])
++ Wrote matrix values to file CHIVES1030_2CondPmod_xmat.1D
++ ========= Things you can do with the matrix file =========
++ (a) Linear regression with ARMA(1,1) modeling of serial correlation:

3dREMLfit -matrix CHIVES1030_2CondPmod_xmat.1D -input /projects/sanlab/shared/CHIVES/bids_data/derivatives/fmriprep/sub-CHIVES1030/ses-wave1/func/s6_sub-CHIVES1030_ses-wave1_task-money_bold_space-MNI152NLin2009cAsym_preproc.nii \
 -mask /projects/sanlab/shared/CHIVES/bids_data/derivatives/fmriprep/sub-CHIVES1030/ses-wave1/func/sub-CHIVES1030_ses-wave1_task-money_bold_space-MNI152NLin2009cAsym_brainmask.nii.gz \
 -fout -tout -Rbuck CHIVES1030_2CondPmod_stats_REML -Rvar CHIVES1030_2CondPmod_stats_REMLvar \
 -Rfitts CHIVES1030_2CondPmod_REML -Rerrts CHIVES1030_2CondPmod_REML -verb
 
++ N.B.: 3dREMLfit command above written to file CHIVES1030_2CondPmod_stats.REML_cmd
++ (b) Visualization/analysis of the matrix via ExamineXmat.R
++ (c) Synthesis of sub-model datasets using 3dSynthesize
++ ==========================================================
++ Wrote matrix values to file CHIVES1030_2CondPmod_uncensor_xmat.1D
++ ----- Signal+Baseline matrix condition [X] (349x15):  2.08066  ++ VERY GOOD ++
++ ----- Signal-only matrix condition [X] (349x5):  1.61555  ++ VERY GOOD ++
++ ----- Baseline-only matrix condition [X] (349x10):  1.92407  ++ VERY GOOD ++
++ ----- stim_base-only matrix condition [X] (349x4):  1.22736  ++ VERY GOOD ++
++ ----- polort-only matrix condition [X] (349x6):  1.01561  ++ VERY GOOD ++
++ +++++ Matrix inverse average error = 1.20358e-15  ++ VERY GOOD ++
++ Matrix setup time = 0.02 s
++ Voxels in dataset: 1082035
++ Voxels in mask:    271325
++ Voxels per job:    13566
++ Job #1: processing voxels 180771 to 237601; elapsed time=4.108
++ Job #2: processing voxels 237602 to 283572; elapsed time=4.127
++ Job #3: processing voxels 283573 to 319261; elapsed time=4.148
++ Job #4: processing voxels 319262 to 351503; elapsed time=4.169
++ Job #5: processing voxels 351504 to 382034; elapsed time=4.191
++ Job #6: processing voxels 382035 to 408143; elapsed time=4.212
++ Job #7: processing voxels 408144 to 437515; elapsed time=4.235
++ Job #8: processing voxels 437516 to 463257; elapsed time=4.257
++ Job #9: processing voxels 463258 to 489619; elapsed time=4.281
++ Job #10: processing voxels 489620 to 518480; elapsed time=4.305
++ Job #11: processing voxels 518481 to 545478; elapsed time=4.329
++ Job #12: processing voxels 545479 to 575191; elapsed time=4.353
++ Job #13: processing voxels 575192 to 606588; elapsed time=4.387
++ Job #14: processing voxels 606589 to 638871; elapsed time=4.402
++ Job #15: processing voxels 638872 to 672525; elapsed time=4.441
++ Job #16: processing voxels 672526 to 707864; elapsed time=4.452
++ Job #17: processing voxels 707865 to 751197; elapsed time=4.476
++ Job #18: processing voxels 751198 to 799815; elapsed time=4.514
++ Job #0: processing voxels 0 to 180770; elapsed time=4.536
++ voxel loop:0123++ Job #19: processing voxels 799816 to 1082034; elapsed time=4.540
456789.0123456789.0123456789.0123456789.0++ Job #2 finished; elapsed time=5.236
++ Job #4 finished; elapsed time=5.270
12++ Job #1 finished; elapsed time=5.295
++ Job #6 finished; elapsed time=5.311
3++ Job #3 finished; elapsed time=5.332
++ Job #8 finished; elapsed time=5.351
++ Job #7 finished; elapsed time=5.391
++ Job #10 finished; elapsed time=5.401
45++ Job #12 finished; elapsed time=5.450
++ Job #9 finished; elapsed time=5.459
6++ Job #14 finished; elapsed time=5.501
++ Job #13 finished; elapsed time=5.546
++ Job #16 finished; elapsed time=5.555
++ Job #17 finished; elapsed time=5.585
7++ Job #15 finished; elapsed time=5.598
89.
++ Job #0 waiting for children to finish; elapsed time=5.620
++ Job #11 finished; elapsed time=5.741
++ Job #5 finished; elapsed time=5.792
++ Job #18 finished; elapsed time=5.842
++ Job #19 finished; elapsed time=6.054
++ Job #0 now finishing up; elapsed time=6.073
++ Smallest FDR q [0 Full_Fstat] = 6.72466e-15
++ Smallest FDR q [2 HealthyPmod#0_Tstat] = 5.94518e-14
++ Smallest FDR q [4 HealthyPmod#1_Tstat] = 0.000870654
++ Smallest FDR q [5 HealthyPmod_Fstat] = 6.11165e-14
++ Smallest FDR q [7 UnhealthyPmod#0_Tstat] = 5.6801e-14
++ Smallest FDR q [9 UnhealthyPmod#1_Tstat] = 8.77426e-06
++ Smallest FDR q [10 UnhealthyPmod_Fstat] = 5.65446e-14
++ Smallest FDR q [12 BidsNMiss#0_Tstat] = 1.72932e-14
++ Smallest FDR q [13 BidsNMiss_Fstat] = 1.72894e-14
++ Smallest FDR q [15 HealthyGtRest_GLT#0_Tstat] = 5.94518e-14
++ Smallest FDR q [16 HealthyGtRest_GLT_Fstat] = 5.9451e-14
++ Smallest FDR q [18 HealthyPmod_GLT#0_Tstat] = 0.000870654
++ Smallest FDR q [19 HealthyPmod_GLT_Fstat] = 0.000870702
++ Smallest FDR q [21 UnhealthyGtRest_GLT#0_Tstat] = 5.6801e-14
++ Smallest FDR q [22 UnhealthyGtRest_GLT_Fstat] = 5.68026e-14
++ Smallest FDR q [24 UnhealthyPmod_GLT#0_Tstat] = 8.77426e-06
++ Smallest FDR q [25 UnhealthyPmod_GLT_Fstat] = 8.77426e-06
++ Smallest FDR q [27 HealthyGtUnhealthy_GLT#0_Tstat] = 0.00493368
++ Smallest FDR q [28 HealthyGtUnhealthy_GLT_Fstat] = 0.00493388
++ Smallest FDR q [30 HealthyGtUnhealthyPmod_GLT#0_Tstat] = 0.000121773
++ Smallest FDR q [31 HealthyGtUnhealthyPmod_GLT_Fstat] = 0.000121771
++ Wrote bucket dataset into ./CHIVES1030_2CondPmod_stats+tlrc.BRIK
 + created 21 FDR curves in bucket header
++ Wrote 3D+time dataset into ./CHIVES1030_2CondPmod+tlrc.BRIK
++ Wrote 3D+time dataset into ./CHIVES1030_2CondPmod+tlrc.BRIK
++ Program finished; elapsed time=37.084
++ 3dREMLfit: AFNI version=AFNI_18.2.04 (Jul  6 2018) [64-bit]
++ Authored by: RWCox
** AFNI converts NIFTI_datatype=4 (INT16) in file /projects/sanlab/shared/CHIVES/bids_data/derivatives/fmriprep/sub-CHIVES1030/ses-wave1/func/s6_sub-CHIVES1030_ses-wave1_task-money_bold_space-MNI152NLin2009cAsym_preproc.nii to FLOAT32
     Warnings of this type will be muted for this session.
     Set AFNI_NIFTI_TYPE_WARN to YES to see them all, NO to see none.
++ Number of voxels in mask = 271325
++ Number of OpenMP threads = 15
++ -----  matrix condition (349x15):  2.08066  ++ VERY GOOD ++
++ Loading input dataset into memory
++ Converting input dataset to vector image
 +  dataset = 1.5 billion [giga] bytes
 +  vectim  = 380 million [mega] bytes
++ starting REML setup calculations; total CPU=0.00 Elapsed=4.08
 + X matrix: 91.060% of elements are nonzero
 + starting 15 OpenMP threads for REML setup
 + REML setup finished: matrix rows=349 cols=15; 109*1 cases; total CPU=0.00 Elapsed=4.09
 +  average case bandwidth = 13.00
++ REML voxel loop: [15 threads]0123456789.012
 + ARMA voxel parameters estimated: total CPU=0.00 Elapsed=20.08
++ GLSQ loop:0123456789.0123456789.0123456789.0123456789.0123456789.
 + GLSQ regression done: total CPU=0.00 Elapsed=53.02
++ Output dataset ./CHIVES1030_2CondPmod_stats_REMLvar+tlrc.BRIK
++ Output dataset ./CHIVES1030_2CondPmod_REML+tlrc.BRIK
[7m** ERROR:[0m output dataset name 'CHIVES1030_2CondPmod_REML' conflicts with existing file
[7m** ERROR:[0m dataset NOT written to disk!
++ creating FDR curves in dataset CHIVES1030_2CondPmod_stats_REML+tlrc
++ Smallest FDR q [0 Full_Fstat] = 8.16665e-15
++ Smallest FDR q [2 HealthyPmod#0_Tstat] = 1.2439e-13
++ Smallest FDR q [4 HealthyPmod#1_Tstat] = 0.0471289
++ Smallest FDR q [5 HealthyPmod_Fstat] = 1.51672e-13
++ Smallest FDR q [7 UnhealthyPmod#0_Tstat] = 1.15721e-13
++ Smallest FDR q [9 UnhealthyPmod#1_Tstat] = 0.020607
++ Smallest FDR q [10 UnhealthyPmod_Fstat] = 1.34482e-13
++ Smallest FDR q [12 BidsNMiss#0_Tstat] = 1.66356e-14
++ Smallest FDR q [13 BidsNMiss_Fstat] = 1.66356e-14
++ Smallest FDR q [15 HealthyGtRest#0_Tstat] = 1.2439e-13
++ Smallest FDR q [16 HealthyGtRest_Fstat] = 1.2439e-13
++ Smallest FDR q [18 HealthyPmod#0_Tstat] = 0.0471289
++ Smallest FDR q [19 HealthyPmod_Fstat] = 0.0471289
++ Smallest FDR q [21 UnhealthyGtRest#0_Tstat] = 1.15721e-13
++ Smallest FDR q [22 UnhealthyGtRest_Fstat] = 1.15721e-13
++ Smallest FDR q [24 UnhealthyPmod#0_Tstat] = 0.020607
++ Smallest FDR q [25 UnhealthyPmod_Fstat] = 0.020607
[7m*+ WARNING:[0m Smallest FDR q [27 HealthyGtUnhealthy#0_Tstat] = 0.10267 ==> few true single voxel detections
[7m*+ WARNING:[0m Smallest FDR q [28 HealthyGtUnhealthy_Fstat] = 0.10267 ==> few true single voxel detections
[7m*+ WARNING:[0m Smallest FDR q [30 HealthyGtUnhealthyPmod#0_Tstat] = 0.413678 ==> few true single voxel detections
[7m*+ WARNING:[0m Smallest FDR q [31 HealthyGtUnhealthyPmod_Fstat] = 0.413677 ==> few true single voxel detections
 + Added 21 FDR curves to dataset CHIVES1030_2CondPmod_stats_REML+tlrc
++ Output dataset ./CHIVES1030_2CondPmod_stats_REML+tlrc.BRIK
 + unloading input dataset and REML matrices
++ 3dREMLfit is all done! total CPU=0.00 Elapsed=83.46
** AFNI converts NIFTI_datatype=4 (INT16) in file /projects/sanlab/shared/CHIVES/bids_data/derivatives/fmriprep/sub-CHIVES1030/ses-wave1/func/s6_sub-CHIVES1030_ses-wave1_task-money_bold_space-MNI152NLin2009cAsym_preproc.nii to FLOAT32
     Warnings of this type will be muted for this session.
     Set AFNI_NIFTI_TYPE_WARN to YES to see them all, NO to see none.
++ '-stim_times_AM1 3 /projects/sanlab/shared/CHIVES/CHIVES_WTP_scripts/behavioral/money/afni_timing_files/CHIVES1030/BidOnsDur.1D' has 1 auxiliary values per time point
++ '-stim_times_AM1 3': basis function model 'dmBLOCK(1)' uses 1 parameters,
    out of the 1 found in timing file '/projects/sanlab/shared/CHIVES/CHIVES_WTP_scripts/behavioral/money/afni_timing_files/CHIVES1030/BidOnsDur.1D'
++ 3dDeconvolve extending num_stimts from 3 to 7 due to -ortvec
++ 3dDeconvolve: AFNI version=AFNI_18.2.04 (Jul  6 2018) [64-bit]
++ Authored by: B. Douglas Ward, et al.
++ current memory malloc-ated = 263,897 bytes (about 264 thousand [kilo])
++ loading dataset /projects/sanlab/shared/CHIVES/bids_data/derivatives/fmriprep/sub-CHIVES1030/ses-wave1/func/s6_sub-CHIVES1030_ses-wave1_task-money_bold_space-MNI152NLin2009cAsym_preproc.nii
++ current memory malloc-ated = 1,510,787,573 bytes (about 1.5 billion [giga])
++ forcibly using TR=2.0000 seconds for -input dataset
++ Skipping check for initial transients
++ Imaging duration=698.0 s; Automatic polort=5
++ -stim_times using TR=2 s for stimulus timing conversion
++ -stim_times using TR=2 s for any -iresp output datasets
++  [you can alter the -iresp TR via the -TR_times option]
++ ** -stim_times NOTE ** guessing GLOBAL times if 1 time per line; LOCAL otherwise
++ ** GUESSED ** -stim_times 1 using LOCAL times
++ ** GUESSED ** -stim_times 2 using LOCAL times
++ ** GUESSED ** -stim_times_AM1 3 using LOCAL times
------------------------------------------------------------
GLT matrix from 'SYM: Healthy':
   0   0   0   0   0   0   1   0   0   0   0   0   0 
 
------------------------------------------------------------
GLT matrix from 'SYM: Unhealthy':
   0   0   0   0   0   0   0   1   0   0   0   0   0 
 
------------------------------------------------------------
GLT matrix from 'SYM: Healthy -Unhealthy':
   0   0   0   0   0   0   1  -1   0   0   0   0   0 
 
++ Number of time points: 349 (no censoring)
 + Number of parameters:  13 [10 baseline ; 3 signal]
++ total shared memory needed = 3,103,276,380 bytes (about 3.1 billion [giga])
++ current memory malloc-ated = 1,511,915,065 bytes (about 1.5 billion [giga])
++ mmap() memory allocated: 3,103,276,380 bytes (about 3.1 billion [giga])
++ Memory required for output bricks = 3,103,276,380 bytes (about 3.1 billion [giga])
++ Wrote matrix values to file CHIVES1030_2Cond_xmat.1D
++ ========= Things you can do with the matrix file =========
++ (a) Linear regression with ARMA(1,1) modeling of serial correlation:

3dREMLfit -matrix CHIVES1030_2Cond_xmat.1D -input /projects/sanlab/shared/CHIVES/bids_data/derivatives/fmriprep/sub-CHIVES1030/ses-wave1/func/s6_sub-CHIVES1030_ses-wave1_task-money_bold_space-MNI152NLin2009cAsym_preproc.nii \
 -mask /projects/sanlab/shared/CHIVES/bids_data/derivatives/fmriprep/sub-CHIVES1030/ses-wave1/func/sub-CHIVES1030_ses-wave1_task-money_bold_space-MNI152NLin2009cAsym_brainmask.nii.gz \
 -fout -tout -Rbuck CHIVES1030_2Cond_stats_REML -Rvar CHIVES1030_2Cond_stats_REMLvar \
 -Rfitts CHIVES1030_2Cond_REML -Rerrts CHIVES1030_2Cond_REML -verb
 
++ N.B.: 3dREMLfit command above written to file CHIVES1030_2Cond_stats.REML_cmd
++ (b) Visualization/analysis of the matrix via ExamineXmat.R
++ (c) Synthesis of sub-model datasets using 3dSynthesize
++ ==========================================================
++ Wrote matrix values to file CHIVES1030_2Cond_uncensor_xmat.1D
++ ----- Signal+Baseline matrix condition [X] (349x13):  2.08018  ++ VERY GOOD ++
++ ----- Signal-only matrix condition [X] (349x3):  1.61547  ++ VERY GOOD ++
++ ----- Baseline-only matrix condition [X] (349x10):  1.92407  ++ VERY GOOD ++
++ ----- stim_base-only matrix condition [X] (349x4):  1.22736  ++ VERY GOOD ++
++ ----- polort-only matrix condition [X] (349x6):  1.01561  ++ VERY GOOD ++
++ +++++ Matrix inverse average error = 1.56211e-15  ++ VERY GOOD ++
++ Matrix setup time = 0.02 s
++ Voxels in dataset: 1082035
++ Voxels in mask:    271325
++ Voxels per job:    13566
++ Job #1: processing voxels 180771 to 237601; elapsed time=4.146
++ Job #2: processing voxels 237602 to 283572; elapsed time=4.165
++ Job #3: processing voxels 283573 to 319261; elapsed time=4.187
++ Job #4: processing voxels 319262 to 351503; elapsed time=4.207
++ Job #5: processing voxels 351504 to 382034; elapsed time=4.230
++ Job #6: processing voxels 382035 to 408143; elapsed time=4.252
++ Job #7: processing voxels 408144 to 437515; elapsed time=4.275
++ Job #8: processing voxels 437516 to 463257; elapsed time=4.298
++ Job #9: processing voxels 463258 to 489619; elapsed time=4.323
++ Job #10: processing voxels 489620 to 518480; elapsed time=4.346
++ Job #11: processing voxels 518481 to 545478; elapsed time=4.370
++ Job #12: processing voxels 545479 to 575191; elapsed time=4.394
++ Job #13: processing voxels 575192 to 606588; elapsed time=4.432
++ Job #14: processing voxels 606589 to 638871; elapsed time=4.443
++ Job #15: processing voxels 638872 to 672525; elapsed time=4.471
++ Job #16: processing voxels 672526 to 707864; elapsed time=4.507
++ Job #17: processing voxels 707865 to 751197; elapsed time=4.522
++ Job #18: processing voxels 751198 to 799815; elapsed time=4.557
++ Job #0: processing voxels 0 to 180770; elapsed time=4.579
++ voxel loop:0++ Job #19: processing voxels 799816 to 1082034; elapsed time=4.583
123456789.0123456789.0123456789.01234567++ Job #2 finished; elapsed time=5.059
89.++ Job #4 finished; elapsed time=5.096
0++ Job #6 finished; elapsed time=5.138
++ Job #1 finished; elapsed time=5.158
++ Job #8 finished; elapsed time=5.180
123++ Job #7 finished; elapsed time=5.210
++ Job #10 finished; elapsed time=5.231
++ Job #9 finished; elapsed time=5.245
++ Job #12 finished; elapsed time=5.279
++ Job #5 finished; elapsed time=5.291
456++ Job #13 finished; elapsed time=5.325
++ Job #14 finished; elapsed time=5.328
++ Job #15 finished; elapsed time=5.361
++ Job #17 finished; elapsed time=5.418
789.
++ Job #0 waiting for children to finish; elapsed time=5.448
++ Job #3 finished; elapsed time=5.496
++ Job #11 finished; elapsed time=5.597
++ Job #18 finished; elapsed time=5.681
++ Job #16 finished; elapsed time=5.720
++ Job #19 finished; elapsed time=5.783
++ Job #0 now finishing up; elapsed time=5.801
++ Smallest FDR q [0 Full_Fstat] = 6.73558e-15
++ Smallest FDR q [2 Healthy#0_Tstat] = 5.95945e-14
++ Smallest FDR q [3 Healthy_Fstat] = 5.95951e-14
++ Smallest FDR q [5 Unhealthy#0_Tstat] = 5.737e-14
++ Smallest FDR q [6 Unhealthy_Fstat] = 5.73691e-14
++ Smallest FDR q [8 BidsNMiss#0_Tstat] = 1.76092e-14
++ Smallest FDR q [9 BidsNMiss_Fstat] = 1.76058e-14
++ Smallest FDR q [11 HealthyGtRest_GLT#0_Tstat] = 5.95945e-14
++ Smallest FDR q [12 HealthyGtRest_GLT_Fstat] = 5.95936e-14
++ Smallest FDR q [14 UnhealthyGtRest_GLT#0_Tstat] = 5.737e-14
++ Smallest FDR q [15 UnhealthyGtRest_GLT_Fstat] = 5.73691e-14
++ Smallest FDR q [17 HealthyGtUnhealthy_GLT#0_Tstat] = 0.00292963
++ Smallest FDR q [18 HealthyGtUnhealthy_GLT_Fstat] = 0.00292959
++ Wrote bucket dataset into ./CHIVES1030_2Cond_stats+tlrc.BRIK
 + created 13 FDR curves in bucket header
++ Wrote 3D+time dataset into ./CHIVES1030_2Cond+tlrc.BRIK
++ Wrote 3D+time dataset into ./CHIVES1030_2Cond+tlrc.BRIK
++ Program finished; elapsed time=24.927
++ 3dREMLfit: AFNI version=AFNI_18.2.04 (Jul  6 2018) [64-bit]
++ Authored by: RWCox
** AFNI converts NIFTI_datatype=4 (INT16) in file /projects/sanlab/shared/CHIVES/bids_data/derivatives/fmriprep/sub-CHIVES1030/ses-wave1/func/s6_sub-CHIVES1030_ses-wave1_task-money_bold_space-MNI152NLin2009cAsym_preproc.nii to FLOAT32
     Warnings of this type will be muted for this session.
     Set AFNI_NIFTI_TYPE_WARN to YES to see them all, NO to see none.
++ Number of voxels in mask = 271325
++ Number of OpenMP threads = 15
++ -----  matrix condition (349x13):  2.08018  ++ VERY GOOD ++
++ Loading input dataset into memory
++ Converting input dataset to vector image
 +  dataset = 1.5 billion [giga] bytes
 +  vectim  = 380 million [mega] bytes
++ starting REML setup calculations; total CPU=0.00 Elapsed=4.29
 + X matrix: 94.776% of elements are nonzero
 + starting 15 OpenMP threads for REML setup
 + REML setup finished: matrix rows=349 cols=13; 109*1 cases; total CPU=0.00 Elapsed=4.29
 +  average case bandwidth = 13.00
++ REML voxel loop: [15 threads]0123456789.012
 + ARMA voxel parameters estimated: total CPU=0.00 Elapsed=19.67
++ GLSQ loop:0123456789.0123456789.0123456789.0123456789.0123456789.
 + GLSQ regression done: total CPU=0.00 Elapsed=45.76
++ Output dataset ./CHIVES1030_2Cond_stats_REMLvar+tlrc.BRIK
++ Output dataset ./CHIVES1030_2Cond_REML+tlrc.BRIK
[7m** ERROR:[0m output dataset name 'CHIVES1030_2Cond_REML' conflicts with existing file
[7m** ERROR:[0m dataset NOT written to disk!
++ creating FDR curves in dataset CHIVES1030_2Cond_stats_REML+tlrc
++ Smallest FDR q [0 Full_Fstat] = 7.29035e-15
++ Smallest FDR q [2 Healthy#0_Tstat] = 1.20199e-13
++ Smallest FDR q [3 Healthy_Fstat] = 1.20199e-13
++ Smallest FDR q [5 Unhealthy#0_Tstat] = 1.13137e-13
++ Smallest FDR q [6 Unhealthy_Fstat] = 1.13137e-13
++ Smallest FDR q [8 BidsNMiss#0_Tstat] = 1.63485e-14
++ Smallest FDR q [9 BidsNMiss_Fstat] = 1.63485e-14
++ Smallest FDR q [11 HealthyGtRest#0_Tstat] = 1.20199e-13
++ Smallest FDR q [12 HealthyGtRest_Fstat] = 1.20199e-13
++ Smallest FDR q [14 UnhealthyGtRest#0_Tstat] = 1.13137e-13
++ Smallest FDR q [15 UnhealthyGtRest_Fstat] = 1.13137e-13
++ Smallest FDR q [17 HealthyGtUnhealthy#0_Tstat] = 0.0808023
++ Smallest FDR q [18 HealthyGtUnhealthy_Fstat] = 0.0808023
 + Added 13 FDR curves to dataset CHIVES1030_2Cond_stats_REML+tlrc
++ Output dataset ./CHIVES1030_2Cond_stats_REML+tlrc.BRIK
 + unloading input dataset and REML matrices
++ 3dREMLfit is all done! total CPU=0.00 Elapsed=64.50
