** AFNI converts NIFTI_datatype=4 (INT16) in file /projects/sanlab/shared/CHIVES/bids_data/derivatives/fmriprep/sub-CHIVES1001/ses-wave1/func/s6_sub-CHIVES1001_ses-wave1_task-money_bold_space-MNI152NLin2009cAsym_preproc.nii to FLOAT32
     Warnings of this type will be muted for this session.
     Set AFNI_NIFTI_TYPE_WARN to YES to see them all, NO to see none.
++ '-stim_times_AM2 1 /projects/sanlab/shared/CHIVES/CHIVES_WTP_scripts/behavioral/money/afni_timing_files/CHIVES1001/AllCondsPmod.1D' has 1 auxiliary values per time point
++ '-stim_times_AM2 1 /projects/sanlab/shared/CHIVES/CHIVES_WTP_scripts/behavioral/money/afni_timing_files/CHIVES1001/AllCondsPmod.1D' will have 2 regressors
++ '-stim_times_AM1 2 /projects/sanlab/shared/CHIVES/CHIVES_WTP_scripts/behavioral/money/afni_timing_files/CHIVES1001/BidOnsDur.1D' has 1 auxiliary values per time point
++ '-stim_times_AM1 2': basis function model 'dmBLOCK(1)' uses 1 parameters,
    out of the 1 found in timing file '/projects/sanlab/shared/CHIVES/CHIVES_WTP_scripts/behavioral/money/afni_timing_files/CHIVES1001/BidOnsDur.1D'
++ 3dDeconvolve extending num_stimts from 2 to 6 due to -ortvec
++ 3dDeconvolve: AFNI version=AFNI_18.2.04 (Jul  6 2018) [64-bit]
++ Authored by: B. Douglas Ward, et al.
++ current memory malloc-ated = 259,805 bytes (about 260 thousand [kilo])
++ loading dataset /projects/sanlab/shared/CHIVES/bids_data/derivatives/fmriprep/sub-CHIVES1001/ses-wave1/func/s6_sub-CHIVES1001_ses-wave1_task-money_bold_space-MNI152NLin2009cAsym_preproc.nii
++ current memory malloc-ated = 1,541,080,517 bytes (about 1.5 billion [giga])
++ forcibly using TR=2.0000 seconds for -input dataset
++ Skipping check for initial transients
++ Imaging duration=712.0 s; Automatic polort=5
++ -stim_times using TR=2 s for stimulus timing conversion
++ -stim_times using TR=2 s for any -iresp output datasets
++  [you can alter the -iresp TR via the -TR_times option]
++ ** -stim_times NOTE ** guessing GLOBAL times if 1 time per line; LOCAL otherwise
++ ** GUESSED ** -stim_times_AM2 1 using LOCAL times
++ '-stim_times_AM2 1' average amplitude#1=0.858333
++ ** GUESSED ** -stim_times_AM1 2 using LOCAL times
------------------------------------------------------------
GLT matrix from 'SYM: AllConds[0]':
   0   0   0   0   0   0   1   0   0   0   0   0   0 
 
------------------------------------------------------------
GLT matrix from 'SYM: AllConds[1]':
   0   0   0   0   0   0   0   1   0   0   0   0   0 
 
++ Number of time points: 356 (before censor) ; 353 (after)
 + Number of parameters:  13 [10 baseline ; 3 signal]
++ total shared memory needed = 3,146,557,780 bytes (about 3.1 billion [giga])
++ current memory malloc-ated = 1,542,208,398 bytes (about 1.5 billion [giga])
++ mmap() memory allocated: 3,146,557,780 bytes (about 3.1 billion [giga])
++ Memory required for output bricks = 3,146,557,780 bytes (about 3.1 billion [giga])
++ Wrote matrix values to file CHIVES1001_AllCondPmod_xmat.1D
++ ========= Things you can do with the matrix file =========
++ (a) Linear regression with ARMA(1,1) modeling of serial correlation:

3dREMLfit -matrix CHIVES1001_AllCondPmod_xmat.1D -input /projects/sanlab/shared/CHIVES/bids_data/derivatives/fmriprep/sub-CHIVES1001/ses-wave1/func/s6_sub-CHIVES1001_ses-wave1_task-money_bold_space-MNI152NLin2009cAsym_preproc.nii \
 -mask /projects/sanlab/shared/CHIVES/bids_data/derivatives/fmriprep/sub-CHIVES1001/ses-wave1/func/sub-CHIVES1001_ses-wave1_task-money_bold_space-MNI152NLin2009cAsym_brainmask.nii.gz \
 -fout -tout -Rbuck CHIVES1001_AllCondPmod_stats_REML -Rvar CHIVES1001_AllCondPmod_stats_REMLvar \
 -Rfitts CHIVES1001_AllCondPmod_REML -Rerrts CHIVES1001_AllCondPmod_REML -verb
 
++ N.B.: 3dREMLfit command above written to file CHIVES1001_AllCondPmod_stats.REML_cmd
++ (b) Visualization/analysis of the matrix via ExamineXmat.R
++ (c) Synthesis of sub-model datasets using 3dSynthesize
++ ==========================================================
++ Wrote matrix values to file CHIVES1001_AllCondPmod_uncensor_xmat.1D
++ ----- Signal+Baseline matrix condition [X] (353x13):  2.65287  ++ VERY GOOD ++
++ ----- Signal-only matrix condition [X] (353x3):  1.57802  ++ VERY GOOD ++
++ ----- Baseline-only matrix condition [X] (353x10):  2.62075  ++ VERY GOOD ++
++ ----- stim_base-only matrix condition [X] (353x4):  1.65454  ++ VERY GOOD ++
++ ----- polort-only matrix condition [X] (353x6):  1.01735  ++ VERY GOOD ++
++ +++++ Matrix inverse average error = 1.20457e-15  ++ VERY GOOD ++
++ Matrix setup time = 0.01 s
++ Voxels in dataset: 1082035
++ Voxels in mask:    259923
++ Voxels per job:    12996
++ Job #1: processing voxels 193251 to 250010; elapsed time=4.607
++ Job #2: processing voxels 250011 to 294448; elapsed time=4.628
++ Job #3: processing voxels 294449 to 328592; elapsed time=4.649
++ Job #4: processing voxels 328593 to 359747; elapsed time=4.671
++ Job #5: processing voxels 359748 to 385817; elapsed time=4.693
++ Job #6: processing voxels 385818 to 414938; elapsed time=4.716
++ Job #7: processing voxels 414939 to 440334; elapsed time=4.740
++ Job #8: processing voxels 440335 to 465572; elapsed time=4.763
++ Job #9: processing voxels 465573 to 494361; elapsed time=4.787
++ Job #10: processing voxels 494362 to 519688; elapsed time=4.812
++ Job #11: processing voxels 519689 to 549147; elapsed time=4.837
++ Job #12: processing voxels 549148 to 575256; elapsed time=4.862
++ Job #13: processing voxels 575257 to 606031; elapsed time=4.891
++ Job #14: processing voxels 606032 to 633538; elapsed time=4.926
++ Job #15: processing voxels 633539 to 665935; elapsed time=4.951
++ Job #16: processing voxels 665936 to 700777; elapsed time=4.962
++ Job #17: processing voxels 700778 to 741990; elapsed time=4.988
++ Job #18: processing voxels 741991 to 795356; elapsed time=5.031
++ Job #19: processing voxels 795357 to 1082034; elapsed time=5.039
++ Job #0: processing voxels 0 to 193250; elapsed time=5.049
++ voxel loop:0123456789.0123456789.0123456789.012345++ Job #2 finished; elapsed time=5.391
67++ Job #4 finished; elapsed time=5.431
89.0++ Job #6 finished; elapsed time=5.471
++ Job #5 finished; elapsed time=5.489
++ Job #8 finished; elapsed time=5.520
++ Job #7 finished; elapsed time=5.532
123++ Job #10 finished; elapsed time=5.570
++ Job #9 finished; elapsed time=5.573
++ Job #12 finished; elapsed time=5.616
45++ Job #13 finished; elapsed time=5.655
6++ Job #1 finished; elapsed time=5.715
++ Job #3 finished; elapsed time=5.719
++ Job #16 finished; elapsed time=5.730
78++ Job #17 finished; elapsed time=5.754
9.
++ Job #0 waiting for children to finish; elapsed time=5.795
++ Job #19 finished; elapsed time=5.832
++ Job #11 finished; elapsed time=5.912
++ Job #14 finished; elapsed time=5.973
++ Job #15 finished; elapsed time=6.014
++ Job #18 finished; elapsed time=6.085
++ Job #0 now finishing up; elapsed time=6.103
++ Smallest FDR q [0 Full_Fstat] = 1.07264e-14
++ Smallest FDR q [2 AllConds#0_Tstat] = 4.95082e-14
++ Smallest FDR q [4 AllConds#1_Tstat] = 8.64958e-06
++ Smallest FDR q [5 AllConds_Fstat] = 5.64966e-14
++ Smallest FDR q [7 BidsNMiss#0_Tstat] = 5.1833e-14
++ Smallest FDR q [8 BidsNMiss_Fstat] = 5.18323e-14
++ Smallest FDR q [10 CondGtRest_GLT#0_Tstat] = 4.95082e-14
++ Smallest FDR q [11 CondGtRest_GLT_Fstat] = 4.95082e-14
++ Smallest FDR q [13 Pmod_GLT#0_Tstat] = 8.64958e-06
++ Smallest FDR q [14 Pmod_GLT_Fstat] = 8.64866e-06
++ Wrote bucket dataset into ./CHIVES1001_AllCondPmod_stats+tlrc.BRIK
 + created 10 FDR curves in bucket header
++ Wrote 3D+time dataset into ./CHIVES1001_AllCondPmod+tlrc.BRIK
++ Wrote 3D+time dataset into ./CHIVES1001_AllCondPmod+tlrc.BRIK
++ Program finished; elapsed time=21.121
++ 3dREMLfit: AFNI version=AFNI_18.2.04 (Jul  6 2018) [64-bit]
++ Authored by: RWCox
** AFNI converts NIFTI_datatype=4 (INT16) in file /projects/sanlab/shared/CHIVES/bids_data/derivatives/fmriprep/sub-CHIVES1001/ses-wave1/func/s6_sub-CHIVES1001_ses-wave1_task-money_bold_space-MNI152NLin2009cAsym_preproc.nii to FLOAT32
     Warnings of this type will be muted for this session.
     Set AFNI_NIFTI_TYPE_WARN to YES to see them all, NO to see none.
++ Number of voxels in mask = 259923
++ Number of OpenMP threads = 15
++ -----  matrix condition (353x13):  2.65287  ++ VERY GOOD ++
++ Loading input dataset into memory
++ Converting input dataset to vector image
 +  dataset = 1.5 billion [giga] bytes
 +  vectim  = 371 million [mega] bytes
++ starting REML setup calculations; total CPU=0.00 Elapsed=4.13
 + X matrix: 99.760% of elements are nonzero
 + starting 15 OpenMP threads for REML setup
 + REML setup finished: matrix rows=353 cols=13; 109*1 cases; total CPU=0.00 Elapsed=4.14
 +  average case bandwidth = 12.90
++ REML voxel loop: [15 threads]0123456789.012
 + ARMA voxel parameters estimated: total CPU=0.00 Elapsed=19.47
++ GLSQ loop:0123456789.0123456789.0123456789.0123456789.0123456789.
 + GLSQ regression done: total CPU=0.00 Elapsed=39.81
++ Output dataset ./CHIVES1001_AllCondPmod_stats_REMLvar+tlrc.BRIK
++ Output dataset ./CHIVES1001_AllCondPmod_REML+tlrc.BRIK
[7m** ERROR:[0m output dataset name 'CHIVES1001_AllCondPmod_REML' conflicts with existing file
[7m** ERROR:[0m dataset NOT written to disk!
++ creating FDR curves in dataset CHIVES1001_AllCondPmod_stats_REML+tlrc
++ Smallest FDR q [0 Full_Fstat] = 1.56488e-14
++ Smallest FDR q [2 AllConds#0_Tstat] = 7.25917e-14
++ Smallest FDR q [4 AllConds#1_Tstat] = 9.08472e-06
++ Smallest FDR q [5 AllConds_Fstat] = 8.97772e-14
++ Smallest FDR q [7 BidsNMiss#0_Tstat] = 1.0914e-13
++ Smallest FDR q [8 BidsNMiss_Fstat] = 1.0914e-13
++ Smallest FDR q [10 CondGtRest#0_Tstat] = 7.25917e-14
++ Smallest FDR q [11 CondGtRest_Fstat] = 7.25917e-14
++ Smallest FDR q [13 Pmod#0_Tstat] = 9.08472e-06
++ Smallest FDR q [14 Pmod_Fstat] = 9.08472e-06
 + Added 10 FDR curves to dataset CHIVES1001_AllCondPmod_stats_REML+tlrc
++ Output dataset ./CHIVES1001_AllCondPmod_stats_REML+tlrc.BRIK
 + unloading input dataset and REML matrices
++ 3dREMLfit is all done! total CPU=0.00 Elapsed=54.56
** AFNI converts NIFTI_datatype=4 (INT16) in file /projects/sanlab/shared/CHIVES/bids_data/derivatives/fmriprep/sub-CHIVES1001/ses-wave1/func/s6_sub-CHIVES1001_ses-wave1_task-money_bold_space-MNI152NLin2009cAsym_preproc.nii to FLOAT32
     Warnings of this type will be muted for this session.
     Set AFNI_NIFTI_TYPE_WARN to YES to see them all, NO to see none.
++ '-stim_times_AM2 1 /projects/sanlab/shared/CHIVES/CHIVES_WTP_scripts/behavioral/money/afni_timing_files/CHIVES1001/HealthyPmod.1D' has 1 auxiliary values per time point
++ '-stim_times_AM2 1 /projects/sanlab/shared/CHIVES/CHIVES_WTP_scripts/behavioral/money/afni_timing_files/CHIVES1001/HealthyPmod.1D' will have 2 regressors
++ '-stim_times_AM2 2 /projects/sanlab/shared/CHIVES/CHIVES_WTP_scripts/behavioral/money/afni_timing_files/CHIVES1001/UnhealthyPmod.1D' has 1 auxiliary values per time point
++ '-stim_times_AM2 2 /projects/sanlab/shared/CHIVES/CHIVES_WTP_scripts/behavioral/money/afni_timing_files/CHIVES1001/UnhealthyPmod.1D' will have 2 regressors
++ '-stim_times_AM1 3 /projects/sanlab/shared/CHIVES/CHIVES_WTP_scripts/behavioral/money/afni_timing_files/CHIVES1001/BidOnsDur.1D' has 1 auxiliary values per time point
++ '-stim_times_AM1 3': basis function model 'dmBLOCK(1)' uses 1 parameters,
    out of the 1 found in timing file '/projects/sanlab/shared/CHIVES/CHIVES_WTP_scripts/behavioral/money/afni_timing_files/CHIVES1001/BidOnsDur.1D'
++ 3dDeconvolve extending num_stimts from 3 to 7 due to -ortvec
++ 3dDeconvolve: AFNI version=AFNI_18.2.04 (Jul  6 2018) [64-bit]
++ Authored by: B. Douglas Ward, et al.
++ current memory malloc-ated = 287,071 bytes (about 287 thousand [kilo])
++ loading dataset /projects/sanlab/shared/CHIVES/bids_data/derivatives/fmriprep/sub-CHIVES1001/ses-wave1/func/s6_sub-CHIVES1001_ses-wave1_task-money_bold_space-MNI152NLin2009cAsym_preproc.nii
++ current memory malloc-ated = 1,541,107,783 bytes (about 1.5 billion [giga])
++ forcibly using TR=2.0000 seconds for -input dataset
++ Skipping check for initial transients
++ Imaging duration=712.0 s; Automatic polort=5
++ -stim_times using TR=2 s for stimulus timing conversion
++ -stim_times using TR=2 s for any -iresp output datasets
++  [you can alter the -iresp TR via the -TR_times option]
++ ** -stim_times NOTE ** guessing GLOBAL times if 1 time per line; LOCAL otherwise
++ ** GUESSED ** -stim_times_AM2 1 using LOCAL times
++ '-stim_times_AM2 1' average amplitude#1=0.9
++ ** GUESSED ** -stim_times_AM2 2 using LOCAL times
++ '-stim_times_AM2 2' average amplitude#1=0.816667
++ ** GUESSED ** -stim_times_AM1 3 using LOCAL times
------------------------------------------------------------
GLT matrix from 'SYM: HealthyPmod[0]':
   0   0   0   0   0   0   1   0   0   0   0   0   0   0   0 
 
------------------------------------------------------------
GLT matrix from 'SYM: HealthyPmod[1]':
   0   0   0   0   0   0   0   1   0   0   0   0   0   0   0 
 
------------------------------------------------------------
GLT matrix from 'SYM: UnhealthyPmod[0]':
   0   0   0   0   0   0   0   0   1   0   0   0   0   0   0 
 
------------------------------------------------------------
GLT matrix from 'SYM: UnhealthyPmod[1]':
   0   0   0   0   0   0   0   0   0   1   0   0   0   0   0 
 
------------------------------------------------------------
GLT matrix from 'SYM: HealthyPmod[0] -UnhealthyPmod[0]':
   0   0   0   0   0   0   1   0  -1   0   0   0   0   0   0 
 
------------------------------------------------------------
GLT matrix from 'SYM: HealthyPmod[1] -UnhealthyPmod[1]':
   0   0   0   0   0   0   0   1   0  -1   0   0   0   0   0 
 
++ Number of time points: 356 (before censor) ; 353 (after)
 + Number of parameters:  15 [10 baseline ; 5 signal]
++ total shared memory needed = 3,220,136,160 bytes (about 3.2 billion [giga])
++ current memory malloc-ated = 1,542,240,224 bytes (about 1.5 billion [giga])
++ mmap() memory allocated: 3,220,136,160 bytes (about 3.2 billion [giga])
++ Memory required for output bricks = 3,220,136,160 bytes (about 3.2 billion [giga])
++ Wrote matrix values to file CHIVES1001_2CondPmod_xmat.1D
++ ========= Things you can do with the matrix file =========
++ (a) Linear regression with ARMA(1,1) modeling of serial correlation:

3dREMLfit -matrix CHIVES1001_2CondPmod_xmat.1D -input /projects/sanlab/shared/CHIVES/bids_data/derivatives/fmriprep/sub-CHIVES1001/ses-wave1/func/s6_sub-CHIVES1001_ses-wave1_task-money_bold_space-MNI152NLin2009cAsym_preproc.nii \
 -mask /projects/sanlab/shared/CHIVES/bids_data/derivatives/fmriprep/sub-CHIVES1001/ses-wave1/func/sub-CHIVES1001_ses-wave1_task-money_bold_space-MNI152NLin2009cAsym_brainmask.nii.gz \
 -fout -tout -Rbuck CHIVES1001_2CondPmod_stats_REML -Rvar CHIVES1001_2CondPmod_stats_REMLvar \
 -Rfitts CHIVES1001_2CondPmod_REML -Rerrts CHIVES1001_2CondPmod_REML -verb
 
++ N.B.: 3dREMLfit command above written to file CHIVES1001_2CondPmod_stats.REML_cmd
++ (b) Visualization/analysis of the matrix via ExamineXmat.R
++ (c) Synthesis of sub-model datasets using 3dSynthesize
++ ==========================================================
++ Wrote matrix values to file CHIVES1001_2CondPmod_uncensor_xmat.1D
++ ----- Signal+Baseline matrix condition [X] (353x15):  2.66642  ++ VERY GOOD ++
++ ----- Signal-only matrix condition [X] (353x5):  1.57809  ++ VERY GOOD ++
++ ----- Baseline-only matrix condition [X] (353x10):  2.62075  ++ VERY GOOD ++
++ ----- stim_base-only matrix condition [X] (353x4):  1.65454  ++ VERY GOOD ++
++ ----- polort-only matrix condition [X] (353x6):  1.01735  ++ VERY GOOD ++
++ +++++ Matrix inverse average error = 1.03795e-15  ++ VERY GOOD ++
++ Matrix setup time = 0.02 s
++ Voxels in dataset: 1082035
++ Voxels in mask:    259923
++ Voxels per job:    12996
++ Job #1: processing voxels 193251 to 250010; elapsed time=4.354
++ Job #2: processing voxels 250011 to 294448; elapsed time=4.375
++ Job #3: processing voxels 294449 to 328592; elapsed time=4.399
++ Job #4: processing voxels 328593 to 359747; elapsed time=4.421
++ Job #5: processing voxels 359748 to 385817; elapsed time=4.446
++ Job #6: processing voxels 385818 to 414938; elapsed time=4.469
++ Job #7: processing voxels 414939 to 440334; elapsed time=4.495
++ Job #8: processing voxels 440335 to 465572; elapsed time=4.519
++ Job #9: processing voxels 465573 to 494361; elapsed time=4.545
++ Job #10: processing voxels 494362 to 519688; elapsed time=4.570
++ Job #11: processing voxels 519689 to 549147; elapsed time=4.598
++ Job #12: processing voxels 549148 to 575256; elapsed time=4.624
++ Job #13: processing voxels 575257 to 606031; elapsed time=4.666
++ Job #14: processing voxels 606032 to 633538; elapsed time=4.694
++ Job #15: processing voxels 633539 to 665935; elapsed time=4.749
++ Job #16: processing voxels 665936 to 700777; elapsed time=4.787
++ Job #17: processing voxels 700778 to 741990; elapsed time=4.833
++ Job #18: processing voxels 741991 to 795356; elapsed time=4.875
++ Job #0: processing voxels 0 to 193250; elapsed time=4.913
++ voxel loop:012345678++ Job #19: processing voxels 795357 to 1082034; elapsed time=4.917
9.0123456789.0123456789.01++ Job #1 finished; elapsed time=5.495
++ Job #3 finished; elapsed time=5.525
2++ Job #5 finished; elapsed time=5.563
++ Job #4 finished; elapsed time=5.570
34++ Job #7 finished; elapsed time=5.608
++ Job #10 finished; elapsed time=5.648
++ Job #9 finished; elapsed time=5.654
567++ Job #11 finished; elapsed time=5.707
++ Job #12 finished; elapsed time=5.752
++ Job #13 finished; elapsed time=5.771
89.0++ Job #2 finished; elapsed time=5.807
++ Job #6 finished; elapsed time=5.825
++ Job #8 finished; elapsed time=5.846
++ Job #16 finished; elapsed time=5.907
123++ Job #17 finished; elapsed time=6.014
456++ Job #14 finished; elapsed time=6.126
++ Job #15 finished; elapsed time=6.143
++ Job #18 finished; elapsed time=6.200
78++ Job #19 finished; elapsed time=6.245
9.
++ Job #0 waiting for children to finish; elapsed time=6.272
++ Job #0 now finishing up; elapsed time=6.272
++ Smallest FDR q [0 Full_Fstat] = 1.20653e-14
++ Smallest FDR q [2 HealthyPmod#0_Tstat] = 1.5142e-13
++ Smallest FDR q [4 HealthyPmod#1_Tstat] = 0.0127905
++ Smallest FDR q [5 HealthyPmod_Fstat] = 1.56391e-13
++ Smallest FDR q [7 UnhealthyPmod#0_Tstat] = 7.14453e-14
++ Smallest FDR q [9 UnhealthyPmod#1_Tstat] = 0.0129257
++ Smallest FDR q [10 UnhealthyPmod_Fstat] = 9.22816e-14
++ Smallest FDR q [12 BidsNMiss#0_Tstat] = 4.99084e-14
++ Smallest FDR q [13 BidsNMiss_Fstat] = 4.99096e-14
++ Smallest FDR q [15 HealthyGtRest_GLT#0_Tstat] = 1.5142e-13
++ Smallest FDR q [16 HealthyGtRest_GLT_Fstat] = 1.51418e-13
++ Smallest FDR q [18 HealthyPmod_GLT#0_Tstat] = 0.0127905
++ Smallest FDR q [19 HealthyPmod_GLT_Fstat] = 0.0127898
++ Smallest FDR q [21 UnhealthyGtRest_GLT#0_Tstat] = 7.14453e-14
++ Smallest FDR q [22 UnhealthyGtRest_GLT_Fstat] = 7.14443e-14
++ Smallest FDR q [24 UnhealthyPmod_GLT#0_Tstat] = 0.0129257
++ Smallest FDR q [25 UnhealthyPmod_GLT_Fstat] = 0.0129249
[7m*+ WARNING:[0m Smallest FDR q [27 HealthyGtUnhealthy_GLT#0_Tstat] = 0.102477 ==> few true single voxel detections
[7m*+ WARNING:[0m Smallest FDR q [28 HealthyGtUnhealthy_GLT_Fstat] = 0.102481 ==> few true single voxel detections
[7m*+ WARNING:[0m Smallest FDR q [30 HealthyGtUnhealthyPmod_GLT#0_Tstat] = 0.178952 ==> few true single voxel detections
[7m*+ WARNING:[0m Smallest FDR q [31 HealthyGtUnhealthyPmod_GLT_Fstat] = 0.17849 ==> few true single voxel detections
++ Wrote bucket dataset into ./CHIVES1001_2CondPmod_stats+tlrc.BRIK
 + created 21 FDR curves in bucket header
++ Wrote 3D+time dataset into ./CHIVES1001_2CondPmod+tlrc.BRIK
++ Wrote 3D+time dataset into ./CHIVES1001_2CondPmod+tlrc.BRIK
++ Program finished; elapsed time=35.362
++ 3dREMLfit: AFNI version=AFNI_18.2.04 (Jul  6 2018) [64-bit]
++ Authored by: RWCox
** AFNI converts NIFTI_datatype=4 (INT16) in file /projects/sanlab/shared/CHIVES/bids_data/derivatives/fmriprep/sub-CHIVES1001/ses-wave1/func/s6_sub-CHIVES1001_ses-wave1_task-money_bold_space-MNI152NLin2009cAsym_preproc.nii to FLOAT32
     Warnings of this type will be muted for this session.
     Set AFNI_NIFTI_TYPE_WARN to YES to see them all, NO to see none.
++ Number of voxels in mask = 259923
++ Number of OpenMP threads = 15
++ -----  matrix condition (353x15):  2.66642  ++ VERY GOOD ++
++ Loading input dataset into memory
++ Converting input dataset to vector image
 +  dataset = 1.5 billion [giga] bytes
 +  vectim  = 371 million [mega] bytes
++ starting REML setup calculations; total CPU=0.00 Elapsed=4.13
 + X matrix: 90.576% of elements are nonzero
 + starting 15 OpenMP threads for REML setup
 + REML setup finished: matrix rows=353 cols=15; 109*1 cases; total CPU=0.00 Elapsed=4.13
 +  average case bandwidth = 12.90
++ REML voxel loop: [15 threads]0123456789.012
 + ARMA voxel parameters estimated: total CPU=0.00 Elapsed=19.94
++ GLSQ loop:0123456789.0123456789.0123456789.0123456789.0123456789.
 + GLSQ regression done: total CPU=0.00 Elapsed=49.93
++ Output dataset ./CHIVES1001_2CondPmod_stats_REMLvar+tlrc.BRIK
++ Output dataset ./CHIVES1001_2CondPmod_REML+tlrc.BRIK
[7m** ERROR:[0m output dataset name 'CHIVES1001_2CondPmod_REML' conflicts with existing file
[7m** ERROR:[0m dataset NOT written to disk!
++ creating FDR curves in dataset CHIVES1001_2CondPmod_stats_REML+tlrc
++ Smallest FDR q [0 Full_Fstat] = 1.96701e-14
++ Smallest FDR q [2 HealthyPmod#0_Tstat] = 4.28699e-13
[7m*+ WARNING:[0m Smallest FDR q [4 HealthyPmod#1_Tstat] = 0.328469 ==> few true single voxel detections
++ Smallest FDR q [5 HealthyPmod_Fstat] = 5.49167e-13
++ Smallest FDR q [7 UnhealthyPmod#0_Tstat] = 2.09822e-13
++ Smallest FDR q [9 UnhealthyPmod#1_Tstat] = 0.0150382
++ Smallest FDR q [10 UnhealthyPmod_Fstat] = 3.48275e-13
++ Smallest FDR q [12 BidsNMiss#0_Tstat] = 1.04928e-13
++ Smallest FDR q [13 BidsNMiss_Fstat] = 1.04928e-13
++ Smallest FDR q [15 HealthyGtRest#0_Tstat] = 4.28699e-13
++ Smallest FDR q [16 HealthyGtRest_Fstat] = 4.28699e-13
[7m*+ WARNING:[0m Smallest FDR q [18 HealthyPmod#0_Tstat] = 0.328469 ==> few true single voxel detections
[7m*+ WARNING:[0m Smallest FDR q [19 HealthyPmod_Fstat] = 0.328469 ==> few true single voxel detections
++ Smallest FDR q [21 UnhealthyGtRest#0_Tstat] = 2.09822e-13
++ Smallest FDR q [22 UnhealthyGtRest_Fstat] = 2.09822e-13
++ Smallest FDR q [24 UnhealthyPmod#0_Tstat] = 0.0150382
++ Smallest FDR q [25 UnhealthyPmod_Fstat] = 0.0150381
[7m*+ WARNING:[0m Smallest FDR q [27 HealthyGtUnhealthy#0_Tstat] = 0.960431 ==> few true single voxel detections
[7m*+ WARNING:[0m Smallest FDR q [28 HealthyGtUnhealthy_Fstat] = 0.960431 ==> few true single voxel detections
[7m*+ WARNING:[0m Smallest FDR q [30 HealthyGtUnhealthyPmod#0_Tstat] = 0.997877 ==> few true single voxel detections
[7m*+ WARNING:[0m Smallest FDR q [31 HealthyGtUnhealthyPmod_Fstat] = 0.997877 ==> few true single voxel detections
 + Added 21 FDR curves to dataset CHIVES1001_2CondPmod_stats_REML+tlrc
++ Output dataset ./CHIVES1001_2CondPmod_stats_REML+tlrc.BRIK
 + unloading input dataset and REML matrices
++ 3dREMLfit is all done! total CPU=0.00 Elapsed=77.50
** AFNI converts NIFTI_datatype=4 (INT16) in file /projects/sanlab/shared/CHIVES/bids_data/derivatives/fmriprep/sub-CHIVES1001/ses-wave1/func/s6_sub-CHIVES1001_ses-wave1_task-money_bold_space-MNI152NLin2009cAsym_preproc.nii to FLOAT32
     Warnings of this type will be muted for this session.
     Set AFNI_NIFTI_TYPE_WARN to YES to see them all, NO to see none.
++ '-stim_times_AM1 3 /projects/sanlab/shared/CHIVES/CHIVES_WTP_scripts/behavioral/money/afni_timing_files/CHIVES1001/BidOnsDur.1D' has 1 auxiliary values per time point
++ '-stim_times_AM1 3': basis function model 'dmBLOCK(1)' uses 1 parameters,
    out of the 1 found in timing file '/projects/sanlab/shared/CHIVES/CHIVES_WTP_scripts/behavioral/money/afni_timing_files/CHIVES1001/BidOnsDur.1D'
++ 3dDeconvolve extending num_stimts from 3 to 7 due to -ortvec
++ 3dDeconvolve: AFNI version=AFNI_18.2.04 (Jul  6 2018) [64-bit]
++ Authored by: B. Douglas Ward, et al.
++ current memory malloc-ated = 270,827 bytes (about 271 thousand [kilo])
++ loading dataset /projects/sanlab/shared/CHIVES/bids_data/derivatives/fmriprep/sub-CHIVES1001/ses-wave1/func/s6_sub-CHIVES1001_ses-wave1_task-money_bold_space-MNI152NLin2009cAsym_preproc.nii
++ current memory malloc-ated = 1,541,091,539 bytes (about 1.5 billion [giga])
++ forcibly using TR=2.0000 seconds for -input dataset
++ Skipping check for initial transients
++ Imaging duration=712.0 s; Automatic polort=5
++ -stim_times using TR=2 s for stimulus timing conversion
++ -stim_times using TR=2 s for any -iresp output datasets
++  [you can alter the -iresp TR via the -TR_times option]
++ ** -stim_times NOTE ** guessing GLOBAL times if 1 time per line; LOCAL otherwise
++ ** GUESSED ** -stim_times 1 using LOCAL times
++ ** GUESSED ** -stim_times 2 using LOCAL times
++ ** GUESSED ** -stim_times_AM1 3 using LOCAL times
------------------------------------------------------------
GLT matrix from 'SYM: Healthy':
   0   0   0   0   0   0   1   0   0   0   0   0   0 
 
------------------------------------------------------------
GLT matrix from 'SYM: Unhealthy':
   0   0   0   0   0   0   0   1   0   0   0   0   0 
 
------------------------------------------------------------
GLT matrix from 'SYM: Healthy -Unhealthy':
   0   0   0   0   0   0   1  -1   0   0   0   0   0 
 
++ Number of time points: 356 (before censor) ; 353 (after)
 + Number of parameters:  13 [10 baseline ; 3 signal]
++ total shared memory needed = 3,163,870,340 bytes (about 3.2 billion [giga])
++ current memory malloc-ated = 1,542,219,458 bytes (about 1.5 billion [giga])
++ mmap() memory allocated: 3,163,870,340 bytes (about 3.2 billion [giga])
++ Memory required for output bricks = 3,163,870,340 bytes (about 3.2 billion [giga])
++ Wrote matrix values to file CHIVES1001_2Cond_xmat.1D
++ ========= Things you can do with the matrix file =========
++ (a) Linear regression with ARMA(1,1) modeling of serial correlation:

3dREMLfit -matrix CHIVES1001_2Cond_xmat.1D -input /projects/sanlab/shared/CHIVES/bids_data/derivatives/fmriprep/sub-CHIVES1001/ses-wave1/func/s6_sub-CHIVES1001_ses-wave1_task-money_bold_space-MNI152NLin2009cAsym_preproc.nii \
 -mask /projects/sanlab/shared/CHIVES/bids_data/derivatives/fmriprep/sub-CHIVES1001/ses-wave1/func/sub-CHIVES1001_ses-wave1_task-money_bold_space-MNI152NLin2009cAsym_brainmask.nii.gz \
 -fout -tout -Rbuck CHIVES1001_2Cond_stats_REML -Rvar CHIVES1001_2Cond_stats_REMLvar \
 -Rfitts CHIVES1001_2Cond_REML -Rerrts CHIVES1001_2Cond_REML -verb
 
++ N.B.: 3dREMLfit command above written to file CHIVES1001_2Cond_stats.REML_cmd
++ (b) Visualization/analysis of the matrix via ExamineXmat.R
++ (c) Synthesis of sub-model datasets using 3dSynthesize
++ ==========================================================
++ Wrote matrix values to file CHIVES1001_2Cond_uncensor_xmat.1D
++ ----- Signal+Baseline matrix condition [X] (353x13):  2.65065  ++ VERY GOOD ++
++ ----- Signal-only matrix condition [X] (353x3):  1.57777  ++ VERY GOOD ++
++ ----- Baseline-only matrix condition [X] (353x10):  2.62075  ++ VERY GOOD ++
++ ----- stim_base-only matrix condition [X] (353x4):  1.65454  ++ VERY GOOD ++
++ ----- polort-only matrix condition [X] (353x6):  1.01735  ++ VERY GOOD ++
++ +++++ Matrix inverse average error = 9.82968e-16  ++ VERY GOOD ++
++ Matrix setup time = 0.01 s
++ Voxels in dataset: 1082035
++ Voxels in mask:    259923
++ Voxels per job:    12996
++ Job #1: processing voxels 193251 to 250010; elapsed time=4.419
++ Job #2: processing voxels 250011 to 294448; elapsed time=4.441
++ Job #3: processing voxels 294449 to 328592; elapsed time=4.464
++ Job #4: processing voxels 328593 to 359747; elapsed time=4.487
++ Job #5: processing voxels 359748 to 385817; elapsed time=4.511
++ Job #6: processing voxels 385818 to 414938; elapsed time=4.536
++ Job #7: processing voxels 414939 to 440334; elapsed time=4.562
++ Job #8: processing voxels 440335 to 465572; elapsed time=4.587
++ Job #9: processing voxels 465573 to 494361; elapsed time=4.614
++ Job #10: processing voxels 494362 to 519688; elapsed time=4.640
++ Job #11: processing voxels 519689 to 549147; elapsed time=4.667
++ Job #12: processing voxels 549148 to 575256; elapsed time=4.695
++ Job #13: processing voxels 575257 to 606031; elapsed time=4.736
++ Job #14: processing voxels 606032 to 633538; elapsed time=4.791
++ Job #15: processing voxels 633539 to 665935; elapsed time=4.833
++ Job #16: processing voxels 665936 to 700777; elapsed time=4.875
++ Job #17: processing voxels 700778 to 741990; elapsed time=4.917
++ Job #18: processing voxels 741991 to 795356; elapsed time=4.955
++ Job #0: processing voxels 0 to 193250; elapsed time=4.998
++ voxel loop:012345678++ Job #19: processing voxels 795357 to 1082034; elapsed time=5.001
9.0123456789.0123456789.++ Job #1 finished; elapsed time=5.340
01++ Job #3 finished; elapsed time=5.368
++ Job #2 finished; elapsed time=5.388
++ Job #5 finished; elapsed time=5.408
234++ Job #8 finished; elapsed time=5.430
++ Job #7 finished; elapsed time=5.456
++ Job #10 finished; elapsed time=5.491
567++ Job #9 finished; elapsed time=5.501
++ Job #11 finished; elapsed time=5.556
89.0++ Job #13 finished; elapsed time=5.626
++ Job #6 finished; elapsed time=5.651
++ Job #4 finished; elapsed time=5.657
123++ Job #14 finished; elapsed time=5.699
++ Job #12 finished; elapsed time=5.765
45++ Job #16 finished; elapsed time=5.801
6789.
++ Job #0 waiting for children to finish; elapsed time=5.942
++ Job #15 finished; elapsed time=5.972
++ Job #17 finished; elapsed time=6.038
++ Job #18 finished; elapsed time=6.069
++ Job #19 finished; elapsed time=6.118
++ Job #0 now finishing up; elapsed time=6.139
++ Smallest FDR q [0 Full_Fstat] = 1.09438e-14
++ Smallest FDR q [2 Healthy#0_Tstat] = 1.56972e-13
++ Smallest FDR q [3 Healthy_Fstat] = 1.5697e-13
++ Smallest FDR q [5 Unhealthy#0_Tstat] = 7.53896e-14
++ Smallest FDR q [6 Unhealthy_Fstat] = 7.53907e-14
++ Smallest FDR q [8 BidsNMiss#0_Tstat] = 5.21382e-14
++ Smallest FDR q [9 BidsNMiss_Fstat] = 5.21372e-14
++ Smallest FDR q [11 HealthyGtRest_GLT#0_Tstat] = 1.56972e-13
++ Smallest FDR q [12 HealthyGtRest_GLT_Fstat] = 1.56968e-13
++ Smallest FDR q [14 UnhealthyGtRest_GLT#0_Tstat] = 7.53896e-14
++ Smallest FDR q [15 UnhealthyGtRest_GLT_Fstat] = 7.53896e-14
[7m*+ WARNING:[0m Smallest FDR q [17 HealthyGtUnhealthy_GLT#0_Tstat] = 0.109546 ==> few true single voxel detections
[7m*+ WARNING:[0m Smallest FDR q [18 HealthyGtUnhealthy_GLT_Fstat] = 0.109547 ==> few true single voxel detections
++ Wrote bucket dataset into ./CHIVES1001_2Cond_stats+tlrc.BRIK
 + created 13 FDR curves in bucket header
++ Wrote 3D+time dataset into ./CHIVES1001_2Cond+tlrc.BRIK
++ Wrote 3D+time dataset into ./CHIVES1001_2Cond+tlrc.BRIK
++ Program finished; elapsed time=23.582
++ 3dREMLfit: AFNI version=AFNI_18.2.04 (Jul  6 2018) [64-bit]
++ Authored by: RWCox
** AFNI converts NIFTI_datatype=4 (INT16) in file /projects/sanlab/shared/CHIVES/bids_data/derivatives/fmriprep/sub-CHIVES1001/ses-wave1/func/s6_sub-CHIVES1001_ses-wave1_task-money_bold_space-MNI152NLin2009cAsym_preproc.nii to FLOAT32
     Warnings of this type will be muted for this session.
     Set AFNI_NIFTI_TYPE_WARN to YES to see them all, NO to see none.
++ Number of voxels in mask = 259923
++ Number of OpenMP threads = 15
++ -----  matrix condition (353x13):  2.65065  ++ VERY GOOD ++
++ Loading input dataset into memory
++ Converting input dataset to vector image
 +  dataset = 1.5 billion [giga] bytes
 +  vectim  = 371 million [mega] bytes
++ starting REML setup calculations; total CPU=0.00 Elapsed=4.10
 + X matrix: 94.509% of elements are nonzero
 + starting 15 OpenMP threads for REML setup
 + REML setup finished: matrix rows=353 cols=13; 109*1 cases; total CPU=0.00 Elapsed=4.12
 +  average case bandwidth = 12.90
++ REML voxel loop: [15 threads]0123456789.012
 + ARMA voxel parameters estimated: total CPU=0.00 Elapsed=19.26
++ GLSQ loop:0123456789.0123456789.0123456789.0123456789.0123456789.
 + GLSQ regression done: total CPU=0.00 Elapsed=43.36
++ Output dataset ./CHIVES1001_2Cond_stats_REMLvar+tlrc.BRIK
++ Output dataset ./CHIVES1001_2Cond_REML+tlrc.BRIK
[7m** ERROR:[0m output dataset name 'CHIVES1001_2Cond_REML' conflicts with existing file
[7m** ERROR:[0m dataset NOT written to disk!
++ creating FDR curves in dataset CHIVES1001_2Cond_stats_REML+tlrc
++ Smallest FDR q [0 Full_Fstat] = 1.61992e-14
++ Smallest FDR q [2 Healthy#0_Tstat] = 4.3602e-13
++ Smallest FDR q [3 Healthy_Fstat] = 4.3602e-13
++ Smallest FDR q [5 Unhealthy#0_Tstat] = 2.24513e-13
++ Smallest FDR q [6 Unhealthy_Fstat] = 2.24513e-13
++ Smallest FDR q [8 BidsNMiss#0_Tstat] = 1.11572e-13
++ Smallest FDR q [9 BidsNMiss_Fstat] = 1.11572e-13
++ Smallest FDR q [11 HealthyGtRest#0_Tstat] = 4.3602e-13
++ Smallest FDR q [12 HealthyGtRest_Fstat] = 4.3602e-13
++ Smallest FDR q [14 UnhealthyGtRest#0_Tstat] = 2.24513e-13
++ Smallest FDR q [15 UnhealthyGtRest_Fstat] = 2.24513e-13
[7m*+ WARNING:[0m Smallest FDR q [17 HealthyGtUnhealthy#0_Tstat] = 0.979472 ==> few true single voxel detections
[7m*+ WARNING:[0m Smallest FDR q [18 HealthyGtUnhealthy_Fstat] = 0.979472 ==> few true single voxel detections
 + Added 13 FDR curves to dataset CHIVES1001_2Cond_stats_REML+tlrc
++ Output dataset ./CHIVES1001_2Cond_stats_REML+tlrc.BRIK
 + unloading input dataset and REML matrices
++ 3dREMLfit is all done! total CPU=0.00 Elapsed=60.81
