++ '-stim_times_AM2 1 /projects/sanlab/shared/CHIVES/CHIVES_WTP_scripts/behavioral/money/afni_timing_files/CHIVES1008/AllCondsPmod.1D' has 1 auxiliary values per time point
++ '-stim_times_AM2 1 /projects/sanlab/shared/CHIVES/CHIVES_WTP_scripts/behavioral/money/afni_timing_files/CHIVES1008/AllCondsPmod.1D' will have 2 regressors
++ '-stim_times_AM1 2 /projects/sanlab/shared/CHIVES/CHIVES_WTP_scripts/behavioral/money/afni_timing_files/CHIVES1008/BidOnsDur.1D' has 1 auxiliary values per time point
++ '-stim_times_AM1 2': basis function model 'dmBLOCK(1)' uses 1 parameters,
    out of the 1 found in timing file '/projects/sanlab/shared/CHIVES/CHIVES_WTP_scripts/behavioral/money/afni_timing_files/CHIVES1008/BidOnsDur.1D'
++ 3dDeconvolve extending num_stimts from 2 to 6 due to -ortvec
++ 3dDeconvolve: AFNI version=AFNI_18.2.04 (Jul  6 2018) [64-bit]
++ Authored by: B. Douglas Ward, et al.
++ current memory malloc-ated = 253,095 bytes (about 253 thousand [kilo])
++ loading dataset /projects/sanlab/shared/CHIVES/bids_data/derivatives/fmriprep/sub-CHIVES1008/ses-wave1/func/s6_sub-CHIVES1008_ses-wave1_task-money_bold_space-MNI152NLin2009cAsym_preproc.nii
++ current memory malloc-ated = 255,919 bytes (about 256 thousand [kilo])
++ forcibly using TR=2.0000 seconds for -input dataset
++ Skipping check for initial transients
++ Imaging duration=700.0 s; Automatic polort=5
++ -stim_times using TR=2 s for stimulus timing conversion
++ -stim_times using TR=2 s for any -iresp output datasets
++  [you can alter the -iresp TR via the -TR_times option]
++ ** -stim_times NOTE ** guessing GLOBAL times if 1 time per line; LOCAL otherwise
++ ** GUESSED ** -stim_times_AM2 1 using LOCAL times
++ '-stim_times_AM2 1' average amplitude#1=0.4
++ ** GUESSED ** -stim_times_AM1 2 using LOCAL times
------------------------------------------------------------
GLT matrix from 'SYM: AllConds[0]':
   0   0   0   0   0   0   1   0   0   0   0   0   0 
 
------------------------------------------------------------
GLT matrix from 'SYM: AllConds[1]':
   0   0   0   0   0   0   0   1   0   0   0   0   0 
 
++ Number of time points: 350 (no censoring)
 + Number of parameters:  13 [10 baseline ; 3 signal]
++ total shared memory needed = 3,094,620,100 bytes (about 3.1 billion [giga])
++ current memory malloc-ated = 1,383,433 bytes (about 1.4 million [mega])
++ mmap() memory allocated: 3,094,620,100 bytes (about 3.1 billion [giga])
++ Memory required for output bricks = 3,094,620,100 bytes (about 3.1 billion [giga])
++ Wrote matrix values to file CHIVES1008_AllCondPmod_xmat.1D
++ ========= Things you can do with the matrix file =========
++ (a) Linear regression with ARMA(1,1) modeling of serial correlation:

3dREMLfit -matrix CHIVES1008_AllCondPmod_xmat.1D -input /projects/sanlab/shared/CHIVES/bids_data/derivatives/fmriprep/sub-CHIVES1008/ses-wave1/func/s6_sub-CHIVES1008_ses-wave1_task-money_bold_space-MNI152NLin2009cAsym_preproc.nii \
 -mask /projects/sanlab/shared/CHIVES/bids_data/derivatives/fmriprep/sub-CHIVES1008/ses-wave1/func/sub-CHIVES1008_ses-wave1_task-money_bold_space-MNI152NLin2009cAsym_brainmask.nii.gz \
 -fout -tout -Rbuck CHIVES1008_AllCondPmod_stats_REML -Rvar CHIVES1008_AllCondPmod_stats_REMLvar \
 -Rfitts CHIVES1008_AllCondPmod_REML -Rerrts CHIVES1008_AllCondPmod_REML -verb
 
++ N.B.: 3dREMLfit command above written to file CHIVES1008_AllCondPmod_stats.REML_cmd
++ (b) Visualization/analysis of the matrix via ExamineXmat.R
++ (c) Synthesis of sub-model datasets using 3dSynthesize
++ ==========================================================
++ Wrote matrix values to file CHIVES1008_AllCondPmod_uncensor_xmat.1D
++ ----- Signal+Baseline matrix condition [X] (350x13):  5.02713  ++ VERY GOOD ++
++ ----- Signal-only matrix condition [X] (350x3):  1.60553  ++ VERY GOOD ++
++ ----- Baseline-only matrix condition [X] (350x10):  4.99354  ++ VERY GOOD ++
++ ----- stim_base-only matrix condition [X] (350x4):  1.5544  ++ VERY GOOD ++
++ ----- polort-only matrix condition [X] (350x6):  1.01556  ++ VERY GOOD ++
++ +++++ Matrix inverse average error = 4.99197e-15  ++ VERY GOOD ++
++ Matrix setup time = 0.01 s
++ Voxels in dataset: 1082035
++ Voxels in mask:    267533
++ Voxels per job:    13376
++ Job #1: processing voxels 192505 to 248560; elapsed time=4.016
++ Job #2: processing voxels 248561 to 293490; elapsed time=4.031
++ Job #3: processing voxels 293491 to 328092; elapsed time=4.047
++ Job #4: processing voxels 328093 to 359409; elapsed time=4.063
++ Job #5: processing voxels 359410 to 385850; elapsed time=4.080
++ Job #6: processing voxels 385851 to 415389; elapsed time=4.096
++ Job #7: processing voxels 415390 to 440942; elapsed time=4.114
++ Job #8: processing voxels 440943 to 466913; elapsed time=4.130
++ Job #9: processing voxels 466914 to 495523; elapsed time=4.149
++ Job #10: processing voxels 495524 to 521241; elapsed time=4.166
++ Job #11: processing voxels 521242 to 550897; elapsed time=4.185
++ Job #12: processing voxels 550898 to 577463; elapsed time=4.203
++ Job #13: processing voxels 577464 to 608270; elapsed time=4.223
++ Job #14: processing voxels 608271 to 640417; elapsed time=4.257
++ Job #15: processing voxels 640418 to 673783; elapsed time=4.277
++ Job #16: processing voxels 673784 to 708721; elapsed time=4.297
++ Job #17: processing voxels 708722 to 751815; elapsed time=4.317
++ Job #18: processing voxels 751816 to 806027; elapsed time=4.337
++ Job #0: processing voxels 0 to 192504; elapsed time=4.354
++ voxel loop:0123456789.01234++ Job #19: processing voxels 806028 to 1082034; elapsed time=4.357
56789.0123456789.01234++ Job #2 finished; elapsed time=4.872
++ Job #4 finished; elapsed time=4.878
++ Job #1 finished; elapsed time=4.884
++ Job #3 finished; elapsed time=4.890
++ Job #5 finished; elapsed time=4.906
++ Job #7 finished; elapsed time=4.932
++ Job #10 finished; elapsed time=4.934
++ Job #9 finished; elapsed time=4.956
567++ Job #11 finished; elapsed time=4.988
++ Job #12 finished; elapsed time=5.020
89.0++ Job #6 finished; elapsed time=5.082
++ Job #15 finished; elapsed time=5.123
++ Job #16 finished; elapsed time=5.131
123++ Job #14 finished; elapsed time=5.161
++ Job #8 finished; elapsed time=5.184
4++ Job #19 finished; elapsed time=5.236
5++ Job #17 finished; elapsed time=5.266
6++ Job #13 finished; elapsed time=5.341
78++ Job #18 finished; elapsed time=5.389
9.
++ Job #0 waiting for children to finish; elapsed time=5.396
++ Job #0 now finishing up; elapsed time=5.402
++ Smallest FDR q [0 Full_Fstat] = 3.42598e-15
++ Smallest FDR q [2 AllConds#0_Tstat] = 1.07762e-14
++ Smallest FDR q [4 AllConds#1_Tstat] = 7.49544e-14
++ Smallest FDR q [5 AllConds_Fstat] = 5.93949e-15
++ Smallest FDR q [7 BidsNMiss#0_Tstat] = 2.53431e-14
++ Smallest FDR q [8 BidsNMiss_Fstat] = 2.53445e-14
++ Smallest FDR q [10 CondGtRest_GLT#0_Tstat] = 1.07762e-14
++ Smallest FDR q [11 CondGtRest_GLT_Fstat] = 1.07757e-14
++ Smallest FDR q [13 Pmod_GLT#0_Tstat] = 7.49544e-14
++ Smallest FDR q [14 Pmod_GLT_Fstat] = 7.49576e-14
++ Wrote bucket dataset into ./CHIVES1008_AllCondPmod_stats+tlrc.BRIK
 + created 10 FDR curves in bucket header
++ Wrote 3D+time dataset into ./CHIVES1008_AllCondPmod+tlrc.BRIK
++ Wrote 3D+time dataset into ./CHIVES1008_AllCondPmod+tlrc.BRIK
++ Program finished; elapsed time=19.886
++ 3dREMLfit: AFNI version=AFNI_18.2.04 (Jul  6 2018) [64-bit]
++ Authored by: RWCox
++ Number of voxels in mask = 267533
++ Number of OpenMP threads = 15
++ -----  matrix condition (350x13):  5.02713  ++ VERY GOOD ++
++ Loading input dataset into memory
++ Converting input dataset to vector image
 +  dataset = 1.5 billion [giga] bytes
 +  vectim  = 376 million [mega] bytes
++ starting REML setup calculations; total CPU=0.00 Elapsed=3.56
 + X matrix: 99.758% of elements are nonzero
 + starting 15 OpenMP threads for REML setup
 + REML setup finished: matrix rows=350 cols=13; 109*1 cases; total CPU=0.00 Elapsed=3.57
 +  average case bandwidth = 13.00
++ REML voxel loop: [15 threads]0123456789.012
 + ARMA voxel parameters estimated: total CPU=0.00 Elapsed=20.32
++ GLSQ loop:0123456789.0123456789.0123456789.0123456789.0123456789.
 + GLSQ regression done: total CPU=0.00 Elapsed=43.38
++ Output dataset ./CHIVES1008_AllCondPmod_stats_REMLvar+tlrc.BRIK
++ Output dataset ./CHIVES1008_AllCondPmod_REML+tlrc.BRIK
[7m** ERROR:[0m output dataset name 'CHIVES1008_AllCondPmod_REML' conflicts with existing file
[7m** ERROR:[0m dataset NOT written to disk!
++ creating FDR curves in dataset CHIVES1008_AllCondPmod_stats_REML+tlrc
++ Smallest FDR q [0 Full_Fstat] = 4.40858e-15
++ Smallest FDR q [2 AllConds#0_Tstat] = 1.18247e-14
++ Smallest FDR q [4 AllConds#1_Tstat] = 5.49784e-11
++ Smallest FDR q [5 AllConds_Fstat] = 8.75545e-15
++ Smallest FDR q [7 BidsNMiss#0_Tstat] = 2.65988e-14
++ Smallest FDR q [8 BidsNMiss_Fstat] = 2.65988e-14
++ Smallest FDR q [10 CondGtRest#0_Tstat] = 1.18247e-14
++ Smallest FDR q [11 CondGtRest_Fstat] = 1.18247e-14
++ Smallest FDR q [13 Pmod#0_Tstat] = 5.49784e-11
++ Smallest FDR q [14 Pmod_Fstat] = 5.49786e-11
 + Added 10 FDR curves to dataset CHIVES1008_AllCondPmod_stats_REML+tlrc
++ Output dataset ./CHIVES1008_AllCondPmod_stats_REML+tlrc.BRIK
 + unloading input dataset and REML matrices
++ 3dREMLfit is all done! total CPU=0.00 Elapsed=58.31
++ '-stim_times_AM2 1 /projects/sanlab/shared/CHIVES/CHIVES_WTP_scripts/behavioral/money/afni_timing_files/CHIVES1008/HealthyPmod.1D' has 1 auxiliary values per time point
++ '-stim_times_AM2 1 /projects/sanlab/shared/CHIVES/CHIVES_WTP_scripts/behavioral/money/afni_timing_files/CHIVES1008/HealthyPmod.1D' will have 2 regressors
++ '-stim_times_AM2 2 /projects/sanlab/shared/CHIVES/CHIVES_WTP_scripts/behavioral/money/afni_timing_files/CHIVES1008/UnhealthyPmod.1D' has 1 auxiliary values per time point
++ '-stim_times_AM2 2 /projects/sanlab/shared/CHIVES/CHIVES_WTP_scripts/behavioral/money/afni_timing_files/CHIVES1008/UnhealthyPmod.1D' will have 2 regressors
++ '-stim_times_AM1 3 /projects/sanlab/shared/CHIVES/CHIVES_WTP_scripts/behavioral/money/afni_timing_files/CHIVES1008/BidOnsDur.1D' has 1 auxiliary values per time point
++ '-stim_times_AM1 3': basis function model 'dmBLOCK(1)' uses 1 parameters,
    out of the 1 found in timing file '/projects/sanlab/shared/CHIVES/CHIVES_WTP_scripts/behavioral/money/afni_timing_files/CHIVES1008/BidOnsDur.1D'
++ 3dDeconvolve extending num_stimts from 3 to 7 due to -ortvec
++ 3dDeconvolve: AFNI version=AFNI_18.2.04 (Jul  6 2018) [64-bit]
++ Authored by: B. Douglas Ward, et al.
++ current memory malloc-ated = 280,361 bytes (about 280 thousand [kilo])
++ loading dataset /projects/sanlab/shared/CHIVES/bids_data/derivatives/fmriprep/sub-CHIVES1008/ses-wave1/func/s6_sub-CHIVES1008_ses-wave1_task-money_bold_space-MNI152NLin2009cAsym_preproc.nii
++ current memory malloc-ated = 283,185 bytes (about 283 thousand [kilo])
++ forcibly using TR=2.0000 seconds for -input dataset
++ Skipping check for initial transients
++ Imaging duration=700.0 s; Automatic polort=5
++ -stim_times using TR=2 s for stimulus timing conversion
++ -stim_times using TR=2 s for any -iresp output datasets
++  [you can alter the -iresp TR via the -TR_times option]
++ ** -stim_times NOTE ** guessing GLOBAL times if 1 time per line; LOCAL otherwise
++ ** GUESSED ** -stim_times_AM2 1 using LOCAL times
++ '-stim_times_AM2 1' average amplitude#1=0.25
++ ** GUESSED ** -stim_times_AM2 2 using LOCAL times
++ '-stim_times_AM2 2' average amplitude#1=0.55
++ ** GUESSED ** -stim_times_AM1 3 using LOCAL times
------------------------------------------------------------
GLT matrix from 'SYM: HealthyPmod[0]':
   0   0   0   0   0   0   1   0   0   0   0   0   0   0   0 
 
------------------------------------------------------------
GLT matrix from 'SYM: HealthyPmod[1]':
   0   0   0   0   0   0   0   1   0   0   0   0   0   0   0 
 
------------------------------------------------------------
GLT matrix from 'SYM: UnhealthyPmod[0]':
   0   0   0   0   0   0   0   0   1   0   0   0   0   0   0 
 
------------------------------------------------------------
GLT matrix from 'SYM: UnhealthyPmod[1]':
   0   0   0   0   0   0   0   0   0   1   0   0   0   0   0 
 
------------------------------------------------------------
GLT matrix from 'SYM: HealthyPmod[0] -UnhealthyPmod[0]':
   0   0   0   0   0   0   1   0  -1   0   0   0   0   0   0 
 
------------------------------------------------------------
GLT matrix from 'SYM: HealthyPmod[1] -UnhealthyPmod[1]':
   0   0   0   0   0   0   0   1   0  -1   0   0   0   0   0 
 
++ Number of time points: 350 (no censoring)
 + Number of parameters:  15 [10 baseline ; 5 signal]
++ total shared memory needed = 3,168,198,480 bytes (about 3.2 billion [giga])
++ current memory malloc-ated = 1,415,211 bytes (about 1.4 million [mega])
++ mmap() memory allocated: 3,168,198,480 bytes (about 3.2 billion [giga])
++ Memory required for output bricks = 3,168,198,480 bytes (about 3.2 billion [giga])
++ Wrote matrix values to file CHIVES1008_2CondPmod_xmat.1D
++ ========= Things you can do with the matrix file =========
++ (a) Linear regression with ARMA(1,1) modeling of serial correlation:

3dREMLfit -matrix CHIVES1008_2CondPmod_xmat.1D -input /projects/sanlab/shared/CHIVES/bids_data/derivatives/fmriprep/sub-CHIVES1008/ses-wave1/func/s6_sub-CHIVES1008_ses-wave1_task-money_bold_space-MNI152NLin2009cAsym_preproc.nii \
 -mask /projects/sanlab/shared/CHIVES/bids_data/derivatives/fmriprep/sub-CHIVES1008/ses-wave1/func/sub-CHIVES1008_ses-wave1_task-money_bold_space-MNI152NLin2009cAsym_brainmask.nii.gz \
 -fout -tout -Rbuck CHIVES1008_2CondPmod_stats_REML -Rvar CHIVES1008_2CondPmod_stats_REMLvar \
 -Rfitts CHIVES1008_2CondPmod_REML -Rerrts CHIVES1008_2CondPmod_REML -verb
 
++ N.B.: 3dREMLfit command above written to file CHIVES1008_2CondPmod_stats.REML_cmd
++ (b) Visualization/analysis of the matrix via ExamineXmat.R
++ (c) Synthesis of sub-model datasets using 3dSynthesize
++ ==========================================================
++ Wrote matrix values to file CHIVES1008_2CondPmod_uncensor_xmat.1D
++ ----- Signal+Baseline matrix condition [X] (350x15):  5.07508  ++ VERY GOOD ++
++ ----- Signal-only matrix condition [X] (350x5):  1.60564  ++ VERY GOOD ++
++ ----- Baseline-only matrix condition [X] (350x10):  4.99354  ++ VERY GOOD ++
++ ----- stim_base-only matrix condition [X] (350x4):  1.5544  ++ VERY GOOD ++
++ ----- polort-only matrix condition [X] (350x6):  1.01556  ++ VERY GOOD ++
++ +++++ Matrix inverse average error = 3.24459e-15  ++ VERY GOOD ++
++ Matrix setup time = 0.02 s
++ Voxels in dataset: 1082035
++ Voxels in mask:    267533
++ Voxels per job:    13376
++ Job #1: processing voxels 192505 to 248560; elapsed time=3.550
++ Job #2: processing voxels 248561 to 293490; elapsed time=3.566
++ Job #3: processing voxels 293491 to 328092; elapsed time=3.584
++ Job #4: processing voxels 328093 to 359409; elapsed time=3.601
++ Job #5: processing voxels 359410 to 385850; elapsed time=3.620
++ Job #6: processing voxels 385851 to 415389; elapsed time=3.637
++ Job #7: processing voxels 415390 to 440942; elapsed time=3.657
++ Job #8: processing voxels 440943 to 466913; elapsed time=3.675
++ Job #9: processing voxels 466914 to 495523; elapsed time=3.695
++ Job #10: processing voxels 495524 to 521241; elapsed time=3.713
++ Job #11: processing voxels 521242 to 550897; elapsed time=3.734
++ Job #12: processing voxels 550898 to 577463; elapsed time=3.753
++ Job #13: processing voxels 577464 to 608270; elapsed time=3.776
++ Job #14: processing voxels 608271 to 640417; elapsed time=3.807
++ Job #15: processing voxels 640418 to 673783; elapsed time=3.833
++ Job #16: processing voxels 673784 to 708721; elapsed time=3.857
++ Job #17: processing voxels 708722 to 751815; elapsed time=3.881
++ Job #18: processing voxels 751816 to 806027; elapsed time=3.904
++ Job #0: processing voxels 0 to 192504; elapsed time=3.924
++ voxel loop:0123456789.01234++ Job #19: processing voxels 806028 to 1082034; elapsed time=3.927
56789.0123456789.01234++ Job #1 finished; elapsed time=4.700
5++ Job #3 finished; elapsed time=4.724
67++ Job #2 finished; elapsed time=4.730
++ Job #5 finished; elapsed time=4.745
++ Job #7 finished; elapsed time=4.775
++ Job #8 finished; elapsed time=4.796
++ Job #9 finished; elapsed time=4.803
8++ Job #11 finished; elapsed time=4.841
9.0++ Job #12 finished; elapsed time=4.861
++ Job #13 finished; elapsed time=4.880
++ Job #15 finished; elapsed time=4.956
123++ Job #18 finished; elapsed time=5.008
++ Job #4 finished; elapsed time=5.052
++ Job #6 finished; elapsed time=5.111
4++ Job #10 finished; elapsed time=5.140
56++ Job #14 finished; elapsed time=5.268
7++ Job #16 finished; elapsed time=5.305
++ Job #17 finished; elapsed time=5.310
89.
++ Job #0 waiting for children to finish; elapsed time=5.357
++ Job #19 finished; elapsed time=5.385
++ Job #0 now finishing up; elapsed time=5.403
++ Smallest FDR q [0 Full_Fstat] = 3.71172e-15
++ Smallest FDR q [2 HealthyPmod#0_Tstat] = 2.36921e-14
++ Smallest FDR q [4 HealthyPmod#1_Tstat] = 1.56709e-11
++ Smallest FDR q [5 HealthyPmod_Fstat] = 2.05346e-14
++ Smallest FDR q [7 UnhealthyPmod#0_Tstat] = 1.10826e-14
++ Smallest FDR q [9 UnhealthyPmod#1_Tstat] = 8.37878e-13
++ Smallest FDR q [10 UnhealthyPmod_Fstat] = 8.30644e-15
++ Smallest FDR q [12 BidsNMiss#0_Tstat] = 2.50289e-14
++ Smallest FDR q [13 BidsNMiss_Fstat] = 2.50306e-14
++ Smallest FDR q [15 HealthyGtRest_GLT#0_Tstat] = 2.36921e-14
++ Smallest FDR q [16 HealthyGtRest_GLT_Fstat] = 2.36928e-14
++ Smallest FDR q [18 HealthyPmod_GLT#0_Tstat] = 1.56709e-11
++ Smallest FDR q [19 HealthyPmod_GLT_Fstat] = 1.56711e-11
++ Smallest FDR q [21 UnhealthyGtRest_GLT#0_Tstat] = 1.10826e-14
++ Smallest FDR q [22 UnhealthyGtRest_GLT_Fstat] = 1.10818e-14
++ Smallest FDR q [24 UnhealthyPmod_GLT#0_Tstat] = 8.37878e-13
++ Smallest FDR q [25 UnhealthyPmod_GLT_Fstat] = 8.37898e-13
++ Smallest FDR q [27 HealthyGtUnhealthy_GLT#0_Tstat] = 1.78321e-05
++ Smallest FDR q [28 HealthyGtUnhealthy_GLT_Fstat] = 1.78321e-05
++ Smallest FDR q [30 HealthyGtUnhealthyPmod_GLT#0_Tstat] = 0.000390751
++ Smallest FDR q [31 HealthyGtUnhealthyPmod_GLT_Fstat] = 0.000390737
++ Wrote bucket dataset into ./CHIVES1008_2CondPmod_stats+tlrc.BRIK
 + created 21 FDR curves in bucket header
++ Wrote 3D+time dataset into ./CHIVES1008_2CondPmod+tlrc.BRIK
++ Wrote 3D+time dataset into ./CHIVES1008_2CondPmod+tlrc.BRIK
++ Program finished; elapsed time=34.265
++ 3dREMLfit: AFNI version=AFNI_18.2.04 (Jul  6 2018) [64-bit]
++ Authored by: RWCox
++ Number of voxels in mask = 267533
++ Number of OpenMP threads = 15
++ -----  matrix condition (350x15):  5.07508  ++ VERY GOOD ++
++ Loading input dataset into memory
++ Converting input dataset to vector image
 +  dataset = 1.5 billion [giga] bytes
 +  vectim  = 376 million [mega] bytes
++ starting REML setup calculations; total CPU=0.00 Elapsed=4.06
 + X matrix: 92.095% of elements are nonzero
 + starting 15 OpenMP threads for REML setup
 + REML setup finished: matrix rows=350 cols=15; 109*1 cases; total CPU=0.00 Elapsed=4.09
 +  average case bandwidth = 13.00
++ REML voxel loop: [15 threads]0123456789.012
 + ARMA voxel parameters estimated: total CPU=0.00 Elapsed=21.88
++ GLSQ loop:0123456789.0123456789.0123456789.0123456789.0123456789.
 + GLSQ regression done: total CPU=0.00 Elapsed=56.11
++ Output dataset ./CHIVES1008_2CondPmod_stats_REMLvar+tlrc.BRIK
++ Output dataset ./CHIVES1008_2CondPmod_REML+tlrc.BRIK
[7m** ERROR:[0m output dataset name 'CHIVES1008_2CondPmod_REML' conflicts with existing file
[7m** ERROR:[0m dataset NOT written to disk!
++ creating FDR curves in dataset CHIVES1008_2CondPmod_stats_REML+tlrc
++ Smallest FDR q [0 Full_Fstat] = 5.29653e-15
++ Smallest FDR q [2 HealthyPmod#0_Tstat] = 3.75597e-14
++ Smallest FDR q [4 HealthyPmod#1_Tstat] = 1.95e-05
++ Smallest FDR q [5 HealthyPmod_Fstat] = 3.97082e-14
++ Smallest FDR q [7 UnhealthyPmod#0_Tstat] = 1.67875e-14
++ Smallest FDR q [9 UnhealthyPmod#1_Tstat] = 1.58043e-08
++ Smallest FDR q [10 UnhealthyPmod_Fstat] = 1.50156e-14
++ Smallest FDR q [12 BidsNMiss#0_Tstat] = 2.68615e-14
++ Smallest FDR q [13 BidsNMiss_Fstat] = 2.68615e-14
++ Smallest FDR q [15 HealthyGtRest#0_Tstat] = 3.75597e-14
++ Smallest FDR q [16 HealthyGtRest_Fstat] = 3.75597e-14
++ Smallest FDR q [18 HealthyPmod#0_Tstat] = 1.95e-05
++ Smallest FDR q [19 HealthyPmod_Fstat] = 1.95002e-05
++ Smallest FDR q [21 UnhealthyGtRest#0_Tstat] = 1.67875e-14
++ Smallest FDR q [22 UnhealthyGtRest_Fstat] = 1.67875e-14
++ Smallest FDR q [24 UnhealthyPmod#0_Tstat] = 1.58043e-08
++ Smallest FDR q [25 UnhealthyPmod_Fstat] = 1.58044e-08
[7m*+ WARNING:[0m Smallest FDR q [27 HealthyGtUnhealthy#0_Tstat] = 0.110206 ==> few true single voxel detections
[7m*+ WARNING:[0m Smallest FDR q [28 HealthyGtUnhealthy_Fstat] = 0.110206 ==> few true single voxel detections
[7m*+ WARNING:[0m Smallest FDR q [30 HealthyGtUnhealthyPmod#0_Tstat] = 0.845608 ==> few true single voxel detections
[7m*+ WARNING:[0m Smallest FDR q [31 HealthyGtUnhealthyPmod_Fstat] = 0.845608 ==> few true single voxel detections
 + Added 21 FDR curves to dataset CHIVES1008_2CondPmod_stats_REML+tlrc
++ Output dataset ./CHIVES1008_2CondPmod_stats_REML+tlrc.BRIK
 + unloading input dataset and REML matrices
++ 3dREMLfit is all done! total CPU=0.00 Elapsed=85.63
++ '-stim_times_AM1 3 /projects/sanlab/shared/CHIVES/CHIVES_WTP_scripts/behavioral/money/afni_timing_files/CHIVES1008/BidOnsDur.1D' has 1 auxiliary values per time point
++ '-stim_times_AM1 3': basis function model 'dmBLOCK(1)' uses 1 parameters,
    out of the 1 found in timing file '/projects/sanlab/shared/CHIVES/CHIVES_WTP_scripts/behavioral/money/afni_timing_files/CHIVES1008/BidOnsDur.1D'
++ 3dDeconvolve extending num_stimts from 3 to 7 due to -ortvec
++ 3dDeconvolve: AFNI version=AFNI_18.2.04 (Jul  6 2018) [64-bit]
++ Authored by: B. Douglas Ward, et al.
++ current memory malloc-ated = 264,117 bytes (about 264 thousand [kilo])
++ loading dataset /projects/sanlab/shared/CHIVES/bids_data/derivatives/fmriprep/sub-CHIVES1008/ses-wave1/func/s6_sub-CHIVES1008_ses-wave1_task-money_bold_space-MNI152NLin2009cAsym_preproc.nii
++ current memory malloc-ated = 266,941 bytes (about 267 thousand [kilo])
++ forcibly using TR=2.0000 seconds for -input dataset
++ Skipping check for initial transients
++ Imaging duration=700.0 s; Automatic polort=5
++ -stim_times using TR=2 s for stimulus timing conversion
++ -stim_times using TR=2 s for any -iresp output datasets
++  [you can alter the -iresp TR via the -TR_times option]
++ ** -stim_times NOTE ** guessing GLOBAL times if 1 time per line; LOCAL otherwise
++ ** GUESSED ** -stim_times 1 using LOCAL times
++ ** GUESSED ** -stim_times 2 using LOCAL times
++ ** GUESSED ** -stim_times_AM1 3 using LOCAL times
------------------------------------------------------------
GLT matrix from 'SYM: Healthy':
   0   0   0   0   0   0   1   0   0   0   0   0   0 
 
------------------------------------------------------------
GLT matrix from 'SYM: Unhealthy':
   0   0   0   0   0   0   0   1   0   0   0   0   0 
 
------------------------------------------------------------
GLT matrix from 'SYM: Healthy -Unhealthy':
   0   0   0   0   0   0   1  -1   0   0   0   0   0 
 
++ Number of time points: 350 (no censoring)
 + Number of parameters:  13 [10 baseline ; 3 signal]
++ total shared memory needed = 3,111,932,660 bytes (about 3.1 billion [giga])
++ current memory malloc-ated = 1,394,493 bytes (about 1.4 million [mega])
++ mmap() memory allocated: 3,111,932,660 bytes (about 3.1 billion [giga])
++ Memory required for output bricks = 3,111,932,660 bytes (about 3.1 billion [giga])
++ Wrote matrix values to file CHIVES1008_2Cond_xmat.1D
++ ========= Things you can do with the matrix file =========
++ (a) Linear regression with ARMA(1,1) modeling of serial correlation:

3dREMLfit -matrix CHIVES1008_2Cond_xmat.1D -input /projects/sanlab/shared/CHIVES/bids_data/derivatives/fmriprep/sub-CHIVES1008/ses-wave1/func/s6_sub-CHIVES1008_ses-wave1_task-money_bold_space-MNI152NLin2009cAsym_preproc.nii \
 -mask /projects/sanlab/shared/CHIVES/bids_data/derivatives/fmriprep/sub-CHIVES1008/ses-wave1/func/sub-CHIVES1008_ses-wave1_task-money_bold_space-MNI152NLin2009cAsym_brainmask.nii.gz \
 -fout -tout -Rbuck CHIVES1008_2Cond_stats_REML -Rvar CHIVES1008_2Cond_stats_REMLvar \
 -Rfitts CHIVES1008_2Cond_REML -Rerrts CHIVES1008_2Cond_REML -verb
 
++ N.B.: 3dREMLfit command above written to file CHIVES1008_2Cond_stats.REML_cmd
++ (b) Visualization/analysis of the matrix via ExamineXmat.R
++ (c) Synthesis of sub-model datasets using 3dSynthesize
++ ==========================================================
++ Wrote matrix values to file CHIVES1008_2Cond_uncensor_xmat.1D
++ ----- Signal+Baseline matrix condition [X] (350x13):  5.02765  ++ VERY GOOD ++
++ ----- Signal-only matrix condition [X] (350x3):  1.60533  ++ VERY GOOD ++
++ ----- Baseline-only matrix condition [X] (350x10):  4.99354  ++ VERY GOOD ++
++ ----- stim_base-only matrix condition [X] (350x4):  1.5544  ++ VERY GOOD ++
++ ----- polort-only matrix condition [X] (350x6):  1.01556  ++ VERY GOOD ++
++ +++++ Matrix inverse average error = 4.05726e-15  ++ VERY GOOD ++
++ Matrix setup time = 0.01 s
++ Voxels in dataset: 1082035
++ Voxels in mask:    267533
++ Voxels per job:    13376
++ Job #1: processing voxels 192505 to 248560; elapsed time=3.531
++ Job #2: processing voxels 248561 to 293490; elapsed time=3.547
++ Job #3: processing voxels 293491 to 328092; elapsed time=3.564
++ Job #4: processing voxels 328093 to 359409; elapsed time=3.580
++ Job #5: processing voxels 359410 to 385850; elapsed time=3.599
++ Job #6: processing voxels 385851 to 415389; elapsed time=3.616
++ Job #7: processing voxels 415390 to 440942; elapsed time=3.635
++ Job #8: processing voxels 440943 to 466913; elapsed time=3.653
++ Job #9: processing voxels 466914 to 495523; elapsed time=3.673
++ Job #10: processing voxels 495524 to 521241; elapsed time=3.692
++ Job #11: processing voxels 521242 to 550897; elapsed time=3.713
++ Job #12: processing voxels 550898 to 577463; elapsed time=3.734
++ Job #13: processing voxels 577464 to 608270; elapsed time=3.756
++ Job #14: processing voxels 608271 to 640417; elapsed time=3.788
++ Job #15: processing voxels 640418 to 673783; elapsed time=3.801
++ Job #16: processing voxels 673784 to 708721; elapsed time=3.836
++ Job #17: processing voxels 708722 to 751815; elapsed time=3.860
++ Job #18: processing voxels 751816 to 806027; elapsed time=3.868
++ Job #0: processing voxels 0 to 192504; elapsed time=3.901
++ voxel loop:0123456789.01234++ Job #19: processing voxels 806028 to 1082034; elapsed time=3.903
56789.0123456789.0123456789.0++ Job #1 finished; elapsed time=4.440
++ Job #3 finished; elapsed time=4.466
++ Job #2 finished; elapsed time=4.468
++ Job #5 finished; elapsed time=4.494
1++ Job #7 finished; elapsed time=4.529
++ Job #4 finished; elapsed time=4.531
23++ Job #9 finished; elapsed time=4.563
++ Job #11 finished; elapsed time=4.606
4++ Job #13 finished; elapsed time=4.649
++ Job #12 finished; elapsed time=4.661
56++ Job #18 finished; elapsed time=4.772
++ Job #15 finished; elapsed time=4.781
789.
++ Job #0 waiting for children to finish; elapsed time=4.842
++ Job #19 finished; elapsed time=4.858
++ Job #8 finished; elapsed time=4.872
++ Job #6 finished; elapsed time=4.888
++ Job #10 finished; elapsed time=4.940
++ Job #14 finished; elapsed time=4.996
++ Job #16 finished; elapsed time=5.054
++ Job #17 finished; elapsed time=5.094
++ Job #0 now finishing up; elapsed time=5.106
++ Smallest FDR q [0 Full_Fstat] = 4.90721e-15
++ Smallest FDR q [2 Healthy#0_Tstat] = 2.43649e-14
++ Smallest FDR q [3 Healthy_Fstat] = 2.43659e-14
++ Smallest FDR q [5 Unhealthy#0_Tstat] = 1.17561e-14
++ Smallest FDR q [6 Unhealthy_Fstat] = 1.17549e-14
++ Smallest FDR q [8 BidsNMiss#0_Tstat] = 2.63952e-14
++ Smallest FDR q [9 BidsNMiss_Fstat] = 2.63945e-14
++ Smallest FDR q [11 HealthyGtRest_GLT#0_Tstat] = 2.43649e-14
++ Smallest FDR q [12 HealthyGtRest_GLT_Fstat] = 2.43655e-14
++ Smallest FDR q [14 UnhealthyGtRest_GLT#0_Tstat] = 1.17561e-14
++ Smallest FDR q [15 UnhealthyGtRest_GLT_Fstat] = 1.17552e-14
++ Smallest FDR q [17 HealthyGtUnhealthy_GLT#0_Tstat] = 3.30153e-05
++ Smallest FDR q [18 HealthyGtUnhealthy_GLT_Fstat] = 3.30143e-05
++ Wrote bucket dataset into ./CHIVES1008_2Cond_stats+tlrc.BRIK
 + created 13 FDR curves in bucket header
++ Wrote 3D+time dataset into ./CHIVES1008_2Cond+tlrc.BRIK
++ Wrote 3D+time dataset into ./CHIVES1008_2Cond+tlrc.BRIK
++ Program finished; elapsed time=22.808
++ 3dREMLfit: AFNI version=AFNI_18.2.04 (Jul  6 2018) [64-bit]
++ Authored by: RWCox
++ Number of voxels in mask = 267533
++ Number of OpenMP threads = 15
++ -----  matrix condition (350x13):  5.02765  ++ VERY GOOD ++
++ Loading input dataset into memory
++ Converting input dataset to vector image
 +  dataset = 1.5 billion [giga] bytes
 +  vectim  = 376 million [mega] bytes
++ starting REML setup calculations; total CPU=0.00 Elapsed=4.10
 + X matrix: 95.385% of elements are nonzero
 + starting 15 OpenMP threads for REML setup
 + REML setup finished: matrix rows=350 cols=13; 109*1 cases; total CPU=0.00 Elapsed=4.11
 +  average case bandwidth = 13.00
++ REML voxel loop: [15 threads]0123456789.012
 + ARMA voxel parameters estimated: total CPU=0.00 Elapsed=20.96
++ GLSQ loop:0123456789.0123456789.0123456789.0123456789.0123456789.
 + GLSQ regression done: total CPU=0.00 Elapsed=48.00
++ Output dataset ./CHIVES1008_2Cond_stats_REMLvar+tlrc.BRIK
++ Output dataset ./CHIVES1008_2Cond_REML+tlrc.BRIK
[7m** ERROR:[0m output dataset name 'CHIVES1008_2Cond_REML' conflicts with existing file
[7m** ERROR:[0m dataset NOT written to disk!
++ creating FDR curves in dataset CHIVES1008_2Cond_stats_REML+tlrc
++ Smallest FDR q [0 Full_Fstat] = 5.7364e-15
++ Smallest FDR q [2 Healthy#0_Tstat] = 3.93415e-14
++ Smallest FDR q [3 Healthy_Fstat] = 3.93415e-14
++ Smallest FDR q [5 Unhealthy#0_Tstat] = 1.79701e-14
++ Smallest FDR q [6 Unhealthy_Fstat] = 1.79701e-14
++ Smallest FDR q [8 BidsNMiss#0_Tstat] = 2.74893e-14
++ Smallest FDR q [9 BidsNMiss_Fstat] = 2.74893e-14
++ Smallest FDR q [11 HealthyGtRest#0_Tstat] = 3.93415e-14
++ Smallest FDR q [12 HealthyGtRest_Fstat] = 3.93415e-14
++ Smallest FDR q [14 UnhealthyGtRest#0_Tstat] = 1.79701e-14
++ Smallest FDR q [15 UnhealthyGtRest_Fstat] = 1.79701e-14
[7m*+ WARNING:[0m Smallest FDR q [17 HealthyGtUnhealthy#0_Tstat] = 0.204505 ==> few true single voxel detections
[7m*+ WARNING:[0m Smallest FDR q [18 HealthyGtUnhealthy_Fstat] = 0.204505 ==> few true single voxel detections
 + Added 13 FDR curves to dataset CHIVES1008_2Cond_stats_REML+tlrc
++ Output dataset ./CHIVES1008_2Cond_stats_REML+tlrc.BRIK
 + unloading input dataset and REML matrices
++ 3dREMLfit is all done! total CPU=0.00 Elapsed=65.95
