** AFNI converts NIFTI_datatype=4 (INT16) in file /projects/sanlab/shared/CHIVES/bids_data/derivatives/fmriprep/sub-CHIVES1020/ses-wave1/func/s6_sub-CHIVES1020_ses-wave1_task-money_bold_space-MNI152NLin2009cAsym_preproc.nii to FLOAT32
     Warnings of this type will be muted for this session.
     Set AFNI_NIFTI_TYPE_WARN to YES to see them all, NO to see none.
++ '-stim_times_AM2 1 /projects/sanlab/shared/CHIVES/CHIVES_WTP_scripts/behavioral/money/afni_timing_files/CHIVES1020/AllCondsPmod.1D' has 1 auxiliary values per time point
++ '-stim_times_AM2 1 /projects/sanlab/shared/CHIVES/CHIVES_WTP_scripts/behavioral/money/afni_timing_files/CHIVES1020/AllCondsPmod.1D' will have 2 regressors
++ '-stim_times_AM1 2 /projects/sanlab/shared/CHIVES/CHIVES_WTP_scripts/behavioral/money/afni_timing_files/CHIVES1020/BidOnsDur.1D' has 1 auxiliary values per time point
++ '-stim_times_AM1 2': basis function model 'dmBLOCK(1)' uses 1 parameters,
    out of the 1 found in timing file '/projects/sanlab/shared/CHIVES/CHIVES_WTP_scripts/behavioral/money/afni_timing_files/CHIVES1020/BidOnsDur.1D'
++ 3dDeconvolve extending num_stimts from 2 to 6 due to -ortvec
++ 3dDeconvolve: AFNI version=AFNI_18.2.04 (Jul  6 2018) [64-bit]
++ Authored by: B. Douglas Ward, et al.
++ current memory malloc-ated = 254,635 bytes (about 255 thousand [kilo])
++ loading dataset /projects/sanlab/shared/CHIVES/bids_data/derivatives/fmriprep/sub-CHIVES1020/ses-wave1/func/s6_sub-CHIVES1020_ses-wave1_task-money_bold_space-MNI152NLin2009cAsym_preproc.nii
++ current memory malloc-ated = 1,545,403,495 bytes (about 1.5 billion [giga])
++ forcibly using TR=2.0000 seconds for -input dataset
++ Skipping check for initial transients
++ Imaging duration=714.0 s; Automatic polort=5
++ -stim_times using TR=2 s for stimulus timing conversion
++ -stim_times using TR=2 s for any -iresp output datasets
++  [you can alter the -iresp TR via the -TR_times option]
++ ** -stim_times NOTE ** guessing GLOBAL times if 1 time per line; LOCAL otherwise
++ ** GUESSED ** -stim_times_AM2 1 using LOCAL times
++ '-stim_times_AM2 1' average amplitude#1=0.625
++ ** GUESSED ** -stim_times_AM1 2 using LOCAL times
------------------------------------------------------------
GLT matrix from 'SYM: AllConds[0]':
   0   0   0   0   0   0   1   0   0   0   0   0   0 
 
------------------------------------------------------------
GLT matrix from 'SYM: AllConds[1]':
   0   0   0   0   0   0   0   1   0   0   0   0   0 
 
++ Number of time points: 357 (no censoring)
 + Number of parameters:  13 [10 baseline ; 3 signal]
++ total shared memory needed = 3,155,214,060 bytes (about 3.2 billion [giga])
++ current memory malloc-ated = 1,546,531,429 bytes (about 1.5 billion [giga])
++ mmap() memory allocated: 3,155,214,060 bytes (about 3.2 billion [giga])
++ Memory required for output bricks = 3,155,214,060 bytes (about 3.2 billion [giga])
++ Wrote matrix values to file CHIVES1020_AllCondPmod_xmat.1D
++ ========= Things you can do with the matrix file =========
++ (a) Linear regression with ARMA(1,1) modeling of serial correlation:

3dREMLfit -matrix CHIVES1020_AllCondPmod_xmat.1D -input /projects/sanlab/shared/CHIVES/bids_data/derivatives/fmriprep/sub-CHIVES1020/ses-wave1/func/s6_sub-CHIVES1020_ses-wave1_task-money_bold_space-MNI152NLin2009cAsym_preproc.nii \
 -mask /projects/sanlab/shared/CHIVES/bids_data/derivatives/fmriprep/sub-CHIVES1020/ses-wave1/func/sub-CHIVES1020_ses-wave1_task-money_bold_space-MNI152NLin2009cAsym_brainmask.nii.gz \
 -fout -tout -Rbuck CHIVES1020_AllCondPmod_stats_REML -Rvar CHIVES1020_AllCondPmod_stats_REMLvar \
 -Rfitts CHIVES1020_AllCondPmod_REML -Rerrts CHIVES1020_AllCondPmod_REML -verb
 
++ N.B.: 3dREMLfit command above written to file CHIVES1020_AllCondPmod_stats.REML_cmd
++ (b) Visualization/analysis of the matrix via ExamineXmat.R
++ (c) Synthesis of sub-model datasets using 3dSynthesize
++ ==========================================================
++ Wrote matrix values to file CHIVES1020_AllCondPmod_uncensor_xmat.1D
++ ----- Signal+Baseline matrix condition [X] (357x13):  3.65645  ++ VERY GOOD ++
++ ----- Signal-only matrix condition [X] (357x3):  1.63049  ++ VERY GOOD ++
++ ----- Baseline-only matrix condition [X] (357x10):  3.60693  ++ VERY GOOD ++
++ ----- stim_base-only matrix condition [X] (357x4):  2.47409  ++ VERY GOOD ++
++ ----- polort-only matrix condition [X] (357x6):  1.01526  ++ VERY GOOD ++
++ +++++ Matrix inverse average error = 1.92388e-15  ++ VERY GOOD ++
++ Matrix setup time = 0.01 s
++ Voxels in dataset: 1082035
++ Voxels in mask:    266177
++ Voxels per job:    13308
++ Job #1: processing voxels 182773 to 241796; elapsed time=4.899
++ Job #2: processing voxels 241797 to 285917; elapsed time=4.917
++ Job #3: processing voxels 285918 to 320935; elapsed time=4.937
++ Job #4: processing voxels 320936 to 352551; elapsed time=4.956
++ Job #5: processing voxels 352552 to 383220; elapsed time=4.976
++ Job #6: processing voxels 383221 to 409383; elapsed time=4.996
++ Job #7: processing voxels 409384 to 438782; elapsed time=5.016
++ Job #8: processing voxels 438783 to 464391; elapsed time=5.037
++ Job #9: processing voxels 464392 to 493693; elapsed time=5.057
++ Job #10: processing voxels 493694 to 519481; elapsed time=5.078
++ Job #11: processing voxels 519482 to 549435; elapsed time=5.099
++ Job #12: processing voxels 549436 to 575940; elapsed time=5.121
++ Job #13: processing voxels 575941 to 607138; elapsed time=5.143
++ Job #14: processing voxels 607139 to 639200; elapsed time=5.179
++ Job #15: processing voxels 639201 to 672564; elapsed time=5.201
++ Job #16: processing voxels 672565 to 707648; elapsed time=5.211
++ Job #17: processing voxels 707649 to 750539; elapsed time=5.248
++ Job #18: processing voxels 750540 to 798183; elapsed time=5.271
++ Job #0: processing voxels 0 to 182772; elapsed time=5.294
++ voxel loop:++ Job #19: processing voxels 798184 to 1082034; elapsed time=5.296
0123456789.0123456789.01234567++ Job #1 finished; elapsed time=5.763
++ Job #3 finished; elapsed time=5.778
++ Job #4 finished; elapsed time=5.791
89.0++ Job #2 finished; elapsed time=5.801
++ Job #5 finished; elapsed time=5.810
++ Job #8 finished; elapsed time=5.823
++ Job #7 finished; elapsed time=5.846
123++ Job #10 finished; elapsed time=5.865
++ Job #9 finished; elapsed time=5.879
++ Job #11 finished; elapsed time=5.921
456++ Job #13 finished; elapsed time=5.966
789.++ Job #16 finished; elapsed time=6.045
++ Job #6 finished; elapsed time=6.060
0123456++ Job #14 finished; elapsed time=6.250
78++ Job #12 finished; elapsed time=6.270
++ Job #15 finished; elapsed time=6.287
9.
++ Job #0 waiting for children to finish; elapsed time=6.325
++ Job #17 finished; elapsed time=6.344
++ Job #18 finished; elapsed time=6.366
++ Job #19 finished; elapsed time=6.400
++ Job #0 now finishing up; elapsed time=6.417
++ Smallest FDR q [0 Full_Fstat] = 6.60744e-15
++ Smallest FDR q [2 AllConds#0_Tstat] = 7.46122e-14
++ Smallest FDR q [4 AllConds#1_Tstat] = 0.0128514
++ Smallest FDR q [5 AllConds_Fstat] = 9.1756e-14
++ Smallest FDR q [7 BidsNMiss#0_Tstat] = 9.94894e-15
++ Smallest FDR q [8 BidsNMiss_Fstat] = 9.94532e-15
++ Smallest FDR q [10 CondGtRest_GLT#0_Tstat] = 7.46122e-14
++ Smallest FDR q [11 CondGtRest_GLT_Fstat] = 7.45949e-14
++ Smallest FDR q [13 Pmod_GLT#0_Tstat] = 0.0128514
++ Smallest FDR q [14 Pmod_GLT_Fstat] = 0.0128516
++ Wrote bucket dataset into ./CHIVES1020_AllCondPmod_stats+tlrc.BRIK
 + created 10 FDR curves in bucket header
++ Wrote 3D+time dataset into ./CHIVES1020_AllCondPmod+tlrc.BRIK
++ Wrote 3D+time dataset into ./CHIVES1020_AllCondPmod+tlrc.BRIK
++ Program finished; elapsed time=21.919
++ 3dREMLfit: AFNI version=AFNI_18.2.04 (Jul  6 2018) [64-bit]
++ Authored by: RWCox
** AFNI converts NIFTI_datatype=4 (INT16) in file /projects/sanlab/shared/CHIVES/bids_data/derivatives/fmriprep/sub-CHIVES1020/ses-wave1/func/s6_sub-CHIVES1020_ses-wave1_task-money_bold_space-MNI152NLin2009cAsym_preproc.nii to FLOAT32
     Warnings of this type will be muted for this session.
     Set AFNI_NIFTI_TYPE_WARN to YES to see them all, NO to see none.
++ Number of voxels in mask = 266177
++ Number of OpenMP threads = 15
++ -----  matrix condition (357x13):  3.65645  ++ VERY GOOD ++
++ Loading input dataset into memory
++ Converting input dataset to vector image
 +  dataset = 1.5 billion [giga] bytes
 +  vectim  = 381 million [mega] bytes
++ starting REML setup calculations; total CPU=0.00 Elapsed=4.23
 + X matrix: 99.828% of elements are nonzero
 + starting 15 OpenMP threads for REML setup
 + REML setup finished: matrix rows=357 cols=13; 109*1 cases; total CPU=0.00 Elapsed=4.24
 +  average case bandwidth = 13.00
++ REML voxel loop: [15 threads]0123456789.012
 + ARMA voxel parameters estimated: total CPU=0.00 Elapsed=20.30
++ GLSQ loop:0123456789.0123456789.0123456789.0123456789.0123456789.
 + GLSQ regression done: total CPU=0.00 Elapsed=43.75
++ Output dataset ./CHIVES1020_AllCondPmod_stats_REMLvar+tlrc.BRIK
++ Output dataset ./CHIVES1020_AllCondPmod_REML+tlrc.BRIK
[7m** ERROR:[0m output dataset name 'CHIVES1020_AllCondPmod_REML' conflicts with existing file
[7m** ERROR:[0m dataset NOT written to disk!
++ creating FDR curves in dataset CHIVES1020_AllCondPmod_stats_REML+tlrc
++ Smallest FDR q [0 Full_Fstat] = 8.4053e-15
++ Smallest FDR q [2 AllConds#0_Tstat] = 8.48588e-14
[7m*+ WARNING:[0m Smallest FDR q [4 AllConds#1_Tstat] = 0.280498 ==> few true single voxel detections
++ Smallest FDR q [5 AllConds_Fstat] = 1.10314e-13
++ Smallest FDR q [7 BidsNMiss#0_Tstat] = 1.21765e-14
++ Smallest FDR q [8 BidsNMiss_Fstat] = 1.21765e-14
++ Smallest FDR q [10 CondGtRest#0_Tstat] = 8.48588e-14
++ Smallest FDR q [11 CondGtRest_Fstat] = 8.48588e-14
[7m*+ WARNING:[0m Smallest FDR q [13 Pmod#0_Tstat] = 0.280498 ==> few true single voxel detections
[7m*+ WARNING:[0m Smallest FDR q [14 Pmod_Fstat] = 0.280498 ==> few true single voxel detections
 + Added 10 FDR curves to dataset CHIVES1020_AllCondPmod_stats_REML+tlrc
++ Output dataset ./CHIVES1020_AllCondPmod_stats_REML+tlrc.BRIK
 + unloading input dataset and REML matrices
++ 3dREMLfit is all done! total CPU=0.00 Elapsed=58.97
** AFNI converts NIFTI_datatype=4 (INT16) in file /projects/sanlab/shared/CHIVES/bids_data/derivatives/fmriprep/sub-CHIVES1020/ses-wave1/func/s6_sub-CHIVES1020_ses-wave1_task-money_bold_space-MNI152NLin2009cAsym_preproc.nii to FLOAT32
     Warnings of this type will be muted for this session.
     Set AFNI_NIFTI_TYPE_WARN to YES to see them all, NO to see none.
++ '-stim_times_AM2 1 /projects/sanlab/shared/CHIVES/CHIVES_WTP_scripts/behavioral/money/afni_timing_files/CHIVES1020/HealthyPmod.1D' has 1 auxiliary values per time point
++ '-stim_times_AM2 1 /projects/sanlab/shared/CHIVES/CHIVES_WTP_scripts/behavioral/money/afni_timing_files/CHIVES1020/HealthyPmod.1D' will have 2 regressors
++ '-stim_times_AM2 2 /projects/sanlab/shared/CHIVES/CHIVES_WTP_scripts/behavioral/money/afni_timing_files/CHIVES1020/UnhealthyPmod.1D' has 1 auxiliary values per time point
++ '-stim_times_AM2 2 /projects/sanlab/shared/CHIVES/CHIVES_WTP_scripts/behavioral/money/afni_timing_files/CHIVES1020/UnhealthyPmod.1D' will have 2 regressors
++ '-stim_times_AM1 3 /projects/sanlab/shared/CHIVES/CHIVES_WTP_scripts/behavioral/money/afni_timing_files/CHIVES1020/BidOnsDur.1D' has 1 auxiliary values per time point
++ '-stim_times_AM1 3': basis function model 'dmBLOCK(1)' uses 1 parameters,
    out of the 1 found in timing file '/projects/sanlab/shared/CHIVES/CHIVES_WTP_scripts/behavioral/money/afni_timing_files/CHIVES1020/BidOnsDur.1D'
++ 3dDeconvolve extending num_stimts from 3 to 7 due to -ortvec
++ 3dDeconvolve: AFNI version=AFNI_18.2.04 (Jul  6 2018) [64-bit]
++ Authored by: B. Douglas Ward, et al.
++ current memory malloc-ated = 281,901 bytes (about 282 thousand [kilo])
++ loading dataset /projects/sanlab/shared/CHIVES/bids_data/derivatives/fmriprep/sub-CHIVES1020/ses-wave1/func/s6_sub-CHIVES1020_ses-wave1_task-money_bold_space-MNI152NLin2009cAsym_preproc.nii
++ current memory malloc-ated = 1,545,430,761 bytes (about 1.5 billion [giga])
++ forcibly using TR=2.0000 seconds for -input dataset
++ Skipping check for initial transients
++ Imaging duration=714.0 s; Automatic polort=5
++ -stim_times using TR=2 s for stimulus timing conversion
++ -stim_times using TR=2 s for any -iresp output datasets
++  [you can alter the -iresp TR via the -TR_times option]
++ ** -stim_times NOTE ** guessing GLOBAL times if 1 time per line; LOCAL otherwise
++ ** GUESSED ** -stim_times_AM2 1 using LOCAL times
++ '-stim_times_AM2 1' average amplitude#1=0.833333
++ ** GUESSED ** -stim_times_AM2 2 using LOCAL times
++ '-stim_times_AM2 2' average amplitude#1=0.416667
++ ** GUESSED ** -stim_times_AM1 3 using LOCAL times
------------------------------------------------------------
GLT matrix from 'SYM: HealthyPmod[0]':
   0   0   0   0   0   0   1   0   0   0   0   0   0   0   0 
 
------------------------------------------------------------
GLT matrix from 'SYM: HealthyPmod[1]':
   0   0   0   0   0   0   0   1   0   0   0   0   0   0   0 
 
------------------------------------------------------------
GLT matrix from 'SYM: UnhealthyPmod[0]':
   0   0   0   0   0   0   0   0   1   0   0   0   0   0   0 
 
------------------------------------------------------------
GLT matrix from 'SYM: UnhealthyPmod[1]':
   0   0   0   0   0   0   0   0   0   1   0   0   0   0   0 
 
------------------------------------------------------------
GLT matrix from 'SYM: HealthyPmod[0] -UnhealthyPmod[0]':
   0   0   0   0   0   0   1   0  -1   0   0   0   0   0   0 
 
------------------------------------------------------------
GLT matrix from 'SYM: HealthyPmod[1] -UnhealthyPmod[1]':
   0   0   0   0   0   0   0   1   0  -1   0   0   0   0   0 
 
++ Number of time points: 357 (no censoring)
 + Number of parameters:  15 [10 baseline ; 5 signal]
++ total shared memory needed = 3,228,792,440 bytes (about 3.2 billion [giga])
++ current memory malloc-ated = 1,546,563,263 bytes (about 1.5 billion [giga])
++ mmap() memory allocated: 3,228,792,440 bytes (about 3.2 billion [giga])
++ Memory required for output bricks = 3,228,792,440 bytes (about 3.2 billion [giga])
++ Wrote matrix values to file CHIVES1020_2CondPmod_xmat.1D
++ ========= Things you can do with the matrix file =========
++ (a) Linear regression with ARMA(1,1) modeling of serial correlation:

3dREMLfit -matrix CHIVES1020_2CondPmod_xmat.1D -input /projects/sanlab/shared/CHIVES/bids_data/derivatives/fmriprep/sub-CHIVES1020/ses-wave1/func/s6_sub-CHIVES1020_ses-wave1_task-money_bold_space-MNI152NLin2009cAsym_preproc.nii \
 -mask /projects/sanlab/shared/CHIVES/bids_data/derivatives/fmriprep/sub-CHIVES1020/ses-wave1/func/sub-CHIVES1020_ses-wave1_task-money_bold_space-MNI152NLin2009cAsym_brainmask.nii.gz \
 -fout -tout -Rbuck CHIVES1020_2CondPmod_stats_REML -Rvar CHIVES1020_2CondPmod_stats_REMLvar \
 -Rfitts CHIVES1020_2CondPmod_REML -Rerrts CHIVES1020_2CondPmod_REML -verb
 
++ N.B.: 3dREMLfit command above written to file CHIVES1020_2CondPmod_stats.REML_cmd
++ (b) Visualization/analysis of the matrix via ExamineXmat.R
++ (c) Synthesis of sub-model datasets using 3dSynthesize
++ ==========================================================
++ Wrote matrix values to file CHIVES1020_2CondPmod_uncensor_xmat.1D
++ ----- Signal+Baseline matrix condition [X] (357x15):  3.72023  ++ VERY GOOD ++
++ ----- Signal-only matrix condition [X] (357x5):  1.63052  ++ VERY GOOD ++
++ ----- Baseline-only matrix condition [X] (357x10):  3.60693  ++ VERY GOOD ++
++ ----- stim_base-only matrix condition [X] (357x4):  2.47409  ++ VERY GOOD ++
++ ----- polort-only matrix condition [X] (357x6):  1.01526  ++ VERY GOOD ++
++ +++++ Matrix inverse average error = 1.359e-15  ++ VERY GOOD ++
++ Matrix setup time = 0.02 s
++ Voxels in dataset: 1082035
++ Voxels in mask:    266177
++ Voxels per job:    13308
++ Job #1: processing voxels 182773 to 241796; elapsed time=4.484
++ Job #2: processing voxels 241797 to 285917; elapsed time=4.502
++ Job #3: processing voxels 285918 to 320935; elapsed time=4.522
++ Job #4: processing voxels 320936 to 352551; elapsed time=4.541
++ Job #5: processing voxels 352552 to 383220; elapsed time=4.561
++ Job #6: processing voxels 383221 to 409383; elapsed time=4.581
++ Job #7: processing voxels 409384 to 438782; elapsed time=4.602
++ Job #8: processing voxels 438783 to 464391; elapsed time=4.622
++ Job #9: processing voxels 464392 to 493693; elapsed time=4.643
++ Job #10: processing voxels 493694 to 519481; elapsed time=4.663
++ Job #11: processing voxels 519482 to 549435; elapsed time=4.684
++ Job #12: processing voxels 549436 to 575940; elapsed time=4.705
++ Job #13: processing voxels 575941 to 607138; elapsed time=4.727
++ Job #14: processing voxels 607139 to 639200; elapsed time=4.763
++ Job #15: processing voxels 639201 to 672564; elapsed time=4.785
++ Job #16: processing voxels 672565 to 707648; elapsed time=4.795
++ Job #17: processing voxels 707649 to 750539; elapsed time=4.832
++ Job #18: processing voxels 750540 to 798183; elapsed time=4.842
++ Job #0: processing voxels 0 to 182772; elapsed time=4.876
++ voxel loop:++ Job #19: processing voxels 798184 to 1082034; elapsed time=4.878
0123456789.0123456789.0123456789.0123++ Job #1 finished; elapsed time=5.680
++ Job #3 finished; elapsed time=5.694
++ Job #5 finished; elapsed time=5.724
++ Job #7 finished; elapsed time=5.757
456++ Job #10 finished; elapsed time=5.767
++ Job #9 finished; elapsed time=5.788
++ Job #11 finished; elapsed time=5.824
789.++ Job #13 finished; elapsed time=5.870
++ Job #16 finished; elapsed time=5.944
012++ Job #6 finished; elapsed time=5.996
++ Job #18 finished; elapsed time=6.013
++ Job #2 finished; elapsed time=6.023
++ Job #4 finished; elapsed time=6.065
3++ Job #8 finished; elapsed time=6.097
456++ Job #12 finished; elapsed time=6.230
++ Job #15 finished; elapsed time=6.254
++ Job #14 finished; elapsed time=6.255
++ Job #17 finished; elapsed time=6.258
78++ Job #19 finished; elapsed time=6.329
9.
++ Job #0 waiting for children to finish; elapsed time=6.358
++ Job #0 now finishing up; elapsed time=6.358
++ Smallest FDR q [0 Full_Fstat] = 6.84381e-15
++ Smallest FDR q [2 HealthyPmod#0_Tstat] = 3.16451e-13
[7m*+ WARNING:[0m Smallest FDR q [4 HealthyPmod#1_Tstat] = 0.297275 ==> few true single voxel detections
++ Smallest FDR q [5 HealthyPmod_Fstat] = 4.79363e-13
++ Smallest FDR q [7 UnhealthyPmod#0_Tstat] = 8.98565e-14
[7m*+ WARNING:[0m Smallest FDR q [9 UnhealthyPmod#1_Tstat] = 0.208919 ==> few true single voxel detections
++ Smallest FDR q [10 UnhealthyPmod_Fstat] = 1.20457e-13
++ Smallest FDR q [12 BidsNMiss#0_Tstat] = 9.86755e-15
++ Smallest FDR q [13 BidsNMiss_Fstat] = 9.86411e-15
++ Smallest FDR q [15 HealthyGtRest_GLT#0_Tstat] = 3.16451e-13
++ Smallest FDR q [16 HealthyGtRest_GLT_Fstat] = 3.1644e-13
[7m*+ WARNING:[0m Smallest FDR q [18 HealthyPmod_GLT#0_Tstat] = 0.297275 ==> few true single voxel detections
[7m*+ WARNING:[0m Smallest FDR q [19 HealthyPmod_GLT_Fstat] = 0.296518 ==> few true single voxel detections
++ Smallest FDR q [21 UnhealthyGtRest_GLT#0_Tstat] = 8.98565e-14
++ Smallest FDR q [22 UnhealthyGtRest_GLT_Fstat] = 8.98377e-14
[7m*+ WARNING:[0m Smallest FDR q [24 UnhealthyPmod_GLT#0_Tstat] = 0.208919 ==> few true single voxel detections
[7m*+ WARNING:[0m Smallest FDR q [25 UnhealthyPmod_GLT_Fstat] = 0.208418 ==> few true single voxel detections
++ Smallest FDR q [27 HealthyGtUnhealthy_GLT#0_Tstat] = 4.42503e-05
++ Smallest FDR q [28 HealthyGtUnhealthy_GLT_Fstat] = 4.42498e-05
[7m*+ WARNING:[0m Smallest FDR q [30 HealthyGtUnhealthyPmod_GLT#0_Tstat] = 0.999853 ==> few true single voxel detections
[7m*+ WARNING:[0m Smallest FDR q [31 HealthyGtUnhealthyPmod_GLT_Fstat] = 0.996389 ==> few true single voxel detections
++ Wrote bucket dataset into ./CHIVES1020_2CondPmod_stats+tlrc.BRIK
 + created 21 FDR curves in bucket header
++ Wrote 3D+time dataset into ./CHIVES1020_2CondPmod+tlrc.BRIK
++ Wrote 3D+time dataset into ./CHIVES1020_2CondPmod+tlrc.BRIK
++ Program finished; elapsed time=35.684
++ 3dREMLfit: AFNI version=AFNI_18.2.04 (Jul  6 2018) [64-bit]
++ Authored by: RWCox
** AFNI converts NIFTI_datatype=4 (INT16) in file /projects/sanlab/shared/CHIVES/bids_data/derivatives/fmriprep/sub-CHIVES1020/ses-wave1/func/s6_sub-CHIVES1020_ses-wave1_task-money_bold_space-MNI152NLin2009cAsym_preproc.nii to FLOAT32
     Warnings of this type will be muted for this session.
     Set AFNI_NIFTI_TYPE_WARN to YES to see them all, NO to see none.
++ Number of voxels in mask = 266177
++ Number of OpenMP threads = 15
++ -----  matrix condition (357x15):  3.72023  ++ VERY GOOD ++
++ Loading input dataset into memory
++ Converting input dataset to vector image
 +  dataset = 1.5 billion [giga] bytes
 +  vectim  = 381 million [mega] bytes
++ starting REML setup calculations; total CPU=0.00 Elapsed=5.03
 + X matrix: 91.186% of elements are nonzero
 + starting 15 OpenMP threads for REML setup
 + REML setup finished: matrix rows=357 cols=15; 109*1 cases; total CPU=0.00 Elapsed=5.06
 +  average case bandwidth = 13.00
++ REML voxel loop: [15 threads]0123456789.012
 + ARMA voxel parameters estimated: total CPU=0.00 Elapsed=21.51
++ GLSQ loop:0123456789.0123456789.0123456789.0123456789.0123456789.
 + GLSQ regression done: total CPU=0.00 Elapsed=55.47
++ Output dataset ./CHIVES1020_2CondPmod_stats_REMLvar+tlrc.BRIK
++ Output dataset ./CHIVES1020_2CondPmod_REML+tlrc.BRIK
[7m** ERROR:[0m output dataset name 'CHIVES1020_2CondPmod_REML' conflicts with existing file
[7m** ERROR:[0m dataset NOT written to disk!
++ creating FDR curves in dataset CHIVES1020_2CondPmod_stats_REML+tlrc
++ Smallest FDR q [0 Full_Fstat] = 9.91336e-15
++ Smallest FDR q [2 HealthyPmod#0_Tstat] = 9.35475e-13
[7m*+ WARNING:[0m Smallest FDR q [4 HealthyPmod#1_Tstat] = 0.999875 ==> few true single voxel detections
++ Smallest FDR q [5 HealthyPmod_Fstat] = 1.6848e-12
++ Smallest FDR q [7 UnhealthyPmod#0_Tstat] = 1.4792e-13
[7m*+ WARNING:[0m Smallest FDR q [9 UnhealthyPmod#1_Tstat] = 0.965899 ==> few true single voxel detections
++ Smallest FDR q [10 UnhealthyPmod_Fstat] = 2.2945e-13
++ Smallest FDR q [12 BidsNMiss#0_Tstat] = 1.21712e-14
++ Smallest FDR q [13 BidsNMiss_Fstat] = 1.21712e-14
++ Smallest FDR q [15 HealthyGtRest#0_Tstat] = 9.35475e-13
++ Smallest FDR q [16 HealthyGtRest_Fstat] = 9.35475e-13
[7m*+ WARNING:[0m Smallest FDR q [18 HealthyPmod#0_Tstat] = 0.999875 ==> few true single voxel detections
[7m*+ WARNING:[0m Smallest FDR q [19 HealthyPmod_Fstat] = 0.999875 ==> few true single voxel detections
++ Smallest FDR q [21 UnhealthyGtRest#0_Tstat] = 1.4792e-13
++ Smallest FDR q [22 UnhealthyGtRest_Fstat] = 1.4792e-13
[7m*+ WARNING:[0m Smallest FDR q [24 UnhealthyPmod#0_Tstat] = 0.965899 ==> few true single voxel detections
[7m*+ WARNING:[0m Smallest FDR q [25 UnhealthyPmod_Fstat] = 0.965899 ==> few true single voxel detections
++ Smallest FDR q [27 HealthyGtUnhealthy#0_Tstat] = 0.00960681
++ Smallest FDR q [28 HealthyGtUnhealthy_Fstat] = 0.00960682
[7m*+ WARNING:[0m Smallest FDR q [30 HealthyGtUnhealthyPmod#0_Tstat] = 0.999897 ==> few true single voxel detections
[7m*+ WARNING:[0m Smallest FDR q [31 HealthyGtUnhealthyPmod_Fstat] = 0.999897 ==> few true single voxel detections
 + Added 21 FDR curves to dataset CHIVES1020_2CondPmod_stats_REML+tlrc
++ Output dataset ./CHIVES1020_2CondPmod_stats_REML+tlrc.BRIK
 + unloading input dataset and REML matrices
++ 3dREMLfit is all done! total CPU=0.00 Elapsed=84.10
** AFNI converts NIFTI_datatype=4 (INT16) in file /projects/sanlab/shared/CHIVES/bids_data/derivatives/fmriprep/sub-CHIVES1020/ses-wave1/func/s6_sub-CHIVES1020_ses-wave1_task-money_bold_space-MNI152NLin2009cAsym_preproc.nii to FLOAT32
     Warnings of this type will be muted for this session.
     Set AFNI_NIFTI_TYPE_WARN to YES to see them all, NO to see none.
++ '-stim_times_AM1 3 /projects/sanlab/shared/CHIVES/CHIVES_WTP_scripts/behavioral/money/afni_timing_files/CHIVES1020/BidOnsDur.1D' has 1 auxiliary values per time point
++ '-stim_times_AM1 3': basis function model 'dmBLOCK(1)' uses 1 parameters,
    out of the 1 found in timing file '/projects/sanlab/shared/CHIVES/CHIVES_WTP_scripts/behavioral/money/afni_timing_files/CHIVES1020/BidOnsDur.1D'
++ 3dDeconvolve extending num_stimts from 3 to 7 due to -ortvec
++ 3dDeconvolve: AFNI version=AFNI_18.2.04 (Jul  6 2018) [64-bit]
++ Authored by: B. Douglas Ward, et al.
++ current memory malloc-ated = 265,657 bytes (about 266 thousand [kilo])
++ loading dataset /projects/sanlab/shared/CHIVES/bids_data/derivatives/fmriprep/sub-CHIVES1020/ses-wave1/func/s6_sub-CHIVES1020_ses-wave1_task-money_bold_space-MNI152NLin2009cAsym_preproc.nii
++ current memory malloc-ated = 1,545,414,517 bytes (about 1.5 billion [giga])
++ forcibly using TR=2.0000 seconds for -input dataset
++ Skipping check for initial transients
++ Imaging duration=714.0 s; Automatic polort=5
++ -stim_times using TR=2 s for stimulus timing conversion
++ -stim_times using TR=2 s for any -iresp output datasets
++  [you can alter the -iresp TR via the -TR_times option]
++ ** -stim_times NOTE ** guessing GLOBAL times if 1 time per line; LOCAL otherwise
++ ** GUESSED ** -stim_times 1 using LOCAL times
++ ** GUESSED ** -stim_times 2 using LOCAL times
++ ** GUESSED ** -stim_times_AM1 3 using LOCAL times
------------------------------------------------------------
GLT matrix from 'SYM: Healthy':
   0   0   0   0   0   0   1   0   0   0   0   0   0 
 
------------------------------------------------------------
GLT matrix from 'SYM: Unhealthy':
   0   0   0   0   0   0   0   1   0   0   0   0   0 
 
------------------------------------------------------------
GLT matrix from 'SYM: Healthy -Unhealthy':
   0   0   0   0   0   0   1  -1   0   0   0   0   0 
 
++ Number of time points: 357 (no censoring)
 + Number of parameters:  13 [10 baseline ; 3 signal]
++ total shared memory needed = 3,172,526,620 bytes (about 3.2 billion [giga])
++ current memory malloc-ated = 1,546,542,489 bytes (about 1.5 billion [giga])
++ mmap() memory allocated: 3,172,526,620 bytes (about 3.2 billion [giga])
++ Memory required for output bricks = 3,172,526,620 bytes (about 3.2 billion [giga])
++ Wrote matrix values to file CHIVES1020_2Cond_xmat.1D
++ ========= Things you can do with the matrix file =========
++ (a) Linear regression with ARMA(1,1) modeling of serial correlation:

3dREMLfit -matrix CHIVES1020_2Cond_xmat.1D -input /projects/sanlab/shared/CHIVES/bids_data/derivatives/fmriprep/sub-CHIVES1020/ses-wave1/func/s6_sub-CHIVES1020_ses-wave1_task-money_bold_space-MNI152NLin2009cAsym_preproc.nii \
 -mask /projects/sanlab/shared/CHIVES/bids_data/derivatives/fmriprep/sub-CHIVES1020/ses-wave1/func/sub-CHIVES1020_ses-wave1_task-money_bold_space-MNI152NLin2009cAsym_brainmask.nii.gz \
 -fout -tout -Rbuck CHIVES1020_2Cond_stats_REML -Rvar CHIVES1020_2Cond_stats_REMLvar \
 -Rfitts CHIVES1020_2Cond_REML -Rerrts CHIVES1020_2Cond_REML -verb
 
++ N.B.: 3dREMLfit command above written to file CHIVES1020_2Cond_stats.REML_cmd
++ (b) Visualization/analysis of the matrix via ExamineXmat.R
++ (c) Synthesis of sub-model datasets using 3dSynthesize
++ ==========================================================
++ Wrote matrix values to file CHIVES1020_2Cond_uncensor_xmat.1D
++ ----- Signal+Baseline matrix condition [X] (357x13):  3.65493  ++ VERY GOOD ++
++ ----- Signal-only matrix condition [X] (357x3):  1.63051  ++ VERY GOOD ++
++ ----- Baseline-only matrix condition [X] (357x10):  3.60693  ++ VERY GOOD ++
++ ----- stim_base-only matrix condition [X] (357x4):  2.47409  ++ VERY GOOD ++
++ ----- polort-only matrix condition [X] (357x6):  1.01526  ++ VERY GOOD ++
++ +++++ Matrix inverse average error = 1.86002e-15  ++ VERY GOOD ++
++ Matrix setup time = 0.01 s
++ Voxels in dataset: 1082035
++ Voxels in mask:    266177
++ Voxels per job:    13308
++ Job #1: processing voxels 182773 to 241796; elapsed time=4.441
++ Job #2: processing voxels 241797 to 285917; elapsed time=4.460
++ Job #3: processing voxels 285918 to 320935; elapsed time=4.479
++ Job #4: processing voxels 320936 to 352551; elapsed time=4.498
++ Job #5: processing voxels 352552 to 383220; elapsed time=4.518
++ Job #6: processing voxels 383221 to 409383; elapsed time=4.538
++ Job #7: processing voxels 409384 to 438782; elapsed time=4.559
++ Job #8: processing voxels 438783 to 464391; elapsed time=4.579
++ Job #9: processing voxels 464392 to 493693; elapsed time=4.600
++ Job #10: processing voxels 493694 to 519481; elapsed time=4.620
++ Job #11: processing voxels 519482 to 549435; elapsed time=4.642
++ Job #12: processing voxels 549436 to 575940; elapsed time=4.663
++ Job #13: processing voxels 575941 to 607138; elapsed time=4.685
++ Job #14: processing voxels 607139 to 639200; elapsed time=4.721
++ Job #15: processing voxels 639201 to 672564; elapsed time=4.744
++ Job #16: processing voxels 672565 to 707648; elapsed time=4.770
++ Job #17: processing voxels 707649 to 750539; elapsed time=4.790
++ Job #18: processing voxels 750540 to 798183; elapsed time=4.800
++ Job #0: processing voxels 0 to 182772; elapsed time=4.836
++ voxel loop:++ Job #19: processing voxels 798184 to 1082034; elapsed time=4.837
0123456789.0123456789.0123456789.0123456++ Job #1 finished; elapsed time=5.414
++ Job #3 finished; elapsed time=5.428
++ Job #4 finished; elapsed time=5.438
789.++ Job #5 finished; elapsed time=5.459
++ Job #6 finished; elapsed time=5.489
++ Job #8 finished; elapsed time=5.490
++ Job #7 finished; elapsed time=5.495
++ Job #2 finished; elapsed time=5.502
++ Job #10 finished; elapsed time=5.505
0++ Job #9 finished; elapsed time=5.527
12++ Job #11 finished; elapsed time=5.570
3++ Job #13 finished; elapsed time=5.615
45++ Job #12 finished; elapsed time=5.668
++ Job #16 finished; elapsed time=5.697
++ Job #14 finished; elapsed time=5.701
6++ Job #15 finished; elapsed time=5.721
78++ Job #18 finished; elapsed time=5.762
++ Job #17 finished; elapsed time=5.798
9.
++ Job #0 waiting for children to finish; elapsed time=5.806
++ Job #19 finished; elapsed time=5.852
++ Job #0 now finishing up; elapsed time=5.870
++ Smallest FDR q [0 Full_Fstat] = 5.91331e-15
++ Smallest FDR q [2 Healthy#0_Tstat] = 3.15545e-13
++ Smallest FDR q [3 Healthy_Fstat] = 3.15551e-13
++ Smallest FDR q [5 Unhealthy#0_Tstat] = 8.90699e-14
++ Smallest FDR q [6 Unhealthy_Fstat] = 8.90506e-14
++ Smallest FDR q [8 BidsNMiss#0_Tstat] = 9.90786e-15
++ Smallest FDR q [9 BidsNMiss_Fstat] = 9.90452e-15
++ Smallest FDR q [11 HealthyGtRest_GLT#0_Tstat] = 3.15545e-13
++ Smallest FDR q [12 HealthyGtRest_GLT_Fstat] = 3.15551e-13
++ Smallest FDR q [14 UnhealthyGtRest_GLT#0_Tstat] = 8.90699e-14
++ Smallest FDR q [15 UnhealthyGtRest_GLT_Fstat] = 8.90509e-14
++ Smallest FDR q [17 HealthyGtUnhealthy_GLT#0_Tstat] = 4.31722e-05
++ Smallest FDR q [18 HealthyGtUnhealthy_GLT_Fstat] = 4.31729e-05
++ Wrote bucket dataset into ./CHIVES1020_2Cond_stats+tlrc.BRIK
 + created 13 FDR curves in bucket header
++ Wrote 3D+time dataset into ./CHIVES1020_2Cond+tlrc.BRIK
++ Wrote 3D+time dataset into ./CHIVES1020_2Cond+tlrc.BRIK
++ Program finished; elapsed time=24.352
++ 3dREMLfit: AFNI version=AFNI_18.2.04 (Jul  6 2018) [64-bit]
++ Authored by: RWCox
** AFNI converts NIFTI_datatype=4 (INT16) in file /projects/sanlab/shared/CHIVES/bids_data/derivatives/fmriprep/sub-CHIVES1020/ses-wave1/func/s6_sub-CHIVES1020_ses-wave1_task-money_bold_space-MNI152NLin2009cAsym_preproc.nii to FLOAT32
     Warnings of this type will be muted for this session.
     Set AFNI_NIFTI_TYPE_WARN to YES to see them all, NO to see none.
++ Number of voxels in mask = 266177
++ Number of OpenMP threads = 15
++ -----  matrix condition (357x13):  3.65493  ++ VERY GOOD ++
++ Loading input dataset into memory
++ Converting input dataset to vector image
 +  dataset = 1.5 billion [giga] bytes
 +  vectim  = 381 million [mega] bytes
++ starting REML setup calculations; total CPU=0.00 Elapsed=4.46
 + X matrix: 94.872% of elements are nonzero
 + starting 15 OpenMP threads for REML setup
 + REML setup finished: matrix rows=357 cols=13; 109*1 cases; total CPU=0.00 Elapsed=4.46
 +  average case bandwidth = 13.00
++ REML voxel loop: [15 threads]0123456789.012
 + ARMA voxel parameters estimated: total CPU=0.00 Elapsed=20.19
++ GLSQ loop:0123456789.0123456789.0123456789.0123456789.0123456789.
 + GLSQ regression done: total CPU=0.00 Elapsed=47.11
++ Output dataset ./CHIVES1020_2Cond_stats_REMLvar+tlrc.BRIK
++ Output dataset ./CHIVES1020_2Cond_REML+tlrc.BRIK
[7m** ERROR:[0m output dataset name 'CHIVES1020_2Cond_REML' conflicts with existing file
[7m** ERROR:[0m dataset NOT written to disk!
++ creating FDR curves in dataset CHIVES1020_2Cond_stats_REML+tlrc
++ Smallest FDR q [0 Full_Fstat] = 7.93422e-15
++ Smallest FDR q [2 Healthy#0_Tstat] = 8.83283e-13
++ Smallest FDR q [3 Healthy_Fstat] = 8.8328e-13
++ Smallest FDR q [5 Unhealthy#0_Tstat] = 1.46015e-13
++ Smallest FDR q [6 Unhealthy_Fstat] = 1.46015e-13
++ Smallest FDR q [8 BidsNMiss#0_Tstat] = 1.22834e-14
++ Smallest FDR q [9 BidsNMiss_Fstat] = 1.22834e-14
++ Smallest FDR q [11 HealthyGtRest#0_Tstat] = 8.83283e-13
++ Smallest FDR q [12 HealthyGtRest_Fstat] = 8.8328e-13
++ Smallest FDR q [14 UnhealthyGtRest#0_Tstat] = 1.46015e-13
++ Smallest FDR q [15 UnhealthyGtRest_Fstat] = 1.46015e-13
++ Smallest FDR q [17 HealthyGtUnhealthy#0_Tstat] = 0.0110792
++ Smallest FDR q [18 HealthyGtUnhealthy_Fstat] = 0.0110792
 + Added 13 FDR curves to dataset CHIVES1020_2Cond_stats_REML+tlrc
++ Output dataset ./CHIVES1020_2Cond_stats_REML+tlrc.BRIK
 + unloading input dataset and REML matrices
++ 3dREMLfit is all done! total CPU=0.00 Elapsed=65.56
