** AFNI converts NIFTI_datatype=4 (INT16) in file /projects/sanlab/shared/CHIVES/bids_data/derivatives/fmriprep/sub-CHIVES1048/ses-wave1/func/s6_sub-CHIVES1048_ses-wave1_task-money_bold_space-MNI152NLin2009cAsym_preproc.nii to FLOAT32
     Warnings of this type will be muted for this session.
     Set AFNI_NIFTI_TYPE_WARN to YES to see them all, NO to see none.
++ '-stim_times_AM2 1 /projects/sanlab/shared/CHIVES/CHIVES_WTP_scripts/behavioral/money/afni_timing_files/CHIVES1048/AllCondsPmod.1D' has 1 auxiliary values per time point
++ '-stim_times_AM2 1 /projects/sanlab/shared/CHIVES/CHIVES_WTP_scripts/behavioral/money/afni_timing_files/CHIVES1048/AllCondsPmod.1D' will have 2 regressors
++ '-stim_times_AM1 2 /projects/sanlab/shared/CHIVES/CHIVES_WTP_scripts/behavioral/money/afni_timing_files/CHIVES1048/BidOnsDur.1D' has 1 auxiliary values per time point
++ '-stim_times_AM1 2': basis function model 'dmBLOCK(1)' uses 1 parameters,
    out of the 1 found in timing file '/projects/sanlab/shared/CHIVES/CHIVES_WTP_scripts/behavioral/money/afni_timing_files/CHIVES1048/BidOnsDur.1D'
++ 3dDeconvolve extending num_stimts from 2 to 6 due to -ortvec
++ 3dDeconvolve: AFNI version=AFNI_18.2.04 (Jul  6 2018) [64-bit]
++ Authored by: B. Douglas Ward, et al.
++ current memory malloc-ated = 254,635 bytes (about 255 thousand [kilo])
++ loading dataset /projects/sanlab/shared/CHIVES/bids_data/derivatives/fmriprep/sub-CHIVES1048/ses-wave1/func/s6_sub-CHIVES1048_ses-wave1_task-money_bold_space-MNI152NLin2009cAsym_preproc.nii
++ current memory malloc-ated = 1,545,403,495 bytes (about 1.5 billion [giga])
++ forcibly using TR=2.0000 seconds for -input dataset
++ Skipping check for initial transients
++ Imaging duration=714.0 s; Automatic polort=5
++ -stim_times using TR=2 s for stimulus timing conversion
++ -stim_times using TR=2 s for any -iresp output datasets
++  [you can alter the -iresp TR via the -TR_times option]
++ ** -stim_times NOTE ** guessing GLOBAL times if 1 time per line; LOCAL otherwise
++ ** GUESSED ** -stim_times_AM2 1 using LOCAL times
++ '-stim_times_AM2 1' average amplitude#1=0.6
++ ** GUESSED ** -stim_times_AM1 2 using LOCAL times
------------------------------------------------------------
GLT matrix from 'SYM: AllConds[0]':
   0   0   0   0   0   0   1   0   0   0   0   0   0 
 
------------------------------------------------------------
GLT matrix from 'SYM: AllConds[1]':
   0   0   0   0   0   0   0   1   0   0   0   0   0 
 
++ Number of time points: 357 (no censoring)
 + Number of parameters:  13 [10 baseline ; 3 signal]
++ total shared memory needed = 3,155,214,060 bytes (about 3.2 billion [giga])
++ current memory malloc-ated = 1,546,531,429 bytes (about 1.5 billion [giga])
++ mmap() memory allocated: 3,155,214,060 bytes (about 3.2 billion [giga])
++ Memory required for output bricks = 3,155,214,060 bytes (about 3.2 billion [giga])
++ Wrote matrix values to file CHIVES1048_AllCondPmod_xmat.1D
++ ========= Things you can do with the matrix file =========
++ (a) Linear regression with ARMA(1,1) modeling of serial correlation:

3dREMLfit -matrix CHIVES1048_AllCondPmod_xmat.1D -input /projects/sanlab/shared/CHIVES/bids_data/derivatives/fmriprep/sub-CHIVES1048/ses-wave1/func/s6_sub-CHIVES1048_ses-wave1_task-money_bold_space-MNI152NLin2009cAsym_preproc.nii \
 -mask /projects/sanlab/shared/CHIVES/bids_data/derivatives/fmriprep/sub-CHIVES1048/ses-wave1/func/sub-CHIVES1048_ses-wave1_task-money_bold_space-MNI152NLin2009cAsym_brainmask.nii.gz \
 -fout -tout -Rbuck CHIVES1048_AllCondPmod_stats_REML -Rvar CHIVES1048_AllCondPmod_stats_REMLvar \
 -Rfitts CHIVES1048_AllCondPmod_REML -Rerrts CHIVES1048_AllCondPmod_REML -verb
 
++ N.B.: 3dREMLfit command above written to file CHIVES1048_AllCondPmod_stats.REML_cmd
++ (b) Visualization/analysis of the matrix via ExamineXmat.R
++ (c) Synthesis of sub-model datasets using 3dSynthesize
++ ==========================================================
++ Wrote matrix values to file CHIVES1048_AllCondPmod_uncensor_xmat.1D
++ ----- Signal+Baseline matrix condition [X] (357x13):  5.33129  ++ VERY GOOD ++
++ ----- Signal-only matrix condition [X] (357x3):  1.59459  ++ VERY GOOD ++
++ ----- Baseline-only matrix condition [X] (357x10):  5.28733  ++ VERY GOOD ++
++ ----- stim_base-only matrix condition [X] (357x4):  1.55215  ++ VERY GOOD ++
++ ----- polort-only matrix condition [X] (357x6):  1.01526  ++ VERY GOOD ++
++ +++++ Matrix inverse average error = 4.0323e-15  ++ VERY GOOD ++
++ Matrix setup time = 0.02 s
++ Voxels in dataset: 1082035
++ Voxels in mask:    267366
++ Voxels per job:    13368
++ Job #1: processing voxels 183772 to 240629; elapsed time=4.897
++ Job #2: processing voxels 240630 to 286390; elapsed time=4.922
++ Job #3: processing voxels 286391 to 325971; elapsed time=4.946
++ Job #4: processing voxels 325972 to 354003; elapsed time=4.971
++ Job #5: processing voxels 354004 to 384327; elapsed time=4.996
++ Job #6: processing voxels 384328 to 410573; elapsed time=5.021
++ Job #7: processing voxels 410574 to 439528; elapsed time=5.045
++ Job #8: processing voxels 439529 to 465089; elapsed time=5.083
++ Job #9: processing voxels 465090 to 494234; elapsed time=5.108
++ Job #10: processing voxels 494235 to 519965; elapsed time=5.133
++ Job #11: processing voxels 519966 to 549858; elapsed time=5.158
++ Job #12: processing voxels 549859 to 576337; elapsed time=5.182
++ Job #13: processing voxels 576338 to 607477; elapsed time=5.207
++ Job #14: processing voxels 607478 to 639661; elapsed time=5.236
++ Job #15: processing voxels 639662 to 673125; elapsed time=5.279
++ Job #16: processing voxels 673126 to 708171; elapsed time=5.312
++ Job #17: processing voxels 708172 to 751216; elapsed time=5.327
++ Job #18: processing voxels 751217 to 799152; elapsed time=5.374
++ Job #0: processing voxels 0 to 183771; elapsed time=5.374
++ voxel loop:0123456789.012345++ Job #19: processing voxels 799153 to 1082034; elapsed time=5.393
6789.0123456789.0123456789.++ Job #4 finished; elapsed time=5.815
012++ Job #8 finished; elapsed time=5.898
3456789.
++ Job #0 waiting for children to finish; elapsed time=6.150
++ Job #6 finished; elapsed time=6.216
++ Job #1 finished; elapsed time=6.270
++ Job #5 finished; elapsed time=6.343
++ Job #9 finished; elapsed time=6.392
++ Job #3 finished; elapsed time=6.405
++ Job #2 finished; elapsed time=6.438
++ Job #11 finished; elapsed time=6.490
++ Job #15 finished; elapsed time=6.525
++ Job #17 finished; elapsed time=6.538
++ Job #14 finished; elapsed time=6.566
++ Job #18 finished; elapsed time=6.568
++ Job #19 finished; elapsed time=6.598
++ Job #10 finished; elapsed time=6.602
++ Job #12 finished; elapsed time=6.622
++ Job #7 finished; elapsed time=6.701
++ Job #16 finished; elapsed time=6.723
++ Job #13 finished; elapsed time=6.755
++ Job #0 now finishing up; elapsed time=6.771
++ Smallest FDR q [0 Full_Fstat] = 7.40088e-15
++ Smallest FDR q [2 AllConds#0_Tstat] = 2.87923e-14
++ Smallest FDR q [4 AllConds#1_Tstat] = 0.000129933
++ Smallest FDR q [5 AllConds_Fstat] = 3.07445e-14
++ Smallest FDR q [7 BidsNMiss#0_Tstat] = 2.66113e-14
++ Smallest FDR q [8 BidsNMiss_Fstat] = 2.66128e-14
++ Smallest FDR q [10 CondGtRest_GLT#0_Tstat] = 2.87923e-14
++ Smallest FDR q [11 CondGtRest_GLT_Fstat] = 2.87895e-14
++ Smallest FDR q [13 Pmod_GLT#0_Tstat] = 0.000129933
++ Smallest FDR q [14 Pmod_GLT_Fstat] = 0.000129939
++ Wrote bucket dataset into ./CHIVES1048_AllCondPmod_stats+tlrc.BRIK
 + created 10 FDR curves in bucket header
++ Wrote 3D+time dataset into ./CHIVES1048_AllCondPmod+tlrc.BRIK
++ Wrote 3D+time dataset into ./CHIVES1048_AllCondPmod+tlrc.BRIK
++ Program finished; elapsed time=22.875
++ 3dREMLfit: AFNI version=AFNI_18.2.04 (Jul  6 2018) [64-bit]
++ Authored by: RWCox
** AFNI converts NIFTI_datatype=4 (INT16) in file /projects/sanlab/shared/CHIVES/bids_data/derivatives/fmriprep/sub-CHIVES1048/ses-wave1/func/s6_sub-CHIVES1048_ses-wave1_task-money_bold_space-MNI152NLin2009cAsym_preproc.nii to FLOAT32
     Warnings of this type will be muted for this session.
     Set AFNI_NIFTI_TYPE_WARN to YES to see them all, NO to see none.
++ Number of voxels in mask = 267366
++ Number of OpenMP threads = 15
++ -----  matrix condition (357x13):  5.33129  ++ VERY GOOD ++
++ Loading input dataset into memory
++ Converting input dataset to vector image
 +  dataset = 1.5 billion [giga] bytes
 +  vectim  = 383 million [mega] bytes
++ starting REML setup calculations; total CPU=0.00 Elapsed=5.48
 + X matrix: 99.741% of elements are nonzero
 + starting 15 OpenMP threads for REML setup
 + REML setup finished: matrix rows=357 cols=13; 109*1 cases; total CPU=0.00 Elapsed=5.50
 +  average case bandwidth = 13.00
++ REML voxel loop: [15 threads]0123456789.012
 + ARMA voxel parameters estimated: total CPU=0.00 Elapsed=21.95
++ GLSQ loop:0123456789.0123456789.0123456789.0123456789.0123456789.
 + GLSQ regression done: total CPU=0.00 Elapsed=43.80
++ Output dataset ./CHIVES1048_AllCondPmod_stats_REMLvar+tlrc.BRIK
++ Output dataset ./CHIVES1048_AllCondPmod_REML+tlrc.BRIK
[7m** ERROR:[0m output dataset name 'CHIVES1048_AllCondPmod_REML' conflicts with existing file
[7m** ERROR:[0m dataset NOT written to disk!
++ creating FDR curves in dataset CHIVES1048_AllCondPmod_stats_REML+tlrc
++ Smallest FDR q [0 Full_Fstat] = 1.31584e-14
++ Smallest FDR q [2 AllConds#0_Tstat] = 5.11493e-14
++ Smallest FDR q [4 AllConds#1_Tstat] = 0.0624966
++ Smallest FDR q [5 AllConds_Fstat] = 6.33621e-14
++ Smallest FDR q [7 BidsNMiss#0_Tstat] = 5.74099e-14
++ Smallest FDR q [8 BidsNMiss_Fstat] = 5.74099e-14
++ Smallest FDR q [10 CondGtRest#0_Tstat] = 5.11493e-14
++ Smallest FDR q [11 CondGtRest_Fstat] = 5.11493e-14
++ Smallest FDR q [13 Pmod#0_Tstat] = 0.0624966
++ Smallest FDR q [14 Pmod_Fstat] = 0.0624965
 + Added 10 FDR curves to dataset CHIVES1048_AllCondPmod_stats_REML+tlrc
++ Output dataset ./CHIVES1048_AllCondPmod_stats_REML+tlrc.BRIK
 + unloading input dataset and REML matrices
++ 3dREMLfit is all done! total CPU=0.00 Elapsed=59.21
** AFNI converts NIFTI_datatype=4 (INT16) in file /projects/sanlab/shared/CHIVES/bids_data/derivatives/fmriprep/sub-CHIVES1048/ses-wave1/func/s6_sub-CHIVES1048_ses-wave1_task-money_bold_space-MNI152NLin2009cAsym_preproc.nii to FLOAT32
     Warnings of this type will be muted for this session.
     Set AFNI_NIFTI_TYPE_WARN to YES to see them all, NO to see none.
++ '-stim_times_AM2 1 /projects/sanlab/shared/CHIVES/CHIVES_WTP_scripts/behavioral/money/afni_timing_files/CHIVES1048/HealthyPmod.1D' has 1 auxiliary values per time point
++ '-stim_times_AM2 1 /projects/sanlab/shared/CHIVES/CHIVES_WTP_scripts/behavioral/money/afni_timing_files/CHIVES1048/HealthyPmod.1D' will have 2 regressors
++ '-stim_times_AM2 2 /projects/sanlab/shared/CHIVES/CHIVES_WTP_scripts/behavioral/money/afni_timing_files/CHIVES1048/UnhealthyPmod.1D' has 1 auxiliary values per time point
++ '-stim_times_AM2 2 /projects/sanlab/shared/CHIVES/CHIVES_WTP_scripts/behavioral/money/afni_timing_files/CHIVES1048/UnhealthyPmod.1D' will have 2 regressors
++ '-stim_times_AM1 3 /projects/sanlab/shared/CHIVES/CHIVES_WTP_scripts/behavioral/money/afni_timing_files/CHIVES1048/BidOnsDur.1D' has 1 auxiliary values per time point
++ '-stim_times_AM1 3': basis function model 'dmBLOCK(1)' uses 1 parameters,
    out of the 1 found in timing file '/projects/sanlab/shared/CHIVES/CHIVES_WTP_scripts/behavioral/money/afni_timing_files/CHIVES1048/BidOnsDur.1D'
++ 3dDeconvolve extending num_stimts from 3 to 7 due to -ortvec
++ 3dDeconvolve: AFNI version=AFNI_18.2.04 (Jul  6 2018) [64-bit]
++ Authored by: B. Douglas Ward, et al.
++ current memory malloc-ated = 281,901 bytes (about 282 thousand [kilo])
++ loading dataset /projects/sanlab/shared/CHIVES/bids_data/derivatives/fmriprep/sub-CHIVES1048/ses-wave1/func/s6_sub-CHIVES1048_ses-wave1_task-money_bold_space-MNI152NLin2009cAsym_preproc.nii
++ current memory malloc-ated = 1,545,430,761 bytes (about 1.5 billion [giga])
++ forcibly using TR=2.0000 seconds for -input dataset
++ Skipping check for initial transients
++ Imaging duration=714.0 s; Automatic polort=5
++ -stim_times using TR=2 s for stimulus timing conversion
++ -stim_times using TR=2 s for any -iresp output datasets
++  [you can alter the -iresp TR via the -TR_times option]
++ ** -stim_times NOTE ** guessing GLOBAL times if 1 time per line; LOCAL otherwise
++ ** GUESSED ** -stim_times_AM2 1 using LOCAL times
++ '-stim_times_AM2 1' average amplitude#1=0.7
++ ** GUESSED ** -stim_times_AM2 2 using LOCAL times
++ '-stim_times_AM2 2' average amplitude#1=0.5
++ ** GUESSED ** -stim_times_AM1 3 using LOCAL times
------------------------------------------------------------
GLT matrix from 'SYM: HealthyPmod[0]':
   0   0   0   0   0   0   1   0   0   0   0   0   0   0   0 
 
------------------------------------------------------------
GLT matrix from 'SYM: HealthyPmod[1]':
   0   0   0   0   0   0   0   1   0   0   0   0   0   0   0 
 
------------------------------------------------------------
GLT matrix from 'SYM: UnhealthyPmod[0]':
   0   0   0   0   0   0   0   0   1   0   0   0   0   0   0 
 
------------------------------------------------------------
GLT matrix from 'SYM: UnhealthyPmod[1]':
   0   0   0   0   0   0   0   0   0   1   0   0   0   0   0 
 
------------------------------------------------------------
GLT matrix from 'SYM: HealthyPmod[0] -UnhealthyPmod[0]':
   0   0   0   0   0   0   1   0  -1   0   0   0   0   0   0 
 
------------------------------------------------------------
GLT matrix from 'SYM: HealthyPmod[1] -UnhealthyPmod[1]':
   0   0   0   0   0   0   0   1   0  -1   0   0   0   0   0 
 
++ Number of time points: 357 (no censoring)
 + Number of parameters:  15 [10 baseline ; 5 signal]
++ total shared memory needed = 3,228,792,440 bytes (about 3.2 billion [giga])
++ current memory malloc-ated = 1,546,563,263 bytes (about 1.5 billion [giga])
++ mmap() memory allocated: 3,228,792,440 bytes (about 3.2 billion [giga])
++ Memory required for output bricks = 3,228,792,440 bytes (about 3.2 billion [giga])
++ Wrote matrix values to file CHIVES1048_2CondPmod_xmat.1D
++ ========= Things you can do with the matrix file =========
++ (a) Linear regression with ARMA(1,1) modeling of serial correlation:

3dREMLfit -matrix CHIVES1048_2CondPmod_xmat.1D -input /projects/sanlab/shared/CHIVES/bids_data/derivatives/fmriprep/sub-CHIVES1048/ses-wave1/func/s6_sub-CHIVES1048_ses-wave1_task-money_bold_space-MNI152NLin2009cAsym_preproc.nii \
 -mask /projects/sanlab/shared/CHIVES/bids_data/derivatives/fmriprep/sub-CHIVES1048/ses-wave1/func/sub-CHIVES1048_ses-wave1_task-money_bold_space-MNI152NLin2009cAsym_brainmask.nii.gz \
 -fout -tout -Rbuck CHIVES1048_2CondPmod_stats_REML -Rvar CHIVES1048_2CondPmod_stats_REMLvar \
 -Rfitts CHIVES1048_2CondPmod_REML -Rerrts CHIVES1048_2CondPmod_REML -verb
 
++ N.B.: 3dREMLfit command above written to file CHIVES1048_2CondPmod_stats.REML_cmd
++ (b) Visualization/analysis of the matrix via ExamineXmat.R
++ (c) Synthesis of sub-model datasets using 3dSynthesize
++ ==========================================================
++ Wrote matrix values to file CHIVES1048_2CondPmod_uncensor_xmat.1D
++ ----- Signal+Baseline matrix condition [X] (357x15):  5.34987  ++ VERY GOOD ++
++ ----- Signal-only matrix condition [X] (357x5):  1.59468  ++ VERY GOOD ++
++ ----- Baseline-only matrix condition [X] (357x10):  5.28733  ++ VERY GOOD ++
++ ----- stim_base-only matrix condition [X] (357x4):  1.55215  ++ VERY GOOD ++
++ ----- polort-only matrix condition [X] (357x6):  1.01526  ++ VERY GOOD ++
++ +++++ Matrix inverse average error = 3.24334e-15  ++ VERY GOOD ++
++ Matrix setup time = 0.02 s
++ Voxels in dataset: 1082035
++ Voxels in mask:    267366
++ Voxels per job:    13368
++ Job #1: processing voxels 183772 to 240629; elapsed time=4.203
++ Job #2: processing voxels 240630 to 286390; elapsed time=4.223
++ Job #3: processing voxels 286391 to 325971; elapsed time=4.243
++ Job #4: processing voxels 325972 to 354003; elapsed time=4.265
++ Job #5: processing voxels 354004 to 384327; elapsed time=4.286
++ Job #6: processing voxels 384328 to 410573; elapsed time=4.308
++ Job #7: processing voxels 410574 to 439528; elapsed time=4.329
++ Job #8: processing voxels 439529 to 465089; elapsed time=4.365
++ Job #9: processing voxels 465090 to 494234; elapsed time=4.389
++ Job #10: processing voxels 494235 to 519965; elapsed time=4.412
++ Job #11: processing voxels 519966 to 549858; elapsed time=4.437
++ Job #12: processing voxels 549859 to 576337; elapsed time=4.460
++ Job #13: processing voxels 576338 to 607477; elapsed time=4.485
++ Job #14: processing voxels 607478 to 639661; elapsed time=4.510
++ Job #15: processing voxels 639662 to 673125; elapsed time=4.540
++ Job #16: processing voxels 673126 to 708171; elapsed time=4.580
++ Job #17: processing voxels 708172 to 751216; elapsed time=4.611
++ Job #18: processing voxels 751217 to 799152; elapsed time=4.639
++ Job #0: processing voxels 0 to 183771; elapsed time=4.648
++ voxel loop:0123456789.012++ Job #19: processing voxels 799153 to 1082034; elapsed time=4.666
3456789.0123456789.0123456789.0123++ Job #8 finished; elapsed time=5.533
456789.
++ Job #0 waiting for children to finish; elapsed time=5.873
++ Job #6 finished; elapsed time=6.057
++ Job #3 finished; elapsed time=6.105
++ Job #7 finished; elapsed time=6.178
++ Job #1 finished; elapsed time=6.183
++ Job #5 finished; elapsed time=6.228
++ Job #4 finished; elapsed time=6.229
++ Job #2 finished; elapsed time=6.233
++ Job #15 finished; elapsed time=6.238
++ Job #11 finished; elapsed time=6.315
++ Job #10 finished; elapsed time=6.337
++ Job #14 finished; elapsed time=6.362
++ Job #12 finished; elapsed time=6.368
++ Job #13 finished; elapsed time=6.386
++ Job #9 finished; elapsed time=6.387
++ Job #17 finished; elapsed time=6.447
++ Job #16 finished; elapsed time=6.456
++ Job #18 finished; elapsed time=6.548
++ Job #19 finished; elapsed time=6.562
++ Job #0 now finishing up; elapsed time=6.584
++ Smallest FDR q [0 Full_Fstat] = 8.8643e-15
++ Smallest FDR q [2 HealthyPmod#0_Tstat] = 5.21926e-14
++ Smallest FDR q [4 HealthyPmod#1_Tstat] = 0.0377243
++ Smallest FDR q [5 HealthyPmod_Fstat] = 6.51838e-14
++ Smallest FDR q [7 UnhealthyPmod#0_Tstat] = 6.76706e-14
++ Smallest FDR q [9 UnhealthyPmod#1_Tstat] = 0.000314802
++ Smallest FDR q [10 UnhealthyPmod_Fstat] = 8.10151e-14
++ Smallest FDR q [12 BidsNMiss#0_Tstat] = 2.63887e-14
++ Smallest FDR q [13 BidsNMiss_Fstat] = 2.63883e-14
++ Smallest FDR q [15 HealthyGtRest_GLT#0_Tstat] = 5.21926e-14
++ Smallest FDR q [16 HealthyGtRest_GLT_Fstat] = 5.21911e-14
++ Smallest FDR q [18 HealthyPmod_GLT#0_Tstat] = 0.0377243
++ Smallest FDR q [19 HealthyPmod_GLT_Fstat] = 0.0377362
++ Smallest FDR q [21 UnhealthyGtRest_GLT#0_Tstat] = 6.76706e-14
++ Smallest FDR q [22 UnhealthyGtRest_GLT_Fstat] = 6.76723e-14
++ Smallest FDR q [24 UnhealthyPmod_GLT#0_Tstat] = 0.000314802
++ Smallest FDR q [25 UnhealthyPmod_GLT_Fstat] = 0.000314806
[7m*+ WARNING:[0m Smallest FDR q [27 HealthyGtUnhealthy_GLT#0_Tstat] = 0.106817 ==> few true single voxel detections
[7m*+ WARNING:[0m Smallest FDR q [28 HealthyGtUnhealthy_GLT_Fstat] = 0.106812 ==> few true single voxel detections
++ Smallest FDR q [30 HealthyGtUnhealthyPmod_GLT#0_Tstat] = 0.0421871
++ Smallest FDR q [31 HealthyGtUnhealthyPmod_GLT_Fstat] = 0.0420702
++ Wrote bucket dataset into ./CHIVES1048_2CondPmod_stats+tlrc.BRIK
 + created 21 FDR curves in bucket header
++ Wrote 3D+time dataset into ./CHIVES1048_2CondPmod+tlrc.BRIK
++ Wrote 3D+time dataset into ./CHIVES1048_2CondPmod+tlrc.BRIK
++ Program finished; elapsed time=35.680
++ 3dREMLfit: AFNI version=AFNI_18.2.04 (Jul  6 2018) [64-bit]
++ Authored by: RWCox
** AFNI converts NIFTI_datatype=4 (INT16) in file /projects/sanlab/shared/CHIVES/bids_data/derivatives/fmriprep/sub-CHIVES1048/ses-wave1/func/s6_sub-CHIVES1048_ses-wave1_task-money_bold_space-MNI152NLin2009cAsym_preproc.nii to FLOAT32
     Warnings of this type will be muted for this session.
     Set AFNI_NIFTI_TYPE_WARN to YES to see them all, NO to see none.
++ Number of voxels in mask = 267366
++ Number of OpenMP threads = 15
++ -----  matrix condition (357x15):  5.34987  ++ VERY GOOD ++
++ Loading input dataset into memory
++ Converting input dataset to vector image
 +  dataset = 1.5 billion [giga] bytes
 +  vectim  = 383 million [mega] bytes
++ starting REML setup calculations; total CPU=0.00 Elapsed=4.12
 + X matrix: 89.655% of elements are nonzero
 + starting 15 OpenMP threads for REML setup
 + REML setup finished: matrix rows=357 cols=15; 109*1 cases; total CPU=0.00 Elapsed=4.13
 +  average case bandwidth = 13.00
++ REML voxel loop: [15 threads]0123456789.012
 + ARMA voxel parameters estimated: total CPU=0.00 Elapsed=21.17
++ GLSQ loop:0123456789.0123456789.0123456789.0123456789.0123456789.
 + GLSQ regression done: total CPU=0.00 Elapsed=55.20
++ Output dataset ./CHIVES1048_2CondPmod_stats_REMLvar+tlrc.BRIK
++ Output dataset ./CHIVES1048_2CondPmod_REML+tlrc.BRIK
[7m** ERROR:[0m output dataset name 'CHIVES1048_2CondPmod_REML' conflicts with existing file
[7m** ERROR:[0m dataset NOT written to disk!
++ creating FDR curves in dataset CHIVES1048_2CondPmod_stats_REML+tlrc
++ Smallest FDR q [0 Full_Fstat] = 1.81663e-14
++ Smallest FDR q [2 HealthyPmod#0_Tstat] = 1.66774e-13
[7m*+ WARNING:[0m Smallest FDR q [4 HealthyPmod#1_Tstat] = 0.999877 ==> few true single voxel detections
++ Smallest FDR q [5 HealthyPmod_Fstat] = 2.33004e-13
++ Smallest FDR q [7 UnhealthyPmod#0_Tstat] = 1.7467e-13
[7m*+ WARNING:[0m Smallest FDR q [9 UnhealthyPmod#1_Tstat] = 0.124246 ==> few true single voxel detections
++ Smallest FDR q [10 UnhealthyPmod_Fstat] = 2.4206e-13
++ Smallest FDR q [12 BidsNMiss#0_Tstat] = 5.79554e-14
++ Smallest FDR q [13 BidsNMiss_Fstat] = 5.79554e-14
++ Smallest FDR q [15 HealthyGtRest#0_Tstat] = 1.66774e-13
++ Smallest FDR q [16 HealthyGtRest_Fstat] = 1.66774e-13
[7m*+ WARNING:[0m Smallest FDR q [18 HealthyPmod#0_Tstat] = 0.999877 ==> few true single voxel detections
[7m*+ WARNING:[0m Smallest FDR q [19 HealthyPmod_Fstat] = 0.999877 ==> few true single voxel detections
++ Smallest FDR q [21 UnhealthyGtRest#0_Tstat] = 1.7467e-13
++ Smallest FDR q [22 UnhealthyGtRest_Fstat] = 1.7467e-13
[7m*+ WARNING:[0m Smallest FDR q [24 UnhealthyPmod#0_Tstat] = 0.124246 ==> few true single voxel detections
[7m*+ WARNING:[0m Smallest FDR q [25 UnhealthyPmod_Fstat] = 0.124246 ==> few true single voxel detections
[7m*+ WARNING:[0m Smallest FDR q [27 HealthyGtUnhealthy#0_Tstat] = 0.999826 ==> few true single voxel detections
[7m*+ WARNING:[0m Smallest FDR q [28 HealthyGtUnhealthy_Fstat] = 0.999826 ==> few true single voxel detections
[7m*+ WARNING:[0m Smallest FDR q [30 HealthyGtUnhealthyPmod#0_Tstat] = 0.999884 ==> few true single voxel detections
[7m*+ WARNING:[0m Smallest FDR q [31 HealthyGtUnhealthyPmod_Fstat] = 0.999884 ==> few true single voxel detections
 + Added 21 FDR curves to dataset CHIVES1048_2CondPmod_stats_REML+tlrc
++ Output dataset ./CHIVES1048_2CondPmod_stats_REML+tlrc.BRIK
 + unloading input dataset and REML matrices
++ 3dREMLfit is all done! total CPU=0.00 Elapsed=84.77
** AFNI converts NIFTI_datatype=4 (INT16) in file /projects/sanlab/shared/CHIVES/bids_data/derivatives/fmriprep/sub-CHIVES1048/ses-wave1/func/s6_sub-CHIVES1048_ses-wave1_task-money_bold_space-MNI152NLin2009cAsym_preproc.nii to FLOAT32
     Warnings of this type will be muted for this session.
     Set AFNI_NIFTI_TYPE_WARN to YES to see them all, NO to see none.
++ '-stim_times_AM1 3 /projects/sanlab/shared/CHIVES/CHIVES_WTP_scripts/behavioral/money/afni_timing_files/CHIVES1048/BidOnsDur.1D' has 1 auxiliary values per time point
++ '-stim_times_AM1 3': basis function model 'dmBLOCK(1)' uses 1 parameters,
    out of the 1 found in timing file '/projects/sanlab/shared/CHIVES/CHIVES_WTP_scripts/behavioral/money/afni_timing_files/CHIVES1048/BidOnsDur.1D'
++ 3dDeconvolve extending num_stimts from 3 to 7 due to -ortvec
++ 3dDeconvolve: AFNI version=AFNI_18.2.04 (Jul  6 2018) [64-bit]
++ Authored by: B. Douglas Ward, et al.
++ current memory malloc-ated = 265,657 bytes (about 266 thousand [kilo])
++ loading dataset /projects/sanlab/shared/CHIVES/bids_data/derivatives/fmriprep/sub-CHIVES1048/ses-wave1/func/s6_sub-CHIVES1048_ses-wave1_task-money_bold_space-MNI152NLin2009cAsym_preproc.nii
++ current memory malloc-ated = 1,545,414,517 bytes (about 1.5 billion [giga])
++ forcibly using TR=2.0000 seconds for -input dataset
++ Skipping check for initial transients
++ Imaging duration=714.0 s; Automatic polort=5
++ -stim_times using TR=2 s for stimulus timing conversion
++ -stim_times using TR=2 s for any -iresp output datasets
++  [you can alter the -iresp TR via the -TR_times option]
++ ** -stim_times NOTE ** guessing GLOBAL times if 1 time per line; LOCAL otherwise
++ ** GUESSED ** -stim_times 1 using LOCAL times
++ ** GUESSED ** -stim_times 2 using LOCAL times
++ ** GUESSED ** -stim_times_AM1 3 using LOCAL times
------------------------------------------------------------
GLT matrix from 'SYM: Healthy':
   0   0   0   0   0   0   1   0   0   0   0   0   0 
 
------------------------------------------------------------
GLT matrix from 'SYM: Unhealthy':
   0   0   0   0   0   0   0   1   0   0   0   0   0 
 
------------------------------------------------------------
GLT matrix from 'SYM: Healthy -Unhealthy':
   0   0   0   0   0   0   1  -1   0   0   0   0   0 
 
++ Number of time points: 357 (no censoring)
 + Number of parameters:  13 [10 baseline ; 3 signal]
++ total shared memory needed = 3,172,526,620 bytes (about 3.2 billion [giga])
++ current memory malloc-ated = 1,546,542,489 bytes (about 1.5 billion [giga])
++ mmap() memory allocated: 3,172,526,620 bytes (about 3.2 billion [giga])
++ Memory required for output bricks = 3,172,526,620 bytes (about 3.2 billion [giga])
++ Wrote matrix values to file CHIVES1048_2Cond_xmat.1D
++ ========= Things you can do with the matrix file =========
++ (a) Linear regression with ARMA(1,1) modeling of serial correlation:

3dREMLfit -matrix CHIVES1048_2Cond_xmat.1D -input /projects/sanlab/shared/CHIVES/bids_data/derivatives/fmriprep/sub-CHIVES1048/ses-wave1/func/s6_sub-CHIVES1048_ses-wave1_task-money_bold_space-MNI152NLin2009cAsym_preproc.nii \
 -mask /projects/sanlab/shared/CHIVES/bids_data/derivatives/fmriprep/sub-CHIVES1048/ses-wave1/func/sub-CHIVES1048_ses-wave1_task-money_bold_space-MNI152NLin2009cAsym_brainmask.nii.gz \
 -fout -tout -Rbuck CHIVES1048_2Cond_stats_REML -Rvar CHIVES1048_2Cond_stats_REMLvar \
 -Rfitts CHIVES1048_2Cond_REML -Rerrts CHIVES1048_2Cond_REML -verb
 
++ N.B.: 3dREMLfit command above written to file CHIVES1048_2Cond_stats.REML_cmd
++ (b) Visualization/analysis of the matrix via ExamineXmat.R
++ (c) Synthesis of sub-model datasets using 3dSynthesize
++ ==========================================================
++ Wrote matrix values to file CHIVES1048_2Cond_uncensor_xmat.1D
++ ----- Signal+Baseline matrix condition [X] (357x13):  5.32844  ++ VERY GOOD ++
++ ----- Signal-only matrix condition [X] (357x3):  1.59468  ++ VERY GOOD ++
++ ----- Baseline-only matrix condition [X] (357x10):  5.28733  ++ VERY GOOD ++
++ ----- stim_base-only matrix condition [X] (357x4):  1.55215  ++ VERY GOOD ++
++ ----- polort-only matrix condition [X] (357x6):  1.01526  ++ VERY GOOD ++
++ +++++ Matrix inverse average error = 4.14737e-15  ++ VERY GOOD ++
++ Matrix setup time = 0.02 s
++ Voxels in dataset: 1082035
++ Voxels in mask:    267366
++ Voxels per job:    13368
++ Job #1: processing voxels 183772 to 240629; elapsed time=4.226
++ Job #2: processing voxels 240630 to 286390; elapsed time=4.245
++ Job #3: processing voxels 286391 to 325971; elapsed time=4.266
++ Job #4: processing voxels 325972 to 354003; elapsed time=4.287
++ Job #5: processing voxels 354004 to 384327; elapsed time=4.308
++ Job #6: processing voxels 384328 to 410573; elapsed time=4.330
++ Job #7: processing voxels 410574 to 439528; elapsed time=4.351
++ Job #8: processing voxels 439529 to 465089; elapsed time=4.388
++ Job #9: processing voxels 465090 to 494234; elapsed time=4.412
++ Job #10: processing voxels 494235 to 519965; elapsed time=4.440
++ Job #11: processing voxels 519966 to 549858; elapsed time=4.461
++ Job #12: processing voxels 549859 to 576337; elapsed time=4.486
++ Job #13: processing voxels 576338 to 607477; elapsed time=4.510
++ Job #14: processing voxels 607478 to 639661; elapsed time=4.535
++ Job #15: processing voxels 639662 to 673125; elapsed time=4.566
++ Job #16: processing voxels 673126 to 708171; elapsed time=4.606
++ Job #17: processing voxels 708172 to 751216; elapsed time=4.647
++ Job #18: processing voxels 751217 to 799152; elapsed time=4.679
++ Job #0: processing voxels 0 to 183771; elapsed time=4.713
++ voxel loop:0123456789.012++ Job #19: processing voxels 799153 to 1082034; elapsed time=4.730
3456789.0123456789.0123456++ Job #1 finished; elapsed time=5.208
789.012++ Job #5 finished; elapsed time=5.367
++ Job #2 finished; elapsed time=5.391
3++ Job #4 finished; elapsed time=5.432
++ Job #3 finished; elapsed time=5.433
456++ Job #10 finished; elapsed time=5.564
78++ Job #8 finished; elapsed time=5.597
++ Job #7 finished; elapsed time=5.604
++ Job #9 finished; elapsed time=5.605
++ Job #13 finished; elapsed time=5.619
++ Job #11 finished; elapsed time=5.624
++ Job #12 finished; elapsed time=5.628
++ Job #6 finished; elapsed time=5.652
9.
++ Job #0 waiting for children to finish; elapsed time=5.665
++ Job #18 finished; elapsed time=5.678
++ Job #15 finished; elapsed time=5.715
++ Job #19 finished; elapsed time=5.721
++ Job #16 finished; elapsed time=5.730
++ Job #17 finished; elapsed time=5.752
++ Job #14 finished; elapsed time=5.877
++ Job #0 now finishing up; elapsed time=5.897
++ Smallest FDR q [0 Full_Fstat] = 7.99261e-15
++ Smallest FDR q [2 Healthy#0_Tstat] = 5.23676e-14
++ Smallest FDR q [3 Healthy_Fstat] = 5.23693e-14
++ Smallest FDR q [5 Unhealthy#0_Tstat] = 6.7898e-14
++ Smallest FDR q [6 Unhealthy_Fstat] = 6.78999e-14
++ Smallest FDR q [8 BidsNMiss#0_Tstat] = 2.66589e-14
++ Smallest FDR q [9 BidsNMiss_Fstat] = 2.66571e-14
++ Smallest FDR q [11 HealthyGtRest_GLT#0_Tstat] = 5.23676e-14
++ Smallest FDR q [12 HealthyGtRest_GLT_Fstat] = 5.23684e-14
++ Smallest FDR q [14 UnhealthyGtRest_GLT#0_Tstat] = 6.7898e-14
++ Smallest FDR q [15 UnhealthyGtRest_GLT_Fstat] = 6.79009e-14
[7m*+ WARNING:[0m Smallest FDR q [17 HealthyGtUnhealthy_GLT#0_Tstat] = 0.111151 ==> few true single voxel detections
[7m*+ WARNING:[0m Smallest FDR q [18 HealthyGtUnhealthy_GLT_Fstat] = 0.111142 ==> few true single voxel detections
++ Wrote bucket dataset into ./CHIVES1048_2Cond_stats+tlrc.BRIK
 + created 13 FDR curves in bucket header
++ Wrote 3D+time dataset into ./CHIVES1048_2Cond+tlrc.BRIK
++ Wrote 3D+time dataset into ./CHIVES1048_2Cond+tlrc.BRIK
++ Program finished; elapsed time=23.761
++ 3dREMLfit: AFNI version=AFNI_18.2.04 (Jul  6 2018) [64-bit]
++ Authored by: RWCox
** AFNI converts NIFTI_datatype=4 (INT16) in file /projects/sanlab/shared/CHIVES/bids_data/derivatives/fmriprep/sub-CHIVES1048/ses-wave1/func/s6_sub-CHIVES1048_ses-wave1_task-money_bold_space-MNI152NLin2009cAsym_preproc.nii to FLOAT32
     Warnings of this type will be muted for this session.
     Set AFNI_NIFTI_TYPE_WARN to YES to see them all, NO to see none.
++ Number of voxels in mask = 267366
++ Number of OpenMP threads = 15
++ -----  matrix condition (357x13):  5.32844  ++ VERY GOOD ++
++ Loading input dataset into memory
++ Converting input dataset to vector image
 +  dataset = 1.5 billion [giga] bytes
 +  vectim  = 383 million [mega] bytes
++ starting REML setup calculations; total CPU=0.00 Elapsed=4.32
 + X matrix: 94.268% of elements are nonzero
 + starting 15 OpenMP threads for REML setup
 + REML setup finished: matrix rows=357 cols=13; 109*1 cases; total CPU=0.00 Elapsed=4.33
 +  average case bandwidth = 13.00
++ REML voxel loop: [15 threads]0123456789.012
 + ARMA voxel parameters estimated: total CPU=0.00 Elapsed=21.27
++ GLSQ loop:0123456789.0123456789.0123456789.0123456789.0123456789.
 + GLSQ regression done: total CPU=0.00 Elapsed=48.41
++ Output dataset ./CHIVES1048_2Cond_stats_REMLvar+tlrc.BRIK
++ Output dataset ./CHIVES1048_2Cond_REML+tlrc.BRIK
[7m** ERROR:[0m output dataset name 'CHIVES1048_2Cond_REML' conflicts with existing file
[7m** ERROR:[0m dataset NOT written to disk!
++ creating FDR curves in dataset CHIVES1048_2Cond_stats_REML+tlrc
++ Smallest FDR q [0 Full_Fstat] = 1.38471e-14
++ Smallest FDR q [2 Healthy#0_Tstat] = 1.71157e-13
++ Smallest FDR q [3 Healthy_Fstat] = 1.71156e-13
++ Smallest FDR q [5 Unhealthy#0_Tstat] = 1.74813e-13
++ Smallest FDR q [6 Unhealthy_Fstat] = 1.74813e-13
++ Smallest FDR q [8 BidsNMiss#0_Tstat] = 5.69654e-14
++ Smallest FDR q [9 BidsNMiss_Fstat] = 5.69654e-14
++ Smallest FDR q [11 HealthyGtRest#0_Tstat] = 1.71157e-13
++ Smallest FDR q [12 HealthyGtRest_Fstat] = 1.71156e-13
++ Smallest FDR q [14 UnhealthyGtRest#0_Tstat] = 1.74813e-13
++ Smallest FDR q [15 UnhealthyGtRest_Fstat] = 1.74813e-13
[7m*+ WARNING:[0m Smallest FDR q [17 HealthyGtUnhealthy#0_Tstat] = 0.999709 ==> few true single voxel detections
[7m*+ WARNING:[0m Smallest FDR q [18 HealthyGtUnhealthy_Fstat] = 0.999709 ==> few true single voxel detections
 + Added 13 FDR curves to dataset CHIVES1048_2Cond_stats_REML+tlrc
++ Output dataset ./CHIVES1048_2Cond_stats_REML+tlrc.BRIK
 + unloading input dataset and REML matrices
++ 3dREMLfit is all done! total CPU=0.00 Elapsed=66.51
