++ '-stim_times_AM2 1 /projects/sanlab/shared/CHIVES/CHIVES_WTP_scripts/behavioral/money/afni_timing_files/CHIVES1091/AllCondsPmod.1D' has 1 auxiliary values per time point
++ '-stim_times_AM2 1 /projects/sanlab/shared/CHIVES/CHIVES_WTP_scripts/behavioral/money/afni_timing_files/CHIVES1091/AllCondsPmod.1D' will have 2 regressors
++ '-stim_times_AM1 2 /projects/sanlab/shared/CHIVES/CHIVES_WTP_scripts/behavioral/money/afni_timing_files/CHIVES1091/BidOnsDur.1D' has 1 auxiliary values per time point
++ '-stim_times_AM1 2': basis function model 'dmBLOCK(1)' uses 1 parameters,
    out of the 1 found in timing file '/projects/sanlab/shared/CHIVES/CHIVES_WTP_scripts/behavioral/money/afni_timing_files/CHIVES1091/BidOnsDur.1D'
++ 3dDeconvolve extending num_stimts from 2 to 6 due to -ortvec
++ 3dDeconvolve: AFNI version=AFNI_18.2.04 (Jul  6 2018) [64-bit]
++ Authored by: B. Douglas Ward, et al.
++ current memory malloc-ated = 258,225 bytes (about 258 thousand [kilo])
++ loading dataset /projects/sanlab/shared/CHIVES/bids_data/derivatives/fmriprep/sub-CHIVES1091/ses-wave1/func/s6_sub-CHIVES1091_ses-wave1_task-money_bold_space-MNI152NLin2009cAsym_preproc.nii
++ current memory malloc-ated = 261,041 bytes (about 261 thousand [kilo])
++ forcibly using TR=2.0000 seconds for -input dataset
++ Skipping check for initial transients
++ Imaging duration=698.0 s; Automatic polort=5
++ -stim_times using TR=2 s for stimulus timing conversion
++ -stim_times using TR=2 s for any -iresp output datasets
++  [you can alter the -iresp TR via the -TR_times option]
++ ** -stim_times NOTE ** guessing GLOBAL times if 1 time per line; LOCAL otherwise
++ ** GUESSED ** -stim_times_AM2 1 using LOCAL times
++ '-stim_times_AM2 1' average amplitude#1=0.336364
++ ** GUESSED ** -stim_times_AM1 2 using LOCAL times
------------------------------------------------------------
GLT matrix from 'SYM: AllConds[0]':
   0   0   0   0   0   0   1   0   0   0   0   0   0 
 
------------------------------------------------------------
GLT matrix from 'SYM: AllConds[1]':
   0   0   0   0   0   0   0   1   0   0   0   0   0 
 
++ Number of time points: 349 (before censor) ; 332 (after)
 + Number of parameters:  13 [10 baseline ; 3 signal]
++ total shared memory needed = 3,085,963,820 bytes (about 3.1 billion [giga])
++ current memory malloc-ated = 1,388,502 bytes (about 1.4 million [mega])
++ mmap() memory allocated: 3,085,963,820 bytes (about 3.1 billion [giga])
++ Memory required for output bricks = 3,085,963,820 bytes (about 3.1 billion [giga])
++ Wrote matrix values to file CHIVES1091_AllCondPmod_xmat.1D
++ ========= Things you can do with the matrix file =========
++ (a) Linear regression with ARMA(1,1) modeling of serial correlation:

3dREMLfit -matrix CHIVES1091_AllCondPmod_xmat.1D -input /projects/sanlab/shared/CHIVES/bids_data/derivatives/fmriprep/sub-CHIVES1091/ses-wave1/func/s6_sub-CHIVES1091_ses-wave1_task-money_bold_space-MNI152NLin2009cAsym_preproc.nii \
 -mask /projects/sanlab/shared/CHIVES/bids_data/derivatives/fmriprep/sub-CHIVES1091/ses-wave1/func/sub-CHIVES1091_ses-wave1_task-money_bold_space-MNI152NLin2009cAsym_brainmask.nii.gz \
 -fout -tout -Rbuck CHIVES1091_AllCondPmod_stats_REML -Rvar CHIVES1091_AllCondPmod_stats_REMLvar \
 -Rfitts CHIVES1091_AllCondPmod_REML -Rerrts CHIVES1091_AllCondPmod_REML -verb
 
++ N.B.: 3dREMLfit command above written to file CHIVES1091_AllCondPmod_stats.REML_cmd
++ (b) Visualization/analysis of the matrix via ExamineXmat.R
++ (c) Synthesis of sub-model datasets using 3dSynthesize
++ ==========================================================
++ Wrote matrix values to file CHIVES1091_AllCondPmod_uncensor_xmat.1D
++ ----- Signal+Baseline matrix condition [X] (332x13):  3.19844  ++ VERY GOOD ++
++ ----- Signal-only matrix condition [X] (332x3):  1.52517  ++ VERY GOOD ++
++ ----- Baseline-only matrix condition [X] (332x10):  3.09951  ++ VERY GOOD ++
++ ----- stim_base-only matrix condition [X] (332x4):  1.28991  ++ VERY GOOD ++
++ ----- polort-only matrix condition [X] (332x6):  1.03055  ++ VERY GOOD ++
++ +++++ Matrix inverse average error = 1.56762e-15  ++ VERY GOOD ++
++ Matrix setup time = 0.01 s
++ Voxels in dataset: 1082035
++ Voxels in mask:    268029
++ Voxels per job:    13401
++ Job #1: processing voxels 192693 to 248951; elapsed time=3.618
++ Job #2: processing voxels 248952 to 294230; elapsed time=3.634
++ Job #3: processing voxels 294231 to 329191; elapsed time=3.650
++ Job #4: processing voxels 329192 to 361172; elapsed time=3.667
++ Job #5: processing voxels 361173 to 388154; elapsed time=3.684
++ Job #6: processing voxels 388155 to 417809; elapsed time=3.701
++ Job #7: processing voxels 417810 to 444024; elapsed time=3.720
++ Job #8: processing voxels 444025 to 473223; elapsed time=3.737
++ Job #9: processing voxels 473224 to 499100; elapsed time=3.756
++ Job #10: processing voxels 499101 to 528579; elapsed time=3.774
++ Job #11: processing voxels 528580 to 554801; elapsed time=3.793
++ Job #12: processing voxels 554802 to 585323; elapsed time=3.812
++ Job #13: processing voxels 585324 to 616673; elapsed time=3.832
++ Job #14: processing voxels 616674 to 644890; elapsed time=3.859
++ Job #15: processing voxels 644891 to 677997; elapsed time=3.871
++ Job #16: processing voxels 677998 to 717626; elapsed time=3.890
++ Job #17: processing voxels 717627 to 755093; elapsed time=3.935
++ Job #18: processing voxels 755094 to 808744; elapsed time=3.964
++ Job #19: processing voxels 808745 to 1082034; elapsed time=3.977
++ Job #0: processing voxels 0 to 192692; elapsed time=3.987
++ voxel loop:0123456789.0123456789.0123456789.0123456789.01++ Job #1 finished; elapsed time=4.462
++ Job #3 finished; elapsed time=4.470
23++ Job #8 finished; elapsed time=4.483
++ Job #5 finished; elapsed time=4.484
++ Job #6 finished; elapsed time=4.484
++ Job #7 finished; elapsed time=4.512
++ Job #10 finished; elapsed time=4.521
++ Job #9 finished; elapsed time=4.537
4++ Job #11 finished; elapsed time=4.573
56++ Job #13 finished; elapsed time=4.616
++ Job #12 finished; elapsed time=4.625
++ Job #14 finished; elapsed time=4.645
7++ Job #2 finished; elapsed time=4.685
++ Job #4 finished; elapsed time=4.690
89.
++ Job #0 waiting for children to finish; elapsed time=4.715
++ Job #19 finished; elapsed time=4.861
++ Job #16 finished; elapsed time=4.863
++ Job #15 finished; elapsed time=4.891
++ Job #17 finished; elapsed time=4.958
++ Job #18 finished; elapsed time=4.976
++ Job #0 now finishing up; elapsed time=4.986
++ Smallest FDR q [0 Full_Fstat] = 1.74137e-14
++ Smallest FDR q [2 AllConds#0_Tstat] = 1.43764e-13
++ Smallest FDR q [4 AllConds#1_Tstat] = 8.54484e-08
++ Smallest FDR q [5 AllConds_Fstat] = 1.44448e-13
++ Smallest FDR q [7 BidsNMiss#0_Tstat] = 6.17231e-14
++ Smallest FDR q [8 BidsNMiss_Fstat] = 6.1721e-14
++ Smallest FDR q [10 CondGtRest_GLT#0_Tstat] = 1.43764e-13
++ Smallest FDR q [11 CondGtRest_GLT_Fstat] = 1.43772e-13
++ Smallest FDR q [13 Pmod_GLT#0_Tstat] = 8.54484e-08
++ Smallest FDR q [14 Pmod_GLT_Fstat] = 8.54486e-08
++ Wrote bucket dataset into ./CHIVES1091_AllCondPmod_stats+tlrc.BRIK
 + created 10 FDR curves in bucket header
++ Wrote 3D+time dataset into ./CHIVES1091_AllCondPmod+tlrc.BRIK
++ Wrote 3D+time dataset into ./CHIVES1091_AllCondPmod+tlrc.BRIK
++ Program finished; elapsed time=19.596
++ 3dREMLfit: AFNI version=AFNI_18.2.04 (Jul  6 2018) [64-bit]
++ Authored by: RWCox
++ Number of voxels in mask = 268029
++ Number of OpenMP threads = 15
++ -----  matrix condition (332x13):  3.19844  ++ VERY GOOD ++
++ Loading input dataset into memory
++ Converting input dataset to vector image
 +  dataset = 1.5 billion [giga] bytes
 +  vectim  = 375 million [mega] bytes
++ starting REML setup calculations; total CPU=0.00 Elapsed=3.63
 + X matrix: 99.027% of elements are nonzero
 + starting 15 OpenMP threads for REML setup
 + REML setup finished: matrix rows=332 cols=13; 109*1 cases; total CPU=0.00 Elapsed=3.64
 +  average case bandwidth = 12.40
++ REML voxel loop: [15 threads]0123456789.012
 + ARMA voxel parameters estimated: total CPU=0.00 Elapsed=18.97
++ GLSQ loop:0123456789.0123456789.0123456789.0123456789.0123456789.
 + GLSQ regression done: total CPU=0.00 Elapsed=40.28
++ Output dataset ./CHIVES1091_AllCondPmod_stats_REMLvar+tlrc.BRIK
++ Output dataset ./CHIVES1091_AllCondPmod_REML+tlrc.BRIK
[7m** ERROR:[0m output dataset name 'CHIVES1091_AllCondPmod_REML' conflicts with existing file
[7m** ERROR:[0m dataset NOT written to disk!
++ creating FDR curves in dataset CHIVES1091_AllCondPmod_stats_REML+tlrc
++ Smallest FDR q [0 Full_Fstat] = 3.32874e-14
++ Smallest FDR q [2 AllConds#0_Tstat] = 2.38896e-13
++ Smallest FDR q [4 AllConds#1_Tstat] = 0.0292962
++ Smallest FDR q [5 AllConds_Fstat] = 3.21492e-13
++ Smallest FDR q [7 BidsNMiss#0_Tstat] = 9.68869e-14
++ Smallest FDR q [8 BidsNMiss_Fstat] = 9.68869e-14
++ Smallest FDR q [10 CondGtRest#0_Tstat] = 2.38896e-13
++ Smallest FDR q [11 CondGtRest_Fstat] = 2.38896e-13
++ Smallest FDR q [13 Pmod#0_Tstat] = 0.0292962
++ Smallest FDR q [14 Pmod_Fstat] = 0.0292964
 + Added 10 FDR curves to dataset CHIVES1091_AllCondPmod_stats_REML+tlrc
++ Output dataset ./CHIVES1091_AllCondPmod_stats_REML+tlrc.BRIK
 + unloading input dataset and REML matrices
++ 3dREMLfit is all done! total CPU=0.00 Elapsed=55.12
++ '-stim_times_AM2 1 /projects/sanlab/shared/CHIVES/CHIVES_WTP_scripts/behavioral/money/afni_timing_files/CHIVES1091/HealthyPmod.1D' has 1 auxiliary values per time point
++ '-stim_times_AM2 1 /projects/sanlab/shared/CHIVES/CHIVES_WTP_scripts/behavioral/money/afni_timing_files/CHIVES1091/HealthyPmod.1D' will have 2 regressors
++ '-stim_times_AM2 2 /projects/sanlab/shared/CHIVES/CHIVES_WTP_scripts/behavioral/money/afni_timing_files/CHIVES1091/UnhealthyPmod.1D' has 1 auxiliary values per time point
++ '-stim_times_AM2 2 /projects/sanlab/shared/CHIVES/CHIVES_WTP_scripts/behavioral/money/afni_timing_files/CHIVES1091/UnhealthyPmod.1D' will have 2 regressors
++ '-stim_times_AM1 3 /projects/sanlab/shared/CHIVES/CHIVES_WTP_scripts/behavioral/money/afni_timing_files/CHIVES1091/BidOnsDur.1D' has 1 auxiliary values per time point
++ '-stim_times_AM1 3': basis function model 'dmBLOCK(1)' uses 1 parameters,
    out of the 1 found in timing file '/projects/sanlab/shared/CHIVES/CHIVES_WTP_scripts/behavioral/money/afni_timing_files/CHIVES1091/BidOnsDur.1D'
++ 3dDeconvolve extending num_stimts from 3 to 7 due to -ortvec
++ 3dDeconvolve: AFNI version=AFNI_18.2.04 (Jul  6 2018) [64-bit]
++ Authored by: B. Douglas Ward, et al.
++ current memory malloc-ated = 285,491 bytes (about 285 thousand [kilo])
++ loading dataset /projects/sanlab/shared/CHIVES/bids_data/derivatives/fmriprep/sub-CHIVES1091/ses-wave1/func/s6_sub-CHIVES1091_ses-wave1_task-money_bold_space-MNI152NLin2009cAsym_preproc.nii
++ current memory malloc-ated = 288,307 bytes (about 288 thousand [kilo])
++ forcibly using TR=2.0000 seconds for -input dataset
++ Skipping check for initial transients
++ Imaging duration=698.0 s; Automatic polort=5
++ -stim_times using TR=2 s for stimulus timing conversion
++ -stim_times using TR=2 s for any -iresp output datasets
++  [you can alter the -iresp TR via the -TR_times option]
++ ** -stim_times NOTE ** guessing GLOBAL times if 1 time per line; LOCAL otherwise
++ ** GUESSED ** -stim_times_AM2 1 using LOCAL times
++ '-stim_times_AM2 1' average amplitude#1=0.692308
++ ** GUESSED ** -stim_times_AM2 2 using LOCAL times
++ '-stim_times_AM2 2' average amplitude#1=0.0172414
++ ** GUESSED ** -stim_times_AM1 3 using LOCAL times
------------------------------------------------------------
GLT matrix from 'SYM: HealthyPmod[0]':
   0   0   0   0   0   0   1   0   0   0   0   0   0   0   0 
 
------------------------------------------------------------
GLT matrix from 'SYM: HealthyPmod[1]':
   0   0   0   0   0   0   0   1   0   0   0   0   0   0   0 
 
------------------------------------------------------------
GLT matrix from 'SYM: UnhealthyPmod[0]':
   0   0   0   0   0   0   0   0   1   0   0   0   0   0   0 
 
------------------------------------------------------------
GLT matrix from 'SYM: UnhealthyPmod[1]':
   0   0   0   0   0   0   0   0   0   1   0   0   0   0   0 
 
------------------------------------------------------------
GLT matrix from 'SYM: HealthyPmod[0] -UnhealthyPmod[0]':
   0   0   0   0   0   0   1   0  -1   0   0   0   0   0   0 
 
------------------------------------------------------------
GLT matrix from 'SYM: HealthyPmod[1] -UnhealthyPmod[1]':
   0   0   0   0   0   0   0   1   0  -1   0   0   0   0   0 
 
++ Number of time points: 349 (before censor) ; 332 (after)
 + Number of parameters:  15 [10 baseline ; 5 signal]
++ total shared memory needed = 3,159,542,200 bytes (about 3.2 billion [giga])
++ current memory malloc-ated = 1,420,272 bytes (about 1.4 million [mega])
++ mmap() memory allocated: 3,159,542,200 bytes (about 3.2 billion [giga])
++ Memory required for output bricks = 3,159,542,200 bytes (about 3.2 billion [giga])
++ Wrote matrix values to file CHIVES1091_2CondPmod_xmat.1D
++ ========= Things you can do with the matrix file =========
++ (a) Linear regression with ARMA(1,1) modeling of serial correlation:

3dREMLfit -matrix CHIVES1091_2CondPmod_xmat.1D -input /projects/sanlab/shared/CHIVES/bids_data/derivatives/fmriprep/sub-CHIVES1091/ses-wave1/func/s6_sub-CHIVES1091_ses-wave1_task-money_bold_space-MNI152NLin2009cAsym_preproc.nii \
 -mask /projects/sanlab/shared/CHIVES/bids_data/derivatives/fmriprep/sub-CHIVES1091/ses-wave1/func/sub-CHIVES1091_ses-wave1_task-money_bold_space-MNI152NLin2009cAsym_brainmask.nii.gz \
 -fout -tout -Rbuck CHIVES1091_2CondPmod_stats_REML -Rvar CHIVES1091_2CondPmod_stats_REMLvar \
 -Rfitts CHIVES1091_2CondPmod_REML -Rerrts CHIVES1091_2CondPmod_REML -verb
 
++ N.B.: 3dREMLfit command above written to file CHIVES1091_2CondPmod_stats.REML_cmd
++ (b) Visualization/analysis of the matrix via ExamineXmat.R
++ (c) Synthesis of sub-model datasets using 3dSynthesize
++ ==========================================================
++ Wrote matrix values to file CHIVES1091_2CondPmod_uncensor_xmat.1D
++ ----- Signal+Baseline matrix condition [X] (332x15):  3.27895  ++ VERY GOOD ++
++ ----- Signal-only matrix condition [X] (332x5):  1.52764  ++ VERY GOOD ++
++ ----- Baseline-only matrix condition [X] (332x10):  3.09951  ++ VERY GOOD ++
++ ----- stim_base-only matrix condition [X] (332x4):  1.28991  ++ VERY GOOD ++
++ ----- polort-only matrix condition [X] (332x6):  1.03055  ++ VERY GOOD ++
++ +++++ Matrix inverse average error = 1.41108e-15  ++ VERY GOOD ++
++ Matrix setup time = 0.02 s
++ Voxels in dataset: 1082035
++ Voxels in mask:    268029
++ Voxels per job:    13401
++ Job #1: processing voxels 192693 to 248951; elapsed time=3.528
++ Job #2: processing voxels 248952 to 294230; elapsed time=3.544
++ Job #3: processing voxels 294231 to 329191; elapsed time=3.560
++ Job #4: processing voxels 329192 to 361172; elapsed time=3.576
++ Job #5: processing voxels 361173 to 388154; elapsed time=3.594
++ Job #6: processing voxels 388155 to 417809; elapsed time=3.610
++ Job #7: processing voxels 417810 to 444024; elapsed time=3.628
++ Job #8: processing voxels 444025 to 473223; elapsed time=3.645
++ Job #9: processing voxels 473224 to 499100; elapsed time=3.663
++ Job #10: processing voxels 499101 to 528579; elapsed time=3.681
++ Job #11: processing voxels 528580 to 554801; elapsed time=3.699
++ Job #12: processing voxels 554802 to 585323; elapsed time=3.718
++ Job #13: processing voxels 585324 to 616673; elapsed time=3.751
++ Job #14: processing voxels 616674 to 644890; elapsed time=3.756
++ Job #15: processing voxels 644891 to 677997; elapsed time=3.775
++ Job #16: processing voxels 677998 to 717626; elapsed time=3.809
++ Job #17: processing voxels 717627 to 755093; elapsed time=3.815
++ Job #18: processing voxels 755094 to 808744; elapsed time=3.849
++ Job #0: processing voxels 0 to 192692; elapsed time=3.865
++ voxel loop:0123456789.01++ Job #19: processing voxels 808745 to 1082034; elapsed time=3.869
23456789.0123456789.0123456789.0123++ Job #2 finished; elapsed time=4.598
++ Job #4 finished; elapsed time=4.621
++ Job #6 finished; elapsed time=4.652
4++ Job #8 finished; elapsed time=4.680
++ Job #5 finished; elapsed time=4.680
5++ Job #7 finished; elapsed time=4.706
6++ Job #10 finished; elapsed time=4.721
++ Job #9 finished; elapsed time=4.730
++ Job #3 finished; elapsed time=4.755
++ Job #12 finished; elapsed time=4.758
++ Job #14 finished; elapsed time=4.792
++ Job #15 finished; elapsed time=4.820
++ Job #13 finished; elapsed time=4.830
78++ Job #17 finished; elapsed time=4.865
++ Job #1 finished; elapsed time=4.875
9.
++ Job #0 waiting for children to finish; elapsed time=4.896
++ Job #11 finished; elapsed time=4.953
++ Job #18 finished; elapsed time=5.107
++ Job #16 finished; elapsed time=5.138
++ Job #19 finished; elapsed time=5.147
++ Job #0 now finishing up; elapsed time=5.159
++ Smallest FDR q [0 Full_Fstat] = 2.37663e-14
++ Smallest FDR q [2 HealthyPmod#0_Tstat] = 2.30404e-13
++ Smallest FDR q [4 HealthyPmod#1_Tstat] = 0.0179479
++ Smallest FDR q [5 HealthyPmod_Fstat] = 3.43765e-13
++ Smallest FDR q [7 UnhealthyPmod#0_Tstat] = 1.22256e-12
[7m*+ WARNING:[0m Smallest FDR q [9 UnhealthyPmod#1_Tstat] = 0.999897 ==> few true single voxel detections
++ Smallest FDR q [10 UnhealthyPmod_Fstat] = 2.01246e-12
++ Smallest FDR q [12 BidsNMiss#0_Tstat] = 6.21186e-14
++ Smallest FDR q [13 BidsNMiss_Fstat] = 6.21193e-14
++ Smallest FDR q [15 HealthyGtRest_GLT#0_Tstat] = 2.30404e-13
++ Smallest FDR q [16 HealthyGtRest_GLT_Fstat] = 2.30404e-13
++ Smallest FDR q [18 HealthyPmod_GLT#0_Tstat] = 0.0179479
++ Smallest FDR q [19 HealthyPmod_GLT_Fstat] = 0.0179477
++ Smallest FDR q [21 UnhealthyGtRest_GLT#0_Tstat] = 1.22256e-12
++ Smallest FDR q [22 UnhealthyGtRest_GLT_Fstat] = 1.22258e-12
[7m*+ WARNING:[0m Smallest FDR q [24 UnhealthyPmod_GLT#0_Tstat] = 0.999897 ==> few true single voxel detections
[7m*+ WARNING:[0m Smallest FDR q [25 UnhealthyPmod_GLT_Fstat] = 0.996533 ==> few true single voxel detections
++ Smallest FDR q [27 HealthyGtUnhealthy_GLT#0_Tstat] = 1.05295e-07
++ Smallest FDR q [28 HealthyGtUnhealthy_GLT_Fstat] = 1.05292e-07
[7m*+ WARNING:[0m Smallest FDR q [30 HealthyGtUnhealthyPmod_GLT#0_Tstat] = 0.999877 ==> few true single voxel detections
[7m*+ WARNING:[0m Smallest FDR q [31 HealthyGtUnhealthyPmod_GLT_Fstat] = 0.996532 ==> few true single voxel detections
++ Wrote bucket dataset into ./CHIVES1091_2CondPmod_stats+tlrc.BRIK
 + created 21 FDR curves in bucket header
++ Wrote 3D+time dataset into ./CHIVES1091_2CondPmod+tlrc.BRIK
++ Wrote 3D+time dataset into ./CHIVES1091_2CondPmod+tlrc.BRIK
++ Program finished; elapsed time=33.317
++ 3dREMLfit: AFNI version=AFNI_18.2.04 (Jul  6 2018) [64-bit]
++ Authored by: RWCox
++ Number of voxels in mask = 268029
++ Number of OpenMP threads = 15
++ -----  matrix condition (332x15):  3.27895  ++ VERY GOOD ++
++ Loading input dataset into memory
++ Converting input dataset to vector image
 +  dataset = 1.5 billion [giga] bytes
 +  vectim  = 375 million [mega] bytes
++ starting REML setup calculations; total CPU=0.00 Elapsed=3.63
 + X matrix: 89.438% of elements are nonzero
 + starting 15 OpenMP threads for REML setup
 + REML setup finished: matrix rows=332 cols=15; 109*1 cases; total CPU=0.00 Elapsed=3.64
 +  average case bandwidth = 12.40
++ REML voxel loop: [15 threads]0123456789.012
 + ARMA voxel parameters estimated: total CPU=0.00 Elapsed=19.39
++ GLSQ loop:0123456789.0123456789.0123456789.0123456789.0123456789.
 + GLSQ regression done: total CPU=0.00 Elapsed=51.59
++ Output dataset ./CHIVES1091_2CondPmod_stats_REMLvar+tlrc.BRIK
++ Output dataset ./CHIVES1091_2CondPmod_REML+tlrc.BRIK
[7m** ERROR:[0m output dataset name 'CHIVES1091_2CondPmod_REML' conflicts with existing file
[7m** ERROR:[0m dataset NOT written to disk!
++ creating FDR curves in dataset CHIVES1091_2CondPmod_stats_REML+tlrc
++ Smallest FDR q [0 Full_Fstat] = 5.23602e-14
++ Smallest FDR q [2 HealthyPmod#0_Tstat] = 8.26258e-13
[7m*+ WARNING:[0m Smallest FDR q [4 HealthyPmod#1_Tstat] = 0.32776 ==> few true single voxel detections
++ Smallest FDR q [5 HealthyPmod_Fstat] = 1.43134e-12
++ Smallest FDR q [7 UnhealthyPmod#0_Tstat] = 2.872e-12
[7m*+ WARNING:[0m Smallest FDR q [9 UnhealthyPmod#1_Tstat] = 0.999888 ==> few true single voxel detections
++ Smallest FDR q [10 UnhealthyPmod_Fstat] = 5.82068e-12
++ Smallest FDR q [12 BidsNMiss#0_Tstat] = 9.74435e-14
++ Smallest FDR q [13 BidsNMiss_Fstat] = 9.74435e-14
++ Smallest FDR q [15 HealthyGtRest#0_Tstat] = 8.26258e-13
++ Smallest FDR q [16 HealthyGtRest_Fstat] = 8.26255e-13
[7m*+ WARNING:[0m Smallest FDR q [18 HealthyPmod#0_Tstat] = 0.32776 ==> few true single voxel detections
[7m*+ WARNING:[0m Smallest FDR q [19 HealthyPmod_Fstat] = 0.32776 ==> few true single voxel detections
++ Smallest FDR q [21 UnhealthyGtRest#0_Tstat] = 2.872e-12
++ Smallest FDR q [22 UnhealthyGtRest_Fstat] = 2.872e-12
[7m*+ WARNING:[0m Smallest FDR q [24 UnhealthyPmod#0_Tstat] = 0.999888 ==> few true single voxel detections
[7m*+ WARNING:[0m Smallest FDR q [25 UnhealthyPmod_Fstat] = 0.999888 ==> few true single voxel detections
++ Smallest FDR q [27 HealthyGtUnhealthy#0_Tstat] = 0.0040096
++ Smallest FDR q [28 HealthyGtUnhealthy_Fstat] = 0.0040096
[7m*+ WARNING:[0m Smallest FDR q [30 HealthyGtUnhealthyPmod#0_Tstat] = 0.999876 ==> few true single voxel detections
[7m*+ WARNING:[0m Smallest FDR q [31 HealthyGtUnhealthyPmod_Fstat] = 0.999876 ==> few true single voxel detections
 + Added 21 FDR curves to dataset CHIVES1091_2CondPmod_stats_REML+tlrc
++ Output dataset ./CHIVES1091_2CondPmod_stats_REML+tlrc.BRIK
 + unloading input dataset and REML matrices
++ 3dREMLfit is all done! total CPU=0.00 Elapsed=79.18
++ '-stim_times_AM1 3 /projects/sanlab/shared/CHIVES/CHIVES_WTP_scripts/behavioral/money/afni_timing_files/CHIVES1091/BidOnsDur.1D' has 1 auxiliary values per time point
++ '-stim_times_AM1 3': basis function model 'dmBLOCK(1)' uses 1 parameters,
    out of the 1 found in timing file '/projects/sanlab/shared/CHIVES/CHIVES_WTP_scripts/behavioral/money/afni_timing_files/CHIVES1091/BidOnsDur.1D'
++ 3dDeconvolve extending num_stimts from 3 to 7 due to -ortvec
++ 3dDeconvolve: AFNI version=AFNI_18.2.04 (Jul  6 2018) [64-bit]
++ Authored by: B. Douglas Ward, et al.
++ current memory malloc-ated = 269,267 bytes (about 269 thousand [kilo])
++ loading dataset /projects/sanlab/shared/CHIVES/bids_data/derivatives/fmriprep/sub-CHIVES1091/ses-wave1/func/s6_sub-CHIVES1091_ses-wave1_task-money_bold_space-MNI152NLin2009cAsym_preproc.nii
++ current memory malloc-ated = 272,083 bytes (about 272 thousand [kilo])
++ forcibly using TR=2.0000 seconds for -input dataset
++ Skipping check for initial transients
++ Imaging duration=698.0 s; Automatic polort=5
++ -stim_times using TR=2 s for stimulus timing conversion
++ -stim_times using TR=2 s for any -iresp output datasets
++  [you can alter the -iresp TR via the -TR_times option]
++ ** -stim_times NOTE ** guessing GLOBAL times if 1 time per line; LOCAL otherwise
++ ** GUESSED ** -stim_times 1 using LOCAL times
++ ** GUESSED ** -stim_times 2 using LOCAL times
++ ** GUESSED ** -stim_times_AM1 3 using LOCAL times
------------------------------------------------------------
GLT matrix from 'SYM: Healthy':
   0   0   0   0   0   0   1   0   0   0   0   0   0 
 
------------------------------------------------------------
GLT matrix from 'SYM: Unhealthy':
   0   0   0   0   0   0   0   1   0   0   0   0   0 
 
------------------------------------------------------------
GLT matrix from 'SYM: Healthy -Unhealthy':
   0   0   0   0   0   0   1  -1   0   0   0   0   0 
 
++ Number of time points: 349 (before censor) ; 332 (after)
 + Number of parameters:  13 [10 baseline ; 3 signal]
++ total shared memory needed = 3,103,276,380 bytes (about 3.1 billion [giga])
++ current memory malloc-ated = 1,399,582 bytes (about 1.4 million [mega])
++ mmap() memory allocated: 3,103,276,380 bytes (about 3.1 billion [giga])
++ Memory required for output bricks = 3,103,276,380 bytes (about 3.1 billion [giga])
++ Wrote matrix values to file CHIVES1091_2Cond_xmat.1D
++ ========= Things you can do with the matrix file =========
++ (a) Linear regression with ARMA(1,1) modeling of serial correlation:

3dREMLfit -matrix CHIVES1091_2Cond_xmat.1D -input /projects/sanlab/shared/CHIVES/bids_data/derivatives/fmriprep/sub-CHIVES1091/ses-wave1/func/s6_sub-CHIVES1091_ses-wave1_task-money_bold_space-MNI152NLin2009cAsym_preproc.nii \
 -mask /projects/sanlab/shared/CHIVES/bids_data/derivatives/fmriprep/sub-CHIVES1091/ses-wave1/func/sub-CHIVES1091_ses-wave1_task-money_bold_space-MNI152NLin2009cAsym_brainmask.nii.gz \
 -fout -tout -Rbuck CHIVES1091_2Cond_stats_REML -Rvar CHIVES1091_2Cond_stats_REMLvar \
 -Rfitts CHIVES1091_2Cond_REML -Rerrts CHIVES1091_2Cond_REML -verb
 
++ N.B.: 3dREMLfit command above written to file CHIVES1091_2Cond_stats.REML_cmd
++ (b) Visualization/analysis of the matrix via ExamineXmat.R
++ (c) Synthesis of sub-model datasets using 3dSynthesize
++ ==========================================================
++ Wrote matrix values to file CHIVES1091_2Cond_uncensor_xmat.1D
++ ----- Signal+Baseline matrix condition [X] (332x13):  3.2014  ++ VERY GOOD ++
++ ----- Signal-only matrix condition [X] (332x3):  1.52595  ++ VERY GOOD ++
++ ----- Baseline-only matrix condition [X] (332x10):  3.09951  ++ VERY GOOD ++
++ ----- stim_base-only matrix condition [X] (332x4):  1.28991  ++ VERY GOOD ++
++ ----- polort-only matrix condition [X] (332x6):  1.03055  ++ VERY GOOD ++
++ +++++ Matrix inverse average error = 1.36766e-15  ++ VERY GOOD ++
++ Matrix setup time = 0.01 s
++ Voxels in dataset: 1082035
++ Voxels in mask:    268029
++ Voxels per job:    13401
++ Job #1: processing voxels 192693 to 248951; elapsed time=3.573
++ Job #2: processing voxels 248952 to 294230; elapsed time=3.589
++ Job #3: processing voxels 294231 to 329191; elapsed time=3.605
++ Job #4: processing voxels 329192 to 361172; elapsed time=3.621
++ Job #5: processing voxels 361173 to 388154; elapsed time=3.638
++ Job #6: processing voxels 388155 to 417809; elapsed time=3.655
++ Job #7: processing voxels 417810 to 444024; elapsed time=3.672
++ Job #8: processing voxels 444025 to 473223; elapsed time=3.689
++ Job #9: processing voxels 473224 to 499100; elapsed time=3.708
++ Job #10: processing voxels 499101 to 528579; elapsed time=3.726
++ Job #11: processing voxels 528580 to 554801; elapsed time=3.745
++ Job #12: processing voxels 554802 to 585323; elapsed time=3.763
++ Job #13: processing voxels 585324 to 616673; elapsed time=3.793
++ Job #14: processing voxels 616674 to 644890; elapsed time=3.803
++ Job #15: processing voxels 644891 to 677997; elapsed time=3.836
++ Job #16: processing voxels 677998 to 717626; elapsed time=3.856
++ Job #17: processing voxels 717627 to 755093; elapsed time=3.876
++ Job #18: processing voxels 755094 to 808744; elapsed time=3.896
++ Job #19: processing voxels 808745 to 1082034; elapsed time=3.902
++ Job #0: processing voxels 0 to 192692; elapsed time=3.912
++ voxel loop:0123456789.0123456789.0123456789.0123456789.0++ Job #2 finished; elapsed time=4.429
1++ Job #4 finished; elapsed time=4.453
23++ Job #6 finished; elapsed time=4.483
++ Job #5 finished; elapsed time=4.512
++ Job #8 finished; elapsed time=4.514
++ Job #7 finished; elapsed time=4.540
4++ Job #10 finished; elapsed time=4.554
++ Job #9 finished; elapsed time=4.566
56++ Job #11 finished; elapsed time=4.588
++ Job #12 finished; elapsed time=4.591
++ Job #13 finished; elapsed time=4.629
++ Job #14 finished; elapsed time=4.634
789.
++ Job #0 waiting for children to finish; elapsed time=4.729
++ Job #19 finished; elapsed time=4.763
++ Job #1 finished; elapsed time=4.786
++ Job #3 finished; elapsed time=4.826
++ Job #15 finished; elapsed time=5.033
++ Job #17 finished; elapsed time=5.058
++ Job #16 finished; elapsed time=5.080
++ Job #18 finished; elapsed time=5.085
++ Job #0 now finishing up; elapsed time=5.098
++ Smallest FDR q [0 Full_Fstat] = 1.80721e-14
++ Smallest FDR q [2 Healthy#0_Tstat] = 2.43773e-13
++ Smallest FDR q [3 Healthy_Fstat] = 2.43769e-13
++ Smallest FDR q [5 Unhealthy#0_Tstat] = 1.19464e-12
++ Smallest FDR q [6 Unhealthy_Fstat] = 1.19459e-12
++ Smallest FDR q [8 BidsNMiss#0_Tstat] = 6.14062e-14
++ Smallest FDR q [9 BidsNMiss_Fstat] = 6.14053e-14
++ Smallest FDR q [11 HealthyGtRest_GLT#0_Tstat] = 2.43773e-13
++ Smallest FDR q [12 HealthyGtRest_GLT_Fstat] = 2.43772e-13
++ Smallest FDR q [14 UnhealthyGtRest_GLT#0_Tstat] = 1.19464e-12
++ Smallest FDR q [15 UnhealthyGtRest_GLT_Fstat] = 1.19459e-12
++ Smallest FDR q [17 HealthyGtUnhealthy_GLT#0_Tstat] = 3.4036e-07
++ Smallest FDR q [18 HealthyGtUnhealthy_GLT_Fstat] = 3.40365e-07
++ Wrote bucket dataset into ./CHIVES1091_2Cond_stats+tlrc.BRIK
 + created 13 FDR curves in bucket header
++ Wrote 3D+time dataset into ./CHIVES1091_2Cond+tlrc.BRIK
++ Wrote 3D+time dataset into ./CHIVES1091_2Cond+tlrc.BRIK
++ Program finished; elapsed time=22.999
++ 3dREMLfit: AFNI version=AFNI_18.2.04 (Jul  6 2018) [64-bit]
++ Authored by: RWCox
++ Number of voxels in mask = 268029
++ Number of OpenMP threads = 15
++ -----  matrix condition (332x13):  3.2014  ++ VERY GOOD ++
++ Loading input dataset into memory
++ Converting input dataset to vector image
 +  dataset = 1.5 billion [giga] bytes
 +  vectim  = 375 million [mega] bytes
++ starting REML setup calculations; total CPU=0.00 Elapsed=3.65
 + X matrix: 93.860% of elements are nonzero
 + starting 15 OpenMP threads for REML setup
 + REML setup finished: matrix rows=332 cols=13; 109*1 cases; total CPU=0.00 Elapsed=3.66
 +  average case bandwidth = 12.40
++ REML voxel loop: [15 threads]0123456789.012
 + ARMA voxel parameters estimated: total CPU=0.00 Elapsed=18.74
++ GLSQ loop:0123456789.0123456789.0123456789.0123456789.0123456789.
 + GLSQ regression done: total CPU=0.00 Elapsed=43.65
++ Output dataset ./CHIVES1091_2Cond_stats_REMLvar+tlrc.BRIK
++ Output dataset ./CHIVES1091_2Cond_REML+tlrc.BRIK
[7m** ERROR:[0m output dataset name 'CHIVES1091_2Cond_REML' conflicts with existing file
[7m** ERROR:[0m dataset NOT written to disk!
++ creating FDR curves in dataset CHIVES1091_2Cond_stats_REML+tlrc
++ Smallest FDR q [0 Full_Fstat] = 3.38206e-14
++ Smallest FDR q [2 Healthy#0_Tstat] = 8.18207e-13
++ Smallest FDR q [3 Healthy_Fstat] = 8.18207e-13
++ Smallest FDR q [5 Unhealthy#0_Tstat] = 2.7187e-12
++ Smallest FDR q [6 Unhealthy_Fstat] = 2.7187e-12
++ Smallest FDR q [8 BidsNMiss#0_Tstat] = 9.66548e-14
++ Smallest FDR q [9 BidsNMiss_Fstat] = 9.66548e-14
++ Smallest FDR q [11 HealthyGtRest#0_Tstat] = 8.18207e-13
++ Smallest FDR q [12 HealthyGtRest_Fstat] = 8.18207e-13
++ Smallest FDR q [14 UnhealthyGtRest#0_Tstat] = 2.7187e-12
++ Smallest FDR q [15 UnhealthyGtRest_Fstat] = 2.7187e-12
++ Smallest FDR q [17 HealthyGtUnhealthy#0_Tstat] = 0.00559714
++ Smallest FDR q [18 HealthyGtUnhealthy_Fstat] = 0.00559713
 + Added 13 FDR curves to dataset CHIVES1091_2Cond_stats_REML+tlrc
++ Output dataset ./CHIVES1091_2Cond_stats_REML+tlrc.BRIK
 + unloading input dataset and REML matrices
++ 3dREMLfit is all done! total CPU=0.00 Elapsed=61.63
