** AFNI converts NIFTI_datatype=4 (INT16) in file /projects/sanlab/shared/CHIVES/bids_data/derivatives/fmriprep/sub-CHIVES1083/ses-wave1/func/s6_sub-CHIVES1083_ses-wave1_task-money_bold_space-MNI152NLin2009cAsym_preproc.nii to FLOAT32
     Warnings of this type will be muted for this session.
     Set AFNI_NIFTI_TYPE_WARN to YES to see them all, NO to see none.
++ '-stim_times_AM2 1 /projects/sanlab/shared/CHIVES/CHIVES_WTP_scripts/behavioral/money/afni_timing_files/CHIVES1083/AllCondsPmod.1D' has 1 auxiliary values per time point
++ '-stim_times_AM2 1 /projects/sanlab/shared/CHIVES/CHIVES_WTP_scripts/behavioral/money/afni_timing_files/CHIVES1083/AllCondsPmod.1D' will have 2 regressors
++ '-stim_times_AM1 2 /projects/sanlab/shared/CHIVES/CHIVES_WTP_scripts/behavioral/money/afni_timing_files/CHIVES1083/BidOnsDur.1D' has 1 auxiliary values per time point
++ '-stim_times_AM1 2': basis function model 'dmBLOCK(1)' uses 1 parameters,
    out of the 1 found in timing file '/projects/sanlab/shared/CHIVES/CHIVES_WTP_scripts/behavioral/money/afni_timing_files/CHIVES1083/BidOnsDur.1D'
++ 3dDeconvolve extending num_stimts from 2 to 6 due to -ortvec
++ 3dDeconvolve: AFNI version=AFNI_18.2.04 (Jul  6 2018) [64-bit]
++ Authored by: B. Douglas Ward, et al.
++ current memory malloc-ated = 254,635 bytes (about 255 thousand [kilo])
++ loading dataset /projects/sanlab/shared/CHIVES/bids_data/derivatives/fmriprep/sub-CHIVES1083/ses-wave1/func/s6_sub-CHIVES1083_ses-wave1_task-money_bold_space-MNI152NLin2009cAsym_preproc.nii
++ current memory malloc-ated = 1,545,403,495 bytes (about 1.5 billion [giga])
++ forcibly using TR=2.0000 seconds for -input dataset
++ Skipping check for initial transients
++ Imaging duration=714.0 s; Automatic polort=5
++ -stim_times using TR=2 s for stimulus timing conversion
++ -stim_times using TR=2 s for any -iresp output datasets
++  [you can alter the -iresp TR via the -TR_times option]
++ ** -stim_times NOTE ** guessing GLOBAL times if 1 time per line; LOCAL otherwise
++ ** GUESSED ** -stim_times_AM2 1 using LOCAL times
++ '-stim_times_AM2 1' average amplitude#1=0.6
++ ** GUESSED ** -stim_times_AM1 2 using LOCAL times
------------------------------------------------------------
GLT matrix from 'SYM: AllConds[0]':
   0   0   0   0   0   0   1   0   0   0   0   0   0 
 
------------------------------------------------------------
GLT matrix from 'SYM: AllConds[1]':
   0   0   0   0   0   0   0   1   0   0   0   0   0 
 
++ Number of time points: 357 (no censoring)
 + Number of parameters:  13 [10 baseline ; 3 signal]
++ total shared memory needed = 3,155,214,060 bytes (about 3.2 billion [giga])
++ current memory malloc-ated = 1,546,531,429 bytes (about 1.5 billion [giga])
++ mmap() memory allocated: 3,155,214,060 bytes (about 3.2 billion [giga])
++ Memory required for output bricks = 3,155,214,060 bytes (about 3.2 billion [giga])
++ Wrote matrix values to file CHIVES1083_AllCondPmod_xmat.1D
++ ========= Things you can do with the matrix file =========
++ (a) Linear regression with ARMA(1,1) modeling of serial correlation:

3dREMLfit -matrix CHIVES1083_AllCondPmod_xmat.1D -input /projects/sanlab/shared/CHIVES/bids_data/derivatives/fmriprep/sub-CHIVES1083/ses-wave1/func/s6_sub-CHIVES1083_ses-wave1_task-money_bold_space-MNI152NLin2009cAsym_preproc.nii \
 -mask /projects/sanlab/shared/CHIVES/bids_data/derivatives/fmriprep/sub-CHIVES1083/ses-wave1/func/sub-CHIVES1083_ses-wave1_task-money_bold_space-MNI152NLin2009cAsym_brainmask.nii.gz \
 -fout -tout -Rbuck CHIVES1083_AllCondPmod_stats_REML -Rvar CHIVES1083_AllCondPmod_stats_REMLvar \
 -Rfitts CHIVES1083_AllCondPmod_REML -Rerrts CHIVES1083_AllCondPmod_REML -verb
 
++ N.B.: 3dREMLfit command above written to file CHIVES1083_AllCondPmod_stats.REML_cmd
++ (b) Visualization/analysis of the matrix via ExamineXmat.R
++ (c) Synthesis of sub-model datasets using 3dSynthesize
++ ==========================================================
++ Wrote matrix values to file CHIVES1083_AllCondPmod_uncensor_xmat.1D
++ ----- Signal+Baseline matrix condition [X] (357x13):  3.42018  ++ VERY GOOD ++
++ ----- Signal-only matrix condition [X] (357x3):  1.6278  ++ VERY GOOD ++
++ ----- Baseline-only matrix condition [X] (357x10):  3.38112  ++ VERY GOOD ++
++ ----- stim_base-only matrix condition [X] (357x4):  1.50709  ++ VERY GOOD ++
++ ----- polort-only matrix condition [X] (357x6):  1.01526  ++ VERY GOOD ++
++ +++++ Matrix inverse average error = 3.41734e-15  ++ VERY GOOD ++
++ Matrix setup time = 0.01 s
++ Voxels in dataset: 1082035
++ Voxels in mask:    266488
++ Voxels per job:    13324
++ Job #1: processing voxels 183387 to 247977; elapsed time=4.761
++ Job #2: processing voxels 247978 to 288042; elapsed time=4.781
++ Job #3: processing voxels 288043 to 326732; elapsed time=4.802
++ Job #4: processing voxels 326733 to 354385; elapsed time=4.822
++ Job #5: processing voxels 354386 to 384473; elapsed time=4.843
++ Job #6: processing voxels 384474 to 410767; elapsed time=4.864
++ Job #7: processing voxels 410768 to 439776; elapsed time=4.887
++ Job #8: processing voxels 439777 to 465468; elapsed time=4.909
++ Job #9: processing voxels 465469 to 494569; elapsed time=4.932
++ Job #10: processing voxels 494570 to 520256; elapsed time=4.955
++ Job #11: processing voxels 520257 to 550138; elapsed time=4.978
++ Job #12: processing voxels 550139 to 576626; elapsed time=5.002
++ Job #13: processing voxels 576627 to 607784; elapsed time=5.039
++ Job #14: processing voxels 607785 to 640068; elapsed time=5.050
++ Job #15: processing voxels 640069 to 673541; elapsed time=5.074
++ Job #16: processing voxels 673542 to 708634; elapsed time=5.112
++ Job #17: processing voxels 708635 to 751778; elapsed time=5.123
++ Job #18: processing voxels 751779 to 805927; elapsed time=5.161
++ Job #19: processing voxels 805928 to 1082034; elapsed time=5.172
++ Job #0: processing voxels 0 to 183386; elapsed time=5.182
++ voxel loop:0123456789.0123456789.0123456789.0123456++ Job #2 finished; elapsed time=5.576
789.++ Job #4 finished; elapsed time=5.614
++ Job #6 finished; elapsed time=5.655
++ Job #5 finished; elapsed time=5.671
012++ Job #8 finished; elapsed time=5.699
++ Job #7 finished; elapsed time=5.712
++ Job #9 finished; elapsed time=5.746
++ Job #10 finished; elapsed time=5.748
345++ Job #12 finished; elapsed time=5.790
++ Job #14 finished; elapsed time=5.842
6++ Job #15 finished; elapsed time=5.860
78++ Job #11 finished; elapsed time=5.894
++ Job #1 finished; elapsed time=5.911
++ Job #17 finished; elapsed time=5.919
++ Job #3 finished; elapsed time=5.924
++ Job #13 finished; elapsed time=5.931
9.
++ Job #0 waiting for children to finish; elapsed time=5.957
++ Job #19 finished; elapsed time=5.991
++ Job #16 finished; elapsed time=6.207
++ Job #18 finished; elapsed time=6.270
++ Job #0 now finishing up; elapsed time=6.287
++ Smallest FDR q [0 Full_Fstat] = 3.3594e-15
++ Smallest FDR q [2 AllConds#0_Tstat] = 1.38302e-14
++ Smallest FDR q [4 AllConds#1_Tstat] = 5.80261e-11
++ Smallest FDR q [5 AllConds_Fstat] = 1.19334e-14
++ Smallest FDR q [7 BidsNMiss#0_Tstat] = 9.38447e-15
++ Smallest FDR q [8 BidsNMiss_Fstat] = 9.38267e-15
++ Smallest FDR q [10 CondGtRest_GLT#0_Tstat] = 1.38302e-14
++ Smallest FDR q [11 CondGtRest_GLT_Fstat] = 1.3827e-14
++ Smallest FDR q [13 Pmod_GLT#0_Tstat] = 5.80261e-11
++ Smallest FDR q [14 Pmod_GLT_Fstat] = 5.80261e-11
++ Wrote bucket dataset into ./CHIVES1083_AllCondPmod_stats+tlrc.BRIK
 + created 10 FDR curves in bucket header
++ Wrote 3D+time dataset into ./CHIVES1083_AllCondPmod+tlrc.BRIK
++ Wrote 3D+time dataset into ./CHIVES1083_AllCondPmod+tlrc.BRIK
++ Program finished; elapsed time=21.734
++ 3dREMLfit: AFNI version=AFNI_18.2.04 (Jul  6 2018) [64-bit]
++ Authored by: RWCox
** AFNI converts NIFTI_datatype=4 (INT16) in file /projects/sanlab/shared/CHIVES/bids_data/derivatives/fmriprep/sub-CHIVES1083/ses-wave1/func/s6_sub-CHIVES1083_ses-wave1_task-money_bold_space-MNI152NLin2009cAsym_preproc.nii to FLOAT32
     Warnings of this type will be muted for this session.
     Set AFNI_NIFTI_TYPE_WARN to YES to see them all, NO to see none.
++ Number of voxels in mask = 266488
++ Number of OpenMP threads = 15
++ -----  matrix condition (357x13):  3.42018  ++ VERY GOOD ++
++ Loading input dataset into memory
++ Converting input dataset to vector image
 +  dataset = 1.5 billion [giga] bytes
 +  vectim  = 382 million [mega] bytes
++ starting REML setup calculations; total CPU=0.00 Elapsed=4.19
 + X matrix: 99.569% of elements are nonzero
 + starting 15 OpenMP threads for REML setup
 + REML setup finished: matrix rows=357 cols=13; 109*1 cases; total CPU=0.00 Elapsed=4.22
 +  average case bandwidth = 13.00
++ REML voxel loop: [15 threads]0123456789.012
 + ARMA voxel parameters estimated: total CPU=0.00 Elapsed=20.56
++ GLSQ loop:0123456789.0123456789.0123456789.0123456789.0123456789.
 + GLSQ regression done: total CPU=0.00 Elapsed=44.81
++ Output dataset ./CHIVES1083_AllCondPmod_stats_REMLvar+tlrc.BRIK
++ Output dataset ./CHIVES1083_AllCondPmod_REML+tlrc.BRIK
[7m** ERROR:[0m output dataset name 'CHIVES1083_AllCondPmod_REML' conflicts with existing file
[7m** ERROR:[0m dataset NOT written to disk!
++ creating FDR curves in dataset CHIVES1083_AllCondPmod_stats_REML+tlrc
++ Smallest FDR q [0 Full_Fstat] = 4.88572e-15
++ Smallest FDR q [2 AllConds#0_Tstat] = 2.33337e-14
++ Smallest FDR q [4 AllConds#1_Tstat] = 1.40695e-06
++ Smallest FDR q [5 AllConds_Fstat] = 2.48173e-14
++ Smallest FDR q [7 BidsNMiss#0_Tstat] = 1.26967e-14
++ Smallest FDR q [8 BidsNMiss_Fstat] = 1.26967e-14
++ Smallest FDR q [10 CondGtRest#0_Tstat] = 2.33337e-14
++ Smallest FDR q [11 CondGtRest_Fstat] = 2.33337e-14
++ Smallest FDR q [13 Pmod#0_Tstat] = 1.40695e-06
++ Smallest FDR q [14 Pmod_Fstat] = 1.40695e-06
 + Added 10 FDR curves to dataset CHIVES1083_AllCondPmod_stats_REML+tlrc
++ Output dataset ./CHIVES1083_AllCondPmod_stats_REML+tlrc.BRIK
 + unloading input dataset and REML matrices
++ 3dREMLfit is all done! total CPU=0.00 Elapsed=60.60
** AFNI converts NIFTI_datatype=4 (INT16) in file /projects/sanlab/shared/CHIVES/bids_data/derivatives/fmriprep/sub-CHIVES1083/ses-wave1/func/s6_sub-CHIVES1083_ses-wave1_task-money_bold_space-MNI152NLin2009cAsym_preproc.nii to FLOAT32
     Warnings of this type will be muted for this session.
     Set AFNI_NIFTI_TYPE_WARN to YES to see them all, NO to see none.
++ '-stim_times_AM2 1 /projects/sanlab/shared/CHIVES/CHIVES_WTP_scripts/behavioral/money/afni_timing_files/CHIVES1083/HealthyPmod.1D' has 1 auxiliary values per time point
++ '-stim_times_AM2 1 /projects/sanlab/shared/CHIVES/CHIVES_WTP_scripts/behavioral/money/afni_timing_files/CHIVES1083/HealthyPmod.1D' will have 2 regressors
++ '-stim_times_AM2 2 /projects/sanlab/shared/CHIVES/CHIVES_WTP_scripts/behavioral/money/afni_timing_files/CHIVES1083/UnhealthyPmod.1D' has 1 auxiliary values per time point
++ '-stim_times_AM2 2 /projects/sanlab/shared/CHIVES/CHIVES_WTP_scripts/behavioral/money/afni_timing_files/CHIVES1083/UnhealthyPmod.1D' will have 2 regressors
++ '-stim_times_AM1 3 /projects/sanlab/shared/CHIVES/CHIVES_WTP_scripts/behavioral/money/afni_timing_files/CHIVES1083/BidOnsDur.1D' has 1 auxiliary values per time point
++ '-stim_times_AM1 3': basis function model 'dmBLOCK(1)' uses 1 parameters,
    out of the 1 found in timing file '/projects/sanlab/shared/CHIVES/CHIVES_WTP_scripts/behavioral/money/afni_timing_files/CHIVES1083/BidOnsDur.1D'
++ 3dDeconvolve extending num_stimts from 3 to 7 due to -ortvec
++ 3dDeconvolve: AFNI version=AFNI_18.2.04 (Jul  6 2018) [64-bit]
++ Authored by: B. Douglas Ward, et al.
++ current memory malloc-ated = 281,901 bytes (about 282 thousand [kilo])
++ loading dataset /projects/sanlab/shared/CHIVES/bids_data/derivatives/fmriprep/sub-CHIVES1083/ses-wave1/func/s6_sub-CHIVES1083_ses-wave1_task-money_bold_space-MNI152NLin2009cAsym_preproc.nii
++ current memory malloc-ated = 1,545,430,761 bytes (about 1.5 billion [giga])
++ forcibly using TR=2.0000 seconds for -input dataset
++ Skipping check for initial transients
++ Imaging duration=714.0 s; Automatic polort=5
++ -stim_times using TR=2 s for stimulus timing conversion
++ -stim_times using TR=2 s for any -iresp output datasets
++  [you can alter the -iresp TR via the -TR_times option]
++ ** -stim_times NOTE ** guessing GLOBAL times if 1 time per line; LOCAL otherwise
++ ** GUESSED ** -stim_times_AM2 1 using LOCAL times
++ '-stim_times_AM2 1' average amplitude#1=0.666667
++ ** GUESSED ** -stim_times_AM2 2 using LOCAL times
++ '-stim_times_AM2 2' average amplitude#1=0.533333
++ ** GUESSED ** -stim_times_AM1 3 using LOCAL times
------------------------------------------------------------
GLT matrix from 'SYM: HealthyPmod[0]':
   0   0   0   0   0   0   1   0   0   0   0   0   0   0   0 
 
------------------------------------------------------------
GLT matrix from 'SYM: HealthyPmod[1]':
   0   0   0   0   0   0   0   1   0   0   0   0   0   0   0 
 
------------------------------------------------------------
GLT matrix from 'SYM: UnhealthyPmod[0]':
   0   0   0   0   0   0   0   0   1   0   0   0   0   0   0 
 
------------------------------------------------------------
GLT matrix from 'SYM: UnhealthyPmod[1]':
   0   0   0   0   0   0   0   0   0   1   0   0   0   0   0 
 
------------------------------------------------------------
GLT matrix from 'SYM: HealthyPmod[0] -UnhealthyPmod[0]':
   0   0   0   0   0   0   1   0  -1   0   0   0   0   0   0 
 
------------------------------------------------------------
GLT matrix from 'SYM: HealthyPmod[1] -UnhealthyPmod[1]':
   0   0   0   0   0   0   0   1   0  -1   0   0   0   0   0 
 
++ Number of time points: 357 (no censoring)
 + Number of parameters:  15 [10 baseline ; 5 signal]
++ total shared memory needed = 3,228,792,440 bytes (about 3.2 billion [giga])
++ current memory malloc-ated = 1,546,563,263 bytes (about 1.5 billion [giga])
++ mmap() memory allocated: 3,228,792,440 bytes (about 3.2 billion [giga])
++ Memory required for output bricks = 3,228,792,440 bytes (about 3.2 billion [giga])
++ Wrote matrix values to file CHIVES1083_2CondPmod_xmat.1D
++ ========= Things you can do with the matrix file =========
++ (a) Linear regression with ARMA(1,1) modeling of serial correlation:

3dREMLfit -matrix CHIVES1083_2CondPmod_xmat.1D -input /projects/sanlab/shared/CHIVES/bids_data/derivatives/fmriprep/sub-CHIVES1083/ses-wave1/func/s6_sub-CHIVES1083_ses-wave1_task-money_bold_space-MNI152NLin2009cAsym_preproc.nii \
 -mask /projects/sanlab/shared/CHIVES/bids_data/derivatives/fmriprep/sub-CHIVES1083/ses-wave1/func/sub-CHIVES1083_ses-wave1_task-money_bold_space-MNI152NLin2009cAsym_brainmask.nii.gz \
 -fout -tout -Rbuck CHIVES1083_2CondPmod_stats_REML -Rvar CHIVES1083_2CondPmod_stats_REMLvar \
 -Rfitts CHIVES1083_2CondPmod_REML -Rerrts CHIVES1083_2CondPmod_REML -verb
 
++ N.B.: 3dREMLfit command above written to file CHIVES1083_2CondPmod_stats.REML_cmd
++ (b) Visualization/analysis of the matrix via ExamineXmat.R
++ (c) Synthesis of sub-model datasets using 3dSynthesize
++ ==========================================================
++ Wrote matrix values to file CHIVES1083_2CondPmod_uncensor_xmat.1D
++ ----- Signal+Baseline matrix condition [X] (357x15):  3.43651  ++ VERY GOOD ++
++ ----- Signal-only matrix condition [X] (357x5):  1.6279  ++ VERY GOOD ++
++ ----- Baseline-only matrix condition [X] (357x10):  3.38112  ++ VERY GOOD ++
++ ----- stim_base-only matrix condition [X] (357x4):  1.50709  ++ VERY GOOD ++
++ ----- polort-only matrix condition [X] (357x6):  1.01526  ++ VERY GOOD ++
++ +++++ Matrix inverse average error = 2.28074e-15  ++ VERY GOOD ++
++ Matrix setup time = 0.02 s
++ Voxels in dataset: 1082035
++ Voxels in mask:    266488
++ Voxels per job:    13324
++ Job #1: processing voxels 183387 to 247977; elapsed time=4.330
++ Job #2: processing voxels 247978 to 288042; elapsed time=4.350
++ Job #3: processing voxels 288043 to 326732; elapsed time=4.374
++ Job #4: processing voxels 326733 to 354385; elapsed time=4.396
++ Job #5: processing voxels 354386 to 384473; elapsed time=4.420
++ Job #6: processing voxels 384474 to 410767; elapsed time=4.443
++ Job #7: processing voxels 410768 to 439776; elapsed time=4.468
++ Job #8: processing voxels 439777 to 465468; elapsed time=4.492
++ Job #9: processing voxels 465469 to 494569; elapsed time=4.517
++ Job #10: processing voxels 494570 to 520256; elapsed time=4.542
++ Job #11: processing voxels 520257 to 550138; elapsed time=4.568
++ Job #12: processing voxels 550139 to 576626; elapsed time=4.594
++ Job #13: processing voxels 576627 to 607784; elapsed time=4.630
++ Job #14: processing voxels 607785 to 640068; elapsed time=4.662
++ Job #15: processing voxels 640069 to 673541; elapsed time=4.689
++ Job #16: processing voxels 673542 to 708634; elapsed time=4.702
++ Job #17: processing voxels 708635 to 751778; elapsed time=4.743
++ Job #18: processing voxels 751779 to 805927; elapsed time=4.770
++ Job #19: processing voxels 805928 to 1082034; elapsed time=4.783
++ Job #0: processing voxels 0 to 183386; elapsed time=4.793
++ voxel loop:0123456789.0123456789.0123456789.0123456789.++ Job #2 finished; elapsed time=5.511
++ Job #4 finished; elapsed time=5.532
0++ Job #5 finished; elapsed time=5.557
12++ Job #6 finished; elapsed time=5.570
++ Job #7 finished; elapsed time=5.599
++ Job #8 finished; elapsed time=5.625
++ Job #9 finished; elapsed time=5.650
++ Job #10 finished; elapsed time=5.670
345++ Job #12 finished; elapsed time=5.714
++ Job #11 finished; elapsed time=5.719
++ Job #13 finished; elapsed time=5.743
++ Job #3 finished; elapsed time=5.816
++ Job #16 finished; elapsed time=5.828
6++ Job #1 finished; elapsed time=5.838
78++ Job #19 finished; elapsed time=5.965
9.
++ Job #0 waiting for children to finish; elapsed time=5.983
++ Job #14 finished; elapsed time=6.041
++ Job #17 finished; elapsed time=6.083
++ Job #15 finished; elapsed time=6.142
++ Job #18 finished; elapsed time=6.188
++ Job #0 now finishing up; elapsed time=6.206
++ Smallest FDR q [0 Full_Fstat] = 3.43068e-15
++ Smallest FDR q [2 HealthyPmod#0_Tstat] = 2.29701e-14
++ Smallest FDR q [4 HealthyPmod#1_Tstat] = 1.38082e-05
++ Smallest FDR q [5 HealthyPmod_Fstat] = 2.44705e-14
++ Smallest FDR q [7 UnhealthyPmod#0_Tstat] = 2.49175e-14
++ Smallest FDR q [9 UnhealthyPmod#1_Tstat] = 8.75527e-12
++ Smallest FDR q [10 UnhealthyPmod_Fstat] = 1.89311e-14
++ Smallest FDR q [12 BidsNMiss#0_Tstat] = 9.32152e-15
++ Smallest FDR q [13 BidsNMiss_Fstat] = 9.31959e-15
++ Smallest FDR q [15 HealthyGtRest_GLT#0_Tstat] = 2.29701e-14
++ Smallest FDR q [16 HealthyGtRest_GLT_Fstat] = 2.29655e-14
++ Smallest FDR q [18 HealthyPmod_GLT#0_Tstat] = 1.38082e-05
++ Smallest FDR q [19 HealthyPmod_GLT_Fstat] = 1.38088e-05
++ Smallest FDR q [21 UnhealthyGtRest_GLT#0_Tstat] = 2.49175e-14
++ Smallest FDR q [22 UnhealthyGtRest_GLT_Fstat] = 2.4914e-14
++ Smallest FDR q [24 UnhealthyPmod_GLT#0_Tstat] = 8.75527e-12
++ Smallest FDR q [25 UnhealthyPmod_GLT_Fstat] = 8.75515e-12
++ Smallest FDR q [27 HealthyGtUnhealthy_GLT#0_Tstat] = 0.00264064
++ Smallest FDR q [28 HealthyGtUnhealthy_GLT_Fstat] = 0.00264056
++ Smallest FDR q [30 HealthyGtUnhealthyPmod_GLT#0_Tstat] = 5.76282e-07
++ Smallest FDR q [31 HealthyGtUnhealthyPmod_GLT_Fstat] = 5.76265e-07
++ Wrote bucket dataset into ./CHIVES1083_2CondPmod_stats+tlrc.BRIK
 + created 21 FDR curves in bucket header
++ Wrote 3D+time dataset into ./CHIVES1083_2CondPmod+tlrc.BRIK
++ Wrote 3D+time dataset into ./CHIVES1083_2CondPmod+tlrc.BRIK
++ Program finished; elapsed time=35.909
++ 3dREMLfit: AFNI version=AFNI_18.2.04 (Jul  6 2018) [64-bit]
++ Authored by: RWCox
** AFNI converts NIFTI_datatype=4 (INT16) in file /projects/sanlab/shared/CHIVES/bids_data/derivatives/fmriprep/sub-CHIVES1083/ses-wave1/func/s6_sub-CHIVES1083_ses-wave1_task-money_bold_space-MNI152NLin2009cAsym_preproc.nii to FLOAT32
     Warnings of this type will be muted for this session.
     Set AFNI_NIFTI_TYPE_WARN to YES to see them all, NO to see none.
++ Number of voxels in mask = 266488
++ Number of OpenMP threads = 15
++ -----  matrix condition (357x15):  3.43651  ++ VERY GOOD ++
++ Loading input dataset into memory
++ Converting input dataset to vector image
 +  dataset = 1.5 billion [giga] bytes
 +  vectim  = 382 million [mega] bytes
++ starting REML setup calculations; total CPU=0.00 Elapsed=4.20
 + X matrix: 90.215% of elements are nonzero
 + starting 15 OpenMP threads for REML setup
 + REML setup finished: matrix rows=357 cols=15; 109*1 cases; total CPU=0.00 Elapsed=4.22
 +  average case bandwidth = 13.00
++ REML voxel loop: [15 threads]0123456789.012
 + ARMA voxel parameters estimated: total CPU=0.00 Elapsed=21.08
++ GLSQ loop:0123456789.0123456789.0123456789.0123456789.0123456789.
 + GLSQ regression done: total CPU=0.00 Elapsed=55.84
++ Output dataset ./CHIVES1083_2CondPmod_stats_REMLvar+tlrc.BRIK
++ Output dataset ./CHIVES1083_2CondPmod_REML+tlrc.BRIK
[7m** ERROR:[0m output dataset name 'CHIVES1083_2CondPmod_REML' conflicts with existing file
[7m** ERROR:[0m dataset NOT written to disk!
++ creating FDR curves in dataset CHIVES1083_2CondPmod_stats_REML+tlrc
++ Smallest FDR q [0 Full_Fstat] = 5.44292e-15
++ Smallest FDR q [2 HealthyPmod#0_Tstat] = 5.72125e-14
++ Smallest FDR q [4 HealthyPmod#1_Tstat] = 0.00611076
++ Smallest FDR q [5 HealthyPmod_Fstat] = 6.93767e-14
++ Smallest FDR q [7 UnhealthyPmod#0_Tstat] = 5.95576e-14
++ Smallest FDR q [9 UnhealthyPmod#1_Tstat] = 9.24611e-05
++ Smallest FDR q [10 UnhealthyPmod_Fstat] = 5.85646e-14
++ Smallest FDR q [12 BidsNMiss#0_Tstat] = 1.27181e-14
++ Smallest FDR q [13 BidsNMiss_Fstat] = 1.27181e-14
++ Smallest FDR q [15 HealthyGtRest#0_Tstat] = 5.72125e-14
++ Smallest FDR q [16 HealthyGtRest_Fstat] = 5.72125e-14
++ Smallest FDR q [18 HealthyPmod#0_Tstat] = 0.00611076
++ Smallest FDR q [19 HealthyPmod_Fstat] = 0.00611076
++ Smallest FDR q [21 UnhealthyGtRest#0_Tstat] = 5.95576e-14
++ Smallest FDR q [22 UnhealthyGtRest_Fstat] = 5.95576e-14
++ Smallest FDR q [24 UnhealthyPmod#0_Tstat] = 9.24611e-05
++ Smallest FDR q [25 UnhealthyPmod_Fstat] = 9.2461e-05
[7m*+ WARNING:[0m Smallest FDR q [27 HealthyGtUnhealthy#0_Tstat] = 0.13211 ==> few true single voxel detections
[7m*+ WARNING:[0m Smallest FDR q [28 HealthyGtUnhealthy_Fstat] = 0.13211 ==> few true single voxel detections
++ Smallest FDR q [30 HealthyGtUnhealthyPmod#0_Tstat] = 0.000936789
++ Smallest FDR q [31 HealthyGtUnhealthyPmod_Fstat] = 0.000936788
 + Added 21 FDR curves to dataset CHIVES1083_2CondPmod_stats_REML+tlrc
++ Output dataset ./CHIVES1083_2CondPmod_stats_REML+tlrc.BRIK
 + unloading input dataset and REML matrices
++ 3dREMLfit is all done! total CPU=0.00 Elapsed=85.53
** AFNI converts NIFTI_datatype=4 (INT16) in file /projects/sanlab/shared/CHIVES/bids_data/derivatives/fmriprep/sub-CHIVES1083/ses-wave1/func/s6_sub-CHIVES1083_ses-wave1_task-money_bold_space-MNI152NLin2009cAsym_preproc.nii to FLOAT32
     Warnings of this type will be muted for this session.
     Set AFNI_NIFTI_TYPE_WARN to YES to see them all, NO to see none.
++ '-stim_times_AM1 3 /projects/sanlab/shared/CHIVES/CHIVES_WTP_scripts/behavioral/money/afni_timing_files/CHIVES1083/BidOnsDur.1D' has 1 auxiliary values per time point
++ '-stim_times_AM1 3': basis function model 'dmBLOCK(1)' uses 1 parameters,
    out of the 1 found in timing file '/projects/sanlab/shared/CHIVES/CHIVES_WTP_scripts/behavioral/money/afni_timing_files/CHIVES1083/BidOnsDur.1D'
++ 3dDeconvolve extending num_stimts from 3 to 7 due to -ortvec
++ 3dDeconvolve: AFNI version=AFNI_18.2.04 (Jul  6 2018) [64-bit]
++ Authored by: B. Douglas Ward, et al.
++ current memory malloc-ated = 265,657 bytes (about 266 thousand [kilo])
++ loading dataset /projects/sanlab/shared/CHIVES/bids_data/derivatives/fmriprep/sub-CHIVES1083/ses-wave1/func/s6_sub-CHIVES1083_ses-wave1_task-money_bold_space-MNI152NLin2009cAsym_preproc.nii
++ current memory malloc-ated = 1,545,414,517 bytes (about 1.5 billion [giga])
++ forcibly using TR=2.0000 seconds for -input dataset
++ Skipping check for initial transients
++ Imaging duration=714.0 s; Automatic polort=5
++ -stim_times using TR=2 s for stimulus timing conversion
++ -stim_times using TR=2 s for any -iresp output datasets
++  [you can alter the -iresp TR via the -TR_times option]
++ ** -stim_times NOTE ** guessing GLOBAL times if 1 time per line; LOCAL otherwise
++ ** GUESSED ** -stim_times 1 using LOCAL times
++ ** GUESSED ** -stim_times 2 using LOCAL times
++ ** GUESSED ** -stim_times_AM1 3 using LOCAL times
------------------------------------------------------------
GLT matrix from 'SYM: Healthy':
   0   0   0   0   0   0   1   0   0   0   0   0   0 
 
------------------------------------------------------------
GLT matrix from 'SYM: Unhealthy':
   0   0   0   0   0   0   0   1   0   0   0   0   0 
 
------------------------------------------------------------
GLT matrix from 'SYM: Healthy -Unhealthy':
   0   0   0   0   0   0   1  -1   0   0   0   0   0 
 
++ Number of time points: 357 (no censoring)
 + Number of parameters:  13 [10 baseline ; 3 signal]
++ total shared memory needed = 3,172,526,620 bytes (about 3.2 billion [giga])
++ current memory malloc-ated = 1,546,542,489 bytes (about 1.5 billion [giga])
++ mmap() memory allocated: 3,172,526,620 bytes (about 3.2 billion [giga])
++ Memory required for output bricks = 3,172,526,620 bytes (about 3.2 billion [giga])
++ Wrote matrix values to file CHIVES1083_2Cond_xmat.1D
++ ========= Things you can do with the matrix file =========
++ (a) Linear regression with ARMA(1,1) modeling of serial correlation:

3dREMLfit -matrix CHIVES1083_2Cond_xmat.1D -input /projects/sanlab/shared/CHIVES/bids_data/derivatives/fmriprep/sub-CHIVES1083/ses-wave1/func/s6_sub-CHIVES1083_ses-wave1_task-money_bold_space-MNI152NLin2009cAsym_preproc.nii \
 -mask /projects/sanlab/shared/CHIVES/bids_data/derivatives/fmriprep/sub-CHIVES1083/ses-wave1/func/sub-CHIVES1083_ses-wave1_task-money_bold_space-MNI152NLin2009cAsym_brainmask.nii.gz \
 -fout -tout -Rbuck CHIVES1083_2Cond_stats_REML -Rvar CHIVES1083_2Cond_stats_REMLvar \
 -Rfitts CHIVES1083_2Cond_REML -Rerrts CHIVES1083_2Cond_REML -verb
 
++ N.B.: 3dREMLfit command above written to file CHIVES1083_2Cond_stats.REML_cmd
++ (b) Visualization/analysis of the matrix via ExamineXmat.R
++ (c) Synthesis of sub-model datasets using 3dSynthesize
++ ==========================================================
++ Wrote matrix values to file CHIVES1083_2Cond_uncensor_xmat.1D
++ ----- Signal+Baseline matrix condition [X] (357x13):  3.42281  ++ VERY GOOD ++
++ ----- Signal-only matrix condition [X] (357x3):  1.62787  ++ VERY GOOD ++
++ ----- Baseline-only matrix condition [X] (357x10):  3.38112  ++ VERY GOOD ++
++ ----- stim_base-only matrix condition [X] (357x4):  1.50709  ++ VERY GOOD ++
++ ----- polort-only matrix condition [X] (357x6):  1.01526  ++ VERY GOOD ++
++ +++++ Matrix inverse average error = 3.19555e-15  ++ VERY GOOD ++
++ Matrix setup time = 0.01 s
++ Voxels in dataset: 1082035
++ Voxels in mask:    266488
++ Voxels per job:    13324
++ Job #1: processing voxels 183387 to 247977; elapsed time=4.258
++ Job #2: processing voxels 247978 to 288042; elapsed time=4.278
++ Job #3: processing voxels 288043 to 326732; elapsed time=4.299
++ Job #4: processing voxels 326733 to 354385; elapsed time=4.319
++ Job #5: processing voxels 354386 to 384473; elapsed time=4.341
++ Job #6: processing voxels 384474 to 410767; elapsed time=4.362
++ Job #7: processing voxels 410768 to 439776; elapsed time=4.385
++ Job #8: processing voxels 439777 to 465468; elapsed time=4.407
++ Job #9: processing voxels 465469 to 494569; elapsed time=4.430
++ Job #10: processing voxels 494570 to 520256; elapsed time=4.453
++ Job #11: processing voxels 520257 to 550138; elapsed time=4.476
++ Job #12: processing voxels 550139 to 576626; elapsed time=4.499
++ Job #13: processing voxels 576627 to 607784; elapsed time=4.536
++ Job #14: processing voxels 607785 to 640068; elapsed time=4.582
++ Job #15: processing voxels 640069 to 673541; elapsed time=4.625
++ Job #16: processing voxels 673542 to 708634; elapsed time=4.663
++ Job #17: processing voxels 708635 to 751778; elapsed time=4.700
++ Job #18: processing voxels 751779 to 805927; elapsed time=4.733
++ Job #0: processing voxels 0 to 183386; elapsed time=4.758
++ voxel loop:0++ Job #19: processing voxels 805928 to 1082034; elapsed time=4.761
123456789.0123456789.0123456789.0123456++ Job #1 finished; elapsed time=5.226
++ Job #3 finished; elapsed time=5.246
++ Job #6 finished; elapsed time=5.248
++ Job #2 finished; elapsed time=5.262
++ Job #4 finished; elapsed time=5.271
++ Job #5 finished; elapsed time=5.280
++ Job #8 finished; elapsed time=5.290
789.++ Job #7 finished; elapsed time=5.322
++ Job #9 finished; elapsed time=5.363
012++ Job #11 finished; elapsed time=5.403
++ Job #10 finished; elapsed time=5.438
++ Job #13 finished; elapsed time=5.465
345++ Job #12 finished; elapsed time=5.509
++ Job #14 finished; elapsed time=5.524
++ Job #15 finished; elapsed time=5.542
++ Job #16 finished; elapsed time=5.564
678++ Job #17 finished; elapsed time=5.641
9.
++ Job #0 waiting for children to finish; elapsed time=5.692
++ Job #19 finished; elapsed time=5.723
++ Job #18 finished; elapsed time=5.745
++ Job #0 now finishing up; elapsed time=5.764
++ Smallest FDR q [0 Full_Fstat] = 3.82243e-15
++ Smallest FDR q [2 Healthy#0_Tstat] = 2.45281e-14
++ Smallest FDR q [3 Healthy_Fstat] = 2.4523e-14
++ Smallest FDR q [5 Unhealthy#0_Tstat] = 2.73455e-14
++ Smallest FDR q [6 Unhealthy_Fstat] = 2.73425e-14
++ Smallest FDR q [8 BidsNMiss#0_Tstat] = 9.41796e-15
++ Smallest FDR q [9 BidsNMiss_Fstat] = 9.4157e-15
++ Smallest FDR q [11 HealthyGtRest_GLT#0_Tstat] = 2.45281e-14
++ Smallest FDR q [12 HealthyGtRest_GLT_Fstat] = 2.45233e-14
++ Smallest FDR q [14 UnhealthyGtRest_GLT#0_Tstat] = 2.73455e-14
++ Smallest FDR q [15 UnhealthyGtRest_GLT_Fstat] = 2.73445e-14
++ Smallest FDR q [17 HealthyGtUnhealthy_GLT#0_Tstat] = 0.00261833
++ Smallest FDR q [18 HealthyGtUnhealthy_GLT_Fstat] = 0.00261842
++ Wrote bucket dataset into ./CHIVES1083_2Cond_stats+tlrc.BRIK
 + created 13 FDR curves in bucket header
++ Wrote 3D+time dataset into ./CHIVES1083_2Cond+tlrc.BRIK
++ Wrote 3D+time dataset into ./CHIVES1083_2Cond+tlrc.BRIK
++ Program finished; elapsed time=23.215
++ 3dREMLfit: AFNI version=AFNI_18.2.04 (Jul  6 2018) [64-bit]
++ Authored by: RWCox
** AFNI converts NIFTI_datatype=4 (INT16) in file /projects/sanlab/shared/CHIVES/bids_data/derivatives/fmriprep/sub-CHIVES1083/ses-wave1/func/s6_sub-CHIVES1083_ses-wave1_task-money_bold_space-MNI152NLin2009cAsym_preproc.nii to FLOAT32
     Warnings of this type will be muted for this session.
     Set AFNI_NIFTI_TYPE_WARN to YES to see them all, NO to see none.
++ Number of voxels in mask = 266488
++ Number of OpenMP threads = 15
++ -----  matrix condition (357x13):  3.42281  ++ VERY GOOD ++
++ Loading input dataset into memory
++ Converting input dataset to vector image
 +  dataset = 1.5 billion [giga] bytes
 +  vectim  = 382 million [mega] bytes
++ starting REML setup calculations; total CPU=0.00 Elapsed=4.39
 + X matrix: 94.268% of elements are nonzero
 + starting 15 OpenMP threads for REML setup
 + REML setup finished: matrix rows=357 cols=13; 109*1 cases; total CPU=0.00 Elapsed=4.39
 +  average case bandwidth = 13.00
++ REML voxel loop: [15 threads]0123456789.012
 + ARMA voxel parameters estimated: total CPU=0.00 Elapsed=20.51
++ GLSQ loop:0123456789.0123456789.0123456789.0123456789.0123456789.
 + GLSQ regression done: total CPU=0.00 Elapsed=47.95
++ Output dataset ./CHIVES1083_2Cond_stats_REMLvar+tlrc.BRIK
++ Output dataset ./CHIVES1083_2Cond_REML+tlrc.BRIK
[7m** ERROR:[0m output dataset name 'CHIVES1083_2Cond_REML' conflicts with existing file
[7m** ERROR:[0m dataset NOT written to disk!
++ creating FDR curves in dataset CHIVES1083_2Cond_stats_REML+tlrc
++ Smallest FDR q [0 Full_Fstat] = 5.20178e-15
++ Smallest FDR q [2 Healthy#0_Tstat] = 5.93945e-14
++ Smallest FDR q [3 Healthy_Fstat] = 5.93945e-14
++ Smallest FDR q [5 Unhealthy#0_Tstat] = 6.15031e-14
++ Smallest FDR q [6 Unhealthy_Fstat] = 6.15031e-14
++ Smallest FDR q [8 BidsNMiss#0_Tstat] = 1.26839e-14
++ Smallest FDR q [9 BidsNMiss_Fstat] = 1.26839e-14
++ Smallest FDR q [11 HealthyGtRest#0_Tstat] = 5.93945e-14
++ Smallest FDR q [12 HealthyGtRest_Fstat] = 5.93945e-14
++ Smallest FDR q [14 UnhealthyGtRest#0_Tstat] = 6.15031e-14
++ Smallest FDR q [15 UnhealthyGtRest_Fstat] = 6.15031e-14
[7m*+ WARNING:[0m Smallest FDR q [17 HealthyGtUnhealthy#0_Tstat] = 0.133842 ==> few true single voxel detections
[7m*+ WARNING:[0m Smallest FDR q [18 HealthyGtUnhealthy_Fstat] = 0.133842 ==> few true single voxel detections
 + Added 13 FDR curves to dataset CHIVES1083_2Cond_stats_REML+tlrc
++ Output dataset ./CHIVES1083_2Cond_stats_REML+tlrc.BRIK
 + unloading input dataset and REML matrices
++ 3dREMLfit is all done! total CPU=0.00 Elapsed=65.38
