** AFNI converts NIFTI_datatype=4 (INT16) in file /projects/sanlab/shared/CHIVES/bids_data/derivatives/fmriprep/sub-CHIVES1004/ses-wave1/func/s6_sub-CHIVES1004_ses-wave1_task-money_bold_space-MNI152NLin2009cAsym_preproc.nii to FLOAT32
     Warnings of this type will be muted for this session.
     Set AFNI_NIFTI_TYPE_WARN to YES to see them all, NO to see none.
++ '-stim_times_AM2 1 /projects/sanlab/shared/CHIVES/CHIVES_WTP_scripts/behavioral/money/afni_timing_files/CHIVES1004/AllCondsPmod.1D' has 1 auxiliary values per time point
++ '-stim_times_AM2 1 /projects/sanlab/shared/CHIVES/CHIVES_WTP_scripts/behavioral/money/afni_timing_files/CHIVES1004/AllCondsPmod.1D' will have 2 regressors
++ '-stim_times_AM1 2 /projects/sanlab/shared/CHIVES/CHIVES_WTP_scripts/behavioral/money/afni_timing_files/CHIVES1004/BidOnsDur.1D' has 1 auxiliary values per time point
++ '-stim_times_AM1 2': basis function model 'dmBLOCK(1)' uses 1 parameters,
    out of the 1 found in timing file '/projects/sanlab/shared/CHIVES/CHIVES_WTP_scripts/behavioral/money/afni_timing_files/CHIVES1004/BidOnsDur.1D'
++ 3dDeconvolve extending num_stimts from 2 to 6 due to -ortvec
++ 3dDeconvolve: AFNI version=AFNI_18.2.04 (Jul  6 2018) [64-bit]
++ Authored by: B. Douglas Ward, et al.
++ current memory malloc-ated = 254,399 bytes (about 254 thousand [kilo])
++ loading dataset /projects/sanlab/shared/CHIVES/bids_data/derivatives/fmriprep/sub-CHIVES1004/ses-wave1/func/s6_sub-CHIVES1004_ses-wave1_task-money_bold_space-MNI152NLin2009cAsym_preproc.nii
++ current memory malloc-ated = 1,541,075,111 bytes (about 1.5 billion [giga])
++ forcibly using TR=2.0000 seconds for -input dataset
++ Skipping check for initial transients
++ Imaging duration=712.0 s; Automatic polort=5
++ -stim_times using TR=2 s for stimulus timing conversion
++ -stim_times using TR=2 s for any -iresp output datasets
++  [you can alter the -iresp TR via the -TR_times option]
++ ** -stim_times NOTE ** guessing GLOBAL times if 1 time per line; LOCAL otherwise
++ ** GUESSED ** -stim_times_AM2 1 using LOCAL times
++ '-stim_times_AM2 1' average amplitude#1=0.594828
++ ** GUESSED ** -stim_times_AM1 2 using LOCAL times
------------------------------------------------------------
GLT matrix from 'SYM: AllConds[0]':
   0   0   0   0   0   0   1   0   0   0   0   0   0 
 
------------------------------------------------------------
GLT matrix from 'SYM: AllConds[1]':
   0   0   0   0   0   0   0   1   0   0   0   0   0 
 
++ Number of time points: 356 (no censoring)
 + Number of parameters:  13 [10 baseline ; 3 signal]
++ total shared memory needed = 3,146,557,780 bytes (about 3.1 billion [giga])
++ current memory malloc-ated = 1,542,202,985 bytes (about 1.5 billion [giga])
++ mmap() memory allocated: 3,146,557,780 bytes (about 3.1 billion [giga])
++ Memory required for output bricks = 3,146,557,780 bytes (about 3.1 billion [giga])
++ Wrote matrix values to file CHIVES1004_AllCondPmod_xmat.1D
++ ========= Things you can do with the matrix file =========
++ (a) Linear regression with ARMA(1,1) modeling of serial correlation:

3dREMLfit -matrix CHIVES1004_AllCondPmod_xmat.1D -input /projects/sanlab/shared/CHIVES/bids_data/derivatives/fmriprep/sub-CHIVES1004/ses-wave1/func/s6_sub-CHIVES1004_ses-wave1_task-money_bold_space-MNI152NLin2009cAsym_preproc.nii \
 -mask /projects/sanlab/shared/CHIVES/bids_data/derivatives/fmriprep/sub-CHIVES1004/ses-wave1/func/sub-CHIVES1004_ses-wave1_task-money_bold_space-MNI152NLin2009cAsym_brainmask.nii.gz \
 -fout -tout -Rbuck CHIVES1004_AllCondPmod_stats_REML -Rvar CHIVES1004_AllCondPmod_stats_REMLvar \
 -Rfitts CHIVES1004_AllCondPmod_REML -Rerrts CHIVES1004_AllCondPmod_REML -verb
 
++ N.B.: 3dREMLfit command above written to file CHIVES1004_AllCondPmod_stats.REML_cmd
++ (b) Visualization/analysis of the matrix via ExamineXmat.R
++ (c) Synthesis of sub-model datasets using 3dSynthesize
++ ==========================================================
++ Wrote matrix values to file CHIVES1004_AllCondPmod_uncensor_xmat.1D
++ ----- Signal+Baseline matrix condition [X] (356x13):  3.35591  ++ VERY GOOD ++
++ ----- Signal-only matrix condition [X] (356x3):  1.50627  ++ VERY GOOD ++
++ ----- Baseline-only matrix condition [X] (356x10):  3.30559  ++ VERY GOOD ++
++ ----- stim_base-only matrix condition [X] (356x4):  1.34612  ++ VERY GOOD ++
++ ----- polort-only matrix condition [X] (356x6):  1.0153  ++ VERY GOOD ++
++ +++++ Matrix inverse average error = 1.26941e-15  ++ VERY GOOD ++
++ Matrix setup time = 0.02 s
++ Voxels in dataset: 1082035
++ Voxels in mask:    275926
++ Voxels per job:    13796
++ Job #1: processing voxels 185633 to 247796; elapsed time=5.197
++ Job #2: processing voxels 247797 to 287159; elapsed time=5.218
++ Job #3: processing voxels 287160 to 326274; elapsed time=5.239
++ Job #4: processing voxels 326275 to 354556; elapsed time=5.260
++ Job #5: processing voxels 354557 to 385075; elapsed time=5.282
++ Job #6: processing voxels 385076 to 415020; elapsed time=5.304
++ Job #7: processing voxels 415021 to 441218; elapsed time=5.327
++ Job #8: processing voxels 441219 to 470577; elapsed time=5.350
++ Job #9: processing voxels 470578 to 496806; elapsed time=5.374
++ Job #10: processing voxels 496807 to 526570; elapsed time=5.398
++ Job #11: processing voxels 526571 to 553332; elapsed time=5.423
++ Job #12: processing voxels 553333 to 584360; elapsed time=5.447
++ Job #13: processing voxels 584361 to 615915; elapsed time=5.487
++ Job #14: processing voxels 615916 to 644798; elapsed time=5.497
++ Job #15: processing voxels 644799 to 682729; elapsed time=5.535
++ Job #16: processing voxels 682730 to 718721; elapsed time=5.561
++ Job #17: processing voxels 718722 to 762354; elapsed time=5.573
++ Job #18: processing voxels 762355 to 817464; elapsed time=5.611
++ Job #19: processing voxels 817465 to 1082034; elapsed time=5.624
++ Job #0: processing voxels 0 to 185632; elapsed time=5.634
++ voxel loop:0123456789.0123456789.0123456789.012345678++ Job #2 finished; elapsed time=6.043
9.++ Job #4 finished; elapsed time=6.076
01++ Job #6 finished; elapsed time=6.124
2++ Job #5 finished; elapsed time=6.135
++ Job #8 finished; elapsed time=6.168
++ Job #7 finished; elapsed time=6.176
34++ Job #9 finished; elapsed time=6.211
++ Job #10 finished; elapsed time=6.213
5++ Job #12 finished; elapsed time=6.266
6++ Job #14 finished; elapsed time=6.312
7++ Job #13 finished; elapsed time=6.331
8++ Job #3 finished; elapsed time=6.383
++ Job #17 finished; elapsed time=6.387
++ Job #1 finished; elapsed time=6.415
9.
++ Job #0 waiting for children to finish; elapsed time=6.431
++ Job #19 finished; elapsed time=6.465
++ Job #11 finished; elapsed time=6.588
++ Job #16 finished; elapsed time=6.704
++ Job #15 finished; elapsed time=6.707
++ Job #18 finished; elapsed time=6.741
++ Job #0 now finishing up; elapsed time=6.759
++ Smallest FDR q [0 Full_Fstat] = 1.52944e-14
++ Smallest FDR q [2 AllConds#0_Tstat] = 8.83421e-14
++ Smallest FDR q [4 AllConds#1_Tstat] = 3.06882e-12
++ Smallest FDR q [5 AllConds_Fstat] = 7.83354e-14
++ Smallest FDR q [7 BidsNMiss#0_Tstat] = 4.33437e-14
++ Smallest FDR q [8 BidsNMiss_Fstat] = 4.33437e-14
++ Smallest FDR q [10 CondGtRest_GLT#0_Tstat] = 8.83421e-14
++ Smallest FDR q [11 CondGtRest_GLT_Fstat] = 8.83415e-14
++ Smallest FDR q [13 Pmod_GLT#0_Tstat] = 3.06882e-12
++ Smallest FDR q [14 Pmod_GLT_Fstat] = 3.06869e-12
++ Wrote bucket dataset into ./CHIVES1004_AllCondPmod_stats+tlrc.BRIK
 + created 10 FDR curves in bucket header
++ Wrote 3D+time dataset into ./CHIVES1004_AllCondPmod+tlrc.BRIK
++ Wrote 3D+time dataset into ./CHIVES1004_AllCondPmod+tlrc.BRIK
++ Program finished; elapsed time=23.419
++ 3dREMLfit: AFNI version=AFNI_18.2.04 (Jul  6 2018) [64-bit]
++ Authored by: RWCox
** AFNI converts NIFTI_datatype=4 (INT16) in file /projects/sanlab/shared/CHIVES/bids_data/derivatives/fmriprep/sub-CHIVES1004/ses-wave1/func/s6_sub-CHIVES1004_ses-wave1_task-money_bold_space-MNI152NLin2009cAsym_preproc.nii to FLOAT32
     Warnings of this type will be muted for this session.
     Set AFNI_NIFTI_TYPE_WARN to YES to see them all, NO to see none.
++ Number of voxels in mask = 275926
++ Number of OpenMP threads = 15
++ -----  matrix condition (356x13):  3.35591  ++ VERY GOOD ++
++ Loading input dataset into memory
++ Converting input dataset to vector image
 +  dataset = 1.5 billion [giga] bytes
 +  vectim  = 394 million [mega] bytes
++ starting REML setup calculations; total CPU=0.00 Elapsed=4.23
 + X matrix: 99.676% of elements are nonzero
 + starting 15 OpenMP threads for REML setup
 + REML setup finished: matrix rows=356 cols=13; 109*1 cases; total CPU=0.00 Elapsed=4.24
 +  average case bandwidth = 13.00
++ REML voxel loop: [15 threads]0123456789.012
 + ARMA voxel parameters estimated: total CPU=0.00 Elapsed=20.90
++ GLSQ loop:0123456789.0123456789.0123456789.0123456789.0123456789.
 + GLSQ regression done: total CPU=0.00 Elapsed=44.21
++ Output dataset ./CHIVES1004_AllCondPmod_stats_REMLvar+tlrc.BRIK
++ Output dataset ./CHIVES1004_AllCondPmod_REML+tlrc.BRIK
[7m** ERROR:[0m output dataset name 'CHIVES1004_AllCondPmod_REML' conflicts with existing file
[7m** ERROR:[0m dataset NOT written to disk!
++ creating FDR curves in dataset CHIVES1004_AllCondPmod_stats_REML+tlrc
++ Smallest FDR q [0 Full_Fstat] = 2.70602e-14
++ Smallest FDR q [2 AllConds#0_Tstat] = 2.45784e-13
++ Smallest FDR q [4 AllConds#1_Tstat] = 9.57557e-08
++ Smallest FDR q [5 AllConds_Fstat] = 2.78216e-13
++ Smallest FDR q [7 BidsNMiss#0_Tstat] = 8.02263e-14
++ Smallest FDR q [8 BidsNMiss_Fstat] = 8.02263e-14
++ Smallest FDR q [10 CondGtRest#0_Tstat] = 2.45784e-13
++ Smallest FDR q [11 CondGtRest_Fstat] = 2.45784e-13
++ Smallest FDR q [13 Pmod#0_Tstat] = 9.57557e-08
++ Smallest FDR q [14 Pmod_Fstat] = 9.57557e-08
 + Added 10 FDR curves to dataset CHIVES1004_AllCondPmod_stats_REML+tlrc
++ Output dataset ./CHIVES1004_AllCondPmod_stats_REML+tlrc.BRIK
 + unloading input dataset and REML matrices
++ 3dREMLfit is all done! total CPU=0.00 Elapsed=60.11
** AFNI converts NIFTI_datatype=4 (INT16) in file /projects/sanlab/shared/CHIVES/bids_data/derivatives/fmriprep/sub-CHIVES1004/ses-wave1/func/s6_sub-CHIVES1004_ses-wave1_task-money_bold_space-MNI152NLin2009cAsym_preproc.nii to FLOAT32
     Warnings of this type will be muted for this session.
     Set AFNI_NIFTI_TYPE_WARN to YES to see them all, NO to see none.
++ '-stim_times_AM2 1 /projects/sanlab/shared/CHIVES/CHIVES_WTP_scripts/behavioral/money/afni_timing_files/CHIVES1004/HealthyPmod.1D' has 1 auxiliary values per time point
++ '-stim_times_AM2 1 /projects/sanlab/shared/CHIVES/CHIVES_WTP_scripts/behavioral/money/afni_timing_files/CHIVES1004/HealthyPmod.1D' will have 2 regressors
++ '-stim_times_AM2 2 /projects/sanlab/shared/CHIVES/CHIVES_WTP_scripts/behavioral/money/afni_timing_files/CHIVES1004/UnhealthyPmod.1D' has 1 auxiliary values per time point
++ '-stim_times_AM2 2 /projects/sanlab/shared/CHIVES/CHIVES_WTP_scripts/behavioral/money/afni_timing_files/CHIVES1004/UnhealthyPmod.1D' will have 2 regressors
++ '-stim_times_AM1 3 /projects/sanlab/shared/CHIVES/CHIVES_WTP_scripts/behavioral/money/afni_timing_files/CHIVES1004/BidOnsDur.1D' has 1 auxiliary values per time point
++ '-stim_times_AM1 3': basis function model 'dmBLOCK(1)' uses 1 parameters,
    out of the 1 found in timing file '/projects/sanlab/shared/CHIVES/CHIVES_WTP_scripts/behavioral/money/afni_timing_files/CHIVES1004/BidOnsDur.1D'
++ 3dDeconvolve extending num_stimts from 3 to 7 due to -ortvec
++ 3dDeconvolve: AFNI version=AFNI_18.2.04 (Jul  6 2018) [64-bit]
++ Authored by: B. Douglas Ward, et al.
++ current memory malloc-ated = 281,665 bytes (about 282 thousand [kilo])
++ loading dataset /projects/sanlab/shared/CHIVES/bids_data/derivatives/fmriprep/sub-CHIVES1004/ses-wave1/func/s6_sub-CHIVES1004_ses-wave1_task-money_bold_space-MNI152NLin2009cAsym_preproc.nii
++ current memory malloc-ated = 1,541,102,377 bytes (about 1.5 billion [giga])
++ forcibly using TR=2.0000 seconds for -input dataset
++ Skipping check for initial transients
++ Imaging duration=712.0 s; Automatic polort=5
++ -stim_times using TR=2 s for stimulus timing conversion
++ -stim_times using TR=2 s for any -iresp output datasets
++  [you can alter the -iresp TR via the -TR_times option]
++ ** -stim_times NOTE ** guessing GLOBAL times if 1 time per line; LOCAL otherwise
++ ** GUESSED ** -stim_times_AM2 1 using LOCAL times
++ '-stim_times_AM2 1' average amplitude#1=1.17857
++ ** GUESSED ** -stim_times_AM2 2 using LOCAL times
++ '-stim_times_AM2 2' average amplitude#1=0.05
++ ** GUESSED ** -stim_times_AM1 3 using LOCAL times
------------------------------------------------------------
GLT matrix from 'SYM: HealthyPmod[0]':
   0   0   0   0   0   0   1   0   0   0   0   0   0   0   0 
 
------------------------------------------------------------
GLT matrix from 'SYM: HealthyPmod[1]':
   0   0   0   0   0   0   0   1   0   0   0   0   0   0   0 
 
------------------------------------------------------------
GLT matrix from 'SYM: UnhealthyPmod[0]':
   0   0   0   0   0   0   0   0   1   0   0   0   0   0   0 
 
------------------------------------------------------------
GLT matrix from 'SYM: UnhealthyPmod[1]':
   0   0   0   0   0   0   0   0   0   1   0   0   0   0   0 
 
------------------------------------------------------------
GLT matrix from 'SYM: HealthyPmod[0] -UnhealthyPmod[0]':
   0   0   0   0   0   0   1   0  -1   0   0   0   0   0   0 
 
------------------------------------------------------------
GLT matrix from 'SYM: HealthyPmod[1] -UnhealthyPmod[1]':
   0   0   0   0   0   0   0   1   0  -1   0   0   0   0   0 
 
++ Number of time points: 356 (no censoring)
 + Number of parameters:  15 [10 baseline ; 5 signal]
++ total shared memory needed = 3,220,136,160 bytes (about 3.2 billion [giga])
++ current memory malloc-ated = 1,542,234,811 bytes (about 1.5 billion [giga])
++ mmap() memory allocated: 3,220,136,160 bytes (about 3.2 billion [giga])
++ Memory required for output bricks = 3,220,136,160 bytes (about 3.2 billion [giga])
++ Wrote matrix values to file CHIVES1004_2CondPmod_xmat.1D
++ ========= Things you can do with the matrix file =========
++ (a) Linear regression with ARMA(1,1) modeling of serial correlation:

3dREMLfit -matrix CHIVES1004_2CondPmod_xmat.1D -input /projects/sanlab/shared/CHIVES/bids_data/derivatives/fmriprep/sub-CHIVES1004/ses-wave1/func/s6_sub-CHIVES1004_ses-wave1_task-money_bold_space-MNI152NLin2009cAsym_preproc.nii \
 -mask /projects/sanlab/shared/CHIVES/bids_data/derivatives/fmriprep/sub-CHIVES1004/ses-wave1/func/sub-CHIVES1004_ses-wave1_task-money_bold_space-MNI152NLin2009cAsym_brainmask.nii.gz \
 -fout -tout -Rbuck CHIVES1004_2CondPmod_stats_REML -Rvar CHIVES1004_2CondPmod_stats_REMLvar \
 -Rfitts CHIVES1004_2CondPmod_REML -Rerrts CHIVES1004_2CondPmod_REML -verb
 
++ N.B.: 3dREMLfit command above written to file CHIVES1004_2CondPmod_stats.REML_cmd
++ (b) Visualization/analysis of the matrix via ExamineXmat.R
++ (c) Synthesis of sub-model datasets using 3dSynthesize
++ ==========================================================
++ Wrote matrix values to file CHIVES1004_2CondPmod_uncensor_xmat.1D
++ ----- Signal+Baseline matrix condition [X] (356x15):  3.36474  ++ VERY GOOD ++
++ ----- Signal-only matrix condition [X] (356x5):  1.5065  ++ VERY GOOD ++
++ ----- Baseline-only matrix condition [X] (356x10):  3.30559  ++ VERY GOOD ++
++ ----- stim_base-only matrix condition [X] (356x4):  1.34612  ++ VERY GOOD ++
++ ----- polort-only matrix condition [X] (356x6):  1.0153  ++ VERY GOOD ++
++ +++++ Matrix inverse average error = 1.20525e-15  ++ VERY GOOD ++
++ Matrix setup time = 0.02 s
++ Voxels in dataset: 1082035
++ Voxels in mask:    275926
++ Voxels per job:    13796
++ Job #1: processing voxels 185633 to 247796; elapsed time=4.320
++ Job #2: processing voxels 247797 to 287159; elapsed time=4.339
++ Job #3: processing voxels 287160 to 326274; elapsed time=4.360
++ Job #4: processing voxels 326275 to 354556; elapsed time=4.379
++ Job #5: processing voxels 354557 to 385075; elapsed time=4.402
++ Job #6: processing voxels 385076 to 415020; elapsed time=4.422
++ Job #7: processing voxels 415021 to 441218; elapsed time=4.445
++ Job #8: processing voxels 441219 to 470577; elapsed time=4.466
++ Job #9: processing voxels 470578 to 496806; elapsed time=4.489
++ Job #10: processing voxels 496807 to 526570; elapsed time=4.511
++ Job #11: processing voxels 526571 to 553332; elapsed time=4.535
++ Job #12: processing voxels 553333 to 584360; elapsed time=4.558
++ Job #13: processing voxels 584361 to 615915; elapsed time=4.593
++ Job #14: processing voxels 615916 to 644798; elapsed time=4.633
++ Job #15: processing voxels 644799 to 682729; elapsed time=4.660
++ Job #16: processing voxels 682730 to 718721; elapsed time=4.675
++ Job #17: processing voxels 718722 to 762354; elapsed time=4.704
++ Job #18: processing voxels 762355 to 817464; elapsed time=4.746
++ Job #19: processing voxels 817465 to 1082034; elapsed time=4.762
++ Job #0: processing voxels 0 to 185632; elapsed time=4.772
++ voxel loop:0123456789.0123456789.0123456789.0123456789.01++ Job #4 finished; elapsed time=5.511
++ Job #1 finished; elapsed time=5.539
2++ Job #3 finished; elapsed time=5.565
++ Job #6 finished; elapsed time=5.571
++ Job #5 finished; elapsed time=5.593
++ Job #8 finished; elapsed time=5.610
++ Job #7 finished; elapsed time=5.628
34++ Job #9 finished; elapsed time=5.661
5++ Job #11 finished; elapsed time=5.709
++ Job #13 finished; elapsed time=5.764
67++ Job #2 finished; elapsed time=5.824
8++ Job #16 finished; elapsed time=5.861
++ Job #17 finished; elapsed time=5.901
9.
++ Job #0 waiting for children to finish; elapsed time=5.969
++ Job #19 finished; elapsed time=6.020
++ Job #10 finished; elapsed time=6.038
++ Job #12 finished; elapsed time=6.052
++ Job #14 finished; elapsed time=6.122
++ Job #15 finished; elapsed time=6.138
++ Job #18 finished; elapsed time=6.227
++ Job #0 now finishing up; elapsed time=6.246
++ Smallest FDR q [0 Full_Fstat] = 1.62909e-14
++ Smallest FDR q [2 HealthyPmod#0_Tstat] = 1.7001e-13
++ Smallest FDR q [4 HealthyPmod#1_Tstat] = 0.000969211
++ Smallest FDR q [5 HealthyPmod_Fstat] = 2.25549e-13
++ Smallest FDR q [7 UnhealthyPmod#0_Tstat] = 1.265e-13
++ Smallest FDR q [9 UnhealthyPmod#1_Tstat] = 0.0149401
++ Smallest FDR q [10 UnhealthyPmod_Fstat] = 1.50723e-13
++ Smallest FDR q [12 BidsNMiss#0_Tstat] = 4.35538e-14
++ Smallest FDR q [13 BidsNMiss_Fstat] = 4.35549e-14
++ Smallest FDR q [15 HealthyGtRest_GLT#0_Tstat] = 1.7001e-13
++ Smallest FDR q [16 HealthyGtRest_GLT_Fstat] = 1.7001e-13
++ Smallest FDR q [18 HealthyPmod_GLT#0_Tstat] = 0.000969211
++ Smallest FDR q [19 HealthyPmod_GLT_Fstat] = 0.000969329
++ Smallest FDR q [21 UnhealthyGtRest_GLT#0_Tstat] = 1.265e-13
++ Smallest FDR q [22 UnhealthyGtRest_GLT_Fstat] = 1.26497e-13
++ Smallest FDR q [24 UnhealthyPmod_GLT#0_Tstat] = 0.0149401
++ Smallest FDR q [25 UnhealthyPmod_GLT_Fstat] = 0.01494
++ Smallest FDR q [27 HealthyGtUnhealthy_GLT#0_Tstat] = 1.07587e-11
++ Smallest FDR q [28 HealthyGtUnhealthy_GLT_Fstat] = 1.07588e-11
++ Smallest FDR q [30 HealthyGtUnhealthyPmod_GLT#0_Tstat] = 0.0329723
++ Smallest FDR q [31 HealthyGtUnhealthyPmod_GLT_Fstat] = 0.0329691
++ Wrote bucket dataset into ./CHIVES1004_2CondPmod_stats+tlrc.BRIK
 + created 21 FDR curves in bucket header
++ Wrote 3D+time dataset into ./CHIVES1004_2CondPmod+tlrc.BRIK
++ Wrote 3D+time dataset into ./CHIVES1004_2CondPmod+tlrc.BRIK
++ Program finished; elapsed time=36.978
++ 3dREMLfit: AFNI version=AFNI_18.2.04 (Jul  6 2018) [64-bit]
++ Authored by: RWCox
** AFNI converts NIFTI_datatype=4 (INT16) in file /projects/sanlab/shared/CHIVES/bids_data/derivatives/fmriprep/sub-CHIVES1004/ses-wave1/func/s6_sub-CHIVES1004_ses-wave1_task-money_bold_space-MNI152NLin2009cAsym_preproc.nii to FLOAT32
     Warnings of this type will be muted for this session.
     Set AFNI_NIFTI_TYPE_WARN to YES to see them all, NO to see none.
++ Number of voxels in mask = 275926
++ Number of OpenMP threads = 15
++ -----  matrix condition (356x15):  3.36474  ++ VERY GOOD ++
++ Loading input dataset into memory
++ Converting input dataset to vector image
 +  dataset = 1.5 billion [giga] bytes
 +  vectim  = 394 million [mega] bytes
++ starting REML setup calculations; total CPU=0.00 Elapsed=4.20
 + X matrix: 90.169% of elements are nonzero
 + starting 15 OpenMP threads for REML setup
 + REML setup finished: matrix rows=356 cols=15; 109*1 cases; total CPU=0.00 Elapsed=4.22
 +  average case bandwidth = 13.00
++ REML voxel loop: [15 threads]0123456789.012
 + ARMA voxel parameters estimated: total CPU=0.00 Elapsed=21.17
++ GLSQ loop:0123456789.0123456789.0123456789.0123456789.0123456789.
 + GLSQ regression done: total CPU=0.00 Elapsed=54.96
++ Output dataset ./CHIVES1004_2CondPmod_stats_REMLvar+tlrc.BRIK
++ Output dataset ./CHIVES1004_2CondPmod_REML+tlrc.BRIK
[7m** ERROR:[0m output dataset name 'CHIVES1004_2CondPmod_REML' conflicts with existing file
[7m** ERROR:[0m dataset NOT written to disk!
++ creating FDR curves in dataset CHIVES1004_2CondPmod_stats_REML+tlrc
++ Smallest FDR q [0 Full_Fstat] = 3.34699e-14
++ Smallest FDR q [2 HealthyPmod#0_Tstat] = 2.02731e-12
[7m*+ WARNING:[0m Smallest FDR q [4 HealthyPmod#1_Tstat] = 0.882901 ==> few true single voxel detections
++ Smallest FDR q [5 HealthyPmod_Fstat] = 5.40489e-12
++ Smallest FDR q [7 UnhealthyPmod#0_Tstat] = 5.29478e-13
[7m*+ WARNING:[0m Smallest FDR q [9 UnhealthyPmod#1_Tstat] = 0.706338 ==> few true single voxel detections
++ Smallest FDR q [10 UnhealthyPmod_Fstat] = 8.93555e-13
++ Smallest FDR q [12 BidsNMiss#0_Tstat] = 8.16926e-14
++ Smallest FDR q [13 BidsNMiss_Fstat] = 8.16926e-14
++ Smallest FDR q [15 HealthyGtRest#0_Tstat] = 2.02731e-12
++ Smallest FDR q [16 HealthyGtRest_Fstat] = 2.02731e-12
[7m*+ WARNING:[0m Smallest FDR q [18 HealthyPmod#0_Tstat] = 0.882901 ==> few true single voxel detections
[7m*+ WARNING:[0m Smallest FDR q [19 HealthyPmod_Fstat] = 0.882902 ==> few true single voxel detections
++ Smallest FDR q [21 UnhealthyGtRest#0_Tstat] = 5.29478e-13
++ Smallest FDR q [22 UnhealthyGtRest_Fstat] = 5.29478e-13
[7m*+ WARNING:[0m Smallest FDR q [24 UnhealthyPmod#0_Tstat] = 0.706338 ==> few true single voxel detections
[7m*+ WARNING:[0m Smallest FDR q [25 UnhealthyPmod_Fstat] = 0.706338 ==> few true single voxel detections
++ Smallest FDR q [27 HealthyGtUnhealthy#0_Tstat] = 6.29846e-06
++ Smallest FDR q [28 HealthyGtUnhealthy_Fstat] = 6.29844e-06
[7m*+ WARNING:[0m Smallest FDR q [30 HealthyGtUnhealthyPmod#0_Tstat] = 0.677018 ==> few true single voxel detections
[7m*+ WARNING:[0m Smallest FDR q [31 HealthyGtUnhealthyPmod_Fstat] = 0.677017 ==> few true single voxel detections
 + Added 21 FDR curves to dataset CHIVES1004_2CondPmod_stats_REML+tlrc
++ Output dataset ./CHIVES1004_2CondPmod_stats_REML+tlrc.BRIK
 + unloading input dataset and REML matrices
++ 3dREMLfit is all done! total CPU=0.00 Elapsed=84.45
** AFNI converts NIFTI_datatype=4 (INT16) in file /projects/sanlab/shared/CHIVES/bids_data/derivatives/fmriprep/sub-CHIVES1004/ses-wave1/func/s6_sub-CHIVES1004_ses-wave1_task-money_bold_space-MNI152NLin2009cAsym_preproc.nii to FLOAT32
     Warnings of this type will be muted for this session.
     Set AFNI_NIFTI_TYPE_WARN to YES to see them all, NO to see none.
++ '-stim_times_AM1 3 /projects/sanlab/shared/CHIVES/CHIVES_WTP_scripts/behavioral/money/afni_timing_files/CHIVES1004/BidOnsDur.1D' has 1 auxiliary values per time point
++ '-stim_times_AM1 3': basis function model 'dmBLOCK(1)' uses 1 parameters,
    out of the 1 found in timing file '/projects/sanlab/shared/CHIVES/CHIVES_WTP_scripts/behavioral/money/afni_timing_files/CHIVES1004/BidOnsDur.1D'
++ 3dDeconvolve extending num_stimts from 3 to 7 due to -ortvec
++ 3dDeconvolve: AFNI version=AFNI_18.2.04 (Jul  6 2018) [64-bit]
++ Authored by: B. Douglas Ward, et al.
++ current memory malloc-ated = 265,429 bytes (about 265 thousand [kilo])
++ loading dataset /projects/sanlab/shared/CHIVES/bids_data/derivatives/fmriprep/sub-CHIVES1004/ses-wave1/func/s6_sub-CHIVES1004_ses-wave1_task-money_bold_space-MNI152NLin2009cAsym_preproc.nii
++ current memory malloc-ated = 1,541,086,141 bytes (about 1.5 billion [giga])
++ forcibly using TR=2.0000 seconds for -input dataset
++ Skipping check for initial transients
++ Imaging duration=712.0 s; Automatic polort=5
++ -stim_times using TR=2 s for stimulus timing conversion
++ -stim_times using TR=2 s for any -iresp output datasets
++  [you can alter the -iresp TR via the -TR_times option]
++ ** -stim_times NOTE ** guessing GLOBAL times if 1 time per line; LOCAL otherwise
++ ** GUESSED ** -stim_times 1 using LOCAL times
++ ** GUESSED ** -stim_times 2 using LOCAL times
++ ** GUESSED ** -stim_times_AM1 3 using LOCAL times
------------------------------------------------------------
GLT matrix from 'SYM: Healthy':
   0   0   0   0   0   0   1   0   0   0   0   0   0 
 
------------------------------------------------------------
GLT matrix from 'SYM: Unhealthy':
   0   0   0   0   0   0   0   1   0   0   0   0   0 
 
------------------------------------------------------------
GLT matrix from 'SYM: Healthy -Unhealthy':
   0   0   0   0   0   0   1  -1   0   0   0   0   0 
 
++ Number of time points: 356 (no censoring)
 + Number of parameters:  13 [10 baseline ; 3 signal]
++ total shared memory needed = 3,163,870,340 bytes (about 3.2 billion [giga])
++ current memory malloc-ated = 1,542,214,053 bytes (about 1.5 billion [giga])
++ mmap() memory allocated: 3,163,870,340 bytes (about 3.2 billion [giga])
++ Memory required for output bricks = 3,163,870,340 bytes (about 3.2 billion [giga])
++ Wrote matrix values to file CHIVES1004_2Cond_xmat.1D
++ ========= Things you can do with the matrix file =========
++ (a) Linear regression with ARMA(1,1) modeling of serial correlation:

3dREMLfit -matrix CHIVES1004_2Cond_xmat.1D -input /projects/sanlab/shared/CHIVES/bids_data/derivatives/fmriprep/sub-CHIVES1004/ses-wave1/func/s6_sub-CHIVES1004_ses-wave1_task-money_bold_space-MNI152NLin2009cAsym_preproc.nii \
 -mask /projects/sanlab/shared/CHIVES/bids_data/derivatives/fmriprep/sub-CHIVES1004/ses-wave1/func/sub-CHIVES1004_ses-wave1_task-money_bold_space-MNI152NLin2009cAsym_brainmask.nii.gz \
 -fout -tout -Rbuck CHIVES1004_2Cond_stats_REML -Rvar CHIVES1004_2Cond_stats_REMLvar \
 -Rfitts CHIVES1004_2Cond_REML -Rerrts CHIVES1004_2Cond_REML -verb
 
++ N.B.: 3dREMLfit command above written to file CHIVES1004_2Cond_stats.REML_cmd
++ (b) Visualization/analysis of the matrix via ExamineXmat.R
++ (c) Synthesis of sub-model datasets using 3dSynthesize
++ ==========================================================
++ Wrote matrix values to file CHIVES1004_2Cond_uncensor_xmat.1D
++ ----- Signal+Baseline matrix condition [X] (356x13):  3.36168  ++ VERY GOOD ++
++ ----- Signal-only matrix condition [X] (356x3):  1.50637  ++ VERY GOOD ++
++ ----- Baseline-only matrix condition [X] (356x10):  3.30559  ++ VERY GOOD ++
++ ----- stim_base-only matrix condition [X] (356x4):  1.34612  ++ VERY GOOD ++
++ ----- polort-only matrix condition [X] (356x6):  1.0153  ++ VERY GOOD ++
++ +++++ Matrix inverse average error = 1.33455e-15  ++ VERY GOOD ++
++ Matrix setup time = 0.02 s
++ Voxels in dataset: 1082035
++ Voxels in mask:    275926
++ Voxels per job:    13796
++ Job #1: processing voxels 185633 to 247796; elapsed time=4.287
++ Job #2: processing voxels 247797 to 287159; elapsed time=4.306
++ Job #3: processing voxels 287160 to 326274; elapsed time=4.328
++ Job #4: processing voxels 326275 to 354556; elapsed time=4.348
++ Job #5: processing voxels 354557 to 385075; elapsed time=4.371
++ Job #6: processing voxels 385076 to 415020; elapsed time=4.392
++ Job #7: processing voxels 415021 to 441218; elapsed time=4.416
++ Job #8: processing voxels 441219 to 470577; elapsed time=4.438
++ Job #9: processing voxels 470578 to 496806; elapsed time=4.463
++ Job #10: processing voxels 496807 to 526570; elapsed time=4.486
++ Job #11: processing voxels 526571 to 553332; elapsed time=4.511
++ Job #12: processing voxels 553333 to 584360; elapsed time=4.535
++ Job #13: processing voxels 584361 to 615915; elapsed time=4.574
++ Job #14: processing voxels 615916 to 644798; elapsed time=4.625
++ Job #15: processing voxels 644799 to 682729; elapsed time=4.660
++ Job #16: processing voxels 682730 to 718721; elapsed time=4.689
++ Job #17: processing voxels 718722 to 762354; elapsed time=4.704
++ Job #18: processing voxels 762355 to 817464; elapsed time=4.747
++ Job #19: processing voxels 817465 to 1082034; elapsed time=4.763
++ Job #0: processing voxels 0 to 185632; elapsed time=4.773
++ voxel loop:0123456789.0123456789.0123456789.0123456++ Job #4 finished; elapsed time=5.257
78++ Job #1 finished; elapsed time=5.280
++ Job #6 finished; elapsed time=5.303
++ Job #3 finished; elapsed time=5.309
9.++ Job #5 finished; elapsed time=5.337
++ Job #8 finished; elapsed time=5.352
01++ Job #7 finished; elapsed time=5.377
2++ Job #9 finished; elapsed time=5.414
++ Job #11 finished; elapsed time=5.461
34++ Job #2 finished; elapsed time=5.499
5++ Job #13 finished; elapsed time=5.530
++ Job #14 finished; elapsed time=5.590
678++ Job #17 finished; elapsed time=5.686
++ Job #10 finished; elapsed time=5.712
9.
++ Job #0 waiting for children to finish; elapsed time=5.741
++ Job #12 finished; elapsed time=5.771
++ Job #19 finished; elapsed time=5.802
++ Job #15 finished; elapsed time=5.890
++ Job #16 finished; elapsed time=5.902
++ Job #18 finished; elapsed time=5.969
++ Job #0 now finishing up; elapsed time=5.989
++ Smallest FDR q [0 Full_Fstat] = 1.37105e-14
++ Smallest FDR q [2 Healthy#0_Tstat] = 1.72317e-13
++ Smallest FDR q [3 Healthy_Fstat] = 1.7231e-13
++ Smallest FDR q [5 Unhealthy#0_Tstat] = 1.27004e-13
++ Smallest FDR q [6 Unhealthy_Fstat] = 1.27004e-13
++ Smallest FDR q [8 BidsNMiss#0_Tstat] = 4.34059e-14
++ Smallest FDR q [9 BidsNMiss_Fstat] = 4.34066e-14
++ Smallest FDR q [11 HealthyGtRest_GLT#0_Tstat] = 1.72317e-13
++ Smallest FDR q [12 HealthyGtRest_GLT_Fstat] = 1.7231e-13
++ Smallest FDR q [14 UnhealthyGtRest_GLT#0_Tstat] = 1.27004e-13
++ Smallest FDR q [15 UnhealthyGtRest_GLT_Fstat] = 1.27002e-13
++ Smallest FDR q [17 HealthyGtUnhealthy_GLT#0_Tstat] = 1.1987e-11
++ Smallest FDR q [18 HealthyGtUnhealthy_GLT_Fstat] = 1.19861e-11
++ Wrote bucket dataset into ./CHIVES1004_2Cond_stats+tlrc.BRIK
 + created 13 FDR curves in bucket header
++ Wrote 3D+time dataset into ./CHIVES1004_2Cond+tlrc.BRIK
++ Wrote 3D+time dataset into ./CHIVES1004_2Cond+tlrc.BRIK
++ Program finished; elapsed time=25.019
++ 3dREMLfit: AFNI version=AFNI_18.2.04 (Jul  6 2018) [64-bit]
++ Authored by: RWCox
** AFNI converts NIFTI_datatype=4 (INT16) in file /projects/sanlab/shared/CHIVES/bids_data/derivatives/fmriprep/sub-CHIVES1004/ses-wave1/func/s6_sub-CHIVES1004_ses-wave1_task-money_bold_space-MNI152NLin2009cAsym_preproc.nii to FLOAT32
     Warnings of this type will be muted for this session.
     Set AFNI_NIFTI_TYPE_WARN to YES to see them all, NO to see none.
++ Number of voxels in mask = 275926
++ Number of OpenMP threads = 15
++ -----  matrix condition (356x13):  3.36168  ++ VERY GOOD ++
++ Loading input dataset into memory
++ Converting input dataset to vector image
 +  dataset = 1.5 billion [giga] bytes
 +  vectim  = 394 million [mega] bytes
++ starting REML setup calculations; total CPU=0.00 Elapsed=4.40
 + X matrix: 94.274% of elements are nonzero
 + starting 15 OpenMP threads for REML setup
 + REML setup finished: matrix rows=356 cols=13; 109*1 cases; total CPU=0.00 Elapsed=4.43
 +  average case bandwidth = 13.00
++ REML voxel loop: [15 threads]0123456789.012
 + ARMA voxel parameters estimated: total CPU=0.00 Elapsed=20.93
++ GLSQ loop:0123456789.0123456789.0123456789.0123456789.0123456789.
 + GLSQ regression done: total CPU=0.00 Elapsed=47.42
++ Output dataset ./CHIVES1004_2Cond_stats_REMLvar+tlrc.BRIK
++ Output dataset ./CHIVES1004_2Cond_REML+tlrc.BRIK
[7m** ERROR:[0m output dataset name 'CHIVES1004_2Cond_REML' conflicts with existing file
[7m** ERROR:[0m dataset NOT written to disk!
++ creating FDR curves in dataset CHIVES1004_2Cond_stats_REML+tlrc
++ Smallest FDR q [0 Full_Fstat] = 2.54623e-14
++ Smallest FDR q [2 Healthy#0_Tstat] = 2.05787e-12
++ Smallest FDR q [3 Healthy_Fstat] = 2.05787e-12
++ Smallest FDR q [5 Unhealthy#0_Tstat] = 5.49715e-13
++ Smallest FDR q [6 Unhealthy_Fstat] = 5.49715e-13
++ Smallest FDR q [8 BidsNMiss#0_Tstat] = 8.10142e-14
++ Smallest FDR q [9 BidsNMiss_Fstat] = 8.10145e-14
++ Smallest FDR q [11 HealthyGtRest#0_Tstat] = 2.05787e-12
++ Smallest FDR q [12 HealthyGtRest_Fstat] = 2.05787e-12
++ Smallest FDR q [14 UnhealthyGtRest#0_Tstat] = 5.49715e-13
++ Smallest FDR q [15 UnhealthyGtRest_Fstat] = 5.49715e-13
++ Smallest FDR q [17 HealthyGtUnhealthy#0_Tstat] = 9.54681e-06
++ Smallest FDR q [18 HealthyGtUnhealthy_Fstat] = 9.54679e-06
 + Added 13 FDR curves to dataset CHIVES1004_2Cond_stats_REML+tlrc
++ Output dataset ./CHIVES1004_2Cond_stats_REML+tlrc.BRIK
 + unloading input dataset and REML matrices
++ 3dREMLfit is all done! total CPU=0.00 Elapsed=66.44
