** AFNI converts NIFTI_datatype=4 (INT16) in file /projects/sanlab/shared/CHIVES/bids_data/derivatives/fmriprep/sub-CHIVES1045/ses-wave1/func/s6_sub-CHIVES1045_ses-wave1_task-money_bold_space-MNI152NLin2009cAsym_preproc.nii to FLOAT32
     Warnings of this type will be muted for this session.
     Set AFNI_NIFTI_TYPE_WARN to YES to see them all, NO to see none.
++ '-stim_times_AM2 1 /projects/sanlab/shared/CHIVES/CHIVES_WTP_scripts/behavioral/money/afni_timing_files/CHIVES1045/AllCondsPmod.1D' has 1 auxiliary values per time point
++ '-stim_times_AM2 1 /projects/sanlab/shared/CHIVES/CHIVES_WTP_scripts/behavioral/money/afni_timing_files/CHIVES1045/AllCondsPmod.1D' will have 2 regressors
++ '-stim_times_AM1 2 /projects/sanlab/shared/CHIVES/CHIVES_WTP_scripts/behavioral/money/afni_timing_files/CHIVES1045/BidOnsDur.1D' has 1 auxiliary values per time point
++ '-stim_times_AM1 2': basis function model 'dmBLOCK(1)' uses 1 parameters,
    out of the 1 found in timing file '/projects/sanlab/shared/CHIVES/CHIVES_WTP_scripts/behavioral/money/afni_timing_files/CHIVES1045/BidOnsDur.1D'
++ 3dDeconvolve extending num_stimts from 2 to 6 due to -ortvec
++ 3dDeconvolve: AFNI version=AFNI_18.2.04 (Jul  6 2018) [64-bit]
++ Authored by: B. Douglas Ward, et al.
++ current memory malloc-ated = 260,017 bytes (about 260 thousand [kilo])
++ loading dataset /projects/sanlab/shared/CHIVES/bids_data/derivatives/fmriprep/sub-CHIVES1045/ses-wave1/func/s6_sub-CHIVES1045_ses-wave1_task-money_bold_space-MNI152NLin2009cAsym_preproc.nii
++ current memory malloc-ated = 1,545,408,877 bytes (about 1.5 billion [giga])
++ forcibly using TR=2.0000 seconds for -input dataset
++ Skipping check for initial transients
++ Imaging duration=714.0 s; Automatic polort=5
++ -stim_times using TR=2 s for stimulus timing conversion
++ -stim_times using TR=2 s for any -iresp output datasets
++  [you can alter the -iresp TR via the -TR_times option]
++ ** -stim_times NOTE ** guessing GLOBAL times if 1 time per line; LOCAL otherwise
++ ** GUESSED ** -stim_times_AM2 1 using LOCAL times
++ '-stim_times_AM2 1' average amplitude#1=0.737288
++ ** GUESSED ** -stim_times_AM1 2 using LOCAL times
------------------------------------------------------------
GLT matrix from 'SYM: AllConds[0]':
   0   0   0   0   0   0   1   0   0   0   0   0   0 
 
------------------------------------------------------------
GLT matrix from 'SYM: AllConds[1]':
   0   0   0   0   0   0   0   1   0   0   0   0   0 
 
++ Number of time points: 357 (before censor) ; 355 (after)
 + Number of parameters:  13 [10 baseline ; 3 signal]
++ total shared memory needed = 3,155,214,060 bytes (about 3.2 billion [giga])
++ current memory malloc-ated = 1,546,536,818 bytes (about 1.5 billion [giga])
++ mmap() memory allocated: 3,155,214,060 bytes (about 3.2 billion [giga])
++ Memory required for output bricks = 3,155,214,060 bytes (about 3.2 billion [giga])
++ Wrote matrix values to file CHIVES1045_AllCondPmod_xmat.1D
++ ========= Things you can do with the matrix file =========
++ (a) Linear regression with ARMA(1,1) modeling of serial correlation:

3dREMLfit -matrix CHIVES1045_AllCondPmod_xmat.1D -input /projects/sanlab/shared/CHIVES/bids_data/derivatives/fmriprep/sub-CHIVES1045/ses-wave1/func/s6_sub-CHIVES1045_ses-wave1_task-money_bold_space-MNI152NLin2009cAsym_preproc.nii \
 -mask /projects/sanlab/shared/CHIVES/bids_data/derivatives/fmriprep/sub-CHIVES1045/ses-wave1/func/sub-CHIVES1045_ses-wave1_task-money_bold_space-MNI152NLin2009cAsym_brainmask.nii.gz \
 -fout -tout -Rbuck CHIVES1045_AllCondPmod_stats_REML -Rvar CHIVES1045_AllCondPmod_stats_REMLvar \
 -Rfitts CHIVES1045_AllCondPmod_REML -Rerrts CHIVES1045_AllCondPmod_REML -verb
 
++ N.B.: 3dREMLfit command above written to file CHIVES1045_AllCondPmod_stats.REML_cmd
++ (b) Visualization/analysis of the matrix via ExamineXmat.R
++ (c) Synthesis of sub-model datasets using 3dSynthesize
++ ==========================================================
++ Wrote matrix values to file CHIVES1045_AllCondPmod_uncensor_xmat.1D
++ ----- Signal+Baseline matrix condition [X] (355x13):  4.15492  ++ VERY GOOD ++
++ ----- Signal-only matrix condition [X] (355x3):  1.55364  ++ VERY GOOD ++
++ ----- Baseline-only matrix condition [X] (355x10):  4.13643  ++ VERY GOOD ++
++ ----- stim_base-only matrix condition [X] (355x4):  2.59343  ++ VERY GOOD ++
++ ----- polort-only matrix condition [X] (355x6):  1.01689  ++ VERY GOOD ++
++ +++++ Matrix inverse average error = 1.89121e-15  ++ VERY GOOD ++
++ Matrix setup time = 0.02 s
++ Voxels in dataset: 1082035
++ Voxels in mask:    264222
++ Voxels per job:    13211
++ Job #1: processing voxels 184666 to 241467; elapsed time=4.574
++ Job #2: processing voxels 241468 to 285708; elapsed time=4.593
++ Job #3: processing voxels 285709 to 321204; elapsed time=4.615
++ Job #4: processing voxels 321205 to 352548; elapsed time=4.635
++ Job #5: processing voxels 352549 to 382813; elapsed time=4.657
++ Job #6: processing voxels 382814 to 408581; elapsed time=4.679
++ Job #7: processing voxels 408582 to 437627; elapsed time=4.704
++ Job #8: processing voxels 437628 to 463104; elapsed time=4.729
++ Job #9: processing voxels 463105 to 488931; elapsed time=4.753
++ Job #10: processing voxels 488932 to 517901; elapsed time=4.776
++ Job #11: processing voxels 517902 to 544000; elapsed time=4.801
++ Job #12: processing voxels 544001 to 574065; elapsed time=4.824
++ Job #13: processing voxels 574066 to 604965; elapsed time=4.862
++ Job #14: processing voxels 604966 to 632684; elapsed time=4.873
++ Job #15: processing voxels 632685 to 665589; elapsed time=4.897
++ Job #16: processing voxels 665590 to 705136; elapsed time=4.936
++ Job #17: processing voxels 705137 to 742513; elapsed time=4.948
++ Job #18: processing voxels 742514 to 796213; elapsed time=4.986
++ Job #19: processing voxels 796214 to 1082034; elapsed time=4.997
++ Job #0: processing voxels 0 to 184665; elapsed time=5.007
++ voxel loop:0123456789.0123456789.0123456789.0123456++ Job #2 finished; elapsed time=5.367
789.++ Job #4 finished; elapsed time=5.411
++ Job #6 finished; elapsed time=5.452
012++ Job #5 finished; elapsed time=5.474
++ Job #8 finished; elapsed time=5.497
++ Job #7 finished; elapsed time=5.518
3++ Job #10 finished; elapsed time=5.552
++ Job #9 finished; elapsed time=5.553
45++ Job #12 finished; elapsed time=5.603
6++ Job #14 finished; elapsed time=5.651
++ Job #1 finished; elapsed time=5.662
78++ Job #15 finished; elapsed time=5.679
++ Job #3 finished; elapsed time=5.705
++ Job #17 finished; elapsed time=5.733
9.
++ Job #0 waiting for children to finish; elapsed time=5.762
++ Job #19 finished; elapsed time=5.815
++ Job #11 finished; elapsed time=5.840
++ Job #13 finished; elapsed time=5.971
++ Job #16 finished; elapsed time=5.982
++ Job #18 finished; elapsed time=6.048
++ Job #0 now finishing up; elapsed time=6.066
++ Smallest FDR q [0 Full_Fstat] = 1.41479e-14
++ Smallest FDR q [2 AllConds#0_Tstat] = 1.09725e-13
++ Smallest FDR q [4 AllConds#1_Tstat] = 0.0327679
++ Smallest FDR q [5 AllConds_Fstat] = 1.42035e-13
++ Smallest FDR q [7 BidsNMiss#0_Tstat] = 3.47858e-14
++ Smallest FDR q [8 BidsNMiss_Fstat] = 3.47823e-14
++ Smallest FDR q [10 CondGtRest_GLT#0_Tstat] = 1.09725e-13
++ Smallest FDR q [11 CondGtRest_GLT_Fstat] = 1.09721e-13
++ Smallest FDR q [13 Pmod_GLT#0_Tstat] = 0.0327679
++ Smallest FDR q [14 Pmod_GLT_Fstat] = 0.032769
++ Wrote bucket dataset into ./CHIVES1045_AllCondPmod_stats+tlrc.BRIK
 + created 10 FDR curves in bucket header
++ Wrote 3D+time dataset into ./CHIVES1045_AllCondPmod+tlrc.BRIK
++ Wrote 3D+time dataset into ./CHIVES1045_AllCondPmod+tlrc.BRIK
++ Program finished; elapsed time=21.310
++ 3dREMLfit: AFNI version=AFNI_18.2.04 (Jul  6 2018) [64-bit]
++ Authored by: RWCox
** AFNI converts NIFTI_datatype=4 (INT16) in file /projects/sanlab/shared/CHIVES/bids_data/derivatives/fmriprep/sub-CHIVES1045/ses-wave1/func/s6_sub-CHIVES1045_ses-wave1_task-money_bold_space-MNI152NLin2009cAsym_preproc.nii to FLOAT32
     Warnings of this type will be muted for this session.
     Set AFNI_NIFTI_TYPE_WARN to YES to see them all, NO to see none.
++ Number of voxels in mask = 264222
++ Number of OpenMP threads = 15
++ -----  matrix condition (355x13):  4.15492  ++ VERY GOOD ++
++ Loading input dataset into memory
++ Converting input dataset to vector image
 +  dataset = 1.5 billion [giga] bytes
 +  vectim  = 378 million [mega] bytes
++ starting REML setup calculations; total CPU=0.00 Elapsed=4.18
 + X matrix: 99.632% of elements are nonzero
 + starting 15 OpenMP threads for REML setup
 + REML setup finished: matrix rows=355 cols=13; 109*1 cases; total CPU=0.00 Elapsed=4.20
 +  average case bandwidth = 12.94
++ REML voxel loop: [15 threads]0123456789.012
 + ARMA voxel parameters estimated: total CPU=0.00 Elapsed=20.67
++ GLSQ loop:0123456789.0123456789.0123456789.0123456789.0123456789.
 + GLSQ regression done: total CPU=0.00 Elapsed=43.42
++ Output dataset ./CHIVES1045_AllCondPmod_stats_REMLvar+tlrc.BRIK
++ Output dataset ./CHIVES1045_AllCondPmod_REML+tlrc.BRIK
[7m** ERROR:[0m output dataset name 'CHIVES1045_AllCondPmod_REML' conflicts with existing file
[7m** ERROR:[0m dataset NOT written to disk!
++ creating FDR curves in dataset CHIVES1045_AllCondPmod_stats_REML+tlrc
++ Smallest FDR q [0 Full_Fstat] = 2.52044e-14
++ Smallest FDR q [2 AllConds#0_Tstat] = 2.2575e-13
[7m*+ WARNING:[0m Smallest FDR q [4 AllConds#1_Tstat] = 0.999887 ==> few true single voxel detections
++ Smallest FDR q [5 AllConds_Fstat] = 3.75346e-13
++ Smallest FDR q [7 BidsNMiss#0_Tstat] = 9.53835e-14
++ Smallest FDR q [8 BidsNMiss_Fstat] = 9.53835e-14
++ Smallest FDR q [10 CondGtRest#0_Tstat] = 2.2575e-13
++ Smallest FDR q [11 CondGtRest_Fstat] = 2.2575e-13
[7m*+ WARNING:[0m Smallest FDR q [13 Pmod#0_Tstat] = 0.999887 ==> few true single voxel detections
[7m*+ WARNING:[0m Smallest FDR q [14 Pmod_Fstat] = 0.999887 ==> few true single voxel detections
 + Added 10 FDR curves to dataset CHIVES1045_AllCondPmod_stats_REML+tlrc
++ Output dataset ./CHIVES1045_AllCondPmod_stats_REML+tlrc.BRIK
 + unloading input dataset and REML matrices
++ 3dREMLfit is all done! total CPU=0.00 Elapsed=58.01
** AFNI converts NIFTI_datatype=4 (INT16) in file /projects/sanlab/shared/CHIVES/bids_data/derivatives/fmriprep/sub-CHIVES1045/ses-wave1/func/s6_sub-CHIVES1045_ses-wave1_task-money_bold_space-MNI152NLin2009cAsym_preproc.nii to FLOAT32
     Warnings of this type will be muted for this session.
     Set AFNI_NIFTI_TYPE_WARN to YES to see them all, NO to see none.
++ '-stim_times_AM2 1 /projects/sanlab/shared/CHIVES/CHIVES_WTP_scripts/behavioral/money/afni_timing_files/CHIVES1045/HealthyPmod.1D' has 1 auxiliary values per time point
++ '-stim_times_AM2 1 /projects/sanlab/shared/CHIVES/CHIVES_WTP_scripts/behavioral/money/afni_timing_files/CHIVES1045/HealthyPmod.1D' will have 2 regressors
++ '-stim_times_AM2 2 /projects/sanlab/shared/CHIVES/CHIVES_WTP_scripts/behavioral/money/afni_timing_files/CHIVES1045/UnhealthyPmod.1D' has 1 auxiliary values per time point
++ '-stim_times_AM2 2 /projects/sanlab/shared/CHIVES/CHIVES_WTP_scripts/behavioral/money/afni_timing_files/CHIVES1045/UnhealthyPmod.1D' will have 2 regressors
++ '-stim_times_AM1 3 /projects/sanlab/shared/CHIVES/CHIVES_WTP_scripts/behavioral/money/afni_timing_files/CHIVES1045/BidOnsDur.1D' has 1 auxiliary values per time point
++ '-stim_times_AM1 3': basis function model 'dmBLOCK(1)' uses 1 parameters,
    out of the 1 found in timing file '/projects/sanlab/shared/CHIVES/CHIVES_WTP_scripts/behavioral/money/afni_timing_files/CHIVES1045/BidOnsDur.1D'
++ 3dDeconvolve extending num_stimts from 3 to 7 due to -ortvec
++ 3dDeconvolve: AFNI version=AFNI_18.2.04 (Jul  6 2018) [64-bit]
++ Authored by: B. Douglas Ward, et al.
++ current memory malloc-ated = 287,283 bytes (about 287 thousand [kilo])
++ loading dataset /projects/sanlab/shared/CHIVES/bids_data/derivatives/fmriprep/sub-CHIVES1045/ses-wave1/func/s6_sub-CHIVES1045_ses-wave1_task-money_bold_space-MNI152NLin2009cAsym_preproc.nii
++ current memory malloc-ated = 1,545,436,143 bytes (about 1.5 billion [giga])
++ forcibly using TR=2.0000 seconds for -input dataset
++ Skipping check for initial transients
++ Imaging duration=714.0 s; Automatic polort=5
++ -stim_times using TR=2 s for stimulus timing conversion
++ -stim_times using TR=2 s for any -iresp output datasets
++  [you can alter the -iresp TR via the -TR_times option]
++ ** -stim_times NOTE ** guessing GLOBAL times if 1 time per line; LOCAL otherwise
++ ** GUESSED ** -stim_times_AM2 1 using LOCAL times
++ '-stim_times_AM2 1' average amplitude#1=0.916667
++ ** GUESSED ** -stim_times_AM2 2 using LOCAL times
++ '-stim_times_AM2 2' average amplitude#1=0.551724
++ ** GUESSED ** -stim_times_AM1 3 using LOCAL times
------------------------------------------------------------
GLT matrix from 'SYM: HealthyPmod[0]':
   0   0   0   0   0   0   1   0   0   0   0   0   0   0   0 
 
------------------------------------------------------------
GLT matrix from 'SYM: HealthyPmod[1]':
   0   0   0   0   0   0   0   1   0   0   0   0   0   0   0 
 
------------------------------------------------------------
GLT matrix from 'SYM: UnhealthyPmod[0]':
   0   0   0   0   0   0   0   0   1   0   0   0   0   0   0 
 
------------------------------------------------------------
GLT matrix from 'SYM: UnhealthyPmod[1]':
   0   0   0   0   0   0   0   0   0   1   0   0   0   0   0 
 
------------------------------------------------------------
GLT matrix from 'SYM: HealthyPmod[0] -UnhealthyPmod[0]':
   0   0   0   0   0   0   1   0  -1   0   0   0   0   0   0 
 
------------------------------------------------------------
GLT matrix from 'SYM: HealthyPmod[1] -UnhealthyPmod[1]':
   0   0   0   0   0   0   0   1   0  -1   0   0   0   0   0 
 
++ Number of time points: 357 (before censor) ; 355 (after)
 + Number of parameters:  15 [10 baseline ; 5 signal]
++ total shared memory needed = 3,228,792,440 bytes (about 3.2 billion [giga])
++ current memory malloc-ated = 1,546,568,652 bytes (about 1.5 billion [giga])
++ mmap() memory allocated: 3,228,792,440 bytes (about 3.2 billion [giga])
++ Memory required for output bricks = 3,228,792,440 bytes (about 3.2 billion [giga])
++ Wrote matrix values to file CHIVES1045_2CondPmod_xmat.1D
++ ========= Things you can do with the matrix file =========
++ (a) Linear regression with ARMA(1,1) modeling of serial correlation:

3dREMLfit -matrix CHIVES1045_2CondPmod_xmat.1D -input /projects/sanlab/shared/CHIVES/bids_data/derivatives/fmriprep/sub-CHIVES1045/ses-wave1/func/s6_sub-CHIVES1045_ses-wave1_task-money_bold_space-MNI152NLin2009cAsym_preproc.nii \
 -mask /projects/sanlab/shared/CHIVES/bids_data/derivatives/fmriprep/sub-CHIVES1045/ses-wave1/func/sub-CHIVES1045_ses-wave1_task-money_bold_space-MNI152NLin2009cAsym_brainmask.nii.gz \
 -fout -tout -Rbuck CHIVES1045_2CondPmod_stats_REML -Rvar CHIVES1045_2CondPmod_stats_REMLvar \
 -Rfitts CHIVES1045_2CondPmod_REML -Rerrts CHIVES1045_2CondPmod_REML -verb
 
++ N.B.: 3dREMLfit command above written to file CHIVES1045_2CondPmod_stats.REML_cmd
++ (b) Visualization/analysis of the matrix via ExamineXmat.R
++ (c) Synthesis of sub-model datasets using 3dSynthesize
++ ==========================================================
++ Wrote matrix values to file CHIVES1045_2CondPmod_uncensor_xmat.1D
++ ----- Signal+Baseline matrix condition [X] (355x15):  4.18452  ++ VERY GOOD ++
++ ----- Signal-only matrix condition [X] (355x5):  1.55396  ++ VERY GOOD ++
++ ----- Baseline-only matrix condition [X] (355x10):  4.13643  ++ VERY GOOD ++
++ ----- stim_base-only matrix condition [X] (355x4):  2.59343  ++ VERY GOOD ++
++ ----- polort-only matrix condition [X] (355x6):  1.01689  ++ VERY GOOD ++
++ +++++ Matrix inverse average error = 1.59657e-15  ++ VERY GOOD ++
++ Matrix setup time = 0.02 s
++ Voxels in dataset: 1082035
++ Voxels in mask:    264222
++ Voxels per job:    13211
++ Job #1: processing voxels 184666 to 241467; elapsed time=4.293
++ Job #2: processing voxels 241468 to 285708; elapsed time=4.313
++ Job #3: processing voxels 285709 to 321204; elapsed time=4.337
++ Job #4: processing voxels 321205 to 352548; elapsed time=4.358
++ Job #5: processing voxels 352549 to 382813; elapsed time=4.381
++ Job #6: processing voxels 382814 to 408581; elapsed time=4.403
++ Job #7: processing voxels 408582 to 437627; elapsed time=4.427
++ Job #8: processing voxels 437628 to 463104; elapsed time=4.450
++ Job #9: processing voxels 463105 to 488931; elapsed time=4.474
++ Job #10: processing voxels 488932 to 517901; elapsed time=4.497
++ Job #11: processing voxels 517902 to 544000; elapsed time=4.522
++ Job #12: processing voxels 544001 to 574065; elapsed time=4.546
++ Job #13: processing voxels 574066 to 604965; elapsed time=4.585
++ Job #14: processing voxels 604966 to 632684; elapsed time=4.596
++ Job #15: processing voxels 632685 to 665589; elapsed time=4.631
++ Job #16: processing voxels 665590 to 705136; elapsed time=4.646
++ Job #17: processing voxels 705137 to 742513; elapsed time=4.682
++ Job #18: processing voxels 742514 to 796213; elapsed time=4.710
++ Job #19: processing voxels 796214 to 1082034; elapsed time=4.722
++ Job #0: processing voxels 0 to 184665; elapsed time=4.732
++ voxel loop:0123456789.0123456789.0123456789.0123456789.012++ Job #2 finished; elapsed time=5.411
++ Job #1 finished; elapsed time=5.446
++ Job #4 finished; elapsed time=5.449
++ Job #6 finished; elapsed time=5.490
34++ Job #5 finished; elapsed time=5.511
5++ Job #8 finished; elapsed time=5.530
++ Job #7 finished; elapsed time=5.554
++ Job #3 finished; elapsed time=5.555
++ Job #10 finished; elapsed time=5.585
++ Job #12 finished; elapsed time=5.634
6++ Job #9 finished; elapsed time=5.662
78++ Job #14 finished; elapsed time=5.679
++ Job #11 finished; elapsed time=5.719
++ Job #15 finished; elapsed time=5.735
++ Job #16 finished; elapsed time=5.742
++ Job #13 finished; elapsed time=5.758
9.
++ Job #0 waiting for children to finish; elapsed time=5.799
++ Job #19 finished; elapsed time=5.844
++ Job #17 finished; elapsed time=6.170
++ Job #18 finished; elapsed time=6.203
++ Job #0 now finishing up; elapsed time=6.222
++ Smallest FDR q [0 Full_Fstat] = 1.47308e-14
++ Smallest FDR q [2 HealthyPmod#0_Tstat] = 5.19771e-13
++ Smallest FDR q [4 HealthyPmod#1_Tstat] = 0.0141556
++ Smallest FDR q [5 HealthyPmod_Fstat] = 7.96858e-13
++ Smallest FDR q [7 UnhealthyPmod#0_Tstat] = 2.70284e-13
[7m*+ WARNING:[0m Smallest FDR q [9 UnhealthyPmod#1_Tstat] = 0.239346 ==> few true single voxel detections
++ Smallest FDR q [10 UnhealthyPmod_Fstat] = 3.73132e-13
++ Smallest FDR q [12 BidsNMiss#0_Tstat] = 3.4377e-14
++ Smallest FDR q [13 BidsNMiss_Fstat] = 3.43722e-14
++ Smallest FDR q [15 HealthyGtRest_GLT#0_Tstat] = 5.19771e-13
++ Smallest FDR q [16 HealthyGtRest_GLT_Fstat] = 5.19756e-13
++ Smallest FDR q [18 HealthyPmod_GLT#0_Tstat] = 0.0141556
++ Smallest FDR q [19 HealthyPmod_GLT_Fstat] = 0.0141555
++ Smallest FDR q [21 UnhealthyGtRest_GLT#0_Tstat] = 2.70284e-13
++ Smallest FDR q [22 UnhealthyGtRest_GLT_Fstat] = 2.70277e-13
[7m*+ WARNING:[0m Smallest FDR q [24 UnhealthyPmod_GLT#0_Tstat] = 0.239346 ==> few true single voxel detections
[7m*+ WARNING:[0m Smallest FDR q [25 UnhealthyPmod_GLT_Fstat] = 0.238782 ==> few true single voxel detections
[7m*+ WARNING:[0m Smallest FDR q [27 HealthyGtUnhealthy_GLT#0_Tstat] = 0.473018 ==> few true single voxel detections
[7m*+ WARNING:[0m Smallest FDR q [28 HealthyGtUnhealthy_GLT_Fstat] = 0.471843 ==> few true single voxel detections
++ Smallest FDR q [30 HealthyGtUnhealthyPmod_GLT#0_Tstat] = 0.0747541
++ Smallest FDR q [31 HealthyGtUnhealthyPmod_GLT_Fstat] = 0.0747524
++ Wrote bucket dataset into ./CHIVES1045_2CondPmod_stats+tlrc.BRIK
 + created 21 FDR curves in bucket header
++ Wrote 3D+time dataset into ./CHIVES1045_2CondPmod+tlrc.BRIK
++ Wrote 3D+time dataset into ./CHIVES1045_2CondPmod+tlrc.BRIK
++ Program finished; elapsed time=36.917
++ 3dREMLfit: AFNI version=AFNI_18.2.04 (Jul  6 2018) [64-bit]
++ Authored by: RWCox
** AFNI converts NIFTI_datatype=4 (INT16) in file /projects/sanlab/shared/CHIVES/bids_data/derivatives/fmriprep/sub-CHIVES1045/ses-wave1/func/s6_sub-CHIVES1045_ses-wave1_task-money_bold_space-MNI152NLin2009cAsym_preproc.nii to FLOAT32
     Warnings of this type will be muted for this session.
     Set AFNI_NIFTI_TYPE_WARN to YES to see them all, NO to see none.
++ Number of voxels in mask = 264222
++ Number of OpenMP threads = 15
++ -----  matrix condition (355x15):  4.18452  ++ VERY GOOD ++
++ Loading input dataset into memory
++ Converting input dataset to vector image
 +  dataset = 1.5 billion [giga] bytes
 +  vectim  = 378 million [mega] bytes
++ starting REML setup calculations; total CPU=0.00 Elapsed=4.16
 + X matrix: 89.465% of elements are nonzero
 + starting 15 OpenMP threads for REML setup
 + REML setup finished: matrix rows=355 cols=15; 109*1 cases; total CPU=0.00 Elapsed=4.17
 +  average case bandwidth = 12.94
++ REML voxel loop: [15 threads]0123456789.012
 + ARMA voxel parameters estimated: total CPU=0.00 Elapsed=20.90
++ GLSQ loop:0123456789.0123456789.0123456789.0123456789.0123456789.
 + GLSQ regression done: total CPU=0.00 Elapsed=53.53
++ Output dataset ./CHIVES1045_2CondPmod_stats_REMLvar+tlrc.BRIK
++ Output dataset ./CHIVES1045_2CondPmod_REML+tlrc.BRIK
[7m** ERROR:[0m output dataset name 'CHIVES1045_2CondPmod_REML' conflicts with existing file
[7m** ERROR:[0m dataset NOT written to disk!
++ creating FDR curves in dataset CHIVES1045_2CondPmod_stats_REML+tlrc
++ Smallest FDR q [0 Full_Fstat] = 3.39413e-14
++ Smallest FDR q [2 HealthyPmod#0_Tstat] = 5.3279e-11
[7m*+ WARNING:[0m Smallest FDR q [4 HealthyPmod#1_Tstat] = 0.756088 ==> few true single voxel detections
++ Smallest FDR q [5 HealthyPmod_Fstat] = 1.06605e-10
++ Smallest FDR q [7 UnhealthyPmod#0_Tstat] = 3.67778e-12
[7m*+ WARNING:[0m Smallest FDR q [9 UnhealthyPmod#1_Tstat] = 0.99984 ==> few true single voxel detections
++ Smallest FDR q [10 UnhealthyPmod_Fstat] = 7.90238e-12
++ Smallest FDR q [12 BidsNMiss#0_Tstat] = 9.6638e-14
++ Smallest FDR q [13 BidsNMiss_Fstat] = 9.6638e-14
++ Smallest FDR q [15 HealthyGtRest#0_Tstat] = 5.3279e-11
++ Smallest FDR q [16 HealthyGtRest_Fstat] = 5.3279e-11
[7m*+ WARNING:[0m Smallest FDR q [18 HealthyPmod#0_Tstat] = 0.756088 ==> few true single voxel detections
[7m*+ WARNING:[0m Smallest FDR q [19 HealthyPmod_Fstat] = 0.756088 ==> few true single voxel detections
++ Smallest FDR q [21 UnhealthyGtRest#0_Tstat] = 3.67778e-12
++ Smallest FDR q [22 UnhealthyGtRest_Fstat] = 3.67778e-12
[7m*+ WARNING:[0m Smallest FDR q [24 UnhealthyPmod#0_Tstat] = 0.99984 ==> few true single voxel detections
[7m*+ WARNING:[0m Smallest FDR q [25 UnhealthyPmod_Fstat] = 0.99984 ==> few true single voxel detections
[7m*+ WARNING:[0m Smallest FDR q [27 HealthyGtUnhealthy#0_Tstat] = 0.999896 ==> few true single voxel detections
[7m*+ WARNING:[0m Smallest FDR q [28 HealthyGtUnhealthy_Fstat] = 0.999896 ==> few true single voxel detections
[7m*+ WARNING:[0m Smallest FDR q [30 HealthyGtUnhealthyPmod#0_Tstat] = 0.750865 ==> few true single voxel detections
[7m*+ WARNING:[0m Smallest FDR q [31 HealthyGtUnhealthyPmod_Fstat] = 0.750865 ==> few true single voxel detections
 + Added 21 FDR curves to dataset CHIVES1045_2CondPmod_stats_REML+tlrc
++ Output dataset ./CHIVES1045_2CondPmod_stats_REML+tlrc.BRIK
 + unloading input dataset and REML matrices
++ 3dREMLfit is all done! total CPU=0.00 Elapsed=82.14
** AFNI converts NIFTI_datatype=4 (INT16) in file /projects/sanlab/shared/CHIVES/bids_data/derivatives/fmriprep/sub-CHIVES1045/ses-wave1/func/s6_sub-CHIVES1045_ses-wave1_task-money_bold_space-MNI152NLin2009cAsym_preproc.nii to FLOAT32
     Warnings of this type will be muted for this session.
     Set AFNI_NIFTI_TYPE_WARN to YES to see them all, NO to see none.
++ '-stim_times_AM1 3 /projects/sanlab/shared/CHIVES/CHIVES_WTP_scripts/behavioral/money/afni_timing_files/CHIVES1045/BidOnsDur.1D' has 1 auxiliary values per time point
++ '-stim_times_AM1 3': basis function model 'dmBLOCK(1)' uses 1 parameters,
    out of the 1 found in timing file '/projects/sanlab/shared/CHIVES/CHIVES_WTP_scripts/behavioral/money/afni_timing_files/CHIVES1045/BidOnsDur.1D'
++ 3dDeconvolve extending num_stimts from 3 to 7 due to -ortvec
++ 3dDeconvolve: AFNI version=AFNI_18.2.04 (Jul  6 2018) [64-bit]
++ Authored by: B. Douglas Ward, et al.
++ current memory malloc-ated = 271,043 bytes (about 271 thousand [kilo])
++ loading dataset /projects/sanlab/shared/CHIVES/bids_data/derivatives/fmriprep/sub-CHIVES1045/ses-wave1/func/s6_sub-CHIVES1045_ses-wave1_task-money_bold_space-MNI152NLin2009cAsym_preproc.nii
++ current memory malloc-ated = 1,545,419,903 bytes (about 1.5 billion [giga])
++ forcibly using TR=2.0000 seconds for -input dataset
++ Skipping check for initial transients
++ Imaging duration=714.0 s; Automatic polort=5
++ -stim_times using TR=2 s for stimulus timing conversion
++ -stim_times using TR=2 s for any -iresp output datasets
++  [you can alter the -iresp TR via the -TR_times option]
++ ** -stim_times NOTE ** guessing GLOBAL times if 1 time per line; LOCAL otherwise
++ ** GUESSED ** -stim_times 1 using LOCAL times
++ ** GUESSED ** -stim_times 2 using LOCAL times
++ ** GUESSED ** -stim_times_AM1 3 using LOCAL times
------------------------------------------------------------
GLT matrix from 'SYM: Healthy':
   0   0   0   0   0   0   1   0   0   0   0   0   0 
 
------------------------------------------------------------
GLT matrix from 'SYM: Unhealthy':
   0   0   0   0   0   0   0   1   0   0   0   0   0 
 
------------------------------------------------------------
GLT matrix from 'SYM: Healthy -Unhealthy':
   0   0   0   0   0   0   1  -1   0   0   0   0   0 
 
++ Number of time points: 357 (before censor) ; 355 (after)
 + Number of parameters:  13 [10 baseline ; 3 signal]
++ total shared memory needed = 3,172,526,620 bytes (about 3.2 billion [giga])
++ current memory malloc-ated = 1,546,547,882 bytes (about 1.5 billion [giga])
++ mmap() memory allocated: 3,172,526,620 bytes (about 3.2 billion [giga])
++ Memory required for output bricks = 3,172,526,620 bytes (about 3.2 billion [giga])
++ Wrote matrix values to file CHIVES1045_2Cond_xmat.1D
++ ========= Things you can do with the matrix file =========
++ (a) Linear regression with ARMA(1,1) modeling of serial correlation:

3dREMLfit -matrix CHIVES1045_2Cond_xmat.1D -input /projects/sanlab/shared/CHIVES/bids_data/derivatives/fmriprep/sub-CHIVES1045/ses-wave1/func/s6_sub-CHIVES1045_ses-wave1_task-money_bold_space-MNI152NLin2009cAsym_preproc.nii \
 -mask /projects/sanlab/shared/CHIVES/bids_data/derivatives/fmriprep/sub-CHIVES1045/ses-wave1/func/sub-CHIVES1045_ses-wave1_task-money_bold_space-MNI152NLin2009cAsym_brainmask.nii.gz \
 -fout -tout -Rbuck CHIVES1045_2Cond_stats_REML -Rvar CHIVES1045_2Cond_stats_REMLvar \
 -Rfitts CHIVES1045_2Cond_REML -Rerrts CHIVES1045_2Cond_REML -verb
 
++ N.B.: 3dREMLfit command above written to file CHIVES1045_2Cond_stats.REML_cmd
++ (b) Visualization/analysis of the matrix via ExamineXmat.R
++ (c) Synthesis of sub-model datasets using 3dSynthesize
++ ==========================================================
++ Wrote matrix values to file CHIVES1045_2Cond_uncensor_xmat.1D
++ ----- Signal+Baseline matrix condition [X] (355x13):  4.17424  ++ VERY GOOD ++
++ ----- Signal-only matrix condition [X] (355x3):  1.55385  ++ VERY GOOD ++
++ ----- Baseline-only matrix condition [X] (355x10):  4.13643  ++ VERY GOOD ++
++ ----- stim_base-only matrix condition [X] (355x4):  2.59343  ++ VERY GOOD ++
++ ----- polort-only matrix condition [X] (355x6):  1.01689  ++ VERY GOOD ++
++ +++++ Matrix inverse average error = 1.69468e-15  ++ VERY GOOD ++
++ Matrix setup time = 0.02 s
++ Voxels in dataset: 1082035
++ Voxels in mask:    264222
++ Voxels per job:    13211
++ Job #1: processing voxels 184666 to 241467; elapsed time=4.251
++ Job #2: processing voxels 241468 to 285708; elapsed time=4.271
++ Job #3: processing voxels 285709 to 321204; elapsed time=4.294
++ Job #4: processing voxels 321205 to 352548; elapsed time=4.314
++ Job #5: processing voxels 352549 to 382813; elapsed time=4.337
++ Job #6: processing voxels 382814 to 408581; elapsed time=4.359
++ Job #7: processing voxels 408582 to 437627; elapsed time=4.384
++ Job #8: processing voxels 437628 to 463104; elapsed time=4.406
++ Job #9: processing voxels 463105 to 488931; elapsed time=4.431
++ Job #10: processing voxels 488932 to 517901; elapsed time=4.454
++ Job #11: processing voxels 517902 to 544000; elapsed time=4.479
++ Job #12: processing voxels 544001 to 574065; elapsed time=4.504
++ Job #13: processing voxels 574066 to 604965; elapsed time=4.543
++ Job #14: processing voxels 604966 to 632684; elapsed time=4.554
++ Job #15: processing voxels 632685 to 665589; elapsed time=4.591
++ Job #16: processing voxels 665590 to 705136; elapsed time=4.606
++ Job #17: processing voxels 705137 to 742513; elapsed time=4.632
++ Job #18: processing voxels 742514 to 796213; elapsed time=4.671
++ Job #19: processing voxels 796214 to 1082034; elapsed time=4.683
++ Job #0: processing voxels 0 to 184665; elapsed time=4.693
++ voxel loop:0123456789.0123456789.0123456789.0123456789.++ Job #2 finished; elapsed time=5.154
++ Job #4 finished; elapsed time=5.194
++ Job #1 finished; elapsed time=5.196
01++ Job #3 finished; elapsed time=5.223
2++ Job #6 finished; elapsed time=5.236
++ Job #8 finished; elapsed time=5.280
++ Job #7 finished; elapsed time=5.306
345++ Job #10 finished; elapsed time=5.334
++ Job #12 finished; elapsed time=5.380
6++ Job #14 finished; elapsed time=5.429
78++ Job #13 finished; elapsed time=5.477
++ Job #16 finished; elapsed time=5.478
++ Job #17 finished; elapsed time=5.510
9.
++ Job #0 waiting for children to finish; elapsed time=5.551
++ Job #19 finished; elapsed time=5.581
++ Job #5 finished; elapsed time=5.722
++ Job #9 finished; elapsed time=5.738
++ Job #11 finished; elapsed time=5.743
++ Job #18 finished; elapsed time=5.887
++ Job #15 finished; elapsed time=5.925
++ Job #0 now finishing up; elapsed time=5.942
++ Smallest FDR q [0 Full_Fstat] = 1.41489e-14
++ Smallest FDR q [2 Healthy#0_Tstat] = 5.03909e-13
++ Smallest FDR q [3 Healthy_Fstat] = 5.03909e-13
++ Smallest FDR q [5 Unhealthy#0_Tstat] = 2.69386e-13
++ Smallest FDR q [6 Unhealthy_Fstat] = 2.69381e-13
++ Smallest FDR q [8 BidsNMiss#0_Tstat] = 3.49423e-14
++ Smallest FDR q [9 BidsNMiss_Fstat] = 3.49386e-14
++ Smallest FDR q [11 HealthyGtRest_GLT#0_Tstat] = 5.03909e-13
++ Smallest FDR q [12 HealthyGtRest_GLT_Fstat] = 5.03909e-13
++ Smallest FDR q [14 UnhealthyGtRest_GLT#0_Tstat] = 2.69386e-13
++ Smallest FDR q [15 UnhealthyGtRest_GLT_Fstat] = 2.69378e-13
[7m*+ WARNING:[0m Smallest FDR q [17 HealthyGtUnhealthy_GLT#0_Tstat] = 0.495535 ==> few true single voxel detections
[7m*+ WARNING:[0m Smallest FDR q [18 HealthyGtUnhealthy_GLT_Fstat] = 0.494271 ==> few true single voxel detections
++ Wrote bucket dataset into ./CHIVES1045_2Cond_stats+tlrc.BRIK
 + created 13 FDR curves in bucket header
++ Wrote 3D+time dataset into ./CHIVES1045_2Cond+tlrc.BRIK
++ Wrote 3D+time dataset into ./CHIVES1045_2Cond+tlrc.BRIK
++ Program finished; elapsed time=23.810
++ 3dREMLfit: AFNI version=AFNI_18.2.04 (Jul  6 2018) [64-bit]
++ Authored by: RWCox
** AFNI converts NIFTI_datatype=4 (INT16) in file /projects/sanlab/shared/CHIVES/bids_data/derivatives/fmriprep/sub-CHIVES1045/ses-wave1/func/s6_sub-CHIVES1045_ses-wave1_task-money_bold_space-MNI152NLin2009cAsym_preproc.nii to FLOAT32
     Warnings of this type will be muted for this session.
     Set AFNI_NIFTI_TYPE_WARN to YES to see them all, NO to see none.
++ Number of voxels in mask = 264222
++ Number of OpenMP threads = 15
++ -----  matrix condition (355x13):  4.17424  ++ VERY GOOD ++
++ Loading input dataset into memory
++ Converting input dataset to vector image
 +  dataset = 1.5 billion [giga] bytes
 +  vectim  = 378 million [mega] bytes
++ starting REML setup calculations; total CPU=0.00 Elapsed=4.22
 + X matrix: 93.868% of elements are nonzero
 + starting 15 OpenMP threads for REML setup
 + REML setup finished: matrix rows=355 cols=13; 109*1 cases; total CPU=0.00 Elapsed=4.22
 +  average case bandwidth = 12.94
++ REML voxel loop: [15 threads]0123456789.012
 + ARMA voxel parameters estimated: total CPU=0.00 Elapsed=20.30
++ GLSQ loop:0123456789.0123456789.0123456789.0123456789.0123456789.
 + GLSQ regression done: total CPU=0.00 Elapsed=46.09
++ Output dataset ./CHIVES1045_2Cond_stats_REMLvar+tlrc.BRIK
++ Output dataset ./CHIVES1045_2Cond_REML+tlrc.BRIK
[7m** ERROR:[0m output dataset name 'CHIVES1045_2Cond_REML' conflicts with existing file
[7m** ERROR:[0m dataset NOT written to disk!
++ creating FDR curves in dataset CHIVES1045_2Cond_stats_REML+tlrc
++ Smallest FDR q [0 Full_Fstat] = 2.48944e-14
++ Smallest FDR q [2 Healthy#0_Tstat] = 5.45745e-11
++ Smallest FDR q [3 Healthy_Fstat] = 5.45746e-11
++ Smallest FDR q [5 Unhealthy#0_Tstat] = 3.52745e-12
++ Smallest FDR q [6 Unhealthy_Fstat] = 3.52746e-12
++ Smallest FDR q [8 BidsNMiss#0_Tstat] = 9.53904e-14
++ Smallest FDR q [9 BidsNMiss_Fstat] = 9.53904e-14
++ Smallest FDR q [11 HealthyGtRest#0_Tstat] = 5.45745e-11
++ Smallest FDR q [12 HealthyGtRest_Fstat] = 5.45746e-11
++ Smallest FDR q [14 UnhealthyGtRest#0_Tstat] = 3.52745e-12
++ Smallest FDR q [15 UnhealthyGtRest_Fstat] = 3.52746e-12
[7m*+ WARNING:[0m Smallest FDR q [17 HealthyGtUnhealthy#0_Tstat] = 0.999894 ==> few true single voxel detections
[7m*+ WARNING:[0m Smallest FDR q [18 HealthyGtUnhealthy_Fstat] = 0.999894 ==> few true single voxel detections
 + Added 13 FDR curves to dataset CHIVES1045_2Cond_stats_REML+tlrc
++ Output dataset ./CHIVES1045_2Cond_stats_REML+tlrc.BRIK
 + unloading input dataset and REML matrices
++ 3dREMLfit is all done! total CPU=0.00 Elapsed=63.55
