** AFNI converts NIFTI_datatype=4 (INT16) in file /projects/sanlab/shared/CHIVES/bids_data/derivatives/fmriprep/sub-CHIVES1073/ses-wave1/func/s6_sub-CHIVES1073_ses-wave1_task-money_bold_space-MNI152NLin2009cAsym_preproc.nii to FLOAT32
     Warnings of this type will be muted for this session.
     Set AFNI_NIFTI_TYPE_WARN to YES to see them all, NO to see none.
++ '-stim_times_AM2 1 /projects/sanlab/shared/CHIVES/CHIVES_WTP_scripts/behavioral/money/afni_timing_files/CHIVES1073/AllCondsPmod.1D' has 1 auxiliary values per time point
++ '-stim_times_AM2 1 /projects/sanlab/shared/CHIVES/CHIVES_WTP_scripts/behavioral/money/afni_timing_files/CHIVES1073/AllCondsPmod.1D' will have 2 regressors
++ '-stim_times_AM1 2 /projects/sanlab/shared/CHIVES/CHIVES_WTP_scripts/behavioral/money/afni_timing_files/CHIVES1073/BidOnsDur.1D' has 1 auxiliary values per time point
++ '-stim_times_AM1 2': basis function model 'dmBLOCK(1)' uses 1 parameters,
    out of the 1 found in timing file '/projects/sanlab/shared/CHIVES/CHIVES_WTP_scripts/behavioral/money/afni_timing_files/CHIVES1073/BidOnsDur.1D'
++ 3dDeconvolve extending num_stimts from 2 to 6 due to -ortvec
++ 3dDeconvolve: AFNI version=AFNI_18.2.04 (Jul  6 2018) [64-bit]
++ Authored by: B. Douglas Ward, et al.
++ current memory malloc-ated = 254,635 bytes (about 255 thousand [kilo])
++ loading dataset /projects/sanlab/shared/CHIVES/bids_data/derivatives/fmriprep/sub-CHIVES1073/ses-wave1/func/s6_sub-CHIVES1073_ses-wave1_task-money_bold_space-MNI152NLin2009cAsym_preproc.nii
++ current memory malloc-ated = 1,545,403,495 bytes (about 1.5 billion [giga])
++ forcibly using TR=2.0000 seconds for -input dataset
++ Skipping check for initial transients
++ Imaging duration=714.0 s; Automatic polort=5
++ -stim_times using TR=2 s for stimulus timing conversion
++ -stim_times using TR=2 s for any -iresp output datasets
++  [you can alter the -iresp TR via the -TR_times option]
++ ** -stim_times NOTE ** guessing GLOBAL times if 1 time per line; LOCAL otherwise
++ ** GUESSED ** -stim_times_AM2 1 using LOCAL times
++ '-stim_times_AM2 1' average amplitude#1=0.633333
++ ** GUESSED ** -stim_times_AM1 2 using LOCAL times
------------------------------------------------------------
GLT matrix from 'SYM: AllConds[0]':
   0   0   0   0   0   0   1   0   0   0   0   0   0 
 
------------------------------------------------------------
GLT matrix from 'SYM: AllConds[1]':
   0   0   0   0   0   0   0   1   0   0   0   0   0 
 
++ Number of time points: 357 (no censoring)
 + Number of parameters:  13 [10 baseline ; 3 signal]
++ total shared memory needed = 3,155,214,060 bytes (about 3.2 billion [giga])
++ current memory malloc-ated = 1,546,531,429 bytes (about 1.5 billion [giga])
++ mmap() memory allocated: 3,155,214,060 bytes (about 3.2 billion [giga])
++ Memory required for output bricks = 3,155,214,060 bytes (about 3.2 billion [giga])
++ Wrote matrix values to file CHIVES1073_AllCondPmod_xmat.1D
++ ========= Things you can do with the matrix file =========
++ (a) Linear regression with ARMA(1,1) modeling of serial correlation:

3dREMLfit -matrix CHIVES1073_AllCondPmod_xmat.1D -input /projects/sanlab/shared/CHIVES/bids_data/derivatives/fmriprep/sub-CHIVES1073/ses-wave1/func/s6_sub-CHIVES1073_ses-wave1_task-money_bold_space-MNI152NLin2009cAsym_preproc.nii \
 -mask /projects/sanlab/shared/CHIVES/bids_data/derivatives/fmriprep/sub-CHIVES1073/ses-wave1/func/sub-CHIVES1073_ses-wave1_task-money_bold_space-MNI152NLin2009cAsym_brainmask.nii.gz \
 -fout -tout -Rbuck CHIVES1073_AllCondPmod_stats_REML -Rvar CHIVES1073_AllCondPmod_stats_REMLvar \
 -Rfitts CHIVES1073_AllCondPmod_REML -Rerrts CHIVES1073_AllCondPmod_REML -verb
 
++ N.B.: 3dREMLfit command above written to file CHIVES1073_AllCondPmod_stats.REML_cmd
++ (b) Visualization/analysis of the matrix via ExamineXmat.R
++ (c) Synthesis of sub-model datasets using 3dSynthesize
++ ==========================================================
++ Wrote matrix values to file CHIVES1073_AllCondPmod_uncensor_xmat.1D
++ ----- Signal+Baseline matrix condition [X] (357x13):  4.28457  ++ VERY GOOD ++
++ ----- Signal-only matrix condition [X] (357x3):  1.58032  ++ VERY GOOD ++
++ ----- Baseline-only matrix condition [X] (357x10):  4.21815  ++ VERY GOOD ++
++ ----- stim_base-only matrix condition [X] (357x4):  1.95497  ++ VERY GOOD ++
++ ----- polort-only matrix condition [X] (357x6):  1.01526  ++ VERY GOOD ++
++ +++++ Matrix inverse average error = 1.60436e-15  ++ VERY GOOD ++
++ Matrix setup time = 0.02 s
++ Voxels in dataset: 1082035
++ Voxels in mask:    269917
++ Voxels per job:    13495
++ Job #1: processing voxels 192197 to 247996; elapsed time=5.184
++ Job #2: processing voxels 247997 to 291928; elapsed time=5.204
++ Job #3: processing voxels 291929 to 326336; elapsed time=5.225
++ Job #4: processing voxels 326337 to 354026; elapsed time=5.246
++ Job #5: processing voxels 354027 to 384337; elapsed time=5.267
++ Job #6: processing voxels 384338 to 410754; elapsed time=5.289
++ Job #7: processing voxels 410755 to 439836; elapsed time=5.311
++ Job #8: processing voxels 439837 to 465571; elapsed time=5.334
++ Job #9: processing voxels 465572 to 494811; elapsed time=5.357
++ Job #10: processing voxels 494812 to 520727; elapsed time=5.380
++ Job #11: processing voxels 520728 to 550696; elapsed time=5.403
++ Job #12: processing voxels 550697 to 577399; elapsed time=5.427
++ Job #13: processing voxels 577400 to 608438; elapsed time=5.461
++ Job #14: processing voxels 608439 to 640722; elapsed time=5.475
++ Job #15: processing voxels 640723 to 674176; elapsed time=5.513
++ Job #16: processing voxels 674177 to 709226; elapsed time=5.538
++ Job #17: processing voxels 709227 to 752365; elapsed time=5.549
++ Job #18: processing voxels 752366 to 807106; elapsed time=5.587
++ Job #19: processing voxels 807107 to 1082034; elapsed time=5.598
++ Job #0: processing voxels 0 to 192196; elapsed time=5.608
++ voxel loop:0123456789.0123456789.0123456789.01234567++ Job #2 finished; elapsed time=6.010
++ Job #1 finished; elapsed time=6.015
8++ Job #4 finished; elapsed time=6.039
9.0++ Job #6 finished; elapsed time=6.086
++ Job #5 finished; elapsed time=6.101
1++ Job #8 finished; elapsed time=6.131
++ Job #7 finished; elapsed time=6.144
23++ Job #10 finished; elapsed time=6.173
++ Job #9 finished; elapsed time=6.181
++ Job #12 finished; elapsed time=6.226
456++ Job #14 finished; elapsed time=6.279
7++ Job #3 finished; elapsed time=6.354
++ Job #17 finished; elapsed time=6.357
89.
++ Job #0 waiting for children to finish; elapsed time=6.387
++ Job #19 finished; elapsed time=6.432
++ Job #11 finished; elapsed time=6.487
++ Job #13 finished; elapsed time=6.588
++ Job #15 finished; elapsed time=6.603
++ Job #16 finished; elapsed time=6.664
++ Job #18 finished; elapsed time=6.722
++ Job #0 now finishing up; elapsed time=6.740
++ Smallest FDR q [0 Full_Fstat] = 7.1627e-15
++ Smallest FDR q [2 AllConds#0_Tstat] = 1.72844e-14
++ Smallest FDR q [4 AllConds#1_Tstat] = 2.12581e-06
++ Smallest FDR q [5 AllConds_Fstat] = 1.79561e-14
++ Smallest FDR q [7 BidsNMiss#0_Tstat] = 4.80858e-14
++ Smallest FDR q [8 BidsNMiss_Fstat] = 4.80834e-14
++ Smallest FDR q [10 CondGtRest_GLT#0_Tstat] = 1.72844e-14
++ Smallest FDR q [11 CondGtRest_GLT_Fstat] = 1.72842e-14
++ Smallest FDR q [13 Pmod_GLT#0_Tstat] = 2.12581e-06
++ Smallest FDR q [14 Pmod_GLT_Fstat] = 2.12593e-06
++ Wrote bucket dataset into ./CHIVES1073_AllCondPmod_stats+tlrc.BRIK
 + created 10 FDR curves in bucket header
++ Wrote 3D+time dataset into ./CHIVES1073_AllCondPmod+tlrc.BRIK
++ Wrote 3D+time dataset into ./CHIVES1073_AllCondPmod+tlrc.BRIK
++ Program finished; elapsed time=22.501
++ 3dREMLfit: AFNI version=AFNI_18.2.04 (Jul  6 2018) [64-bit]
++ Authored by: RWCox
** AFNI converts NIFTI_datatype=4 (INT16) in file /projects/sanlab/shared/CHIVES/bids_data/derivatives/fmriprep/sub-CHIVES1073/ses-wave1/func/s6_sub-CHIVES1073_ses-wave1_task-money_bold_space-MNI152NLin2009cAsym_preproc.nii to FLOAT32
     Warnings of this type will be muted for this session.
     Set AFNI_NIFTI_TYPE_WARN to YES to see them all, NO to see none.
++ Number of voxels in mask = 269917
++ Number of OpenMP threads = 15
++ -----  matrix condition (357x13):  4.28457  ++ VERY GOOD ++
++ Loading input dataset into memory
++ Converting input dataset to vector image
 +  dataset = 1.5 billion [giga] bytes
 +  vectim  = 387 million [mega] bytes
++ starting REML setup calculations; total CPU=0.00 Elapsed=4.20
 + X matrix: 99.591% of elements are nonzero
 + starting 15 OpenMP threads for REML setup
 + REML setup finished: matrix rows=357 cols=13; 109*1 cases; total CPU=0.00 Elapsed=4.21
 +  average case bandwidth = 13.00
++ REML voxel loop: [15 threads]0123456789.012
 + ARMA voxel parameters estimated: total CPU=0.00 Elapsed=19.88
++ GLSQ loop:0123456789.0123456789.0123456789.0123456789.0123456789.
 + GLSQ regression done: total CPU=0.00 Elapsed=41.06
++ Output dataset ./CHIVES1073_AllCondPmod_stats_REMLvar+tlrc.BRIK
++ Output dataset ./CHIVES1073_AllCondPmod_REML+tlrc.BRIK
[7m** ERROR:[0m output dataset name 'CHIVES1073_AllCondPmod_REML' conflicts with existing file
[7m** ERROR:[0m dataset NOT written to disk!
++ creating FDR curves in dataset CHIVES1073_AllCondPmod_stats_REML+tlrc
++ Smallest FDR q [0 Full_Fstat] = 8.5878e-15
++ Smallest FDR q [2 AllConds#0_Tstat] = 2.18724e-14
++ Smallest FDR q [4 AllConds#1_Tstat] = 0.00105478
++ Smallest FDR q [5 AllConds_Fstat] = 2.4419e-14
++ Smallest FDR q [7 BidsNMiss#0_Tstat] = 5.77827e-14
++ Smallest FDR q [8 BidsNMiss_Fstat] = 5.77827e-14
++ Smallest FDR q [10 CondGtRest#0_Tstat] = 2.18724e-14
++ Smallest FDR q [11 CondGtRest_Fstat] = 2.18724e-14
++ Smallest FDR q [13 Pmod#0_Tstat] = 0.00105478
++ Smallest FDR q [14 Pmod_Fstat] = 0.00105478
 + Added 10 FDR curves to dataset CHIVES1073_AllCondPmod_stats_REML+tlrc
++ Output dataset ./CHIVES1073_AllCondPmod_stats_REML+tlrc.BRIK
 + unloading input dataset and REML matrices
++ 3dREMLfit is all done! total CPU=0.00 Elapsed=56.26
** AFNI converts NIFTI_datatype=4 (INT16) in file /projects/sanlab/shared/CHIVES/bids_data/derivatives/fmriprep/sub-CHIVES1073/ses-wave1/func/s6_sub-CHIVES1073_ses-wave1_task-money_bold_space-MNI152NLin2009cAsym_preproc.nii to FLOAT32
     Warnings of this type will be muted for this session.
     Set AFNI_NIFTI_TYPE_WARN to YES to see them all, NO to see none.
++ '-stim_times_AM2 1 /projects/sanlab/shared/CHIVES/CHIVES_WTP_scripts/behavioral/money/afni_timing_files/CHIVES1073/HealthyPmod.1D' has 1 auxiliary values per time point
++ '-stim_times_AM2 1 /projects/sanlab/shared/CHIVES/CHIVES_WTP_scripts/behavioral/money/afni_timing_files/CHIVES1073/HealthyPmod.1D' will have 2 regressors
++ '-stim_times_AM2 2 /projects/sanlab/shared/CHIVES/CHIVES_WTP_scripts/behavioral/money/afni_timing_files/CHIVES1073/UnhealthyPmod.1D' has 1 auxiliary values per time point
++ '-stim_times_AM2 2 /projects/sanlab/shared/CHIVES/CHIVES_WTP_scripts/behavioral/money/afni_timing_files/CHIVES1073/UnhealthyPmod.1D' will have 2 regressors
++ '-stim_times_AM1 3 /projects/sanlab/shared/CHIVES/CHIVES_WTP_scripts/behavioral/money/afni_timing_files/CHIVES1073/BidOnsDur.1D' has 1 auxiliary values per time point
++ '-stim_times_AM1 3': basis function model 'dmBLOCK(1)' uses 1 parameters,
    out of the 1 found in timing file '/projects/sanlab/shared/CHIVES/CHIVES_WTP_scripts/behavioral/money/afni_timing_files/CHIVES1073/BidOnsDur.1D'
++ 3dDeconvolve extending num_stimts from 3 to 7 due to -ortvec
++ 3dDeconvolve: AFNI version=AFNI_18.2.04 (Jul  6 2018) [64-bit]
++ Authored by: B. Douglas Ward, et al.
++ current memory malloc-ated = 281,901 bytes (about 282 thousand [kilo])
++ loading dataset /projects/sanlab/shared/CHIVES/bids_data/derivatives/fmriprep/sub-CHIVES1073/ses-wave1/func/s6_sub-CHIVES1073_ses-wave1_task-money_bold_space-MNI152NLin2009cAsym_preproc.nii
++ current memory malloc-ated = 1,545,430,761 bytes (about 1.5 billion [giga])
++ forcibly using TR=2.0000 seconds for -input dataset
++ Skipping check for initial transients
++ Imaging duration=714.0 s; Automatic polort=5
++ -stim_times using TR=2 s for stimulus timing conversion
++ -stim_times using TR=2 s for any -iresp output datasets
++  [you can alter the -iresp TR via the -TR_times option]
++ ** -stim_times NOTE ** guessing GLOBAL times if 1 time per line; LOCAL otherwise
++ ** GUESSED ** -stim_times_AM2 1 using LOCAL times
++ '-stim_times_AM2 1' average amplitude#1=0.683333
++ ** GUESSED ** -stim_times_AM2 2 using LOCAL times
++ '-stim_times_AM2 2' average amplitude#1=0.583333
++ ** GUESSED ** -stim_times_AM1 3 using LOCAL times
------------------------------------------------------------
GLT matrix from 'SYM: HealthyPmod[0]':
   0   0   0   0   0   0   1   0   0   0   0   0   0   0   0 
 
------------------------------------------------------------
GLT matrix from 'SYM: HealthyPmod[1]':
   0   0   0   0   0   0   0   1   0   0   0   0   0   0   0 
 
------------------------------------------------------------
GLT matrix from 'SYM: UnhealthyPmod[0]':
   0   0   0   0   0   0   0   0   1   0   0   0   0   0   0 
 
------------------------------------------------------------
GLT matrix from 'SYM: UnhealthyPmod[1]':
   0   0   0   0   0   0   0   0   0   1   0   0   0   0   0 
 
------------------------------------------------------------
GLT matrix from 'SYM: HealthyPmod[0] -UnhealthyPmod[0]':
   0   0   0   0   0   0   1   0  -1   0   0   0   0   0   0 
 
------------------------------------------------------------
GLT matrix from 'SYM: HealthyPmod[1] -UnhealthyPmod[1]':
   0   0   0   0   0   0   0   1   0  -1   0   0   0   0   0 
 
++ Number of time points: 357 (no censoring)
 + Number of parameters:  15 [10 baseline ; 5 signal]
++ total shared memory needed = 3,228,792,440 bytes (about 3.2 billion [giga])
++ current memory malloc-ated = 1,546,563,263 bytes (about 1.5 billion [giga])
++ mmap() memory allocated: 3,228,792,440 bytes (about 3.2 billion [giga])
++ Memory required for output bricks = 3,228,792,440 bytes (about 3.2 billion [giga])
++ Wrote matrix values to file CHIVES1073_2CondPmod_xmat.1D
++ ========= Things you can do with the matrix file =========
++ (a) Linear regression with ARMA(1,1) modeling of serial correlation:

3dREMLfit -matrix CHIVES1073_2CondPmod_xmat.1D -input /projects/sanlab/shared/CHIVES/bids_data/derivatives/fmriprep/sub-CHIVES1073/ses-wave1/func/s6_sub-CHIVES1073_ses-wave1_task-money_bold_space-MNI152NLin2009cAsym_preproc.nii \
 -mask /projects/sanlab/shared/CHIVES/bids_data/derivatives/fmriprep/sub-CHIVES1073/ses-wave1/func/sub-CHIVES1073_ses-wave1_task-money_bold_space-MNI152NLin2009cAsym_brainmask.nii.gz \
 -fout -tout -Rbuck CHIVES1073_2CondPmod_stats_REML -Rvar CHIVES1073_2CondPmod_stats_REMLvar \
 -Rfitts CHIVES1073_2CondPmod_REML -Rerrts CHIVES1073_2CondPmod_REML -verb
 
++ N.B.: 3dREMLfit command above written to file CHIVES1073_2CondPmod_stats.REML_cmd
++ (b) Visualization/analysis of the matrix via ExamineXmat.R
++ (c) Synthesis of sub-model datasets using 3dSynthesize
++ ==========================================================
++ Wrote matrix values to file CHIVES1073_2CondPmod_uncensor_xmat.1D
++ ----- Signal+Baseline matrix condition [X] (357x15):  4.31997  ++ VERY GOOD ++
++ ----- Signal-only matrix condition [X] (357x5):  1.5805  ++ VERY GOOD ++
++ ----- Baseline-only matrix condition [X] (357x10):  4.21815  ++ VERY GOOD ++
++ ----- stim_base-only matrix condition [X] (357x4):  1.95497  ++ VERY GOOD ++
++ ----- polort-only matrix condition [X] (357x6):  1.01526  ++ VERY GOOD ++
++ +++++ Matrix inverse average error = 1.24675e-15  ++ VERY GOOD ++
++ Matrix setup time = 0.02 s
++ Voxels in dataset: 1082035
++ Voxels in mask:    269917
++ Voxels per job:    13495
++ Job #1: processing voxels 192197 to 247996; elapsed time=4.306
++ Job #2: processing voxels 247997 to 291928; elapsed time=4.326
++ Job #3: processing voxels 291929 to 326336; elapsed time=4.347
++ Job #4: processing voxels 326337 to 354026; elapsed time=4.368
++ Job #5: processing voxels 354027 to 384337; elapsed time=4.390
++ Job #6: processing voxels 384338 to 410754; elapsed time=4.411
++ Job #7: processing voxels 410755 to 439836; elapsed time=4.434
++ Job #8: processing voxels 439837 to 465571; elapsed time=4.456
++ Job #9: processing voxels 465572 to 494811; elapsed time=4.479
++ Job #10: processing voxels 494812 to 520727; elapsed time=4.502
++ Job #11: processing voxels 520728 to 550696; elapsed time=4.526
++ Job #12: processing voxels 550697 to 577399; elapsed time=4.549
++ Job #13: processing voxels 577400 to 608438; elapsed time=4.587
++ Job #14: processing voxels 608439 to 640722; elapsed time=4.597
++ Job #15: processing voxels 640723 to 674176; elapsed time=4.621
++ Job #16: processing voxels 674177 to 709226; elapsed time=4.659
++ Job #17: processing voxels 709227 to 752365; elapsed time=4.670
++ Job #18: processing voxels 752366 to 807106; elapsed time=4.708
++ Job #19: processing voxels 807107 to 1082034; elapsed time=4.719
++ Job #0: processing voxels 0 to 192196; elapsed time=4.729
++ voxel loop:0123456789.0123456789.0123456789.0123456789.0++ Job #2 finished; elapsed time=5.446
1++ Job #4 finished; elapsed time=5.475
23++ Job #6 finished; elapsed time=5.519
++ Job #5 finished; elapsed time=5.540
++ Job #8 finished; elapsed time=5.559
++ Job #7 finished; elapsed time=5.582
4++ Job #10 finished; elapsed time=5.609
++ Job #9 finished; elapsed time=5.620
56++ Job #12 finished; elapsed time=5.656
++ Job #14 finished; elapsed time=5.704
++ Job #15 finished; elapsed time=5.734
7++ Job #17 finished; elapsed time=5.790
89.
++ Job #0 waiting for children to finish; elapsed time=5.824
++ Job #19 finished; elapsed time=5.871
++ Job #13 finished; elapsed time=5.876
++ Job #11 finished; elapsed time=5.900
++ Job #3 finished; elapsed time=5.904
++ Job #1 finished; elapsed time=5.952
++ Job #16 finished; elapsed time=6.212
++ Job #18 finished; elapsed time=6.296
++ Job #0 now finishing up; elapsed time=6.313
++ Smallest FDR q [0 Full_Fstat] = 8.24912e-15
++ Smallest FDR q [2 HealthyPmod#0_Tstat] = 3.16398e-14
[7m*+ WARNING:[0m Smallest FDR q [4 HealthyPmod#1_Tstat] = 0.467575 ==> few true single voxel detections
++ Smallest FDR q [5 HealthyPmod_Fstat] = 3.93564e-14
++ Smallest FDR q [7 UnhealthyPmod#0_Tstat] = 2.7403e-14
++ Smallest FDR q [9 UnhealthyPmod#1_Tstat] = 4.90582e-07
++ Smallest FDR q [10 UnhealthyPmod_Fstat] = 2.72138e-14
++ Smallest FDR q [12 BidsNMiss#0_Tstat] = 4.66724e-14
++ Smallest FDR q [13 BidsNMiss_Fstat] = 4.66697e-14
++ Smallest FDR q [15 HealthyGtRest_GLT#0_Tstat] = 3.16398e-14
++ Smallest FDR q [16 HealthyGtRest_GLT_Fstat] = 3.1639e-14
[7m*+ WARNING:[0m Smallest FDR q [18 HealthyPmod_GLT#0_Tstat] = 0.467575 ==> few true single voxel detections
[7m*+ WARNING:[0m Smallest FDR q [19 HealthyPmod_GLT_Fstat] = 0.466335 ==> few true single voxel detections
++ Smallest FDR q [21 UnhealthyGtRest_GLT#0_Tstat] = 2.7403e-14
++ Smallest FDR q [22 UnhealthyGtRest_GLT_Fstat] = 2.74013e-14
++ Smallest FDR q [24 UnhealthyPmod_GLT#0_Tstat] = 4.90582e-07
++ Smallest FDR q [25 UnhealthyPmod_GLT_Fstat] = 4.90567e-07
[7m*+ WARNING:[0m Smallest FDR q [27 HealthyGtUnhealthy_GLT#0_Tstat] = 0.222993 ==> few true single voxel detections
[7m*+ WARNING:[0m Smallest FDR q [28 HealthyGtUnhealthy_GLT_Fstat] = 0.222475 ==> few true single voxel detections
[7m*+ WARNING:[0m Smallest FDR q [30 HealthyGtUnhealthyPmod_GLT#0_Tstat] = 0.308377 ==> few true single voxel detections
[7m*+ WARNING:[0m Smallest FDR q [31 HealthyGtUnhealthyPmod_GLT_Fstat] = 0.307592 ==> few true single voxel detections
++ Wrote bucket dataset into ./CHIVES1073_2CondPmod_stats+tlrc.BRIK
 + created 21 FDR curves in bucket header
++ Wrote 3D+time dataset into ./CHIVES1073_2CondPmod+tlrc.BRIK
++ Wrote 3D+time dataset into ./CHIVES1073_2CondPmod+tlrc.BRIK
++ Program finished; elapsed time=36.083
++ 3dREMLfit: AFNI version=AFNI_18.2.04 (Jul  6 2018) [64-bit]
++ Authored by: RWCox
** AFNI converts NIFTI_datatype=4 (INT16) in file /projects/sanlab/shared/CHIVES/bids_data/derivatives/fmriprep/sub-CHIVES1073/ses-wave1/func/s6_sub-CHIVES1073_ses-wave1_task-money_bold_space-MNI152NLin2009cAsym_preproc.nii to FLOAT32
     Warnings of this type will be muted for this session.
     Set AFNI_NIFTI_TYPE_WARN to YES to see them all, NO to see none.
++ Number of voxels in mask = 269917
++ Number of OpenMP threads = 15
++ -----  matrix condition (357x15):  4.31997  ++ VERY GOOD ++
++ Loading input dataset into memory
++ Converting input dataset to vector image
 +  dataset = 1.5 billion [giga] bytes
 +  vectim  = 387 million [mega] bytes
++ starting REML setup calculations; total CPU=0.00 Elapsed=4.23
 + X matrix: 90.532% of elements are nonzero
 + starting 15 OpenMP threads for REML setup
 + REML setup finished: matrix rows=357 cols=15; 109*1 cases; total CPU=0.00 Elapsed=4.24
 +  average case bandwidth = 13.00
++ REML voxel loop: [15 threads]0123456789.012
 + ARMA voxel parameters estimated: total CPU=0.00 Elapsed=20.35
++ GLSQ loop:0123456789.0123456789.0123456789.0123456789.0123456789.
 + GLSQ regression done: total CPU=0.00 Elapsed=51.94
++ Output dataset ./CHIVES1073_2CondPmod_stats_REMLvar+tlrc.BRIK
++ Output dataset ./CHIVES1073_2CondPmod_REML+tlrc.BRIK
[7m** ERROR:[0m output dataset name 'CHIVES1073_2CondPmod_REML' conflicts with existing file
[7m** ERROR:[0m dataset NOT written to disk!
++ creating FDR curves in dataset CHIVES1073_2CondPmod_stats_REML+tlrc
++ Smallest FDR q [0 Full_Fstat] = 1.03956e-14
++ Smallest FDR q [2 HealthyPmod#0_Tstat] = 5.79655e-14
[7m*+ WARNING:[0m Smallest FDR q [4 HealthyPmod#1_Tstat] = 0.99988 ==> few true single voxel detections
++ Smallest FDR q [5 HealthyPmod_Fstat] = 7.75456e-14
++ Smallest FDR q [7 UnhealthyPmod#0_Tstat] = 4.21775e-14
++ Smallest FDR q [9 UnhealthyPmod#1_Tstat] = 0.000101409
++ Smallest FDR q [10 UnhealthyPmod_Fstat] = 4.69211e-14
++ Smallest FDR q [12 BidsNMiss#0_Tstat] = 5.57811e-14
++ Smallest FDR q [13 BidsNMiss_Fstat] = 5.57811e-14
++ Smallest FDR q [15 HealthyGtRest#0_Tstat] = 5.79655e-14
++ Smallest FDR q [16 HealthyGtRest_Fstat] = 5.79655e-14
[7m*+ WARNING:[0m Smallest FDR q [18 HealthyPmod#0_Tstat] = 0.99988 ==> few true single voxel detections
[7m*+ WARNING:[0m Smallest FDR q [19 HealthyPmod_Fstat] = 0.99988 ==> few true single voxel detections
++ Smallest FDR q [21 UnhealthyGtRest#0_Tstat] = 4.21775e-14
++ Smallest FDR q [22 UnhealthyGtRest_Fstat] = 4.21775e-14
++ Smallest FDR q [24 UnhealthyPmod#0_Tstat] = 0.000101409
++ Smallest FDR q [25 UnhealthyPmod_Fstat] = 0.000101409
[7m*+ WARNING:[0m Smallest FDR q [27 HealthyGtUnhealthy#0_Tstat] = 0.875213 ==> few true single voxel detections
[7m*+ WARNING:[0m Smallest FDR q [28 HealthyGtUnhealthy_Fstat] = 0.875213 ==> few true single voxel detections
[7m*+ WARNING:[0m Smallest FDR q [30 HealthyGtUnhealthyPmod#0_Tstat] = 0.998953 ==> few true single voxel detections
[7m*+ WARNING:[0m Smallest FDR q [31 HealthyGtUnhealthyPmod_Fstat] = 0.998953 ==> few true single voxel detections
 + Added 21 FDR curves to dataset CHIVES1073_2CondPmod_stats_REML+tlrc
++ Output dataset ./CHIVES1073_2CondPmod_stats_REML+tlrc.BRIK
 + unloading input dataset and REML matrices
++ 3dREMLfit is all done! total CPU=0.00 Elapsed=80.78
** AFNI converts NIFTI_datatype=4 (INT16) in file /projects/sanlab/shared/CHIVES/bids_data/derivatives/fmriprep/sub-CHIVES1073/ses-wave1/func/s6_sub-CHIVES1073_ses-wave1_task-money_bold_space-MNI152NLin2009cAsym_preproc.nii to FLOAT32
     Warnings of this type will be muted for this session.
     Set AFNI_NIFTI_TYPE_WARN to YES to see them all, NO to see none.
++ '-stim_times_AM1 3 /projects/sanlab/shared/CHIVES/CHIVES_WTP_scripts/behavioral/money/afni_timing_files/CHIVES1073/BidOnsDur.1D' has 1 auxiliary values per time point
++ '-stim_times_AM1 3': basis function model 'dmBLOCK(1)' uses 1 parameters,
    out of the 1 found in timing file '/projects/sanlab/shared/CHIVES/CHIVES_WTP_scripts/behavioral/money/afni_timing_files/CHIVES1073/BidOnsDur.1D'
++ 3dDeconvolve extending num_stimts from 3 to 7 due to -ortvec
++ 3dDeconvolve: AFNI version=AFNI_18.2.04 (Jul  6 2018) [64-bit]
++ Authored by: B. Douglas Ward, et al.
++ current memory malloc-ated = 265,657 bytes (about 266 thousand [kilo])
++ loading dataset /projects/sanlab/shared/CHIVES/bids_data/derivatives/fmriprep/sub-CHIVES1073/ses-wave1/func/s6_sub-CHIVES1073_ses-wave1_task-money_bold_space-MNI152NLin2009cAsym_preproc.nii
++ current memory malloc-ated = 1,545,414,517 bytes (about 1.5 billion [giga])
++ forcibly using TR=2.0000 seconds for -input dataset
++ Skipping check for initial transients
++ Imaging duration=714.0 s; Automatic polort=5
++ -stim_times using TR=2 s for stimulus timing conversion
++ -stim_times using TR=2 s for any -iresp output datasets
++  [you can alter the -iresp TR via the -TR_times option]
++ ** -stim_times NOTE ** guessing GLOBAL times if 1 time per line; LOCAL otherwise
++ ** GUESSED ** -stim_times 1 using LOCAL times
++ ** GUESSED ** -stim_times 2 using LOCAL times
++ ** GUESSED ** -stim_times_AM1 3 using LOCAL times
------------------------------------------------------------
GLT matrix from 'SYM: Healthy':
   0   0   0   0   0   0   1   0   0   0   0   0   0 
 
------------------------------------------------------------
GLT matrix from 'SYM: Unhealthy':
   0   0   0   0   0   0   0   1   0   0   0   0   0 
 
------------------------------------------------------------
GLT matrix from 'SYM: Healthy -Unhealthy':
   0   0   0   0   0   0   1  -1   0   0   0   0   0 
 
++ Number of time points: 357 (no censoring)
 + Number of parameters:  13 [10 baseline ; 3 signal]
++ total shared memory needed = 3,172,526,620 bytes (about 3.2 billion [giga])
++ current memory malloc-ated = 1,546,542,489 bytes (about 1.5 billion [giga])
++ mmap() memory allocated: 3,172,526,620 bytes (about 3.2 billion [giga])
++ Memory required for output bricks = 3,172,526,620 bytes (about 3.2 billion [giga])
++ Wrote matrix values to file CHIVES1073_2Cond_xmat.1D
++ ========= Things you can do with the matrix file =========
++ (a) Linear regression with ARMA(1,1) modeling of serial correlation:

3dREMLfit -matrix CHIVES1073_2Cond_xmat.1D -input /projects/sanlab/shared/CHIVES/bids_data/derivatives/fmriprep/sub-CHIVES1073/ses-wave1/func/s6_sub-CHIVES1073_ses-wave1_task-money_bold_space-MNI152NLin2009cAsym_preproc.nii \
 -mask /projects/sanlab/shared/CHIVES/bids_data/derivatives/fmriprep/sub-CHIVES1073/ses-wave1/func/sub-CHIVES1073_ses-wave1_task-money_bold_space-MNI152NLin2009cAsym_brainmask.nii.gz \
 -fout -tout -Rbuck CHIVES1073_2Cond_stats_REML -Rvar CHIVES1073_2Cond_stats_REMLvar \
 -Rfitts CHIVES1073_2Cond_REML -Rerrts CHIVES1073_2Cond_REML -verb
 
++ N.B.: 3dREMLfit command above written to file CHIVES1073_2Cond_stats.REML_cmd
++ (b) Visualization/analysis of the matrix via ExamineXmat.R
++ (c) Synthesis of sub-model datasets using 3dSynthesize
++ ==========================================================
++ Wrote matrix values to file CHIVES1073_2Cond_uncensor_xmat.1D
++ ----- Signal+Baseline matrix condition [X] (357x13):  4.30131  ++ VERY GOOD ++
++ ----- Signal-only matrix condition [X] (357x3):  1.58044  ++ VERY GOOD ++
++ ----- Baseline-only matrix condition [X] (357x10):  4.21815  ++ VERY GOOD ++
++ ----- stim_base-only matrix condition [X] (357x4):  1.95497  ++ VERY GOOD ++
++ ----- polort-only matrix condition [X] (357x6):  1.01526  ++ VERY GOOD ++
++ +++++ Matrix inverse average error = 1.69655e-15  ++ VERY GOOD ++
++ Matrix setup time = 0.01 s
++ Voxels in dataset: 1082035
++ Voxels in mask:    269917
++ Voxels per job:    13495
++ Job #1: processing voxels 192197 to 247996; elapsed time=4.267
++ Job #2: processing voxels 247997 to 291928; elapsed time=4.287
++ Job #3: processing voxels 291929 to 326336; elapsed time=4.308
++ Job #4: processing voxels 326337 to 354026; elapsed time=4.328
++ Job #5: processing voxels 354027 to 384337; elapsed time=4.350
++ Job #6: processing voxels 384338 to 410754; elapsed time=4.371
++ Job #7: processing voxels 410755 to 439836; elapsed time=4.394
++ Job #8: processing voxels 439837 to 465571; elapsed time=4.416
++ Job #9: processing voxels 465572 to 494811; elapsed time=4.440
++ Job #10: processing voxels 494812 to 520727; elapsed time=4.462
++ Job #11: processing voxels 520728 to 550696; elapsed time=4.486
++ Job #12: processing voxels 550697 to 577399; elapsed time=4.509
++ Job #13: processing voxels 577400 to 608438; elapsed time=4.547
++ Job #14: processing voxels 608439 to 640722; elapsed time=4.557
++ Job #15: processing voxels 640723 to 674176; elapsed time=4.582
++ Job #16: processing voxels 674177 to 709226; elapsed time=4.620
++ Job #17: processing voxels 709227 to 752365; elapsed time=4.632
++ Job #18: processing voxels 752366 to 807106; elapsed time=4.669
++ Job #19: processing voxels 807107 to 1082034; elapsed time=4.681
++ Job #0: processing voxels 0 to 192196; elapsed time=4.691
++ voxel loop:0123456789.0123456789.0123456789.0123456789.0++ Job #2 finished; elapsed time=5.197
++ Job #4 finished; elapsed time=5.228
++ Job #6 finished; elapsed time=5.271
1++ Job #5 finished; elapsed time=5.292
23++ Job #8 finished; elapsed time=5.311
++ Job #7 finished; elapsed time=5.332
++ Job #10 finished; elapsed time=5.361
++ Job #9 finished; elapsed time=5.371
4++ Job #12 finished; elapsed time=5.408
56++ Job #14 finished; elapsed time=5.456
++ Job #15 finished; elapsed time=5.488
++ Job #1 finished; elapsed time=5.504
7++ Job #17 finished; elapsed time=5.540
89.
++ Job #0 waiting for children to finish; elapsed time=5.578
++ Job #3 finished; elapsed time=5.578
++ Job #19 finished; elapsed time=5.620
++ Job #11 finished; elapsed time=5.661
++ Job #13 finished; elapsed time=5.702
++ Job #16 finished; elapsed time=5.782
++ Job #18 finished; elapsed time=5.917
++ Job #0 now finishing up; elapsed time=5.935
++ Smallest FDR q [0 Full_Fstat] = 7.45601e-15
++ Smallest FDR q [2 Healthy#0_Tstat] = 3.19408e-14
++ Smallest FDR q [3 Healthy_Fstat] = 3.19419e-14
++ Smallest FDR q [5 Unhealthy#0_Tstat] = 2.69504e-14
++ Smallest FDR q [6 Unhealthy_Fstat] = 2.69515e-14
++ Smallest FDR q [8 BidsNMiss#0_Tstat] = 4.61056e-14
++ Smallest FDR q [9 BidsNMiss_Fstat] = 4.61048e-14
++ Smallest FDR q [11 HealthyGtRest_GLT#0_Tstat] = 3.19408e-14
++ Smallest FDR q [12 HealthyGtRest_GLT_Fstat] = 3.19419e-14
++ Smallest FDR q [14 UnhealthyGtRest_GLT#0_Tstat] = 2.69504e-14
++ Smallest FDR q [15 UnhealthyGtRest_GLT_Fstat] = 2.69515e-14
[7m*+ WARNING:[0m Smallest FDR q [17 HealthyGtUnhealthy_GLT#0_Tstat] = 0.235239 ==> few true single voxel detections
[7m*+ WARNING:[0m Smallest FDR q [18 HealthyGtUnhealthy_GLT_Fstat] = 0.234662 ==> few true single voxel detections
++ Wrote bucket dataset into ./CHIVES1073_2Cond_stats+tlrc.BRIK
 + created 13 FDR curves in bucket header
++ Wrote 3D+time dataset into ./CHIVES1073_2Cond+tlrc.BRIK
++ Wrote 3D+time dataset into ./CHIVES1073_2Cond+tlrc.BRIK
++ Program finished; elapsed time=24.434
++ 3dREMLfit: AFNI version=AFNI_18.2.04 (Jul  6 2018) [64-bit]
++ Authored by: RWCox
** AFNI converts NIFTI_datatype=4 (INT16) in file /projects/sanlab/shared/CHIVES/bids_data/derivatives/fmriprep/sub-CHIVES1073/ses-wave1/func/s6_sub-CHIVES1073_ses-wave1_task-money_bold_space-MNI152NLin2009cAsym_preproc.nii to FLOAT32
     Warnings of this type will be muted for this session.
     Set AFNI_NIFTI_TYPE_WARN to YES to see them all, NO to see none.
++ Number of voxels in mask = 269917
++ Number of OpenMP threads = 15
++ -----  matrix condition (357x13):  4.30131  ++ VERY GOOD ++
++ Loading input dataset into memory
++ Converting input dataset to vector image
 +  dataset = 1.5 billion [giga] bytes
 +  vectim  = 387 million [mega] bytes
++ starting REML setup calculations; total CPU=0.00 Elapsed=4.43
 + X matrix: 94.462% of elements are nonzero
 + starting 15 OpenMP threads for REML setup
 + REML setup finished: matrix rows=357 cols=13; 109*1 cases; total CPU=0.00 Elapsed=4.44
 +  average case bandwidth = 13.00
++ REML voxel loop: [15 threads]0123456789.012
 + ARMA voxel parameters estimated: total CPU=0.00 Elapsed=19.94
++ GLSQ loop:0123456789.0123456789.0123456789.0123456789.0123456789.
 + GLSQ regression done: total CPU=0.00 Elapsed=44.61
++ Output dataset ./CHIVES1073_2Cond_stats_REMLvar+tlrc.BRIK
++ Output dataset ./CHIVES1073_2Cond_REML+tlrc.BRIK
[7m** ERROR:[0m output dataset name 'CHIVES1073_2Cond_REML' conflicts with existing file
[7m** ERROR:[0m dataset NOT written to disk!
++ creating FDR curves in dataset CHIVES1073_2Cond_stats_REML+tlrc
++ Smallest FDR q [0 Full_Fstat] = 8.92965e-15
++ Smallest FDR q [2 Healthy#0_Tstat] = 5.76924e-14
++ Smallest FDR q [3 Healthy_Fstat] = 5.76924e-14
++ Smallest FDR q [5 Unhealthy#0_Tstat] = 4.12884e-14
++ Smallest FDR q [6 Unhealthy_Fstat] = 4.12884e-14
++ Smallest FDR q [8 BidsNMiss#0_Tstat] = 5.45221e-14
++ Smallest FDR q [9 BidsNMiss_Fstat] = 5.45221e-14
++ Smallest FDR q [11 HealthyGtRest#0_Tstat] = 5.76924e-14
++ Smallest FDR q [12 HealthyGtRest_Fstat] = 5.76924e-14
++ Smallest FDR q [14 UnhealthyGtRest#0_Tstat] = 4.12884e-14
++ Smallest FDR q [15 UnhealthyGtRest_Fstat] = 4.12884e-14
[7m*+ WARNING:[0m Smallest FDR q [17 HealthyGtUnhealthy#0_Tstat] = 0.848008 ==> few true single voxel detections
[7m*+ WARNING:[0m Smallest FDR q [18 HealthyGtUnhealthy_Fstat] = 0.848008 ==> few true single voxel detections
 + Added 13 FDR curves to dataset CHIVES1073_2Cond_stats_REML+tlrc
++ Output dataset ./CHIVES1073_2Cond_stats_REML+tlrc.BRIK
 + unloading input dataset and REML matrices
++ 3dREMLfit is all done! total CPU=0.00 Elapsed=62.48
