** AFNI converts NIFTI_datatype=4 (INT16) in file /projects/sanlab/shared/CHIVES/bids_data/derivatives/fmriprep/sub-CHIVES1087/ses-wave1/func/s6_sub-CHIVES1087_ses-wave1_task-money_bold_space-MNI152NLin2009cAsym_preproc.nii to FLOAT32
     Warnings of this type will be muted for this session.
     Set AFNI_NIFTI_TYPE_WARN to YES to see them all, NO to see none.
++ '-stim_times_AM2 1 /projects/sanlab/shared/CHIVES/CHIVES_WTP_scripts/behavioral/money/afni_timing_files/CHIVES1087/AllCondsPmod.1D' has 1 auxiliary values per time point
++ '-stim_times_AM2 1 /projects/sanlab/shared/CHIVES/CHIVES_WTP_scripts/behavioral/money/afni_timing_files/CHIVES1087/AllCondsPmod.1D' will have 2 regressors
++ '-stim_times_AM1 2 /projects/sanlab/shared/CHIVES/CHIVES_WTP_scripts/behavioral/money/afni_timing_files/CHIVES1087/BidOnsDur.1D' has 1 auxiliary values per time point
++ '-stim_times_AM1 2': basis function model 'dmBLOCK(1)' uses 1 parameters,
    out of the 1 found in timing file '/projects/sanlab/shared/CHIVES/CHIVES_WTP_scripts/behavioral/money/afni_timing_files/CHIVES1087/BidOnsDur.1D'
++ 3dDeconvolve extending num_stimts from 2 to 6 due to -ortvec
++ 3dDeconvolve: AFNI version=AFNI_18.2.04 (Jul  6 2018) [64-bit]
++ Authored by: B. Douglas Ward, et al.
++ current memory malloc-ated = 260,025 bytes (about 260 thousand [kilo])
++ loading dataset /projects/sanlab/shared/CHIVES/bids_data/derivatives/fmriprep/sub-CHIVES1087/ses-wave1/func/s6_sub-CHIVES1087_ses-wave1_task-money_bold_space-MNI152NLin2009cAsym_preproc.nii
++ current memory malloc-ated = 1,545,408,885 bytes (about 1.5 billion [giga])
++ forcibly using TR=2.0000 seconds for -input dataset
++ Skipping check for initial transients
++ Imaging duration=714.0 s; Automatic polort=5
++ -stim_times using TR=2 s for stimulus timing conversion
++ -stim_times using TR=2 s for any -iresp output datasets
++  [you can alter the -iresp TR via the -TR_times option]
++ ** -stim_times NOTE ** guessing GLOBAL times if 1 time per line; LOCAL otherwise
++ ** GUESSED ** -stim_times_AM2 1 using LOCAL times
[7m*+ WARNING:[0m '-stim_times_AM2 1' (LOCAL) run#1 has 1 times outside range 0 .. 712 [PSFB syndrome]
 + dataset TR being used is 2 s -- unusable times follow
 713.55
++ '-stim_times_AM2 1' average amplitude#1=0.745763
++ ** GUESSED ** -stim_times_AM1 2 using LOCAL times
[7m*+ WARNING:[0m '-stim_times_AM1 2' (LOCAL) run#1 has 1 times outside range 0 .. 712 [PSFB syndrome]
 + dataset TR being used is 2 s -- unusable times follow
 717.56
------------------------------------------------------------
GLT matrix from 'SYM: AllConds[0]':
   0   0   0   0   0   0   1   0   0   0   0   0   0 
 
------------------------------------------------------------
GLT matrix from 'SYM: AllConds[1]':
   0   0   0   0   0   0   0   1   0   0   0   0   0 
 
++ Number of time points: 357 (before censor) ; 349 (after)
 + Number of parameters:  13 [10 baseline ; 3 signal]
++ total shared memory needed = 3,155,214,060 bytes (about 3.2 billion [giga])
++ current memory malloc-ated = 1,546,536,810 bytes (about 1.5 billion [giga])
++ mmap() memory allocated: 3,155,214,060 bytes (about 3.2 billion [giga])
++ Memory required for output bricks = 3,155,214,060 bytes (about 3.2 billion [giga])
++ Wrote matrix values to file CHIVES1087_AllCondPmod_xmat.1D
++ ========= Things you can do with the matrix file =========
++ (a) Linear regression with ARMA(1,1) modeling of serial correlation:

3dREMLfit -matrix CHIVES1087_AllCondPmod_xmat.1D -input /projects/sanlab/shared/CHIVES/bids_data/derivatives/fmriprep/sub-CHIVES1087/ses-wave1/func/s6_sub-CHIVES1087_ses-wave1_task-money_bold_space-MNI152NLin2009cAsym_preproc.nii \
 -mask /projects/sanlab/shared/CHIVES/bids_data/derivatives/fmriprep/sub-CHIVES1087/ses-wave1/func/sub-CHIVES1087_ses-wave1_task-money_bold_space-MNI152NLin2009cAsym_brainmask.nii.gz \
 -fout -tout -Rbuck CHIVES1087_AllCondPmod_stats_REML -Rvar CHIVES1087_AllCondPmod_stats_REMLvar \
 -Rfitts CHIVES1087_AllCondPmod_REML -Rerrts CHIVES1087_AllCondPmod_REML -verb
 
++ N.B.: 3dREMLfit command above written to file CHIVES1087_AllCondPmod_stats.REML_cmd
++ (b) Visualization/analysis of the matrix via ExamineXmat.R
++ (c) Synthesis of sub-model datasets using 3dSynthesize
++ ==========================================================
++ Wrote matrix values to file CHIVES1087_AllCondPmod_uncensor_xmat.1D
++ ----- Signal+Baseline matrix condition [X] (349x13):  2.73865  ++ VERY GOOD ++
++ ----- Signal-only matrix condition [X] (349x3):  1.49719  ++ VERY GOOD ++
++ ----- Baseline-only matrix condition [X] (349x10):  2.65603  ++ VERY GOOD ++
++ ----- stim_base-only matrix condition [X] (349x4):  1.6079  ++ VERY GOOD ++
++ ----- polort-only matrix condition [X] (349x6):  1.0283  ++ VERY GOOD ++
++ +++++ Matrix inverse average error = 7.16082e-16  ++ VERY GOOD ++
++ Matrix setup time = 0.02 s
++ Voxels in dataset: 1082035
++ Voxels in mask:    267045
++ Voxels per job:    13352
++ Job #1: processing voxels 180859 to 236619; elapsed time=4.608
++ Job #2: processing voxels 236620 to 281054; elapsed time=4.629
++ Job #3: processing voxels 281055 to 316177; elapsed time=4.650
++ Job #4: processing voxels 316178 to 347993; elapsed time=4.672
++ Job #5: processing voxels 347994 to 374783; elapsed time=4.694
++ Job #6: processing voxels 374784 to 404802; elapsed time=4.716
++ Job #7: processing voxels 404803 to 430601; elapsed time=4.739
++ Job #8: processing voxels 430602 to 459901; elapsed time=4.775
++ Job #9: processing voxels 459902 to 485549; elapsed time=4.799
++ Job #10: processing voxels 485550 to 514622; elapsed time=4.824
++ Job #11: processing voxels 514623 to 541126; elapsed time=4.849
++ Job #12: processing voxels 541127 to 571459; elapsed time=4.874
++ Job #13: processing voxels 571460 to 598536; elapsed time=4.899
++ Job #14: processing voxels 598537 to 630535; elapsed time=4.924
++ Job #15: processing voxels 630536 to 663801; elapsed time=4.955
++ Job #16: processing voxels 663802 to 698810; elapsed time=4.994
++ Job #17: processing voxels 698811 to 741599; elapsed time=5.034
++ Job #18: processing voxels 741600 to 796104; elapsed time=5.068
++ Job #0: processing voxels 0 to 180858; elapsed time=5.092
++ voxel loop:0123++ Job #19: processing voxels 796105 to 1082034; elapsed time=5.109
456789.0123456789.01234++ Job #8 finished; elapsed time=5.581
56789.01234++ Job #1 finished; elapsed time=5.842
56++ Job #3 finished; elapsed time=5.904
7++ Job #6 finished; elapsed time=5.927
++ Job #5 finished; elapsed time=5.932
++ Job #2 finished; elapsed time=5.954
89.0++ Job #4 finished; elapsed time=6.002
12++ Job #10 finished; elapsed time=6.066
++ Job #11 finished; elapsed time=6.070
3++ Job #7 finished; elapsed time=6.102
++ Job #13 finished; elapsed time=6.115
++ Job #9 finished; elapsed time=6.153
++ Job #14 finished; elapsed time=6.161
++ Job #16 finished; elapsed time=6.165
456++ Job #12 finished; elapsed time=6.207
++ Job #18 finished; elapsed time=6.216
++ Job #15 finished; elapsed time=6.249
7++ Job #17 finished; elapsed time=6.292
8++ Job #19 finished; elapsed time=6.322
9.
++ Job #0 waiting for children to finish; elapsed time=6.324
++ Job #0 now finishing up; elapsed time=6.340
++ Smallest FDR q [0 Full_Fstat] = 1.19929e-14
++ Smallest FDR q [2 AllConds#0_Tstat] = 2.9028e-14
++ Smallest FDR q [4 AllConds#1_Tstat] = 0.0232149
++ Smallest FDR q [5 AllConds_Fstat] = 3.3129e-14
++ Smallest FDR q [7 BidsNMiss#0_Tstat] = 4.87777e-14
++ Smallest FDR q [8 BidsNMiss_Fstat] = 4.87783e-14
++ Smallest FDR q [10 CondGtRest_GLT#0_Tstat] = 2.9028e-14
++ Smallest FDR q [11 CondGtRest_GLT_Fstat] = 2.90251e-14
++ Smallest FDR q [13 Pmod_GLT#0_Tstat] = 0.0232149
++ Smallest FDR q [14 Pmod_GLT_Fstat] = 0.0232159
++ Wrote bucket dataset into ./CHIVES1087_AllCondPmod_stats+tlrc.BRIK
 + created 10 FDR curves in bucket header
++ Wrote 3D+time dataset into ./CHIVES1087_AllCondPmod+tlrc.BRIK
++ Wrote 3D+time dataset into ./CHIVES1087_AllCondPmod+tlrc.BRIK
++ Program finished; elapsed time=21.709
++ 3dREMLfit: AFNI version=AFNI_18.2.04 (Jul  6 2018) [64-bit]
++ Authored by: RWCox
** AFNI converts NIFTI_datatype=4 (INT16) in file /projects/sanlab/shared/CHIVES/bids_data/derivatives/fmriprep/sub-CHIVES1087/ses-wave1/func/s6_sub-CHIVES1087_ses-wave1_task-money_bold_space-MNI152NLin2009cAsym_preproc.nii to FLOAT32
     Warnings of this type will be muted for this session.
     Set AFNI_NIFTI_TYPE_WARN to YES to see them all, NO to see none.
++ Number of voxels in mask = 267045
++ Number of OpenMP threads = 15
++ -----  matrix condition (349x13):  2.73865  ++ VERY GOOD ++
++ Loading input dataset into memory
++ Converting input dataset to vector image
 +  dataset = 1.5 billion [giga] bytes
 +  vectim  = 382 million [mega] bytes
++ starting REML setup calculations; total CPU=0.00 Elapsed=4.19
 + X matrix: 99.758% of elements are nonzero
 + starting 15 OpenMP threads for REML setup
 + REML setup finished: matrix rows=349 cols=13; 109*1 cases; total CPU=0.00 Elapsed=4.20
 +  average case bandwidth = 12.74
++ REML voxel loop: [15 threads]0123456789.012
 + ARMA voxel parameters estimated: total CPU=0.00 Elapsed=19.75
++ GLSQ loop:0123456789.0123456789.0123456789.0123456789.0123456789.
 + GLSQ regression done: total CPU=0.00 Elapsed=43.07
++ Output dataset ./CHIVES1087_AllCondPmod_stats_REMLvar+tlrc.BRIK
++ Output dataset ./CHIVES1087_AllCondPmod_REML+tlrc.BRIK
[7m** ERROR:[0m output dataset name 'CHIVES1087_AllCondPmod_REML' conflicts with existing file
[7m** ERROR:[0m dataset NOT written to disk!
++ creating FDR curves in dataset CHIVES1087_AllCondPmod_stats_REML+tlrc
++ Smallest FDR q [0 Full_Fstat] = 1.29004e-14
++ Smallest FDR q [2 AllConds#0_Tstat] = 3.53639e-14
[7m*+ WARNING:[0m Smallest FDR q [4 AllConds#1_Tstat] = 0.394039 ==> few true single voxel detections
++ Smallest FDR q [5 AllConds_Fstat] = 4.46502e-14
++ Smallest FDR q [7 BidsNMiss#0_Tstat] = 3.91196e-14
++ Smallest FDR q [8 BidsNMiss_Fstat] = 3.91196e-14
++ Smallest FDR q [10 CondGtRest#0_Tstat] = 3.53639e-14
++ Smallest FDR q [11 CondGtRest_Fstat] = 3.53639e-14
[7m*+ WARNING:[0m Smallest FDR q [13 Pmod#0_Tstat] = 0.394039 ==> few true single voxel detections
[7m*+ WARNING:[0m Smallest FDR q [14 Pmod_Fstat] = 0.394038 ==> few true single voxel detections
 + Added 10 FDR curves to dataset CHIVES1087_AllCondPmod_stats_REML+tlrc
++ Output dataset ./CHIVES1087_AllCondPmod_stats_REML+tlrc.BRIK
 + unloading input dataset and REML matrices
++ 3dREMLfit is all done! total CPU=0.00 Elapsed=57.93
** AFNI converts NIFTI_datatype=4 (INT16) in file /projects/sanlab/shared/CHIVES/bids_data/derivatives/fmriprep/sub-CHIVES1087/ses-wave1/func/s6_sub-CHIVES1087_ses-wave1_task-money_bold_space-MNI152NLin2009cAsym_preproc.nii to FLOAT32
     Warnings of this type will be muted for this session.
     Set AFNI_NIFTI_TYPE_WARN to YES to see them all, NO to see none.
++ '-stim_times_AM2 1 /projects/sanlab/shared/CHIVES/CHIVES_WTP_scripts/behavioral/money/afni_timing_files/CHIVES1087/HealthyPmod.1D' has 1 auxiliary values per time point
++ '-stim_times_AM2 1 /projects/sanlab/shared/CHIVES/CHIVES_WTP_scripts/behavioral/money/afni_timing_files/CHIVES1087/HealthyPmod.1D' will have 2 regressors
++ '-stim_times_AM2 2 /projects/sanlab/shared/CHIVES/CHIVES_WTP_scripts/behavioral/money/afni_timing_files/CHIVES1087/UnhealthyPmod.1D' has 1 auxiliary values per time point
++ '-stim_times_AM2 2 /projects/sanlab/shared/CHIVES/CHIVES_WTP_scripts/behavioral/money/afni_timing_files/CHIVES1087/UnhealthyPmod.1D' will have 2 regressors
++ '-stim_times_AM1 3 /projects/sanlab/shared/CHIVES/CHIVES_WTP_scripts/behavioral/money/afni_timing_files/CHIVES1087/BidOnsDur.1D' has 1 auxiliary values per time point
++ '-stim_times_AM1 3': basis function model 'dmBLOCK(1)' uses 1 parameters,
    out of the 1 found in timing file '/projects/sanlab/shared/CHIVES/CHIVES_WTP_scripts/behavioral/money/afni_timing_files/CHIVES1087/BidOnsDur.1D'
++ 3dDeconvolve extending num_stimts from 3 to 7 due to -ortvec
++ 3dDeconvolve: AFNI version=AFNI_18.2.04 (Jul  6 2018) [64-bit]
++ Authored by: B. Douglas Ward, et al.
++ current memory malloc-ated = 287,291 bytes (about 287 thousand [kilo])
++ loading dataset /projects/sanlab/shared/CHIVES/bids_data/derivatives/fmriprep/sub-CHIVES1087/ses-wave1/func/s6_sub-CHIVES1087_ses-wave1_task-money_bold_space-MNI152NLin2009cAsym_preproc.nii
++ current memory malloc-ated = 1,545,436,151 bytes (about 1.5 billion [giga])
++ forcibly using TR=2.0000 seconds for -input dataset
++ Skipping check for initial transients
++ Imaging duration=714.0 s; Automatic polort=5
++ -stim_times using TR=2 s for stimulus timing conversion
++ -stim_times using TR=2 s for any -iresp output datasets
++  [you can alter the -iresp TR via the -TR_times option]
++ ** -stim_times NOTE ** guessing GLOBAL times if 1 time per line; LOCAL otherwise
++ ** GUESSED ** -stim_times_AM2 1 using LOCAL times
[7m*+ WARNING:[0m '-stim_times_AM2 1' (LOCAL) run#1 has 1 times outside range 0 .. 712 [PSFB syndrome]
 + dataset TR being used is 2 s -- unusable times follow
 713.55
++ '-stim_times_AM2 1' average amplitude#1=0.758621
++ ** GUESSED ** -stim_times_AM2 2 using LOCAL times
++ '-stim_times_AM2 2' average amplitude#1=0.733333
++ ** GUESSED ** -stim_times_AM1 3 using LOCAL times
[7m*+ WARNING:[0m '-stim_times_AM1 3' (LOCAL) run#1 has 1 times outside range 0 .. 712 [PSFB syndrome]
 + dataset TR being used is 2 s -- unusable times follow
 717.56
------------------------------------------------------------
GLT matrix from 'SYM: HealthyPmod[0]':
   0   0   0   0   0   0   1   0   0   0   0   0   0   0   0 
 
------------------------------------------------------------
GLT matrix from 'SYM: HealthyPmod[1]':
   0   0   0   0   0   0   0   1   0   0   0   0   0   0   0 
 
------------------------------------------------------------
GLT matrix from 'SYM: UnhealthyPmod[0]':
   0   0   0   0   0   0   0   0   1   0   0   0   0   0   0 
 
------------------------------------------------------------
GLT matrix from 'SYM: UnhealthyPmod[1]':
   0   0   0   0   0   0   0   0   0   1   0   0   0   0   0 
 
------------------------------------------------------------
GLT matrix from 'SYM: HealthyPmod[0] -UnhealthyPmod[0]':
   0   0   0   0   0   0   1   0  -1   0   0   0   0   0   0 
 
------------------------------------------------------------
GLT matrix from 'SYM: HealthyPmod[1] -UnhealthyPmod[1]':
   0   0   0   0   0   0   0   1   0  -1   0   0   0   0   0 
 
++ Number of time points: 357 (before censor) ; 349 (after)
 + Number of parameters:  15 [10 baseline ; 5 signal]
++ total shared memory needed = 3,228,792,440 bytes (about 3.2 billion [giga])
++ current memory malloc-ated = 1,546,568,644 bytes (about 1.5 billion [giga])
++ mmap() memory allocated: 3,228,792,440 bytes (about 3.2 billion [giga])
++ Memory required for output bricks = 3,228,792,440 bytes (about 3.2 billion [giga])
++ Wrote matrix values to file CHIVES1087_2CondPmod_xmat.1D
++ ========= Things you can do with the matrix file =========
++ (a) Linear regression with ARMA(1,1) modeling of serial correlation:

3dREMLfit -matrix CHIVES1087_2CondPmod_xmat.1D -input /projects/sanlab/shared/CHIVES/bids_data/derivatives/fmriprep/sub-CHIVES1087/ses-wave1/func/s6_sub-CHIVES1087_ses-wave1_task-money_bold_space-MNI152NLin2009cAsym_preproc.nii \
 -mask /projects/sanlab/shared/CHIVES/bids_data/derivatives/fmriprep/sub-CHIVES1087/ses-wave1/func/sub-CHIVES1087_ses-wave1_task-money_bold_space-MNI152NLin2009cAsym_brainmask.nii.gz \
 -fout -tout -Rbuck CHIVES1087_2CondPmod_stats_REML -Rvar CHIVES1087_2CondPmod_stats_REMLvar \
 -Rfitts CHIVES1087_2CondPmod_REML -Rerrts CHIVES1087_2CondPmod_REML -verb
 
++ N.B.: 3dREMLfit command above written to file CHIVES1087_2CondPmod_stats.REML_cmd
++ (b) Visualization/analysis of the matrix via ExamineXmat.R
++ (c) Synthesis of sub-model datasets using 3dSynthesize
++ ==========================================================
++ Wrote matrix values to file CHIVES1087_2CondPmod_uncensor_xmat.1D
++ ----- Signal+Baseline matrix condition [X] (349x15):  2.77885  ++ VERY GOOD ++
++ ----- Signal-only matrix condition [X] (349x5):  1.49764  ++ VERY GOOD ++
++ ----- Baseline-only matrix condition [X] (349x10):  2.65603  ++ VERY GOOD ++
++ ----- stim_base-only matrix condition [X] (349x4):  1.6079  ++ VERY GOOD ++
++ ----- polort-only matrix condition [X] (349x6):  1.0283  ++ VERY GOOD ++
++ +++++ Matrix inverse average error = 7.04491e-16  ++ VERY GOOD ++
++ Matrix setup time = 0.02 s
++ Voxels in dataset: 1082035
++ Voxels in mask:    267045
++ Voxels per job:    13352
++ Job #1: processing voxels 180859 to 236619; elapsed time=4.214
++ Job #2: processing voxels 236620 to 281054; elapsed time=4.234
++ Job #3: processing voxels 281055 to 316177; elapsed time=4.254
++ Job #4: processing voxels 316178 to 347993; elapsed time=4.274
++ Job #5: processing voxels 347994 to 374783; elapsed time=4.295
++ Job #6: processing voxels 374784 to 404802; elapsed time=4.317
++ Job #7: processing voxels 404803 to 430601; elapsed time=4.338
++ Job #8: processing voxels 430602 to 459901; elapsed time=4.361
++ Job #9: processing voxels 459902 to 485549; elapsed time=4.398
++ Job #10: processing voxels 485550 to 514622; elapsed time=4.421
++ Job #11: processing voxels 514623 to 541126; elapsed time=4.446
++ Job #12: processing voxels 541127 to 571459; elapsed time=4.470
++ Job #13: processing voxels 571460 to 598536; elapsed time=4.494
++ Job #14: processing voxels 598537 to 630535; elapsed time=4.519
++ Job #15: processing voxels 630536 to 663801; elapsed time=4.549
++ Job #16: processing voxels 663802 to 698810; elapsed time=4.589
++ Job #17: processing voxels 698811 to 741599; elapsed time=4.616
++ Job #18: processing voxels 741600 to 796104; elapsed time=4.662
++ Job #0: processing voxels 0 to 180858; elapsed time=4.686
++ voxel loop:0++ Job #19: processing voxels 796105 to 1082034; elapsed time=4.698
123456789.0123456789.0123456789.01234567++ Job #7 finished; elapsed time=5.468
89.0123++ Job #3 finished; elapsed time=5.657
4++ Job #6 finished; elapsed time=5.752
++ Job #5 finished; elapsed time=5.753
++ Job #8 finished; elapsed time=5.764
56++ Job #4 finished; elapsed time=5.806
++ Job #2 finished; elapsed time=5.821
++ Job #1 finished; elapsed time=5.832
++ Job #12 finished; elapsed time=5.865
++ Job #13 finished; elapsed time=5.888
7++ Job #14 finished; elapsed time=5.906
++ Job #15 finished; elapsed time=5.931
8++ Job #10 finished; elapsed time=5.940
9.
++ Job #0 waiting for children to finish; elapsed time=5.944
++ Job #18 finished; elapsed time=5.979
++ Job #9 finished; elapsed time=5.982
++ Job #11 finished; elapsed time=6.015
++ Job #19 finished; elapsed time=6.091
++ Job #16 finished; elapsed time=6.099
++ Job #17 finished; elapsed time=6.105
++ Job #0 now finishing up; elapsed time=6.122
++ Smallest FDR q [0 Full_Fstat] = 1.30404e-14
++ Smallest FDR q [2 HealthyPmod#0_Tstat] = 5.45356e-14
++ Smallest FDR q [4 HealthyPmod#1_Tstat] = 0.0175686
++ Smallest FDR q [5 HealthyPmod_Fstat] = 5.59451e-14
++ Smallest FDR q [7 UnhealthyPmod#0_Tstat] = 4.5939e-14
[7m*+ WARNING:[0m Smallest FDR q [9 UnhealthyPmod#1_Tstat] = 0.372319 ==> few true single voxel detections
++ Smallest FDR q [10 UnhealthyPmod_Fstat] = 5.47667e-14
++ Smallest FDR q [12 BidsNMiss#0_Tstat] = 4.76113e-14
++ Smallest FDR q [13 BidsNMiss_Fstat] = 4.76094e-14
++ Smallest FDR q [15 HealthyGtRest_GLT#0_Tstat] = 5.45356e-14
++ Smallest FDR q [16 HealthyGtRest_GLT_Fstat] = 5.45319e-14
++ Smallest FDR q [18 HealthyPmod_GLT#0_Tstat] = 0.0175686
++ Smallest FDR q [19 HealthyPmod_GLT_Fstat] = 0.0175685
++ Smallest FDR q [21 UnhealthyGtRest_GLT#0_Tstat] = 4.5939e-14
++ Smallest FDR q [22 UnhealthyGtRest_GLT_Fstat] = 4.59395e-14
[7m*+ WARNING:[0m Smallest FDR q [24 UnhealthyPmod_GLT#0_Tstat] = 0.372319 ==> few true single voxel detections
[7m*+ WARNING:[0m Smallest FDR q [25 UnhealthyPmod_GLT_Fstat] = 0.371369 ==> few true single voxel detections
++ Smallest FDR q [27 HealthyGtUnhealthy_GLT#0_Tstat] = 0.0704579
++ Smallest FDR q [28 HealthyGtUnhealthy_GLT_Fstat] = 0.0704606
++ Smallest FDR q [30 HealthyGtUnhealthyPmod_GLT#0_Tstat] = 0.0573559
++ Smallest FDR q [31 HealthyGtUnhealthyPmod_GLT_Fstat] = 0.0573553
++ Wrote bucket dataset into ./CHIVES1087_2CondPmod_stats+tlrc.BRIK
 + created 21 FDR curves in bucket header
++ Wrote 3D+time dataset into ./CHIVES1087_2CondPmod+tlrc.BRIK
++ Wrote 3D+time dataset into ./CHIVES1087_2CondPmod+tlrc.BRIK
++ Program finished; elapsed time=35.928
++ 3dREMLfit: AFNI version=AFNI_18.2.04 (Jul  6 2018) [64-bit]
++ Authored by: RWCox
** AFNI converts NIFTI_datatype=4 (INT16) in file /projects/sanlab/shared/CHIVES/bids_data/derivatives/fmriprep/sub-CHIVES1087/ses-wave1/func/s6_sub-CHIVES1087_ses-wave1_task-money_bold_space-MNI152NLin2009cAsym_preproc.nii to FLOAT32
     Warnings of this type will be muted for this session.
     Set AFNI_NIFTI_TYPE_WARN to YES to see them all, NO to see none.
++ Number of voxels in mask = 267045
++ Number of OpenMP threads = 15
++ -----  matrix condition (349x15):  2.77885  ++ VERY GOOD ++
++ Loading input dataset into memory
++ Converting input dataset to vector image
 +  dataset = 1.5 billion [giga] bytes
 +  vectim  = 382 million [mega] bytes
++ starting REML setup calculations; total CPU=0.00 Elapsed=4.12
 + X matrix: 90.010% of elements are nonzero
 + starting 15 OpenMP threads for REML setup
 + REML setup finished: matrix rows=349 cols=15; 109*1 cases; total CPU=0.00 Elapsed=4.13
 +  average case bandwidth = 12.74
++ REML voxel loop: [15 threads]0123456789.012
 + ARMA voxel parameters estimated: total CPU=0.00 Elapsed=20.04
++ GLSQ loop:0123456789.0123456789.0123456789.0123456789.0123456789.
 + GLSQ regression done: total CPU=0.00 Elapsed=55.96
++ Output dataset ./CHIVES1087_2CondPmod_stats_REMLvar+tlrc.BRIK
++ Output dataset ./CHIVES1087_2CondPmod_REML+tlrc.BRIK
[7m** ERROR:[0m output dataset name 'CHIVES1087_2CondPmod_REML' conflicts with existing file
[7m** ERROR:[0m dataset NOT written to disk!
++ creating FDR curves in dataset CHIVES1087_2CondPmod_stats_REML+tlrc
++ Smallest FDR q [0 Full_Fstat] = 1.55293e-14
++ Smallest FDR q [2 HealthyPmod#0_Tstat] = 1.04397e-13
[7m*+ WARNING:[0m Smallest FDR q [4 HealthyPmod#1_Tstat] = 0.192987 ==> few true single voxel detections
++ Smallest FDR q [5 HealthyPmod_Fstat] = 1.29471e-13
++ Smallest FDR q [7 UnhealthyPmod#0_Tstat] = 1.11043e-13
[7m*+ WARNING:[0m Smallest FDR q [9 UnhealthyPmod#1_Tstat] = 0.999888 ==> few true single voxel detections
++ Smallest FDR q [10 UnhealthyPmod_Fstat] = 1.50685e-13
++ Smallest FDR q [12 BidsNMiss#0_Tstat] = 3.93337e-14
++ Smallest FDR q [13 BidsNMiss_Fstat] = 3.93337e-14
++ Smallest FDR q [15 HealthyGtRest#0_Tstat] = 1.04397e-13
++ Smallest FDR q [16 HealthyGtRest_Fstat] = 1.04397e-13
[7m*+ WARNING:[0m Smallest FDR q [18 HealthyPmod#0_Tstat] = 0.192987 ==> few true single voxel detections
[7m*+ WARNING:[0m Smallest FDR q [19 HealthyPmod_Fstat] = 0.192987 ==> few true single voxel detections
++ Smallest FDR q [21 UnhealthyGtRest#0_Tstat] = 1.11043e-13
++ Smallest FDR q [22 UnhealthyGtRest_Fstat] = 1.11043e-13
[7m*+ WARNING:[0m Smallest FDR q [24 UnhealthyPmod#0_Tstat] = 0.999888 ==> few true single voxel detections
[7m*+ WARNING:[0m Smallest FDR q [25 UnhealthyPmod_Fstat] = 0.999888 ==> few true single voxel detections
[7m*+ WARNING:[0m Smallest FDR q [27 HealthyGtUnhealthy#0_Tstat] = 0.999509 ==> few true single voxel detections
[7m*+ WARNING:[0m Smallest FDR q [28 HealthyGtUnhealthy_Fstat] = 0.999509 ==> few true single voxel detections
[7m*+ WARNING:[0m Smallest FDR q [30 HealthyGtUnhealthyPmod#0_Tstat] = 0.111393 ==> few true single voxel detections
[7m*+ WARNING:[0m Smallest FDR q [31 HealthyGtUnhealthyPmod_Fstat] = 0.111393 ==> few true single voxel detections
 + Added 21 FDR curves to dataset CHIVES1087_2CondPmod_stats_REML+tlrc
++ Output dataset ./CHIVES1087_2CondPmod_stats_REML+tlrc.BRIK
 + unloading input dataset and REML matrices
++ 3dREMLfit is all done! total CPU=0.00 Elapsed=85.11
** AFNI converts NIFTI_datatype=4 (INT16) in file /projects/sanlab/shared/CHIVES/bids_data/derivatives/fmriprep/sub-CHIVES1087/ses-wave1/func/s6_sub-CHIVES1087_ses-wave1_task-money_bold_space-MNI152NLin2009cAsym_preproc.nii to FLOAT32
     Warnings of this type will be muted for this session.
     Set AFNI_NIFTI_TYPE_WARN to YES to see them all, NO to see none.
++ '-stim_times_AM1 3 /projects/sanlab/shared/CHIVES/CHIVES_WTP_scripts/behavioral/money/afni_timing_files/CHIVES1087/BidOnsDur.1D' has 1 auxiliary values per time point
++ '-stim_times_AM1 3': basis function model 'dmBLOCK(1)' uses 1 parameters,
    out of the 1 found in timing file '/projects/sanlab/shared/CHIVES/CHIVES_WTP_scripts/behavioral/money/afni_timing_files/CHIVES1087/BidOnsDur.1D'
++ 3dDeconvolve extending num_stimts from 3 to 7 due to -ortvec
++ 3dDeconvolve: AFNI version=AFNI_18.2.04 (Jul  6 2018) [64-bit]
++ Authored by: B. Douglas Ward, et al.
++ current memory malloc-ated = 271,047 bytes (about 271 thousand [kilo])
++ loading dataset /projects/sanlab/shared/CHIVES/bids_data/derivatives/fmriprep/sub-CHIVES1087/ses-wave1/func/s6_sub-CHIVES1087_ses-wave1_task-money_bold_space-MNI152NLin2009cAsym_preproc.nii
++ current memory malloc-ated = 1,545,419,907 bytes (about 1.5 billion [giga])
++ forcibly using TR=2.0000 seconds for -input dataset
++ Skipping check for initial transients
++ Imaging duration=714.0 s; Automatic polort=5
++ -stim_times using TR=2 s for stimulus timing conversion
++ -stim_times using TR=2 s for any -iresp output datasets
++  [you can alter the -iresp TR via the -TR_times option]
++ ** -stim_times NOTE ** guessing GLOBAL times if 1 time per line; LOCAL otherwise
++ ** GUESSED ** -stim_times 1 using LOCAL times
[7m*+ WARNING:[0m '-stim_times 1' (LOCAL) run#1 has 1 times outside range 0 .. 712 [PSFB syndrome]
 + dataset TR being used is 2 s -- unusable times follow
 713.55
++ ** GUESSED ** -stim_times 2 using LOCAL times
++ ** GUESSED ** -stim_times_AM1 3 using LOCAL times
[7m*+ WARNING:[0m '-stim_times_AM1 3' (LOCAL) run#1 has 1 times outside range 0 .. 712 [PSFB syndrome]
 + dataset TR being used is 2 s -- unusable times follow
 717.56
------------------------------------------------------------
GLT matrix from 'SYM: Healthy':
   0   0   0   0   0   0   1   0   0   0   0   0   0 
 
------------------------------------------------------------
GLT matrix from 'SYM: Unhealthy':
   0   0   0   0   0   0   0   1   0   0   0   0   0 
 
------------------------------------------------------------
GLT matrix from 'SYM: Healthy -Unhealthy':
   0   0   0   0   0   0   1  -1   0   0   0   0   0 
 
++ Number of time points: 357 (before censor) ; 349 (after)
 + Number of parameters:  13 [10 baseline ; 3 signal]
++ total shared memory needed = 3,172,526,620 bytes (about 3.2 billion [giga])
++ current memory malloc-ated = 1,546,547,874 bytes (about 1.5 billion [giga])
++ mmap() memory allocated: 3,172,526,620 bytes (about 3.2 billion [giga])
++ Memory required for output bricks = 3,172,526,620 bytes (about 3.2 billion [giga])
++ Wrote matrix values to file CHIVES1087_2Cond_xmat.1D
++ ========= Things you can do with the matrix file =========
++ (a) Linear regression with ARMA(1,1) modeling of serial correlation:

3dREMLfit -matrix CHIVES1087_2Cond_xmat.1D -input /projects/sanlab/shared/CHIVES/bids_data/derivatives/fmriprep/sub-CHIVES1087/ses-wave1/func/s6_sub-CHIVES1087_ses-wave1_task-money_bold_space-MNI152NLin2009cAsym_preproc.nii \
 -mask /projects/sanlab/shared/CHIVES/bids_data/derivatives/fmriprep/sub-CHIVES1087/ses-wave1/func/sub-CHIVES1087_ses-wave1_task-money_bold_space-MNI152NLin2009cAsym_brainmask.nii.gz \
 -fout -tout -Rbuck CHIVES1087_2Cond_stats_REML -Rvar CHIVES1087_2Cond_stats_REMLvar \
 -Rfitts CHIVES1087_2Cond_REML -Rerrts CHIVES1087_2Cond_REML -verb
 
++ N.B.: 3dREMLfit command above written to file CHIVES1087_2Cond_stats.REML_cmd
++ (b) Visualization/analysis of the matrix via ExamineXmat.R
++ (c) Synthesis of sub-model datasets using 3dSynthesize
++ ==========================================================
++ Wrote matrix values to file CHIVES1087_2Cond_uncensor_xmat.1D
++ ----- Signal+Baseline matrix condition [X] (349x13):  2.68493  ++ VERY GOOD ++
++ ----- Signal-only matrix condition [X] (349x3):  1.49711  ++ VERY GOOD ++
++ ----- Baseline-only matrix condition [X] (349x10):  2.65603  ++ VERY GOOD ++
++ ----- stim_base-only matrix condition [X] (349x4):  1.6079  ++ VERY GOOD ++
++ ----- polort-only matrix condition [X] (349x6):  1.0283  ++ VERY GOOD ++
++ +++++ Matrix inverse average error = 9.41891e-16  ++ VERY GOOD ++
++ Matrix setup time = 0.02 s
++ Voxels in dataset: 1082035
++ Voxels in mask:    267045
++ Voxels per job:    13352
++ Job #1: processing voxels 180859 to 236619; elapsed time=4.337
++ Job #2: processing voxels 236620 to 281054; elapsed time=4.356
++ Job #3: processing voxels 281055 to 316177; elapsed time=4.377
++ Job #4: processing voxels 316178 to 347993; elapsed time=4.397
++ Job #5: processing voxels 347994 to 374783; elapsed time=4.419
++ Job #6: processing voxels 374784 to 404802; elapsed time=4.440
++ Job #7: processing voxels 404803 to 430601; elapsed time=4.462
++ Job #8: processing voxels 430602 to 459901; elapsed time=4.497
++ Job #9: processing voxels 459902 to 485549; elapsed time=4.521
++ Job #10: processing voxels 485550 to 514622; elapsed time=4.546
++ Job #11: processing voxels 514623 to 541126; elapsed time=4.570
++ Job #12: processing voxels 541127 to 571459; elapsed time=4.595
++ Job #13: processing voxels 571460 to 598536; elapsed time=4.620
++ Job #14: processing voxels 598537 to 630535; elapsed time=4.645
++ Job #15: processing voxels 630536 to 663801; elapsed time=4.667
++ Job #16: processing voxels 663802 to 698810; elapsed time=4.711
++ Job #17: processing voxels 698811 to 741599; elapsed time=4.739
++ Job #18: processing voxels 741600 to 796104; elapsed time=4.764
++ Job #0: processing voxels 0 to 180858; elapsed time=4.776
++ voxel loop:0123++ Job #19: processing voxels 796105 to 1082034; elapsed time=4.794
456789.0123456789.0123456789.0123456++ Job #1 finished; elapsed time=5.294
789.0123456789.
++ Job #0 waiting for children to finish; elapsed time=5.776
++ Job #4 finished; elapsed time=5.823
++ Job #3 finished; elapsed time=5.827
++ Job #2 finished; elapsed time=5.833
++ Job #6 finished; elapsed time=5.966
++ Job #5 finished; elapsed time=5.971
++ Job #12 finished; elapsed time=5.994
++ Job #13 finished; elapsed time=6.006
++ Job #11 finished; elapsed time=6.034
++ Job #16 finished; elapsed time=6.060
++ Job #9 finished; elapsed time=6.069
++ Job #7 finished; elapsed time=6.093
++ Job #8 finished; elapsed time=6.103
++ Job #17 finished; elapsed time=6.128
++ Job #10 finished; elapsed time=6.140
++ Job #18 finished; elapsed time=6.154
++ Job #19 finished; elapsed time=6.193
++ Job #14 finished; elapsed time=6.194
++ Job #15 finished; elapsed time=6.197
++ Job #0 now finishing up; elapsed time=6.213
++ Smallest FDR q [0 Full_Fstat] = 1.19222e-14
++ Smallest FDR q [2 Healthy#0_Tstat] = 5.59279e-14
++ Smallest FDR q [3 Healthy_Fstat] = 5.59255e-14
++ Smallest FDR q [5 Unhealthy#0_Tstat] = 4.70587e-14
++ Smallest FDR q [6 Unhealthy_Fstat] = 4.70577e-14
++ Smallest FDR q [8 BidsNMiss#0_Tstat] = 4.88928e-14
++ Smallest FDR q [9 BidsNMiss_Fstat] = 4.88928e-14
++ Smallest FDR q [11 HealthyGtRest_GLT#0_Tstat] = 5.59279e-14
++ Smallest FDR q [12 HealthyGtRest_GLT_Fstat] = 5.59247e-14
++ Smallest FDR q [14 UnhealthyGtRest_GLT#0_Tstat] = 4.70587e-14
++ Smallest FDR q [15 UnhealthyGtRest_GLT_Fstat] = 4.70577e-14
++ Smallest FDR q [17 HealthyGtUnhealthy_GLT#0_Tstat] = 0.0462233
++ Smallest FDR q [18 HealthyGtUnhealthy_GLT_Fstat] = 0.0462234
++ Wrote bucket dataset into ./CHIVES1087_2Cond_stats+tlrc.BRIK
 + created 13 FDR curves in bucket header
++ Wrote 3D+time dataset into ./CHIVES1087_2Cond+tlrc.BRIK
++ Wrote 3D+time dataset into ./CHIVES1087_2Cond+tlrc.BRIK
++ Program finished; elapsed time=24.435
++ 3dREMLfit: AFNI version=AFNI_18.2.04 (Jul  6 2018) [64-bit]
++ Authored by: RWCox
** AFNI converts NIFTI_datatype=4 (INT16) in file /projects/sanlab/shared/CHIVES/bids_data/derivatives/fmriprep/sub-CHIVES1087/ses-wave1/func/s6_sub-CHIVES1087_ses-wave1_task-money_bold_space-MNI152NLin2009cAsym_preproc.nii to FLOAT32
     Warnings of this type will be muted for this session.
     Set AFNI_NIFTI_TYPE_WARN to YES to see them all, NO to see none.
++ Number of voxels in mask = 267045
++ Number of OpenMP threads = 15
++ -----  matrix condition (349x13):  2.68493  ++ VERY GOOD ++
++ Loading input dataset into memory
++ Converting input dataset to vector image
 +  dataset = 1.5 billion [giga] bytes
 +  vectim  = 382 million [mega] bytes
++ starting REML setup calculations; total CPU=0.00 Elapsed=5.03
 + X matrix: 94.181% of elements are nonzero
 + starting 15 OpenMP threads for REML setup
 + REML setup finished: matrix rows=349 cols=13; 109*1 cases; total CPU=0.00 Elapsed=5.05
 +  average case bandwidth = 12.74
++ REML voxel loop: [15 threads]0123456789.012
 + ARMA voxel parameters estimated: total CPU=0.00 Elapsed=21.80
++ GLSQ loop:0123456789.0123456789.0123456789.0123456789.0123456789.
 + GLSQ regression done: total CPU=0.00 Elapsed=49.87
++ Output dataset ./CHIVES1087_2Cond_stats_REMLvar+tlrc.BRIK
++ Output dataset ./CHIVES1087_2Cond_REML+tlrc.BRIK
[7m** ERROR:[0m output dataset name 'CHIVES1087_2Cond_REML' conflicts with existing file
[7m** ERROR:[0m dataset NOT written to disk!
++ creating FDR curves in dataset CHIVES1087_2Cond_stats_REML+tlrc
++ Smallest FDR q [0 Full_Fstat] = 1.29844e-14
++ Smallest FDR q [2 Healthy#0_Tstat] = 1.06914e-13
++ Smallest FDR q [3 Healthy_Fstat] = 1.06914e-13
++ Smallest FDR q [5 Unhealthy#0_Tstat] = 1.13013e-13
++ Smallest FDR q [6 Unhealthy_Fstat] = 1.13013e-13
++ Smallest FDR q [8 BidsNMiss#0_Tstat] = 3.93212e-14
++ Smallest FDR q [9 BidsNMiss_Fstat] = 3.93212e-14
++ Smallest FDR q [11 HealthyGtRest#0_Tstat] = 1.06914e-13
++ Smallest FDR q [12 HealthyGtRest_Fstat] = 1.06914e-13
++ Smallest FDR q [14 UnhealthyGtRest#0_Tstat] = 1.13013e-13
++ Smallest FDR q [15 UnhealthyGtRest_Fstat] = 1.13013e-13
[7m*+ WARNING:[0m Smallest FDR q [17 HealthyGtUnhealthy#0_Tstat] = 0.999545 ==> few true single voxel detections
[7m*+ WARNING:[0m Smallest FDR q [18 HealthyGtUnhealthy_Fstat] = 0.999545 ==> few true single voxel detections
 + Added 13 FDR curves to dataset CHIVES1087_2Cond_stats_REML+tlrc
++ Output dataset ./CHIVES1087_2Cond_stats_REML+tlrc.BRIK
 + unloading input dataset and REML matrices
++ 3dREMLfit is all done! total CPU=0.00 Elapsed=68.29
