** AFNI converts NIFTI_datatype=4 (INT16) in file /projects/sanlab/shared/CHIVES/bids_data/derivatives/fmriprep/sub-CHIVES1019/ses-wave1/func/s6_sub-CHIVES1019_ses-wave1_task-money_bold_space-MNI152NLin2009cAsym_preproc.nii to FLOAT32
     Warnings of this type will be muted for this session.
     Set AFNI_NIFTI_TYPE_WARN to YES to see them all, NO to see none.
++ '-stim_times_AM2 1 /projects/sanlab/shared/CHIVES/CHIVES_WTP_scripts/behavioral/money/afni_timing_files/CHIVES1019/AllCondsPmod.1D' has 1 auxiliary values per time point
++ '-stim_times_AM2 1 /projects/sanlab/shared/CHIVES/CHIVES_WTP_scripts/behavioral/money/afni_timing_files/CHIVES1019/AllCondsPmod.1D' will have 2 regressors
++ '-stim_times_AM1 2 /projects/sanlab/shared/CHIVES/CHIVES_WTP_scripts/behavioral/money/afni_timing_files/CHIVES1019/BidOnsDur.1D' has 1 auxiliary values per time point
++ '-stim_times_AM1 2': basis function model 'dmBLOCK(1)' uses 1 parameters,
    out of the 1 found in timing file '/projects/sanlab/shared/CHIVES/CHIVES_WTP_scripts/behavioral/money/afni_timing_files/CHIVES1019/BidOnsDur.1D'
++ 3dDeconvolve extending num_stimts from 2 to 6 due to -ortvec
++ 3dDeconvolve: AFNI version=AFNI_18.2.04 (Jul  6 2018) [64-bit]
++ Authored by: B. Douglas Ward, et al.
++ current memory malloc-ated = 254,635 bytes (about 255 thousand [kilo])
++ loading dataset /projects/sanlab/shared/CHIVES/bids_data/derivatives/fmriprep/sub-CHIVES1019/ses-wave1/func/s6_sub-CHIVES1019_ses-wave1_task-money_bold_space-MNI152NLin2009cAsym_preproc.nii
++ current memory malloc-ated = 1,545,403,495 bytes (about 1.5 billion [giga])
++ forcibly using TR=2.0000 seconds for -input dataset
++ Skipping check for initial transients
++ Imaging duration=714.0 s; Automatic polort=5
++ -stim_times using TR=2 s for stimulus timing conversion
++ -stim_times using TR=2 s for any -iresp output datasets
++  [you can alter the -iresp TR via the -TR_times option]
++ ** -stim_times NOTE ** guessing GLOBAL times if 1 time per line; LOCAL otherwise
++ ** GUESSED ** -stim_times_AM2 1 using LOCAL times
++ '-stim_times_AM2 1' average amplitude#1=0.666667
++ ** GUESSED ** -stim_times_AM1 2 using LOCAL times
------------------------------------------------------------
GLT matrix from 'SYM: AllConds[0]':
   0   0   0   0   0   0   1   0   0   0   0   0   0 
 
------------------------------------------------------------
GLT matrix from 'SYM: AllConds[1]':
   0   0   0   0   0   0   0   1   0   0   0   0   0 
 
++ Number of time points: 357 (no censoring)
 + Number of parameters:  13 [10 baseline ; 3 signal]
++ total shared memory needed = 3,155,214,060 bytes (about 3.2 billion [giga])
++ current memory malloc-ated = 1,546,531,429 bytes (about 1.5 billion [giga])
++ mmap() memory allocated: 3,155,214,060 bytes (about 3.2 billion [giga])
++ Memory required for output bricks = 3,155,214,060 bytes (about 3.2 billion [giga])
++ Wrote matrix values to file CHIVES1019_AllCondPmod_xmat.1D
++ ========= Things you can do with the matrix file =========
++ (a) Linear regression with ARMA(1,1) modeling of serial correlation:

3dREMLfit -matrix CHIVES1019_AllCondPmod_xmat.1D -input /projects/sanlab/shared/CHIVES/bids_data/derivatives/fmriprep/sub-CHIVES1019/ses-wave1/func/s6_sub-CHIVES1019_ses-wave1_task-money_bold_space-MNI152NLin2009cAsym_preproc.nii \
 -mask /projects/sanlab/shared/CHIVES/bids_data/derivatives/fmriprep/sub-CHIVES1019/ses-wave1/func/sub-CHIVES1019_ses-wave1_task-money_bold_space-MNI152NLin2009cAsym_brainmask.nii.gz \
 -fout -tout -Rbuck CHIVES1019_AllCondPmod_stats_REML -Rvar CHIVES1019_AllCondPmod_stats_REMLvar \
 -Rfitts CHIVES1019_AllCondPmod_REML -Rerrts CHIVES1019_AllCondPmod_REML -verb
 
++ N.B.: 3dREMLfit command above written to file CHIVES1019_AllCondPmod_stats.REML_cmd
++ (b) Visualization/analysis of the matrix via ExamineXmat.R
++ (c) Synthesis of sub-model datasets using 3dSynthesize
++ ==========================================================
++ Wrote matrix values to file CHIVES1019_AllCondPmod_uncensor_xmat.1D
++ ----- Signal+Baseline matrix condition [X] (357x13):  3.69485  ++ VERY GOOD ++
++ ----- Signal-only matrix condition [X] (357x3):  1.53667  ++ VERY GOOD ++
++ ----- Baseline-only matrix condition [X] (357x10):  3.67621  ++ VERY GOOD ++
++ ----- stim_base-only matrix condition [X] (357x4):  1.75262  ++ VERY GOOD ++
++ ----- polort-only matrix condition [X] (357x6):  1.01526  ++ VERY GOOD ++
++ +++++ Matrix inverse average error = 1.69216e-15  ++ VERY GOOD ++
++ Matrix setup time = 0.02 s
++ Voxels in dataset: 1082035
++ Voxels in mask:    267614
++ Voxels per job:    13380
++ Job #1: processing voxels 185139 to 247383; elapsed time=4.571
++ Job #2: processing voxels 247384 to 286393; elapsed time=4.591
++ Job #3: processing voxels 286394 to 326277; elapsed time=4.614
++ Job #4: processing voxels 326278 to 354218; elapsed time=4.634
++ Job #5: processing voxels 354219 to 384390; elapsed time=4.655
++ Job #6: processing voxels 384391 to 410853; elapsed time=4.678
++ Job #7: processing voxels 410854 to 439810; elapsed time=4.702
++ Job #8: processing voxels 439811 to 465545; elapsed time=4.725
++ Job #9: processing voxels 465546 to 494778; elapsed time=4.749
++ Job #10: processing voxels 494779 to 520580; elapsed time=4.773
++ Job #11: processing voxels 520581 to 550589; elapsed time=4.798
++ Job #12: processing voxels 550590 to 577213; elapsed time=4.823
++ Job #13: processing voxels 577214 to 608301; elapsed time=4.862
++ Job #14: processing voxels 608302 to 640528; elapsed time=4.874
++ Job #15: processing voxels 640529 to 673926; elapsed time=4.914
++ Job #16: processing voxels 673927 to 708918; elapsed time=4.927
++ Job #17: processing voxels 708919 to 751961; elapsed time=4.953
++ Job #18: processing voxels 751962 to 806223; elapsed time=4.993
++ Job #19: processing voxels 806224 to 1082034; elapsed time=5.007
++ Job #0: processing voxels 0 to 185138; elapsed time=5.017
++ voxel loop:0123456789.0123456789.0123456789.0123456++ Job #2 finished; elapsed time=5.445
++ Job #4 finished; elapsed time=5.453
789.++ Job #5 finished; elapsed time=5.497
++ Job #6 finished; elapsed time=5.517
++ Job #9 finished; elapsed time=5.527
01++ Job #8 finished; elapsed time=5.561
2++ Job #10 finished; elapsed time=5.604
++ Job #1 finished; elapsed time=5.621
++ Job #3 finished; elapsed time=5.626
34++ Job #12 finished; elapsed time=5.654
5++ Job #11 finished; elapsed time=5.671
++ Job #7 finished; elapsed time=5.682
++ Job #14 finished; elapsed time=5.709
67++ Job #15 finished; elapsed time=5.757
++ Job #16 finished; elapsed time=5.769
8++ Job #17 finished; elapsed time=5.797
++ Job #18 finished; elapsed time=5.809
9.
++ Job #0 waiting for children to finish; elapsed time=5.856
++ Job #13 finished; elapsed time=5.896
++ Job #19 finished; elapsed time=5.899
++ Job #0 now finishing up; elapsed time=5.917
++ Smallest FDR q [0 Full_Fstat] = 7.7964e-14
++ Smallest FDR q [2 AllConds#0_Tstat] = 3.48008e-13
++ Smallest FDR q [4 AllConds#1_Tstat] = 7.2798e-08
++ Smallest FDR q [5 AllConds_Fstat] = 3.07705e-13
++ Smallest FDR q [7 BidsNMiss#0_Tstat] = 3.37066e-13
++ Smallest FDR q [8 BidsNMiss_Fstat] = 3.37057e-13
++ Smallest FDR q [10 CondGtRest_GLT#0_Tstat] = 3.48008e-13
++ Smallest FDR q [11 CondGtRest_GLT_Fstat] = 3.48022e-13
++ Smallest FDR q [13 Pmod_GLT#0_Tstat] = 7.2798e-08
++ Smallest FDR q [14 Pmod_GLT_Fstat] = 7.27932e-08
++ Wrote bucket dataset into ./CHIVES1019_AllCondPmod_stats+tlrc.BRIK
 + created 10 FDR curves in bucket header
++ Wrote 3D+time dataset into ./CHIVES1019_AllCondPmod+tlrc.BRIK
++ Wrote 3D+time dataset into ./CHIVES1019_AllCondPmod+tlrc.BRIK
++ Program finished; elapsed time=22.330
++ 3dREMLfit: AFNI version=AFNI_18.2.04 (Jul  6 2018) [64-bit]
++ Authored by: RWCox
** AFNI converts NIFTI_datatype=4 (INT16) in file /projects/sanlab/shared/CHIVES/bids_data/derivatives/fmriprep/sub-CHIVES1019/ses-wave1/func/s6_sub-CHIVES1019_ses-wave1_task-money_bold_space-MNI152NLin2009cAsym_preproc.nii to FLOAT32
     Warnings of this type will be muted for this session.
     Set AFNI_NIFTI_TYPE_WARN to YES to see them all, NO to see none.
++ Number of voxels in mask = 267614
++ Number of OpenMP threads = 15
++ -----  matrix condition (357x13):  3.69485  ++ VERY GOOD ++
++ Loading input dataset into memory
++ Converting input dataset to vector image
 +  dataset = 1.5 billion [giga] bytes
 +  vectim  = 383 million [mega] bytes
++ starting REML setup calculations; total CPU=0.00 Elapsed=4.22
 + X matrix: 99.267% of elements are nonzero
 + starting 15 OpenMP threads for REML setup
 + REML setup finished: matrix rows=357 cols=13; 109*1 cases; total CPU=0.00 Elapsed=4.23
 +  average case bandwidth = 13.00
++ REML voxel loop: [15 threads]0123456789.012
 + ARMA voxel parameters estimated: total CPU=0.00 Elapsed=20.94
++ GLSQ loop:0123456789.0123456789.0123456789.0123456789.0123456789.
 + GLSQ regression done: total CPU=0.00 Elapsed=43.53
++ Output dataset ./CHIVES1019_AllCondPmod_stats_REMLvar+tlrc.BRIK
++ Output dataset ./CHIVES1019_AllCondPmod_REML+tlrc.BRIK
[7m** ERROR:[0m output dataset name 'CHIVES1019_AllCondPmod_REML' conflicts with existing file
[7m** ERROR:[0m dataset NOT written to disk!
++ creating FDR curves in dataset CHIVES1019_AllCondPmod_stats_REML+tlrc
++ Smallest FDR q [0 Full_Fstat] = 2.58413e-13
++ Smallest FDR q [2 AllConds#0_Tstat] = 1.11131e-12
++ Smallest FDR q [4 AllConds#1_Tstat] = 0.00209768
++ Smallest FDR q [5 AllConds_Fstat] = 1.36419e-12
++ Smallest FDR q [7 BidsNMiss#0_Tstat] = 5.55034e-13
++ Smallest FDR q [8 BidsNMiss_Fstat] = 5.55034e-13
++ Smallest FDR q [10 CondGtRest#0_Tstat] = 1.11131e-12
++ Smallest FDR q [11 CondGtRest_Fstat] = 1.11131e-12
++ Smallest FDR q [13 Pmod#0_Tstat] = 0.00209768
++ Smallest FDR q [14 Pmod_Fstat] = 0.00209768
 + Added 10 FDR curves to dataset CHIVES1019_AllCondPmod_stats_REML+tlrc
++ Output dataset ./CHIVES1019_AllCondPmod_stats_REML+tlrc.BRIK
 + unloading input dataset and REML matrices
++ 3dREMLfit is all done! total CPU=0.00 Elapsed=59.56
** AFNI converts NIFTI_datatype=4 (INT16) in file /projects/sanlab/shared/CHIVES/bids_data/derivatives/fmriprep/sub-CHIVES1019/ses-wave1/func/s6_sub-CHIVES1019_ses-wave1_task-money_bold_space-MNI152NLin2009cAsym_preproc.nii to FLOAT32
     Warnings of this type will be muted for this session.
     Set AFNI_NIFTI_TYPE_WARN to YES to see them all, NO to see none.
++ '-stim_times_AM2 1 /projects/sanlab/shared/CHIVES/CHIVES_WTP_scripts/behavioral/money/afni_timing_files/CHIVES1019/HealthyPmod.1D' has 1 auxiliary values per time point
++ '-stim_times_AM2 1 /projects/sanlab/shared/CHIVES/CHIVES_WTP_scripts/behavioral/money/afni_timing_files/CHIVES1019/HealthyPmod.1D' will have 2 regressors
++ '-stim_times_AM2 2 /projects/sanlab/shared/CHIVES/CHIVES_WTP_scripts/behavioral/money/afni_timing_files/CHIVES1019/UnhealthyPmod.1D' has 1 auxiliary values per time point
++ '-stim_times_AM2 2 /projects/sanlab/shared/CHIVES/CHIVES_WTP_scripts/behavioral/money/afni_timing_files/CHIVES1019/UnhealthyPmod.1D' will have 2 regressors
++ '-stim_times_AM1 3 /projects/sanlab/shared/CHIVES/CHIVES_WTP_scripts/behavioral/money/afni_timing_files/CHIVES1019/BidOnsDur.1D' has 1 auxiliary values per time point
++ '-stim_times_AM1 3': basis function model 'dmBLOCK(1)' uses 1 parameters,
    out of the 1 found in timing file '/projects/sanlab/shared/CHIVES/CHIVES_WTP_scripts/behavioral/money/afni_timing_files/CHIVES1019/BidOnsDur.1D'
++ 3dDeconvolve extending num_stimts from 3 to 7 due to -ortvec
++ 3dDeconvolve: AFNI version=AFNI_18.2.04 (Jul  6 2018) [64-bit]
++ Authored by: B. Douglas Ward, et al.
++ current memory malloc-ated = 281,901 bytes (about 282 thousand [kilo])
++ loading dataset /projects/sanlab/shared/CHIVES/bids_data/derivatives/fmriprep/sub-CHIVES1019/ses-wave1/func/s6_sub-CHIVES1019_ses-wave1_task-money_bold_space-MNI152NLin2009cAsym_preproc.nii
++ current memory malloc-ated = 1,545,430,761 bytes (about 1.5 billion [giga])
++ forcibly using TR=2.0000 seconds for -input dataset
++ Skipping check for initial transients
++ Imaging duration=714.0 s; Automatic polort=5
++ -stim_times using TR=2 s for stimulus timing conversion
++ -stim_times using TR=2 s for any -iresp output datasets
++  [you can alter the -iresp TR via the -TR_times option]
++ ** -stim_times NOTE ** guessing GLOBAL times if 1 time per line; LOCAL otherwise
++ ** GUESSED ** -stim_times_AM2 1 using LOCAL times
++ '-stim_times_AM2 1' average amplitude#1=0.916667
++ ** GUESSED ** -stim_times_AM2 2 using LOCAL times
++ '-stim_times_AM2 2' average amplitude#1=0.416667
++ ** GUESSED ** -stim_times_AM1 3 using LOCAL times
------------------------------------------------------------
GLT matrix from 'SYM: HealthyPmod[0]':
   0   0   0   0   0   0   1   0   0   0   0   0   0   0   0 
 
------------------------------------------------------------
GLT matrix from 'SYM: HealthyPmod[1]':
   0   0   0   0   0   0   0   1   0   0   0   0   0   0   0 
 
------------------------------------------------------------
GLT matrix from 'SYM: UnhealthyPmod[0]':
   0   0   0   0   0   0   0   0   1   0   0   0   0   0   0 
 
------------------------------------------------------------
GLT matrix from 'SYM: UnhealthyPmod[1]':
   0   0   0   0   0   0   0   0   0   1   0   0   0   0   0 
 
------------------------------------------------------------
GLT matrix from 'SYM: HealthyPmod[0] -UnhealthyPmod[0]':
   0   0   0   0   0   0   1   0  -1   0   0   0   0   0   0 
 
------------------------------------------------------------
GLT matrix from 'SYM: HealthyPmod[1] -UnhealthyPmod[1]':
   0   0   0   0   0   0   0   1   0  -1   0   0   0   0   0 
 
++ Number of time points: 357 (no censoring)
 + Number of parameters:  15 [10 baseline ; 5 signal]
++ total shared memory needed = 3,228,792,440 bytes (about 3.2 billion [giga])
++ current memory malloc-ated = 1,546,563,263 bytes (about 1.5 billion [giga])
++ mmap() memory allocated: 3,228,792,440 bytes (about 3.2 billion [giga])
++ Memory required for output bricks = 3,228,792,440 bytes (about 3.2 billion [giga])
++ Wrote matrix values to file CHIVES1019_2CondPmod_xmat.1D
++ ========= Things you can do with the matrix file =========
++ (a) Linear regression with ARMA(1,1) modeling of serial correlation:

3dREMLfit -matrix CHIVES1019_2CondPmod_xmat.1D -input /projects/sanlab/shared/CHIVES/bids_data/derivatives/fmriprep/sub-CHIVES1019/ses-wave1/func/s6_sub-CHIVES1019_ses-wave1_task-money_bold_space-MNI152NLin2009cAsym_preproc.nii \
 -mask /projects/sanlab/shared/CHIVES/bids_data/derivatives/fmriprep/sub-CHIVES1019/ses-wave1/func/sub-CHIVES1019_ses-wave1_task-money_bold_space-MNI152NLin2009cAsym_brainmask.nii.gz \
 -fout -tout -Rbuck CHIVES1019_2CondPmod_stats_REML -Rvar CHIVES1019_2CondPmod_stats_REMLvar \
 -Rfitts CHIVES1019_2CondPmod_REML -Rerrts CHIVES1019_2CondPmod_REML -verb
 
++ N.B.: 3dREMLfit command above written to file CHIVES1019_2CondPmod_stats.REML_cmd
++ (b) Visualization/analysis of the matrix via ExamineXmat.R
++ (c) Synthesis of sub-model datasets using 3dSynthesize
++ ==========================================================
++ Wrote matrix values to file CHIVES1019_2CondPmod_uncensor_xmat.1D
++ ----- Signal+Baseline matrix condition [X] (357x15):  3.70769  ++ VERY GOOD ++
++ ----- Signal-only matrix condition [X] (357x5):  1.53675  ++ VERY GOOD ++
++ ----- Baseline-only matrix condition [X] (357x10):  3.67621  ++ VERY GOOD ++
++ ----- stim_base-only matrix condition [X] (357x4):  1.75262  ++ VERY GOOD ++
++ ----- polort-only matrix condition [X] (357x6):  1.01526  ++ VERY GOOD ++
++ +++++ Matrix inverse average error = 1.16122e-15  ++ VERY GOOD ++
++ Matrix setup time = 0.02 s
++ Voxels in dataset: 1082035
++ Voxels in mask:    267614
++ Voxels per job:    13380
++ Job #1: processing voxels 185139 to 247383; elapsed time=4.315
++ Job #2: processing voxels 247384 to 286393; elapsed time=4.335
++ Job #3: processing voxels 286394 to 326277; elapsed time=4.356
++ Job #4: processing voxels 326278 to 354218; elapsed time=4.377
++ Job #5: processing voxels 354219 to 384390; elapsed time=4.400
++ Job #6: processing voxels 384391 to 410853; elapsed time=4.421
++ Job #7: processing voxels 410854 to 439810; elapsed time=4.444
++ Job #8: processing voxels 439811 to 465545; elapsed time=4.467
++ Job #9: processing voxels 465546 to 494778; elapsed time=4.491
++ Job #10: processing voxels 494779 to 520580; elapsed time=4.513
++ Job #11: processing voxels 520581 to 550589; elapsed time=4.538
++ Job #12: processing voxels 550590 to 577213; elapsed time=4.561
++ Job #13: processing voxels 577214 to 608301; elapsed time=4.599
++ Job #14: processing voxels 608302 to 640528; elapsed time=4.610
++ Job #15: processing voxels 640529 to 673926; elapsed time=4.648
++ Job #16: processing voxels 673927 to 708918; elapsed time=4.673
++ Job #17: processing voxels 708919 to 751961; elapsed time=4.684
++ Job #18: processing voxels 751962 to 806223; elapsed time=4.733
++ Job #19: processing voxels 806224 to 1082034; elapsed time=4.734
++ Job #0: processing voxels 0 to 185138; elapsed time=4.744
++ voxel loop:0123456789.0123456789.0123456789.0123456789.012++ Job #2 finished; elapsed time=5.440
++ Job #4 finished; elapsed time=5.480
34++ Job #6 finished; elapsed time=5.521
5++ Job #5 finished; elapsed time=5.548
++ Job #8 finished; elapsed time=5.565
++ Job #7 finished; elapsed time=5.588
++ Job #10 finished; elapsed time=5.603
++ Job #9 finished; elapsed time=5.621
++ Job #11 finished; elapsed time=5.654
6++ Job #12 finished; elapsed time=5.656
78++ Job #14 finished; elapsed time=5.705
++ Job #17 finished; elapsed time=5.783
9.
++ Job #0 waiting for children to finish; elapsed time=5.823
++ Job #19 finished; elapsed time=5.866
++ Job #3 finished; elapsed time=5.941
++ Job #1 finished; elapsed time=5.961
++ Job #13 finished; elapsed time=6.046
++ Job #16 finished; elapsed time=6.127
++ Job #15 finished; elapsed time=6.234
++ Job #18 finished; elapsed time=6.299
++ Job #0 now finishing up; elapsed time=6.317
++ Smallest FDR q [0 Full_Fstat] = 8.16867e-14
++ Smallest FDR q [2 HealthyPmod#0_Tstat] = 6.82943e-13
++ Smallest FDR q [4 HealthyPmod#1_Tstat] = 0.000930018
++ Smallest FDR q [5 HealthyPmod_Fstat] = 9.85244e-13
++ Smallest FDR q [7 UnhealthyPmod#0_Tstat] = 1.50698e-12
++ Smallest FDR q [9 UnhealthyPmod#1_Tstat] = 1.34299e-06
++ Smallest FDR q [10 UnhealthyPmod_Fstat] = 8.16598e-13
++ Smallest FDR q [12 BidsNMiss#0_Tstat] = 3.3186e-13
++ Smallest FDR q [13 BidsNMiss_Fstat] = 3.31863e-13
++ Smallest FDR q [15 HealthyGtRest_GLT#0_Tstat] = 6.82943e-13
++ Smallest FDR q [16 HealthyGtRest_GLT_Fstat] = 6.82962e-13
++ Smallest FDR q [18 HealthyPmod_GLT#0_Tstat] = 0.000930018
++ Smallest FDR q [19 HealthyPmod_GLT_Fstat] = 0.000929995
++ Smallest FDR q [21 UnhealthyGtRest_GLT#0_Tstat] = 1.50698e-12
++ Smallest FDR q [22 UnhealthyGtRest_GLT_Fstat] = 1.50702e-12
++ Smallest FDR q [24 UnhealthyPmod_GLT#0_Tstat] = 1.34299e-06
++ Smallest FDR q [25 UnhealthyPmod_GLT_Fstat] = 1.34303e-06
[7m*+ WARNING:[0m Smallest FDR q [27 HealthyGtUnhealthy_GLT#0_Tstat] = 0.214585 ==> few true single voxel detections
[7m*+ WARNING:[0m Smallest FDR q [28 HealthyGtUnhealthy_GLT_Fstat] = 0.2141 ==> few true single voxel detections
++ Smallest FDR q [30 HealthyGtUnhealthyPmod_GLT#0_Tstat] = 0.00515035
++ Smallest FDR q [31 HealthyGtUnhealthyPmod_GLT_Fstat] = 0.00515103
++ Wrote bucket dataset into ./CHIVES1019_2CondPmod_stats+tlrc.BRIK
 + created 21 FDR curves in bucket header
++ Wrote 3D+time dataset into ./CHIVES1019_2CondPmod+tlrc.BRIK
++ Wrote 3D+time dataset into ./CHIVES1019_2CondPmod+tlrc.BRIK
++ Program finished; elapsed time=37.272
++ 3dREMLfit: AFNI version=AFNI_18.2.04 (Jul  6 2018) [64-bit]
++ Authored by: RWCox
** AFNI converts NIFTI_datatype=4 (INT16) in file /projects/sanlab/shared/CHIVES/bids_data/derivatives/fmriprep/sub-CHIVES1019/ses-wave1/func/s6_sub-CHIVES1019_ses-wave1_task-money_bold_space-MNI152NLin2009cAsym_preproc.nii to FLOAT32
     Warnings of this type will be muted for this session.
     Set AFNI_NIFTI_TYPE_WARN to YES to see them all, NO to see none.
++ Number of voxels in mask = 267614
++ Number of OpenMP threads = 15
++ -----  matrix condition (357x15):  3.70769  ++ VERY GOOD ++
++ Loading input dataset into memory
++ Converting input dataset to vector image
 +  dataset = 1.5 billion [giga] bytes
 +  vectim  = 383 million [mega] bytes
++ starting REML setup calculations; total CPU=0.00 Elapsed=4.19
 + X matrix: 90.065% of elements are nonzero
 + starting 15 OpenMP threads for REML setup
 + REML setup finished: matrix rows=357 cols=15; 109*1 cases; total CPU=0.00 Elapsed=4.20
 +  average case bandwidth = 13.00
++ REML voxel loop: [15 threads]0123456789.012
 + ARMA voxel parameters estimated: total CPU=0.00 Elapsed=21.22
++ GLSQ loop:0123456789.0123456789.0123456789.0123456789.0123456789.
 + GLSQ regression done: total CPU=0.00 Elapsed=54.54
++ Output dataset ./CHIVES1019_2CondPmod_stats_REMLvar+tlrc.BRIK
++ Output dataset ./CHIVES1019_2CondPmod_REML+tlrc.BRIK
[7m** ERROR:[0m output dataset name 'CHIVES1019_2CondPmod_REML' conflicts with existing file
[7m** ERROR:[0m dataset NOT written to disk!
++ creating FDR curves in dataset CHIVES1019_2CondPmod_stats_REML+tlrc
++ Smallest FDR q [0 Full_Fstat] = 3.19718e-13
++ Smallest FDR q [2 HealthyPmod#0_Tstat] = 5.84628e-12
[7m*+ WARNING:[0m Smallest FDR q [4 HealthyPmod#1_Tstat] = 0.353667 ==> few true single voxel detections
++ Smallest FDR q [5 HealthyPmod_Fstat] = 1.29979e-11
++ Smallest FDR q [7 UnhealthyPmod#0_Tstat] = 8.13226e-12
++ Smallest FDR q [9 UnhealthyPmod#1_Tstat] = 0.020041
++ Smallest FDR q [10 UnhealthyPmod_Fstat] = 1.07558e-11
++ Smallest FDR q [12 BidsNMiss#0_Tstat] = 5.62434e-13
++ Smallest FDR q [13 BidsNMiss_Fstat] = 5.62434e-13
++ Smallest FDR q [15 HealthyGtRest#0_Tstat] = 5.84628e-12
++ Smallest FDR q [16 HealthyGtRest_Fstat] = 5.84628e-12
[7m*+ WARNING:[0m Smallest FDR q [18 HealthyPmod#0_Tstat] = 0.353667 ==> few true single voxel detections
[7m*+ WARNING:[0m Smallest FDR q [19 HealthyPmod_Fstat] = 0.353666 ==> few true single voxel detections
++ Smallest FDR q [21 UnhealthyGtRest#0_Tstat] = 8.13226e-12
++ Smallest FDR q [22 UnhealthyGtRest_Fstat] = 8.13226e-12
++ Smallest FDR q [24 UnhealthyPmod#0_Tstat] = 0.020041
++ Smallest FDR q [25 UnhealthyPmod_Fstat] = 0.020041
[7m*+ WARNING:[0m Smallest FDR q [27 HealthyGtUnhealthy#0_Tstat] = 0.99969 ==> few true single voxel detections
[7m*+ WARNING:[0m Smallest FDR q [28 HealthyGtUnhealthy_Fstat] = 0.99969 ==> few true single voxel detections
++ Smallest FDR q [30 HealthyGtUnhealthyPmod#0_Tstat] = 0.0106938
++ Smallest FDR q [31 HealthyGtUnhealthyPmod_Fstat] = 0.0106938
 + Added 21 FDR curves to dataset CHIVES1019_2CondPmod_stats_REML+tlrc
++ Output dataset ./CHIVES1019_2CondPmod_stats_REML+tlrc.BRIK
 + unloading input dataset and REML matrices
++ 3dREMLfit is all done! total CPU=0.00 Elapsed=84.54
** AFNI converts NIFTI_datatype=4 (INT16) in file /projects/sanlab/shared/CHIVES/bids_data/derivatives/fmriprep/sub-CHIVES1019/ses-wave1/func/s6_sub-CHIVES1019_ses-wave1_task-money_bold_space-MNI152NLin2009cAsym_preproc.nii to FLOAT32
     Warnings of this type will be muted for this session.
     Set AFNI_NIFTI_TYPE_WARN to YES to see them all, NO to see none.
++ '-stim_times_AM1 3 /projects/sanlab/shared/CHIVES/CHIVES_WTP_scripts/behavioral/money/afni_timing_files/CHIVES1019/BidOnsDur.1D' has 1 auxiliary values per time point
++ '-stim_times_AM1 3': basis function model 'dmBLOCK(1)' uses 1 parameters,
    out of the 1 found in timing file '/projects/sanlab/shared/CHIVES/CHIVES_WTP_scripts/behavioral/money/afni_timing_files/CHIVES1019/BidOnsDur.1D'
++ 3dDeconvolve extending num_stimts from 3 to 7 due to -ortvec
++ 3dDeconvolve: AFNI version=AFNI_18.2.04 (Jul  6 2018) [64-bit]
++ Authored by: B. Douglas Ward, et al.
++ current memory malloc-ated = 265,657 bytes (about 266 thousand [kilo])
++ loading dataset /projects/sanlab/shared/CHIVES/bids_data/derivatives/fmriprep/sub-CHIVES1019/ses-wave1/func/s6_sub-CHIVES1019_ses-wave1_task-money_bold_space-MNI152NLin2009cAsym_preproc.nii
++ current memory malloc-ated = 1,545,414,517 bytes (about 1.5 billion [giga])
++ forcibly using TR=2.0000 seconds for -input dataset
++ Skipping check for initial transients
++ Imaging duration=714.0 s; Automatic polort=5
++ -stim_times using TR=2 s for stimulus timing conversion
++ -stim_times using TR=2 s for any -iresp output datasets
++  [you can alter the -iresp TR via the -TR_times option]
++ ** -stim_times NOTE ** guessing GLOBAL times if 1 time per line; LOCAL otherwise
++ ** GUESSED ** -stim_times 1 using LOCAL times
++ ** GUESSED ** -stim_times 2 using LOCAL times
++ ** GUESSED ** -stim_times_AM1 3 using LOCAL times
------------------------------------------------------------
GLT matrix from 'SYM: Healthy':
   0   0   0   0   0   0   1   0   0   0   0   0   0 
 
------------------------------------------------------------
GLT matrix from 'SYM: Unhealthy':
   0   0   0   0   0   0   0   1   0   0   0   0   0 
 
------------------------------------------------------------
GLT matrix from 'SYM: Healthy -Unhealthy':
   0   0   0   0   0   0   1  -1   0   0   0   0   0 
 
++ Number of time points: 357 (no censoring)
 + Number of parameters:  13 [10 baseline ; 3 signal]
++ total shared memory needed = 3,172,526,620 bytes (about 3.2 billion [giga])
++ current memory malloc-ated = 1,546,542,489 bytes (about 1.5 billion [giga])
++ mmap() memory allocated: 3,172,526,620 bytes (about 3.2 billion [giga])
++ Memory required for output bricks = 3,172,526,620 bytes (about 3.2 billion [giga])
++ Wrote matrix values to file CHIVES1019_2Cond_xmat.1D
++ ========= Things you can do with the matrix file =========
++ (a) Linear regression with ARMA(1,1) modeling of serial correlation:

3dREMLfit -matrix CHIVES1019_2Cond_xmat.1D -input /projects/sanlab/shared/CHIVES/bids_data/derivatives/fmriprep/sub-CHIVES1019/ses-wave1/func/s6_sub-CHIVES1019_ses-wave1_task-money_bold_space-MNI152NLin2009cAsym_preproc.nii \
 -mask /projects/sanlab/shared/CHIVES/bids_data/derivatives/fmriprep/sub-CHIVES1019/ses-wave1/func/sub-CHIVES1019_ses-wave1_task-money_bold_space-MNI152NLin2009cAsym_brainmask.nii.gz \
 -fout -tout -Rbuck CHIVES1019_2Cond_stats_REML -Rvar CHIVES1019_2Cond_stats_REMLvar \
 -Rfitts CHIVES1019_2Cond_REML -Rerrts CHIVES1019_2Cond_REML -verb
 
++ N.B.: 3dREMLfit command above written to file CHIVES1019_2Cond_stats.REML_cmd
++ (b) Visualization/analysis of the matrix via ExamineXmat.R
++ (c) Synthesis of sub-model datasets using 3dSynthesize
++ ==========================================================
++ Wrote matrix values to file CHIVES1019_2Cond_uncensor_xmat.1D
++ ----- Signal+Baseline matrix condition [X] (357x13):  3.68642  ++ VERY GOOD ++
++ ----- Signal-only matrix condition [X] (357x3):  1.53671  ++ VERY GOOD ++
++ ----- Baseline-only matrix condition [X] (357x10):  3.67621  ++ VERY GOOD ++
++ ----- stim_base-only matrix condition [X] (357x4):  1.75262  ++ VERY GOOD ++
++ ----- polort-only matrix condition [X] (357x6):  1.01526  ++ VERY GOOD ++
++ +++++ Matrix inverse average error = 1.62148e-15  ++ VERY GOOD ++
++ Matrix setup time = 0.02 s
++ Voxels in dataset: 1082035
++ Voxels in mask:    267614
++ Voxels per job:    13380
++ Job #1: processing voxels 185139 to 247383; elapsed time=4.256
++ Job #2: processing voxels 247384 to 286393; elapsed time=4.275
++ Job #3: processing voxels 286394 to 326277; elapsed time=4.297
++ Job #4: processing voxels 326278 to 354218; elapsed time=4.317
++ Job #5: processing voxels 354219 to 384390; elapsed time=4.339
++ Job #6: processing voxels 384391 to 410853; elapsed time=4.361
++ Job #7: processing voxels 410854 to 439810; elapsed time=4.384
++ Job #8: processing voxels 439811 to 465545; elapsed time=4.406
++ Job #9: processing voxels 465546 to 494778; elapsed time=4.430
++ Job #10: processing voxels 494779 to 520580; elapsed time=4.453
++ Job #11: processing voxels 520581 to 550589; elapsed time=4.477
++ Job #12: processing voxels 550590 to 577213; elapsed time=4.501
++ Job #13: processing voxels 577214 to 608301; elapsed time=4.539
++ Job #14: processing voxels 608302 to 640528; elapsed time=4.550
++ Job #15: processing voxels 640529 to 673926; elapsed time=4.577
++ Job #16: processing voxels 673927 to 708918; elapsed time=4.615
++ Job #17: processing voxels 708919 to 751961; elapsed time=4.627
++ Job #18: processing voxels 751962 to 806223; elapsed time=4.666
++ Job #19: processing voxels 806224 to 1082034; elapsed time=4.678
++ Job #0: processing voxels 0 to 185138; elapsed time=4.688
++ voxel loop:0123456789.0123456789.0123456789.0123456789.++ Job #2 finished; elapsed time=5.173
01++ Job #4 finished; elapsed time=5.208
2++ Job #3 finished; elapsed time=5.247
++ Job #6 finished; elapsed time=5.252
++ Job #8 finished; elapsed time=5.291
34++ Job #7 finished; elapsed time=5.319
5++ Job #10 finished; elapsed time=5.342
++ Job #9 finished; elapsed time=5.354
++ Job #12 finished; elapsed time=5.389
6++ Job #14 finished; elapsed time=5.439
78++ Job #15 finished; elapsed time=5.472
++ Job #17 finished; elapsed time=5.526
9.
++ Job #0 waiting for children to finish; elapsed time=5.564
++ Job #1 finished; elapsed time=5.574
++ Job #19 finished; elapsed time=5.605
++ Job #5 finished; elapsed time=5.639
++ Job #13 finished; elapsed time=5.640
++ Job #11 finished; elapsed time=5.727
++ Job #18 finished; elapsed time=5.798
++ Job #16 finished; elapsed time=5.818
++ Job #0 now finishing up; elapsed time=5.835
++ Smallest FDR q [0 Full_Fstat] = 9.67606e-14
++ Smallest FDR q [2 Healthy#0_Tstat] = 9.12234e-13
++ Smallest FDR q [3 Healthy_Fstat] = 9.12208e-13
++ Smallest FDR q [5 Unhealthy#0_Tstat] = 1.6756e-12
++ Smallest FDR q [6 Unhealthy_Fstat] = 1.67555e-12
++ Smallest FDR q [8 BidsNMiss#0_Tstat] = 3.40895e-13
++ Smallest FDR q [9 BidsNMiss_Fstat] = 3.40895e-13
++ Smallest FDR q [11 HealthyGtRest_GLT#0_Tstat] = 9.12234e-13
++ Smallest FDR q [12 HealthyGtRest_GLT_Fstat] = 9.12199e-13
++ Smallest FDR q [14 UnhealthyGtRest_GLT#0_Tstat] = 1.6756e-12
++ Smallest FDR q [15 UnhealthyGtRest_GLT_Fstat] = 1.67555e-12
[7m*+ WARNING:[0m Smallest FDR q [17 HealthyGtUnhealthy_GLT#0_Tstat] = 0.268939 ==> few true single voxel detections
[7m*+ WARNING:[0m Smallest FDR q [18 HealthyGtUnhealthy_GLT_Fstat] = 0.268333 ==> few true single voxel detections
++ Wrote bucket dataset into ./CHIVES1019_2Cond_stats+tlrc.BRIK
 + created 13 FDR curves in bucket header
++ Wrote 3D+time dataset into ./CHIVES1019_2Cond+tlrc.BRIK
++ Wrote 3D+time dataset into ./CHIVES1019_2Cond+tlrc.BRIK
++ Program finished; elapsed time=24.311
++ 3dREMLfit: AFNI version=AFNI_18.2.04 (Jul  6 2018) [64-bit]
++ Authored by: RWCox
** AFNI converts NIFTI_datatype=4 (INT16) in file /projects/sanlab/shared/CHIVES/bids_data/derivatives/fmriprep/sub-CHIVES1019/ses-wave1/func/s6_sub-CHIVES1019_ses-wave1_task-money_bold_space-MNI152NLin2009cAsym_preproc.nii to FLOAT32
     Warnings of this type will be muted for this session.
     Set AFNI_NIFTI_TYPE_WARN to YES to see them all, NO to see none.
++ Number of voxels in mask = 267614
++ Number of OpenMP threads = 15
++ -----  matrix condition (357x13):  3.68642  ++ VERY GOOD ++
++ Loading input dataset into memory
++ Converting input dataset to vector image
 +  dataset = 1.5 billion [giga] bytes
 +  vectim  = 383 million [mega] bytes
++ starting REML setup calculations; total CPU=0.00 Elapsed=4.39
 + X matrix: 94.139% of elements are nonzero
 + starting 15 OpenMP threads for REML setup
 + REML setup finished: matrix rows=357 cols=13; 109*1 cases; total CPU=0.00 Elapsed=4.39
 +  average case bandwidth = 13.00
++ REML voxel loop: [15 threads]0123456789.012
 + ARMA voxel parameters estimated: total CPU=0.00 Elapsed=20.68
++ GLSQ loop:0123456789.0123456789.0123456789.0123456789.0123456789.
 + GLSQ regression done: total CPU=0.00 Elapsed=46.74
++ Output dataset ./CHIVES1019_2Cond_stats_REMLvar+tlrc.BRIK
++ Output dataset ./CHIVES1019_2Cond_REML+tlrc.BRIK
[7m** ERROR:[0m output dataset name 'CHIVES1019_2Cond_REML' conflicts with existing file
[7m** ERROR:[0m dataset NOT written to disk!
++ creating FDR curves in dataset CHIVES1019_2Cond_stats_REML+tlrc
++ Smallest FDR q [0 Full_Fstat] = 2.88011e-13
++ Smallest FDR q [2 Healthy#0_Tstat] = 7.81505e-12
++ Smallest FDR q [3 Healthy_Fstat] = 7.81505e-12
++ Smallest FDR q [5 Unhealthy#0_Tstat] = 1.0511e-11
++ Smallest FDR q [6 Unhealthy_Fstat] = 1.0511e-11
++ Smallest FDR q [8 BidsNMiss#0_Tstat] = 5.60385e-13
++ Smallest FDR q [9 BidsNMiss_Fstat] = 5.60385e-13
++ Smallest FDR q [11 HealthyGtRest#0_Tstat] = 7.81505e-12
++ Smallest FDR q [12 HealthyGtRest_Fstat] = 7.81505e-12
++ Smallest FDR q [14 UnhealthyGtRest#0_Tstat] = 1.0511e-11
++ Smallest FDR q [15 UnhealthyGtRest_Fstat] = 1.0511e-11
[7m*+ WARNING:[0m Smallest FDR q [17 HealthyGtUnhealthy#0_Tstat] = 0.99989 ==> few true single voxel detections
[7m*+ WARNING:[0m Smallest FDR q [18 HealthyGtUnhealthy_Fstat] = 0.99989 ==> few true single voxel detections
 + Added 13 FDR curves to dataset CHIVES1019_2Cond_stats_REML+tlrc
++ Output dataset ./CHIVES1019_2Cond_stats_REML+tlrc.BRIK
 + unloading input dataset and REML matrices
++ 3dREMLfit is all done! total CPU=0.00 Elapsed=65.05
