** AFNI converts NIFTI_datatype=4 (INT16) in file /projects/sanlab/shared/CHIVES/bids_data/derivatives/fmriprep/sub-CHIVES1044/ses-wave1/func/s6_sub-CHIVES1044_ses-wave1_task-money_bold_space-MNI152NLin2009cAsym_preproc.nii to FLOAT32
     Warnings of this type will be muted for this session.
     Set AFNI_NIFTI_TYPE_WARN to YES to see them all, NO to see none.
++ '-stim_times_AM2 1 /projects/sanlab/shared/CHIVES/CHIVES_WTP_scripts/behavioral/money/afni_timing_files/CHIVES1044/AllCondsPmod.1D' has 1 auxiliary values per time point
++ '-stim_times_AM2 1 /projects/sanlab/shared/CHIVES/CHIVES_WTP_scripts/behavioral/money/afni_timing_files/CHIVES1044/AllCondsPmod.1D' will have 2 regressors
++ '-stim_times_AM1 2 /projects/sanlab/shared/CHIVES/CHIVES_WTP_scripts/behavioral/money/afni_timing_files/CHIVES1044/BidOnsDur.1D' has 1 auxiliary values per time point
++ '-stim_times_AM1 2': basis function model 'dmBLOCK(1)' uses 1 parameters,
    out of the 1 found in timing file '/projects/sanlab/shared/CHIVES/CHIVES_WTP_scripts/behavioral/money/afni_timing_files/CHIVES1044/BidOnsDur.1D'
++ 3dDeconvolve extending num_stimts from 2 to 6 due to -ortvec
++ 3dDeconvolve: AFNI version=AFNI_18.2.04 (Jul  6 2018) [64-bit]
++ Authored by: B. Douglas Ward, et al.
++ current memory malloc-ated = 260,009 bytes (about 260 thousand [kilo])
++ loading dataset /projects/sanlab/shared/CHIVES/bids_data/derivatives/fmriprep/sub-CHIVES1044/ses-wave1/func/s6_sub-CHIVES1044_ses-wave1_task-money_bold_space-MNI152NLin2009cAsym_preproc.nii
++ current memory malloc-ated = 1,545,408,869 bytes (about 1.5 billion [giga])
++ forcibly using TR=2.0000 seconds for -input dataset
++ Skipping check for initial transients
++ Imaging duration=714.0 s; Automatic polort=5
++ -stim_times using TR=2 s for stimulus timing conversion
++ -stim_times using TR=2 s for any -iresp output datasets
++  [you can alter the -iresp TR via the -TR_times option]
++ ** -stim_times NOTE ** guessing GLOBAL times if 1 time per line; LOCAL otherwise
++ ** GUESSED ** -stim_times_AM2 1 using LOCAL times
[7m*+ WARNING:[0m '-stim_times_AM2 1' (LOCAL) run#1 has 1 times outside range 0 .. 712 [PSFB syndrome]
 + dataset TR being used is 2 s -- unusable times follow
 719.27
++ '-stim_times_AM2 1' average amplitude#1=0.850877
++ ** GUESSED ** -stim_times_AM1 2 using LOCAL times
[7m*+ WARNING:[0m '-stim_times_AM1 2' (LOCAL) run#1 has 2 times outside range 0 .. 712 [PSFB syndrome]
 + dataset TR being used is 2 s -- unusable times follow
 713.41 723.28
------------------------------------------------------------
GLT matrix from 'SYM: AllConds[0]':
   0   0   0   0   0   0   1   0   0   0   0   0   0 
 
------------------------------------------------------------
GLT matrix from 'SYM: AllConds[1]':
   0   0   0   0   0   0   0   1   0   0   0   0   0 
 
++ Number of time points: 357 (before censor) ; 356 (after)
 + Number of parameters:  13 [10 baseline ; 3 signal]
++ total shared memory needed = 3,155,214,060 bytes (about 3.2 billion [giga])
++ current memory malloc-ated = 1,546,536,786 bytes (about 1.5 billion [giga])
++ mmap() memory allocated: 3,155,214,060 bytes (about 3.2 billion [giga])
++ Memory required for output bricks = 3,155,214,060 bytes (about 3.2 billion [giga])
++ Wrote matrix values to file CHIVES1044_AllCondPmod_xmat.1D
++ ========= Things you can do with the matrix file =========
++ (a) Linear regression with ARMA(1,1) modeling of serial correlation:

3dREMLfit -matrix CHIVES1044_AllCondPmod_xmat.1D -input /projects/sanlab/shared/CHIVES/bids_data/derivatives/fmriprep/sub-CHIVES1044/ses-wave1/func/s6_sub-CHIVES1044_ses-wave1_task-money_bold_space-MNI152NLin2009cAsym_preproc.nii \
 -mask /projects/sanlab/shared/CHIVES/bids_data/derivatives/fmriprep/sub-CHIVES1044/ses-wave1/func/sub-CHIVES1044_ses-wave1_task-money_bold_space-MNI152NLin2009cAsym_brainmask.nii.gz \
 -fout -tout -Rbuck CHIVES1044_AllCondPmod_stats_REML -Rvar CHIVES1044_AllCondPmod_stats_REMLvar \
 -Rfitts CHIVES1044_AllCondPmod_REML -Rerrts CHIVES1044_AllCondPmod_REML -verb
 
++ N.B.: 3dREMLfit command above written to file CHIVES1044_AllCondPmod_stats.REML_cmd
++ (b) Visualization/analysis of the matrix via ExamineXmat.R
++ (c) Synthesis of sub-model datasets using 3dSynthesize
++ ==========================================================
++ Wrote matrix values to file CHIVES1044_AllCondPmod_uncensor_xmat.1D
++ ----- Signal+Baseline matrix condition [X] (356x13):  3.26383  ++ VERY GOOD ++
++ ----- Signal-only matrix condition [X] (356x3):  1.47635  ++ VERY GOOD ++
++ ----- Baseline-only matrix condition [X] (356x10):  3.24813  ++ VERY GOOD ++
++ ----- stim_base-only matrix condition [X] (356x4):  1.54762  ++ VERY GOOD ++
++ ----- polort-only matrix condition [X] (356x6):  1.01625  ++ VERY GOOD ++
++ +++++ Matrix inverse average error = 1.27451e-15  ++ VERY GOOD ++
++ Matrix setup time = 0.01 s
++ Voxels in dataset: 1082035
++ Voxels in mask:    272004
++ Voxels per job:    13600
++ Job #1: processing voxels 193445 to 250201; elapsed time=4.655
++ Job #2: processing voxels 250202 to 295536; elapsed time=4.675
++ Job #3: processing voxels 295537 to 330075; elapsed time=4.696
++ Job #4: processing voxels 330076 to 361846; elapsed time=4.717
++ Job #5: processing voxels 361847 to 389021; elapsed time=4.739
++ Job #6: processing voxels 389022 to 418152; elapsed time=4.761
++ Job #7: processing voxels 418153 to 444394; elapsed time=4.784
++ Job #8: processing voxels 444395 to 473199; elapsed time=4.806
++ Job #9: processing voxels 473200 to 499024; elapsed time=4.830
++ Job #10: processing voxels 499025 to 528520; elapsed time=4.853
++ Job #11: processing voxels 528521 to 554810; elapsed time=4.876
++ Job #12: processing voxels 554811 to 585269; elapsed time=4.900
++ Job #13: processing voxels 585270 to 616674; elapsed time=4.937
++ Job #14: processing voxels 616675 to 644995; elapsed time=4.958
++ Job #15: processing voxels 644996 to 678080; elapsed time=4.973
++ Job #16: processing voxels 678081 to 717672; elapsed time=5.011
++ Job #17: processing voxels 717673 to 755398; elapsed time=5.022
++ Job #18: processing voxels 755399 to 808906; elapsed time=5.059
++ Job #19: processing voxels 808907 to 1082034; elapsed time=5.071
++ Job #0: processing voxels 0 to 193444; elapsed time=5.081
++ voxel loop:0123456789.0123456789.0123456789.01234567++ Job #2 finished; elapsed time=5.489
89.0++ Job #4 finished; elapsed time=5.526
++ Job #6 finished; elapsed time=5.567
++ Job #5 finished; elapsed time=5.581
123++ Job #8 finished; elapsed time=5.615
++ Job #7 finished; elapsed time=5.621
++ Job #10 finished; elapsed time=5.657
++ Job #11 finished; elapsed time=5.680
++ Job #9 finished; elapsed time=5.686
45++ Job #12 finished; elapsed time=5.706
6++ Job #15 finished; elapsed time=5.778
++ Job #1 finished; elapsed time=5.788
78++ Job #17 finished; elapsed time=5.828
9.++ Job #3 finished; elapsed time=5.874

++ Job #0 waiting for children to finish; elapsed time=5.883
++ Job #19 finished; elapsed time=5.900
++ Job #13 finished; elapsed time=6.042
++ Job #14 finished; elapsed time=6.112
++ Job #16 finished; elapsed time=6.147
++ Job #18 finished; elapsed time=6.199
++ Job #0 now finishing up; elapsed time=6.217
++ Smallest FDR q [0 Full_Fstat] = 1.11056e-14
++ Smallest FDR q [2 AllConds#0_Tstat] = 3.18431e-14
++ Smallest FDR q [4 AllConds#1_Tstat] = 1.12526e-06
++ Smallest FDR q [5 AllConds_Fstat] = 3.41471e-14
++ Smallest FDR q [7 BidsNMiss#0_Tstat] = 3.09722e-14
++ Smallest FDR q [8 BidsNMiss_Fstat] = 3.09719e-14
++ Smallest FDR q [10 CondGtRest_GLT#0_Tstat] = 3.18431e-14
++ Smallest FDR q [11 CondGtRest_GLT_Fstat] = 3.18415e-14
++ Smallest FDR q [13 Pmod_GLT#0_Tstat] = 1.12526e-06
++ Smallest FDR q [14 Pmod_GLT_Fstat] = 1.12527e-06
++ Wrote bucket dataset into ./CHIVES1044_AllCondPmod_stats+tlrc.BRIK
 + created 10 FDR curves in bucket header
++ Wrote 3D+time dataset into ./CHIVES1044_AllCondPmod+tlrc.BRIK
++ Wrote 3D+time dataset into ./CHIVES1044_AllCondPmod+tlrc.BRIK
++ Program finished; elapsed time=22.378
++ 3dREMLfit: AFNI version=AFNI_18.2.04 (Jul  6 2018) [64-bit]
++ Authored by: RWCox
** AFNI converts NIFTI_datatype=4 (INT16) in file /projects/sanlab/shared/CHIVES/bids_data/derivatives/fmriprep/sub-CHIVES1044/ses-wave1/func/s6_sub-CHIVES1044_ses-wave1_task-money_bold_space-MNI152NLin2009cAsym_preproc.nii to FLOAT32
     Warnings of this type will be muted for this session.
     Set AFNI_NIFTI_TYPE_WARN to YES to see them all, NO to see none.
++ Number of voxels in mask = 272004
++ Number of OpenMP threads = 15
++ -----  matrix condition (356x13):  3.26383  ++ VERY GOOD ++
++ Loading input dataset into memory
++ Converting input dataset to vector image
 +  dataset = 1.5 billion [giga] bytes
 +  vectim  = 390 million [mega] bytes
++ starting REML setup calculations; total CPU=0.00 Elapsed=4.23
 + X matrix: 99.352% of elements are nonzero
 + starting 15 OpenMP threads for REML setup
 + REML setup finished: matrix rows=356 cols=13; 109*1 cases; total CPU=0.00 Elapsed=4.24
 +  average case bandwidth = 12.97
++ REML voxel loop: [15 threads]0123456789.012
 + ARMA voxel parameters estimated: total CPU=0.00 Elapsed=20.36
++ GLSQ loop:0123456789.0123456789.0123456789.0123456789.0123456789.
 + GLSQ regression done: total CPU=0.00 Elapsed=43.73
++ Output dataset ./CHIVES1044_AllCondPmod_stats_REMLvar+tlrc.BRIK
++ Output dataset ./CHIVES1044_AllCondPmod_REML+tlrc.BRIK
[7m** ERROR:[0m output dataset name 'CHIVES1044_AllCondPmod_REML' conflicts with existing file
[7m** ERROR:[0m dataset NOT written to disk!
++ creating FDR curves in dataset CHIVES1044_AllCondPmod_stats_REML+tlrc
++ Smallest FDR q [0 Full_Fstat] = 1.21501e-14
++ Smallest FDR q [2 AllConds#0_Tstat] = 2.97144e-14
++ Smallest FDR q [4 AllConds#1_Tstat] = 0.00572131
++ Smallest FDR q [5 AllConds_Fstat] = 3.49856e-14
++ Smallest FDR q [7 BidsNMiss#0_Tstat] = 3.52521e-14
++ Smallest FDR q [8 BidsNMiss_Fstat] = 3.52521e-14
++ Smallest FDR q [10 CondGtRest#0_Tstat] = 2.97144e-14
++ Smallest FDR q [11 CondGtRest_Fstat] = 2.97144e-14
++ Smallest FDR q [13 Pmod#0_Tstat] = 0.00572131
++ Smallest FDR q [14 Pmod_Fstat] = 0.00572131
 + Added 10 FDR curves to dataset CHIVES1044_AllCondPmod_stats_REML+tlrc
++ Output dataset ./CHIVES1044_AllCondPmod_stats_REML+tlrc.BRIK
 + unloading input dataset and REML matrices
++ 3dREMLfit is all done! total CPU=0.00 Elapsed=58.98
** AFNI converts NIFTI_datatype=4 (INT16) in file /projects/sanlab/shared/CHIVES/bids_data/derivatives/fmriprep/sub-CHIVES1044/ses-wave1/func/s6_sub-CHIVES1044_ses-wave1_task-money_bold_space-MNI152NLin2009cAsym_preproc.nii to FLOAT32
     Warnings of this type will be muted for this session.
     Set AFNI_NIFTI_TYPE_WARN to YES to see them all, NO to see none.
++ '-stim_times_AM2 1 /projects/sanlab/shared/CHIVES/CHIVES_WTP_scripts/behavioral/money/afni_timing_files/CHIVES1044/HealthyPmod.1D' has 1 auxiliary values per time point
++ '-stim_times_AM2 1 /projects/sanlab/shared/CHIVES/CHIVES_WTP_scripts/behavioral/money/afni_timing_files/CHIVES1044/HealthyPmod.1D' will have 2 regressors
++ '-stim_times_AM2 2 /projects/sanlab/shared/CHIVES/CHIVES_WTP_scripts/behavioral/money/afni_timing_files/CHIVES1044/UnhealthyPmod.1D' has 1 auxiliary values per time point
++ '-stim_times_AM2 2 /projects/sanlab/shared/CHIVES/CHIVES_WTP_scripts/behavioral/money/afni_timing_files/CHIVES1044/UnhealthyPmod.1D' will have 2 regressors
++ '-stim_times_AM1 3 /projects/sanlab/shared/CHIVES/CHIVES_WTP_scripts/behavioral/money/afni_timing_files/CHIVES1044/BidOnsDur.1D' has 1 auxiliary values per time point
++ '-stim_times_AM1 3': basis function model 'dmBLOCK(1)' uses 1 parameters,
    out of the 1 found in timing file '/projects/sanlab/shared/CHIVES/CHIVES_WTP_scripts/behavioral/money/afni_timing_files/CHIVES1044/BidOnsDur.1D'
++ 3dDeconvolve extending num_stimts from 3 to 7 due to -ortvec
++ 3dDeconvolve: AFNI version=AFNI_18.2.04 (Jul  6 2018) [64-bit]
++ Authored by: B. Douglas Ward, et al.
++ current memory malloc-ated = 287,275 bytes (about 287 thousand [kilo])
++ loading dataset /projects/sanlab/shared/CHIVES/bids_data/derivatives/fmriprep/sub-CHIVES1044/ses-wave1/func/s6_sub-CHIVES1044_ses-wave1_task-money_bold_space-MNI152NLin2009cAsym_preproc.nii
++ current memory malloc-ated = 1,545,436,135 bytes (about 1.5 billion [giga])
++ forcibly using TR=2.0000 seconds for -input dataset
++ Skipping check for initial transients
++ Imaging duration=714.0 s; Automatic polort=5
++ -stim_times using TR=2 s for stimulus timing conversion
++ -stim_times using TR=2 s for any -iresp output datasets
++  [you can alter the -iresp TR via the -TR_times option]
++ ** -stim_times NOTE ** guessing GLOBAL times if 1 time per line; LOCAL otherwise
++ ** GUESSED ** -stim_times_AM2 1 using LOCAL times
++ '-stim_times_AM2 1' average amplitude#1=1.26786
++ ** GUESSED ** -stim_times_AM2 2 using LOCAL times
[7m*+ WARNING:[0m '-stim_times_AM2 2' (LOCAL) run#1 has 1 times outside range 0 .. 712 [PSFB syndrome]
 + dataset TR being used is 2 s -- unusable times follow
 719.27
++ '-stim_times_AM2 2' average amplitude#1=0.448276
++ ** GUESSED ** -stim_times_AM1 3 using LOCAL times
[7m*+ WARNING:[0m '-stim_times_AM1 3' (LOCAL) run#1 has 2 times outside range 0 .. 712 [PSFB syndrome]
 + dataset TR being used is 2 s -- unusable times follow
 713.41 723.28
------------------------------------------------------------
GLT matrix from 'SYM: HealthyPmod[0]':
   0   0   0   0   0   0   1   0   0   0   0   0   0   0   0 
 
------------------------------------------------------------
GLT matrix from 'SYM: HealthyPmod[1]':
   0   0   0   0   0   0   0   1   0   0   0   0   0   0   0 
 
------------------------------------------------------------
GLT matrix from 'SYM: UnhealthyPmod[0]':
   0   0   0   0   0   0   0   0   1   0   0   0   0   0   0 
 
------------------------------------------------------------
GLT matrix from 'SYM: UnhealthyPmod[1]':
   0   0   0   0   0   0   0   0   0   1   0   0   0   0   0 
 
------------------------------------------------------------
GLT matrix from 'SYM: HealthyPmod[0] -UnhealthyPmod[0]':
   0   0   0   0   0   0   1   0  -1   0   0   0   0   0   0 
 
------------------------------------------------------------
GLT matrix from 'SYM: HealthyPmod[1] -UnhealthyPmod[1]':
   0   0   0   0   0   0   0   1   0  -1   0   0   0   0   0 
 
++ Number of time points: 357 (before censor) ; 356 (after)
 + Number of parameters:  15 [10 baseline ; 5 signal]
++ total shared memory needed = 3,228,792,440 bytes (about 3.2 billion [giga])
++ current memory malloc-ated = 1,546,568,620 bytes (about 1.5 billion [giga])
++ mmap() memory allocated: 3,228,792,440 bytes (about 3.2 billion [giga])
++ Memory required for output bricks = 3,228,792,440 bytes (about 3.2 billion [giga])
++ Wrote matrix values to file CHIVES1044_2CondPmod_xmat.1D
++ ========= Things you can do with the matrix file =========
++ (a) Linear regression with ARMA(1,1) modeling of serial correlation:

3dREMLfit -matrix CHIVES1044_2CondPmod_xmat.1D -input /projects/sanlab/shared/CHIVES/bids_data/derivatives/fmriprep/sub-CHIVES1044/ses-wave1/func/s6_sub-CHIVES1044_ses-wave1_task-money_bold_space-MNI152NLin2009cAsym_preproc.nii \
 -mask /projects/sanlab/shared/CHIVES/bids_data/derivatives/fmriprep/sub-CHIVES1044/ses-wave1/func/sub-CHIVES1044_ses-wave1_task-money_bold_space-MNI152NLin2009cAsym_brainmask.nii.gz \
 -fout -tout -Rbuck CHIVES1044_2CondPmod_stats_REML -Rvar CHIVES1044_2CondPmod_stats_REMLvar \
 -Rfitts CHIVES1044_2CondPmod_REML -Rerrts CHIVES1044_2CondPmod_REML -verb
 
++ N.B.: 3dREMLfit command above written to file CHIVES1044_2CondPmod_stats.REML_cmd
++ (b) Visualization/analysis of the matrix via ExamineXmat.R
++ (c) Synthesis of sub-model datasets using 3dSynthesize
++ ==========================================================
++ Wrote matrix values to file CHIVES1044_2CondPmod_uncensor_xmat.1D
++ ----- Signal+Baseline matrix condition [X] (356x15):  3.27595  ++ VERY GOOD ++
++ ----- Signal-only matrix condition [X] (356x5):  1.47682  ++ VERY GOOD ++
++ ----- Baseline-only matrix condition [X] (356x10):  3.24813  ++ VERY GOOD ++
++ ----- stim_base-only matrix condition [X] (356x4):  1.54762  ++ VERY GOOD ++
++ ----- polort-only matrix condition [X] (356x6):  1.01625  ++ VERY GOOD ++
++ +++++ Matrix inverse average error = 9.95043e-16  ++ VERY GOOD ++
++ Matrix setup time = 0.01 s
++ Voxels in dataset: 1082035
++ Voxels in mask:    272004
++ Voxels per job:    13600
++ Job #1: processing voxels 193445 to 250201; elapsed time=4.297
++ Job #2: processing voxels 250202 to 295536; elapsed time=4.317
++ Job #3: processing voxels 295537 to 330075; elapsed time=4.337
++ Job #4: processing voxels 330076 to 361846; elapsed time=4.357
++ Job #5: processing voxels 361847 to 389021; elapsed time=4.379
++ Job #6: processing voxels 389022 to 418152; elapsed time=4.401
++ Job #7: processing voxels 418153 to 444394; elapsed time=4.423
++ Job #8: processing voxels 444395 to 473199; elapsed time=4.446
++ Job #9: processing voxels 473200 to 499024; elapsed time=4.469
++ Job #10: processing voxels 499025 to 528520; elapsed time=4.492
++ Job #11: processing voxels 528521 to 554810; elapsed time=4.516
++ Job #12: processing voxels 554811 to 585269; elapsed time=4.539
++ Job #13: processing voxels 585270 to 616674; elapsed time=4.576
++ Job #14: processing voxels 616675 to 644995; elapsed time=4.586
++ Job #15: processing voxels 644996 to 678080; elapsed time=4.611
++ Job #16: processing voxels 678081 to 717672; elapsed time=4.649
++ Job #17: processing voxels 717673 to 755398; elapsed time=4.674
++ Job #18: processing voxels 755399 to 808906; elapsed time=4.698
++ Job #19: processing voxels 808907 to 1082034; elapsed time=4.709
++ Job #0: processing voxels 0 to 193444; elapsed time=4.719
++ voxel loop:0123456789.0123456789.0123456789.0123456789.012++ Job #2 finished; elapsed time=5.433
3++ Job #4 finished; elapsed time=5.473
++ Job #6 finished; elapsed time=5.509
++ Job #5 finished; elapsed time=5.536
++ Job #8 finished; elapsed time=5.550
4++ Job #7 finished; elapsed time=5.572
5++ Job #10 finished; elapsed time=5.599
++ Job #9 finished; elapsed time=5.608
6++ Job #12 finished; elapsed time=5.647
++ Job #11 finished; elapsed time=5.666
++ Job #14 finished; elapsed time=5.692
++ Job #15 finished; elapsed time=5.724
789.
++ Job #0 waiting for children to finish; elapsed time=5.811
++ Job #19 finished; elapsed time=5.853
++ Job #3 finished; elapsed time=5.887
++ Job #1 finished; elapsed time=5.937
++ Job #13 finished; elapsed time=6.048
++ Job #17 finished; elapsed time=6.152
++ Job #16 finished; elapsed time=6.244
++ Job #18 finished; elapsed time=6.261
++ Job #0 now finishing up; elapsed time=6.279
++ Smallest FDR q [0 Full_Fstat] = 1.18053e-14
++ Smallest FDR q [2 HealthyPmod#0_Tstat] = 5.63658e-14
++ Smallest FDR q [4 HealthyPmod#1_Tstat] = 0.00403855
++ Smallest FDR q [5 HealthyPmod_Fstat] = 6.44144e-14
++ Smallest FDR q [7 UnhealthyPmod#0_Tstat] = 6.34514e-14
++ Smallest FDR q [9 UnhealthyPmod#1_Tstat] = 0.00352281
++ Smallest FDR q [10 UnhealthyPmod_Fstat] = 6.36021e-14
++ Smallest FDR q [12 BidsNMiss#0_Tstat] = 3.10864e-14
++ Smallest FDR q [13 BidsNMiss_Fstat] = 3.10857e-14
++ Smallest FDR q [15 HealthyGtRest_GLT#0_Tstat] = 5.63658e-14
++ Smallest FDR q [16 HealthyGtRest_GLT_Fstat] = 5.63643e-14
++ Smallest FDR q [18 HealthyPmod_GLT#0_Tstat] = 0.00403855
++ Smallest FDR q [19 HealthyPmod_GLT_Fstat] = 0.00403831
++ Smallest FDR q [21 UnhealthyGtRest_GLT#0_Tstat] = 6.34514e-14
++ Smallest FDR q [22 UnhealthyGtRest_GLT_Fstat] = 6.34528e-14
++ Smallest FDR q [24 UnhealthyPmod_GLT#0_Tstat] = 0.00352281
++ Smallest FDR q [25 UnhealthyPmod_GLT_Fstat] = 0.00352291
++ Smallest FDR q [27 HealthyGtUnhealthy_GLT#0_Tstat] = 0.0012127
++ Smallest FDR q [28 HealthyGtUnhealthy_GLT_Fstat] = 0.00121268
++ Smallest FDR q [30 HealthyGtUnhealthyPmod_GLT#0_Tstat] = 0.00418152
++ Smallest FDR q [31 HealthyGtUnhealthyPmod_GLT_Fstat] = 0.00418143
++ Wrote bucket dataset into ./CHIVES1044_2CondPmod_stats+tlrc.BRIK
 + created 21 FDR curves in bucket header
++ Wrote 3D+time dataset into ./CHIVES1044_2CondPmod+tlrc.BRIK
++ Wrote 3D+time dataset into ./CHIVES1044_2CondPmod+tlrc.BRIK
++ Program finished; elapsed time=37.295
++ 3dREMLfit: AFNI version=AFNI_18.2.04 (Jul  6 2018) [64-bit]
++ Authored by: RWCox
** AFNI converts NIFTI_datatype=4 (INT16) in file /projects/sanlab/shared/CHIVES/bids_data/derivatives/fmriprep/sub-CHIVES1044/ses-wave1/func/s6_sub-CHIVES1044_ses-wave1_task-money_bold_space-MNI152NLin2009cAsym_preproc.nii to FLOAT32
     Warnings of this type will be muted for this session.
     Set AFNI_NIFTI_TYPE_WARN to YES to see them all, NO to see none.
++ Number of voxels in mask = 272004
++ Number of OpenMP threads = 15
++ -----  matrix condition (356x15):  3.27595  ++ VERY GOOD ++
++ Loading input dataset into memory
++ Converting input dataset to vector image
 +  dataset = 1.5 billion [giga] bytes
 +  vectim  = 390 million [mega] bytes
++ starting REML setup calculations; total CPU=0.00 Elapsed=4.22
 + X matrix: 89.925% of elements are nonzero
 + starting 15 OpenMP threads for REML setup
 + REML setup finished: matrix rows=356 cols=15; 109*1 cases; total CPU=0.00 Elapsed=4.23
 +  average case bandwidth = 12.97
++ REML voxel loop: [15 threads]0123456789.012
 + ARMA voxel parameters estimated: total CPU=0.00 Elapsed=20.66
++ GLSQ loop:0123456789.0123456789.0123456789.0123456789.0123456789.
 + GLSQ regression done: total CPU=0.00 Elapsed=55.15
++ Output dataset ./CHIVES1044_2CondPmod_stats_REMLvar+tlrc.BRIK
++ Output dataset ./CHIVES1044_2CondPmod_REML+tlrc.BRIK
[7m** ERROR:[0m output dataset name 'CHIVES1044_2CondPmod_REML' conflicts with existing file
[7m** ERROR:[0m dataset NOT written to disk!
++ creating FDR curves in dataset CHIVES1044_2CondPmod_stats_REML+tlrc
++ Smallest FDR q [0 Full_Fstat] = 1.43548e-14
++ Smallest FDR q [2 HealthyPmod#0_Tstat] = 6.42607e-14
[7m*+ WARNING:[0m Smallest FDR q [4 HealthyPmod#1_Tstat] = 0.256757 ==> few true single voxel detections
++ Smallest FDR q [5 HealthyPmod_Fstat] = 8.84467e-14
++ Smallest FDR q [7 UnhealthyPmod#0_Tstat] = 9.90435e-14
[7m*+ WARNING:[0m Smallest FDR q [9 UnhealthyPmod#1_Tstat] = 0.299448 ==> few true single voxel detections
++ Smallest FDR q [10 UnhealthyPmod_Fstat] = 1.09244e-13
++ Smallest FDR q [12 BidsNMiss#0_Tstat] = 3.52671e-14
++ Smallest FDR q [13 BidsNMiss_Fstat] = 3.52671e-14
++ Smallest FDR q [15 HealthyGtRest#0_Tstat] = 6.42607e-14
++ Smallest FDR q [16 HealthyGtRest_Fstat] = 6.42607e-14
[7m*+ WARNING:[0m Smallest FDR q [18 HealthyPmod#0_Tstat] = 0.256757 ==> few true single voxel detections
[7m*+ WARNING:[0m Smallest FDR q [19 HealthyPmod_Fstat] = 0.256757 ==> few true single voxel detections
++ Smallest FDR q [21 UnhealthyGtRest#0_Tstat] = 9.90435e-14
++ Smallest FDR q [22 UnhealthyGtRest_Fstat] = 9.90435e-14
[7m*+ WARNING:[0m Smallest FDR q [24 UnhealthyPmod#0_Tstat] = 0.299448 ==> few true single voxel detections
[7m*+ WARNING:[0m Smallest FDR q [25 UnhealthyPmod_Fstat] = 0.299448 ==> few true single voxel detections
[7m*+ WARNING:[0m Smallest FDR q [27 HealthyGtUnhealthy#0_Tstat] = 0.947068 ==> few true single voxel detections
[7m*+ WARNING:[0m Smallest FDR q [28 HealthyGtUnhealthy_Fstat] = 0.947069 ==> few true single voxel detections
[7m*+ WARNING:[0m Smallest FDR q [30 HealthyGtUnhealthyPmod#0_Tstat] = 0.375007 ==> few true single voxel detections
[7m*+ WARNING:[0m Smallest FDR q [31 HealthyGtUnhealthyPmod_Fstat] = 0.375007 ==> few true single voxel detections
 + Added 21 FDR curves to dataset CHIVES1044_2CondPmod_stats_REML+tlrc
++ Output dataset ./CHIVES1044_2CondPmod_stats_REML+tlrc.BRIK
 + unloading input dataset and REML matrices
++ 3dREMLfit is all done! total CPU=0.00 Elapsed=84.50
** AFNI converts NIFTI_datatype=4 (INT16) in file /projects/sanlab/shared/CHIVES/bids_data/derivatives/fmriprep/sub-CHIVES1044/ses-wave1/func/s6_sub-CHIVES1044_ses-wave1_task-money_bold_space-MNI152NLin2009cAsym_preproc.nii to FLOAT32
     Warnings of this type will be muted for this session.
     Set AFNI_NIFTI_TYPE_WARN to YES to see them all, NO to see none.
++ '-stim_times_AM1 3 /projects/sanlab/shared/CHIVES/CHIVES_WTP_scripts/behavioral/money/afni_timing_files/CHIVES1044/BidOnsDur.1D' has 1 auxiliary values per time point
++ '-stim_times_AM1 3': basis function model 'dmBLOCK(1)' uses 1 parameters,
    out of the 1 found in timing file '/projects/sanlab/shared/CHIVES/CHIVES_WTP_scripts/behavioral/money/afni_timing_files/CHIVES1044/BidOnsDur.1D'
++ 3dDeconvolve extending num_stimts from 3 to 7 due to -ortvec
++ 3dDeconvolve: AFNI version=AFNI_18.2.04 (Jul  6 2018) [64-bit]
++ Authored by: B. Douglas Ward, et al.
++ current memory malloc-ated = 271,039 bytes (about 271 thousand [kilo])
++ loading dataset /projects/sanlab/shared/CHIVES/bids_data/derivatives/fmriprep/sub-CHIVES1044/ses-wave1/func/s6_sub-CHIVES1044_ses-wave1_task-money_bold_space-MNI152NLin2009cAsym_preproc.nii
++ current memory malloc-ated = 1,545,419,899 bytes (about 1.5 billion [giga])
++ forcibly using TR=2.0000 seconds for -input dataset
++ Skipping check for initial transients
++ Imaging duration=714.0 s; Automatic polort=5
++ -stim_times using TR=2 s for stimulus timing conversion
++ -stim_times using TR=2 s for any -iresp output datasets
++  [you can alter the -iresp TR via the -TR_times option]
++ ** -stim_times NOTE ** guessing GLOBAL times if 1 time per line; LOCAL otherwise
++ ** GUESSED ** -stim_times 1 using LOCAL times
++ ** GUESSED ** -stim_times 2 using LOCAL times
[7m*+ WARNING:[0m '-stim_times 2' (LOCAL) run#1 has 1 times outside range 0 .. 712 [PSFB syndrome]
 + dataset TR being used is 2 s -- unusable times follow
 719.27
++ ** GUESSED ** -stim_times_AM1 3 using LOCAL times
[7m*+ WARNING:[0m '-stim_times_AM1 3' (LOCAL) run#1 has 2 times outside range 0 .. 712 [PSFB syndrome]
 + dataset TR being used is 2 s -- unusable times follow
 713.41 723.28
------------------------------------------------------------
GLT matrix from 'SYM: Healthy':
   0   0   0   0   0   0   1   0   0   0   0   0   0 
 
------------------------------------------------------------
GLT matrix from 'SYM: Unhealthy':
   0   0   0   0   0   0   0   1   0   0   0   0   0 
 
------------------------------------------------------------
GLT matrix from 'SYM: Healthy -Unhealthy':
   0   0   0   0   0   0   1  -1   0   0   0   0   0 
 
++ Number of time points: 357 (before censor) ; 356 (after)
 + Number of parameters:  13 [10 baseline ; 3 signal]
++ total shared memory needed = 3,172,526,620 bytes (about 3.2 billion [giga])
++ current memory malloc-ated = 1,546,547,858 bytes (about 1.5 billion [giga])
++ mmap() memory allocated: 3,172,526,620 bytes (about 3.2 billion [giga])
++ Memory required for output bricks = 3,172,526,620 bytes (about 3.2 billion [giga])
++ Wrote matrix values to file CHIVES1044_2Cond_xmat.1D
++ ========= Things you can do with the matrix file =========
++ (a) Linear regression with ARMA(1,1) modeling of serial correlation:

3dREMLfit -matrix CHIVES1044_2Cond_xmat.1D -input /projects/sanlab/shared/CHIVES/bids_data/derivatives/fmriprep/sub-CHIVES1044/ses-wave1/func/s6_sub-CHIVES1044_ses-wave1_task-money_bold_space-MNI152NLin2009cAsym_preproc.nii \
 -mask /projects/sanlab/shared/CHIVES/bids_data/derivatives/fmriprep/sub-CHIVES1044/ses-wave1/func/sub-CHIVES1044_ses-wave1_task-money_bold_space-MNI152NLin2009cAsym_brainmask.nii.gz \
 -fout -tout -Rbuck CHIVES1044_2Cond_stats_REML -Rvar CHIVES1044_2Cond_stats_REMLvar \
 -Rfitts CHIVES1044_2Cond_REML -Rerrts CHIVES1044_2Cond_REML -verb
 
++ N.B.: 3dREMLfit command above written to file CHIVES1044_2Cond_stats.REML_cmd
++ (b) Visualization/analysis of the matrix via ExamineXmat.R
++ (c) Synthesis of sub-model datasets using 3dSynthesize
++ ==========================================================
++ Wrote matrix values to file CHIVES1044_2Cond_uncensor_xmat.1D
++ ----- Signal+Baseline matrix condition [X] (356x13):  3.27113  ++ VERY GOOD ++
++ ----- Signal-only matrix condition [X] (356x3):  1.47598  ++ VERY GOOD ++
++ ----- Baseline-only matrix condition [X] (356x10):  3.24813  ++ VERY GOOD ++
++ ----- stim_base-only matrix condition [X] (356x4):  1.54762  ++ VERY GOOD ++
++ ----- polort-only matrix condition [X] (356x6):  1.01625  ++ VERY GOOD ++
++ +++++ Matrix inverse average error = 1.31846e-15  ++ VERY GOOD ++
++ Matrix setup time = 0.01 s
++ Voxels in dataset: 1082035
++ Voxels in mask:    272004
++ Voxels per job:    13600
++ Job #1: processing voxels 193445 to 250201; elapsed time=4.363
++ Job #2: processing voxels 250202 to 295536; elapsed time=4.383
++ Job #3: processing voxels 295537 to 330075; elapsed time=4.404
++ Job #4: processing voxels 330076 to 361846; elapsed time=4.424
++ Job #5: processing voxels 361847 to 389021; elapsed time=4.446
++ Job #6: processing voxels 389022 to 418152; elapsed time=4.467
++ Job #7: processing voxels 418153 to 444394; elapsed time=4.490
++ Job #8: processing voxels 444395 to 473199; elapsed time=4.513
++ Job #9: processing voxels 473200 to 499024; elapsed time=4.536
++ Job #10: processing voxels 499025 to 528520; elapsed time=4.559
++ Job #11: processing voxels 528521 to 554810; elapsed time=4.583
++ Job #12: processing voxels 554811 to 585269; elapsed time=4.607
++ Job #13: processing voxels 585270 to 616674; elapsed time=4.644
++ Job #14: processing voxels 616675 to 644995; elapsed time=4.670
++ Job #15: processing voxels 644996 to 678080; elapsed time=4.679
++ Job #16: processing voxels 678081 to 717672; elapsed time=4.717
++ Job #17: processing voxels 717673 to 755398; elapsed time=4.728
++ Job #18: processing voxels 755399 to 808906; elapsed time=4.765
++ Job #19: processing voxels 808907 to 1082034; elapsed time=4.777
++ Job #0: processing voxels 0 to 193444; elapsed time=4.787
++ voxel loop:0123456789.0123456789.0123456789.0123456789.0++ Job #2 finished; elapsed time=5.284
++ Job #4 finished; elapsed time=5.323
1++ Job #6 finished; elapsed time=5.359
23++ Job #5 finished; elapsed time=5.384
++ Job #8 finished; elapsed time=5.407
++ Job #7 finished; elapsed time=5.423
++ Job #10 finished; elapsed time=5.455
++ Job #9 finished; elapsed time=5.462
45++ Job #11 finished; elapsed time=5.491
++ Job #12 finished; elapsed time=5.498
6++ Job #1 finished; elapsed time=5.572
++ Job #3 finished; elapsed time=5.573
++ Job #15 finished; elapsed time=5.578
78++ Job #17 finished; elapsed time=5.632
9.
++ Job #0 waiting for children to finish; elapsed time=5.667
++ Job #19 finished; elapsed time=5.709
++ Job #13 finished; elapsed time=5.822
++ Job #14 finished; elapsed time=5.854
++ Job #16 finished; elapsed time=5.873
++ Job #18 finished; elapsed time=5.911
++ Job #0 now finishing up; elapsed time=5.929
++ Smallest FDR q [0 Full_Fstat] = 1.16852e-14
++ Smallest FDR q [2 Healthy#0_Tstat] = 5.67865e-14
++ Smallest FDR q [3 Healthy_Fstat] = 5.67865e-14
++ Smallest FDR q [5 Unhealthy#0_Tstat] = 6.23246e-14
++ Smallest FDR q [6 Unhealthy_Fstat] = 6.23233e-14
++ Smallest FDR q [8 BidsNMiss#0_Tstat] = 3.1071e-14
++ Smallest FDR q [9 BidsNMiss_Fstat] = 3.1071e-14
++ Smallest FDR q [11 HealthyGtRest_GLT#0_Tstat] = 5.67865e-14
++ Smallest FDR q [12 HealthyGtRest_GLT_Fstat] = 5.67873e-14
++ Smallest FDR q [14 UnhealthyGtRest_GLT#0_Tstat] = 6.23246e-14
++ Smallest FDR q [15 UnhealthyGtRest_GLT_Fstat] = 6.23224e-14
++ Smallest FDR q [17 HealthyGtUnhealthy_GLT#0_Tstat] = 0.00114555
++ Smallest FDR q [18 HealthyGtUnhealthy_GLT_Fstat] = 0.00114565
++ Wrote bucket dataset into ./CHIVES1044_2Cond_stats+tlrc.BRIK
 + created 13 FDR curves in bucket header
++ Wrote 3D+time dataset into ./CHIVES1044_2Cond+tlrc.BRIK
++ Wrote 3D+time dataset into ./CHIVES1044_2Cond+tlrc.BRIK
++ Program finished; elapsed time=24.666
++ 3dREMLfit: AFNI version=AFNI_18.2.04 (Jul  6 2018) [64-bit]
++ Authored by: RWCox
** AFNI converts NIFTI_datatype=4 (INT16) in file /projects/sanlab/shared/CHIVES/bids_data/derivatives/fmriprep/sub-CHIVES1044/ses-wave1/func/s6_sub-CHIVES1044_ses-wave1_task-money_bold_space-MNI152NLin2009cAsym_preproc.nii to FLOAT32
     Warnings of this type will be muted for this session.
     Set AFNI_NIFTI_TYPE_WARN to YES to see them all, NO to see none.
++ Number of voxels in mask = 272004
++ Number of OpenMP threads = 15
++ -----  matrix condition (356x13):  3.27113  ++ VERY GOOD ++
++ Loading input dataset into memory
++ Converting input dataset to vector image
 +  dataset = 1.5 billion [giga] bytes
 +  vectim  = 390 million [mega] bytes
++ starting REML setup calculations; total CPU=0.00 Elapsed=4.27
 + X matrix: 94.166% of elements are nonzero
 + starting 15 OpenMP threads for REML setup
 + REML setup finished: matrix rows=356 cols=13; 109*1 cases; total CPU=0.00 Elapsed=4.27
 +  average case bandwidth = 12.97
++ REML voxel loop: [15 threads]0123456789.012
 + ARMA voxel parameters estimated: total CPU=0.00 Elapsed=20.13
++ GLSQ loop:0123456789.0123456789.0123456789.0123456789.0123456789.
 + GLSQ regression done: total CPU=0.00 Elapsed=47.36
++ Output dataset ./CHIVES1044_2Cond_stats_REMLvar+tlrc.BRIK
++ Output dataset ./CHIVES1044_2Cond_REML+tlrc.BRIK
[7m** ERROR:[0m output dataset name 'CHIVES1044_2Cond_REML' conflicts with existing file
[7m** ERROR:[0m dataset NOT written to disk!
++ creating FDR curves in dataset CHIVES1044_2Cond_stats_REML+tlrc
++ Smallest FDR q [0 Full_Fstat] = 1.25963e-14
++ Smallest FDR q [2 Healthy#0_Tstat] = 6.43605e-14
++ Smallest FDR q [3 Healthy_Fstat] = 6.43605e-14
++ Smallest FDR q [5 Unhealthy#0_Tstat] = 9.36861e-14
++ Smallest FDR q [6 Unhealthy_Fstat] = 9.36861e-14
++ Smallest FDR q [8 BidsNMiss#0_Tstat] = 3.48782e-14
++ Smallest FDR q [9 BidsNMiss_Fstat] = 3.48782e-14
++ Smallest FDR q [11 HealthyGtRest#0_Tstat] = 6.43605e-14
++ Smallest FDR q [12 HealthyGtRest_Fstat] = 6.43605e-14
++ Smallest FDR q [14 UnhealthyGtRest#0_Tstat] = 9.36861e-14
++ Smallest FDR q [15 UnhealthyGtRest_Fstat] = 9.36861e-14
[7m*+ WARNING:[0m Smallest FDR q [17 HealthyGtUnhealthy#0_Tstat] = 0.873198 ==> few true single voxel detections
[7m*+ WARNING:[0m Smallest FDR q [18 HealthyGtUnhealthy_Fstat] = 0.873197 ==> few true single voxel detections
 + Added 13 FDR curves to dataset CHIVES1044_2Cond_stats_REML+tlrc
++ Output dataset ./CHIVES1044_2Cond_stats_REML+tlrc.BRIK
 + unloading input dataset and REML matrices
++ 3dREMLfit is all done! total CPU=0.00 Elapsed=65.15
