** AFNI converts NIFTI_datatype=4 (INT16) in file /projects/sanlab/shared/CHIVES/bids_data/derivatives/fmriprep/sub-CHIVES1011/ses-wave1/func/s6_sub-CHIVES1011_ses-wave1_task-money_bold_space-MNI152NLin2009cAsym_preproc.nii to FLOAT32
     Warnings of this type will be muted for this session.
     Set AFNI_NIFTI_TYPE_WARN to YES to see them all, NO to see none.
++ '-stim_times_AM2 1 /projects/sanlab/shared/CHIVES/CHIVES_WTP_scripts/behavioral/money/afni_timing_files/CHIVES1011/AllCondsPmod.1D' has 1 auxiliary values per time point
++ '-stim_times_AM2 1 /projects/sanlab/shared/CHIVES/CHIVES_WTP_scripts/behavioral/money/afni_timing_files/CHIVES1011/AllCondsPmod.1D' will have 2 regressors
++ '-stim_times_AM1 2 /projects/sanlab/shared/CHIVES/CHIVES_WTP_scripts/behavioral/money/afni_timing_files/CHIVES1011/BidOnsDur.1D' has 1 auxiliary values per time point
++ '-stim_times_AM1 2': basis function model 'dmBLOCK(1)' uses 1 parameters,
    out of the 1 found in timing file '/projects/sanlab/shared/CHIVES/CHIVES_WTP_scripts/behavioral/money/afni_timing_files/CHIVES1011/BidOnsDur.1D'
++ 3dDeconvolve extending num_stimts from 2 to 6 due to -ortvec
++ 3dDeconvolve: AFNI version=AFNI_18.2.04 (Jul  6 2018) [64-bit]
++ Authored by: B. Douglas Ward, et al.
++ current memory malloc-ated = 253,315 bytes (about 253 thousand [kilo])
++ loading dataset /projects/sanlab/shared/CHIVES/bids_data/derivatives/fmriprep/sub-CHIVES1011/ses-wave1/func/s6_sub-CHIVES1011_ses-wave1_task-money_bold_space-MNI152NLin2009cAsym_preproc.nii
++ current memory malloc-ated = 1,519,433,287 bytes (about 1.5 billion [giga])
++ forcibly using TR=2.0000 seconds for -input dataset
++ Skipping check for initial transients
++ Imaging duration=702.0 s; Automatic polort=5
++ -stim_times using TR=2 s for stimulus timing conversion
++ -stim_times using TR=2 s for any -iresp output datasets
++  [you can alter the -iresp TR via the -TR_times option]
++ ** -stim_times NOTE ** guessing GLOBAL times if 1 time per line; LOCAL otherwise
++ ** GUESSED ** -stim_times_AM2 1 using LOCAL times
++ '-stim_times_AM2 1' average amplitude#1=0.766667
++ ** GUESSED ** -stim_times_AM1 2 using LOCAL times
------------------------------------------------------------
GLT matrix from 'SYM: AllConds[0]':
   0   0   0   0   0   0   1   0   0   0   0   0   0 
 
------------------------------------------------------------
GLT matrix from 'SYM: AllConds[1]':
   0   0   0   0   0   0   0   1   0   0   0   0   0 
 
++ Number of time points: 351 (no censoring)
 + Number of parameters:  13 [10 baseline ; 3 signal]
++ total shared memory needed = 3,103,276,380 bytes (about 3.1 billion [giga])
++ current memory malloc-ated = 1,520,560,861 bytes (about 1.5 billion [giga])
++ mmap() memory allocated: 3,103,276,380 bytes (about 3.1 billion [giga])
++ Memory required for output bricks = 3,103,276,380 bytes (about 3.1 billion [giga])
++ Wrote matrix values to file CHIVES1011_AllCondPmod_xmat.1D
++ ========= Things you can do with the matrix file =========
++ (a) Linear regression with ARMA(1,1) modeling of serial correlation:

3dREMLfit -matrix CHIVES1011_AllCondPmod_xmat.1D -input /projects/sanlab/shared/CHIVES/bids_data/derivatives/fmriprep/sub-CHIVES1011/ses-wave1/func/s6_sub-CHIVES1011_ses-wave1_task-money_bold_space-MNI152NLin2009cAsym_preproc.nii \
 -mask /projects/sanlab/shared/CHIVES/bids_data/derivatives/fmriprep/sub-CHIVES1011/ses-wave1/func/sub-CHIVES1011_ses-wave1_task-money_bold_space-MNI152NLin2009cAsym_brainmask.nii.gz \
 -fout -tout -Rbuck CHIVES1011_AllCondPmod_stats_REML -Rvar CHIVES1011_AllCondPmod_stats_REMLvar \
 -Rfitts CHIVES1011_AllCondPmod_REML -Rerrts CHIVES1011_AllCondPmod_REML -verb
 
++ N.B.: 3dREMLfit command above written to file CHIVES1011_AllCondPmod_stats.REML_cmd
++ (b) Visualization/analysis of the matrix via ExamineXmat.R
++ (c) Synthesis of sub-model datasets using 3dSynthesize
++ ==========================================================
++ Wrote matrix values to file CHIVES1011_AllCondPmod_uncensor_xmat.1D
++ ----- Signal+Baseline matrix condition [X] (351x13):  4.34753  ++ VERY GOOD ++
++ ----- Signal-only matrix condition [X] (351x3):  1.58778  ++ VERY GOOD ++
++ ----- Baseline-only matrix condition [X] (351x10):  4.12809  ++ VERY GOOD ++
++ ----- stim_base-only matrix condition [X] (351x4):  1.16129  ++ VERY GOOD ++
++ ----- polort-only matrix condition [X] (351x6):  1.01552  ++ VERY GOOD ++
++ +++++ Matrix inverse average error = 1.84165e-15  ++ VERY GOOD ++
++ Matrix setup time = 0.01 s
++ Voxels in dataset: 1082035
++ Voxels in mask:    263073
++ Voxels per job:    13153
++ Job #1: processing voxels 191814 to 248656; elapsed time=5.083
++ Job #2: processing voxels 248657 to 293191; elapsed time=5.102
++ Job #3: processing voxels 293192 to 327416; elapsed time=5.123
++ Job #4: processing voxels 327417 to 354956; elapsed time=5.142
++ Job #5: processing voxels 354957 to 384632; elapsed time=5.164
++ Job #6: processing voxels 384633 to 410754; elapsed time=5.184
++ Job #7: processing voxels 410755 to 439564; elapsed time=5.207
++ Job #8: processing voxels 439565 to 464978; elapsed time=5.229
++ Job #9: processing voxels 464979 to 493995; elapsed time=5.251
++ Job #10: processing voxels 493996 to 519576; elapsed time=5.274
++ Job #11: processing voxels 519577 to 549277; elapsed time=5.297
++ Job #12: processing voxels 549278 to 575641; elapsed time=5.320
++ Job #13: processing voxels 575642 to 606752; elapsed time=5.358
++ Job #14: processing voxels 606753 to 638687; elapsed time=5.368
++ Job #15: processing voxels 638688 to 671885; elapsed time=5.392
++ Job #16: processing voxels 671886 to 707049; elapsed time=5.430
++ Job #17: processing voxels 707050 to 744721; elapsed time=5.440
++ Job #18: processing voxels 744722 to 797662; elapsed time=5.478
++ Job #19: processing voxels 797663 to 1082034; elapsed time=5.489
++ Job #0: processing voxels 0 to 191813; elapsed time=5.499
++ voxel loop:0123456789.0123456789.0123456789.01234567++ Job #2 finished; elapsed time=5.872
++ Job #4 finished; elapsed time=5.912
89.0++ Job #6 finished; elapsed time=5.952
++ Job #5 finished; elapsed time=5.968
++ Job #8 finished; elapsed time=5.997
1++ Job #7 finished; elapsed time=6.011
23++ Job #10 finished; elapsed time=6.040
++ Job #9 finished; elapsed time=6.046
++ Job #12 finished; elapsed time=6.087
456++ Job #14 finished; elapsed time=6.137
++ Job #15 finished; elapsed time=6.159
++ Job #1 finished; elapsed time=6.197
++ Job #17 finished; elapsed time=6.210
7++ Job #3 finished; elapsed time=6.220
89.
++ Job #0 waiting for children to finish; elapsed time=6.247
++ Job #19 finished; elapsed time=6.277
++ Job #11 finished; elapsed time=6.376
++ Job #13 finished; elapsed time=6.460
++ Job #16 finished; elapsed time=6.504
++ Job #18 finished; elapsed time=6.549
++ Job #0 now finishing up; elapsed time=6.565
++ Smallest FDR q [0 Full_Fstat] = 2.24034e-14
++ Smallest FDR q [2 AllConds#0_Tstat] = 6.38589e-14
++ Smallest FDR q [4 AllConds#1_Tstat] = 1.42153e-07
++ Smallest FDR q [5 AllConds_Fstat] = 6.54818e-14
++ Smallest FDR q [7 BidsNMiss#0_Tstat] = 2.0694e-13
++ Smallest FDR q [8 BidsNMiss_Fstat] = 2.06944e-13
++ Smallest FDR q [10 CondGtRest_GLT#0_Tstat] = 6.38589e-14
++ Smallest FDR q [11 CondGtRest_GLT_Fstat] = 6.38596e-14
++ Smallest FDR q [13 Pmod_GLT#0_Tstat] = 1.42153e-07
++ Smallest FDR q [14 Pmod_GLT_Fstat] = 1.42154e-07
++ Wrote bucket dataset into ./CHIVES1011_AllCondPmod_stats+tlrc.BRIK
 + created 10 FDR curves in bucket header
++ Wrote 3D+time dataset into ./CHIVES1011_AllCondPmod+tlrc.BRIK
++ Wrote 3D+time dataset into ./CHIVES1011_AllCondPmod+tlrc.BRIK
++ Program finished; elapsed time=22.548
++ 3dREMLfit: AFNI version=AFNI_18.2.04 (Jul  6 2018) [64-bit]
++ Authored by: RWCox
** AFNI converts NIFTI_datatype=4 (INT16) in file /projects/sanlab/shared/CHIVES/bids_data/derivatives/fmriprep/sub-CHIVES1011/ses-wave1/func/s6_sub-CHIVES1011_ses-wave1_task-money_bold_space-MNI152NLin2009cAsym_preproc.nii to FLOAT32
     Warnings of this type will be muted for this session.
     Set AFNI_NIFTI_TYPE_WARN to YES to see them all, NO to see none.
++ Number of voxels in mask = 263073
++ Number of OpenMP threads = 15
++ -----  matrix condition (351x13):  4.34753  ++ VERY GOOD ++
++ Loading input dataset into memory
++ Converting input dataset to vector image
 +  dataset = 1.5 billion [giga] bytes
 +  vectim  = 370 million [mega] bytes
++ starting REML setup calculations; total CPU=0.00 Elapsed=4.07
 + X matrix: 99.584% of elements are nonzero
 + starting 15 OpenMP threads for REML setup
 + REML setup finished: matrix rows=351 cols=13; 109*1 cases; total CPU=0.00 Elapsed=4.08
 +  average case bandwidth = 13.00
++ REML voxel loop: [15 threads]0123456789.012
 + ARMA voxel parameters estimated: total CPU=0.00 Elapsed=20.51
++ GLSQ loop:0123456789.0123456789.0123456789.0123456789.0123456789.
 + GLSQ regression done: total CPU=0.00 Elapsed=42.79
++ Output dataset ./CHIVES1011_AllCondPmod_stats_REMLvar+tlrc.BRIK
++ Output dataset ./CHIVES1011_AllCondPmod_REML+tlrc.BRIK
[7m** ERROR:[0m output dataset name 'CHIVES1011_AllCondPmod_REML' conflicts with existing file
[7m** ERROR:[0m dataset NOT written to disk!
++ creating FDR curves in dataset CHIVES1011_AllCondPmod_stats_REML+tlrc
++ Smallest FDR q [0 Full_Fstat] = 3.31173e-14
++ Smallest FDR q [2 AllConds#0_Tstat] = 8.66713e-14
++ Smallest FDR q [4 AllConds#1_Tstat] = 0.0773984
++ Smallest FDR q [5 AllConds_Fstat] = 1.05659e-13
++ Smallest FDR q [7 BidsNMiss#0_Tstat] = 3.52191e-13
++ Smallest FDR q [8 BidsNMiss_Fstat] = 3.52191e-13
++ Smallest FDR q [10 CondGtRest#0_Tstat] = 8.66713e-14
++ Smallest FDR q [11 CondGtRest_Fstat] = 8.66713e-14
++ Smallest FDR q [13 Pmod#0_Tstat] = 0.0773984
++ Smallest FDR q [14 Pmod_Fstat] = 0.0773984
 + Added 10 FDR curves to dataset CHIVES1011_AllCondPmod_stats_REML+tlrc
++ Output dataset ./CHIVES1011_AllCondPmod_stats_REML+tlrc.BRIK
 + unloading input dataset and REML matrices
++ 3dREMLfit is all done! total CPU=0.00 Elapsed=58.23
** AFNI converts NIFTI_datatype=4 (INT16) in file /projects/sanlab/shared/CHIVES/bids_data/derivatives/fmriprep/sub-CHIVES1011/ses-wave1/func/s6_sub-CHIVES1011_ses-wave1_task-money_bold_space-MNI152NLin2009cAsym_preproc.nii to FLOAT32
     Warnings of this type will be muted for this session.
     Set AFNI_NIFTI_TYPE_WARN to YES to see them all, NO to see none.
++ '-stim_times_AM2 1 /projects/sanlab/shared/CHIVES/CHIVES_WTP_scripts/behavioral/money/afni_timing_files/CHIVES1011/HealthyPmod.1D' has 1 auxiliary values per time point
++ '-stim_times_AM2 1 /projects/sanlab/shared/CHIVES/CHIVES_WTP_scripts/behavioral/money/afni_timing_files/CHIVES1011/HealthyPmod.1D' will have 2 regressors
++ '-stim_times_AM2 2 /projects/sanlab/shared/CHIVES/CHIVES_WTP_scripts/behavioral/money/afni_timing_files/CHIVES1011/UnhealthyPmod.1D' has 1 auxiliary values per time point
++ '-stim_times_AM2 2 /projects/sanlab/shared/CHIVES/CHIVES_WTP_scripts/behavioral/money/afni_timing_files/CHIVES1011/UnhealthyPmod.1D' will have 2 regressors
++ '-stim_times_AM1 3 /projects/sanlab/shared/CHIVES/CHIVES_WTP_scripts/behavioral/money/afni_timing_files/CHIVES1011/BidOnsDur.1D' has 1 auxiliary values per time point
++ '-stim_times_AM1 3': basis function model 'dmBLOCK(1)' uses 1 parameters,
    out of the 1 found in timing file '/projects/sanlab/shared/CHIVES/CHIVES_WTP_scripts/behavioral/money/afni_timing_files/CHIVES1011/BidOnsDur.1D'
++ 3dDeconvolve extending num_stimts from 3 to 7 due to -ortvec
++ 3dDeconvolve: AFNI version=AFNI_18.2.04 (Jul  6 2018) [64-bit]
++ Authored by: B. Douglas Ward, et al.
++ current memory malloc-ated = 280,581 bytes (about 281 thousand [kilo])
++ loading dataset /projects/sanlab/shared/CHIVES/bids_data/derivatives/fmriprep/sub-CHIVES1011/ses-wave1/func/s6_sub-CHIVES1011_ses-wave1_task-money_bold_space-MNI152NLin2009cAsym_preproc.nii
++ current memory malloc-ated = 1,519,460,553 bytes (about 1.5 billion [giga])
++ forcibly using TR=2.0000 seconds for -input dataset
++ Skipping check for initial transients
++ Imaging duration=702.0 s; Automatic polort=5
++ -stim_times using TR=2 s for stimulus timing conversion
++ -stim_times using TR=2 s for any -iresp output datasets
++  [you can alter the -iresp TR via the -TR_times option]
++ ** -stim_times NOTE ** guessing GLOBAL times if 1 time per line; LOCAL otherwise
++ ** GUESSED ** -stim_times_AM2 1 using LOCAL times
++ '-stim_times_AM2 1' average amplitude#1=1.16667
++ ** GUESSED ** -stim_times_AM2 2 using LOCAL times
++ '-stim_times_AM2 2' average amplitude#1=0.366667
++ ** GUESSED ** -stim_times_AM1 3 using LOCAL times
------------------------------------------------------------
GLT matrix from 'SYM: HealthyPmod[0]':
   0   0   0   0   0   0   1   0   0   0   0   0   0   0   0 
 
------------------------------------------------------------
GLT matrix from 'SYM: HealthyPmod[1]':
   0   0   0   0   0   0   0   1   0   0   0   0   0   0   0 
 
------------------------------------------------------------
GLT matrix from 'SYM: UnhealthyPmod[0]':
   0   0   0   0   0   0   0   0   1   0   0   0   0   0   0 
 
------------------------------------------------------------
GLT matrix from 'SYM: UnhealthyPmod[1]':
   0   0   0   0   0   0   0   0   0   1   0   0   0   0   0 
 
------------------------------------------------------------
GLT matrix from 'SYM: HealthyPmod[0] -UnhealthyPmod[0]':
   0   0   0   0   0   0   1   0  -1   0   0   0   0   0   0 
 
------------------------------------------------------------
GLT matrix from 'SYM: HealthyPmod[1] -UnhealthyPmod[1]':
   0   0   0   0   0   0   0   1   0  -1   0   0   0   0   0 
 
++ Number of time points: 351 (no censoring)
 + Number of parameters:  15 [10 baseline ; 5 signal]
++ total shared memory needed = 3,176,854,760 bytes (about 3.2 billion [giga])
++ current memory malloc-ated = 1,520,592,647 bytes (about 1.5 billion [giga])
++ mmap() memory allocated: 3,176,854,760 bytes (about 3.2 billion [giga])
++ Memory required for output bricks = 3,176,854,760 bytes (about 3.2 billion [giga])
++ Wrote matrix values to file CHIVES1011_2CondPmod_xmat.1D
++ ========= Things you can do with the matrix file =========
++ (a) Linear regression with ARMA(1,1) modeling of serial correlation:

3dREMLfit -matrix CHIVES1011_2CondPmod_xmat.1D -input /projects/sanlab/shared/CHIVES/bids_data/derivatives/fmriprep/sub-CHIVES1011/ses-wave1/func/s6_sub-CHIVES1011_ses-wave1_task-money_bold_space-MNI152NLin2009cAsym_preproc.nii \
 -mask /projects/sanlab/shared/CHIVES/bids_data/derivatives/fmriprep/sub-CHIVES1011/ses-wave1/func/sub-CHIVES1011_ses-wave1_task-money_bold_space-MNI152NLin2009cAsym_brainmask.nii.gz \
 -fout -tout -Rbuck CHIVES1011_2CondPmod_stats_REML -Rvar CHIVES1011_2CondPmod_stats_REMLvar \
 -Rfitts CHIVES1011_2CondPmod_REML -Rerrts CHIVES1011_2CondPmod_REML -verb
 
++ N.B.: 3dREMLfit command above written to file CHIVES1011_2CondPmod_stats.REML_cmd
++ (b) Visualization/analysis of the matrix via ExamineXmat.R
++ (c) Synthesis of sub-model datasets using 3dSynthesize
++ ==========================================================
++ Wrote matrix values to file CHIVES1011_2CondPmod_uncensor_xmat.1D
++ ----- Signal+Baseline matrix condition [X] (351x15):  4.38685  ++ VERY GOOD ++
++ ----- Signal-only matrix condition [X] (351x5):  1.5881  ++ VERY GOOD ++
++ ----- Baseline-only matrix condition [X] (351x10):  4.12809  ++ VERY GOOD ++
++ ----- stim_base-only matrix condition [X] (351x4):  1.16129  ++ VERY GOOD ++
++ ----- polort-only matrix condition [X] (351x6):  1.01552  ++ VERY GOOD ++
++ +++++ Matrix inverse average error = 1.65513e-15  ++ VERY GOOD ++
++ Matrix setup time = 0.01 s
++ Voxels in dataset: 1082035
++ Voxels in mask:    263073
++ Voxels per job:    13153
++ Job #1: processing voxels 191814 to 248656; elapsed time=4.280
++ Job #2: processing voxels 248657 to 293191; elapsed time=4.300
++ Job #3: processing voxels 293192 to 327416; elapsed time=4.321
++ Job #4: processing voxels 327417 to 354956; elapsed time=4.344
++ Job #5: processing voxels 354957 to 384632; elapsed time=4.365
++ Job #6: processing voxels 384633 to 410754; elapsed time=4.386
++ Job #7: processing voxels 410755 to 439564; elapsed time=4.409
++ Job #8: processing voxels 439565 to 464978; elapsed time=4.430
++ Job #9: processing voxels 464979 to 493995; elapsed time=4.453
++ Job #10: processing voxels 493996 to 519576; elapsed time=4.475
++ Job #11: processing voxels 519577 to 549277; elapsed time=4.499
++ Job #12: processing voxels 549278 to 575641; elapsed time=4.522
++ Job #13: processing voxels 575642 to 606752; elapsed time=4.560
++ Job #14: processing voxels 606753 to 638687; elapsed time=4.571
++ Job #15: processing voxels 638688 to 671885; elapsed time=4.595
++ Job #16: processing voxels 671886 to 707049; elapsed time=4.633
++ Job #17: processing voxels 707050 to 744721; elapsed time=4.669
++ Job #18: processing voxels 744722 to 797662; elapsed time=4.683
++ Job #19: processing voxels 797663 to 1082034; elapsed time=4.694
++ Job #0: processing voxels 0 to 191813; elapsed time=4.704
++ voxel loop:0123456789.0123456789.0123456789.0123456789.0++ Job #2 finished; elapsed time=5.384
++ Job #3 finished; elapsed time=5.398
123++ Job #6 finished; elapsed time=5.458
++ Job #1 finished; elapsed time=5.465
++ Job #5 finished; elapsed time=5.482
++ Job #8 finished; elapsed time=5.500
++ Job #7 finished; elapsed time=5.522
++ Job #10 finished; elapsed time=5.547
++ Job #9 finished; elapsed time=5.555
4++ Job #4 finished; elapsed time=5.584
++ Job #12 finished; elapsed time=5.596
56++ Job #14 finished; elapsed time=5.643
++ Job #13 finished; elapsed time=5.658
++ Job #11 finished; elapsed time=5.669
++ Job #15 finished; elapsed time=5.675
789.
++ Job #0 waiting for children to finish; elapsed time=5.763
++ Job #16 finished; elapsed time=5.788
++ Job #17 finished; elapsed time=5.789
++ Job #19 finished; elapsed time=5.806
++ Job #18 finished; elapsed time=5.887
++ Job #0 now finishing up; elapsed time=5.906
++ Smallest FDR q [0 Full_Fstat] = 2.08108e-14
++ Smallest FDR q [2 HealthyPmod#0_Tstat] = 1.19201e-13
++ Smallest FDR q [4 HealthyPmod#1_Tstat] = 0.0475656
++ Smallest FDR q [5 HealthyPmod_Fstat] = 1.61811e-13
++ Smallest FDR q [7 UnhealthyPmod#0_Tstat] = 1.11219e-13
++ Smallest FDR q [9 UnhealthyPmod#1_Tstat] = 7.00605e-10
++ Smallest FDR q [10 UnhealthyPmod_Fstat] = 1.18258e-13
++ Smallest FDR q [12 BidsNMiss#0_Tstat] = 1.95339e-13
++ Smallest FDR q [13 BidsNMiss_Fstat] = 1.95347e-13
++ Smallest FDR q [15 HealthyGtRest_GLT#0_Tstat] = 1.19201e-13
++ Smallest FDR q [16 HealthyGtRest_GLT_Fstat] = 1.19205e-13
++ Smallest FDR q [18 HealthyPmod_GLT#0_Tstat] = 0.0475656
++ Smallest FDR q [19 HealthyPmod_GLT_Fstat] = 0.0475695
++ Smallest FDR q [21 UnhealthyGtRest_GLT#0_Tstat] = 1.11219e-13
++ Smallest FDR q [22 UnhealthyGtRest_GLT_Fstat] = 1.11221e-13
++ Smallest FDR q [24 UnhealthyPmod_GLT#0_Tstat] = 7.00605e-10
++ Smallest FDR q [25 UnhealthyPmod_GLT_Fstat] = 7.00594e-10
++ Smallest FDR q [27 HealthyGtUnhealthy_GLT#0_Tstat] = 2.35976e-06
++ Smallest FDR q [28 HealthyGtUnhealthy_GLT_Fstat] = 2.35975e-06
++ Smallest FDR q [30 HealthyGtUnhealthyPmod_GLT#0_Tstat] = 0.000718686
++ Smallest FDR q [31 HealthyGtUnhealthyPmod_GLT_Fstat] = 0.000718686
++ Wrote bucket dataset into ./CHIVES1011_2CondPmod_stats+tlrc.BRIK
 + created 21 FDR curves in bucket header
++ Wrote 3D+time dataset into ./CHIVES1011_2CondPmod+tlrc.BRIK
++ Wrote 3D+time dataset into ./CHIVES1011_2CondPmod+tlrc.BRIK
++ Program finished; elapsed time=36.297
++ 3dREMLfit: AFNI version=AFNI_18.2.04 (Jul  6 2018) [64-bit]
++ Authored by: RWCox
** AFNI converts NIFTI_datatype=4 (INT16) in file /projects/sanlab/shared/CHIVES/bids_data/derivatives/fmriprep/sub-CHIVES1011/ses-wave1/func/s6_sub-CHIVES1011_ses-wave1_task-money_bold_space-MNI152NLin2009cAsym_preproc.nii to FLOAT32
     Warnings of this type will be muted for this session.
     Set AFNI_NIFTI_TYPE_WARN to YES to see them all, NO to see none.
++ Number of voxels in mask = 263073
++ Number of OpenMP threads = 15
++ -----  matrix condition (351x15):  4.38685  ++ VERY GOOD ++
++ Loading input dataset into memory
++ Converting input dataset to vector image
 +  dataset = 1.5 billion [giga] bytes
 +  vectim  = 370 million [mega] bytes
++ starting REML setup calculations; total CPU=0.00 Elapsed=4.74
 + X matrix: 90.484% of elements are nonzero
 + starting 15 OpenMP threads for REML setup
 + REML setup finished: matrix rows=351 cols=15; 109*1 cases; total CPU=0.00 Elapsed=4.75
 +  average case bandwidth = 13.00
++ REML voxel loop: [15 threads]0123456789.012
 + ARMA voxel parameters estimated: total CPU=0.00 Elapsed=21.65
++ GLSQ loop:0123456789.0123456789.0123456789.0123456789.0123456789.
 + GLSQ regression done: total CPU=0.00 Elapsed=55.35
++ Output dataset ./CHIVES1011_2CondPmod_stats_REMLvar+tlrc.BRIK
++ Output dataset ./CHIVES1011_2CondPmod_REML+tlrc.BRIK
[7m** ERROR:[0m output dataset name 'CHIVES1011_2CondPmod_REML' conflicts with existing file
[7m** ERROR:[0m dataset NOT written to disk!
++ creating FDR curves in dataset CHIVES1011_2CondPmod_stats_REML+tlrc
++ Smallest FDR q [0 Full_Fstat] = 3.8413e-14
++ Smallest FDR q [2 HealthyPmod#0_Tstat] = 4.34761e-13
[7m*+ WARNING:[0m Smallest FDR q [4 HealthyPmod#1_Tstat] = 0.50161 ==> few true single voxel detections
++ Smallest FDR q [5 HealthyPmod_Fstat] = 6.72009e-13
++ Smallest FDR q [7 UnhealthyPmod#0_Tstat] = 2.85087e-13
++ Smallest FDR q [9 UnhealthyPmod#1_Tstat] = 0.00161143
++ Smallest FDR q [10 UnhealthyPmod_Fstat] = 4.3191e-13
++ Smallest FDR q [12 BidsNMiss#0_Tstat] = 3.64102e-13
++ Smallest FDR q [13 BidsNMiss_Fstat] = 3.64102e-13
++ Smallest FDR q [15 HealthyGtRest#0_Tstat] = 4.34761e-13
++ Smallest FDR q [16 HealthyGtRest_Fstat] = 4.34761e-13
[7m*+ WARNING:[0m Smallest FDR q [18 HealthyPmod#0_Tstat] = 0.50161 ==> few true single voxel detections
[7m*+ WARNING:[0m Smallest FDR q [19 HealthyPmod_Fstat] = 0.50161 ==> few true single voxel detections
++ Smallest FDR q [21 UnhealthyGtRest#0_Tstat] = 2.85087e-13
++ Smallest FDR q [22 UnhealthyGtRest_Fstat] = 2.85087e-13
++ Smallest FDR q [24 UnhealthyPmod#0_Tstat] = 0.00161143
++ Smallest FDR q [25 UnhealthyPmod_Fstat] = 0.00161143
++ Smallest FDR q [27 HealthyGtUnhealthy#0_Tstat] = 0.022229
++ Smallest FDR q [28 HealthyGtUnhealthy_Fstat] = 0.022229
[7m*+ WARNING:[0m Smallest FDR q [30 HealthyGtUnhealthyPmod#0_Tstat] = 0.55144 ==> few true single voxel detections
[7m*+ WARNING:[0m Smallest FDR q [31 HealthyGtUnhealthyPmod_Fstat] = 0.55144 ==> few true single voxel detections
 + Added 21 FDR curves to dataset CHIVES1011_2CondPmod_stats_REML+tlrc
++ Output dataset ./CHIVES1011_2CondPmod_stats_REML+tlrc.BRIK
 + unloading input dataset and REML matrices
++ 3dREMLfit is all done! total CPU=0.00 Elapsed=84.72
** AFNI converts NIFTI_datatype=4 (INT16) in file /projects/sanlab/shared/CHIVES/bids_data/derivatives/fmriprep/sub-CHIVES1011/ses-wave1/func/s6_sub-CHIVES1011_ses-wave1_task-money_bold_space-MNI152NLin2009cAsym_preproc.nii to FLOAT32
     Warnings of this type will be muted for this session.
     Set AFNI_NIFTI_TYPE_WARN to YES to see them all, NO to see none.
++ '-stim_times_AM1 3 /projects/sanlab/shared/CHIVES/CHIVES_WTP_scripts/behavioral/money/afni_timing_files/CHIVES1011/BidOnsDur.1D' has 1 auxiliary values per time point
++ '-stim_times_AM1 3': basis function model 'dmBLOCK(1)' uses 1 parameters,
    out of the 1 found in timing file '/projects/sanlab/shared/CHIVES/CHIVES_WTP_scripts/behavioral/money/afni_timing_files/CHIVES1011/BidOnsDur.1D'
++ 3dDeconvolve extending num_stimts from 3 to 7 due to -ortvec
++ 3dDeconvolve: AFNI version=AFNI_18.2.04 (Jul  6 2018) [64-bit]
++ Authored by: B. Douglas Ward, et al.
++ current memory malloc-ated = 264,337 bytes (about 264 thousand [kilo])
++ loading dataset /projects/sanlab/shared/CHIVES/bids_data/derivatives/fmriprep/sub-CHIVES1011/ses-wave1/func/s6_sub-CHIVES1011_ses-wave1_task-money_bold_space-MNI152NLin2009cAsym_preproc.nii
++ current memory malloc-ated = 1,519,444,309 bytes (about 1.5 billion [giga])
++ forcibly using TR=2.0000 seconds for -input dataset
++ Skipping check for initial transients
++ Imaging duration=702.0 s; Automatic polort=5
++ -stim_times using TR=2 s for stimulus timing conversion
++ -stim_times using TR=2 s for any -iresp output datasets
++  [you can alter the -iresp TR via the -TR_times option]
++ ** -stim_times NOTE ** guessing GLOBAL times if 1 time per line; LOCAL otherwise
++ ** GUESSED ** -stim_times 1 using LOCAL times
++ ** GUESSED ** -stim_times 2 using LOCAL times
++ ** GUESSED ** -stim_times_AM1 3 using LOCAL times
------------------------------------------------------------
GLT matrix from 'SYM: Healthy':
   0   0   0   0   0   0   1   0   0   0   0   0   0 
 
------------------------------------------------------------
GLT matrix from 'SYM: Unhealthy':
   0   0   0   0   0   0   0   1   0   0   0   0   0 
 
------------------------------------------------------------
GLT matrix from 'SYM: Healthy -Unhealthy':
   0   0   0   0   0   0   1  -1   0   0   0   0   0 
 
++ Number of time points: 351 (no censoring)
 + Number of parameters:  13 [10 baseline ; 3 signal]
++ total shared memory needed = 3,120,588,940 bytes (about 3.1 billion [giga])
++ current memory malloc-ated = 1,520,571,921 bytes (about 1.5 billion [giga])
++ mmap() memory allocated: 3,120,588,940 bytes (about 3.1 billion [giga])
++ Memory required for output bricks = 3,120,588,940 bytes (about 3.1 billion [giga])
++ Wrote matrix values to file CHIVES1011_2Cond_xmat.1D
++ ========= Things you can do with the matrix file =========
++ (a) Linear regression with ARMA(1,1) modeling of serial correlation:

3dREMLfit -matrix CHIVES1011_2Cond_xmat.1D -input /projects/sanlab/shared/CHIVES/bids_data/derivatives/fmriprep/sub-CHIVES1011/ses-wave1/func/s6_sub-CHIVES1011_ses-wave1_task-money_bold_space-MNI152NLin2009cAsym_preproc.nii \
 -mask /projects/sanlab/shared/CHIVES/bids_data/derivatives/fmriprep/sub-CHIVES1011/ses-wave1/func/sub-CHIVES1011_ses-wave1_task-money_bold_space-MNI152NLin2009cAsym_brainmask.nii.gz \
 -fout -tout -Rbuck CHIVES1011_2Cond_stats_REML -Rvar CHIVES1011_2Cond_stats_REMLvar \
 -Rfitts CHIVES1011_2Cond_REML -Rerrts CHIVES1011_2Cond_REML -verb
 
++ N.B.: 3dREMLfit command above written to file CHIVES1011_2Cond_stats.REML_cmd
++ (b) Visualization/analysis of the matrix via ExamineXmat.R
++ (c) Synthesis of sub-model datasets using 3dSynthesize
++ ==========================================================
++ Wrote matrix values to file CHIVES1011_2Cond_uncensor_xmat.1D
++ ----- Signal+Baseline matrix condition [X] (351x13):  4.37395  ++ VERY GOOD ++
++ ----- Signal-only matrix condition [X] (351x3):  1.58782  ++ VERY GOOD ++
++ ----- Baseline-only matrix condition [X] (351x10):  4.12809  ++ VERY GOOD ++
++ ----- stim_base-only matrix condition [X] (351x4):  1.16129  ++ VERY GOOD ++
++ ----- polort-only matrix condition [X] (351x6):  1.01552  ++ VERY GOOD ++
++ +++++ Matrix inverse average error = 1.61015e-15  ++ VERY GOOD ++
++ Matrix setup time = 0.01 s
++ Voxels in dataset: 1082035
++ Voxels in mask:    263073
++ Voxels per job:    13153
++ Job #1: processing voxels 191814 to 248656; elapsed time=4.190
++ Job #2: processing voxels 248657 to 293191; elapsed time=4.209
++ Job #3: processing voxels 293192 to 327416; elapsed time=4.231
++ Job #4: processing voxels 327417 to 354956; elapsed time=4.251
++ Job #5: processing voxels 354957 to 384632; elapsed time=4.273
++ Job #6: processing voxels 384633 to 410754; elapsed time=4.294
++ Job #7: processing voxels 410755 to 439564; elapsed time=4.317
++ Job #8: processing voxels 439565 to 464978; elapsed time=4.339
++ Job #9: processing voxels 464979 to 493995; elapsed time=4.363
++ Job #10: processing voxels 493996 to 519576; elapsed time=4.386
++ Job #11: processing voxels 519577 to 549277; elapsed time=4.410
++ Job #12: processing voxels 549278 to 575641; elapsed time=4.433
++ Job #13: processing voxels 575642 to 606752; elapsed time=4.468
++ Job #14: processing voxels 606753 to 638687; elapsed time=4.497
++ Job #15: processing voxels 638688 to 671885; elapsed time=4.509
++ Job #16: processing voxels 671886 to 707049; elapsed time=4.547
++ Job #17: processing voxels 707050 to 744721; elapsed time=4.558
++ Job #18: processing voxels 744722 to 797662; elapsed time=4.597
++ Job #0: processing voxels 0 to 191813; elapsed time=4.619
++ voxel loop:012345++ Job #19: processing voxels 797663 to 1082034; elapsed time=4.622
6789.0123456789.0123456789.01234567++ Job #2 finished; elapsed time=5.084
8++ Job #4 finished; elapsed time=5.115
9.0++ Job #1 finished; elapsed time=5.153
++ Job #6 finished; elapsed time=5.157
++ Job #5 finished; elapsed time=5.180
++ Job #3 finished; elapsed time=5.190
1++ Job #8 finished; elapsed time=5.197
23++ Job #7 finished; elapsed time=5.225
++ Job #10 finished; elapsed time=5.248
++ Job #9 finished; elapsed time=5.262
++ Job #12 finished; elapsed time=5.295
4++ Job #13 finished; elapsed time=5.334
56++ Job #15 finished; elapsed time=5.377
++ Job #11 finished; elapsed time=5.399
++ Job #14 finished; elapsed time=5.417
++ Job #17 finished; elapsed time=5.428
7++ Job #16 finished; elapsed time=5.444
89.
++ Job #0 waiting for children to finish; elapsed time=5.470
++ Job #18 finished; elapsed time=5.510
++ Job #19 finished; elapsed time=5.619
++ Job #0 now finishing up; elapsed time=5.641
++ Smallest FDR q [0 Full_Fstat] = 2.05607e-14
++ Smallest FDR q [2 Healthy#0_Tstat] = 1.1544e-13
++ Smallest FDR q [3 Healthy_Fstat] = 1.15434e-13
++ Smallest FDR q [5 Unhealthy#0_Tstat] = 1.103e-13
++ Smallest FDR q [6 Unhealthy_Fstat] = 1.10297e-13
++ Smallest FDR q [8 BidsNMiss#0_Tstat] = 2.03134e-13
++ Smallest FDR q [9 BidsNMiss_Fstat] = 2.03136e-13
++ Smallest FDR q [11 HealthyGtRest_GLT#0_Tstat] = 1.1544e-13
++ Smallest FDR q [12 HealthyGtRest_GLT_Fstat] = 1.15436e-13
++ Smallest FDR q [14 UnhealthyGtRest_GLT#0_Tstat] = 1.103e-13
++ Smallest FDR q [15 UnhealthyGtRest_GLT_Fstat] = 1.10297e-13
++ Smallest FDR q [17 HealthyGtUnhealthy_GLT#0_Tstat] = 1.61283e-06
++ Smallest FDR q [18 HealthyGtUnhealthy_GLT_Fstat] = 1.61276e-06
++ Wrote bucket dataset into ./CHIVES1011_2Cond_stats+tlrc.BRIK
 + created 13 FDR curves in bucket header
++ Wrote 3D+time dataset into ./CHIVES1011_2Cond+tlrc.BRIK
++ Wrote 3D+time dataset into ./CHIVES1011_2Cond+tlrc.BRIK
++ Program finished; elapsed time=24.293
++ 3dREMLfit: AFNI version=AFNI_18.2.04 (Jul  6 2018) [64-bit]
++ Authored by: RWCox
** AFNI converts NIFTI_datatype=4 (INT16) in file /projects/sanlab/shared/CHIVES/bids_data/derivatives/fmriprep/sub-CHIVES1011/ses-wave1/func/s6_sub-CHIVES1011_ses-wave1_task-money_bold_space-MNI152NLin2009cAsym_preproc.nii to FLOAT32
     Warnings of this type will be muted for this session.
     Set AFNI_NIFTI_TYPE_WARN to YES to see them all, NO to see none.
++ Number of voxels in mask = 263073
++ Number of OpenMP threads = 15
++ -----  matrix condition (351x13):  4.37395  ++ VERY GOOD ++
++ Loading input dataset into memory
++ Converting input dataset to vector image
 +  dataset = 1.5 billion [giga] bytes
 +  vectim  = 370 million [mega] bytes
++ starting REML setup calculations; total CPU=0.00 Elapsed=4.23
 + X matrix: 94.433% of elements are nonzero
 + starting 15 OpenMP threads for REML setup
 + REML setup finished: matrix rows=351 cols=13; 109*1 cases; total CPU=0.00 Elapsed=4.23
 +  average case bandwidth = 13.00
++ REML voxel loop: [15 threads]0123456789.012
 + ARMA voxel parameters estimated: total CPU=0.00 Elapsed=20.52
++ GLSQ loop:0123456789.0123456789.0123456789.0123456789.0123456789.
 + GLSQ regression done: total CPU=0.00 Elapsed=46.58
++ Output dataset ./CHIVES1011_2Cond_stats_REMLvar+tlrc.BRIK
++ Output dataset ./CHIVES1011_2Cond_REML+tlrc.BRIK
[7m** ERROR:[0m output dataset name 'CHIVES1011_2Cond_REML' conflicts with existing file
[7m** ERROR:[0m dataset NOT written to disk!
++ creating FDR curves in dataset CHIVES1011_2Cond_stats_REML+tlrc
++ Smallest FDR q [0 Full_Fstat] = 3.17745e-14
++ Smallest FDR q [2 Healthy#0_Tstat] = 4.26809e-13
++ Smallest FDR q [3 Healthy_Fstat] = 4.26809e-13
++ Smallest FDR q [5 Unhealthy#0_Tstat] = 2.73558e-13
++ Smallest FDR q [6 Unhealthy_Fstat] = 2.73559e-13
++ Smallest FDR q [8 BidsNMiss#0_Tstat] = 3.57261e-13
++ Smallest FDR q [9 BidsNMiss_Fstat] = 3.57261e-13
++ Smallest FDR q [11 HealthyGtRest#0_Tstat] = 4.26809e-13
++ Smallest FDR q [12 HealthyGtRest_Fstat] = 4.26809e-13
++ Smallest FDR q [14 UnhealthyGtRest#0_Tstat] = 2.73558e-13
++ Smallest FDR q [15 UnhealthyGtRest_Fstat] = 2.73559e-13
++ Smallest FDR q [17 HealthyGtUnhealthy#0_Tstat] = 0.0179927
++ Smallest FDR q [18 HealthyGtUnhealthy_Fstat] = 0.0179926
 + Added 13 FDR curves to dataset CHIVES1011_2Cond_stats_REML+tlrc
++ Output dataset ./CHIVES1011_2Cond_stats_REML+tlrc.BRIK
 + unloading input dataset and REML matrices
++ 3dREMLfit is all done! total CPU=0.00 Elapsed=64.77
