** AFNI converts NIFTI_datatype=4 (INT16) in file /projects/sanlab/shared/CHIVES/bids_data/derivatives/fmriprep/sub-CHIVES1055/ses-wave1/func/s6_sub-CHIVES1055_ses-wave1_task-money_bold_space-MNI152NLin2009cAsym_preproc.nii to FLOAT32
     Warnings of this type will be muted for this session.
     Set AFNI_NIFTI_TYPE_WARN to YES to see them all, NO to see none.
++ '-stim_times_AM2 1 /projects/sanlab/shared/CHIVES/CHIVES_WTP_scripts/behavioral/money/afni_timing_files/CHIVES1055/AllCondsPmod.1D' has 1 auxiliary values per time point
++ '-stim_times_AM2 1 /projects/sanlab/shared/CHIVES/CHIVES_WTP_scripts/behavioral/money/afni_timing_files/CHIVES1055/AllCondsPmod.1D' will have 2 regressors
++ '-stim_times_AM1 2 /projects/sanlab/shared/CHIVES/CHIVES_WTP_scripts/behavioral/money/afni_timing_files/CHIVES1055/BidOnsDur.1D' has 1 auxiliary values per time point
++ '-stim_times_AM1 2': basis function model 'dmBLOCK(1)' uses 1 parameters,
    out of the 1 found in timing file '/projects/sanlab/shared/CHIVES/CHIVES_WTP_scripts/behavioral/money/afni_timing_files/CHIVES1055/BidOnsDur.1D'
++ 3dDeconvolve extending num_stimts from 2 to 6 due to -ortvec
++ 3dDeconvolve: AFNI version=AFNI_18.2.04 (Jul  6 2018) [64-bit]
++ Authored by: B. Douglas Ward, et al.
++ current memory malloc-ated = 254,627 bytes (about 255 thousand [kilo])
++ loading dataset /projects/sanlab/shared/CHIVES/bids_data/derivatives/fmriprep/sub-CHIVES1055/ses-wave1/func/s6_sub-CHIVES1055_ses-wave1_task-money_bold_space-MNI152NLin2009cAsym_preproc.nii
++ current memory malloc-ated = 1,545,403,487 bytes (about 1.5 billion [giga])
++ forcibly using TR=2.0000 seconds for -input dataset
++ Skipping check for initial transients
++ Imaging duration=714.0 s; Automatic polort=5
++ -stim_times using TR=2 s for stimulus timing conversion
++ -stim_times using TR=2 s for any -iresp output datasets
++  [you can alter the -iresp TR via the -TR_times option]
++ ** -stim_times NOTE ** guessing GLOBAL times if 1 time per line; LOCAL otherwise
++ ** GUESSED ** -stim_times_AM2 1 using LOCAL times
++ '-stim_times_AM2 1' average amplitude#1=0.771186
++ ** GUESSED ** -stim_times_AM1 2 using LOCAL times
------------------------------------------------------------
GLT matrix from 'SYM: AllConds[0]':
   0   0   0   0   0   0   1   0   0   0   0   0   0 
 
------------------------------------------------------------
GLT matrix from 'SYM: AllConds[1]':
   0   0   0   0   0   0   0   1   0   0   0   0   0 
 
++ Number of time points: 357 (no censoring)
 + Number of parameters:  13 [10 baseline ; 3 signal]
++ total shared memory needed = 3,155,214,060 bytes (about 3.2 billion [giga])
++ current memory malloc-ated = 1,546,531,421 bytes (about 1.5 billion [giga])
++ mmap() memory allocated: 3,155,214,060 bytes (about 3.2 billion [giga])
++ Memory required for output bricks = 3,155,214,060 bytes (about 3.2 billion [giga])
++ Wrote matrix values to file CHIVES1055_AllCondPmod_xmat.1D
++ ========= Things you can do with the matrix file =========
++ (a) Linear regression with ARMA(1,1) modeling of serial correlation:

3dREMLfit -matrix CHIVES1055_AllCondPmod_xmat.1D -input /projects/sanlab/shared/CHIVES/bids_data/derivatives/fmriprep/sub-CHIVES1055/ses-wave1/func/s6_sub-CHIVES1055_ses-wave1_task-money_bold_space-MNI152NLin2009cAsym_preproc.nii \
 -mask /projects/sanlab/shared/CHIVES/bids_data/derivatives/fmriprep/sub-CHIVES1055/ses-wave1/func/sub-CHIVES1055_ses-wave1_task-money_bold_space-MNI152NLin2009cAsym_brainmask.nii.gz \
 -fout -tout -Rbuck CHIVES1055_AllCondPmod_stats_REML -Rvar CHIVES1055_AllCondPmod_stats_REMLvar \
 -Rfitts CHIVES1055_AllCondPmod_REML -Rerrts CHIVES1055_AllCondPmod_REML -verb
 
++ N.B.: 3dREMLfit command above written to file CHIVES1055_AllCondPmod_stats.REML_cmd
++ (b) Visualization/analysis of the matrix via ExamineXmat.R
++ (c) Synthesis of sub-model datasets using 3dSynthesize
++ ==========================================================
++ Wrote matrix values to file CHIVES1055_AllCondPmod_uncensor_xmat.1D
++ ----- Signal+Baseline matrix condition [X] (357x13):  5.31316  ++ VERY GOOD ++
++ ----- Signal-only matrix condition [X] (357x3):  1.55384  ++ VERY GOOD ++
++ ----- Baseline-only matrix condition [X] (357x10):  5.25661  ++ VERY GOOD ++
++ ----- stim_base-only matrix condition [X] (357x4):  2.71684  ++ VERY GOOD ++
++ ----- polort-only matrix condition [X] (357x6):  1.01526  ++ VERY GOOD ++
++ +++++ Matrix inverse average error = 2.71997e-15  ++ VERY GOOD ++
++ Matrix setup time = 0.01 s
++ Voxels in dataset: 1082035
++ Voxels in mask:    274777
++ Voxels per job:    13738
++ Job #1: processing voxels 182289 to 239760; elapsed time=4.469
++ Job #2: processing voxels 239761 to 285455; elapsed time=4.488
++ Job #3: processing voxels 285456 to 325791; elapsed time=4.509
++ Job #4: processing voxels 325792 to 354474; elapsed time=4.529
++ Job #5: processing voxels 354475 to 385202; elapsed time=4.551
++ Job #6: processing voxels 385203 to 415397; elapsed time=4.573
++ Job #7: processing voxels 415398 to 441664; elapsed time=4.596
++ Job #8: processing voxels 441665 to 471392; elapsed time=4.619
++ Job #9: processing voxels 471393 to 497638; elapsed time=4.642
++ Job #10: processing voxels 497639 to 527698; elapsed time=4.666
++ Job #11: processing voxels 527699 to 554424; elapsed time=4.689
++ Job #12: processing voxels 554425 to 585531; elapsed time=4.714
++ Job #13: processing voxels 585532 to 617627; elapsed time=4.752
++ Job #14: processing voxels 617628 to 650692; elapsed time=4.763
++ Job #15: processing voxels 650693 to 685095; elapsed time=4.801
++ Job #16: processing voxels 685096 to 721425; elapsed time=4.812
++ Job #17: processing voxels 721426 to 765683; elapsed time=4.837
++ Job #18: processing voxels 765684 to 821266; elapsed time=4.876
++ Job #0: processing voxels 0 to 182288; elapsed time=4.897
++ voxel loop:0++ Job #19: processing voxels 821267 to 1082034; elapsed time=4.901
123456789.0123456789.0123456789.0123456++ Job #2 finished; elapsed time=5.301
789.++ Job #4 finished; elapsed time=5.337
++ Job #6 finished; elapsed time=5.380
0++ Job #5 finished; elapsed time=5.408
12++ Job #8 finished; elapsed time=5.431
3++ Job #10 finished; elapsed time=5.477
++ Job #9 finished; elapsed time=5.481
++ Job #7 finished; elapsed time=5.500
45++ Job #12 finished; elapsed time=5.531
6++ Job #14 finished; elapsed time=5.582
++ Job #13 finished; elapsed time=5.630
++ Job #11 finished; elapsed time=5.634
++ Job #16 finished; elapsed time=5.634
78++ Job #3 finished; elapsed time=5.652
++ Job #17 finished; elapsed time=5.659
++ Job #1 finished; elapsed time=5.670
9.
++ Job #0 waiting for children to finish; elapsed time=5.688
++ Job #19 finished; elapsed time=5.876
++ Job #15 finished; elapsed time=5.914
++ Job #18 finished; elapsed time=6.014
++ Job #0 now finishing up; elapsed time=6.032
++ Smallest FDR q [0 Full_Fstat] = 3.60341e-14
++ Smallest FDR q [2 AllConds#0_Tstat] = 8.11703e-13
++ Smallest FDR q [4 AllConds#1_Tstat] = 2.44895e-07
++ Smallest FDR q [5 AllConds_Fstat] = 7.93077e-13
++ Smallest FDR q [7 BidsNMiss#0_Tstat] = 6.64075e-14
++ Smallest FDR q [8 BidsNMiss_Fstat] = 6.64065e-14
++ Smallest FDR q [10 CondGtRest_GLT#0_Tstat] = 8.11703e-13
++ Smallest FDR q [11 CondGtRest_GLT_Fstat] = 8.11649e-13
++ Smallest FDR q [13 Pmod_GLT#0_Tstat] = 2.44895e-07
++ Smallest FDR q [14 Pmod_GLT_Fstat] = 2.44898e-07
++ Wrote bucket dataset into ./CHIVES1055_AllCondPmod_stats+tlrc.BRIK
 + created 10 FDR curves in bucket header
++ Wrote 3D+time dataset into ./CHIVES1055_AllCondPmod+tlrc.BRIK
++ Wrote 3D+time dataset into ./CHIVES1055_AllCondPmod+tlrc.BRIK
++ Program finished; elapsed time=23.104
++ 3dREMLfit: AFNI version=AFNI_18.2.04 (Jul  6 2018) [64-bit]
++ Authored by: RWCox
** AFNI converts NIFTI_datatype=4 (INT16) in file /projects/sanlab/shared/CHIVES/bids_data/derivatives/fmriprep/sub-CHIVES1055/ses-wave1/func/s6_sub-CHIVES1055_ses-wave1_task-money_bold_space-MNI152NLin2009cAsym_preproc.nii to FLOAT32
     Warnings of this type will be muted for this session.
     Set AFNI_NIFTI_TYPE_WARN to YES to see them all, NO to see none.
++ Number of voxels in mask = 274777
++ Number of OpenMP threads = 15
++ -----  matrix condition (357x13):  5.31316  ++ VERY GOOD ++
++ Loading input dataset into memory
++ Converting input dataset to vector image
 +  dataset = 1.5 billion [giga] bytes
 +  vectim  = 393 million [mega] bytes
++ starting REML setup calculations; total CPU=0.00 Elapsed=4.25
 + X matrix: 99.483% of elements are nonzero
 + starting 15 OpenMP threads for REML setup
 + REML setup finished: matrix rows=357 cols=13; 109*1 cases; total CPU=0.00 Elapsed=4.26
 +  average case bandwidth = 13.00
++ REML voxel loop: [15 threads]0123456789.012
 + ARMA voxel parameters estimated: total CPU=0.00 Elapsed=21.22
++ GLSQ loop:0123456789.0123456789.0123456789.0123456789.0123456789.
 + GLSQ regression done: total CPU=0.00 Elapsed=46.89
++ Output dataset ./CHIVES1055_AllCondPmod_stats_REMLvar+tlrc.BRIK
++ Output dataset ./CHIVES1055_AllCondPmod_REML+tlrc.BRIK
[7m** ERROR:[0m output dataset name 'CHIVES1055_AllCondPmod_REML' conflicts with existing file
[7m** ERROR:[0m dataset NOT written to disk!
++ creating FDR curves in dataset CHIVES1055_AllCondPmod_stats_REML+tlrc
++ Smallest FDR q [0 Full_Fstat] = 8.33451e-14
++ Smallest FDR q [2 AllConds#0_Tstat] = 3.76551e-13
[7m*+ WARNING:[0m Smallest FDR q [4 AllConds#1_Tstat] = 0.999826 ==> few true single voxel detections
++ Smallest FDR q [5 AllConds_Fstat] = 5.01655e-13
++ Smallest FDR q [7 BidsNMiss#0_Tstat] = 1.7273e-13
++ Smallest FDR q [8 BidsNMiss_Fstat] = 1.72729e-13
++ Smallest FDR q [10 CondGtRest#0_Tstat] = 3.76551e-13
++ Smallest FDR q [11 CondGtRest_Fstat] = 3.76551e-13
[7m*+ WARNING:[0m Smallest FDR q [13 Pmod#0_Tstat] = 0.999826 ==> few true single voxel detections
[7m*+ WARNING:[0m Smallest FDR q [14 Pmod_Fstat] = 0.999826 ==> few true single voxel detections
 + Added 10 FDR curves to dataset CHIVES1055_AllCondPmod_stats_REML+tlrc
++ Output dataset ./CHIVES1055_AllCondPmod_stats_REML+tlrc.BRIK
 + unloading input dataset and REML matrices
++ 3dREMLfit is all done! total CPU=0.00 Elapsed=62.70
** AFNI converts NIFTI_datatype=4 (INT16) in file /projects/sanlab/shared/CHIVES/bids_data/derivatives/fmriprep/sub-CHIVES1055/ses-wave1/func/s6_sub-CHIVES1055_ses-wave1_task-money_bold_space-MNI152NLin2009cAsym_preproc.nii to FLOAT32
     Warnings of this type will be muted for this session.
     Set AFNI_NIFTI_TYPE_WARN to YES to see them all, NO to see none.
++ '-stim_times_AM2 1 /projects/sanlab/shared/CHIVES/CHIVES_WTP_scripts/behavioral/money/afni_timing_files/CHIVES1055/HealthyPmod.1D' has 1 auxiliary values per time point
++ '-stim_times_AM2 1 /projects/sanlab/shared/CHIVES/CHIVES_WTP_scripts/behavioral/money/afni_timing_files/CHIVES1055/HealthyPmod.1D' will have 2 regressors
++ '-stim_times_AM2 2 /projects/sanlab/shared/CHIVES/CHIVES_WTP_scripts/behavioral/money/afni_timing_files/CHIVES1055/UnhealthyPmod.1D' has 1 auxiliary values per time point
++ '-stim_times_AM2 2 /projects/sanlab/shared/CHIVES/CHIVES_WTP_scripts/behavioral/money/afni_timing_files/CHIVES1055/UnhealthyPmod.1D' will have 2 regressors
++ '-stim_times_AM1 3 /projects/sanlab/shared/CHIVES/CHIVES_WTP_scripts/behavioral/money/afni_timing_files/CHIVES1055/BidOnsDur.1D' has 1 auxiliary values per time point
++ '-stim_times_AM1 3': basis function model 'dmBLOCK(1)' uses 1 parameters,
    out of the 1 found in timing file '/projects/sanlab/shared/CHIVES/CHIVES_WTP_scripts/behavioral/money/afni_timing_files/CHIVES1055/BidOnsDur.1D'
++ 3dDeconvolve extending num_stimts from 3 to 7 due to -ortvec
++ 3dDeconvolve: AFNI version=AFNI_18.2.04 (Jul  6 2018) [64-bit]
++ Authored by: B. Douglas Ward, et al.
++ current memory malloc-ated = 281,893 bytes (about 282 thousand [kilo])
++ loading dataset /projects/sanlab/shared/CHIVES/bids_data/derivatives/fmriprep/sub-CHIVES1055/ses-wave1/func/s6_sub-CHIVES1055_ses-wave1_task-money_bold_space-MNI152NLin2009cAsym_preproc.nii
++ current memory malloc-ated = 1,545,430,753 bytes (about 1.5 billion [giga])
++ forcibly using TR=2.0000 seconds for -input dataset
++ Skipping check for initial transients
++ Imaging duration=714.0 s; Automatic polort=5
++ -stim_times using TR=2 s for stimulus timing conversion
++ -stim_times using TR=2 s for any -iresp output datasets
++  [you can alter the -iresp TR via the -TR_times option]
++ ** -stim_times NOTE ** guessing GLOBAL times if 1 time per line; LOCAL otherwise
++ ** GUESSED ** -stim_times_AM2 1 using LOCAL times
++ '-stim_times_AM2 1' average amplitude#1=1.01724
++ ** GUESSED ** -stim_times_AM2 2 using LOCAL times
++ '-stim_times_AM2 2' average amplitude#1=0.533333
++ ** GUESSED ** -stim_times_AM1 3 using LOCAL times
------------------------------------------------------------
GLT matrix from 'SYM: HealthyPmod[0]':
   0   0   0   0   0   0   1   0   0   0   0   0   0   0   0 
 
------------------------------------------------------------
GLT matrix from 'SYM: HealthyPmod[1]':
   0   0   0   0   0   0   0   1   0   0   0   0   0   0   0 
 
------------------------------------------------------------
GLT matrix from 'SYM: UnhealthyPmod[0]':
   0   0   0   0   0   0   0   0   1   0   0   0   0   0   0 
 
------------------------------------------------------------
GLT matrix from 'SYM: UnhealthyPmod[1]':
   0   0   0   0   0   0   0   0   0   1   0   0   0   0   0 
 
------------------------------------------------------------
GLT matrix from 'SYM: HealthyPmod[0] -UnhealthyPmod[0]':
   0   0   0   0   0   0   1   0  -1   0   0   0   0   0   0 
 
------------------------------------------------------------
GLT matrix from 'SYM: HealthyPmod[1] -UnhealthyPmod[1]':
   0   0   0   0   0   0   0   1   0  -1   0   0   0   0   0 
 
++ Number of time points: 357 (no censoring)
 + Number of parameters:  15 [10 baseline ; 5 signal]
++ total shared memory needed = 3,228,792,440 bytes (about 3.2 billion [giga])
++ current memory malloc-ated = 1,546,563,255 bytes (about 1.5 billion [giga])
++ mmap() memory allocated: 3,228,792,440 bytes (about 3.2 billion [giga])
++ Memory required for output bricks = 3,228,792,440 bytes (about 3.2 billion [giga])
++ Wrote matrix values to file CHIVES1055_2CondPmod_xmat.1D
++ ========= Things you can do with the matrix file =========
++ (a) Linear regression with ARMA(1,1) modeling of serial correlation:

3dREMLfit -matrix CHIVES1055_2CondPmod_xmat.1D -input /projects/sanlab/shared/CHIVES/bids_data/derivatives/fmriprep/sub-CHIVES1055/ses-wave1/func/s6_sub-CHIVES1055_ses-wave1_task-money_bold_space-MNI152NLin2009cAsym_preproc.nii \
 -mask /projects/sanlab/shared/CHIVES/bids_data/derivatives/fmriprep/sub-CHIVES1055/ses-wave1/func/sub-CHIVES1055_ses-wave1_task-money_bold_space-MNI152NLin2009cAsym_brainmask.nii.gz \
 -fout -tout -Rbuck CHIVES1055_2CondPmod_stats_REML -Rvar CHIVES1055_2CondPmod_stats_REMLvar \
 -Rfitts CHIVES1055_2CondPmod_REML -Rerrts CHIVES1055_2CondPmod_REML -verb
 
++ N.B.: 3dREMLfit command above written to file CHIVES1055_2CondPmod_stats.REML_cmd
++ (b) Visualization/analysis of the matrix via ExamineXmat.R
++ (c) Synthesis of sub-model datasets using 3dSynthesize
++ ==========================================================
++ Wrote matrix values to file CHIVES1055_2CondPmod_uncensor_xmat.1D
++ ----- Signal+Baseline matrix condition [X] (357x15):  5.39623  ++ VERY GOOD ++
++ ----- Signal-only matrix condition [X] (357x5):  1.55399  ++ VERY GOOD ++
++ ----- Baseline-only matrix condition [X] (357x10):  5.25661  ++ VERY GOOD ++
++ ----- stim_base-only matrix condition [X] (357x4):  2.71684  ++ VERY GOOD ++
++ ----- polort-only matrix condition [X] (357x6):  1.01526  ++ VERY GOOD ++
++ +++++ Matrix inverse average error = 2.55838e-15  ++ VERY GOOD ++
++ Matrix setup time = 0.02 s
++ Voxels in dataset: 1082035
++ Voxels in mask:    274777
++ Voxels per job:    13738
++ Job #1: processing voxels 182289 to 239760; elapsed time=4.276
++ Job #2: processing voxels 239761 to 285455; elapsed time=4.296
++ Job #3: processing voxels 285456 to 325791; elapsed time=4.317
++ Job #4: processing voxels 325792 to 354474; elapsed time=4.337
++ Job #5: processing voxels 354475 to 385202; elapsed time=4.359
++ Job #6: processing voxels 385203 to 415397; elapsed time=4.380
++ Job #7: processing voxels 415398 to 441664; elapsed time=4.403
++ Job #8: processing voxels 441665 to 471392; elapsed time=4.425
++ Job #9: processing voxels 471393 to 497638; elapsed time=4.449
++ Job #10: processing voxels 497639 to 527698; elapsed time=4.471
++ Job #11: processing voxels 527699 to 554424; elapsed time=4.495
++ Job #12: processing voxels 554425 to 585531; elapsed time=4.518
++ Job #13: processing voxels 585532 to 617627; elapsed time=4.556
++ Job #14: processing voxels 617628 to 650692; elapsed time=4.566
++ Job #15: processing voxels 650693 to 685095; elapsed time=4.591
++ Job #16: processing voxels 685096 to 721425; elapsed time=4.629
++ Job #17: processing voxels 721426 to 765683; elapsed time=4.654
++ Job #18: processing voxels 765684 to 821266; elapsed time=4.679
++ Job #19: processing voxels 821267 to 1082034; elapsed time=4.690
++ Job #0: processing voxels 0 to 182288; elapsed time=4.700
++ voxel loop:0123456789.0123456789.0123456789.0123456789.0++ Job #2 finished; elapsed time=5.425
12++ Job #4 finished; elapsed time=5.470
3++ Job #6 finished; elapsed time=5.517
++ Job #5 finished; elapsed time=5.564
++ Job #8 finished; elapsed time=5.564
45++ Job #7 finished; elapsed time=5.578
++ Job #10 finished; elapsed time=5.609
++ Job #1 finished; elapsed time=5.627
++ Job #9 finished; elapsed time=5.635
6++ Job #11 finished; elapsed time=5.653
++ Job #12 finished; elapsed time=5.657
++ Job #14 finished; elapsed time=5.702
++ Job #15 finished; elapsed time=5.726
789.
++ Job #0 waiting for children to finish; elapsed time=5.811
++ Job #19 finished; elapsed time=5.863
++ Job #3 finished; elapsed time=5.878
++ Job #13 finished; elapsed time=5.900
++ Job #16 finished; elapsed time=5.922
++ Job #17 finished; elapsed time=5.944
++ Job #18 finished; elapsed time=6.239
++ Job #0 now finishing up; elapsed time=6.258
++ Smallest FDR q [0 Full_Fstat] = 4.34829e-14
++ Smallest FDR q [2 HealthyPmod#0_Tstat] = 7.0573e-13
++ Smallest FDR q [4 HealthyPmod#1_Tstat] = 1.53555e-06
++ Smallest FDR q [5 HealthyPmod_Fstat] = 8.79943e-13
++ Smallest FDR q [7 UnhealthyPmod#0_Tstat] = 1.68042e-11
++ Smallest FDR q [9 UnhealthyPmod#1_Tstat] = 0.00478158
++ Smallest FDR q [10 UnhealthyPmod_Fstat] = 1.60582e-11
++ Smallest FDR q [12 BidsNMiss#0_Tstat] = 6.70617e-14
++ Smallest FDR q [13 BidsNMiss_Fstat] = 6.70631e-14
++ Smallest FDR q [15 HealthyGtRest_GLT#0_Tstat] = 7.0573e-13
++ Smallest FDR q [16 HealthyGtRest_GLT_Fstat] = 7.05772e-13
++ Smallest FDR q [18 HealthyPmod_GLT#0_Tstat] = 1.53555e-06
++ Smallest FDR q [19 HealthyPmod_GLT_Fstat] = 1.53553e-06
++ Smallest FDR q [21 UnhealthyGtRest_GLT#0_Tstat] = 1.68042e-11
++ Smallest FDR q [22 UnhealthyGtRest_GLT_Fstat] = 1.68042e-11
++ Smallest FDR q [24 UnhealthyPmod_GLT#0_Tstat] = 0.00478158
++ Smallest FDR q [25 UnhealthyPmod_GLT_Fstat] = 0.00478179
++ Smallest FDR q [27 HealthyGtUnhealthy_GLT#0_Tstat] = 0.00525071
++ Smallest FDR q [28 HealthyGtUnhealthy_GLT_Fstat] = 0.00525094
++ Smallest FDR q [30 HealthyGtUnhealthyPmod_GLT#0_Tstat] = 0.00937716
++ Smallest FDR q [31 HealthyGtUnhealthyPmod_GLT_Fstat] = 0.00937599
++ Wrote bucket dataset into ./CHIVES1055_2CondPmod_stats+tlrc.BRIK
 + created 21 FDR curves in bucket header
++ Wrote 3D+time dataset into ./CHIVES1055_2CondPmod+tlrc.BRIK
++ Wrote 3D+time dataset into ./CHIVES1055_2CondPmod+tlrc.BRIK
++ Program finished; elapsed time=38.089
++ 3dREMLfit: AFNI version=AFNI_18.2.04 (Jul  6 2018) [64-bit]
++ Authored by: RWCox
** AFNI converts NIFTI_datatype=4 (INT16) in file /projects/sanlab/shared/CHIVES/bids_data/derivatives/fmriprep/sub-CHIVES1055/ses-wave1/func/s6_sub-CHIVES1055_ses-wave1_task-money_bold_space-MNI152NLin2009cAsym_preproc.nii to FLOAT32
     Warnings of this type will be muted for this session.
     Set AFNI_NIFTI_TYPE_WARN to YES to see them all, NO to see none.
++ Number of voxels in mask = 274777
++ Number of OpenMP threads = 15
++ -----  matrix condition (357x15):  5.39623  ++ VERY GOOD ++
++ Loading input dataset into memory
++ Converting input dataset to vector image
 +  dataset = 1.5 billion [giga] bytes
 +  vectim  = 393 million [mega] bytes
++ starting REML setup calculations; total CPU=0.00 Elapsed=4.27
 + X matrix: 90.364% of elements are nonzero
 + starting 15 OpenMP threads for REML setup
 + REML setup finished: matrix rows=357 cols=15; 109*1 cases; total CPU=0.00 Elapsed=4.27
 +  average case bandwidth = 13.00
++ REML voxel loop: [15 threads]0123456789.012
 + ARMA voxel parameters estimated: total CPU=0.00 Elapsed=21.63
++ GLSQ loop:0123456789.0123456789.0123456789.0123456789.0123456789.
 + GLSQ regression done: total CPU=0.00 Elapsed=59.45
++ Output dataset ./CHIVES1055_2CondPmod_stats_REMLvar+tlrc.BRIK
++ Output dataset ./CHIVES1055_2CondPmod_REML+tlrc.BRIK
[7m** ERROR:[0m output dataset name 'CHIVES1055_2CondPmod_REML' conflicts with existing file
[7m** ERROR:[0m dataset NOT written to disk!
++ creating FDR curves in dataset CHIVES1055_2CondPmod_stats_REML+tlrc
++ Smallest FDR q [0 Full_Fstat] = 1.2253e-13
++ Smallest FDR q [2 HealthyPmod#0_Tstat] = 7.68042e-13
[7m*+ WARNING:[0m Smallest FDR q [4 HealthyPmod#1_Tstat] = 0.999889 ==> few true single voxel detections
++ Smallest FDR q [5 HealthyPmod_Fstat] = 1.23959e-12
++ Smallest FDR q [7 UnhealthyPmod#0_Tstat] = 2.39695e-11
[7m*+ WARNING:[0m Smallest FDR q [9 UnhealthyPmod#1_Tstat] = 0.99989 ==> few true single voxel detections
++ Smallest FDR q [10 UnhealthyPmod_Fstat] = 5.75717e-11
++ Smallest FDR q [12 BidsNMiss#0_Tstat] = 1.74631e-13
++ Smallest FDR q [13 BidsNMiss_Fstat] = 1.74631e-13
++ Smallest FDR q [15 HealthyGtRest#0_Tstat] = 7.68042e-13
++ Smallest FDR q [16 HealthyGtRest_Fstat] = 7.68042e-13
[7m*+ WARNING:[0m Smallest FDR q [18 HealthyPmod#0_Tstat] = 0.999889 ==> few true single voxel detections
[7m*+ WARNING:[0m Smallest FDR q [19 HealthyPmod_Fstat] = 0.999889 ==> few true single voxel detections
++ Smallest FDR q [21 UnhealthyGtRest#0_Tstat] = 2.39695e-11
++ Smallest FDR q [22 UnhealthyGtRest_Fstat] = 2.39694e-11
[7m*+ WARNING:[0m Smallest FDR q [24 UnhealthyPmod#0_Tstat] = 0.99989 ==> few true single voxel detections
[7m*+ WARNING:[0m Smallest FDR q [25 UnhealthyPmod_Fstat] = 0.99989 ==> few true single voxel detections
[7m*+ WARNING:[0m Smallest FDR q [27 HealthyGtUnhealthy#0_Tstat] = 0.468692 ==> few true single voxel detections
[7m*+ WARNING:[0m Smallest FDR q [28 HealthyGtUnhealthy_Fstat] = 0.468692 ==> few true single voxel detections
[7m*+ WARNING:[0m Smallest FDR q [30 HealthyGtUnhealthyPmod#0_Tstat] = 0.999898 ==> few true single voxel detections
[7m*+ WARNING:[0m Smallest FDR q [31 HealthyGtUnhealthyPmod_Fstat] = 0.999898 ==> few true single voxel detections
 + Added 21 FDR curves to dataset CHIVES1055_2CondPmod_stats_REML+tlrc
++ Output dataset ./CHIVES1055_2CondPmod_stats_REML+tlrc.BRIK
 + unloading input dataset and REML matrices
++ 3dREMLfit is all done! total CPU=0.00 Elapsed=88.78
** AFNI converts NIFTI_datatype=4 (INT16) in file /projects/sanlab/shared/CHIVES/bids_data/derivatives/fmriprep/sub-CHIVES1055/ses-wave1/func/s6_sub-CHIVES1055_ses-wave1_task-money_bold_space-MNI152NLin2009cAsym_preproc.nii to FLOAT32
     Warnings of this type will be muted for this session.
     Set AFNI_NIFTI_TYPE_WARN to YES to see them all, NO to see none.
++ '-stim_times_AM1 3 /projects/sanlab/shared/CHIVES/CHIVES_WTP_scripts/behavioral/money/afni_timing_files/CHIVES1055/BidOnsDur.1D' has 1 auxiliary values per time point
++ '-stim_times_AM1 3': basis function model 'dmBLOCK(1)' uses 1 parameters,
    out of the 1 found in timing file '/projects/sanlab/shared/CHIVES/CHIVES_WTP_scripts/behavioral/money/afni_timing_files/CHIVES1055/BidOnsDur.1D'
++ 3dDeconvolve extending num_stimts from 3 to 7 due to -ortvec
++ 3dDeconvolve: AFNI version=AFNI_18.2.04 (Jul  6 2018) [64-bit]
++ Authored by: B. Douglas Ward, et al.
++ current memory malloc-ated = 265,653 bytes (about 266 thousand [kilo])
++ loading dataset /projects/sanlab/shared/CHIVES/bids_data/derivatives/fmriprep/sub-CHIVES1055/ses-wave1/func/s6_sub-CHIVES1055_ses-wave1_task-money_bold_space-MNI152NLin2009cAsym_preproc.nii
++ current memory malloc-ated = 1,545,414,513 bytes (about 1.5 billion [giga])
++ forcibly using TR=2.0000 seconds for -input dataset
++ Skipping check for initial transients
++ Imaging duration=714.0 s; Automatic polort=5
++ -stim_times using TR=2 s for stimulus timing conversion
++ -stim_times using TR=2 s for any -iresp output datasets
++  [you can alter the -iresp TR via the -TR_times option]
++ ** -stim_times NOTE ** guessing GLOBAL times if 1 time per line; LOCAL otherwise
++ ** GUESSED ** -stim_times 1 using LOCAL times
++ ** GUESSED ** -stim_times 2 using LOCAL times
++ ** GUESSED ** -stim_times_AM1 3 using LOCAL times
------------------------------------------------------------
GLT matrix from 'SYM: Healthy':
   0   0   0   0   0   0   1   0   0   0   0   0   0 
 
------------------------------------------------------------
GLT matrix from 'SYM: Unhealthy':
   0   0   0   0   0   0   0   1   0   0   0   0   0 
 
------------------------------------------------------------
GLT matrix from 'SYM: Healthy -Unhealthy':
   0   0   0   0   0   0   1  -1   0   0   0   0   0 
 
++ Number of time points: 357 (no censoring)
 + Number of parameters:  13 [10 baseline ; 3 signal]
++ total shared memory needed = 3,172,526,620 bytes (about 3.2 billion [giga])
++ current memory malloc-ated = 1,546,542,485 bytes (about 1.5 billion [giga])
++ mmap() memory allocated: 3,172,526,620 bytes (about 3.2 billion [giga])
++ Memory required for output bricks = 3,172,526,620 bytes (about 3.2 billion [giga])
++ Wrote matrix values to file CHIVES1055_2Cond_xmat.1D
++ ========= Things you can do with the matrix file =========
++ (a) Linear regression with ARMA(1,1) modeling of serial correlation:

3dREMLfit -matrix CHIVES1055_2Cond_xmat.1D -input /projects/sanlab/shared/CHIVES/bids_data/derivatives/fmriprep/sub-CHIVES1055/ses-wave1/func/s6_sub-CHIVES1055_ses-wave1_task-money_bold_space-MNI152NLin2009cAsym_preproc.nii \
 -mask /projects/sanlab/shared/CHIVES/bids_data/derivatives/fmriprep/sub-CHIVES1055/ses-wave1/func/sub-CHIVES1055_ses-wave1_task-money_bold_space-MNI152NLin2009cAsym_brainmask.nii.gz \
 -fout -tout -Rbuck CHIVES1055_2Cond_stats_REML -Rvar CHIVES1055_2Cond_stats_REMLvar \
 -Rfitts CHIVES1055_2Cond_REML -Rerrts CHIVES1055_2Cond_REML -verb
 
++ N.B.: 3dREMLfit command above written to file CHIVES1055_2Cond_stats.REML_cmd
++ (b) Visualization/analysis of the matrix via ExamineXmat.R
++ (c) Synthesis of sub-model datasets using 3dSynthesize
++ ==========================================================
++ Wrote matrix values to file CHIVES1055_2Cond_uncensor_xmat.1D
++ ----- Signal+Baseline matrix condition [X] (357x13):  5.33748  ++ VERY GOOD ++
++ ----- Signal-only matrix condition [X] (357x3):  1.55393  ++ VERY GOOD ++
++ ----- Baseline-only matrix condition [X] (357x10):  5.25661  ++ VERY GOOD ++
++ ----- stim_base-only matrix condition [X] (357x4):  2.71684  ++ VERY GOOD ++
++ ----- polort-only matrix condition [X] (357x6):  1.01526  ++ VERY GOOD ++
++ +++++ Matrix inverse average error = 2.97743e-15  ++ VERY GOOD ++
++ Matrix setup time = 0.01 s
++ Voxels in dataset: 1082035
++ Voxels in mask:    274777
++ Voxels per job:    13738
++ Job #1: processing voxels 182289 to 239760; elapsed time=4.275
++ Job #2: processing voxels 239761 to 285455; elapsed time=4.294
++ Job #3: processing voxels 285456 to 325791; elapsed time=4.315
++ Job #4: processing voxels 325792 to 354474; elapsed time=4.336
++ Job #5: processing voxels 354475 to 385202; elapsed time=4.359
++ Job #6: processing voxels 385203 to 415397; elapsed time=4.381
++ Job #7: processing voxels 415398 to 441664; elapsed time=4.404
++ Job #8: processing voxels 441665 to 471392; elapsed time=4.426
++ Job #9: processing voxels 471393 to 497638; elapsed time=4.449
++ Job #10: processing voxels 497639 to 527698; elapsed time=4.472
++ Job #11: processing voxels 527699 to 554424; elapsed time=4.496
++ Job #12: processing voxels 554425 to 585531; elapsed time=4.520
++ Job #13: processing voxels 585532 to 617627; elapsed time=4.558
++ Job #14: processing voxels 617628 to 650692; elapsed time=4.569
++ Job #15: processing voxels 650693 to 685095; elapsed time=4.594
++ Job #16: processing voxels 685096 to 721425; elapsed time=4.633
++ Job #17: processing voxels 721426 to 765683; elapsed time=4.658
++ Job #18: processing voxels 765684 to 821266; elapsed time=4.683
++ Job #19: processing voxels 821267 to 1082034; elapsed time=4.694
++ Job #0: processing voxels 0 to 182288; elapsed time=4.704
++ voxel loop:0123456789.0123456789.0123456789.0123456789.++ Job #2 finished; elapsed time=5.218
++ Job #4 finished; elapsed time=5.253
0++ Job #3 finished; elapsed time=5.269
++ Job #6 finished; elapsed time=5.298
12++ Job #5 finished; elapsed time=5.320
++ Job #8 finished; elapsed time=5.338
++ Job #7 finished; elapsed time=5.358
3++ Job #10 finished; elapsed time=5.389
++ Job #9 finished; elapsed time=5.392
45++ Job #12 finished; elapsed time=5.436
6++ Job #14 finished; elapsed time=5.483
++ Job #15 finished; elapsed time=5.515
++ Job #1 finished; elapsed time=5.530
789.
++ Job #0 waiting for children to finish; elapsed time=5.606
++ Job #19 finished; elapsed time=5.649
++ Job #11 finished; elapsed time=5.676
++ Job #13 finished; elapsed time=5.737
++ Job #16 finished; elapsed time=5.773
++ Job #18 finished; elapsed time=5.816
++ Job #17 finished; elapsed time=5.852
++ Job #0 now finishing up; elapsed time=5.869
++ Smallest FDR q [0 Full_Fstat] = 3.56899e-14
++ Smallest FDR q [2 Healthy#0_Tstat] = 7.6093e-13
++ Smallest FDR q [3 Healthy_Fstat] = 7.6093e-13
++ Smallest FDR q [5 Unhealthy#0_Tstat] = 1.54546e-11
++ Smallest FDR q [6 Unhealthy_Fstat] = 1.54546e-11
++ Smallest FDR q [8 BidsNMiss#0_Tstat] = 6.71656e-14
++ Smallest FDR q [9 BidsNMiss_Fstat] = 6.71656e-14
++ Smallest FDR q [11 HealthyGtRest_GLT#0_Tstat] = 7.6093e-13
++ Smallest FDR q [12 HealthyGtRest_GLT_Fstat] = 7.60938e-13
++ Smallest FDR q [14 UnhealthyGtRest_GLT#0_Tstat] = 1.54546e-11
++ Smallest FDR q [15 UnhealthyGtRest_GLT_Fstat] = 1.54546e-11
++ Smallest FDR q [17 HealthyGtUnhealthy_GLT#0_Tstat] = 0.00771922
++ Smallest FDR q [18 HealthyGtUnhealthy_GLT_Fstat] = 0.00771976
++ Wrote bucket dataset into ./CHIVES1055_2Cond_stats+tlrc.BRIK
 + created 13 FDR curves in bucket header
++ Wrote 3D+time dataset into ./CHIVES1055_2Cond+tlrc.BRIK
++ Wrote 3D+time dataset into ./CHIVES1055_2Cond+tlrc.BRIK
++ Program finished; elapsed time=25.338
++ 3dREMLfit: AFNI version=AFNI_18.2.04 (Jul  6 2018) [64-bit]
++ Authored by: RWCox
** AFNI converts NIFTI_datatype=4 (INT16) in file /projects/sanlab/shared/CHIVES/bids_data/derivatives/fmriprep/sub-CHIVES1055/ses-wave1/func/s6_sub-CHIVES1055_ses-wave1_task-money_bold_space-MNI152NLin2009cAsym_preproc.nii to FLOAT32
     Warnings of this type will be muted for this session.
     Set AFNI_NIFTI_TYPE_WARN to YES to see them all, NO to see none.
++ Number of voxels in mask = 274777
++ Number of OpenMP threads = 15
++ -----  matrix condition (357x13):  5.33748  ++ VERY GOOD ++
++ Loading input dataset into memory
++ Converting input dataset to vector image
 +  dataset = 1.5 billion [giga] bytes
 +  vectim  = 393 million [mega] bytes
++ starting REML setup calculations; total CPU=0.00 Elapsed=4.45
 + X matrix: 94.355% of elements are nonzero
 + starting 15 OpenMP threads for REML setup
 + REML setup finished: matrix rows=357 cols=13; 109*1 cases; total CPU=0.00 Elapsed=4.46
 +  average case bandwidth = 13.00
++ REML voxel loop: [15 threads]0123456789.012
 + ARMA voxel parameters estimated: total CPU=0.00 Elapsed=21.34
++ GLSQ loop:0123456789.0123456789.0123456789.0123456789.0123456789.
 + GLSQ regression done: total CPU=0.00 Elapsed=51.34
++ Output dataset ./CHIVES1055_2Cond_stats_REMLvar+tlrc.BRIK
++ Output dataset ./CHIVES1055_2Cond_REML+tlrc.BRIK
[7m** ERROR:[0m output dataset name 'CHIVES1055_2Cond_REML' conflicts with existing file
[7m** ERROR:[0m dataset NOT written to disk!
++ creating FDR curves in dataset CHIVES1055_2Cond_stats_REML+tlrc
++ Smallest FDR q [0 Full_Fstat] = 7.27674e-14
++ Smallest FDR q [2 Healthy#0_Tstat] = 7.55196e-13
++ Smallest FDR q [3 Healthy_Fstat] = 7.55196e-13
++ Smallest FDR q [5 Unhealthy#0_Tstat] = 2.21474e-11
++ Smallest FDR q [6 Unhealthy_Fstat] = 2.21473e-11
++ Smallest FDR q [8 BidsNMiss#0_Tstat] = 1.6838e-13
++ Smallest FDR q [9 BidsNMiss_Fstat] = 1.6838e-13
++ Smallest FDR q [11 HealthyGtRest#0_Tstat] = 7.55196e-13
++ Smallest FDR q [12 HealthyGtRest_Fstat] = 7.55196e-13
++ Smallest FDR q [14 UnhealthyGtRest#0_Tstat] = 2.21474e-11
++ Smallest FDR q [15 UnhealthyGtRest_Fstat] = 2.21473e-11
[7m*+ WARNING:[0m Smallest FDR q [17 HealthyGtUnhealthy#0_Tstat] = 0.507345 ==> few true single voxel detections
[7m*+ WARNING:[0m Smallest FDR q [18 HealthyGtUnhealthy_Fstat] = 0.507345 ==> few true single voxel detections
 + Added 13 FDR curves to dataset CHIVES1055_2Cond_stats_REML+tlrc
++ Output dataset ./CHIVES1055_2Cond_stats_REML+tlrc.BRIK
 + unloading input dataset and REML matrices
++ 3dREMLfit is all done! total CPU=0.00 Elapsed=70.95
