** AFNI converts NIFTI_datatype=4 (INT16) in file /projects/sanlab/shared/CHIVES/bids_data/derivatives/fmriprep/sub-CHIVES1016/ses-wave1/func/s6_sub-CHIVES1016_ses-wave1_task-money_bold_space-MNI152NLin2009cAsym_preproc.nii to FLOAT32
     Warnings of this type will be muted for this session.
     Set AFNI_NIFTI_TYPE_WARN to YES to see them all, NO to see none.
++ '-stim_times_AM2 1 /projects/sanlab/shared/CHIVES/CHIVES_WTP_scripts/behavioral/money/afni_timing_files/CHIVES1016/AllCondsPmod.1D' has 1 auxiliary values per time point
++ '-stim_times_AM2 1 /projects/sanlab/shared/CHIVES/CHIVES_WTP_scripts/behavioral/money/afni_timing_files/CHIVES1016/AllCondsPmod.1D' will have 2 regressors
++ '-stim_times_AM1 2 /projects/sanlab/shared/CHIVES/CHIVES_WTP_scripts/behavioral/money/afni_timing_files/CHIVES1016/BidOnsDur.1D' has 1 auxiliary values per time point
++ '-stim_times_AM1 2': basis function model 'dmBLOCK(1)' uses 1 parameters,
    out of the 1 found in timing file '/projects/sanlab/shared/CHIVES/CHIVES_WTP_scripts/behavioral/money/afni_timing_files/CHIVES1016/BidOnsDur.1D'
++ 3dDeconvolve extending num_stimts from 2 to 6 due to -ortvec
++ 3dDeconvolve: AFNI version=AFNI_18.2.04 (Jul  6 2018) [64-bit]
++ Authored by: B. Douglas Ward, et al.
++ current memory malloc-ated = 254,635 bytes (about 255 thousand [kilo])
++ loading dataset /projects/sanlab/shared/CHIVES/bids_data/derivatives/fmriprep/sub-CHIVES1016/ses-wave1/func/s6_sub-CHIVES1016_ses-wave1_task-money_bold_space-MNI152NLin2009cAsym_preproc.nii
++ current memory malloc-ated = 1,545,403,495 bytes (about 1.5 billion [giga])
++ forcibly using TR=2.0000 seconds for -input dataset
++ Skipping check for initial transients
++ Imaging duration=714.0 s; Automatic polort=5
++ -stim_times using TR=2 s for stimulus timing conversion
++ -stim_times using TR=2 s for any -iresp output datasets
++  [you can alter the -iresp TR via the -TR_times option]
++ ** -stim_times NOTE ** guessing GLOBAL times if 1 time per line; LOCAL otherwise
++ ** GUESSED ** -stim_times_AM2 1 using LOCAL times
++ '-stim_times_AM2 1' average amplitude#1=0.775
++ ** GUESSED ** -stim_times_AM1 2 using LOCAL times
------------------------------------------------------------
GLT matrix from 'SYM: AllConds[0]':
   0   0   0   0   0   0   1   0   0   0   0   0   0 
 
------------------------------------------------------------
GLT matrix from 'SYM: AllConds[1]':
   0   0   0   0   0   0   0   1   0   0   0   0   0 
 
++ Number of time points: 357 (no censoring)
 + Number of parameters:  13 [10 baseline ; 3 signal]
++ total shared memory needed = 3,155,214,060 bytes (about 3.2 billion [giga])
++ current memory malloc-ated = 1,546,531,429 bytes (about 1.5 billion [giga])
++ mmap() memory allocated: 3,155,214,060 bytes (about 3.2 billion [giga])
++ Memory required for output bricks = 3,155,214,060 bytes (about 3.2 billion [giga])
++ Wrote matrix values to file CHIVES1016_AllCondPmod_xmat.1D
++ ========= Things you can do with the matrix file =========
++ (a) Linear regression with ARMA(1,1) modeling of serial correlation:

3dREMLfit -matrix CHIVES1016_AllCondPmod_xmat.1D -input /projects/sanlab/shared/CHIVES/bids_data/derivatives/fmriprep/sub-CHIVES1016/ses-wave1/func/s6_sub-CHIVES1016_ses-wave1_task-money_bold_space-MNI152NLin2009cAsym_preproc.nii \
 -mask /projects/sanlab/shared/CHIVES/bids_data/derivatives/fmriprep/sub-CHIVES1016/ses-wave1/func/sub-CHIVES1016_ses-wave1_task-money_bold_space-MNI152NLin2009cAsym_brainmask.nii.gz \
 -fout -tout -Rbuck CHIVES1016_AllCondPmod_stats_REML -Rvar CHIVES1016_AllCondPmod_stats_REMLvar \
 -Rfitts CHIVES1016_AllCondPmod_REML -Rerrts CHIVES1016_AllCondPmod_REML -verb
 
++ N.B.: 3dREMLfit command above written to file CHIVES1016_AllCondPmod_stats.REML_cmd
++ (b) Visualization/analysis of the matrix via ExamineXmat.R
++ (c) Synthesis of sub-model datasets using 3dSynthesize
++ ==========================================================
++ Wrote matrix values to file CHIVES1016_AllCondPmod_uncensor_xmat.1D
++ ----- Signal+Baseline matrix condition [X] (357x13):  4.14472  ++ VERY GOOD ++
++ ----- Signal-only matrix condition [X] (357x3):  1.60898  ++ VERY GOOD ++
++ ----- Baseline-only matrix condition [X] (357x10):  4.12471  ++ VERY GOOD ++
++ ----- stim_base-only matrix condition [X] (357x4):  1.61875  ++ VERY GOOD ++
++ ----- polort-only matrix condition [X] (357x6):  1.01526  ++ VERY GOOD ++
++ +++++ Matrix inverse average error = 1.51904e-15  ++ VERY GOOD ++
++ Matrix setup time = 0.01 s
++ Voxels in dataset: 1082035
++ Voxels in mask:    265619
++ Voxels per job:    13280
++ Job #1: processing voxels 192792 to 249020; elapsed time=5.072
++ Job #2: processing voxels 249021 to 292719; elapsed time=5.093
++ Job #3: processing voxels 292720 to 327346; elapsed time=5.115
++ Job #4: processing voxels 327347 to 355252; elapsed time=5.137
++ Job #5: processing voxels 355253 to 385171; elapsed time=5.161
++ Job #6: processing voxels 385172 to 414811; elapsed time=5.184
++ Job #7: processing voxels 414812 to 440647; elapsed time=5.209
++ Job #8: processing voxels 440648 to 466417; elapsed time=5.234
++ Job #9: processing voxels 466418 to 495222; elapsed time=5.259
++ Job #10: processing voxels 495223 to 520834; elapsed time=5.285
++ Job #11: processing voxels 520835 to 550527; elapsed time=5.311
++ Job #12: processing voxels 550528 to 576908; elapsed time=5.336
++ Job #13: processing voxels 576909 to 607785; elapsed time=5.377
++ Job #14: processing voxels 607786 to 639756; elapsed time=5.389
++ Job #15: processing voxels 639757 to 672919; elapsed time=5.430
++ Job #16: processing voxels 672920 to 707696; elapsed time=5.443
++ Job #17: processing voxels 707697 to 750435; elapsed time=5.471
++ Job #18: processing voxels 750436 to 797976; elapsed time=5.512
++ Job #19: processing voxels 797977 to 1082034; elapsed time=5.525
++ Job #0: processing voxels 0 to 192791; elapsed time=5.535
++ voxel loop:0123456789.0123456789.0123456789.012345++ Job #2 finished; elapsed time=5.913
67++ Job #4 finished; elapsed time=5.945
++ Job #5 finished; elapsed time=5.968
++ Job #6 finished; elapsed time=5.992
89.0++ Job #7 finished; elapsed time=6.016
++ Job #8 finished; elapsed time=6.033
++ Job #9 finished; elapsed time=6.062
++ Job #10 finished; elapsed time=6.083
123++ Job #12 finished; elapsed time=6.130
++ Job #3 finished; elapsed time=6.189
++ Job #14 finished; elapsed time=6.191
4++ Job #1 finished; elapsed time=6.194
56++ Job #16 finished; elapsed time=6.244
++ Job #17 finished; elapsed time=6.284
789.
++ Job #0 waiting for children to finish; elapsed time=6.360
++ Job #19 finished; elapsed time=6.373
++ Job #11 finished; elapsed time=6.431
++ Job #13 finished; elapsed time=6.477
++ Job #15 finished; elapsed time=6.537
++ Job #18 finished; elapsed time=6.582
++ Job #0 now finishing up; elapsed time=6.599
++ Smallest FDR q [0 Full_Fstat] = 2.91708e-15
++ Smallest FDR q [2 AllConds#0_Tstat] = 9.40835e-15
++ Smallest FDR q [4 AllConds#1_Tstat] = 1.73719e-10
++ Smallest FDR q [5 AllConds_Fstat] = 8.0552e-15
++ Smallest FDR q [7 BidsNMiss#0_Tstat] = 9.22057e-15
++ Smallest FDR q [8 BidsNMiss_Fstat] = 9.21773e-15
++ Smallest FDR q [10 CondGtRest_GLT#0_Tstat] = 9.40835e-15
++ Smallest FDR q [11 CondGtRest_GLT_Fstat] = 9.40846e-15
++ Smallest FDR q [13 Pmod_GLT#0_Tstat] = 1.73719e-10
++ Smallest FDR q [14 Pmod_GLT_Fstat] = 1.73719e-10
++ Wrote bucket dataset into ./CHIVES1016_AllCondPmod_stats+tlrc.BRIK
 + created 10 FDR curves in bucket header
++ Wrote 3D+time dataset into ./CHIVES1016_AllCondPmod+tlrc.BRIK
++ Wrote 3D+time dataset into ./CHIVES1016_AllCondPmod+tlrc.BRIK
++ Program finished; elapsed time=22.278
++ 3dREMLfit: AFNI version=AFNI_18.2.04 (Jul  6 2018) [64-bit]
++ Authored by: RWCox
** AFNI converts NIFTI_datatype=4 (INT16) in file /projects/sanlab/shared/CHIVES/bids_data/derivatives/fmriprep/sub-CHIVES1016/ses-wave1/func/s6_sub-CHIVES1016_ses-wave1_task-money_bold_space-MNI152NLin2009cAsym_preproc.nii to FLOAT32
     Warnings of this type will be muted for this session.
     Set AFNI_NIFTI_TYPE_WARN to YES to see them all, NO to see none.
++ Number of voxels in mask = 265619
++ Number of OpenMP threads = 15
++ -----  matrix condition (357x13):  4.14472  ++ VERY GOOD ++
++ Loading input dataset into memory
++ Converting input dataset to vector image
 +  dataset = 1.5 billion [giga] bytes
 +  vectim  = 380 million [mega] bytes
++ starting REML setup calculations; total CPU=0.00 Elapsed=4.18
 + X matrix: 99.741% of elements are nonzero
 + starting 15 OpenMP threads for REML setup
 + REML setup finished: matrix rows=357 cols=13; 109*1 cases; total CPU=0.00 Elapsed=4.18
 +  average case bandwidth = 13.00
++ REML voxel loop: [15 threads]0123456789.012
 + ARMA voxel parameters estimated: total CPU=0.00 Elapsed=19.83
++ GLSQ loop:0123456789.0123456789.0123456789.0123456789.0123456789.
 + GLSQ regression done: total CPU=0.00 Elapsed=43.79
++ Output dataset ./CHIVES1016_AllCondPmod_stats_REMLvar+tlrc.BRIK
++ Output dataset ./CHIVES1016_AllCondPmod_REML+tlrc.BRIK
[7m** ERROR:[0m output dataset name 'CHIVES1016_AllCondPmod_REML' conflicts with existing file
[7m** ERROR:[0m dataset NOT written to disk!
++ creating FDR curves in dataset CHIVES1016_AllCondPmod_stats_REML+tlrc
++ Smallest FDR q [0 Full_Fstat] = 3.51975e-15
++ Smallest FDR q [2 AllConds#0_Tstat] = 1.20059e-14
++ Smallest FDR q [4 AllConds#1_Tstat] = 2.90932e-07
++ Smallest FDR q [5 AllConds_Fstat] = 1.23674e-14
++ Smallest FDR q [7 BidsNMiss#0_Tstat] = 1.14362e-14
++ Smallest FDR q [8 BidsNMiss_Fstat] = 1.14362e-14
++ Smallest FDR q [10 CondGtRest#0_Tstat] = 1.20059e-14
++ Smallest FDR q [11 CondGtRest_Fstat] = 1.20059e-14
++ Smallest FDR q [13 Pmod#0_Tstat] = 2.90932e-07
++ Smallest FDR q [14 Pmod_Fstat] = 2.90932e-07
 + Added 10 FDR curves to dataset CHIVES1016_AllCondPmod_stats_REML+tlrc
++ Output dataset ./CHIVES1016_AllCondPmod_stats_REML+tlrc.BRIK
 + unloading input dataset and REML matrices
++ 3dREMLfit is all done! total CPU=0.00 Elapsed=59.29
** AFNI converts NIFTI_datatype=4 (INT16) in file /projects/sanlab/shared/CHIVES/bids_data/derivatives/fmriprep/sub-CHIVES1016/ses-wave1/func/s6_sub-CHIVES1016_ses-wave1_task-money_bold_space-MNI152NLin2009cAsym_preproc.nii to FLOAT32
     Warnings of this type will be muted for this session.
     Set AFNI_NIFTI_TYPE_WARN to YES to see them all, NO to see none.
++ '-stim_times_AM2 1 /projects/sanlab/shared/CHIVES/CHIVES_WTP_scripts/behavioral/money/afni_timing_files/CHIVES1016/HealthyPmod.1D' has 1 auxiliary values per time point
++ '-stim_times_AM2 1 /projects/sanlab/shared/CHIVES/CHIVES_WTP_scripts/behavioral/money/afni_timing_files/CHIVES1016/HealthyPmod.1D' will have 2 regressors
++ '-stim_times_AM2 2 /projects/sanlab/shared/CHIVES/CHIVES_WTP_scripts/behavioral/money/afni_timing_files/CHIVES1016/UnhealthyPmod.1D' has 1 auxiliary values per time point
++ '-stim_times_AM2 2 /projects/sanlab/shared/CHIVES/CHIVES_WTP_scripts/behavioral/money/afni_timing_files/CHIVES1016/UnhealthyPmod.1D' will have 2 regressors
++ '-stim_times_AM1 3 /projects/sanlab/shared/CHIVES/CHIVES_WTP_scripts/behavioral/money/afni_timing_files/CHIVES1016/BidOnsDur.1D' has 1 auxiliary values per time point
++ '-stim_times_AM1 3': basis function model 'dmBLOCK(1)' uses 1 parameters,
    out of the 1 found in timing file '/projects/sanlab/shared/CHIVES/CHIVES_WTP_scripts/behavioral/money/afni_timing_files/CHIVES1016/BidOnsDur.1D'
++ 3dDeconvolve extending num_stimts from 3 to 7 due to -ortvec
++ 3dDeconvolve: AFNI version=AFNI_18.2.04 (Jul  6 2018) [64-bit]
++ Authored by: B. Douglas Ward, et al.
++ current memory malloc-ated = 281,901 bytes (about 282 thousand [kilo])
++ loading dataset /projects/sanlab/shared/CHIVES/bids_data/derivatives/fmriprep/sub-CHIVES1016/ses-wave1/func/s6_sub-CHIVES1016_ses-wave1_task-money_bold_space-MNI152NLin2009cAsym_preproc.nii
++ current memory malloc-ated = 1,545,430,761 bytes (about 1.5 billion [giga])
++ forcibly using TR=2.0000 seconds for -input dataset
++ Skipping check for initial transients
++ Imaging duration=714.0 s; Automatic polort=5
++ -stim_times using TR=2 s for stimulus timing conversion
++ -stim_times using TR=2 s for any -iresp output datasets
++  [you can alter the -iresp TR via the -TR_times option]
++ ** -stim_times NOTE ** guessing GLOBAL times if 1 time per line; LOCAL otherwise
++ ** GUESSED ** -stim_times_AM2 1 using LOCAL times
++ '-stim_times_AM2 1' average amplitude#1=1.16667
++ ** GUESSED ** -stim_times_AM2 2 using LOCAL times
++ '-stim_times_AM2 2' average amplitude#1=0.383333
++ ** GUESSED ** -stim_times_AM1 3 using LOCAL times
------------------------------------------------------------
GLT matrix from 'SYM: HealthyPmod[0]':
   0   0   0   0   0   0   1   0   0   0   0   0   0   0   0 
 
------------------------------------------------------------
GLT matrix from 'SYM: HealthyPmod[1]':
   0   0   0   0   0   0   0   1   0   0   0   0   0   0   0 
 
------------------------------------------------------------
GLT matrix from 'SYM: UnhealthyPmod[0]':
   0   0   0   0   0   0   0   0   1   0   0   0   0   0   0 
 
------------------------------------------------------------
GLT matrix from 'SYM: UnhealthyPmod[1]':
   0   0   0   0   0   0   0   0   0   1   0   0   0   0   0 
 
------------------------------------------------------------
GLT matrix from 'SYM: HealthyPmod[0] -UnhealthyPmod[0]':
   0   0   0   0   0   0   1   0  -1   0   0   0   0   0   0 
 
------------------------------------------------------------
GLT matrix from 'SYM: HealthyPmod[1] -UnhealthyPmod[1]':
   0   0   0   0   0   0   0   1   0  -1   0   0   0   0   0 
 
++ Number of time points: 357 (no censoring)
 + Number of parameters:  15 [10 baseline ; 5 signal]
++ total shared memory needed = 3,228,792,440 bytes (about 3.2 billion [giga])
++ current memory malloc-ated = 1,546,563,263 bytes (about 1.5 billion [giga])
++ mmap() memory allocated: 3,228,792,440 bytes (about 3.2 billion [giga])
++ Memory required for output bricks = 3,228,792,440 bytes (about 3.2 billion [giga])
++ Wrote matrix values to file CHIVES1016_2CondPmod_xmat.1D
++ ========= Things you can do with the matrix file =========
++ (a) Linear regression with ARMA(1,1) modeling of serial correlation:

3dREMLfit -matrix CHIVES1016_2CondPmod_xmat.1D -input /projects/sanlab/shared/CHIVES/bids_data/derivatives/fmriprep/sub-CHIVES1016/ses-wave1/func/s6_sub-CHIVES1016_ses-wave1_task-money_bold_space-MNI152NLin2009cAsym_preproc.nii \
 -mask /projects/sanlab/shared/CHIVES/bids_data/derivatives/fmriprep/sub-CHIVES1016/ses-wave1/func/sub-CHIVES1016_ses-wave1_task-money_bold_space-MNI152NLin2009cAsym_brainmask.nii.gz \
 -fout -tout -Rbuck CHIVES1016_2CondPmod_stats_REML -Rvar CHIVES1016_2CondPmod_stats_REMLvar \
 -Rfitts CHIVES1016_2CondPmod_REML -Rerrts CHIVES1016_2CondPmod_REML -verb
 
++ N.B.: 3dREMLfit command above written to file CHIVES1016_2CondPmod_stats.REML_cmd
++ (b) Visualization/analysis of the matrix via ExamineXmat.R
++ (c) Synthesis of sub-model datasets using 3dSynthesize
++ ==========================================================
++ Wrote matrix values to file CHIVES1016_2CondPmod_uncensor_xmat.1D
++ ----- Signal+Baseline matrix condition [X] (357x15):  4.20307  ++ VERY GOOD ++
++ ----- Signal-only matrix condition [X] (357x5):  1.60899  ++ VERY GOOD ++
++ ----- Baseline-only matrix condition [X] (357x10):  4.12471  ++ VERY GOOD ++
++ ----- stim_base-only matrix condition [X] (357x4):  1.61875  ++ VERY GOOD ++
++ ----- polort-only matrix condition [X] (357x6):  1.01526  ++ VERY GOOD ++
++ +++++ Matrix inverse average error = 1.11145e-15  ++ VERY GOOD ++
++ Matrix setup time = 0.01 s
++ Voxels in dataset: 1082035
++ Voxels in mask:    265619
++ Voxels per job:    13280
++ Job #1: processing voxels 192792 to 249020; elapsed time=4.298
++ Job #2: processing voxels 249021 to 292719; elapsed time=4.318
++ Job #3: processing voxels 292720 to 327346; elapsed time=4.339
++ Job #4: processing voxels 327347 to 355252; elapsed time=4.359
++ Job #5: processing voxels 355253 to 385171; elapsed time=4.381
++ Job #6: processing voxels 385172 to 414811; elapsed time=4.402
++ Job #7: processing voxels 414812 to 440647; elapsed time=4.425
++ Job #8: processing voxels 440648 to 466417; elapsed time=4.447
++ Job #9: processing voxels 466418 to 495222; elapsed time=4.470
++ Job #10: processing voxels 495223 to 520834; elapsed time=4.492
++ Job #11: processing voxels 520835 to 550527; elapsed time=4.515
++ Job #12: processing voxels 550528 to 576908; elapsed time=4.538
++ Job #13: processing voxels 576909 to 607785; elapsed time=4.569
++ Job #14: processing voxels 607786 to 639756; elapsed time=4.608
++ Job #15: processing voxels 639757 to 672919; elapsed time=4.635
++ Job #16: processing voxels 672920 to 707696; elapsed time=4.648
++ Job #17: processing voxels 707697 to 750435; elapsed time=4.676
++ Job #18: processing voxels 750436 to 797976; elapsed time=4.717
++ Job #19: processing voxels 797977 to 1082034; elapsed time=4.731
++ Job #0: processing voxels 0 to 192791; elapsed time=4.741
++ voxel loop:0123456789.0123456789.0123456789.0123456789.0++ Job #4 finished; elapsed time=5.461
++ Job #1 finished; elapsed time=5.489
++ Job #3 finished; elapsed time=5.512
++ Job #6 finished; elapsed time=5.521
1++ Job #5 finished; elapsed time=5.538
++ Job #8 finished; elapsed time=5.561
23++ Job #7 finished; elapsed time=5.580
++ Job #9 finished; elapsed time=5.618
++ Job #11 finished; elapsed time=5.657
4++ Job #13 finished; elapsed time=5.711
56++ Job #2 finished; elapsed time=5.783
++ Job #16 finished; elapsed time=5.790
++ Job #17 finished; elapsed time=5.832
78++ Job #19 finished; elapsed time=5.936
9.
++ Job #0 waiting for children to finish; elapsed time=5.945
++ Job #10 finished; elapsed time=5.964
++ Job #12 finished; elapsed time=6.015
++ Job #14 finished; elapsed time=6.080
++ Job #15 finished; elapsed time=6.082
++ Job #18 finished; elapsed time=6.129
++ Job #0 now finishing up; elapsed time=6.147
++ Smallest FDR q [0 Full_Fstat] = 2.97061e-15
++ Smallest FDR q [2 HealthyPmod#0_Tstat] = 1.11665e-14
++ Smallest FDR q [4 HealthyPmod#1_Tstat] = 1.67096e-05
++ Smallest FDR q [5 HealthyPmod_Fstat] = 1.08295e-14
++ Smallest FDR q [7 UnhealthyPmod#0_Tstat] = 1.47928e-14
++ Smallest FDR q [9 UnhealthyPmod#1_Tstat] = 7.40524e-07
++ Smallest FDR q [10 UnhealthyPmod_Fstat] = 1.44113e-14
++ Smallest FDR q [12 BidsNMiss#0_Tstat] = 9.0028e-15
++ Smallest FDR q [13 BidsNMiss_Fstat] = 9.00064e-15
++ Smallest FDR q [15 HealthyGtRest_GLT#0_Tstat] = 1.11665e-14
++ Smallest FDR q [16 HealthyGtRest_GLT_Fstat] = 1.11663e-14
++ Smallest FDR q [18 HealthyPmod_GLT#0_Tstat] = 1.67096e-05
++ Smallest FDR q [19 HealthyPmod_GLT_Fstat] = 1.67093e-05
++ Smallest FDR q [21 UnhealthyGtRest_GLT#0_Tstat] = 1.47928e-14
++ Smallest FDR q [22 UnhealthyGtRest_GLT_Fstat] = 1.47924e-14
++ Smallest FDR q [24 UnhealthyPmod_GLT#0_Tstat] = 7.40524e-07
++ Smallest FDR q [25 UnhealthyPmod_GLT_Fstat] = 7.40517e-07
++ Smallest FDR q [27 HealthyGtUnhealthy_GLT#0_Tstat] = 2.05957e-09
++ Smallest FDR q [28 HealthyGtUnhealthy_GLT_Fstat] = 2.05966e-09
++ Smallest FDR q [30 HealthyGtUnhealthyPmod_GLT#0_Tstat] = 8.1211e-07
++ Smallest FDR q [31 HealthyGtUnhealthyPmod_GLT_Fstat] = 8.12114e-07
++ Wrote bucket dataset into ./CHIVES1016_2CondPmod_stats+tlrc.BRIK
 + created 21 FDR curves in bucket header
++ Wrote 3D+time dataset into ./CHIVES1016_2CondPmod+tlrc.BRIK
++ Wrote 3D+time dataset into ./CHIVES1016_2CondPmod+tlrc.BRIK
++ Program finished; elapsed time=36.187
++ 3dREMLfit: AFNI version=AFNI_18.2.04 (Jul  6 2018) [64-bit]
++ Authored by: RWCox
** AFNI converts NIFTI_datatype=4 (INT16) in file /projects/sanlab/shared/CHIVES/bids_data/derivatives/fmriprep/sub-CHIVES1016/ses-wave1/func/s6_sub-CHIVES1016_ses-wave1_task-money_bold_space-MNI152NLin2009cAsym_preproc.nii to FLOAT32
     Warnings of this type will be muted for this session.
     Set AFNI_NIFTI_TYPE_WARN to YES to see them all, NO to see none.
++ Number of voxels in mask = 265619
++ Number of OpenMP threads = 15
++ -----  matrix condition (357x15):  4.20307  ++ VERY GOOD ++
++ Loading input dataset into memory
++ Converting input dataset to vector image
 +  dataset = 1.5 billion [giga] bytes
 +  vectim  = 380 million [mega] bytes
++ starting REML setup calculations; total CPU=0.00 Elapsed=4.21
 + X matrix: 89.468% of elements are nonzero
 + starting 15 OpenMP threads for REML setup
 + REML setup finished: matrix rows=357 cols=15; 109*1 cases; total CPU=0.00 Elapsed=4.22
 +  average case bandwidth = 13.00
++ REML voxel loop: [15 threads]0123456789.012
 + ARMA voxel parameters estimated: total CPU=0.00 Elapsed=20.24
++ GLSQ loop:0123456789.0123456789.0123456789.0123456789.0123456789.
 + GLSQ regression done: total CPU=0.00 Elapsed=55.20
++ Output dataset ./CHIVES1016_2CondPmod_stats_REMLvar+tlrc.BRIK
++ Output dataset ./CHIVES1016_2CondPmod_REML+tlrc.BRIK
[7m** ERROR:[0m output dataset name 'CHIVES1016_2CondPmod_REML' conflicts with existing file
[7m** ERROR:[0m dataset NOT written to disk!
++ creating FDR curves in dataset CHIVES1016_2CondPmod_stats_REML+tlrc
++ Smallest FDR q [0 Full_Fstat] = 3.95667e-15
++ Smallest FDR q [2 HealthyPmod#0_Tstat] = 1.84517e-14
++ Smallest FDR q [4 HealthyPmod#1_Tstat] = 0.0504046
++ Smallest FDR q [5 HealthyPmod_Fstat] = 2.06526e-14
++ Smallest FDR q [7 UnhealthyPmod#0_Tstat] = 2.45893e-14
++ Smallest FDR q [9 UnhealthyPmod#1_Tstat] = 0.000114681
++ Smallest FDR q [10 UnhealthyPmod_Fstat] = 2.86866e-14
++ Smallest FDR q [12 BidsNMiss#0_Tstat] = 1.13424e-14
++ Smallest FDR q [13 BidsNMiss_Fstat] = 1.13424e-14
++ Smallest FDR q [15 HealthyGtRest#0_Tstat] = 1.84517e-14
++ Smallest FDR q [16 HealthyGtRest_Fstat] = 1.84517e-14
++ Smallest FDR q [18 HealthyPmod#0_Tstat] = 0.0504046
++ Smallest FDR q [19 HealthyPmod_Fstat] = 0.0504047
++ Smallest FDR q [21 UnhealthyGtRest#0_Tstat] = 2.45893e-14
++ Smallest FDR q [22 UnhealthyGtRest_Fstat] = 2.45893e-14
++ Smallest FDR q [24 UnhealthyPmod#0_Tstat] = 0.000114681
++ Smallest FDR q [25 UnhealthyPmod_Fstat] = 0.000114681
++ Smallest FDR q [27 HealthyGtUnhealthy#0_Tstat] = 4.09126e-05
++ Smallest FDR q [28 HealthyGtUnhealthy_Fstat] = 4.09126e-05
++ Smallest FDR q [30 HealthyGtUnhealthyPmod#0_Tstat] = 0.000513403
++ Smallest FDR q [31 HealthyGtUnhealthyPmod_Fstat] = 0.000513403
 + Added 21 FDR curves to dataset CHIVES1016_2CondPmod_stats_REML+tlrc
++ Output dataset ./CHIVES1016_2CondPmod_stats_REML+tlrc.BRIK
 + unloading input dataset and REML matrices
++ 3dREMLfit is all done! total CPU=0.00 Elapsed=84.42
** AFNI converts NIFTI_datatype=4 (INT16) in file /projects/sanlab/shared/CHIVES/bids_data/derivatives/fmriprep/sub-CHIVES1016/ses-wave1/func/s6_sub-CHIVES1016_ses-wave1_task-money_bold_space-MNI152NLin2009cAsym_preproc.nii to FLOAT32
     Warnings of this type will be muted for this session.
     Set AFNI_NIFTI_TYPE_WARN to YES to see them all, NO to see none.
++ '-stim_times_AM1 3 /projects/sanlab/shared/CHIVES/CHIVES_WTP_scripts/behavioral/money/afni_timing_files/CHIVES1016/BidOnsDur.1D' has 1 auxiliary values per time point
++ '-stim_times_AM1 3': basis function model 'dmBLOCK(1)' uses 1 parameters,
    out of the 1 found in timing file '/projects/sanlab/shared/CHIVES/CHIVES_WTP_scripts/behavioral/money/afni_timing_files/CHIVES1016/BidOnsDur.1D'
++ 3dDeconvolve extending num_stimts from 3 to 7 due to -ortvec
++ 3dDeconvolve: AFNI version=AFNI_18.2.04 (Jul  6 2018) [64-bit]
++ Authored by: B. Douglas Ward, et al.
++ current memory malloc-ated = 265,657 bytes (about 266 thousand [kilo])
++ loading dataset /projects/sanlab/shared/CHIVES/bids_data/derivatives/fmriprep/sub-CHIVES1016/ses-wave1/func/s6_sub-CHIVES1016_ses-wave1_task-money_bold_space-MNI152NLin2009cAsym_preproc.nii
++ current memory malloc-ated = 1,545,414,517 bytes (about 1.5 billion [giga])
++ forcibly using TR=2.0000 seconds for -input dataset
++ Skipping check for initial transients
++ Imaging duration=714.0 s; Automatic polort=5
++ -stim_times using TR=2 s for stimulus timing conversion
++ -stim_times using TR=2 s for any -iresp output datasets
++  [you can alter the -iresp TR via the -TR_times option]
++ ** -stim_times NOTE ** guessing GLOBAL times if 1 time per line; LOCAL otherwise
++ ** GUESSED ** -stim_times 1 using LOCAL times
++ ** GUESSED ** -stim_times 2 using LOCAL times
++ ** GUESSED ** -stim_times_AM1 3 using LOCAL times
------------------------------------------------------------
GLT matrix from 'SYM: Healthy':
   0   0   0   0   0   0   1   0   0   0   0   0   0 
 
------------------------------------------------------------
GLT matrix from 'SYM: Unhealthy':
   0   0   0   0   0   0   0   1   0   0   0   0   0 
 
------------------------------------------------------------
GLT matrix from 'SYM: Healthy -Unhealthy':
   0   0   0   0   0   0   1  -1   0   0   0   0   0 
 
++ Number of time points: 357 (no censoring)
 + Number of parameters:  13 [10 baseline ; 3 signal]
++ total shared memory needed = 3,172,526,620 bytes (about 3.2 billion [giga])
++ current memory malloc-ated = 1,546,542,489 bytes (about 1.5 billion [giga])
++ mmap() memory allocated: 3,172,526,620 bytes (about 3.2 billion [giga])
++ Memory required for output bricks = 3,172,526,620 bytes (about 3.2 billion [giga])
++ Wrote matrix values to file CHIVES1016_2Cond_xmat.1D
++ ========= Things you can do with the matrix file =========
++ (a) Linear regression with ARMA(1,1) modeling of serial correlation:

3dREMLfit -matrix CHIVES1016_2Cond_xmat.1D -input /projects/sanlab/shared/CHIVES/bids_data/derivatives/fmriprep/sub-CHIVES1016/ses-wave1/func/s6_sub-CHIVES1016_ses-wave1_task-money_bold_space-MNI152NLin2009cAsym_preproc.nii \
 -mask /projects/sanlab/shared/CHIVES/bids_data/derivatives/fmriprep/sub-CHIVES1016/ses-wave1/func/sub-CHIVES1016_ses-wave1_task-money_bold_space-MNI152NLin2009cAsym_brainmask.nii.gz \
 -fout -tout -Rbuck CHIVES1016_2Cond_stats_REML -Rvar CHIVES1016_2Cond_stats_REMLvar \
 -Rfitts CHIVES1016_2Cond_REML -Rerrts CHIVES1016_2Cond_REML -verb
 
++ N.B.: 3dREMLfit command above written to file CHIVES1016_2Cond_stats.REML_cmd
++ (b) Visualization/analysis of the matrix via ExamineXmat.R
++ (c) Synthesis of sub-model datasets using 3dSynthesize
++ ==========================================================
++ Wrote matrix values to file CHIVES1016_2Cond_uncensor_xmat.1D
++ ----- Signal+Baseline matrix condition [X] (357x13):  4.14306  ++ VERY GOOD ++
++ ----- Signal-only matrix condition [X] (357x3):  1.60892  ++ VERY GOOD ++
++ ----- Baseline-only matrix condition [X] (357x10):  4.12471  ++ VERY GOOD ++
++ ----- stim_base-only matrix condition [X] (357x4):  1.61875  ++ VERY GOOD ++
++ ----- polort-only matrix condition [X] (357x6):  1.01526  ++ VERY GOOD ++
++ +++++ Matrix inverse average error = 1.44209e-15  ++ VERY GOOD ++
++ Matrix setup time = 0.01 s
++ Voxels in dataset: 1082035
++ Voxels in mask:    265619
++ Voxels per job:    13280
++ Job #1: processing voxels 192792 to 249020; elapsed time=4.231
++ Job #2: processing voxels 249021 to 292719; elapsed time=4.251
++ Job #3: processing voxels 292720 to 327346; elapsed time=4.271
++ Job #4: processing voxels 327347 to 355252; elapsed time=4.291
++ Job #5: processing voxels 355253 to 385171; elapsed time=4.313
++ Job #6: processing voxels 385172 to 414811; elapsed time=4.334
++ Job #7: processing voxels 414812 to 440647; elapsed time=4.357
++ Job #8: processing voxels 440648 to 466417; elapsed time=4.379
++ Job #9: processing voxels 466418 to 495222; elapsed time=4.402
++ Job #10: processing voxels 495223 to 520834; elapsed time=4.424
++ Job #11: processing voxels 520835 to 550527; elapsed time=4.448
++ Job #12: processing voxels 550528 to 576908; elapsed time=4.471
++ Job #13: processing voxels 576909 to 607785; elapsed time=4.508
++ Job #14: processing voxels 607786 to 639756; elapsed time=4.550
++ Job #15: processing voxels 639757 to 672919; elapsed time=4.577
++ Job #16: processing voxels 672920 to 707696; elapsed time=4.605
++ Job #17: processing voxels 707697 to 750435; elapsed time=4.619
++ Job #18: processing voxels 750436 to 797976; elapsed time=4.660
++ Job #19: processing voxels 797977 to 1082034; elapsed time=4.674
++ Job #0: processing voxels 0 to 192791; elapsed time=4.684
++ voxel loop:0123456789.0123456789.0123456789.01234567++ Job #4 finished; elapsed time=5.174
++ Job #1 finished; elapsed time=5.197
++ Job #3 finished; elapsed time=5.217
8++ Job #6 finished; elapsed time=5.219
9.0++ Job #5 finished; elapsed time=5.246
++ Job #8 finished; elapsed time=5.256
++ Job #7 finished; elapsed time=5.285
1++ Job #9 finished; elapsed time=5.325
23++ Job #11 finished; elapsed time=5.368
++ Job #13 finished; elapsed time=5.428
4++ Job #2 finished; elapsed time=5.441
56++ Job #14 finished; elapsed time=5.484
++ Job #17 finished; elapsed time=5.558
789.++ Job #10 finished; elapsed time=5.615

++ Job #0 waiting for children to finish; elapsed time=5.615
++ Job #19 finished; elapsed time=5.657
++ Job #12 finished; elapsed time=5.704
++ Job #16 finished; elapsed time=5.782
++ Job #15 finished; elapsed time=5.785
++ Job #18 finished; elapsed time=5.835
++ Job #0 now finishing up; elapsed time=5.854
++ Smallest FDR q [0 Full_Fstat] = 2.96663e-15
++ Smallest FDR q [2 Healthy#0_Tstat] = 1.14662e-14
++ Smallest FDR q [3 Healthy_Fstat] = 1.14659e-14
++ Smallest FDR q [5 Unhealthy#0_Tstat] = 1.47424e-14
++ Smallest FDR q [6 Unhealthy_Fstat] = 1.47413e-14
++ Smallest FDR q [8 BidsNMiss#0_Tstat] = 9.27996e-15
++ Smallest FDR q [9 BidsNMiss_Fstat] = 9.27798e-15
++ Smallest FDR q [11 HealthyGtRest_GLT#0_Tstat] = 1.14662e-14
++ Smallest FDR q [12 HealthyGtRest_GLT_Fstat] = 1.14659e-14
++ Smallest FDR q [14 UnhealthyGtRest_GLT#0_Tstat] = 1.47424e-14
++ Smallest FDR q [15 UnhealthyGtRest_GLT_Fstat] = 1.47413e-14
++ Smallest FDR q [17 HealthyGtUnhealthy_GLT#0_Tstat] = 5.12435e-09
++ Smallest FDR q [18 HealthyGtUnhealthy_GLT_Fstat] = 5.12436e-09
++ Wrote bucket dataset into ./CHIVES1016_2Cond_stats+tlrc.BRIK
 + created 13 FDR curves in bucket header
++ Wrote 3D+time dataset into ./CHIVES1016_2Cond+tlrc.BRIK
++ Wrote 3D+time dataset into ./CHIVES1016_2Cond+tlrc.BRIK
++ Program finished; elapsed time=23.797
++ 3dREMLfit: AFNI version=AFNI_18.2.04 (Jul  6 2018) [64-bit]
++ Authored by: RWCox
** AFNI converts NIFTI_datatype=4 (INT16) in file /projects/sanlab/shared/CHIVES/bids_data/derivatives/fmriprep/sub-CHIVES1016/ses-wave1/func/s6_sub-CHIVES1016_ses-wave1_task-money_bold_space-MNI152NLin2009cAsym_preproc.nii to FLOAT32
     Warnings of this type will be muted for this session.
     Set AFNI_NIFTI_TYPE_WARN to YES to see them all, NO to see none.
++ Number of voxels in mask = 265619
++ Number of OpenMP threads = 15
++ -----  matrix condition (357x13):  4.14306  ++ VERY GOOD ++
++ Loading input dataset into memory
++ Converting input dataset to vector image
 +  dataset = 1.5 billion [giga] bytes
 +  vectim  = 380 million [mega] bytes
++ starting REML setup calculations; total CPU=0.00 Elapsed=4.39
 + X matrix: 93.838% of elements are nonzero
 + starting 15 OpenMP threads for REML setup
 + REML setup finished: matrix rows=357 cols=13; 109*1 cases; total CPU=0.00 Elapsed=4.39
 +  average case bandwidth = 13.00
++ REML voxel loop: [15 threads]0123456789.012
 + ARMA voxel parameters estimated: total CPU=0.00 Elapsed=19.86
++ GLSQ loop:0123456789.0123456789.0123456789.0123456789.0123456789.
 + GLSQ regression done: total CPU=0.00 Elapsed=46.89
++ Output dataset ./CHIVES1016_2Cond_stats_REMLvar+tlrc.BRIK
++ Output dataset ./CHIVES1016_2Cond_REML+tlrc.BRIK
[7m** ERROR:[0m output dataset name 'CHIVES1016_2Cond_REML' conflicts with existing file
[7m** ERROR:[0m dataset NOT written to disk!
++ creating FDR curves in dataset CHIVES1016_2Cond_stats_REML+tlrc
++ Smallest FDR q [0 Full_Fstat] = 3.61759e-15
++ Smallest FDR q [2 Healthy#0_Tstat] = 1.87609e-14
++ Smallest FDR q [3 Healthy_Fstat] = 1.87609e-14
++ Smallest FDR q [5 Unhealthy#0_Tstat] = 2.48863e-14
++ Smallest FDR q [6 Unhealthy_Fstat] = 2.48863e-14
++ Smallest FDR q [8 BidsNMiss#0_Tstat] = 1.14785e-14
++ Smallest FDR q [9 BidsNMiss_Fstat] = 1.14785e-14
++ Smallest FDR q [11 HealthyGtRest#0_Tstat] = 1.87609e-14
++ Smallest FDR q [12 HealthyGtRest_Fstat] = 1.87609e-14
++ Smallest FDR q [14 UnhealthyGtRest#0_Tstat] = 2.48863e-14
++ Smallest FDR q [15 UnhealthyGtRest_Fstat] = 2.48863e-14
++ Smallest FDR q [17 HealthyGtUnhealthy#0_Tstat] = 4.9376e-05
++ Smallest FDR q [18 HealthyGtUnhealthy_Fstat] = 4.93761e-05
 + Added 13 FDR curves to dataset CHIVES1016_2Cond_stats_REML+tlrc
++ Output dataset ./CHIVES1016_2Cond_stats_REML+tlrc.BRIK
 + unloading input dataset and REML matrices
++ 3dREMLfit is all done! total CPU=0.00 Elapsed=64.67
