** AFNI converts NIFTI_datatype=4 (INT16) in file /projects/sanlab/shared/CHIVES/bids_data/derivatives/fmriprep/sub-CHIVES1013/ses-wave1/func/s6_sub-CHIVES1013_ses-wave1_task-money_bold_space-MNI152NLin2009cAsym_preproc.nii to FLOAT32
     Warnings of this type will be muted for this session.
     Set AFNI_NIFTI_TYPE_WARN to YES to see them all, NO to see none.
++ '-stim_times_AM2 1 /projects/sanlab/shared/CHIVES/CHIVES_WTP_scripts/behavioral/money/afni_timing_files/CHIVES1013/AllCondsPmod.1D' has 1 auxiliary values per time point
++ '-stim_times_AM2 1 /projects/sanlab/shared/CHIVES/CHIVES_WTP_scripts/behavioral/money/afni_timing_files/CHIVES1013/AllCondsPmod.1D' will have 2 regressors
++ '-stim_times_AM1 2 /projects/sanlab/shared/CHIVES/CHIVES_WTP_scripts/behavioral/money/afni_timing_files/CHIVES1013/BidOnsDur.1D' has 1 auxiliary values per time point
++ '-stim_times_AM1 2': basis function model 'dmBLOCK(1)' uses 1 parameters,
    out of the 1 found in timing file '/projects/sanlab/shared/CHIVES/CHIVES_WTP_scripts/behavioral/money/afni_timing_files/CHIVES1013/BidOnsDur.1D'
++ 3dDeconvolve extending num_stimts from 2 to 7 due to -ortvec
++ 3dDeconvolve: AFNI version=AFNI_18.2.04 (Jul  6 2018) [64-bit]
++ Authored by: B. Douglas Ward, et al.
++ current memory malloc-ated = 262,666 bytes (about 263 thousand [kilo])
++ loading dataset /projects/sanlab/shared/CHIVES/bids_data/derivatives/fmriprep/sub-CHIVES1013/ses-wave1/func/s6_sub-CHIVES1013_ses-wave1_task-money_bold_space-MNI152NLin2009cAsym_preproc.nii
++ current memory malloc-ated = 1,545,411,526 bytes (about 1.5 billion [giga])
++ forcibly using TR=2.0000 seconds for -input dataset
++ Skipping check for initial transients
++ Imaging duration=714.0 s; Automatic polort=5
++ -stim_times using TR=2 s for stimulus timing conversion
++ -stim_times using TR=2 s for any -iresp output datasets
++  [you can alter the -iresp TR via the -TR_times option]
++ ** -stim_times NOTE ** guessing GLOBAL times if 1 time per line; LOCAL otherwise
++ ** GUESSED ** -stim_times_AM2 1 using LOCAL times
++ '-stim_times_AM2 1' average amplitude#1=0.618644
++ ** GUESSED ** -stim_times_AM1 2 using LOCAL times
------------------------------------------------------------
GLT matrix from 'SYM: AllConds[0]':
   0   0   0   0   0   0   1   0   0   0   0   0   0   0 
 
------------------------------------------------------------
GLT matrix from 'SYM: AllConds[1]':
   0   0   0   0   0   0   0   1   0   0   0   0   0   0 
 
++ Number of time points: 357 (no censoring)
 + Number of parameters:  14 [11 baseline ; 3 signal]
++ total shared memory needed = 3,155,214,060 bytes (about 3.2 billion [giga])
++ current memory malloc-ated = 1,546,539,672 bytes (about 1.5 billion [giga])
++ mmap() memory allocated: 3,155,214,060 bytes (about 3.2 billion [giga])
++ Memory required for output bricks = 3,155,214,060 bytes (about 3.2 billion [giga])
++ Wrote matrix values to file CHIVES1013_AllCondPmod_xmat.1D
++ ========= Things you can do with the matrix file =========
++ (a) Linear regression with ARMA(1,1) modeling of serial correlation:

3dREMLfit -matrix CHIVES1013_AllCondPmod_xmat.1D -input /projects/sanlab/shared/CHIVES/bids_data/derivatives/fmriprep/sub-CHIVES1013/ses-wave1/func/s6_sub-CHIVES1013_ses-wave1_task-money_bold_space-MNI152NLin2009cAsym_preproc.nii \
 -mask /projects/sanlab/shared/CHIVES/bids_data/derivatives/fmriprep/sub-CHIVES1013/ses-wave1/func/sub-CHIVES1013_ses-wave1_task-money_bold_space-MNI152NLin2009cAsym_brainmask.nii.gz \
 -fout -tout -Rbuck CHIVES1013_AllCondPmod_stats_REML -Rvar CHIVES1013_AllCondPmod_stats_REMLvar \
 -Rfitts CHIVES1013_AllCondPmod_REML -Rerrts CHIVES1013_AllCondPmod_REML -verb
 
++ N.B.: 3dREMLfit command above written to file CHIVES1013_AllCondPmod_stats.REML_cmd
++ (b) Visualization/analysis of the matrix via ExamineXmat.R
++ (c) Synthesis of sub-model datasets using 3dSynthesize
++ ==========================================================
++ Wrote matrix values to file CHIVES1013_AllCondPmod_uncensor_xmat.1D
++ ----- Signal+Baseline matrix condition [X] (357x14):  3.44446  ++ VERY GOOD ++
++ ----- Signal-only matrix condition [X] (357x3):  1.52448  ++ VERY GOOD ++
++ ----- Baseline-only matrix condition [X] (357x11):  3.44049  ++ VERY GOOD ++
++ ----- stim_base-only matrix condition [X] (357x5):  2.44564  ++ VERY GOOD ++
++ ----- polort-only matrix condition [X] (357x6):  1.01526  ++ VERY GOOD ++
++ +++++ Matrix inverse average error = 6.87929e-16  ++ VERY GOOD ++
++ Matrix setup time = 0.01 s
++ Voxels in dataset: 1082035
++ Voxels in mask:    268246
++ Voxels per job:    26824
++ Job #1: processing voxels 248057 to 325562; elapsed time=4.084
++ Job #2: processing voxels 325563 to 384105; elapsed time=4.112
++ Job #3: processing voxels 384106 to 439664; elapsed time=4.140
++ Job #4: processing voxels 439665 to 494433; elapsed time=4.168
++ Job #5: processing voxels 494434 to 549863; elapsed time=4.196
++ Job #6: processing voxels 549864 to 607296; elapsed time=4.224
++ Job #7: processing voxels 607297 to 672635; elapsed time=4.251
++ Job #8: processing voxels 672636 to 750418; elapsed time=4.278
++ Job #9: processing voxels 750419 to 1082034; elapsed time=4.306
++ Job #0: processing voxels 0 to 248056; elapsed time=4.316
++ voxel loop:0123456789.0123456789.0123456789.0123456789.0123456++ Job #1 finished; elapsed time=5.739
++ Job #3 finished; elapsed time=5.760
++ Job #4 finished; elapsed time=5.768
7++ Job #2 finished; elapsed time=5.793
++ Job #6 finished; elapsed time=5.810
++ Job #5 finished; elapsed time=5.832
++ Job #7 finished; elapsed time=5.874
8++ Job #8 finished; elapsed time=5.898
9.
++ Job #0 waiting for children to finish; elapsed time=5.915
++ Job #9 finished; elapsed time=6.023
++ Job #0 now finishing up; elapsed time=6.049
++ Smallest FDR q [0 Full_Fstat] = 1.23003e-13
++ Smallest FDR q [2 AllConds#0_Tstat] = 3.81894e-13
[7m*+ WARNING:[0m Smallest FDR q [4 AllConds#1_Tstat] = 0.204442 ==> few true single voxel detections
++ Smallest FDR q [5 AllConds_Fstat] = 5.06982e-13
++ Smallest FDR q [7 BidsNMiss#0_Tstat] = 4.40683e-13
++ Smallest FDR q [8 BidsNMiss_Fstat] = 4.40695e-13
++ Smallest FDR q [10 CondGtRest_GLT#0_Tstat] = 3.81894e-13
++ Smallest FDR q [11 CondGtRest_GLT_Fstat] = 3.81883e-13
[7m*+ WARNING:[0m Smallest FDR q [13 Pmod_GLT#0_Tstat] = 0.204442 ==> few true single voxel detections
[7m*+ WARNING:[0m Smallest FDR q [14 Pmod_GLT_Fstat] = 0.203925 ==> few true single voxel detections
++ Wrote bucket dataset into ./CHIVES1013_AllCondPmod_stats+tlrc.BRIK
 + created 10 FDR curves in bucket header
++ Wrote 3D+time dataset into ./CHIVES1013_AllCondPmod+tlrc.BRIK
++ Wrote 3D+time dataset into ./CHIVES1013_AllCondPmod+tlrc.BRIK
++ Program finished; elapsed time=22.728
** AFNI converts NIFTI_datatype=4 (INT16) in file /projects/sanlab/shared/CHIVES/bids_data/derivatives/fmriprep/sub-CHIVES1013/ses-wave1/func/s6_sub-CHIVES1013_ses-wave1_task-money_bold_space-MNI152NLin2009cAsym_preproc.nii to FLOAT32
     Warnings of this type will be muted for this session.
     Set AFNI_NIFTI_TYPE_WARN to YES to see them all, NO to see none.
++ '-stim_times_AM2 1 /projects/sanlab/shared/CHIVES/CHIVES_WTP_scripts/behavioral/money/afni_timing_files/CHIVES1013/HealthyPmod.1D' has 1 auxiliary values per time point
++ '-stim_times_AM2 1 /projects/sanlab/shared/CHIVES/CHIVES_WTP_scripts/behavioral/money/afni_timing_files/CHIVES1013/HealthyPmod.1D' will have 2 regressors
++ '-stim_times_AM2 2 /projects/sanlab/shared/CHIVES/CHIVES_WTP_scripts/behavioral/money/afni_timing_files/CHIVES1013/UnhealthyPmod.1D' has 1 auxiliary values per time point
++ '-stim_times_AM2 2 /projects/sanlab/shared/CHIVES/CHIVES_WTP_scripts/behavioral/money/afni_timing_files/CHIVES1013/UnhealthyPmod.1D' will have 2 regressors
++ '-stim_times_AM1 3 /projects/sanlab/shared/CHIVES/CHIVES_WTP_scripts/behavioral/money/afni_timing_files/CHIVES1013/BidOnsDur.1D' has 1 auxiliary values per time point
++ '-stim_times_AM1 3': basis function model 'dmBLOCK(1)' uses 1 parameters,
    out of the 1 found in timing file '/projects/sanlab/shared/CHIVES/CHIVES_WTP_scripts/behavioral/money/afni_timing_files/CHIVES1013/BidOnsDur.1D'
++ 3dDeconvolve extending num_stimts from 3 to 8 due to -ortvec
++ 3dDeconvolve: AFNI version=AFNI_18.2.04 (Jul  6 2018) [64-bit]
++ Authored by: B. Douglas Ward, et al.
++ current memory malloc-ated = 289,932 bytes (about 290 thousand [kilo])
++ loading dataset /projects/sanlab/shared/CHIVES/bids_data/derivatives/fmriprep/sub-CHIVES1013/ses-wave1/func/s6_sub-CHIVES1013_ses-wave1_task-money_bold_space-MNI152NLin2009cAsym_preproc.nii
++ current memory malloc-ated = 1,545,438,792 bytes (about 1.5 billion [giga])
++ forcibly using TR=2.0000 seconds for -input dataset
++ Skipping check for initial transients
++ Imaging duration=714.0 s; Automatic polort=5
++ -stim_times using TR=2 s for stimulus timing conversion
++ -stim_times using TR=2 s for any -iresp output datasets
++  [you can alter the -iresp TR via the -TR_times option]
++ ** -stim_times NOTE ** guessing GLOBAL times if 1 time per line; LOCAL otherwise
++ ** GUESSED ** -stim_times_AM2 1 using LOCAL times
++ '-stim_times_AM2 1' average amplitude#1=0.566667
++ ** GUESSED ** -stim_times_AM2 2 using LOCAL times
++ '-stim_times_AM2 2' average amplitude#1=0.672414
++ ** GUESSED ** -stim_times_AM1 3 using LOCAL times
------------------------------------------------------------
GLT matrix from 'SYM: HealthyPmod[0]':
   0   0   0   0   0   0   1   0   0   0   0   0   0   0   0   0 
 
------------------------------------------------------------
GLT matrix from 'SYM: HealthyPmod[1]':
   0   0   0   0   0   0   0   1   0   0   0   0   0   0   0   0 
 
------------------------------------------------------------
GLT matrix from 'SYM: UnhealthyPmod[0]':
   0   0   0   0   0   0   0   0   1   0   0   0   0   0   0   0 
 
------------------------------------------------------------
GLT matrix from 'SYM: UnhealthyPmod[1]':
   0   0   0   0   0   0   0   0   0   1   0   0   0   0   0   0 
 
------------------------------------------------------------
GLT matrix from 'SYM: HealthyPmod[0] -UnhealthyPmod[0]':
   0   0   0   0   0   0   1   0  -1   0   0   0   0   0   0   0 
 
------------------------------------------------------------
GLT matrix from 'SYM: HealthyPmod[1] -UnhealthyPmod[1]':
   0   0   0   0   0   0   0   1   0  -1   0   0   0   0   0   0 
 
++ Number of time points: 357 (no censoring)
 + Number of parameters:  16 [11 baseline ; 5 signal]
++ total shared memory needed = 3,228,792,440 bytes (about 3.2 billion [giga])
++ current memory malloc-ated = 1,546,571,538 bytes (about 1.5 billion [giga])
++ mmap() memory allocated: 3,228,792,440 bytes (about 3.2 billion [giga])
++ Memory required for output bricks = 3,228,792,440 bytes (about 3.2 billion [giga])
++ Wrote matrix values to file CHIVES1013_2CondPmod_xmat.1D
++ ========= Things you can do with the matrix file =========
++ (a) Linear regression with ARMA(1,1) modeling of serial correlation:

3dREMLfit -matrix CHIVES1013_2CondPmod_xmat.1D -input /projects/sanlab/shared/CHIVES/bids_data/derivatives/fmriprep/sub-CHIVES1013/ses-wave1/func/s6_sub-CHIVES1013_ses-wave1_task-money_bold_space-MNI152NLin2009cAsym_preproc.nii \
 -mask /projects/sanlab/shared/CHIVES/bids_data/derivatives/fmriprep/sub-CHIVES1013/ses-wave1/func/sub-CHIVES1013_ses-wave1_task-money_bold_space-MNI152NLin2009cAsym_brainmask.nii.gz \
 -fout -tout -Rbuck CHIVES1013_2CondPmod_stats_REML -Rvar CHIVES1013_2CondPmod_stats_REMLvar \
 -Rfitts CHIVES1013_2CondPmod_REML -Rerrts CHIVES1013_2CondPmod_REML -verb
 
++ N.B.: 3dREMLfit command above written to file CHIVES1013_2CondPmod_stats.REML_cmd
++ (b) Visualization/analysis of the matrix via ExamineXmat.R
++ (c) Synthesis of sub-model datasets using 3dSynthesize
++ ==========================================================
++ Wrote matrix values to file CHIVES1013_2CondPmod_uncensor_xmat.1D
++ ----- Signal+Baseline matrix condition [X] (357x16):  3.47904  ++ VERY GOOD ++
++ ----- Signal-only matrix condition [X] (357x5):  1.52461  ++ VERY GOOD ++
++ ----- Baseline-only matrix condition [X] (357x11):  3.44049  ++ VERY GOOD ++
++ ----- stim_base-only matrix condition [X] (357x5):  2.44564  ++ VERY GOOD ++
++ ----- polort-only matrix condition [X] (357x6):  1.01526  ++ VERY GOOD ++
++ +++++ Matrix inverse average error = 6.24246e-16  ++ VERY GOOD ++
++ Matrix setup time = 0.02 s
++ Voxels in dataset: 1082035
++ Voxels in mask:    268246
++ Voxels per job:    26824
++ Job #1: processing voxels 248057 to 325562; elapsed time=3.752
++ Job #2: processing voxels 325563 to 384105; elapsed time=3.778
++ Job #3: processing voxels 384106 to 439664; elapsed time=3.804
++ Job #4: processing voxels 439665 to 494433; elapsed time=3.829
++ Job #5: processing voxels 494434 to 549863; elapsed time=3.855
++ Job #6: processing voxels 549864 to 607296; elapsed time=3.881
++ Job #7: processing voxels 607297 to 672635; elapsed time=3.908
++ Job #8: processing voxels 672636 to 750418; elapsed time=3.934
++ Job #9: processing voxels 750419 to 1082034; elapsed time=3.960
++ Job #0: processing voxels 0 to 248056; elapsed time=3.970
++ voxel loop:0123456789.0123456789.0123456789.0123456789.01234567++ Job #2 finished; elapsed time=5.878
++ Job #4 finished; elapsed time=5.930
++ Job #6 finished; elapsed time=5.981
++ Job #3 finished; elapsed time=6.003
++ Job #1 finished; elapsed time=6.006
89.
++ Job #0 waiting for children to finish; elapsed time=6.036
++ Job #5 finished; elapsed time=6.041
++ Job #8 finished; elapsed time=6.060
++ Job #7 finished; elapsed time=6.121
++ Job #9 finished; elapsed time=6.278
++ Job #0 now finishing up; elapsed time=6.309
++ Smallest FDR q [0 Full_Fstat] = 1.37089e-13
++ Smallest FDR q [2 HealthyPmod#0_Tstat] = 3.19937e-12
[7m*+ WARNING:[0m Smallest FDR q [4 HealthyPmod#1_Tstat] = 0.347623 ==> few true single voxel detections
++ Smallest FDR q [5 HealthyPmod_Fstat] = 4.67461e-12
++ Smallest FDR q [7 UnhealthyPmod#0_Tstat] = 4.16876e-13
++ Smallest FDR q [9 UnhealthyPmod#1_Tstat] = 0.0106965
++ Smallest FDR q [10 UnhealthyPmod_Fstat] = 5.16006e-13
++ Smallest FDR q [12 BidsNMiss#0_Tstat] = 4.34989e-13
++ Smallest FDR q [13 BidsNMiss_Fstat] = 4.34989e-13
++ Smallest FDR q [15 HealthyGtRest_GLT#0_Tstat] = 3.19937e-12
++ Smallest FDR q [16 HealthyGtRest_GLT_Fstat] = 3.19942e-12
[7m*+ WARNING:[0m Smallest FDR q [18 HealthyPmod_GLT#0_Tstat] = 0.347623 ==> few true single voxel detections
[7m*+ WARNING:[0m Smallest FDR q [19 HealthyPmod_GLT_Fstat] = 0.346823 ==> few true single voxel detections
++ Smallest FDR q [21 UnhealthyGtRest_GLT#0_Tstat] = 4.16876e-13
++ Smallest FDR q [22 UnhealthyGtRest_GLT_Fstat] = 4.16876e-13
++ Smallest FDR q [24 UnhealthyPmod_GLT#0_Tstat] = 0.0106965
++ Smallest FDR q [25 UnhealthyPmod_GLT_Fstat] = 0.0106963
++ Smallest FDR q [27 HealthyGtUnhealthy_GLT#0_Tstat] = 0.0442847
++ Smallest FDR q [28 HealthyGtUnhealthy_GLT_Fstat] = 0.0442842
[7m*+ WARNING:[0m Smallest FDR q [30 HealthyGtUnhealthyPmod_GLT#0_Tstat] = 0.179018 ==> few true single voxel detections
[7m*+ WARNING:[0m Smallest FDR q [31 HealthyGtUnhealthyPmod_GLT_Fstat] = 0.178536 ==> few true single voxel detections
++ Wrote bucket dataset into ./CHIVES1013_2CondPmod_stats+tlrc.BRIK
 + created 21 FDR curves in bucket header
++ Wrote 3D+time dataset into ./CHIVES1013_2CondPmod+tlrc.BRIK
++ Wrote 3D+time dataset into ./CHIVES1013_2CondPmod+tlrc.BRIK
++ Program finished; elapsed time=37.450
** AFNI converts NIFTI_datatype=4 (INT16) in file /projects/sanlab/shared/CHIVES/bids_data/derivatives/fmriprep/sub-CHIVES1013/ses-wave1/func/s6_sub-CHIVES1013_ses-wave1_task-money_bold_space-MNI152NLin2009cAsym_preproc.nii to FLOAT32
     Warnings of this type will be muted for this session.
     Set AFNI_NIFTI_TYPE_WARN to YES to see them all, NO to see none.
++ '-stim_times_AM1 3 /projects/sanlab/shared/CHIVES/CHIVES_WTP_scripts/behavioral/money/afni_timing_files/CHIVES1013/BidOnsDur.1D' has 1 auxiliary values per time point
++ '-stim_times_AM1 3': basis function model 'dmBLOCK(1)' uses 1 parameters,
    out of the 1 found in timing file '/projects/sanlab/shared/CHIVES/CHIVES_WTP_scripts/behavioral/money/afni_timing_files/CHIVES1013/BidOnsDur.1D'
++ 3dDeconvolve extending num_stimts from 3 to 8 due to -ortvec
++ 3dDeconvolve: AFNI version=AFNI_18.2.04 (Jul  6 2018) [64-bit]
++ Authored by: B. Douglas Ward, et al.
++ current memory malloc-ated = 273,692 bytes (about 274 thousand [kilo])
++ loading dataset /projects/sanlab/shared/CHIVES/bids_data/derivatives/fmriprep/sub-CHIVES1013/ses-wave1/func/s6_sub-CHIVES1013_ses-wave1_task-money_bold_space-MNI152NLin2009cAsym_preproc.nii
++ current memory malloc-ated = 1,545,422,552 bytes (about 1.5 billion [giga])
++ forcibly using TR=2.0000 seconds for -input dataset
++ Skipping check for initial transients
++ Imaging duration=714.0 s; Automatic polort=5
++ -stim_times using TR=2 s for stimulus timing conversion
++ -stim_times using TR=2 s for any -iresp output datasets
++  [you can alter the -iresp TR via the -TR_times option]
++ ** -stim_times NOTE ** guessing GLOBAL times if 1 time per line; LOCAL otherwise
++ ** GUESSED ** -stim_times 1 using LOCAL times
++ ** GUESSED ** -stim_times 2 using LOCAL times
++ ** GUESSED ** -stim_times_AM1 3 using LOCAL times
------------------------------------------------------------
GLT matrix from 'SYM: Healthy':
   0   0   0   0   0   0   1   0   0   0   0   0   0   0 
 
------------------------------------------------------------
GLT matrix from 'SYM: Unhealthy':
   0   0   0   0   0   0   0   1   0   0   0   0   0   0 
 
------------------------------------------------------------
GLT matrix from 'SYM: Healthy -Unhealthy':
   0   0   0   0   0   0   1  -1   0   0   0   0   0   0 
 
++ Number of time points: 357 (no censoring)
 + Number of parameters:  14 [11 baseline ; 3 signal]
++ total shared memory needed = 3,172,526,620 bytes (about 3.2 billion [giga])
++ current memory malloc-ated = 1,546,550,744 bytes (about 1.5 billion [giga])
++ mmap() memory allocated: 3,172,526,620 bytes (about 3.2 billion [giga])
++ Memory required for output bricks = 3,172,526,620 bytes (about 3.2 billion [giga])
++ Wrote matrix values to file CHIVES1013_2Cond_xmat.1D
++ ========= Things you can do with the matrix file =========
++ (a) Linear regression with ARMA(1,1) modeling of serial correlation:

3dREMLfit -matrix CHIVES1013_2Cond_xmat.1D -input /projects/sanlab/shared/CHIVES/bids_data/derivatives/fmriprep/sub-CHIVES1013/ses-wave1/func/s6_sub-CHIVES1013_ses-wave1_task-money_bold_space-MNI152NLin2009cAsym_preproc.nii \
 -mask /projects/sanlab/shared/CHIVES/bids_data/derivatives/fmriprep/sub-CHIVES1013/ses-wave1/func/sub-CHIVES1013_ses-wave1_task-money_bold_space-MNI152NLin2009cAsym_brainmask.nii.gz \
 -fout -tout -Rbuck CHIVES1013_2Cond_stats_REML -Rvar CHIVES1013_2Cond_stats_REMLvar \
 -Rfitts CHIVES1013_2Cond_REML -Rerrts CHIVES1013_2Cond_REML -verb
 
++ N.B.: 3dREMLfit command above written to file CHIVES1013_2Cond_stats.REML_cmd
++ (b) Visualization/analysis of the matrix via ExamineXmat.R
++ (c) Synthesis of sub-model datasets using 3dSynthesize
++ ==========================================================
++ Wrote matrix values to file CHIVES1013_2Cond_uncensor_xmat.1D
++ ----- Signal+Baseline matrix condition [X] (357x14):  3.46449  ++ VERY GOOD ++
++ ----- Signal-only matrix condition [X] (357x3):  1.5246  ++ VERY GOOD ++
++ ----- Baseline-only matrix condition [X] (357x11):  3.44049  ++ VERY GOOD ++
++ ----- stim_base-only matrix condition [X] (357x5):  2.44564  ++ VERY GOOD ++
++ ----- polort-only matrix condition [X] (357x6):  1.01526  ++ VERY GOOD ++
++ +++++ Matrix inverse average error = 7.44019e-16  ++ VERY GOOD ++
++ Matrix setup time = 0.01 s
++ Voxels in dataset: 1082035
++ Voxels in mask:    268246
++ Voxels per job:    26824
++ Job #1: processing voxels 248057 to 325562; elapsed time=3.830
++ Job #2: processing voxels 325563 to 384105; elapsed time=3.856
++ Job #3: processing voxels 384106 to 439664; elapsed time=3.882
++ Job #4: processing voxels 439665 to 494433; elapsed time=3.908
++ Job #5: processing voxels 494434 to 549863; elapsed time=3.934
++ Job #6: processing voxels 549864 to 607296; elapsed time=3.960
++ Job #7: processing voxels 607297 to 672635; elapsed time=3.986
++ Job #8: processing voxels 672636 to 750418; elapsed time=4.012
++ Job #9: processing voxels 750419 to 1082034; elapsed time=4.039
++ Job #0: processing voxels 0 to 248056; elapsed time=4.049
++ voxel loop:0123456789.0123456789.0123456789.0123456789.01234567++ Job #5 finished; elapsed time=5.667
++ Job #2 finished; elapsed time=5.693
++ Job #1 finished; elapsed time=5.699
++ Job #3 finished; elapsed time=5.734
++ Job #8 finished; elapsed time=5.734
8++ Job #6 finished; elapsed time=5.758
9.
++ Job #0 waiting for children to finish; elapsed time=5.773
++ Job #4 finished; elapsed time=5.780
++ Job #7 finished; elapsed time=5.799
++ Job #9 finished; elapsed time=5.952
++ Job #0 now finishing up; elapsed time=5.983
++ Smallest FDR q [0 Full_Fstat] = 1.11185e-13
++ Smallest FDR q [2 Healthy#0_Tstat] = 3.11175e-12
++ Smallest FDR q [3 Healthy_Fstat] = 3.11188e-12
++ Smallest FDR q [5 Unhealthy#0_Tstat] = 4.14873e-13
++ Smallest FDR q [6 Unhealthy_Fstat] = 4.14867e-13
++ Smallest FDR q [8 BidsNMiss#0_Tstat] = 4.52699e-13
++ Smallest FDR q [9 BidsNMiss_Fstat] = 4.52697e-13
++ Smallest FDR q [11 HealthyGtRest_GLT#0_Tstat] = 3.11175e-12
++ Smallest FDR q [12 HealthyGtRest_GLT_Fstat] = 3.11184e-12
++ Smallest FDR q [14 UnhealthyGtRest_GLT#0_Tstat] = 4.14873e-13
++ Smallest FDR q [15 UnhealthyGtRest_GLT_Fstat] = 4.14863e-13
++ Smallest FDR q [17 HealthyGtUnhealthy_GLT#0_Tstat] = 0.0361815
++ Smallest FDR q [18 HealthyGtUnhealthy_GLT_Fstat] = 0.036181
++ Wrote bucket dataset into ./CHIVES1013_2Cond_stats+tlrc.BRIK
 + created 13 FDR curves in bucket header
++ Wrote 3D+time dataset into ./CHIVES1013_2Cond+tlrc.BRIK
++ Wrote 3D+time dataset into ./CHIVES1013_2Cond+tlrc.BRIK
++ Program finished; elapsed time=25.700
