++ '-stim_times_AM2 1 /projects/sanlab/shared/CHIVES/CHIVES_WTP_scripts/behavioral/money/afni_timing_files/CHIVES1007/AllCondsPmod.1D' has 1 auxiliary values per time point
++ '-stim_times_AM2 1 /projects/sanlab/shared/CHIVES/CHIVES_WTP_scripts/behavioral/money/afni_timing_files/CHIVES1007/AllCondsPmod.1D' will have 2 regressors
++ '-stim_times_AM1 2 /projects/sanlab/shared/CHIVES/CHIVES_WTP_scripts/behavioral/money/afni_timing_files/CHIVES1007/BidOnsDur.1D' has 1 auxiliary values per time point
++ '-stim_times_AM1 2': basis function model 'dmBLOCK(1)' uses 1 parameters,
    out of the 1 found in timing file '/projects/sanlab/shared/CHIVES/CHIVES_WTP_scripts/behavioral/money/afni_timing_files/CHIVES1007/BidOnsDur.1D'
++ 3dDeconvolve extending num_stimts from 2 to 7 due to -ortvec
++ 3dDeconvolve: AFNI version=AFNI_18.2.04 (Jul  6 2018) [64-bit]
++ Authored by: B. Douglas Ward, et al.
++ current memory malloc-ated = 262,674 bytes (about 263 thousand [kilo])
++ loading dataset /projects/sanlab/shared/CHIVES/bids_data/derivatives/fmriprep/sub-CHIVES1007/ses-wave1/func/s6_sub-CHIVES1007_ses-wave1_task-money_bold_space-MNI152NLin2009cAsym_preproc.nii
++ current memory malloc-ated = 265,554 bytes (about 266 thousand [kilo])
++ forcibly using TR=2.0000 seconds for -input dataset
++ Skipping check for initial transients
++ Imaging duration=714.0 s; Automatic polort=5
++ -stim_times using TR=2 s for stimulus timing conversion
++ -stim_times using TR=2 s for any -iresp output datasets
++  [you can alter the -iresp TR via the -TR_times option]
++ ** -stim_times NOTE ** guessing GLOBAL times if 1 time per line; LOCAL otherwise
++ ** GUESSED ** -stim_times_AM2 1 using LOCAL times
++ '-stim_times_AM2 1' average amplitude#1=1.075
++ ** GUESSED ** -stim_times_AM1 2 using LOCAL times
------------------------------------------------------------
GLT matrix from 'SYM: AllConds[0]':
   0   0   0   0   0   0   1   0   0   0   0   0   0   0 
 
------------------------------------------------------------
GLT matrix from 'SYM: AllConds[1]':
   0   0   0   0   0   0   0   1   0   0   0   0   0   0 
 
++ Number of time points: 357 (no censoring)
 + Number of parameters:  14 [11 baseline ; 3 signal]
++ total shared memory needed = 3,155,214,060 bytes (about 3.2 billion [giga])
++ current memory malloc-ated = 1,393,700 bytes (about 1.4 million [mega])
++ mmap() memory allocated: 3,155,214,060 bytes (about 3.2 billion [giga])
++ Memory required for output bricks = 3,155,214,060 bytes (about 3.2 billion [giga])
++ Wrote matrix values to file CHIVES1007_AllCondPmod_xmat.1D
++ ========= Things you can do with the matrix file =========
++ (a) Linear regression with ARMA(1,1) modeling of serial correlation:

3dREMLfit -matrix CHIVES1007_AllCondPmod_xmat.1D -input /projects/sanlab/shared/CHIVES/bids_data/derivatives/fmriprep/sub-CHIVES1007/ses-wave1/func/s6_sub-CHIVES1007_ses-wave1_task-money_bold_space-MNI152NLin2009cAsym_preproc.nii \
 -mask /projects/sanlab/shared/CHIVES/bids_data/derivatives/fmriprep/sub-CHIVES1007/ses-wave1/func/sub-CHIVES1007_ses-wave1_task-money_bold_space-MNI152NLin2009cAsym_brainmask.nii.gz \
 -fout -tout -Rbuck CHIVES1007_AllCondPmod_stats_REML -Rvar CHIVES1007_AllCondPmod_stats_REMLvar \
 -Rfitts CHIVES1007_AllCondPmod_REML -Rerrts CHIVES1007_AllCondPmod_REML -verb
 
++ N.B.: 3dREMLfit command above written to file CHIVES1007_AllCondPmod_stats.REML_cmd
++ (b) Visualization/analysis of the matrix via ExamineXmat.R
++ (c) Synthesis of sub-model datasets using 3dSynthesize
++ ==========================================================
++ Wrote matrix values to file CHIVES1007_AllCondPmod_uncensor_xmat.1D
++ ----- Signal+Baseline matrix condition [X] (357x14):  2.90671  ++ VERY GOOD ++
++ ----- Signal-only matrix condition [X] (357x3):  1.53799  ++ VERY GOOD ++
++ ----- Baseline-only matrix condition [X] (357x11):  2.86932  ++ VERY GOOD ++
++ ----- stim_base-only matrix condition [X] (357x5):  1.59781  ++ VERY GOOD ++
++ ----- polort-only matrix condition [X] (357x6):  1.01526  ++ VERY GOOD ++
++ +++++ Matrix inverse average error = 1.46242e-15  ++ VERY GOOD ++
++ Matrix setup time = 0.02 s
++ Voxels in dataset: 1082035
++ Voxels in mask:    269641
++ Voxels per job:    26964
++ Job #1: processing voxels 239333 to 320072; elapsed time=3.531
++ Job #2: processing voxels 320073 to 383008; elapsed time=3.554
++ Job #3: processing voxels 383009 to 438581; elapsed time=3.575
++ Job #4: processing voxels 438582 to 493487; elapsed time=3.595
++ Job #5: processing voxels 493488 to 549374; elapsed time=3.615
++ Job #6: processing voxels 549375 to 607173; elapsed time=3.636
++ Job #7: processing voxels 607174 to 672937; elapsed time=3.656
++ Job #8: processing voxels 672938 to 751038; elapsed time=3.676
++ Job #9: processing voxels 751039 to 1082034; elapsed time=3.698
++ Job #0: processing voxels 0 to 239332; elapsed time=3.708
++ voxel loop:0123456789.0123456789.0123456789.0123456789.0123456++ Job #2 finished; elapsed time=5.039
++ Job #4 finished; elapsed time=5.039
7++ Job #1 finished; elapsed time=5.071
++ Job #6 finished; elapsed time=5.080
++ Job #3 finished; elapsed time=5.081
8++ Job #5 finished; elapsed time=5.109
++ Job #8 finished; elapsed time=5.131
++ Job #7 finished; elapsed time=5.155
9.
++ Job #0 waiting for children to finish; elapsed time=5.180
++ Job #9 finished; elapsed time=5.268
++ Job #0 now finishing up; elapsed time=5.292
++ Smallest FDR q [0 Full_Fstat] = 8.3827e-15
++ Smallest FDR q [2 AllConds#0_Tstat] = 2.24346e-14
++ Smallest FDR q [4 AllConds#1_Tstat] = 1.40997e-08
++ Smallest FDR q [5 AllConds_Fstat] = 2.2799e-14
++ Smallest FDR q [7 BidsNMiss#0_Tstat] = 2.42533e-14
++ Smallest FDR q [8 BidsNMiss_Fstat] = 2.42526e-14
++ Smallest FDR q [10 CondGtRest_GLT#0_Tstat] = 2.24346e-14
++ Smallest FDR q [11 CondGtRest_GLT_Fstat] = 2.2434e-14
++ Smallest FDR q [13 Pmod_GLT#0_Tstat] = 1.40997e-08
++ Smallest FDR q [14 Pmod_GLT_Fstat] = 1.40991e-08
++ Wrote bucket dataset into ./CHIVES1007_AllCondPmod_stats+tlrc.BRIK
 + created 10 FDR curves in bucket header
++ Wrote 3D+time dataset into ./CHIVES1007_AllCondPmod+tlrc.BRIK
++ Wrote 3D+time dataset into ./CHIVES1007_AllCondPmod+tlrc.BRIK
++ Program finished; elapsed time=21.036
++ '-stim_times_AM2 1 /projects/sanlab/shared/CHIVES/CHIVES_WTP_scripts/behavioral/money/afni_timing_files/CHIVES1007/HealthyPmod.1D' has 1 auxiliary values per time point
++ '-stim_times_AM2 1 /projects/sanlab/shared/CHIVES/CHIVES_WTP_scripts/behavioral/money/afni_timing_files/CHIVES1007/HealthyPmod.1D' will have 2 regressors
++ '-stim_times_AM2 2 /projects/sanlab/shared/CHIVES/CHIVES_WTP_scripts/behavioral/money/afni_timing_files/CHIVES1007/UnhealthyPmod.1D' has 1 auxiliary values per time point
++ '-stim_times_AM2 2 /projects/sanlab/shared/CHIVES/CHIVES_WTP_scripts/behavioral/money/afni_timing_files/CHIVES1007/UnhealthyPmod.1D' will have 2 regressors
++ '-stim_times_AM1 3 /projects/sanlab/shared/CHIVES/CHIVES_WTP_scripts/behavioral/money/afni_timing_files/CHIVES1007/BidOnsDur.1D' has 1 auxiliary values per time point
++ '-stim_times_AM1 3': basis function model 'dmBLOCK(1)' uses 1 parameters,
    out of the 1 found in timing file '/projects/sanlab/shared/CHIVES/CHIVES_WTP_scripts/behavioral/money/afni_timing_files/CHIVES1007/BidOnsDur.1D'
++ 3dDeconvolve extending num_stimts from 3 to 8 due to -ortvec
++ 3dDeconvolve: AFNI version=AFNI_18.2.04 (Jul  6 2018) [64-bit]
++ Authored by: B. Douglas Ward, et al.
++ current memory malloc-ated = 289,940 bytes (about 290 thousand [kilo])
++ loading dataset /projects/sanlab/shared/CHIVES/bids_data/derivatives/fmriprep/sub-CHIVES1007/ses-wave1/func/s6_sub-CHIVES1007_ses-wave1_task-money_bold_space-MNI152NLin2009cAsym_preproc.nii
++ current memory malloc-ated = 292,820 bytes (about 293 thousand [kilo])
++ forcibly using TR=2.0000 seconds for -input dataset
++ Skipping check for initial transients
++ Imaging duration=714.0 s; Automatic polort=5
++ -stim_times using TR=2 s for stimulus timing conversion
++ -stim_times using TR=2 s for any -iresp output datasets
++  [you can alter the -iresp TR via the -TR_times option]
++ ** -stim_times NOTE ** guessing GLOBAL times if 1 time per line; LOCAL otherwise
++ ** GUESSED ** -stim_times_AM2 1 using LOCAL times
++ '-stim_times_AM2 1' average amplitude#1=0.983333
++ ** GUESSED ** -stim_times_AM2 2 using LOCAL times
++ '-stim_times_AM2 2' average amplitude#1=1.16667
++ ** GUESSED ** -stim_times_AM1 3 using LOCAL times
------------------------------------------------------------
GLT matrix from 'SYM: HealthyPmod[0]':
   0   0   0   0   0   0   1   0   0   0   0   0   0   0   0   0 
 
------------------------------------------------------------
GLT matrix from 'SYM: HealthyPmod[1]':
   0   0   0   0   0   0   0   1   0   0   0   0   0   0   0   0 
 
------------------------------------------------------------
GLT matrix from 'SYM: UnhealthyPmod[0]':
   0   0   0   0   0   0   0   0   1   0   0   0   0   0   0   0 
 
------------------------------------------------------------
GLT matrix from 'SYM: UnhealthyPmod[1]':
   0   0   0   0   0   0   0   0   0   1   0   0   0   0   0   0 
 
------------------------------------------------------------
GLT matrix from 'SYM: HealthyPmod[0] -UnhealthyPmod[0]':
   0   0   0   0   0   0   1   0  -1   0   0   0   0   0   0   0 
 
------------------------------------------------------------
GLT matrix from 'SYM: HealthyPmod[1] -UnhealthyPmod[1]':
   0   0   0   0   0   0   0   1   0  -1   0   0   0   0   0   0 
 
++ Number of time points: 357 (no censoring)
 + Number of parameters:  16 [11 baseline ; 5 signal]
++ total shared memory needed = 3,228,792,440 bytes (about 3.2 billion [giga])
++ current memory malloc-ated = 1,425,566 bytes (about 1.4 million [mega])
++ mmap() memory allocated: 3,228,792,440 bytes (about 3.2 billion [giga])
++ Memory required for output bricks = 3,228,792,440 bytes (about 3.2 billion [giga])
++ Wrote matrix values to file CHIVES1007_2CondPmod_xmat.1D
++ ========= Things you can do with the matrix file =========
++ (a) Linear regression with ARMA(1,1) modeling of serial correlation:

3dREMLfit -matrix CHIVES1007_2CondPmod_xmat.1D -input /projects/sanlab/shared/CHIVES/bids_data/derivatives/fmriprep/sub-CHIVES1007/ses-wave1/func/s6_sub-CHIVES1007_ses-wave1_task-money_bold_space-MNI152NLin2009cAsym_preproc.nii \
 -mask /projects/sanlab/shared/CHIVES/bids_data/derivatives/fmriprep/sub-CHIVES1007/ses-wave1/func/sub-CHIVES1007_ses-wave1_task-money_bold_space-MNI152NLin2009cAsym_brainmask.nii.gz \
 -fout -tout -Rbuck CHIVES1007_2CondPmod_stats_REML -Rvar CHIVES1007_2CondPmod_stats_REMLvar \
 -Rfitts CHIVES1007_2CondPmod_REML -Rerrts CHIVES1007_2CondPmod_REML -verb
 
++ N.B.: 3dREMLfit command above written to file CHIVES1007_2CondPmod_stats.REML_cmd
++ (b) Visualization/analysis of the matrix via ExamineXmat.R
++ (c) Synthesis of sub-model datasets using 3dSynthesize
++ ==========================================================
++ Wrote matrix values to file CHIVES1007_2CondPmod_uncensor_xmat.1D
++ ----- Signal+Baseline matrix condition [X] (357x16):  2.91363  ++ VERY GOOD ++
++ ----- Signal-only matrix condition [X] (357x5):  1.53805  ++ VERY GOOD ++
++ ----- Baseline-only matrix condition [X] (357x11):  2.86932  ++ VERY GOOD ++
++ ----- stim_base-only matrix condition [X] (357x5):  1.59781  ++ VERY GOOD ++
++ ----- polort-only matrix condition [X] (357x6):  1.01526  ++ VERY GOOD ++
++ +++++ Matrix inverse average error = 1.01866e-15  ++ VERY GOOD ++
++ Matrix setup time = 0.02 s
++ Voxels in dataset: 1082035
++ Voxels in mask:    269641
++ Voxels per job:    26964
++ Job #1: processing voxels 239333 to 320072; elapsed time=3.374
++ Job #2: processing voxels 320073 to 383008; elapsed time=3.392
++ Job #3: processing voxels 383009 to 438581; elapsed time=3.412
++ Job #4: processing voxels 438582 to 493487; elapsed time=3.430
++ Job #5: processing voxels 493488 to 549374; elapsed time=3.449
++ Job #6: processing voxels 549375 to 607173; elapsed time=3.468
++ Job #7: processing voxels 607174 to 672937; elapsed time=3.488
++ Job #8: processing voxels 672938 to 751038; elapsed time=3.507
++ Job #9: processing voxels 751039 to 1082034; elapsed time=3.527
++ Job #0: processing voxels 0 to 239332; elapsed time=3.537
++ voxel loop:0123456789.0123456789.0123456789.0123456789.0123456++ Job #2 finished; elapsed time=5.503
++ Job #4 finished; elapsed time=5.531
7++ Job #6 finished; elapsed time=5.557
8++ Job #3 finished; elapsed time=5.586
++ Job #1 finished; elapsed time=5.588
++ Job #5 finished; elapsed time=5.597
++ Job #8 finished; elapsed time=5.621
++ Job #7 finished; elapsed time=5.648
9.
++ Job #0 waiting for children to finish; elapsed time=5.697
++ Job #9 finished; elapsed time=5.770
++ Job #0 now finishing up; elapsed time=5.795
++ Smallest FDR q [0 Full_Fstat] = 6.76191e-15
++ Smallest FDR q [2 HealthyPmod#0_Tstat] = 3.46908e-14
++ Smallest FDR q [4 HealthyPmod#1_Tstat] = 5.36955e-08
++ Smallest FDR q [5 HealthyPmod_Fstat] = 2.57523e-14
++ Smallest FDR q [7 UnhealthyPmod#0_Tstat] = 3.12816e-14
++ Smallest FDR q [9 UnhealthyPmod#1_Tstat] = 6.50418e-06
++ Smallest FDR q [10 UnhealthyPmod_Fstat] = 3.14828e-14
++ Smallest FDR q [12 BidsNMiss#0_Tstat] = 2.37563e-14
++ Smallest FDR q [13 BidsNMiss_Fstat] = 2.37561e-14
++ Smallest FDR q [15 HealthyGtRest_GLT#0_Tstat] = 3.46908e-14
++ Smallest FDR q [16 HealthyGtRest_GLT_Fstat] = 3.46912e-14
++ Smallest FDR q [18 HealthyPmod_GLT#0_Tstat] = 5.36955e-08
++ Smallest FDR q [19 HealthyPmod_GLT_Fstat] = 5.36939e-08
++ Smallest FDR q [21 UnhealthyGtRest_GLT#0_Tstat] = 3.12816e-14
++ Smallest FDR q [22 UnhealthyGtRest_GLT_Fstat] = 3.12816e-14
++ Smallest FDR q [24 UnhealthyPmod_GLT#0_Tstat] = 6.50418e-06
++ Smallest FDR q [25 UnhealthyPmod_GLT_Fstat] = 6.50406e-06
++ Smallest FDR q [27 HealthyGtUnhealthy_GLT#0_Tstat] = 0.00886533
++ Smallest FDR q [28 HealthyGtUnhealthy_GLT_Fstat] = 0.00886507
++ Smallest FDR q [30 HealthyGtUnhealthyPmod_GLT#0_Tstat] = 1.09778e-06
++ Smallest FDR q [31 HealthyGtUnhealthyPmod_GLT_Fstat] = 1.09775e-06
++ Wrote bucket dataset into ./CHIVES1007_2CondPmod_stats+tlrc.BRIK
 + created 21 FDR curves in bucket header
++ Wrote 3D+time dataset into ./CHIVES1007_2CondPmod+tlrc.BRIK
++ Wrote 3D+time dataset into ./CHIVES1007_2CondPmod+tlrc.BRIK
++ Program finished; elapsed time=37.197
++ '-stim_times_AM1 3 /projects/sanlab/shared/CHIVES/CHIVES_WTP_scripts/behavioral/money/afni_timing_files/CHIVES1007/BidOnsDur.1D' has 1 auxiliary values per time point
++ '-stim_times_AM1 3': basis function model 'dmBLOCK(1)' uses 1 parameters,
    out of the 1 found in timing file '/projects/sanlab/shared/CHIVES/CHIVES_WTP_scripts/behavioral/money/afni_timing_files/CHIVES1007/BidOnsDur.1D'
++ 3dDeconvolve extending num_stimts from 3 to 8 due to -ortvec
++ 3dDeconvolve: AFNI version=AFNI_18.2.04 (Jul  6 2018) [64-bit]
++ Authored by: B. Douglas Ward, et al.
++ current memory malloc-ated = 273,696 bytes (about 274 thousand [kilo])
++ loading dataset /projects/sanlab/shared/CHIVES/bids_data/derivatives/fmriprep/sub-CHIVES1007/ses-wave1/func/s6_sub-CHIVES1007_ses-wave1_task-money_bold_space-MNI152NLin2009cAsym_preproc.nii
++ current memory malloc-ated = 276,576 bytes (about 277 thousand [kilo])
++ forcibly using TR=2.0000 seconds for -input dataset
++ Skipping check for initial transients
++ Imaging duration=714.0 s; Automatic polort=5
++ -stim_times using TR=2 s for stimulus timing conversion
++ -stim_times using TR=2 s for any -iresp output datasets
++  [you can alter the -iresp TR via the -TR_times option]
++ ** -stim_times NOTE ** guessing GLOBAL times if 1 time per line; LOCAL otherwise
++ ** GUESSED ** -stim_times 1 using LOCAL times
++ ** GUESSED ** -stim_times 2 using LOCAL times
++ ** GUESSED ** -stim_times_AM1 3 using LOCAL times
------------------------------------------------------------
GLT matrix from 'SYM: Healthy':
   0   0   0   0   0   0   1   0   0   0   0   0   0   0 
 
------------------------------------------------------------
GLT matrix from 'SYM: Unhealthy':
   0   0   0   0   0   0   0   1   0   0   0   0   0   0 
 
------------------------------------------------------------
GLT matrix from 'SYM: Healthy -Unhealthy':
   0   0   0   0   0   0   1  -1   0   0   0   0   0   0 
 
++ Number of time points: 357 (no censoring)
 + Number of parameters:  14 [11 baseline ; 3 signal]
++ total shared memory needed = 3,172,526,620 bytes (about 3.2 billion [giga])
++ current memory malloc-ated = 1,404,768 bytes (about 1.4 million [mega])
++ mmap() memory allocated: 3,172,526,620 bytes (about 3.2 billion [giga])
++ Memory required for output bricks = 3,172,526,620 bytes (about 3.2 billion [giga])
++ Wrote matrix values to file CHIVES1007_2Cond_xmat.1D
++ ========= Things you can do with the matrix file =========
++ (a) Linear regression with ARMA(1,1) modeling of serial correlation:

3dREMLfit -matrix CHIVES1007_2Cond_xmat.1D -input /projects/sanlab/shared/CHIVES/bids_data/derivatives/fmriprep/sub-CHIVES1007/ses-wave1/func/s6_sub-CHIVES1007_ses-wave1_task-money_bold_space-MNI152NLin2009cAsym_preproc.nii \
 -mask /projects/sanlab/shared/CHIVES/bids_data/derivatives/fmriprep/sub-CHIVES1007/ses-wave1/func/sub-CHIVES1007_ses-wave1_task-money_bold_space-MNI152NLin2009cAsym_brainmask.nii.gz \
 -fout -tout -Rbuck CHIVES1007_2Cond_stats_REML -Rvar CHIVES1007_2Cond_stats_REMLvar \
 -Rfitts CHIVES1007_2Cond_REML -Rerrts CHIVES1007_2Cond_REML -verb
 
++ N.B.: 3dREMLfit command above written to file CHIVES1007_2Cond_stats.REML_cmd
++ (b) Visualization/analysis of the matrix via ExamineXmat.R
++ (c) Synthesis of sub-model datasets using 3dSynthesize
++ ==========================================================
++ Wrote matrix values to file CHIVES1007_2Cond_uncensor_xmat.1D
++ ----- Signal+Baseline matrix condition [X] (357x14):  2.90596  ++ VERY GOOD ++
++ ----- Signal-only matrix condition [X] (357x3):  1.53792  ++ VERY GOOD ++
++ ----- Baseline-only matrix condition [X] (357x11):  2.86932  ++ VERY GOOD ++
++ ----- stim_base-only matrix condition [X] (357x5):  1.59781  ++ VERY GOOD ++
++ ----- polort-only matrix condition [X] (357x6):  1.01526  ++ VERY GOOD ++
++ +++++ Matrix inverse average error = 1.56055e-15  ++ VERY GOOD ++
++ Matrix setup time = 0.02 s
++ Voxels in dataset: 1082035
++ Voxels in mask:    269641
++ Voxels per job:    26964
++ Job #1: processing voxels 239333 to 320072; elapsed time=3.320
++ Job #2: processing voxels 320073 to 383008; elapsed time=3.341
++ Job #3: processing voxels 383009 to 438581; elapsed time=3.362
++ Job #4: processing voxels 438582 to 493487; elapsed time=3.383
++ Job #5: processing voxels 493488 to 549374; elapsed time=3.404
++ Job #6: processing voxels 549375 to 607173; elapsed time=3.425
++ Job #7: processing voxels 607174 to 672937; elapsed time=3.446
++ Job #8: processing voxels 672938 to 751038; elapsed time=3.466
++ Job #9: processing voxels 751039 to 1082034; elapsed time=3.488
++ Job #0: processing voxels 0 to 239332; elapsed time=3.498
++ voxel loop:0123456789.0123456789.0123456789.0123456789.012345678++ Job #4 finished; elapsed time=5.042
++ Job #2 finished; elapsed time=5.060
++ Job #6 finished; elapsed time=5.085
++ Job #1 finished; elapsed time=5.118
++ Job #3 finished; elapsed time=5.121
++ Job #5 finished; elapsed time=5.140
9.
++ Job #0 waiting for children to finish; elapsed time=5.141
++ Job #8 finished; elapsed time=5.142
++ Job #7 finished; elapsed time=5.197
++ Job #9 finished; elapsed time=5.317
++ Job #0 now finishing up; elapsed time=5.341
++ Smallest FDR q [0 Full_Fstat] = 8.01785e-15
++ Smallest FDR q [2 Healthy#0_Tstat] = 3.67787e-14
++ Smallest FDR q [3 Healthy_Fstat] = 3.67791e-14
++ Smallest FDR q [5 Unhealthy#0_Tstat] = 3.28502e-14
++ Smallest FDR q [6 Unhealthy_Fstat] = 3.28502e-14
++ Smallest FDR q [8 BidsNMiss#0_Tstat] = 2.42529e-14
++ Smallest FDR q [9 BidsNMiss_Fstat] = 2.4252e-14
++ Smallest FDR q [11 HealthyGtRest_GLT#0_Tstat] = 3.67787e-14
++ Smallest FDR q [12 HealthyGtRest_GLT_Fstat] = 3.67791e-14
++ Smallest FDR q [14 UnhealthyGtRest_GLT#0_Tstat] = 3.28502e-14
++ Smallest FDR q [15 UnhealthyGtRest_GLT_Fstat] = 3.28502e-14
++ Smallest FDR q [17 HealthyGtUnhealthy_GLT#0_Tstat] = 0.0106646
++ Smallest FDR q [18 HealthyGtUnhealthy_GLT_Fstat] = 0.0106648
++ Wrote bucket dataset into ./CHIVES1007_2Cond_stats+tlrc.BRIK
 + created 13 FDR curves in bucket header
++ Wrote 3D+time dataset into ./CHIVES1007_2Cond+tlrc.BRIK
++ Wrote 3D+time dataset into ./CHIVES1007_2Cond+tlrc.BRIK
++ Program finished; elapsed time=24.999
