** AFNI converts NIFTI_datatype=4 (INT16) in file /projects/sanlab/shared/CHIVES/bids_data/derivatives/fmriprep/sub-CHIVES1063/ses-wave1/func/s6_sub-CHIVES1063_ses-wave1_task-money_bold_space-MNI152NLin2009cAsym_preproc.nii to FLOAT32
     Warnings of this type will be muted for this session.
     Set AFNI_NIFTI_TYPE_WARN to YES to see them all, NO to see none.
++ '-stim_times_AM2 1 /projects/sanlab/shared/CHIVES/CHIVES_WTP_scripts/behavioral/money/afni_timing_files/CHIVES1063/AllCondsPmod.1D' has 1 auxiliary values per time point
++ '-stim_times_AM2 1 /projects/sanlab/shared/CHIVES/CHIVES_WTP_scripts/behavioral/money/afni_timing_files/CHIVES1063/AllCondsPmod.1D' will have 2 regressors
++ '-stim_times_AM1 2 /projects/sanlab/shared/CHIVES/CHIVES_WTP_scripts/behavioral/money/afni_timing_files/CHIVES1063/BidOnsDur.1D' has 1 auxiliary values per time point
++ '-stim_times_AM1 2': basis function model 'dmBLOCK(1)' uses 1 parameters,
    out of the 1 found in timing file '/projects/sanlab/shared/CHIVES/CHIVES_WTP_scripts/behavioral/money/afni_timing_files/CHIVES1063/BidOnsDur.1D'
++ 3dDeconvolve extending num_stimts from 2 to 7 due to -ortvec
++ 3dDeconvolve: AFNI version=AFNI_18.2.04 (Jul  6 2018) [64-bit]
++ Authored by: B. Douglas Ward, et al.
++ current memory malloc-ated = 261,534 bytes (about 262 thousand [kilo])
++ loading dataset /projects/sanlab/shared/CHIVES/bids_data/derivatives/fmriprep/sub-CHIVES1063/ses-wave1/func/s6_sub-CHIVES1063_ses-wave1_task-money_bold_space-MNI152NLin2009cAsym_preproc.nii
++ current memory malloc-ated = 1,523,769,654 bytes (about 1.5 billion [giga])
++ forcibly using TR=2.0000 seconds for -input dataset
++ Skipping check for initial transients
++ Imaging duration=704.0 s; Automatic polort=5
++ -stim_times using TR=2 s for stimulus timing conversion
++ -stim_times using TR=2 s for any -iresp output datasets
++  [you can alter the -iresp TR via the -TR_times option]
++ ** -stim_times NOTE ** guessing GLOBAL times if 1 time per line; LOCAL otherwise
++ ** GUESSED ** -stim_times_AM2 1 using LOCAL times
++ '-stim_times_AM2 1' average amplitude#1=0.8
++ ** GUESSED ** -stim_times_AM1 2 using LOCAL times
------------------------------------------------------------
GLT matrix from 'SYM: AllConds[0]':
   0   0   0   0   0   0   1   0   0   0   0   0   0   0 
 
------------------------------------------------------------
GLT matrix from 'SYM: AllConds[1]':
   0   0   0   0   0   0   0   1   0   0   0   0   0   0 
 
++ Number of time points: 352 (no censoring)
 + Number of parameters:  14 [11 baseline ; 3 signal]
++ total shared memory needed = 3,111,932,660 bytes (about 3.1 billion [giga])
++ current memory malloc-ated = 1,524,897,500 bytes (about 1.5 billion [giga])
++ mmap() memory allocated: 3,111,932,660 bytes (about 3.1 billion [giga])
++ Memory required for output bricks = 3,111,932,660 bytes (about 3.1 billion [giga])
++ Wrote matrix values to file CHIVES1063_AllCondPmod_xmat.1D
++ ========= Things you can do with the matrix file =========
++ (a) Linear regression with ARMA(1,1) modeling of serial correlation:

3dREMLfit -matrix CHIVES1063_AllCondPmod_xmat.1D -input /projects/sanlab/shared/CHIVES/bids_data/derivatives/fmriprep/sub-CHIVES1063/ses-wave1/func/s6_sub-CHIVES1063_ses-wave1_task-money_bold_space-MNI152NLin2009cAsym_preproc.nii \
 -mask /projects/sanlab/shared/CHIVES/bids_data/derivatives/fmriprep/sub-CHIVES1063/ses-wave1/func/sub-CHIVES1063_ses-wave1_task-money_bold_space-MNI152NLin2009cAsym_brainmask.nii.gz \
 -fout -tout -Rbuck CHIVES1063_AllCondPmod_stats_REML -Rvar CHIVES1063_AllCondPmod_stats_REMLvar \
 -Rfitts CHIVES1063_AllCondPmod_REML -Rerrts CHIVES1063_AllCondPmod_REML -verb
 
++ N.B.: 3dREMLfit command above written to file CHIVES1063_AllCondPmod_stats.REML_cmd
++ (b) Visualization/analysis of the matrix via ExamineXmat.R
++ (c) Synthesis of sub-model datasets using 3dSynthesize
++ ==========================================================
++ Wrote matrix values to file CHIVES1063_AllCondPmod_uncensor_xmat.1D
++ ----- Signal+Baseline matrix condition [X] (352x14):  3.93074  ++ VERY GOOD ++
++ ----- Signal-only matrix condition [X] (352x3):  1.56898  ++ VERY GOOD ++
++ ----- Baseline-only matrix condition [X] (352x11):  3.91137  ++ VERY GOOD ++
++ ----- stim_base-only matrix condition [X] (352x5):  3.20314  ++ VERY GOOD ++
++ ----- polort-only matrix condition [X] (352x6):  1.01547  ++ VERY GOOD ++
++ +++++ Matrix inverse average error = 1.35214e-15  ++ VERY GOOD ++
++ Matrix setup time = 0.01 s
++ Voxels in dataset: 1082035
++ Voxels in mask:    261678
++ Voxels per job:    26167
++ Job #1: processing voxels 248829 to 327727; elapsed time=3.975
++ Job #2: processing voxels 327728 to 384646; elapsed time=4.001
++ Job #3: processing voxels 384647 to 439254; elapsed time=4.027
++ Job #4: processing voxels 439255 to 493197; elapsed time=4.053
++ Job #5: processing voxels 493198 to 545274; elapsed time=4.079
++ Job #6: processing voxels 545275 to 605827; elapsed time=4.105
++ Job #7: processing voxels 605828 to 666417; elapsed time=4.131
++ Job #8: processing voxels 666418 to 743253; elapsed time=4.157
++ Job #9: processing voxels 743254 to 1082034; elapsed time=4.184
++ Job #0: processing voxels 0 to 248828; elapsed time=4.194
++ voxel loop:0123456789.0123456789.0123456789.0123456789.012345++ Job #1 finished; elapsed time=5.450
6++ Job #3 finished; elapsed time=5.495
7++ Job #6 finished; elapsed time=5.591
++ Job #8 finished; elapsed time=5.640
89.
++ Job #0 waiting for children to finish; elapsed time=5.689
++ Job #2 finished; elapsed time=5.689
++ Job #9 finished; elapsed time=5.702
++ Job #4 finished; elapsed time=5.711
++ Job #5 finished; elapsed time=5.716
++ Job #7 finished; elapsed time=5.787
++ Job #0 now finishing up; elapsed time=5.810
++ Smallest FDR q [0 Full_Fstat] = 3.33357e-14
++ Smallest FDR q [2 AllConds#0_Tstat] = 1.87938e-13
++ Smallest FDR q [4 AllConds#1_Tstat] = 1.11502e-11
++ Smallest FDR q [5 AllConds_Fstat] = 1.62134e-13
++ Smallest FDR q [7 BidsNMiss#0_Tstat] = 1.26106e-13
++ Smallest FDR q [8 BidsNMiss_Fstat] = 1.26092e-13
++ Smallest FDR q [10 CondGtRest_GLT#0_Tstat] = 1.87938e-13
++ Smallest FDR q [11 CondGtRest_GLT_Fstat] = 1.87933e-13
++ Smallest FDR q [13 Pmod_GLT#0_Tstat] = 1.11502e-11
++ Smallest FDR q [14 Pmod_GLT_Fstat] = 1.11505e-11
++ Wrote bucket dataset into ./CHIVES1063_AllCondPmod_stats+tlrc.BRIK
 + created 10 FDR curves in bucket header
++ Wrote 3D+time dataset into ./CHIVES1063_AllCondPmod+tlrc.BRIK
++ Wrote 3D+time dataset into ./CHIVES1063_AllCondPmod+tlrc.BRIK
++ Program finished; elapsed time=22.561
** AFNI converts NIFTI_datatype=4 (INT16) in file /projects/sanlab/shared/CHIVES/bids_data/derivatives/fmriprep/sub-CHIVES1063/ses-wave1/func/s6_sub-CHIVES1063_ses-wave1_task-money_bold_space-MNI152NLin2009cAsym_preproc.nii to FLOAT32
     Warnings of this type will be muted for this session.
     Set AFNI_NIFTI_TYPE_WARN to YES to see them all, NO to see none.
++ '-stim_times_AM2 1 /projects/sanlab/shared/CHIVES/CHIVES_WTP_scripts/behavioral/money/afni_timing_files/CHIVES1063/HealthyPmod.1D' has 1 auxiliary values per time point
++ '-stim_times_AM2 1 /projects/sanlab/shared/CHIVES/CHIVES_WTP_scripts/behavioral/money/afni_timing_files/CHIVES1063/HealthyPmod.1D' will have 2 regressors
++ '-stim_times_AM2 2 /projects/sanlab/shared/CHIVES/CHIVES_WTP_scripts/behavioral/money/afni_timing_files/CHIVES1063/UnhealthyPmod.1D' has 1 auxiliary values per time point
++ '-stim_times_AM2 2 /projects/sanlab/shared/CHIVES/CHIVES_WTP_scripts/behavioral/money/afni_timing_files/CHIVES1063/UnhealthyPmod.1D' will have 2 regressors
++ '-stim_times_AM1 3 /projects/sanlab/shared/CHIVES/CHIVES_WTP_scripts/behavioral/money/afni_timing_files/CHIVES1063/BidOnsDur.1D' has 1 auxiliary values per time point
++ '-stim_times_AM1 3': basis function model 'dmBLOCK(1)' uses 1 parameters,
    out of the 1 found in timing file '/projects/sanlab/shared/CHIVES/CHIVES_WTP_scripts/behavioral/money/afni_timing_files/CHIVES1063/BidOnsDur.1D'
++ 3dDeconvolve extending num_stimts from 3 to 8 due to -ortvec
++ 3dDeconvolve: AFNI version=AFNI_18.2.04 (Jul  6 2018) [64-bit]
++ Authored by: B. Douglas Ward, et al.
++ current memory malloc-ated = 288,800 bytes (about 289 thousand [kilo])
++ loading dataset /projects/sanlab/shared/CHIVES/bids_data/derivatives/fmriprep/sub-CHIVES1063/ses-wave1/func/s6_sub-CHIVES1063_ses-wave1_task-money_bold_space-MNI152NLin2009cAsym_preproc.nii
++ current memory malloc-ated = 1,523,796,920 bytes (about 1.5 billion [giga])
++ forcibly using TR=2.0000 seconds for -input dataset
++ Skipping check for initial transients
++ Imaging duration=704.0 s; Automatic polort=5
++ -stim_times using TR=2 s for stimulus timing conversion
++ -stim_times using TR=2 s for any -iresp output datasets
++  [you can alter the -iresp TR via the -TR_times option]
++ ** -stim_times NOTE ** guessing GLOBAL times if 1 time per line; LOCAL otherwise
++ ** GUESSED ** -stim_times_AM2 1 using LOCAL times
++ '-stim_times_AM2 1' average amplitude#1=0.816667
++ ** GUESSED ** -stim_times_AM2 2 using LOCAL times
++ '-stim_times_AM2 2' average amplitude#1=0.783333
++ ** GUESSED ** -stim_times_AM1 3 using LOCAL times
------------------------------------------------------------
GLT matrix from 'SYM: HealthyPmod[0]':
   0   0   0   0   0   0   1   0   0   0   0   0   0   0   0   0 
 
------------------------------------------------------------
GLT matrix from 'SYM: HealthyPmod[1]':
   0   0   0   0   0   0   0   1   0   0   0   0   0   0   0   0 
 
------------------------------------------------------------
GLT matrix from 'SYM: UnhealthyPmod[0]':
   0   0   0   0   0   0   0   0   1   0   0   0   0   0   0   0 
 
------------------------------------------------------------
GLT matrix from 'SYM: UnhealthyPmod[1]':
   0   0   0   0   0   0   0   0   0   1   0   0   0   0   0   0 
 
------------------------------------------------------------
GLT matrix from 'SYM: HealthyPmod[0] -UnhealthyPmod[0]':
   0   0   0   0   0   0   1   0  -1   0   0   0   0   0   0   0 
 
------------------------------------------------------------
GLT matrix from 'SYM: HealthyPmod[1] -UnhealthyPmod[1]':
   0   0   0   0   0   0   0   1   0  -1   0   0   0   0   0   0 
 
++ Number of time points: 352 (no censoring)
 + Number of parameters:  16 [11 baseline ; 5 signal]
++ total shared memory needed = 3,185,511,040 bytes (about 3.2 billion [giga])
++ current memory malloc-ated = 1,524,929,326 bytes (about 1.5 billion [giga])
++ mmap() memory allocated: 3,185,511,040 bytes (about 3.2 billion [giga])
++ Memory required for output bricks = 3,185,511,040 bytes (about 3.2 billion [giga])
++ Wrote matrix values to file CHIVES1063_2CondPmod_xmat.1D
++ ========= Things you can do with the matrix file =========
++ (a) Linear regression with ARMA(1,1) modeling of serial correlation:

3dREMLfit -matrix CHIVES1063_2CondPmod_xmat.1D -input /projects/sanlab/shared/CHIVES/bids_data/derivatives/fmriprep/sub-CHIVES1063/ses-wave1/func/s6_sub-CHIVES1063_ses-wave1_task-money_bold_space-MNI152NLin2009cAsym_preproc.nii \
 -mask /projects/sanlab/shared/CHIVES/bids_data/derivatives/fmriprep/sub-CHIVES1063/ses-wave1/func/sub-CHIVES1063_ses-wave1_task-money_bold_space-MNI152NLin2009cAsym_brainmask.nii.gz \
 -fout -tout -Rbuck CHIVES1063_2CondPmod_stats_REML -Rvar CHIVES1063_2CondPmod_stats_REMLvar \
 -Rfitts CHIVES1063_2CondPmod_REML -Rerrts CHIVES1063_2CondPmod_REML -verb
 
++ N.B.: 3dREMLfit command above written to file CHIVES1063_2CondPmod_stats.REML_cmd
++ (b) Visualization/analysis of the matrix via ExamineXmat.R
++ (c) Synthesis of sub-model datasets using 3dSynthesize
++ ==========================================================
++ Wrote matrix values to file CHIVES1063_2CondPmod_uncensor_xmat.1D
++ ----- Signal+Baseline matrix condition [X] (352x16):  3.99563  ++ VERY GOOD ++
++ ----- Signal-only matrix condition [X] (352x5):  1.56916  ++ VERY GOOD ++
++ ----- Baseline-only matrix condition [X] (352x11):  3.91137  ++ VERY GOOD ++
++ ----- stim_base-only matrix condition [X] (352x5):  3.20314  ++ VERY GOOD ++
++ ----- polort-only matrix condition [X] (352x6):  1.01547  ++ VERY GOOD ++
++ +++++ Matrix inverse average error = 9.15938e-16  ++ VERY GOOD ++
++ Matrix setup time = 0.02 s
++ Voxels in dataset: 1082035
++ Voxels in mask:    261678
++ Voxels per job:    26167
++ Job #1: processing voxels 248829 to 327727; elapsed time=3.957
++ Job #2: processing voxels 327728 to 384646; elapsed time=3.983
++ Job #3: processing voxels 384647 to 439254; elapsed time=4.009
++ Job #4: processing voxels 439255 to 493197; elapsed time=4.035
++ Job #5: processing voxels 493198 to 545274; elapsed time=4.061
++ Job #6: processing voxels 545275 to 605827; elapsed time=4.087
++ Job #7: processing voxels 605828 to 666417; elapsed time=4.113
++ Job #8: processing voxels 666418 to 743253; elapsed time=4.139
++ Job #9: processing voxels 743254 to 1082034; elapsed time=4.166
++ Job #0: processing voxels 0 to 248828; elapsed time=4.176
++ voxel loop:0123456789.0123456789.0123456789.0123456789.0123456++ Job #2 finished; elapsed time=5.987
7++ Job #4 finished; elapsed time=6.026
++ Job #6 finished; elapsed time=6.090
++ Job #1 finished; elapsed time=6.093
8++ Job #3 finished; elapsed time=6.106
++ Job #5 finished; elapsed time=6.137
++ Job #8 finished; elapsed time=6.142
9.
++ Job #0 waiting for children to finish; elapsed time=6.158
++ Job #7 finished; elapsed time=6.221
++ Job #9 finished; elapsed time=6.363
++ Job #0 now finishing up; elapsed time=6.392
++ Smallest FDR q [0 Full_Fstat] = 3.63324e-14
++ Smallest FDR q [2 HealthyPmod#0_Tstat] = 8.71615e-13
++ Smallest FDR q [4 HealthyPmod#1_Tstat] = 5.60927e-09
++ Smallest FDR q [5 HealthyPmod_Fstat] = 7.14995e-13
++ Smallest FDR q [7 UnhealthyPmod#0_Tstat] = 4.4696e-13
++ Smallest FDR q [9 UnhealthyPmod#1_Tstat] = 0.000171111
++ Smallest FDR q [10 UnhealthyPmod_Fstat] = 5.3822e-13
++ Smallest FDR q [12 BidsNMiss#0_Tstat] = 1.24911e-13
++ Smallest FDR q [13 BidsNMiss_Fstat] = 1.24908e-13
++ Smallest FDR q [15 HealthyGtRest_GLT#0_Tstat] = 8.71615e-13
++ Smallest FDR q [16 HealthyGtRest_GLT_Fstat] = 8.71633e-13
++ Smallest FDR q [18 HealthyPmod_GLT#0_Tstat] = 5.60927e-09
++ Smallest FDR q [19 HealthyPmod_GLT_Fstat] = 5.60907e-09
++ Smallest FDR q [21 UnhealthyGtRest_GLT#0_Tstat] = 4.4696e-13
++ Smallest FDR q [22 UnhealthyGtRest_GLT_Fstat] = 4.46955e-13
++ Smallest FDR q [24 UnhealthyPmod_GLT#0_Tstat] = 0.000171111
++ Smallest FDR q [25 UnhealthyPmod_GLT_Fstat] = 0.000171127
++ Smallest FDR q [27 HealthyGtUnhealthy_GLT#0_Tstat] = 2.40216e-10
++ Smallest FDR q [28 HealthyGtUnhealthy_GLT_Fstat] = 2.40217e-10
++ Smallest FDR q [30 HealthyGtUnhealthyPmod_GLT#0_Tstat] = 0.0485235
++ Smallest FDR q [31 HealthyGtUnhealthyPmod_GLT_Fstat] = 0.0485345
++ Wrote bucket dataset into ./CHIVES1063_2CondPmod_stats+tlrc.BRIK
 + created 21 FDR curves in bucket header
++ Wrote 3D+time dataset into ./CHIVES1063_2CondPmod+tlrc.BRIK
++ Wrote 3D+time dataset into ./CHIVES1063_2CondPmod+tlrc.BRIK
++ Program finished; elapsed time=36.449
** AFNI converts NIFTI_datatype=4 (INT16) in file /projects/sanlab/shared/CHIVES/bids_data/derivatives/fmriprep/sub-CHIVES1063/ses-wave1/func/s6_sub-CHIVES1063_ses-wave1_task-money_bold_space-MNI152NLin2009cAsym_preproc.nii to FLOAT32
     Warnings of this type will be muted for this session.
     Set AFNI_NIFTI_TYPE_WARN to YES to see them all, NO to see none.
++ '-stim_times_AM1 3 /projects/sanlab/shared/CHIVES/CHIVES_WTP_scripts/behavioral/money/afni_timing_files/CHIVES1063/BidOnsDur.1D' has 1 auxiliary values per time point
++ '-stim_times_AM1 3': basis function model 'dmBLOCK(1)' uses 1 parameters,
    out of the 1 found in timing file '/projects/sanlab/shared/CHIVES/CHIVES_WTP_scripts/behavioral/money/afni_timing_files/CHIVES1063/BidOnsDur.1D'
++ 3dDeconvolve extending num_stimts from 3 to 8 due to -ortvec
++ 3dDeconvolve: AFNI version=AFNI_18.2.04 (Jul  6 2018) [64-bit]
++ Authored by: B. Douglas Ward, et al.
++ current memory malloc-ated = 272,556 bytes (about 273 thousand [kilo])
++ loading dataset /projects/sanlab/shared/CHIVES/bids_data/derivatives/fmriprep/sub-CHIVES1063/ses-wave1/func/s6_sub-CHIVES1063_ses-wave1_task-money_bold_space-MNI152NLin2009cAsym_preproc.nii
++ current memory malloc-ated = 1,523,780,676 bytes (about 1.5 billion [giga])
++ forcibly using TR=2.0000 seconds for -input dataset
++ Skipping check for initial transients
++ Imaging duration=704.0 s; Automatic polort=5
++ -stim_times using TR=2 s for stimulus timing conversion
++ -stim_times using TR=2 s for any -iresp output datasets
++  [you can alter the -iresp TR via the -TR_times option]
++ ** -stim_times NOTE ** guessing GLOBAL times if 1 time per line; LOCAL otherwise
++ ** GUESSED ** -stim_times 1 using LOCAL times
++ ** GUESSED ** -stim_times 2 using LOCAL times
++ ** GUESSED ** -stim_times_AM1 3 using LOCAL times
------------------------------------------------------------
GLT matrix from 'SYM: Healthy':
   0   0   0   0   0   0   1   0   0   0   0   0   0   0 
 
------------------------------------------------------------
GLT matrix from 'SYM: Unhealthy':
   0   0   0   0   0   0   0   1   0   0   0   0   0   0 
 
------------------------------------------------------------
GLT matrix from 'SYM: Healthy -Unhealthy':
   0   0   0   0   0   0   1  -1   0   0   0   0   0   0 
 
++ Number of time points: 352 (no censoring)
 + Number of parameters:  14 [11 baseline ; 3 signal]
++ total shared memory needed = 3,129,245,220 bytes (about 3.1 billion [giga])
++ current memory malloc-ated = 1,524,908,568 bytes (about 1.5 billion [giga])
++ mmap() memory allocated: 3,129,245,220 bytes (about 3.1 billion [giga])
++ Memory required for output bricks = 3,129,245,220 bytes (about 3.1 billion [giga])
++ Wrote matrix values to file CHIVES1063_2Cond_xmat.1D
++ ========= Things you can do with the matrix file =========
++ (a) Linear regression with ARMA(1,1) modeling of serial correlation:

3dREMLfit -matrix CHIVES1063_2Cond_xmat.1D -input /projects/sanlab/shared/CHIVES/bids_data/derivatives/fmriprep/sub-CHIVES1063/ses-wave1/func/s6_sub-CHIVES1063_ses-wave1_task-money_bold_space-MNI152NLin2009cAsym_preproc.nii \
 -mask /projects/sanlab/shared/CHIVES/bids_data/derivatives/fmriprep/sub-CHIVES1063/ses-wave1/func/sub-CHIVES1063_ses-wave1_task-money_bold_space-MNI152NLin2009cAsym_brainmask.nii.gz \
 -fout -tout -Rbuck CHIVES1063_2Cond_stats_REML -Rvar CHIVES1063_2Cond_stats_REMLvar \
 -Rfitts CHIVES1063_2Cond_REML -Rerrts CHIVES1063_2Cond_REML -verb
 
++ N.B.: 3dREMLfit command above written to file CHIVES1063_2Cond_stats.REML_cmd
++ (b) Visualization/analysis of the matrix via ExamineXmat.R
++ (c) Synthesis of sub-model datasets using 3dSynthesize
++ ==========================================================
++ Wrote matrix values to file CHIVES1063_2Cond_uncensor_xmat.1D
++ ----- Signal+Baseline matrix condition [X] (352x14):  3.9263  ++ VERY GOOD ++
++ ----- Signal-only matrix condition [X] (352x3):  1.56911  ++ VERY GOOD ++
++ ----- Baseline-only matrix condition [X] (352x11):  3.91137  ++ VERY GOOD ++
++ ----- stim_base-only matrix condition [X] (352x5):  3.20314  ++ VERY GOOD ++
++ ----- polort-only matrix condition [X] (352x6):  1.01547  ++ VERY GOOD ++
++ +++++ Matrix inverse average error = 1.08744e-15  ++ VERY GOOD ++
++ Matrix setup time = 0.01 s
++ Voxels in dataset: 1082035
++ Voxels in mask:    261678
++ Voxels per job:    26167
++ Job #1: processing voxels 248829 to 327727; elapsed time=3.866
++ Job #2: processing voxels 327728 to 384646; elapsed time=3.894
++ Job #3: processing voxels 384647 to 439254; elapsed time=3.921
++ Job #4: processing voxels 439255 to 493197; elapsed time=3.947
++ Job #5: processing voxels 493198 to 545274; elapsed time=3.974
++ Job #6: processing voxels 545275 to 605827; elapsed time=4.001
++ Job #7: processing voxels 605828 to 666417; elapsed time=4.028
++ Job #8: processing voxels 666418 to 743253; elapsed time=4.055
++ Job #9: processing voxels 743254 to 1082034; elapsed time=4.082
++ Job #0: processing voxels 0 to 248828; elapsed time=4.092
++ voxel loop:0123456789.0123456789.0123456789.0123456789.0123456++ Job #2 finished; elapsed time=5.541
++ Job #4 finished; elapsed time=5.603
7++ Job #1 finished; elapsed time=5.644
++ Job #6 finished; elapsed time=5.647
++ Job #3 finished; elapsed time=5.675
8++ Job #8 finished; elapsed time=5.718
++ Job #5 finished; elapsed time=5.721
9.
++ Job #0 waiting for children to finish; elapsed time=5.743
++ Job #7 finished; elapsed time=5.766
++ Job #9 finished; elapsed time=5.920
++ Job #0 now finishing up; elapsed time=5.950
++ Smallest FDR q [0 Full_Fstat] = 3.84061e-14
++ Smallest FDR q [2 Healthy#0_Tstat] = 9.61789e-13
++ Smallest FDR q [3 Healthy_Fstat] = 9.61822e-13
++ Smallest FDR q [5 Unhealthy#0_Tstat] = 4.68648e-13
++ Smallest FDR q [6 Unhealthy_Fstat] = 4.68637e-13
++ Smallest FDR q [8 BidsNMiss#0_Tstat] = 1.3048e-13
++ Smallest FDR q [9 BidsNMiss_Fstat] = 1.3049e-13
++ Smallest FDR q [11 HealthyGtRest_GLT#0_Tstat] = 9.61789e-13
++ Smallest FDR q [12 HealthyGtRest_GLT_Fstat] = 9.61822e-13
++ Smallest FDR q [14 UnhealthyGtRest_GLT#0_Tstat] = 4.68648e-13
++ Smallest FDR q [15 UnhealthyGtRest_GLT_Fstat] = 4.68647e-13
++ Smallest FDR q [17 HealthyGtUnhealthy_GLT#0_Tstat] = 2.21466e-10
++ Smallest FDR q [18 HealthyGtUnhealthy_GLT_Fstat] = 2.21466e-10
++ Wrote bucket dataset into ./CHIVES1063_2Cond_stats+tlrc.BRIK
 + created 13 FDR curves in bucket header
++ Wrote 3D+time dataset into ./CHIVES1063_2Cond+tlrc.BRIK
++ Wrote 3D+time dataset into ./CHIVES1063_2Cond+tlrc.BRIK
++ Program finished; elapsed time=24.470
