** AFNI converts NIFTI_datatype=4 (INT16) in file /projects/sanlab/shared/CHIVES/bids_data/derivatives/fmriprep/sub-CHIVES1029/ses-wave1/func/s6_sub-CHIVES1029_ses-wave1_task-money_bold_space-MNI152NLin2009cAsym_preproc.nii to FLOAT32
     Warnings of this type will be muted for this session.
     Set AFNI_NIFTI_TYPE_WARN to YES to see them all, NO to see none.
++ '-stim_times_AM2 1 /projects/sanlab/shared/CHIVES/CHIVES_WTP_scripts/behavioral/money/afni_timing_files/CHIVES1029/AllCondsPmod.1D' has 1 auxiliary values per time point
++ '-stim_times_AM2 1 /projects/sanlab/shared/CHIVES/CHIVES_WTP_scripts/behavioral/money/afni_timing_files/CHIVES1029/AllCondsPmod.1D' will have 2 regressors
++ '-stim_times_AM1 2 /projects/sanlab/shared/CHIVES/CHIVES_WTP_scripts/behavioral/money/afni_timing_files/CHIVES1029/BidOnsDur.1D' has 1 auxiliary values per time point
++ '-stim_times_AM1 2': basis function model 'dmBLOCK(1)' uses 1 parameters,
    out of the 1 found in timing file '/projects/sanlab/shared/CHIVES/CHIVES_WTP_scripts/behavioral/money/afni_timing_files/CHIVES1029/BidOnsDur.1D'
++ 3dDeconvolve extending num_stimts from 2 to 6 due to -ortvec
++ 3dDeconvolve: AFNI version=AFNI_18.2.04 (Jul  6 2018) [64-bit]
++ Authored by: B. Douglas Ward, et al.
++ current memory malloc-ated = 254,635 bytes (about 255 thousand [kilo])
++ loading dataset /projects/sanlab/shared/CHIVES/bids_data/derivatives/fmriprep/sub-CHIVES1029/ses-wave1/func/s6_sub-CHIVES1029_ses-wave1_task-money_bold_space-MNI152NLin2009cAsym_preproc.nii
++ current memory malloc-ated = 1,545,403,495 bytes (about 1.5 billion [giga])
++ forcibly using TR=2.0000 seconds for -input dataset
++ Skipping check for initial transients
++ Imaging duration=714.0 s; Automatic polort=5
++ -stim_times using TR=2 s for stimulus timing conversion
++ -stim_times using TR=2 s for any -iresp output datasets
++  [you can alter the -iresp TR via the -TR_times option]
++ ** -stim_times NOTE ** guessing GLOBAL times if 1 time per line; LOCAL otherwise
++ ** GUESSED ** -stim_times_AM2 1 using LOCAL times
++ '-stim_times_AM2 1' average amplitude#1=0.825
++ ** GUESSED ** -stim_times_AM1 2 using LOCAL times
------------------------------------------------------------
GLT matrix from 'SYM: AllConds[0]':
   0   0   0   0   0   0   1   0   0   0   0   0   0 
 
------------------------------------------------------------
GLT matrix from 'SYM: AllConds[1]':
   0   0   0   0   0   0   0   1   0   0   0   0   0 
 
++ Number of time points: 357 (no censoring)
 + Number of parameters:  13 [10 baseline ; 3 signal]
++ total shared memory needed = 3,155,214,060 bytes (about 3.2 billion [giga])
++ current memory malloc-ated = 1,546,531,429 bytes (about 1.5 billion [giga])
++ mmap() memory allocated: 3,155,214,060 bytes (about 3.2 billion [giga])
++ Memory required for output bricks = 3,155,214,060 bytes (about 3.2 billion [giga])
++ Wrote matrix values to file CHIVES1029_AllCondPmod_xmat.1D
++ ========= Things you can do with the matrix file =========
++ (a) Linear regression with ARMA(1,1) modeling of serial correlation:

3dREMLfit -matrix CHIVES1029_AllCondPmod_xmat.1D -input /projects/sanlab/shared/CHIVES/bids_data/derivatives/fmriprep/sub-CHIVES1029/ses-wave1/func/s6_sub-CHIVES1029_ses-wave1_task-money_bold_space-MNI152NLin2009cAsym_preproc.nii \
 -mask /projects/sanlab/shared/CHIVES/bids_data/derivatives/fmriprep/sub-CHIVES1029/ses-wave1/func/sub-CHIVES1029_ses-wave1_task-money_bold_space-MNI152NLin2009cAsym_brainmask.nii.gz \
 -fout -tout -Rbuck CHIVES1029_AllCondPmod_stats_REML -Rvar CHIVES1029_AllCondPmod_stats_REMLvar \
 -Rfitts CHIVES1029_AllCondPmod_REML -Rerrts CHIVES1029_AllCondPmod_REML -verb
 
++ N.B.: 3dREMLfit command above written to file CHIVES1029_AllCondPmod_stats.REML_cmd
++ (b) Visualization/analysis of the matrix via ExamineXmat.R
++ (c) Synthesis of sub-model datasets using 3dSynthesize
++ ==========================================================
++ Wrote matrix values to file CHIVES1029_AllCondPmod_uncensor_xmat.1D
++ ----- Signal+Baseline matrix condition [X] (357x13):  4.40634  ++ VERY GOOD ++
++ ----- Signal-only matrix condition [X] (357x3):  1.61746  ++ VERY GOOD ++
++ ----- Baseline-only matrix condition [X] (357x10):  4.21144  ++ VERY GOOD ++
++ ----- stim_base-only matrix condition [X] (357x4):  1.32053  ++ VERY GOOD ++
++ ----- polort-only matrix condition [X] (357x6):  1.01526  ++ VERY GOOD ++
++ +++++ Matrix inverse average error = 1.80319e-15  ++ VERY GOOD ++
++ Matrix setup time = 0.02 s
++ Voxels in dataset: 1082035
++ Voxels in mask:    268469
++ Voxels per job:    13423
++ Job #1: processing voxels 183189 to 239907; elapsed time=4.897
++ Job #2: processing voxels 239908 to 284833; elapsed time=4.917
++ Job #3: processing voxels 284834 to 320463; elapsed time=4.937
++ Job #4: processing voxels 320464 to 352546; elapsed time=4.957
++ Job #5: processing voxels 352547 to 383364; elapsed time=4.979
++ Job #6: processing voxels 383365 to 409691; elapsed time=5.001
++ Job #7: processing voxels 409692 to 439264; elapsed time=5.023
++ Job #8: processing voxels 439265 to 465134; elapsed time=5.046
++ Job #9: processing voxels 465135 to 494537; elapsed time=5.069
++ Job #10: processing voxels 494538 to 520432; elapsed time=5.092
++ Job #11: processing voxels 520433 to 550514; elapsed time=5.116
++ Job #12: processing voxels 550515 to 577195; elapsed time=5.139
++ Job #13: processing voxels 577196 to 608356; elapsed time=5.176
++ Job #14: processing voxels 608357 to 640657; elapsed time=5.187
++ Job #15: processing voxels 640658 to 674083; elapsed time=5.211
++ Job #16: processing voxels 674084 to 709048; elapsed time=5.249
++ Job #17: processing voxels 709049 to 752076; elapsed time=5.260
++ Job #18: processing voxels 752077 to 806212; elapsed time=5.298
++ Job #19: processing voxels 806213 to 1082034; elapsed time=5.310
++ Job #0: processing voxels 0 to 183188; elapsed time=5.320
++ voxel loop:0123456789.0123456789.0123456789.01234567++ Job #2 finished; elapsed time=5.718
89.++ Job #4 finished; elapsed time=5.756
0++ Job #6 finished; elapsed time=5.794
12++ Job #5 finished; elapsed time=5.811
++ Job #8 finished; elapsed time=5.840
++ Job #7 finished; elapsed time=5.853
3++ Job #10 finished; elapsed time=5.879
++ Job #9 finished; elapsed time=5.888
45++ Job #12 finished; elapsed time=5.930
6++ Job #14 finished; elapsed time=5.981
++ Job #15 finished; elapsed time=6.004
78++ Job #17 finished; elapsed time=6.061
++ Job #1 finished; elapsed time=6.064
++ Job #3 finished; elapsed time=6.072
9.
++ Job #0 waiting for children to finish; elapsed time=6.098
++ Job #19 finished; elapsed time=6.133
++ Job #11 finished; elapsed time=6.262
++ Job #13 finished; elapsed time=6.327
++ Job #16 finished; elapsed time=6.389
++ Job #18 finished; elapsed time=6.438
++ Job #0 now finishing up; elapsed time=6.454
++ Smallest FDR q [0 Full_Fstat] = 7.02774e-15
++ Smallest FDR q [2 AllConds#0_Tstat] = 3.43231e-14
++ Smallest FDR q [4 AllConds#1_Tstat] = 2.21866e-09
++ Smallest FDR q [5 AllConds_Fstat] = 3.57285e-14
++ Smallest FDR q [7 BidsNMiss#0_Tstat] = 2.51966e-14
++ Smallest FDR q [8 BidsNMiss_Fstat] = 2.51931e-14
++ Smallest FDR q [10 CondGtRest_GLT#0_Tstat] = 3.43231e-14
++ Smallest FDR q [11 CondGtRest_GLT_Fstat] = 3.4325e-14
++ Smallest FDR q [13 Pmod_GLT#0_Tstat] = 2.21866e-09
++ Smallest FDR q [14 Pmod_GLT_Fstat] = 2.21865e-09
++ Wrote bucket dataset into ./CHIVES1029_AllCondPmod_stats+tlrc.BRIK
 + created 10 FDR curves in bucket header
++ Wrote 3D+time dataset into ./CHIVES1029_AllCondPmod+tlrc.BRIK
++ Wrote 3D+time dataset into ./CHIVES1029_AllCondPmod+tlrc.BRIK
++ Program finished; elapsed time=22.149
++ 3dREMLfit: AFNI version=AFNI_18.2.04 (Jul  6 2018) [64-bit]
++ Authored by: RWCox
** AFNI converts NIFTI_datatype=4 (INT16) in file /projects/sanlab/shared/CHIVES/bids_data/derivatives/fmriprep/sub-CHIVES1029/ses-wave1/func/s6_sub-CHIVES1029_ses-wave1_task-money_bold_space-MNI152NLin2009cAsym_preproc.nii to FLOAT32
     Warnings of this type will be muted for this session.
     Set AFNI_NIFTI_TYPE_WARN to YES to see them all, NO to see none.
++ Number of voxels in mask = 268469
++ Number of OpenMP threads = 15
++ -----  matrix condition (357x13):  4.40634  ++ VERY GOOD ++
++ Loading input dataset into memory
++ Converting input dataset to vector image
 +  dataset = 1.5 billion [giga] bytes
 +  vectim  = 384 million [mega] bytes
++ starting REML setup calculations; total CPU=0.00 Elapsed=4.19
 + X matrix: 99.009% of elements are nonzero
 + starting 15 OpenMP threads for REML setup
 + REML setup finished: matrix rows=357 cols=13; 109*1 cases; total CPU=0.00 Elapsed=4.22
 +  average case bandwidth = 13.00
++ REML voxel loop: [15 threads]0123456789.012
 + ARMA voxel parameters estimated: total CPU=0.00 Elapsed=21.52
++ GLSQ loop:0123456789.0123456789.0123456789.0123456789.0123456789.
 + GLSQ regression done: total CPU=0.00 Elapsed=44.54
++ Output dataset ./CHIVES1029_AllCondPmod_stats_REMLvar+tlrc.BRIK
++ Output dataset ./CHIVES1029_AllCondPmod_REML+tlrc.BRIK
[7m** ERROR:[0m output dataset name 'CHIVES1029_AllCondPmod_REML' conflicts with existing file
[7m** ERROR:[0m dataset NOT written to disk!
++ creating FDR curves in dataset CHIVES1029_AllCondPmod_stats_REML+tlrc
++ Smallest FDR q [0 Full_Fstat] = 7.66671e-15
++ Smallest FDR q [2 AllConds#0_Tstat] = 4.09766e-14
[7m*+ WARNING:[0m Smallest FDR q [4 AllConds#1_Tstat] = 0.378912 ==> few true single voxel detections
++ Smallest FDR q [5 AllConds_Fstat] = 5.09201e-14
++ Smallest FDR q [7 BidsNMiss#0_Tstat] = 2.04277e-14
++ Smallest FDR q [8 BidsNMiss_Fstat] = 2.04277e-14
++ Smallest FDR q [10 CondGtRest#0_Tstat] = 4.09766e-14
++ Smallest FDR q [11 CondGtRest_Fstat] = 4.09766e-14
[7m*+ WARNING:[0m Smallest FDR q [13 Pmod#0_Tstat] = 0.378912 ==> few true single voxel detections
[7m*+ WARNING:[0m Smallest FDR q [14 Pmod_Fstat] = 0.378912 ==> few true single voxel detections
 + Added 10 FDR curves to dataset CHIVES1029_AllCondPmod_stats_REML+tlrc
++ Output dataset ./CHIVES1029_AllCondPmod_stats_REML+tlrc.BRIK
 + unloading input dataset and REML matrices
++ 3dREMLfit is all done! total CPU=0.00 Elapsed=59.56
** AFNI converts NIFTI_datatype=4 (INT16) in file /projects/sanlab/shared/CHIVES/bids_data/derivatives/fmriprep/sub-CHIVES1029/ses-wave1/func/s6_sub-CHIVES1029_ses-wave1_task-money_bold_space-MNI152NLin2009cAsym_preproc.nii to FLOAT32
     Warnings of this type will be muted for this session.
     Set AFNI_NIFTI_TYPE_WARN to YES to see them all, NO to see none.
++ '-stim_times_AM2 1 /projects/sanlab/shared/CHIVES/CHIVES_WTP_scripts/behavioral/money/afni_timing_files/CHIVES1029/HealthyPmod.1D' has 1 auxiliary values per time point
++ '-stim_times_AM2 1 /projects/sanlab/shared/CHIVES/CHIVES_WTP_scripts/behavioral/money/afni_timing_files/CHIVES1029/HealthyPmod.1D' will have 2 regressors
++ '-stim_times_AM2 2 /projects/sanlab/shared/CHIVES/CHIVES_WTP_scripts/behavioral/money/afni_timing_files/CHIVES1029/UnhealthyPmod.1D' has 1 auxiliary values per time point
++ '-stim_times_AM2 2 /projects/sanlab/shared/CHIVES/CHIVES_WTP_scripts/behavioral/money/afni_timing_files/CHIVES1029/UnhealthyPmod.1D' will have 2 regressors
++ '-stim_times_AM1 3 /projects/sanlab/shared/CHIVES/CHIVES_WTP_scripts/behavioral/money/afni_timing_files/CHIVES1029/BidOnsDur.1D' has 1 auxiliary values per time point
++ '-stim_times_AM1 3': basis function model 'dmBLOCK(1)' uses 1 parameters,
    out of the 1 found in timing file '/projects/sanlab/shared/CHIVES/CHIVES_WTP_scripts/behavioral/money/afni_timing_files/CHIVES1029/BidOnsDur.1D'
++ 3dDeconvolve extending num_stimts from 3 to 7 due to -ortvec
++ 3dDeconvolve: AFNI version=AFNI_18.2.04 (Jul  6 2018) [64-bit]
++ Authored by: B. Douglas Ward, et al.
++ current memory malloc-ated = 281,901 bytes (about 282 thousand [kilo])
++ loading dataset /projects/sanlab/shared/CHIVES/bids_data/derivatives/fmriprep/sub-CHIVES1029/ses-wave1/func/s6_sub-CHIVES1029_ses-wave1_task-money_bold_space-MNI152NLin2009cAsym_preproc.nii
++ current memory malloc-ated = 1,545,430,761 bytes (about 1.5 billion [giga])
++ forcibly using TR=2.0000 seconds for -input dataset
++ Skipping check for initial transients
++ Imaging duration=714.0 s; Automatic polort=5
++ -stim_times using TR=2 s for stimulus timing conversion
++ -stim_times using TR=2 s for any -iresp output datasets
++  [you can alter the -iresp TR via the -TR_times option]
++ ** -stim_times NOTE ** guessing GLOBAL times if 1 time per line; LOCAL otherwise
++ ** GUESSED ** -stim_times_AM2 1 using LOCAL times
++ '-stim_times_AM2 1' average amplitude#1=0.666667
++ ** GUESSED ** -stim_times_AM2 2 using LOCAL times
++ '-stim_times_AM2 2' average amplitude#1=0.983333
++ ** GUESSED ** -stim_times_AM1 3 using LOCAL times
------------------------------------------------------------
GLT matrix from 'SYM: HealthyPmod[0]':
   0   0   0   0   0   0   1   0   0   0   0   0   0   0   0 
 
------------------------------------------------------------
GLT matrix from 'SYM: HealthyPmod[1]':
   0   0   0   0   0   0   0   1   0   0   0   0   0   0   0 
 
------------------------------------------------------------
GLT matrix from 'SYM: UnhealthyPmod[0]':
   0   0   0   0   0   0   0   0   1   0   0   0   0   0   0 
 
------------------------------------------------------------
GLT matrix from 'SYM: UnhealthyPmod[1]':
   0   0   0   0   0   0   0   0   0   1   0   0   0   0   0 
 
------------------------------------------------------------
GLT matrix from 'SYM: HealthyPmod[0] -UnhealthyPmod[0]':
   0   0   0   0   0   0   1   0  -1   0   0   0   0   0   0 
 
------------------------------------------------------------
GLT matrix from 'SYM: HealthyPmod[1] -UnhealthyPmod[1]':
   0   0   0   0   0   0   0   1   0  -1   0   0   0   0   0 
 
++ Number of time points: 357 (no censoring)
 + Number of parameters:  15 [10 baseline ; 5 signal]
++ total shared memory needed = 3,228,792,440 bytes (about 3.2 billion [giga])
++ current memory malloc-ated = 1,546,563,263 bytes (about 1.5 billion [giga])
++ mmap() memory allocated: 3,228,792,440 bytes (about 3.2 billion [giga])
++ Memory required for output bricks = 3,228,792,440 bytes (about 3.2 billion [giga])
++ Wrote matrix values to file CHIVES1029_2CondPmod_xmat.1D
++ ========= Things you can do with the matrix file =========
++ (a) Linear regression with ARMA(1,1) modeling of serial correlation:

3dREMLfit -matrix CHIVES1029_2CondPmod_xmat.1D -input /projects/sanlab/shared/CHIVES/bids_data/derivatives/fmriprep/sub-CHIVES1029/ses-wave1/func/s6_sub-CHIVES1029_ses-wave1_task-money_bold_space-MNI152NLin2009cAsym_preproc.nii \
 -mask /projects/sanlab/shared/CHIVES/bids_data/derivatives/fmriprep/sub-CHIVES1029/ses-wave1/func/sub-CHIVES1029_ses-wave1_task-money_bold_space-MNI152NLin2009cAsym_brainmask.nii.gz \
 -fout -tout -Rbuck CHIVES1029_2CondPmod_stats_REML -Rvar CHIVES1029_2CondPmod_stats_REMLvar \
 -Rfitts CHIVES1029_2CondPmod_REML -Rerrts CHIVES1029_2CondPmod_REML -verb
 
++ N.B.: 3dREMLfit command above written to file CHIVES1029_2CondPmod_stats.REML_cmd
++ (b) Visualization/analysis of the matrix via ExamineXmat.R
++ (c) Synthesis of sub-model datasets using 3dSynthesize
++ ==========================================================
++ Wrote matrix values to file CHIVES1029_2CondPmod_uncensor_xmat.1D
++ ----- Signal+Baseline matrix condition [X] (357x15):  4.41583  ++ VERY GOOD ++
++ ----- Signal-only matrix condition [X] (357x5):  1.61748  ++ VERY GOOD ++
++ ----- Baseline-only matrix condition [X] (357x10):  4.21144  ++ VERY GOOD ++
++ ----- stim_base-only matrix condition [X] (357x4):  1.32053  ++ VERY GOOD ++
++ ----- polort-only matrix condition [X] (357x6):  1.01526  ++ VERY GOOD ++
++ +++++ Matrix inverse average error = 1.30763e-15  ++ VERY GOOD ++
++ Matrix setup time = 0.02 s
++ Voxels in dataset: 1082035
++ Voxels in mask:    268469
++ Voxels per job:    13423
++ Job #1: processing voxels 183189 to 239907; elapsed time=4.285
++ Job #2: processing voxels 239908 to 284833; elapsed time=4.305
++ Job #3: processing voxels 284834 to 320463; elapsed time=4.326
++ Job #4: processing voxels 320464 to 352546; elapsed time=4.347
++ Job #5: processing voxels 352547 to 383364; elapsed time=4.369
++ Job #6: processing voxels 383365 to 409691; elapsed time=4.390
++ Job #7: processing voxels 409692 to 439264; elapsed time=4.413
++ Job #8: processing voxels 439265 to 465134; elapsed time=4.434
++ Job #9: processing voxels 465135 to 494537; elapsed time=4.457
++ Job #10: processing voxels 494538 to 520432; elapsed time=4.480
++ Job #11: processing voxels 520433 to 550514; elapsed time=4.503
++ Job #12: processing voxels 550515 to 577195; elapsed time=4.526
++ Job #13: processing voxels 577196 to 608356; elapsed time=4.563
++ Job #14: processing voxels 608357 to 640657; elapsed time=4.589
++ Job #15: processing voxels 640658 to 674083; elapsed time=4.596
++ Job #16: processing voxels 674084 to 709048; elapsed time=4.634
++ Job #17: processing voxels 709049 to 752076; elapsed time=4.644
++ Job #18: processing voxels 752077 to 806212; elapsed time=4.682
++ Job #19: processing voxels 806213 to 1082034; elapsed time=4.692
++ Job #0: processing voxels 0 to 183188; elapsed time=4.702
++ voxel loop:0123456789.0123456789.0123456789.0123456789.012++ Job #2 finished; elapsed time=5.418
++ Job #4 finished; elapsed time=5.449
3++ Job #6 finished; elapsed time=5.491
++ Job #5 finished; elapsed time=5.513
45++ Job #8 finished; elapsed time=5.528
++ Job #7 finished; elapsed time=5.555
++ Job #10 finished; elapsed time=5.577
++ Job #9 finished; elapsed time=5.588
++ Job #11 finished; elapsed time=5.614
6++ Job #12 finished; elapsed time=5.623
78++ Job #15 finished; elapsed time=5.695
++ Job #17 finished; elapsed time=5.753
9.
++ Job #0 waiting for children to finish; elapsed time=5.787
++ Job #3 finished; elapsed time=5.821
++ Job #19 finished; elapsed time=5.827
++ Job #1 finished; elapsed time=5.901
++ Job #13 finished; elapsed time=6.085
++ Job #14 finished; elapsed time=6.088
++ Job #18 finished; elapsed time=6.186
++ Job #16 finished; elapsed time=6.219
++ Job #0 now finishing up; elapsed time=6.236
++ Smallest FDR q [0 Full_Fstat] = 7.64056e-15
++ Smallest FDR q [2 HealthyPmod#0_Tstat] = 1.19009e-13
++ Smallest FDR q [4 HealthyPmod#1_Tstat] = 6.51445e-05
++ Smallest FDR q [5 HealthyPmod_Fstat] = 1.3215e-13
++ Smallest FDR q [7 UnhealthyPmod#0_Tstat] = 4.02697e-14
++ Smallest FDR q [9 UnhealthyPmod#1_Tstat] = 0.000315128
++ Smallest FDR q [10 UnhealthyPmod_Fstat] = 4.21811e-14
++ Smallest FDR q [12 BidsNMiss#0_Tstat] = 2.47969e-14
++ Smallest FDR q [13 BidsNMiss_Fstat] = 2.47935e-14
++ Smallest FDR q [15 HealthyGtRest_GLT#0_Tstat] = 1.19009e-13
++ Smallest FDR q [16 HealthyGtRest_GLT_Fstat] = 1.19009e-13
++ Smallest FDR q [18 HealthyPmod_GLT#0_Tstat] = 6.51445e-05
++ Smallest FDR q [19 HealthyPmod_GLT_Fstat] = 6.51433e-05
++ Smallest FDR q [21 UnhealthyGtRest_GLT#0_Tstat] = 4.02697e-14
++ Smallest FDR q [22 UnhealthyGtRest_GLT_Fstat] = 4.02697e-14
++ Smallest FDR q [24 UnhealthyPmod_GLT#0_Tstat] = 0.000315128
++ Smallest FDR q [25 UnhealthyPmod_GLT_Fstat] = 0.000315098
++ Smallest FDR q [27 HealthyGtUnhealthy_GLT#0_Tstat] = 0.000282794
++ Smallest FDR q [28 HealthyGtUnhealthy_GLT_Fstat] = 0.000282768
++ Smallest FDR q [30 HealthyGtUnhealthyPmod_GLT#0_Tstat] = 0.0156111
++ Smallest FDR q [31 HealthyGtUnhealthyPmod_GLT_Fstat] = 0.0156111
++ Wrote bucket dataset into ./CHIVES1029_2CondPmod_stats+tlrc.BRIK
 + created 21 FDR curves in bucket header
++ Wrote 3D+time dataset into ./CHIVES1029_2CondPmod+tlrc.BRIK
++ Wrote 3D+time dataset into ./CHIVES1029_2CondPmod+tlrc.BRIK
++ Program finished; elapsed time=36.315
++ 3dREMLfit: AFNI version=AFNI_18.2.04 (Jul  6 2018) [64-bit]
++ Authored by: RWCox
** AFNI converts NIFTI_datatype=4 (INT16) in file /projects/sanlab/shared/CHIVES/bids_data/derivatives/fmriprep/sub-CHIVES1029/ses-wave1/func/s6_sub-CHIVES1029_ses-wave1_task-money_bold_space-MNI152NLin2009cAsym_preproc.nii to FLOAT32
     Warnings of this type will be muted for this session.
     Set AFNI_NIFTI_TYPE_WARN to YES to see them all, NO to see none.
++ Number of voxels in mask = 268469
++ Number of OpenMP threads = 15
++ -----  matrix condition (357x15):  4.41583  ++ VERY GOOD ++
++ Loading input dataset into memory
++ Converting input dataset to vector image
 +  dataset = 1.5 billion [giga] bytes
 +  vectim  = 384 million [mega] bytes
++ starting REML setup calculations; total CPU=0.00 Elapsed=4.19
 + X matrix: 90.252% of elements are nonzero
 + starting 15 OpenMP threads for REML setup
 + REML setup finished: matrix rows=357 cols=15; 109*1 cases; total CPU=0.00 Elapsed=4.21
 +  average case bandwidth = 13.00
++ REML voxel loop: [15 threads]0123456789.012
 + ARMA voxel parameters estimated: total CPU=0.00 Elapsed=21.46
++ GLSQ loop:0123456789.0123456789.0123456789.0123456789.0123456789.
 + GLSQ regression done: total CPU=0.00 Elapsed=55.45
++ Output dataset ./CHIVES1029_2CondPmod_stats_REMLvar+tlrc.BRIK
++ Output dataset ./CHIVES1029_2CondPmod_REML+tlrc.BRIK
[7m** ERROR:[0m output dataset name 'CHIVES1029_2CondPmod_REML' conflicts with existing file
[7m** ERROR:[0m dataset NOT written to disk!
++ creating FDR curves in dataset CHIVES1029_2CondPmod_stats_REML+tlrc
++ Smallest FDR q [0 Full_Fstat] = 9.27697e-15
++ Smallest FDR q [2 HealthyPmod#0_Tstat] = 2.94106e-13
++ Smallest FDR q [4 HealthyPmod#1_Tstat] = 0.0440368
++ Smallest FDR q [5 HealthyPmod_Fstat] = 4.68803e-13
++ Smallest FDR q [7 UnhealthyPmod#0_Tstat] = 8.83881e-14
[7m*+ WARNING:[0m Smallest FDR q [9 UnhealthyPmod#1_Tstat] = 0.313036 ==> few true single voxel detections
++ Smallest FDR q [10 UnhealthyPmod_Fstat] = 1.1076e-13
++ Smallest FDR q [12 BidsNMiss#0_Tstat] = 2.01205e-14
++ Smallest FDR q [13 BidsNMiss_Fstat] = 2.01205e-14
++ Smallest FDR q [15 HealthyGtRest#0_Tstat] = 2.94106e-13
++ Smallest FDR q [16 HealthyGtRest_Fstat] = 2.94106e-13
++ Smallest FDR q [18 HealthyPmod#0_Tstat] = 0.0440368
++ Smallest FDR q [19 HealthyPmod_Fstat] = 0.0440368
++ Smallest FDR q [21 UnhealthyGtRest#0_Tstat] = 8.83881e-14
++ Smallest FDR q [22 UnhealthyGtRest_Fstat] = 8.83881e-14
[7m*+ WARNING:[0m Smallest FDR q [24 UnhealthyPmod#0_Tstat] = 0.313036 ==> few true single voxel detections
[7m*+ WARNING:[0m Smallest FDR q [25 UnhealthyPmod_Fstat] = 0.313036 ==> few true single voxel detections
[7m*+ WARNING:[0m Smallest FDR q [27 HealthyGtUnhealthy#0_Tstat] = 0.999893 ==> few true single voxel detections
[7m*+ WARNING:[0m Smallest FDR q [28 HealthyGtUnhealthy_Fstat] = 0.999893 ==> few true single voxel detections
++ Smallest FDR q [30 HealthyGtUnhealthyPmod#0_Tstat] = 0.0635423
++ Smallest FDR q [31 HealthyGtUnhealthyPmod_Fstat] = 0.0635423
 + Added 21 FDR curves to dataset CHIVES1029_2CondPmod_stats_REML+tlrc
++ Output dataset ./CHIVES1029_2CondPmod_stats_REML+tlrc.BRIK
 + unloading input dataset and REML matrices
++ 3dREMLfit is all done! total CPU=0.00 Elapsed=84.19
** AFNI converts NIFTI_datatype=4 (INT16) in file /projects/sanlab/shared/CHIVES/bids_data/derivatives/fmriprep/sub-CHIVES1029/ses-wave1/func/s6_sub-CHIVES1029_ses-wave1_task-money_bold_space-MNI152NLin2009cAsym_preproc.nii to FLOAT32
     Warnings of this type will be muted for this session.
     Set AFNI_NIFTI_TYPE_WARN to YES to see them all, NO to see none.
++ '-stim_times_AM1 3 /projects/sanlab/shared/CHIVES/CHIVES_WTP_scripts/behavioral/money/afni_timing_files/CHIVES1029/BidOnsDur.1D' has 1 auxiliary values per time point
++ '-stim_times_AM1 3': basis function model 'dmBLOCK(1)' uses 1 parameters,
    out of the 1 found in timing file '/projects/sanlab/shared/CHIVES/CHIVES_WTP_scripts/behavioral/money/afni_timing_files/CHIVES1029/BidOnsDur.1D'
++ 3dDeconvolve extending num_stimts from 3 to 7 due to -ortvec
++ 3dDeconvolve: AFNI version=AFNI_18.2.04 (Jul  6 2018) [64-bit]
++ Authored by: B. Douglas Ward, et al.
++ current memory malloc-ated = 265,657 bytes (about 266 thousand [kilo])
++ loading dataset /projects/sanlab/shared/CHIVES/bids_data/derivatives/fmriprep/sub-CHIVES1029/ses-wave1/func/s6_sub-CHIVES1029_ses-wave1_task-money_bold_space-MNI152NLin2009cAsym_preproc.nii
++ current memory malloc-ated = 1,545,414,517 bytes (about 1.5 billion [giga])
++ forcibly using TR=2.0000 seconds for -input dataset
++ Skipping check for initial transients
++ Imaging duration=714.0 s; Automatic polort=5
++ -stim_times using TR=2 s for stimulus timing conversion
++ -stim_times using TR=2 s for any -iresp output datasets
++  [you can alter the -iresp TR via the -TR_times option]
++ ** -stim_times NOTE ** guessing GLOBAL times if 1 time per line; LOCAL otherwise
++ ** GUESSED ** -stim_times 1 using LOCAL times
++ ** GUESSED ** -stim_times 2 using LOCAL times
++ ** GUESSED ** -stim_times_AM1 3 using LOCAL times
------------------------------------------------------------
GLT matrix from 'SYM: Healthy':
   0   0   0   0   0   0   1   0   0   0   0   0   0 
 
------------------------------------------------------------
GLT matrix from 'SYM: Unhealthy':
   0   0   0   0   0   0   0   1   0   0   0   0   0 
 
------------------------------------------------------------
GLT matrix from 'SYM: Healthy -Unhealthy':
   0   0   0   0   0   0   1  -1   0   0   0   0   0 
 
++ Number of time points: 357 (no censoring)
 + Number of parameters:  13 [10 baseline ; 3 signal]
++ total shared memory needed = 3,172,526,620 bytes (about 3.2 billion [giga])
++ current memory malloc-ated = 1,546,542,489 bytes (about 1.5 billion [giga])
++ mmap() memory allocated: 3,172,526,620 bytes (about 3.2 billion [giga])
++ Memory required for output bricks = 3,172,526,620 bytes (about 3.2 billion [giga])
++ Wrote matrix values to file CHIVES1029_2Cond_xmat.1D
++ ========= Things you can do with the matrix file =========
++ (a) Linear regression with ARMA(1,1) modeling of serial correlation:

3dREMLfit -matrix CHIVES1029_2Cond_xmat.1D -input /projects/sanlab/shared/CHIVES/bids_data/derivatives/fmriprep/sub-CHIVES1029/ses-wave1/func/s6_sub-CHIVES1029_ses-wave1_task-money_bold_space-MNI152NLin2009cAsym_preproc.nii \
 -mask /projects/sanlab/shared/CHIVES/bids_data/derivatives/fmriprep/sub-CHIVES1029/ses-wave1/func/sub-CHIVES1029_ses-wave1_task-money_bold_space-MNI152NLin2009cAsym_brainmask.nii.gz \
 -fout -tout -Rbuck CHIVES1029_2Cond_stats_REML -Rvar CHIVES1029_2Cond_stats_REMLvar \
 -Rfitts CHIVES1029_2Cond_REML -Rerrts CHIVES1029_2Cond_REML -verb
 
++ N.B.: 3dREMLfit command above written to file CHIVES1029_2Cond_stats.REML_cmd
++ (b) Visualization/analysis of the matrix via ExamineXmat.R
++ (c) Synthesis of sub-model datasets using 3dSynthesize
++ ==========================================================
++ Wrote matrix values to file CHIVES1029_2Cond_uncensor_xmat.1D
++ ----- Signal+Baseline matrix condition [X] (357x13):  4.39501  ++ VERY GOOD ++
++ ----- Signal-only matrix condition [X] (357x3):  1.61724  ++ VERY GOOD ++
++ ----- Baseline-only matrix condition [X] (357x10):  4.21144  ++ VERY GOOD ++
++ ----- stim_base-only matrix condition [X] (357x4):  1.32053  ++ VERY GOOD ++
++ ----- polort-only matrix condition [X] (357x6):  1.01526  ++ VERY GOOD ++
++ +++++ Matrix inverse average error = 1.68456e-15  ++ VERY GOOD ++
++ Matrix setup time = 0.03 s
++ Voxels in dataset: 1082035
++ Voxels in mask:    268469
++ Voxels per job:    13423
++ Job #1: processing voxels 183189 to 239907; elapsed time=4.279
++ Job #2: processing voxels 239908 to 284833; elapsed time=4.298
++ Job #3: processing voxels 284834 to 320463; elapsed time=4.319
++ Job #4: processing voxels 320464 to 352546; elapsed time=4.339
++ Job #5: processing voxels 352547 to 383364; elapsed time=4.361
++ Job #6: processing voxels 383365 to 409691; elapsed time=4.382
++ Job #7: processing voxels 409692 to 439264; elapsed time=4.404
++ Job #8: processing voxels 439265 to 465134; elapsed time=4.427
++ Job #9: processing voxels 465135 to 494537; elapsed time=4.449
++ Job #10: processing voxels 494538 to 520432; elapsed time=4.472
++ Job #11: processing voxels 520433 to 550514; elapsed time=4.496
++ Job #12: processing voxels 550515 to 577195; elapsed time=4.519
++ Job #13: processing voxels 577196 to 608356; elapsed time=4.557
++ Job #14: processing voxels 608357 to 640657; elapsed time=4.567
++ Job #15: processing voxels 640658 to 674083; elapsed time=4.591
++ Job #16: processing voxels 674084 to 709048; elapsed time=4.629
++ Job #17: processing voxels 709049 to 752076; elapsed time=4.639
++ Job #18: processing voxels 752077 to 806212; elapsed time=4.673
++ Job #19: processing voxels 806213 to 1082034; elapsed time=4.689
++ Job #0: processing voxels 0 to 183188; elapsed time=4.699
++ voxel loop:0123456789.0123456789.0123456789.0123456789.++ Job #2 finished; elapsed time=5.201
0++ Job #4 finished; elapsed time=5.236
12++ Job #6 finished; elapsed time=5.276
++ Job #5 finished; elapsed time=5.295
++ Job #8 finished; elapsed time=5.316
3++ Job #7 finished; elapsed time=5.336
++ Job #10 finished; elapsed time=5.364
45++ Job #9 finished; elapsed time=5.368
++ Job #12 finished; elapsed time=5.411
6++ Job #14 finished; elapsed time=5.458
++ Job #1 finished; elapsed time=5.483
++ Job #3 finished; elapsed time=5.488
++ Job #15 finished; elapsed time=5.489
78++ Job #17 finished; elapsed time=5.542
9.
++ Job #0 waiting for children to finish; elapsed time=5.579
++ Job #19 finished; elapsed time=5.621
++ Job #11 finished; elapsed time=5.714
++ Job #13 finished; elapsed time=5.755
++ Job #16 finished; elapsed time=5.809
++ Job #18 finished; elapsed time=5.854
++ Job #0 now finishing up; elapsed time=5.872
++ Smallest FDR q [0 Full_Fstat] = 7.75325e-15
++ Smallest FDR q [2 Healthy#0_Tstat] = 1.22635e-13
++ Smallest FDR q [3 Healthy_Fstat] = 1.22637e-13
++ Smallest FDR q [5 Unhealthy#0_Tstat] = 4.18615e-14
++ Smallest FDR q [6 Unhealthy_Fstat] = 4.18632e-14
++ Smallest FDR q [8 BidsNMiss#0_Tstat] = 2.54198e-14
++ Smallest FDR q [9 BidsNMiss_Fstat] = 2.54167e-14
++ Smallest FDR q [11 HealthyGtRest_GLT#0_Tstat] = 1.22635e-13
++ Smallest FDR q [12 HealthyGtRest_GLT_Fstat] = 1.22634e-13
++ Smallest FDR q [14 UnhealthyGtRest_GLT#0_Tstat] = 4.18615e-14
++ Smallest FDR q [15 UnhealthyGtRest_GLT_Fstat] = 4.18636e-14
++ Smallest FDR q [17 HealthyGtUnhealthy_GLT#0_Tstat] = 0.000396807
++ Smallest FDR q [18 HealthyGtUnhealthy_GLT_Fstat] = 0.000396755
++ Wrote bucket dataset into ./CHIVES1029_2Cond_stats+tlrc.BRIK
 + created 13 FDR curves in bucket header
++ Wrote 3D+time dataset into ./CHIVES1029_2Cond+tlrc.BRIK
++ Wrote 3D+time dataset into ./CHIVES1029_2Cond+tlrc.BRIK
++ Program finished; elapsed time=24.024
++ 3dREMLfit: AFNI version=AFNI_18.2.04 (Jul  6 2018) [64-bit]
++ Authored by: RWCox
** AFNI converts NIFTI_datatype=4 (INT16) in file /projects/sanlab/shared/CHIVES/bids_data/derivatives/fmriprep/sub-CHIVES1029/ses-wave1/func/s6_sub-CHIVES1029_ses-wave1_task-money_bold_space-MNI152NLin2009cAsym_preproc.nii to FLOAT32
     Warnings of this type will be muted for this session.
     Set AFNI_NIFTI_TYPE_WARN to YES to see them all, NO to see none.
++ Number of voxels in mask = 268469
++ Number of OpenMP threads = 15
++ -----  matrix condition (357x13):  4.39501  ++ VERY GOOD ++
++ Loading input dataset into memory
++ Converting input dataset to vector image
 +  dataset = 1.5 billion [giga] bytes
 +  vectim  = 384 million [mega] bytes
++ starting REML setup calculations; total CPU=0.00 Elapsed=4.40
 + X matrix: 94.204% of elements are nonzero
 + starting 15 OpenMP threads for REML setup
 + REML setup finished: matrix rows=357 cols=13; 109*1 cases; total CPU=0.00 Elapsed=4.41
 +  average case bandwidth = 13.00
++ REML voxel loop: [15 threads]0123456789.012
 + ARMA voxel parameters estimated: total CPU=0.00 Elapsed=20.89
++ GLSQ loop:0123456789.0123456789.0123456789.0123456789.0123456789.
 + GLSQ regression done: total CPU=0.00 Elapsed=47.54
++ Output dataset ./CHIVES1029_2Cond_stats_REMLvar+tlrc.BRIK
++ Output dataset ./CHIVES1029_2Cond_REML+tlrc.BRIK
[7m** ERROR:[0m output dataset name 'CHIVES1029_2Cond_REML' conflicts with existing file
[7m** ERROR:[0m dataset NOT written to disk!
++ creating FDR curves in dataset CHIVES1029_2Cond_stats_REML+tlrc
++ Smallest FDR q [0 Full_Fstat] = 8.05375e-15
++ Smallest FDR q [2 Healthy#0_Tstat] = 3.01784e-13
++ Smallest FDR q [3 Healthy_Fstat] = 3.01784e-13
++ Smallest FDR q [5 Unhealthy#0_Tstat] = 9.07395e-14
++ Smallest FDR q [6 Unhealthy_Fstat] = 9.07395e-14
++ Smallest FDR q [8 BidsNMiss#0_Tstat] = 2.0609e-14
++ Smallest FDR q [9 BidsNMiss_Fstat] = 2.0609e-14
++ Smallest FDR q [11 HealthyGtRest#0_Tstat] = 3.01784e-13
++ Smallest FDR q [12 HealthyGtRest_Fstat] = 3.01784e-13
++ Smallest FDR q [14 UnhealthyGtRest#0_Tstat] = 9.07395e-14
++ Smallest FDR q [15 UnhealthyGtRest_Fstat] = 9.07395e-14
[7m*+ WARNING:[0m Smallest FDR q [17 HealthyGtUnhealthy#0_Tstat] = 0.999891 ==> few true single voxel detections
[7m*+ WARNING:[0m Smallest FDR q [18 HealthyGtUnhealthy_Fstat] = 0.999891 ==> few true single voxel detections
 + Added 13 FDR curves to dataset CHIVES1029_2Cond_stats_REML+tlrc
++ Output dataset ./CHIVES1029_2Cond_stats_REML+tlrc.BRIK
 + unloading input dataset and REML matrices
++ 3dREMLfit is all done! total CPU=0.00 Elapsed=65.05
