** AFNI converts NIFTI_datatype=4 (INT16) in file /projects/sanlab/shared/CHIVES/bids_data/derivatives/fmriprep/sub-CHIVES1065/ses-wave1/func/s6_sub-CHIVES1065_ses-wave1_task-money_bold_space-MNI152NLin2009cAsym_preproc.nii to FLOAT32
     Warnings of this type will be muted for this session.
     Set AFNI_NIFTI_TYPE_WARN to YES to see them all, NO to see none.
++ '-stim_times_AM2 1 /projects/sanlab/shared/CHIVES/CHIVES_WTP_scripts/behavioral/money/afni_timing_files/CHIVES1065/AllCondsPmod.1D' has 1 auxiliary values per time point
++ '-stim_times_AM2 1 /projects/sanlab/shared/CHIVES/CHIVES_WTP_scripts/behavioral/money/afni_timing_files/CHIVES1065/AllCondsPmod.1D' will have 2 regressors
++ '-stim_times_AM1 2 /projects/sanlab/shared/CHIVES/CHIVES_WTP_scripts/behavioral/money/afni_timing_files/CHIVES1065/BidOnsDur.1D' has 1 auxiliary values per time point
++ '-stim_times_AM1 2': basis function model 'dmBLOCK(1)' uses 1 parameters,
    out of the 1 found in timing file '/projects/sanlab/shared/CHIVES/CHIVES_WTP_scripts/behavioral/money/afni_timing_files/CHIVES1065/BidOnsDur.1D'
++ 3dDeconvolve extending num_stimts from 2 to 7 due to -ortvec
++ 3dDeconvolve: AFNI version=AFNI_18.2.04 (Jul  6 2018) [64-bit]
++ Authored by: B. Douglas Ward, et al.
++ current memory malloc-ated = 262,658 bytes (about 263 thousand [kilo])
++ loading dataset /projects/sanlab/shared/CHIVES/bids_data/derivatives/fmriprep/sub-CHIVES1065/ses-wave1/func/s6_sub-CHIVES1065_ses-wave1_task-money_bold_space-MNI152NLin2009cAsym_preproc.nii
++ current memory malloc-ated = 1,545,411,518 bytes (about 1.5 billion [giga])
++ forcibly using TR=2.0000 seconds for -input dataset
++ Skipping check for initial transients
++ Imaging duration=714.0 s; Automatic polort=5
++ -stim_times using TR=2 s for stimulus timing conversion
++ -stim_times using TR=2 s for any -iresp output datasets
++  [you can alter the -iresp TR via the -TR_times option]
++ ** -stim_times NOTE ** guessing GLOBAL times if 1 time per line; LOCAL otherwise
++ ** GUESSED ** -stim_times_AM2 1 using LOCAL times
++ '-stim_times_AM2 1' average amplitude#1=0.818965
++ ** GUESSED ** -stim_times_AM1 2 using LOCAL times
------------------------------------------------------------
GLT matrix from 'SYM: AllConds[0]':
   0   0   0   0   0   0   1   0   0   0   0   0   0   0 
 
------------------------------------------------------------
GLT matrix from 'SYM: AllConds[1]':
   0   0   0   0   0   0   0   1   0   0   0   0   0   0 
 
++ Number of time points: 357 (no censoring)
 + Number of parameters:  14 [11 baseline ; 3 signal]
++ total shared memory needed = 3,155,214,060 bytes (about 3.2 billion [giga])
++ current memory malloc-ated = 1,546,539,664 bytes (about 1.5 billion [giga])
++ mmap() memory allocated: 3,155,214,060 bytes (about 3.2 billion [giga])
++ Memory required for output bricks = 3,155,214,060 bytes (about 3.2 billion [giga])
++ Wrote matrix values to file CHIVES1065_AllCondPmod_xmat.1D
++ ========= Things you can do with the matrix file =========
++ (a) Linear regression with ARMA(1,1) modeling of serial correlation:

3dREMLfit -matrix CHIVES1065_AllCondPmod_xmat.1D -input /projects/sanlab/shared/CHIVES/bids_data/derivatives/fmriprep/sub-CHIVES1065/ses-wave1/func/s6_sub-CHIVES1065_ses-wave1_task-money_bold_space-MNI152NLin2009cAsym_preproc.nii \
 -mask /projects/sanlab/shared/CHIVES/bids_data/derivatives/fmriprep/sub-CHIVES1065/ses-wave1/func/sub-CHIVES1065_ses-wave1_task-money_bold_space-MNI152NLin2009cAsym_brainmask.nii.gz \
 -fout -tout -Rbuck CHIVES1065_AllCondPmod_stats_REML -Rvar CHIVES1065_AllCondPmod_stats_REMLvar \
 -Rfitts CHIVES1065_AllCondPmod_REML -Rerrts CHIVES1065_AllCondPmod_REML -verb
 
++ N.B.: 3dREMLfit command above written to file CHIVES1065_AllCondPmod_stats.REML_cmd
++ (b) Visualization/analysis of the matrix via ExamineXmat.R
++ (c) Synthesis of sub-model datasets using 3dSynthesize
++ ==========================================================
++ Wrote matrix values to file CHIVES1065_AllCondPmod_uncensor_xmat.1D
++ ----- Signal+Baseline matrix condition [X] (357x14):  2.8423  ++ VERY GOOD ++
++ ----- Signal-only matrix condition [X] (357x3):  1.52179  ++ VERY GOOD ++
++ ----- Baseline-only matrix condition [X] (357x11):  2.80646  ++ VERY GOOD ++
++ ----- stim_base-only matrix condition [X] (357x5):  1.7251  ++ VERY GOOD ++
++ ----- polort-only matrix condition [X] (357x6):  1.01526  ++ VERY GOOD ++
++ +++++ Matrix inverse average error = 7.8924e-16  ++ VERY GOOD ++
++ Matrix setup time = 0.01 s
++ Voxels in dataset: 1082035
++ Voxels in mask:    264350
++ Voxels per job:    26435
++ Job #1: processing voxels 249037 to 327606; elapsed time=3.962
++ Job #2: processing voxels 327607 to 385051; elapsed time=3.994
++ Job #3: processing voxels 385052 to 440028; elapsed time=4.022
++ Job #4: processing voxels 440029 to 494558; elapsed time=4.049
++ Job #5: processing voxels 494559 to 549936; elapsed time=4.077
++ Job #6: processing voxels 549937 to 607383; elapsed time=4.104
++ Job #7: processing voxels 607384 to 672457; elapsed time=4.131
++ Job #8: processing voxels 672458 to 750325; elapsed time=4.159
++ Job #9: processing voxels 750326 to 1082034; elapsed time=4.187
++ Job #0: processing voxels 0 to 249036; elapsed time=4.197
++ voxel loop:0123456789.0123456789.0123456789.0123456789.01234++ Job #3 finished; elapsed time=5.539
5++ Job #1 finished; elapsed time=5.563
++ Job #2 finished; elapsed time=5.576
++ Job #5 finished; elapsed time=5.589
6++ Job #4 finished; elapsed time=5.624
++ Job #6 finished; elapsed time=5.665
7++ Job #7 finished; elapsed time=5.698
++ Job #8 finished; elapsed time=5.741
++ Job #9 finished; elapsed time=5.763
89.
++ Job #0 waiting for children to finish; elapsed time=5.823
++ Job #0 now finishing up; elapsed time=5.823
++ Smallest FDR q [0 Full_Fstat] = 2.22523e-13
++ Smallest FDR q [2 AllConds#0_Tstat] = 4.16823e-12
++ Smallest FDR q [4 AllConds#1_Tstat] = 0.0355397
++ Smallest FDR q [5 AllConds_Fstat] = 6.94623e-12
++ Smallest FDR q [7 BidsNMiss#0_Tstat] = 8.49663e-13
++ Smallest FDR q [8 BidsNMiss_Fstat] = 8.4969e-13
++ Smallest FDR q [10 CondGtRest_GLT#0_Tstat] = 4.16823e-12
++ Smallest FDR q [11 CondGtRest_GLT_Fstat] = 4.168e-12
++ Smallest FDR q [13 Pmod_GLT#0_Tstat] = 0.0355397
++ Smallest FDR q [14 Pmod_GLT_Fstat] = 0.0355407
++ Wrote bucket dataset into ./CHIVES1065_AllCondPmod_stats+tlrc.BRIK
 + created 10 FDR curves in bucket header
++ Wrote 3D+time dataset into ./CHIVES1065_AllCondPmod+tlrc.BRIK
++ Wrote 3D+time dataset into ./CHIVES1065_AllCondPmod+tlrc.BRIK
++ Program finished; elapsed time=22.486
** AFNI converts NIFTI_datatype=4 (INT16) in file /projects/sanlab/shared/CHIVES/bids_data/derivatives/fmriprep/sub-CHIVES1065/ses-wave1/func/s6_sub-CHIVES1065_ses-wave1_task-money_bold_space-MNI152NLin2009cAsym_preproc.nii to FLOAT32
     Warnings of this type will be muted for this session.
     Set AFNI_NIFTI_TYPE_WARN to YES to see them all, NO to see none.
++ '-stim_times_AM2 1 /projects/sanlab/shared/CHIVES/CHIVES_WTP_scripts/behavioral/money/afni_timing_files/CHIVES1065/HealthyPmod.1D' has 1 auxiliary values per time point
++ '-stim_times_AM2 1 /projects/sanlab/shared/CHIVES/CHIVES_WTP_scripts/behavioral/money/afni_timing_files/CHIVES1065/HealthyPmod.1D' will have 2 regressors
++ '-stim_times_AM2 2 /projects/sanlab/shared/CHIVES/CHIVES_WTP_scripts/behavioral/money/afni_timing_files/CHIVES1065/UnhealthyPmod.1D' has 1 auxiliary values per time point
++ '-stim_times_AM2 2 /projects/sanlab/shared/CHIVES/CHIVES_WTP_scripts/behavioral/money/afni_timing_files/CHIVES1065/UnhealthyPmod.1D' will have 2 regressors
++ '-stim_times_AM1 3 /projects/sanlab/shared/CHIVES/CHIVES_WTP_scripts/behavioral/money/afni_timing_files/CHIVES1065/BidOnsDur.1D' has 1 auxiliary values per time point
++ '-stim_times_AM1 3': basis function model 'dmBLOCK(1)' uses 1 parameters,
    out of the 1 found in timing file '/projects/sanlab/shared/CHIVES/CHIVES_WTP_scripts/behavioral/money/afni_timing_files/CHIVES1065/BidOnsDur.1D'
++ 3dDeconvolve extending num_stimts from 3 to 8 due to -ortvec
++ 3dDeconvolve: AFNI version=AFNI_18.2.04 (Jul  6 2018) [64-bit]
++ Authored by: B. Douglas Ward, et al.
++ current memory malloc-ated = 289,924 bytes (about 290 thousand [kilo])
++ loading dataset /projects/sanlab/shared/CHIVES/bids_data/derivatives/fmriprep/sub-CHIVES1065/ses-wave1/func/s6_sub-CHIVES1065_ses-wave1_task-money_bold_space-MNI152NLin2009cAsym_preproc.nii
++ current memory malloc-ated = 1,545,438,784 bytes (about 1.5 billion [giga])
++ forcibly using TR=2.0000 seconds for -input dataset
++ Skipping check for initial transients
++ Imaging duration=714.0 s; Automatic polort=5
++ -stim_times using TR=2 s for stimulus timing conversion
++ -stim_times using TR=2 s for any -iresp output datasets
++  [you can alter the -iresp TR via the -TR_times option]
++ ** -stim_times NOTE ** guessing GLOBAL times if 1 time per line; LOCAL otherwise
++ ** GUESSED ** -stim_times_AM2 1 using LOCAL times
++ '-stim_times_AM2 1' average amplitude#1=0.931035
++ ** GUESSED ** -stim_times_AM2 2 using LOCAL times
++ '-stim_times_AM2 2' average amplitude#1=0.706897
++ ** GUESSED ** -stim_times_AM1 3 using LOCAL times
------------------------------------------------------------
GLT matrix from 'SYM: HealthyPmod[0]':
   0   0   0   0   0   0   1   0   0   0   0   0   0   0   0   0 
 
------------------------------------------------------------
GLT matrix from 'SYM: HealthyPmod[1]':
   0   0   0   0   0   0   0   1   0   0   0   0   0   0   0   0 
 
------------------------------------------------------------
GLT matrix from 'SYM: UnhealthyPmod[0]':
   0   0   0   0   0   0   0   0   1   0   0   0   0   0   0   0 
 
------------------------------------------------------------
GLT matrix from 'SYM: UnhealthyPmod[1]':
   0   0   0   0   0   0   0   0   0   1   0   0   0   0   0   0 
 
------------------------------------------------------------
GLT matrix from 'SYM: HealthyPmod[0] -UnhealthyPmod[0]':
   0   0   0   0   0   0   1   0  -1   0   0   0   0   0   0   0 
 
------------------------------------------------------------
GLT matrix from 'SYM: HealthyPmod[1] -UnhealthyPmod[1]':
   0   0   0   0   0   0   0   1   0  -1   0   0   0   0   0   0 
 
++ Number of time points: 357 (no censoring)
 + Number of parameters:  16 [11 baseline ; 5 signal]
++ total shared memory needed = 3,228,792,440 bytes (about 3.2 billion [giga])
++ current memory malloc-ated = 1,546,571,530 bytes (about 1.5 billion [giga])
++ mmap() memory allocated: 3,228,792,440 bytes (about 3.2 billion [giga])
++ Memory required for output bricks = 3,228,792,440 bytes (about 3.2 billion [giga])
++ Wrote matrix values to file CHIVES1065_2CondPmod_xmat.1D
++ ========= Things you can do with the matrix file =========
++ (a) Linear regression with ARMA(1,1) modeling of serial correlation:

3dREMLfit -matrix CHIVES1065_2CondPmod_xmat.1D -input /projects/sanlab/shared/CHIVES/bids_data/derivatives/fmriprep/sub-CHIVES1065/ses-wave1/func/s6_sub-CHIVES1065_ses-wave1_task-money_bold_space-MNI152NLin2009cAsym_preproc.nii \
 -mask /projects/sanlab/shared/CHIVES/bids_data/derivatives/fmriprep/sub-CHIVES1065/ses-wave1/func/sub-CHIVES1065_ses-wave1_task-money_bold_space-MNI152NLin2009cAsym_brainmask.nii.gz \
 -fout -tout -Rbuck CHIVES1065_2CondPmod_stats_REML -Rvar CHIVES1065_2CondPmod_stats_REMLvar \
 -Rfitts CHIVES1065_2CondPmod_REML -Rerrts CHIVES1065_2CondPmod_REML -verb
 
++ N.B.: 3dREMLfit command above written to file CHIVES1065_2CondPmod_stats.REML_cmd
++ (b) Visualization/analysis of the matrix via ExamineXmat.R
++ (c) Synthesis of sub-model datasets using 3dSynthesize
++ ==========================================================
++ Wrote matrix values to file CHIVES1065_2CondPmod_uncensor_xmat.1D
++ ----- Signal+Baseline matrix condition [X] (357x16):  2.89133  ++ VERY GOOD ++
++ ----- Signal-only matrix condition [X] (357x5):  1.52181  ++ VERY GOOD ++
++ ----- Baseline-only matrix condition [X] (357x11):  2.80646  ++ VERY GOOD ++
++ ----- stim_base-only matrix condition [X] (357x5):  1.7251  ++ VERY GOOD ++
++ ----- polort-only matrix condition [X] (357x6):  1.01526  ++ VERY GOOD ++
++ +++++ Matrix inverse average error = 8.47215e-16  ++ VERY GOOD ++
++ Matrix setup time = 0.02 s
++ Voxels in dataset: 1082035
++ Voxels in mask:    264350
++ Voxels per job:    26435
++ Job #1: processing voxels 249037 to 327606; elapsed time=3.911
++ Job #2: processing voxels 327607 to 385051; elapsed time=3.940
++ Job #3: processing voxels 385052 to 440028; elapsed time=3.968
++ Job #4: processing voxels 440029 to 494558; elapsed time=3.995
++ Job #5: processing voxels 494559 to 549936; elapsed time=4.023
++ Job #6: processing voxels 549937 to 607383; elapsed time=4.050
++ Job #7: processing voxels 607384 to 672457; elapsed time=4.078
++ Job #8: processing voxels 672458 to 750325; elapsed time=4.106
++ Job #9: processing voxels 750326 to 1082034; elapsed time=4.134
++ Job #0: processing voxels 0 to 249036; elapsed time=4.145
++ voxel loop:0123456789.0123456789.0123456789.0123456789.0123456++ Job #2 finished; elapsed time=6.005
7++ Job #4 finished; elapsed time=6.079
++ Job #3 finished; elapsed time=6.116
++ Job #1 finished; elapsed time=6.127
++ Job #6 finished; elapsed time=6.144
++ Job #5 finished; elapsed time=6.152
8++ Job #8 finished; elapsed time=6.199
9.
++ Job #0 waiting for children to finish; elapsed time=6.231
++ Job #7 finished; elapsed time=6.246
++ Job #9 finished; elapsed time=6.376
++ Job #0 now finishing up; elapsed time=6.409
++ Smallest FDR q [0 Full_Fstat] = 3.51741e-13
++ Smallest FDR q [2 HealthyPmod#0_Tstat] = 4.38623e-09
[7m*+ WARNING:[0m Smallest FDR q [4 HealthyPmod#1_Tstat] = 0.960989 ==> few true single voxel detections
++ Smallest FDR q [5 HealthyPmod_Fstat] = 2.77698e-08
++ Smallest FDR q [7 UnhealthyPmod#0_Tstat] = 1.4216e-11
[7m*+ WARNING:[0m Smallest FDR q [9 UnhealthyPmod#1_Tstat] = 0.239605 ==> few true single voxel detections
++ Smallest FDR q [10 UnhealthyPmod_Fstat] = 7.52498e-11
++ Smallest FDR q [12 BidsNMiss#0_Tstat] = 8.5882e-13
++ Smallest FDR q [13 BidsNMiss_Fstat] = 8.58802e-13
++ Smallest FDR q [15 HealthyGtRest_GLT#0_Tstat] = 4.38623e-09
++ Smallest FDR q [16 HealthyGtRest_GLT_Fstat] = 4.38607e-09
[7m*+ WARNING:[0m Smallest FDR q [18 HealthyPmod_GLT#0_Tstat] = 0.960989 ==> few true single voxel detections
[7m*+ WARNING:[0m Smallest FDR q [19 HealthyPmod_GLT_Fstat] = 0.958492 ==> few true single voxel detections
++ Smallest FDR q [21 UnhealthyGtRest_GLT#0_Tstat] = 1.4216e-11
++ Smallest FDR q [22 UnhealthyGtRest_GLT_Fstat] = 1.42153e-11
[7m*+ WARNING:[0m Smallest FDR q [24 UnhealthyPmod_GLT#0_Tstat] = 0.239605 ==> few true single voxel detections
[7m*+ WARNING:[0m Smallest FDR q [25 UnhealthyPmod_GLT_Fstat] = 0.239088 ==> few true single voxel detections
[7m*+ WARNING:[0m Smallest FDR q [27 HealthyGtUnhealthy_GLT#0_Tstat] = 0.999883 ==> few true single voxel detections
[7m*+ WARNING:[0m Smallest FDR q [28 HealthyGtUnhealthy_GLT_Fstat] = 0.996398 ==> few true single voxel detections
[7m*+ WARNING:[0m Smallest FDR q [30 HealthyGtUnhealthyPmod_GLT#0_Tstat] = 0.999844 ==> few true single voxel detections
[7m*+ WARNING:[0m Smallest FDR q [31 HealthyGtUnhealthyPmod_GLT_Fstat] = 0.996403 ==> few true single voxel detections
++ Wrote bucket dataset into ./CHIVES1065_2CondPmod_stats+tlrc.BRIK
 + created 21 FDR curves in bucket header
++ Wrote 3D+time dataset into ./CHIVES1065_2CondPmod+tlrc.BRIK
++ Wrote 3D+time dataset into ./CHIVES1065_2CondPmod+tlrc.BRIK
++ Program finished; elapsed time=36.579
** AFNI converts NIFTI_datatype=4 (INT16) in file /projects/sanlab/shared/CHIVES/bids_data/derivatives/fmriprep/sub-CHIVES1065/ses-wave1/func/s6_sub-CHIVES1065_ses-wave1_task-money_bold_space-MNI152NLin2009cAsym_preproc.nii to FLOAT32
     Warnings of this type will be muted for this session.
     Set AFNI_NIFTI_TYPE_WARN to YES to see them all, NO to see none.
++ '-stim_times_AM1 3 /projects/sanlab/shared/CHIVES/CHIVES_WTP_scripts/behavioral/money/afni_timing_files/CHIVES1065/BidOnsDur.1D' has 1 auxiliary values per time point
++ '-stim_times_AM1 3': basis function model 'dmBLOCK(1)' uses 1 parameters,
    out of the 1 found in timing file '/projects/sanlab/shared/CHIVES/CHIVES_WTP_scripts/behavioral/money/afni_timing_files/CHIVES1065/BidOnsDur.1D'
++ 3dDeconvolve extending num_stimts from 3 to 8 due to -ortvec
++ 3dDeconvolve: AFNI version=AFNI_18.2.04 (Jul  6 2018) [64-bit]
++ Authored by: B. Douglas Ward, et al.
++ current memory malloc-ated = 273,688 bytes (about 274 thousand [kilo])
++ loading dataset /projects/sanlab/shared/CHIVES/bids_data/derivatives/fmriprep/sub-CHIVES1065/ses-wave1/func/s6_sub-CHIVES1065_ses-wave1_task-money_bold_space-MNI152NLin2009cAsym_preproc.nii
++ current memory malloc-ated = 1,545,422,548 bytes (about 1.5 billion [giga])
++ forcibly using TR=2.0000 seconds for -input dataset
++ Skipping check for initial transients
++ Imaging duration=714.0 s; Automatic polort=5
++ -stim_times using TR=2 s for stimulus timing conversion
++ -stim_times using TR=2 s for any -iresp output datasets
++  [you can alter the -iresp TR via the -TR_times option]
++ ** -stim_times NOTE ** guessing GLOBAL times if 1 time per line; LOCAL otherwise
++ ** GUESSED ** -stim_times 1 using LOCAL times
++ ** GUESSED ** -stim_times 2 using LOCAL times
++ ** GUESSED ** -stim_times_AM1 3 using LOCAL times
------------------------------------------------------------
GLT matrix from 'SYM: Healthy':
   0   0   0   0   0   0   1   0   0   0   0   0   0   0 
 
------------------------------------------------------------
GLT matrix from 'SYM: Unhealthy':
   0   0   0   0   0   0   0   1   0   0   0   0   0   0 
 
------------------------------------------------------------
GLT matrix from 'SYM: Healthy -Unhealthy':
   0   0   0   0   0   0   1  -1   0   0   0   0   0   0 
 
++ Number of time points: 357 (no censoring)
 + Number of parameters:  14 [11 baseline ; 3 signal]
++ total shared memory needed = 3,172,526,620 bytes (about 3.2 billion [giga])
++ current memory malloc-ated = 1,546,550,740 bytes (about 1.5 billion [giga])
++ mmap() memory allocated: 3,172,526,620 bytes (about 3.2 billion [giga])
++ Memory required for output bricks = 3,172,526,620 bytes (about 3.2 billion [giga])
++ Wrote matrix values to file CHIVES1065_2Cond_xmat.1D
++ ========= Things you can do with the matrix file =========
++ (a) Linear regression with ARMA(1,1) modeling of serial correlation:

3dREMLfit -matrix CHIVES1065_2Cond_xmat.1D -input /projects/sanlab/shared/CHIVES/bids_data/derivatives/fmriprep/sub-CHIVES1065/ses-wave1/func/s6_sub-CHIVES1065_ses-wave1_task-money_bold_space-MNI152NLin2009cAsym_preproc.nii \
 -mask /projects/sanlab/shared/CHIVES/bids_data/derivatives/fmriprep/sub-CHIVES1065/ses-wave1/func/sub-CHIVES1065_ses-wave1_task-money_bold_space-MNI152NLin2009cAsym_brainmask.nii.gz \
 -fout -tout -Rbuck CHIVES1065_2Cond_stats_REML -Rvar CHIVES1065_2Cond_stats_REMLvar \
 -Rfitts CHIVES1065_2Cond_REML -Rerrts CHIVES1065_2Cond_REML -verb
 
++ N.B.: 3dREMLfit command above written to file CHIVES1065_2Cond_stats.REML_cmd
++ (b) Visualization/analysis of the matrix via ExamineXmat.R
++ (c) Synthesis of sub-model datasets using 3dSynthesize
++ ==========================================================
++ Wrote matrix values to file CHIVES1065_2Cond_uncensor_xmat.1D
++ ----- Signal+Baseline matrix condition [X] (357x14):  2.85525  ++ VERY GOOD ++
++ ----- Signal-only matrix condition [X] (357x3):  1.5218  ++ VERY GOOD ++
++ ----- Baseline-only matrix condition [X] (357x11):  2.80646  ++ VERY GOOD ++
++ ----- stim_base-only matrix condition [X] (357x5):  1.7251  ++ VERY GOOD ++
++ ----- polort-only matrix condition [X] (357x6):  1.01526  ++ VERY GOOD ++
++ +++++ Matrix inverse average error = 7.35432e-16  ++ VERY GOOD ++
++ Matrix setup time = 0.02 s
++ Voxels in dataset: 1082035
++ Voxels in mask:    264350
++ Voxels per job:    26435
++ Job #1: processing voxels 249037 to 327606; elapsed time=4.353
++ Job #2: processing voxels 327607 to 385051; elapsed time=4.380
++ Job #3: processing voxels 385052 to 440028; elapsed time=4.407
++ Job #4: processing voxels 440029 to 494558; elapsed time=4.433
++ Job #5: processing voxels 494559 to 549936; elapsed time=4.460
++ Job #6: processing voxels 549937 to 607383; elapsed time=4.487
++ Job #7: processing voxels 607384 to 672457; elapsed time=4.514
++ Job #8: processing voxels 672458 to 750325; elapsed time=4.541
++ Job #9: processing voxels 750326 to 1082034; elapsed time=4.568
++ Job #0: processing voxels 0 to 249036; elapsed time=4.578
++ voxel loop:0123456789.0123456789.0123456789.0123456789.0123456++ Job #1 finished; elapsed time=6.153
++ Job #3 finished; elapsed time=6.178
7++ Job #2 finished; elapsed time=6.211
++ Job #4 finished; elapsed time=6.243
++ Job #5 finished; elapsed time=6.257
++ Job #6 finished; elapsed time=6.273
++ Job #7 finished; elapsed time=6.275
8++ Job #8 finished; elapsed time=6.336
9.
++ Job #0 waiting for children to finish; elapsed time=6.359
++ Job #9 finished; elapsed time=6.431
++ Job #0 now finishing up; elapsed time=6.460
++ Smallest FDR q [0 Full_Fstat] = 2.41591e-13
++ Smallest FDR q [2 Healthy#0_Tstat] = 4.21195e-09
++ Smallest FDR q [3 Healthy_Fstat] = 4.21191e-09
++ Smallest FDR q [5 Unhealthy#0_Tstat] = 1.41964e-11
++ Smallest FDR q [6 Unhealthy_Fstat] = 1.4196e-11
++ Smallest FDR q [8 BidsNMiss#0_Tstat] = 8.52182e-13
++ Smallest FDR q [9 BidsNMiss_Fstat] = 8.52215e-13
++ Smallest FDR q [11 HealthyGtRest_GLT#0_Tstat] = 4.21195e-09
++ Smallest FDR q [12 HealthyGtRest_GLT_Fstat] = 4.21195e-09
++ Smallest FDR q [14 UnhealthyGtRest_GLT#0_Tstat] = 1.41964e-11
++ Smallest FDR q [15 UnhealthyGtRest_GLT_Fstat] = 1.4196e-11
[7m*+ WARNING:[0m Smallest FDR q [17 HealthyGtUnhealthy_GLT#0_Tstat] = 0.999894 ==> few true single voxel detections
[7m*+ WARNING:[0m Smallest FDR q [18 HealthyGtUnhealthy_GLT_Fstat] = 0.996395 ==> few true single voxel detections
++ Wrote bucket dataset into ./CHIVES1065_2Cond_stats+tlrc.BRIK
 + created 13 FDR curves in bucket header
++ Wrote 3D+time dataset into ./CHIVES1065_2Cond+tlrc.BRIK
++ Wrote 3D+time dataset into ./CHIVES1065_2Cond+tlrc.BRIK
++ Program finished; elapsed time=25.715
