** AFNI converts NIFTI_datatype=4 (INT16) in file /projects/sanlab/shared/CHIVES/bids_data/derivatives/fmriprep/sub-CHIVES1045/ses-wave1/func/s6_sub-CHIVES1045_ses-wave1_task-money_bold_space-MNI152NLin2009cAsym_preproc.nii to FLOAT32
     Warnings of this type will be muted for this session.
     Set AFNI_NIFTI_TYPE_WARN to YES to see them all, NO to see none.
++ '-stim_times_AM2 1 /projects/sanlab/shared/CHIVES/CHIVES_WTP_scripts/behavioral/money/afni_timing_files/CHIVES1045/AllCondsPmod.1D' has 1 auxiliary values per time point
++ '-stim_times_AM2 1 /projects/sanlab/shared/CHIVES/CHIVES_WTP_scripts/behavioral/money/afni_timing_files/CHIVES1045/AllCondsPmod.1D' will have 2 regressors
++ '-stim_times_AM1 2 /projects/sanlab/shared/CHIVES/CHIVES_WTP_scripts/behavioral/money/afni_timing_files/CHIVES1045/BidOnsDur.1D' has 1 auxiliary values per time point
++ '-stim_times_AM1 2': basis function model 'dmBLOCK(1)' uses 1 parameters,
    out of the 1 found in timing file '/projects/sanlab/shared/CHIVES/CHIVES_WTP_scripts/behavioral/money/afni_timing_files/CHIVES1045/BidOnsDur.1D'
++ 3dDeconvolve extending num_stimts from 2 to 7 due to -ortvec
++ 3dDeconvolve: AFNI version=AFNI_18.2.04 (Jul  6 2018) [64-bit]
++ Authored by: B. Douglas Ward, et al.
++ current memory malloc-ated = 262,666 bytes (about 263 thousand [kilo])
++ loading dataset /projects/sanlab/shared/CHIVES/bids_data/derivatives/fmriprep/sub-CHIVES1045/ses-wave1/func/s6_sub-CHIVES1045_ses-wave1_task-money_bold_space-MNI152NLin2009cAsym_preproc.nii
++ current memory malloc-ated = 1,545,411,526 bytes (about 1.5 billion [giga])
++ forcibly using TR=2.0000 seconds for -input dataset
++ Skipping check for initial transients
++ Imaging duration=714.0 s; Automatic polort=5
++ -stim_times using TR=2 s for stimulus timing conversion
++ -stim_times using TR=2 s for any -iresp output datasets
++  [you can alter the -iresp TR via the -TR_times option]
++ ** -stim_times NOTE ** guessing GLOBAL times if 1 time per line; LOCAL otherwise
++ ** GUESSED ** -stim_times_AM2 1 using LOCAL times
++ '-stim_times_AM2 1' average amplitude#1=0.737288
++ ** GUESSED ** -stim_times_AM1 2 using LOCAL times
------------------------------------------------------------
GLT matrix from 'SYM: AllConds[0]':
   0   0   0   0   0   0   1   0   0   0   0   0   0   0 
 
------------------------------------------------------------
GLT matrix from 'SYM: AllConds[1]':
   0   0   0   0   0   0   0   1   0   0   0   0   0   0 
 
++ Number of time points: 357 (no censoring)
 + Number of parameters:  14 [11 baseline ; 3 signal]
++ total shared memory needed = 3,155,214,060 bytes (about 3.2 billion [giga])
++ current memory malloc-ated = 1,546,539,672 bytes (about 1.5 billion [giga])
++ mmap() memory allocated: 3,155,214,060 bytes (about 3.2 billion [giga])
++ Memory required for output bricks = 3,155,214,060 bytes (about 3.2 billion [giga])
++ Wrote matrix values to file CHIVES1045_AllCondPmod_xmat.1D
++ ========= Things you can do with the matrix file =========
++ (a) Linear regression with ARMA(1,1) modeling of serial correlation:

3dREMLfit -matrix CHIVES1045_AllCondPmod_xmat.1D -input /projects/sanlab/shared/CHIVES/bids_data/derivatives/fmriprep/sub-CHIVES1045/ses-wave1/func/s6_sub-CHIVES1045_ses-wave1_task-money_bold_space-MNI152NLin2009cAsym_preproc.nii \
 -mask /projects/sanlab/shared/CHIVES/bids_data/derivatives/fmriprep/sub-CHIVES1045/ses-wave1/func/sub-CHIVES1045_ses-wave1_task-money_bold_space-MNI152NLin2009cAsym_brainmask.nii.gz \
 -fout -tout -Rbuck CHIVES1045_AllCondPmod_stats_REML -Rvar CHIVES1045_AllCondPmod_stats_REMLvar \
 -Rfitts CHIVES1045_AllCondPmod_REML -Rerrts CHIVES1045_AllCondPmod_REML -verb
 
++ N.B.: 3dREMLfit command above written to file CHIVES1045_AllCondPmod_stats.REML_cmd
++ (b) Visualization/analysis of the matrix via ExamineXmat.R
++ (c) Synthesis of sub-model datasets using 3dSynthesize
++ ==========================================================
++ Wrote matrix values to file CHIVES1045_AllCondPmod_uncensor_xmat.1D
++ ----- Signal+Baseline matrix condition [X] (357x14):  4.15988  ++ VERY GOOD ++
++ ----- Signal-only matrix condition [X] (357x3):  1.55499  ++ VERY GOOD ++
++ ----- Baseline-only matrix condition [X] (357x11):  4.14074  ++ VERY GOOD ++
++ ----- stim_base-only matrix condition [X] (357x5):  2.6024  ++ VERY GOOD ++
++ ----- polort-only matrix condition [X] (357x6):  1.01526  ++ VERY GOOD ++
++ +++++ Matrix inverse average error = 1.31174e-15  ++ VERY GOOD ++
++ Matrix setup time = 0.02 s
++ Voxels in dataset: 1082035
++ Voxels in mask:    264222
++ Voxels per job:    26422
++ Job #1: processing voxels 241468 to 321204; elapsed time=4.036
++ Job #2: processing voxels 321205 to 382813; elapsed time=4.063
++ Job #3: processing voxels 382814 to 437627; elapsed time=4.089
++ Job #4: processing voxels 437628 to 488931; elapsed time=4.114
++ Job #5: processing voxels 488932 to 544000; elapsed time=4.140
++ Job #6: processing voxels 544001 to 604965; elapsed time=4.166
++ Job #7: processing voxels 604966 to 665589; elapsed time=4.192
++ Job #8: processing voxels 665590 to 742513; elapsed time=4.218
++ Job #9: processing voxels 742514 to 1082034; elapsed time=4.244
++ Job #0: processing voxels 0 to 241467; elapsed time=4.254
++ voxel loop:0123456789.0123456789.0123456789.0123456789.012345678++ Job #4 finished; elapsed time=5.614
++ Job #2 finished; elapsed time=5.656
++ Job #1 finished; elapsed time=5.676
++ Job #3 finished; elapsed time=5.711
++ Job #8 finished; elapsed time=5.725
++ Job #6 finished; elapsed time=5.733
9.
++ Job #0 waiting for children to finish; elapsed time=5.752
++ Job #5 finished; elapsed time=5.757
++ Job #7 finished; elapsed time=5.791
++ Job #9 finished; elapsed time=5.929
++ Job #0 now finishing up; elapsed time=5.959
++ Smallest FDR q [0 Full_Fstat] = 1.35709e-14
++ Smallest FDR q [2 AllConds#0_Tstat] = 9.77134e-14
++ Smallest FDR q [4 AllConds#1_Tstat] = 0.0323939
++ Smallest FDR q [5 AllConds_Fstat] = 1.27158e-13
++ Smallest FDR q [7 BidsNMiss#0_Tstat] = 3.49337e-14
++ Smallest FDR q [8 BidsNMiss_Fstat] = 3.49318e-14
++ Smallest FDR q [10 CondGtRest_GLT#0_Tstat] = 9.77134e-14
++ Smallest FDR q [11 CondGtRest_GLT_Fstat] = 9.77095e-14
++ Smallest FDR q [13 Pmod_GLT#0_Tstat] = 0.0323939
++ Smallest FDR q [14 Pmod_GLT_Fstat] = 0.0323934
++ Wrote bucket dataset into ./CHIVES1045_AllCondPmod_stats+tlrc.BRIK
 + created 10 FDR curves in bucket header
++ Wrote 3D+time dataset into ./CHIVES1045_AllCondPmod+tlrc.BRIK
++ Wrote 3D+time dataset into ./CHIVES1045_AllCondPmod+tlrc.BRIK
++ Program finished; elapsed time=21.819
** AFNI converts NIFTI_datatype=4 (INT16) in file /projects/sanlab/shared/CHIVES/bids_data/derivatives/fmriprep/sub-CHIVES1045/ses-wave1/func/s6_sub-CHIVES1045_ses-wave1_task-money_bold_space-MNI152NLin2009cAsym_preproc.nii to FLOAT32
     Warnings of this type will be muted for this session.
     Set AFNI_NIFTI_TYPE_WARN to YES to see them all, NO to see none.
++ '-stim_times_AM2 1 /projects/sanlab/shared/CHIVES/CHIVES_WTP_scripts/behavioral/money/afni_timing_files/CHIVES1045/HealthyPmod.1D' has 1 auxiliary values per time point
++ '-stim_times_AM2 1 /projects/sanlab/shared/CHIVES/CHIVES_WTP_scripts/behavioral/money/afni_timing_files/CHIVES1045/HealthyPmod.1D' will have 2 regressors
++ '-stim_times_AM2 2 /projects/sanlab/shared/CHIVES/CHIVES_WTP_scripts/behavioral/money/afni_timing_files/CHIVES1045/UnhealthyPmod.1D' has 1 auxiliary values per time point
++ '-stim_times_AM2 2 /projects/sanlab/shared/CHIVES/CHIVES_WTP_scripts/behavioral/money/afni_timing_files/CHIVES1045/UnhealthyPmod.1D' will have 2 regressors
++ '-stim_times_AM1 3 /projects/sanlab/shared/CHIVES/CHIVES_WTP_scripts/behavioral/money/afni_timing_files/CHIVES1045/BidOnsDur.1D' has 1 auxiliary values per time point
++ '-stim_times_AM1 3': basis function model 'dmBLOCK(1)' uses 1 parameters,
    out of the 1 found in timing file '/projects/sanlab/shared/CHIVES/CHIVES_WTP_scripts/behavioral/money/afni_timing_files/CHIVES1045/BidOnsDur.1D'
++ 3dDeconvolve extending num_stimts from 3 to 8 due to -ortvec
++ 3dDeconvolve: AFNI version=AFNI_18.2.04 (Jul  6 2018) [64-bit]
++ Authored by: B. Douglas Ward, et al.
++ current memory malloc-ated = 289,932 bytes (about 290 thousand [kilo])
++ loading dataset /projects/sanlab/shared/CHIVES/bids_data/derivatives/fmriprep/sub-CHIVES1045/ses-wave1/func/s6_sub-CHIVES1045_ses-wave1_task-money_bold_space-MNI152NLin2009cAsym_preproc.nii
++ current memory malloc-ated = 1,545,438,792 bytes (about 1.5 billion [giga])
++ forcibly using TR=2.0000 seconds for -input dataset
++ Skipping check for initial transients
++ Imaging duration=714.0 s; Automatic polort=5
++ -stim_times using TR=2 s for stimulus timing conversion
++ -stim_times using TR=2 s for any -iresp output datasets
++  [you can alter the -iresp TR via the -TR_times option]
++ ** -stim_times NOTE ** guessing GLOBAL times if 1 time per line; LOCAL otherwise
++ ** GUESSED ** -stim_times_AM2 1 using LOCAL times
++ '-stim_times_AM2 1' average amplitude#1=0.916667
++ ** GUESSED ** -stim_times_AM2 2 using LOCAL times
++ '-stim_times_AM2 2' average amplitude#1=0.551724
++ ** GUESSED ** -stim_times_AM1 3 using LOCAL times
------------------------------------------------------------
GLT matrix from 'SYM: HealthyPmod[0]':
   0   0   0   0   0   0   1   0   0   0   0   0   0   0   0   0 
 
------------------------------------------------------------
GLT matrix from 'SYM: HealthyPmod[1]':
   0   0   0   0   0   0   0   1   0   0   0   0   0   0   0   0 
 
------------------------------------------------------------
GLT matrix from 'SYM: UnhealthyPmod[0]':
   0   0   0   0   0   0   0   0   1   0   0   0   0   0   0   0 
 
------------------------------------------------------------
GLT matrix from 'SYM: UnhealthyPmod[1]':
   0   0   0   0   0   0   0   0   0   1   0   0   0   0   0   0 
 
------------------------------------------------------------
GLT matrix from 'SYM: HealthyPmod[0] -UnhealthyPmod[0]':
   0   0   0   0   0   0   1   0  -1   0   0   0   0   0   0   0 
 
------------------------------------------------------------
GLT matrix from 'SYM: HealthyPmod[1] -UnhealthyPmod[1]':
   0   0   0   0   0   0   0   1   0  -1   0   0   0   0   0   0 
 
++ Number of time points: 357 (no censoring)
 + Number of parameters:  16 [11 baseline ; 5 signal]
++ total shared memory needed = 3,228,792,440 bytes (about 3.2 billion [giga])
++ current memory malloc-ated = 1,546,571,538 bytes (about 1.5 billion [giga])
++ mmap() memory allocated: 3,228,792,440 bytes (about 3.2 billion [giga])
++ Memory required for output bricks = 3,228,792,440 bytes (about 3.2 billion [giga])
++ Wrote matrix values to file CHIVES1045_2CondPmod_xmat.1D
++ ========= Things you can do with the matrix file =========
++ (a) Linear regression with ARMA(1,1) modeling of serial correlation:

3dREMLfit -matrix CHIVES1045_2CondPmod_xmat.1D -input /projects/sanlab/shared/CHIVES/bids_data/derivatives/fmriprep/sub-CHIVES1045/ses-wave1/func/s6_sub-CHIVES1045_ses-wave1_task-money_bold_space-MNI152NLin2009cAsym_preproc.nii \
 -mask /projects/sanlab/shared/CHIVES/bids_data/derivatives/fmriprep/sub-CHIVES1045/ses-wave1/func/sub-CHIVES1045_ses-wave1_task-money_bold_space-MNI152NLin2009cAsym_brainmask.nii.gz \
 -fout -tout -Rbuck CHIVES1045_2CondPmod_stats_REML -Rvar CHIVES1045_2CondPmod_stats_REMLvar \
 -Rfitts CHIVES1045_2CondPmod_REML -Rerrts CHIVES1045_2CondPmod_REML -verb
 
++ N.B.: 3dREMLfit command above written to file CHIVES1045_2CondPmod_stats.REML_cmd
++ (b) Visualization/analysis of the matrix via ExamineXmat.R
++ (c) Synthesis of sub-model datasets using 3dSynthesize
++ ==========================================================
++ Wrote matrix values to file CHIVES1045_2CondPmod_uncensor_xmat.1D
++ ----- Signal+Baseline matrix condition [X] (357x16):  4.18908  ++ VERY GOOD ++
++ ----- Signal-only matrix condition [X] (357x5):  1.55517  ++ VERY GOOD ++
++ ----- Baseline-only matrix condition [X] (357x11):  4.14074  ++ VERY GOOD ++
++ ----- stim_base-only matrix condition [X] (357x5):  2.6024  ++ VERY GOOD ++
++ ----- polort-only matrix condition [X] (357x6):  1.01526  ++ VERY GOOD ++
++ +++++ Matrix inverse average error = 1.29932e-15  ++ VERY GOOD ++
++ Matrix setup time = 0.02 s
++ Voxels in dataset: 1082035
++ Voxels in mask:    264222
++ Voxels per job:    26422
++ Job #1: processing voxels 241468 to 321204; elapsed time=3.925
++ Job #2: processing voxels 321205 to 382813; elapsed time=3.952
++ Job #3: processing voxels 382814 to 437627; elapsed time=3.979
++ Job #4: processing voxels 437628 to 488931; elapsed time=4.005
++ Job #5: processing voxels 488932 to 544000; elapsed time=4.031
++ Job #6: processing voxels 544001 to 604965; elapsed time=4.057
++ Job #7: processing voxels 604966 to 665589; elapsed time=4.084
++ Job #8: processing voxels 665590 to 742513; elapsed time=4.111
++ Job #9: processing voxels 742514 to 1082034; elapsed time=4.137
++ Job #0: processing voxels 0 to 241467; elapsed time=4.147
++ voxel loop:0123456789.0123456789.0123456789.0123456789.0123456++ Job #2 finished; elapsed time=6.075
78++ Job #4 finished; elapsed time=6.151
++ Job #1 finished; elapsed time=6.163
++ Job #6 finished; elapsed time=6.179
++ Job #3 finished; elapsed time=6.202
++ Job #5 finished; elapsed time=6.224
++ Job #8 finished; elapsed time=6.260
++ Job #7 finished; elapsed time=6.271
9.
++ Job #0 waiting for children to finish; elapsed time=6.322
++ Job #9 finished; elapsed time=6.426
++ Job #0 now finishing up; elapsed time=6.462
++ Smallest FDR q [0 Full_Fstat] = 1.42111e-14
++ Smallest FDR q [2 HealthyPmod#0_Tstat] = 3.74819e-13
++ Smallest FDR q [4 HealthyPmod#1_Tstat] = 0.0136849
++ Smallest FDR q [5 HealthyPmod_Fstat] = 5.40946e-13
++ Smallest FDR q [7 UnhealthyPmod#0_Tstat] = 2.46481e-13
[7m*+ WARNING:[0m Smallest FDR q [9 UnhealthyPmod#1_Tstat] = 0.254446 ==> few true single voxel detections
++ Smallest FDR q [10 UnhealthyPmod_Fstat] = 3.44583e-13
++ Smallest FDR q [12 BidsNMiss#0_Tstat] = 3.44042e-14
++ Smallest FDR q [13 BidsNMiss_Fstat] = 3.43993e-14
++ Smallest FDR q [15 HealthyGtRest_GLT#0_Tstat] = 3.74819e-13
++ Smallest FDR q [16 HealthyGtRest_GLT_Fstat] = 3.74827e-13
++ Smallest FDR q [18 HealthyPmod_GLT#0_Tstat] = 0.0136849
++ Smallest FDR q [19 HealthyPmod_GLT_Fstat] = 0.0136843
++ Smallest FDR q [21 UnhealthyGtRest_GLT#0_Tstat] = 2.46481e-13
++ Smallest FDR q [22 UnhealthyGtRest_GLT_Fstat] = 2.4647e-13
[7m*+ WARNING:[0m Smallest FDR q [24 UnhealthyPmod_GLT#0_Tstat] = 0.254446 ==> few true single voxel detections
[7m*+ WARNING:[0m Smallest FDR q [25 UnhealthyPmod_GLT_Fstat] = 0.25383 ==> few true single voxel detections
[7m*+ WARNING:[0m Smallest FDR q [27 HealthyGtUnhealthy_GLT#0_Tstat] = 0.469677 ==> few true single voxel detections
[7m*+ WARNING:[0m Smallest FDR q [28 HealthyGtUnhealthy_GLT_Fstat] = 0.468403 ==> few true single voxel detections
++ Smallest FDR q [30 HealthyGtUnhealthyPmod_GLT#0_Tstat] = 0.0773425
++ Smallest FDR q [31 HealthyGtUnhealthyPmod_GLT_Fstat] = 0.0773443
++ Wrote bucket dataset into ./CHIVES1045_2CondPmod_stats+tlrc.BRIK
 + created 21 FDR curves in bucket header
++ Wrote 3D+time dataset into ./CHIVES1045_2CondPmod+tlrc.BRIK
++ Wrote 3D+time dataset into ./CHIVES1045_2CondPmod+tlrc.BRIK
++ Program finished; elapsed time=37.779
** AFNI converts NIFTI_datatype=4 (INT16) in file /projects/sanlab/shared/CHIVES/bids_data/derivatives/fmriprep/sub-CHIVES1045/ses-wave1/func/s6_sub-CHIVES1045_ses-wave1_task-money_bold_space-MNI152NLin2009cAsym_preproc.nii to FLOAT32
     Warnings of this type will be muted for this session.
     Set AFNI_NIFTI_TYPE_WARN to YES to see them all, NO to see none.
++ '-stim_times_AM1 3 /projects/sanlab/shared/CHIVES/CHIVES_WTP_scripts/behavioral/money/afni_timing_files/CHIVES1045/BidOnsDur.1D' has 1 auxiliary values per time point
++ '-stim_times_AM1 3': basis function model 'dmBLOCK(1)' uses 1 parameters,
    out of the 1 found in timing file '/projects/sanlab/shared/CHIVES/CHIVES_WTP_scripts/behavioral/money/afni_timing_files/CHIVES1045/BidOnsDur.1D'
++ 3dDeconvolve extending num_stimts from 3 to 8 due to -ortvec
++ 3dDeconvolve: AFNI version=AFNI_18.2.04 (Jul  6 2018) [64-bit]
++ Authored by: B. Douglas Ward, et al.
++ current memory malloc-ated = 273,692 bytes (about 274 thousand [kilo])
++ loading dataset /projects/sanlab/shared/CHIVES/bids_data/derivatives/fmriprep/sub-CHIVES1045/ses-wave1/func/s6_sub-CHIVES1045_ses-wave1_task-money_bold_space-MNI152NLin2009cAsym_preproc.nii
++ current memory malloc-ated = 1,545,422,552 bytes (about 1.5 billion [giga])
++ forcibly using TR=2.0000 seconds for -input dataset
++ Skipping check for initial transients
++ Imaging duration=714.0 s; Automatic polort=5
++ -stim_times using TR=2 s for stimulus timing conversion
++ -stim_times using TR=2 s for any -iresp output datasets
++  [you can alter the -iresp TR via the -TR_times option]
++ ** -stim_times NOTE ** guessing GLOBAL times if 1 time per line; LOCAL otherwise
++ ** GUESSED ** -stim_times 1 using LOCAL times
++ ** GUESSED ** -stim_times 2 using LOCAL times
++ ** GUESSED ** -stim_times_AM1 3 using LOCAL times
------------------------------------------------------------
GLT matrix from 'SYM: Healthy':
   0   0   0   0   0   0   1   0   0   0   0   0   0   0 
 
------------------------------------------------------------
GLT matrix from 'SYM: Unhealthy':
   0   0   0   0   0   0   0   1   0   0   0   0   0   0 
 
------------------------------------------------------------
GLT matrix from 'SYM: Healthy -Unhealthy':
   0   0   0   0   0   0   1  -1   0   0   0   0   0   0 
 
++ Number of time points: 357 (no censoring)
 + Number of parameters:  14 [11 baseline ; 3 signal]
++ total shared memory needed = 3,172,526,620 bytes (about 3.2 billion [giga])
++ current memory malloc-ated = 1,546,550,744 bytes (about 1.5 billion [giga])
++ mmap() memory allocated: 3,172,526,620 bytes (about 3.2 billion [giga])
++ Memory required for output bricks = 3,172,526,620 bytes (about 3.2 billion [giga])
++ Wrote matrix values to file CHIVES1045_2Cond_xmat.1D
++ ========= Things you can do with the matrix file =========
++ (a) Linear regression with ARMA(1,1) modeling of serial correlation:

3dREMLfit -matrix CHIVES1045_2Cond_xmat.1D -input /projects/sanlab/shared/CHIVES/bids_data/derivatives/fmriprep/sub-CHIVES1045/ses-wave1/func/s6_sub-CHIVES1045_ses-wave1_task-money_bold_space-MNI152NLin2009cAsym_preproc.nii \
 -mask /projects/sanlab/shared/CHIVES/bids_data/derivatives/fmriprep/sub-CHIVES1045/ses-wave1/func/sub-CHIVES1045_ses-wave1_task-money_bold_space-MNI152NLin2009cAsym_brainmask.nii.gz \
 -fout -tout -Rbuck CHIVES1045_2Cond_stats_REML -Rvar CHIVES1045_2Cond_stats_REMLvar \
 -Rfitts CHIVES1045_2Cond_REML -Rerrts CHIVES1045_2Cond_REML -verb
 
++ N.B.: 3dREMLfit command above written to file CHIVES1045_2Cond_stats.REML_cmd
++ (b) Visualization/analysis of the matrix via ExamineXmat.R
++ (c) Synthesis of sub-model datasets using 3dSynthesize
++ ==========================================================
++ Wrote matrix values to file CHIVES1045_2Cond_uncensor_xmat.1D
++ ----- Signal+Baseline matrix condition [X] (357x14):  4.17854  ++ VERY GOOD ++
++ ----- Signal-only matrix condition [X] (357x3):  1.55511  ++ VERY GOOD ++
++ ----- Baseline-only matrix condition [X] (357x11):  4.14074  ++ VERY GOOD ++
++ ----- stim_base-only matrix condition [X] (357x5):  2.6024  ++ VERY GOOD ++
++ ----- polort-only matrix condition [X] (357x6):  1.01526  ++ VERY GOOD ++
++ +++++ Matrix inverse average error = 1.51565e-15  ++ VERY GOOD ++
++ Matrix setup time = 0.01 s
++ Voxels in dataset: 1082035
++ Voxels in mask:    264222
++ Voxels per job:    26422
++ Job #1: processing voxels 241468 to 321204; elapsed time=4.096
++ Job #2: processing voxels 321205 to 382813; elapsed time=4.125
++ Job #3: processing voxels 382814 to 437627; elapsed time=4.152
++ Job #4: processing voxels 437628 to 488931; elapsed time=4.179
++ Job #5: processing voxels 488932 to 544000; elapsed time=4.206
++ Job #6: processing voxels 544001 to 604965; elapsed time=4.232
++ Job #7: processing voxels 604966 to 665589; elapsed time=4.260
++ Job #8: processing voxels 665590 to 742513; elapsed time=4.287
++ Job #9: processing voxels 742514 to 1082034; elapsed time=4.315
++ Job #0: processing voxels 0 to 241467; elapsed time=4.325
++ voxel loop:0123456789.0123456789.0123456789.0123456789.0123456++ Job #2 finished; elapsed time=5.864
78++ Job #4 finished; elapsed time=5.909
++ Job #1 finished; elapsed time=5.939
++ Job #3 finished; elapsed time=5.959
++ Job #6 finished; elapsed time=5.968
++ Job #5 finished; elapsed time=6.025
++ Job #8 finished; elapsed time=6.026
++ Job #7 finished; elapsed time=6.046
9.
++ Job #0 waiting for children to finish; elapsed time=6.074
++ Job #9 finished; elapsed time=6.211
++ Job #0 now finishing up; elapsed time=6.240
++ Smallest FDR q [0 Full_Fstat] = 1.35583e-14
++ Smallest FDR q [2 Healthy#0_Tstat] = 3.57916e-13
++ Smallest FDR q [3 Healthy_Fstat] = 3.57924e-13
++ Smallest FDR q [5 Unhealthy#0_Tstat] = 2.46386e-13
++ Smallest FDR q [6 Unhealthy_Fstat] = 2.46391e-13
++ Smallest FDR q [8 BidsNMiss#0_Tstat] = 3.49381e-14
++ Smallest FDR q [9 BidsNMiss_Fstat] = 3.49341e-14
++ Smallest FDR q [11 HealthyGtRest_GLT#0_Tstat] = 3.57916e-13
++ Smallest FDR q [12 HealthyGtRest_GLT_Fstat] = 3.57928e-13
++ Smallest FDR q [14 UnhealthyGtRest_GLT#0_Tstat] = 2.46386e-13
++ Smallest FDR q [15 UnhealthyGtRest_GLT_Fstat] = 2.46399e-13
[7m*+ WARNING:[0m Smallest FDR q [17 HealthyGtUnhealthy_GLT#0_Tstat] = 0.495057 ==> few true single voxel detections
[7m*+ WARNING:[0m Smallest FDR q [18 HealthyGtUnhealthy_GLT_Fstat] = 0.49378 ==> few true single voxel detections
++ Wrote bucket dataset into ./CHIVES1045_2Cond_stats+tlrc.BRIK
 + created 13 FDR curves in bucket header
++ Wrote 3D+time dataset into ./CHIVES1045_2Cond+tlrc.BRIK
++ Wrote 3D+time dataset into ./CHIVES1045_2Cond+tlrc.BRIK
++ Program finished; elapsed time=25.686
