** AFNI converts NIFTI_datatype=4 (INT16) in file /projects/sanlab/shared/CHIVES/bids_data/derivatives/fmriprep/sub-CHIVES1053/ses-wave1/func/s6_sub-CHIVES1053_ses-wave1_task-money_bold_space-MNI152NLin2009cAsym_preproc.nii to FLOAT32
     Warnings of this type will be muted for this session.
     Set AFNI_NIFTI_TYPE_WARN to YES to see them all, NO to see none.
++ '-stim_times_AM2 1 /projects/sanlab/shared/CHIVES/CHIVES_WTP_scripts/behavioral/money/afni_timing_files/CHIVES1053/AllCondsPmod.1D' has 1 auxiliary values per time point
++ '-stim_times_AM2 1 /projects/sanlab/shared/CHIVES/CHIVES_WTP_scripts/behavioral/money/afni_timing_files/CHIVES1053/AllCondsPmod.1D' will have 2 regressors
++ '-stim_times_AM1 2 /projects/sanlab/shared/CHIVES/CHIVES_WTP_scripts/behavioral/money/afni_timing_files/CHIVES1053/BidOnsDur.1D' has 1 auxiliary values per time point
++ '-stim_times_AM1 2': basis function model 'dmBLOCK(1)' uses 1 parameters,
    out of the 1 found in timing file '/projects/sanlab/shared/CHIVES/CHIVES_WTP_scripts/behavioral/money/afni_timing_files/CHIVES1053/BidOnsDur.1D'
++ 3dDeconvolve extending num_stimts from 2 to 6 due to -ortvec
++ 3dDeconvolve: AFNI version=AFNI_18.2.04 (Jul  6 2018) [64-bit]
++ Authored by: B. Douglas Ward, et al.
++ current memory malloc-ated = 252,207 bytes (about 252 thousand [kilo])
++ loading dataset /projects/sanlab/shared/CHIVES/bids_data/derivatives/fmriprep/sub-CHIVES1053/ses-wave1/func/s6_sub-CHIVES1053_ses-wave1_task-money_bold_space-MNI152NLin2009cAsym_preproc.nii
++ current memory malloc-ated = 1,497,791,439 bytes (about 1.5 billion [giga])
++ forcibly using TR=2.0000 seconds for -input dataset
++ Skipping check for initial transients
++ Imaging duration=692.0 s; Automatic polort=5
++ -stim_times using TR=2 s for stimulus timing conversion
++ -stim_times using TR=2 s for any -iresp output datasets
++  [you can alter the -iresp TR via the -TR_times option]
++ ** -stim_times NOTE ** guessing GLOBAL times if 1 time per line; LOCAL otherwise
++ ** GUESSED ** -stim_times_AM2 1 using LOCAL times
++ '-stim_times_AM2 1' average amplitude#1=0.677966
++ ** GUESSED ** -stim_times_AM1 2 using LOCAL times
------------------------------------------------------------
GLT matrix from 'SYM: AllConds[0]':
   0   0   0   0   0   0   1   0   0   0   0   0   0 
 
------------------------------------------------------------
GLT matrix from 'SYM: AllConds[1]':
   0   0   0   0   0   0   0   1   0   0   0   0   0 
 
++ Number of time points: 346 (no censoring)
 + Number of parameters:  13 [10 baseline ; 3 signal]
++ total shared memory needed = 3,059,994,980 bytes (about 3.1 billion [giga])
++ current memory malloc-ated = 1,498,918,713 bytes (about 1.5 billion [giga])
++ mmap() memory allocated: 3,059,994,980 bytes (about 3.1 billion [giga])
++ Memory required for output bricks = 3,059,994,980 bytes (about 3.1 billion [giga])
++ Wrote matrix values to file CHIVES1053_AllCondPmod_xmat.1D
++ ========= Things you can do with the matrix file =========
++ (a) Linear regression with ARMA(1,1) modeling of serial correlation:

3dREMLfit -matrix CHIVES1053_AllCondPmod_xmat.1D -input /projects/sanlab/shared/CHIVES/bids_data/derivatives/fmriprep/sub-CHIVES1053/ses-wave1/func/s6_sub-CHIVES1053_ses-wave1_task-money_bold_space-MNI152NLin2009cAsym_preproc.nii \
 -mask /projects/sanlab/shared/CHIVES/bids_data/derivatives/fmriprep/sub-CHIVES1053/ses-wave1/func/sub-CHIVES1053_ses-wave1_task-money_bold_space-MNI152NLin2009cAsym_brainmask.nii.gz \
 -fout -tout -Rbuck CHIVES1053_AllCondPmod_stats_REML -Rvar CHIVES1053_AllCondPmod_stats_REMLvar \
 -Rfitts CHIVES1053_AllCondPmod_REML -Rerrts CHIVES1053_AllCondPmod_REML -verb
 
++ N.B.: 3dREMLfit command above written to file CHIVES1053_AllCondPmod_stats.REML_cmd
++ (b) Visualization/analysis of the matrix via ExamineXmat.R
++ (c) Synthesis of sub-model datasets using 3dSynthesize
++ ==========================================================
++ Wrote matrix values to file CHIVES1053_AllCondPmod_uncensor_xmat.1D
++ ----- Signal+Baseline matrix condition [X] (346x13):  4.2571  ++ VERY GOOD ++
++ ----- Signal-only matrix condition [X] (346x3):  1.59569  ++ VERY GOOD ++
++ ----- Baseline-only matrix condition [X] (346x10):  4.22866  ++ VERY GOOD ++
++ ----- stim_base-only matrix condition [X] (346x4):  2.25767  ++ VERY GOOD ++
++ ----- polort-only matrix condition [X] (346x6):  1.01574  ++ VERY GOOD ++
++ +++++ Matrix inverse average error = 1.91655e-15  ++ VERY GOOD ++
++ Matrix setup time = 0.01 s
++ Voxels in dataset: 1082035
++ Voxels in mask:    272210
++ Voxels per job:    13610
++ Job #1: processing voxels 183195 to 240509; elapsed time=4.254
++ Job #2: processing voxels 240510 to 285325; elapsed time=4.271
++ Job #3: processing voxels 285326 to 321793; elapsed time=4.289
++ Job #4: processing voxels 321794 to 353407; elapsed time=4.307
++ Job #5: processing voxels 353408 to 383883; elapsed time=4.325
++ Job #6: processing voxels 383884 to 410233; elapsed time=4.343
++ Job #7: processing voxels 410234 to 439339; elapsed time=4.361
++ Job #8: processing voxels 439340 to 464975; elapsed time=4.379
++ Job #9: processing voxels 464976 to 494143; elapsed time=4.398
++ Job #10: processing voxels 494144 to 519958; elapsed time=4.416
++ Job #11: processing voxels 519959 to 549828; elapsed time=4.435
++ Job #12: processing voxels 549829 to 576390; elapsed time=4.453
++ Job #13: processing voxels 576391 to 607465; elapsed time=4.485
++ Job #14: processing voxels 607466 to 639745; elapsed time=4.490
++ Job #15: processing voxels 639746 to 673256; elapsed time=4.509
++ Job #16: processing voxels 673257 to 708442; elapsed time=4.538
++ Job #17: processing voxels 708443 to 751518; elapsed time=4.561
++ Job #18: processing voxels 751519 to 799721; elapsed time=4.580
++ Job #19: processing voxels 799722 to 1082034; elapsed time=4.586
++ Job #0: processing voxels 0 to 183194; elapsed time=4.596
++ voxel loop:0123456789.0123456789.0123456789.0123456789.++ Job #2 finished; elapsed time=5.065
012++ Job #4 finished; elapsed time=5.096
++ Job #3 finished; elapsed time=5.125
++ Job #6 finished; elapsed time=5.132
3++ Job #8 finished; elapsed time=5.166
++ Job #7 finished; elapsed time=5.182
45++ Job #10 finished; elapsed time=5.201
++ Job #9 finished; elapsed time=5.211
++ Job #12 finished; elapsed time=5.240
++ Job #1 finished; elapsed time=5.244
6++ Job #14 finished; elapsed time=5.271
7++ Job #15 finished; elapsed time=5.295
8++ Job #16 finished; elapsed time=5.335
9.
++ Job #0 waiting for children to finish; elapsed time=5.370
++ Job #5 finished; elapsed time=5.373
++ Job #11 finished; elapsed time=5.403
++ Job #19 finished; elapsed time=5.403
++ Job #18 finished; elapsed time=5.515
++ Job #13 finished; elapsed time=5.531
++ Job #17 finished; elapsed time=5.531
++ Job #0 now finishing up; elapsed time=5.544
++ Smallest FDR q [0 Full_Fstat] = 1.6022e-14
++ Smallest FDR q [2 AllConds#0_Tstat] = 4.28815e-13
++ Smallest FDR q [4 AllConds#1_Tstat] = 9.03671e-06
++ Smallest FDR q [5 AllConds_Fstat] = 3.36578e-13
++ Smallest FDR q [7 BidsNMiss#0_Tstat] = 3.05045e-14
++ Smallest FDR q [8 BidsNMiss_Fstat] = 3.04999e-14
++ Smallest FDR q [10 CondGtRest_GLT#0_Tstat] = 4.28815e-13
++ Smallest FDR q [11 CondGtRest_GLT_Fstat] = 4.288e-13
++ Smallest FDR q [13 Pmod_GLT#0_Tstat] = 9.03671e-06
++ Smallest FDR q [14 Pmod_GLT_Fstat] = 9.03671e-06
++ Wrote bucket dataset into ./CHIVES1053_AllCondPmod_stats+tlrc.BRIK
 + created 10 FDR curves in bucket header
++ Wrote 3D+time dataset into ./CHIVES1053_AllCondPmod+tlrc.BRIK
++ Wrote 3D+time dataset into ./CHIVES1053_AllCondPmod+tlrc.BRIK
++ Program finished; elapsed time=21.501
++ 3dREMLfit: AFNI version=AFNI_18.2.04 (Jul  6 2018) [64-bit]
++ Authored by: RWCox
** AFNI converts NIFTI_datatype=4 (INT16) in file /projects/sanlab/shared/CHIVES/bids_data/derivatives/fmriprep/sub-CHIVES1053/ses-wave1/func/s6_sub-CHIVES1053_ses-wave1_task-money_bold_space-MNI152NLin2009cAsym_preproc.nii to FLOAT32
     Warnings of this type will be muted for this session.
     Set AFNI_NIFTI_TYPE_WARN to YES to see them all, NO to see none.
++ Number of voxels in mask = 272210
++ Number of OpenMP threads = 15
++ -----  matrix condition (346x13):  4.2571  ++ VERY GOOD ++
++ Loading input dataset into memory
++ Converting input dataset to vector image
 +  dataset = 1.5 billion [giga] bytes
 +  vectim  = 378 million [mega] bytes
++ starting REML setup calculations; total CPU=0.00 Elapsed=4.13
 + X matrix: 99.578% of elements are nonzero
 + starting 15 OpenMP threads for REML setup
 + REML setup finished: matrix rows=346 cols=13; 109*1 cases; total CPU=0.00 Elapsed=4.13
 +  average case bandwidth = 12.99
++ REML voxel loop: [15 threads]0123456789.012
 + ARMA voxel parameters estimated: total CPU=0.00 Elapsed=21.26
++ GLSQ loop:0123456789.0123456789.0123456789.0123456789.0123456789.
 + GLSQ regression done: total CPU=0.00 Elapsed=44.08
++ Output dataset ./CHIVES1053_AllCondPmod_stats_REMLvar+tlrc.BRIK
++ Output dataset ./CHIVES1053_AllCondPmod_REML+tlrc.BRIK
[7m** ERROR:[0m output dataset name 'CHIVES1053_AllCondPmod_REML' conflicts with existing file
[7m** ERROR:[0m dataset NOT written to disk!
++ creating FDR curves in dataset CHIVES1053_AllCondPmod_stats_REML+tlrc
++ Smallest FDR q [0 Full_Fstat] = 3.89617e-14
++ Smallest FDR q [2 AllConds#0_Tstat] = 4.16009e-13
++ Smallest FDR q [4 AllConds#1_Tstat] = 0.0656857
++ Smallest FDR q [5 AllConds_Fstat] = 3.96895e-13
++ Smallest FDR q [7 BidsNMiss#0_Tstat] = 8.5772e-14
++ Smallest FDR q [8 BidsNMiss_Fstat] = 8.57723e-14
++ Smallest FDR q [10 CondGtRest#0_Tstat] = 4.16009e-13
++ Smallest FDR q [11 CondGtRest_Fstat] = 4.16009e-13
++ Smallest FDR q [13 Pmod#0_Tstat] = 0.0656857
++ Smallest FDR q [14 Pmod_Fstat] = 0.0656857
 + Added 10 FDR curves to dataset CHIVES1053_AllCondPmod_stats_REML+tlrc
++ Output dataset ./CHIVES1053_AllCondPmod_stats_REML+tlrc.BRIK
 + unloading input dataset and REML matrices
++ 3dREMLfit is all done! total CPU=0.00 Elapsed=60.67
** AFNI converts NIFTI_datatype=4 (INT16) in file /projects/sanlab/shared/CHIVES/bids_data/derivatives/fmriprep/sub-CHIVES1053/ses-wave1/func/s6_sub-CHIVES1053_ses-wave1_task-money_bold_space-MNI152NLin2009cAsym_preproc.nii to FLOAT32
     Warnings of this type will be muted for this session.
     Set AFNI_NIFTI_TYPE_WARN to YES to see them all, NO to see none.
++ '-stim_times_AM2 1 /projects/sanlab/shared/CHIVES/CHIVES_WTP_scripts/behavioral/money/afni_timing_files/CHIVES1053/HealthyPmod.1D' has 1 auxiliary values per time point
++ '-stim_times_AM2 1 /projects/sanlab/shared/CHIVES/CHIVES_WTP_scripts/behavioral/money/afni_timing_files/CHIVES1053/HealthyPmod.1D' will have 2 regressors
++ '-stim_times_AM2 2 /projects/sanlab/shared/CHIVES/CHIVES_WTP_scripts/behavioral/money/afni_timing_files/CHIVES1053/UnhealthyPmod.1D' has 1 auxiliary values per time point
++ '-stim_times_AM2 2 /projects/sanlab/shared/CHIVES/CHIVES_WTP_scripts/behavioral/money/afni_timing_files/CHIVES1053/UnhealthyPmod.1D' will have 2 regressors
++ '-stim_times_AM1 3 /projects/sanlab/shared/CHIVES/CHIVES_WTP_scripts/behavioral/money/afni_timing_files/CHIVES1053/BidOnsDur.1D' has 1 auxiliary values per time point
++ '-stim_times_AM1 3': basis function model 'dmBLOCK(1)' uses 1 parameters,
    out of the 1 found in timing file '/projects/sanlab/shared/CHIVES/CHIVES_WTP_scripts/behavioral/money/afni_timing_files/CHIVES1053/BidOnsDur.1D'
++ 3dDeconvolve extending num_stimts from 3 to 7 due to -ortvec
++ 3dDeconvolve: AFNI version=AFNI_18.2.04 (Jul  6 2018) [64-bit]
++ Authored by: B. Douglas Ward, et al.
++ current memory malloc-ated = 279,473 bytes (about 279 thousand [kilo])
++ loading dataset /projects/sanlab/shared/CHIVES/bids_data/derivatives/fmriprep/sub-CHIVES1053/ses-wave1/func/s6_sub-CHIVES1053_ses-wave1_task-money_bold_space-MNI152NLin2009cAsym_preproc.nii
++ current memory malloc-ated = 1,497,818,705 bytes (about 1.5 billion [giga])
++ forcibly using TR=2.0000 seconds for -input dataset
++ Skipping check for initial transients
++ Imaging duration=692.0 s; Automatic polort=5
++ -stim_times using TR=2 s for stimulus timing conversion
++ -stim_times using TR=2 s for any -iresp output datasets
++  [you can alter the -iresp TR via the -TR_times option]
++ ** -stim_times NOTE ** guessing GLOBAL times if 1 time per line; LOCAL otherwise
++ ** GUESSED ** -stim_times_AM2 1 using LOCAL times
++ '-stim_times_AM2 1' average amplitude#1=0.827586
++ ** GUESSED ** -stim_times_AM2 2 using LOCAL times
++ '-stim_times_AM2 2' average amplitude#1=0.533333
++ ** GUESSED ** -stim_times_AM1 3 using LOCAL times
------------------------------------------------------------
GLT matrix from 'SYM: HealthyPmod[0]':
   0   0   0   0   0   0   1   0   0   0   0   0   0   0   0 
 
------------------------------------------------------------
GLT matrix from 'SYM: HealthyPmod[1]':
   0   0   0   0   0   0   0   1   0   0   0   0   0   0   0 
 
------------------------------------------------------------
GLT matrix from 'SYM: UnhealthyPmod[0]':
   0   0   0   0   0   0   0   0   1   0   0   0   0   0   0 
 
------------------------------------------------------------
GLT matrix from 'SYM: UnhealthyPmod[1]':
   0   0   0   0   0   0   0   0   0   1   0   0   0   0   0 
 
------------------------------------------------------------
GLT matrix from 'SYM: HealthyPmod[0] -UnhealthyPmod[0]':
   0   0   0   0   0   0   1   0  -1   0   0   0   0   0   0 
 
------------------------------------------------------------
GLT matrix from 'SYM: HealthyPmod[1] -UnhealthyPmod[1]':
   0   0   0   0   0   0   0   1   0  -1   0   0   0   0   0 
 
++ Number of time points: 346 (no censoring)
 + Number of parameters:  15 [10 baseline ; 5 signal]
++ total shared memory needed = 3,133,573,360 bytes (about 3.1 billion [giga])
++ current memory malloc-ated = 1,498,950,459 bytes (about 1.5 billion [giga])
++ mmap() memory allocated: 3,133,573,360 bytes (about 3.1 billion [giga])
++ Memory required for output bricks = 3,133,573,360 bytes (about 3.1 billion [giga])
++ Wrote matrix values to file CHIVES1053_2CondPmod_xmat.1D
++ ========= Things you can do with the matrix file =========
++ (a) Linear regression with ARMA(1,1) modeling of serial correlation:

3dREMLfit -matrix CHIVES1053_2CondPmod_xmat.1D -input /projects/sanlab/shared/CHIVES/bids_data/derivatives/fmriprep/sub-CHIVES1053/ses-wave1/func/s6_sub-CHIVES1053_ses-wave1_task-money_bold_space-MNI152NLin2009cAsym_preproc.nii \
 -mask /projects/sanlab/shared/CHIVES/bids_data/derivatives/fmriprep/sub-CHIVES1053/ses-wave1/func/sub-CHIVES1053_ses-wave1_task-money_bold_space-MNI152NLin2009cAsym_brainmask.nii.gz \
 -fout -tout -Rbuck CHIVES1053_2CondPmod_stats_REML -Rvar CHIVES1053_2CondPmod_stats_REMLvar \
 -Rfitts CHIVES1053_2CondPmod_REML -Rerrts CHIVES1053_2CondPmod_REML -verb
 
++ N.B.: 3dREMLfit command above written to file CHIVES1053_2CondPmod_stats.REML_cmd
++ (b) Visualization/analysis of the matrix via ExamineXmat.R
++ (c) Synthesis of sub-model datasets using 3dSynthesize
++ ==========================================================
++ Wrote matrix values to file CHIVES1053_2CondPmod_uncensor_xmat.1D
++ ----- Signal+Baseline matrix condition [X] (346x15):  4.29475  ++ VERY GOOD ++
++ ----- Signal-only matrix condition [X] (346x5):  1.59588  ++ VERY GOOD ++
++ ----- Baseline-only matrix condition [X] (346x10):  4.22866  ++ VERY GOOD ++
++ ----- stim_base-only matrix condition [X] (346x4):  2.25767  ++ VERY GOOD ++
++ ----- polort-only matrix condition [X] (346x6):  1.01574  ++ VERY GOOD ++
++ +++++ Matrix inverse average error = 1.85548e-15  ++ VERY GOOD ++
++ Matrix setup time = 0.01 s
++ Voxels in dataset: 1082035
++ Voxels in mask:    272210
++ Voxels per job:    13610
++ Job #1: processing voxels 183195 to 240509; elapsed time=3.993
++ Job #2: processing voxels 240510 to 285325; elapsed time=4.010
++ Job #3: processing voxels 285326 to 321793; elapsed time=4.028
++ Job #4: processing voxels 321794 to 353407; elapsed time=4.045
++ Job #5: processing voxels 353408 to 383883; elapsed time=4.063
++ Job #6: processing voxels 383884 to 410233; elapsed time=4.080
++ Job #7: processing voxels 410234 to 439339; elapsed time=4.099
++ Job #8: processing voxels 439340 to 464975; elapsed time=4.117
++ Job #9: processing voxels 464976 to 494143; elapsed time=4.135
++ Job #10: processing voxels 494144 to 519958; elapsed time=4.153
++ Job #11: processing voxels 519959 to 549828; elapsed time=4.172
++ Job #12: processing voxels 549829 to 576390; elapsed time=4.190
++ Job #13: processing voxels 576391 to 607465; elapsed time=4.222
++ Job #14: processing voxels 607466 to 639745; elapsed time=4.228
++ Job #15: processing voxels 639746 to 673256; elapsed time=4.260
++ Job #16: processing voxels 673257 to 708442; elapsed time=4.279
++ Job #17: processing voxels 708443 to 751518; elapsed time=4.298
++ Job #18: processing voxels 751519 to 799721; elapsed time=4.312
++ Job #0: processing voxels 0 to 183194; elapsed time=4.333
++ voxel loop:0++ Job #19: processing voxels 799722 to 1082034; elapsed time=4.336
123456789.0123456789.0123456789.0123456789.++ Job #1 finished; elapsed time=5.194
++ Job #2 finished; elapsed time=5.207
++ Job #3 finished; elapsed time=5.208
++ Job #8 finished; elapsed time=5.214
++ Job #5 finished; elapsed time=5.231
++ Job #10 finished; elapsed time=5.243
++ Job #7 finished; elapsed time=5.261
0++ Job #9 finished; elapsed time=5.288
12++ Job #11 finished; elapsed time=5.325
++ Job #14 finished; elapsed time=5.382
34++ Job #15 finished; elapsed time=5.434
5++ Job #16 finished; elapsed time=5.446
6++ Job #6 finished; elapsed time=5.543
++ Job #4 finished; elapsed time=5.554
78++ Job #12 finished; elapsed time=5.601
9.
++ Job #0 waiting for children to finish; elapsed time=5.694
++ Job #13 finished; elapsed time=5.724
++ Job #18 finished; elapsed time=5.760
++ Job #19 finished; elapsed time=5.787
++ Job #17 finished; elapsed time=5.801
++ Job #0 now finishing up; elapsed time=5.813
++ Smallest FDR q [0 Full_Fstat] = 1.75979e-14
++ Smallest FDR q [2 HealthyPmod#0_Tstat] = 3.54384e-13
++ Smallest FDR q [4 HealthyPmod#1_Tstat] = 1.81055e-05
++ Smallest FDR q [5 HealthyPmod_Fstat] = 3.18484e-13
++ Smallest FDR q [7 UnhealthyPmod#0_Tstat] = 9.88206e-12
++ Smallest FDR q [9 UnhealthyPmod#1_Tstat] = 3.66167e-05
++ Smallest FDR q [10 UnhealthyPmod_Fstat] = 7.99008e-12
++ Smallest FDR q [12 BidsNMiss#0_Tstat] = 3.09339e-14
++ Smallest FDR q [13 BidsNMiss_Fstat] = 3.09277e-14
++ Smallest FDR q [15 HealthyGtRest_GLT#0_Tstat] = 3.54384e-13
++ Smallest FDR q [16 HealthyGtRest_GLT_Fstat] = 3.54384e-13
++ Smallest FDR q [18 HealthyPmod_GLT#0_Tstat] = 1.81055e-05
++ Smallest FDR q [19 HealthyPmod_GLT_Fstat] = 1.81066e-05
++ Smallest FDR q [21 UnhealthyGtRest_GLT#0_Tstat] = 9.88206e-12
++ Smallest FDR q [22 UnhealthyGtRest_GLT_Fstat] = 9.8817e-12
++ Smallest FDR q [24 UnhealthyPmod_GLT#0_Tstat] = 3.66167e-05
++ Smallest FDR q [25 UnhealthyPmod_GLT_Fstat] = 3.66169e-05
++ Smallest FDR q [27 HealthyGtUnhealthy_GLT#0_Tstat] = 0.0580395
++ Smallest FDR q [28 HealthyGtUnhealthy_GLT_Fstat] = 0.05804
++ Smallest FDR q [30 HealthyGtUnhealthyPmod_GLT#0_Tstat] = 0.0892723
++ Smallest FDR q [31 HealthyGtUnhealthyPmod_GLT_Fstat] = 0.0892729
++ Wrote bucket dataset into ./CHIVES1053_2CondPmod_stats+tlrc.BRIK
 + created 21 FDR curves in bucket header
++ Wrote 3D+time dataset into ./CHIVES1053_2CondPmod+tlrc.BRIK
++ Wrote 3D+time dataset into ./CHIVES1053_2CondPmod+tlrc.BRIK
++ Program finished; elapsed time=36.912
++ 3dREMLfit: AFNI version=AFNI_18.2.04 (Jul  6 2018) [64-bit]
++ Authored by: RWCox
** AFNI converts NIFTI_datatype=4 (INT16) in file /projects/sanlab/shared/CHIVES/bids_data/derivatives/fmriprep/sub-CHIVES1053/ses-wave1/func/s6_sub-CHIVES1053_ses-wave1_task-money_bold_space-MNI152NLin2009cAsym_preproc.nii to FLOAT32
     Warnings of this type will be muted for this session.
     Set AFNI_NIFTI_TYPE_WARN to YES to see them all, NO to see none.
++ Number of voxels in mask = 272210
++ Number of OpenMP threads = 15
++ -----  matrix condition (346x15):  4.29475  ++ VERY GOOD ++
++ Loading input dataset into memory
++ Converting input dataset to vector image
 +  dataset = 1.5 billion [giga] bytes
 +  vectim  = 378 million [mega] bytes
++ starting REML setup calculations; total CPU=0.00 Elapsed=4.09
 + X matrix: 91.002% of elements are nonzero
 + starting 15 OpenMP threads for REML setup
 + REML setup finished: matrix rows=346 cols=15; 109*1 cases; total CPU=0.00 Elapsed=4.09
 +  average case bandwidth = 12.99
++ REML voxel loop: [15 threads]0123456789.012
 + ARMA voxel parameters estimated: total CPU=0.00 Elapsed=22.82
++ GLSQ loop:0123456789.0123456789.0123456789.0123456789.0123456789.
 + GLSQ regression done: total CPU=0.00 Elapsed=57.09
++ Output dataset ./CHIVES1053_2CondPmod_stats_REMLvar+tlrc.BRIK
++ Output dataset ./CHIVES1053_2CondPmod_REML+tlrc.BRIK
[7m** ERROR:[0m output dataset name 'CHIVES1053_2CondPmod_REML' conflicts with existing file
[7m** ERROR:[0m dataset NOT written to disk!
++ creating FDR curves in dataset CHIVES1053_2CondPmod_stats_REML+tlrc
++ Smallest FDR q [0 Full_Fstat] = 5.08153e-14
++ Smallest FDR q [2 HealthyPmod#0_Tstat] = 1.33016e-12
[7m*+ WARNING:[0m Smallest FDR q [4 HealthyPmod#1_Tstat] = 0.201964 ==> few true single voxel detections
++ Smallest FDR q [5 HealthyPmod_Fstat] = 1.72243e-12
++ Smallest FDR q [7 UnhealthyPmod#0_Tstat] = 7.01281e-12
++ Smallest FDR q [9 UnhealthyPmod#1_Tstat] = 0.0348583
++ Smallest FDR q [10 UnhealthyPmod_Fstat] = 8.66663e-12
++ Smallest FDR q [12 BidsNMiss#0_Tstat] = 8.56981e-14
++ Smallest FDR q [13 BidsNMiss_Fstat] = 8.56969e-14
++ Smallest FDR q [15 HealthyGtRest#0_Tstat] = 1.33016e-12
++ Smallest FDR q [16 HealthyGtRest_Fstat] = 1.33016e-12
[7m*+ WARNING:[0m Smallest FDR q [18 HealthyPmod#0_Tstat] = 0.201964 ==> few true single voxel detections
[7m*+ WARNING:[0m Smallest FDR q [19 HealthyPmod_Fstat] = 0.201964 ==> few true single voxel detections
++ Smallest FDR q [21 UnhealthyGtRest#0_Tstat] = 7.01281e-12
++ Smallest FDR q [22 UnhealthyGtRest_Fstat] = 7.01281e-12
++ Smallest FDR q [24 UnhealthyPmod#0_Tstat] = 0.0348583
++ Smallest FDR q [25 UnhealthyPmod_Fstat] = 0.0348583
[7m*+ WARNING:[0m Smallest FDR q [27 HealthyGtUnhealthy#0_Tstat] = 0.99975 ==> few true single voxel detections
[7m*+ WARNING:[0m Smallest FDR q [28 HealthyGtUnhealthy_Fstat] = 0.99975 ==> few true single voxel detections
[7m*+ WARNING:[0m Smallest FDR q [30 HealthyGtUnhealthyPmod#0_Tstat] = 0.999853 ==> few true single voxel detections
[7m*+ WARNING:[0m Smallest FDR q [31 HealthyGtUnhealthyPmod_Fstat] = 0.999853 ==> few true single voxel detections
 + Added 21 FDR curves to dataset CHIVES1053_2CondPmod_stats_REML+tlrc
++ Output dataset ./CHIVES1053_2CondPmod_stats_REML+tlrc.BRIK
 + unloading input dataset and REML matrices
++ 3dREMLfit is all done! total CPU=0.00 Elapsed=88.08
** AFNI converts NIFTI_datatype=4 (INT16) in file /projects/sanlab/shared/CHIVES/bids_data/derivatives/fmriprep/sub-CHIVES1053/ses-wave1/func/s6_sub-CHIVES1053_ses-wave1_task-money_bold_space-MNI152NLin2009cAsym_preproc.nii to FLOAT32
     Warnings of this type will be muted for this session.
     Set AFNI_NIFTI_TYPE_WARN to YES to see them all, NO to see none.
++ '-stim_times_AM1 3 /projects/sanlab/shared/CHIVES/CHIVES_WTP_scripts/behavioral/money/afni_timing_files/CHIVES1053/BidOnsDur.1D' has 1 auxiliary values per time point
++ '-stim_times_AM1 3': basis function model 'dmBLOCK(1)' uses 1 parameters,
    out of the 1 found in timing file '/projects/sanlab/shared/CHIVES/CHIVES_WTP_scripts/behavioral/money/afni_timing_files/CHIVES1053/BidOnsDur.1D'
++ 3dDeconvolve extending num_stimts from 3 to 7 due to -ortvec
++ 3dDeconvolve: AFNI version=AFNI_18.2.04 (Jul  6 2018) [64-bit]
++ Authored by: B. Douglas Ward, et al.
++ current memory malloc-ated = 263,233 bytes (about 263 thousand [kilo])
++ loading dataset /projects/sanlab/shared/CHIVES/bids_data/derivatives/fmriprep/sub-CHIVES1053/ses-wave1/func/s6_sub-CHIVES1053_ses-wave1_task-money_bold_space-MNI152NLin2009cAsym_preproc.nii
++ current memory malloc-ated = 1,497,802,465 bytes (about 1.5 billion [giga])
++ forcibly using TR=2.0000 seconds for -input dataset
++ Skipping check for initial transients
++ Imaging duration=692.0 s; Automatic polort=5
++ -stim_times using TR=2 s for stimulus timing conversion
++ -stim_times using TR=2 s for any -iresp output datasets
++  [you can alter the -iresp TR via the -TR_times option]
++ ** -stim_times NOTE ** guessing GLOBAL times if 1 time per line; LOCAL otherwise
++ ** GUESSED ** -stim_times 1 using LOCAL times
++ ** GUESSED ** -stim_times 2 using LOCAL times
++ ** GUESSED ** -stim_times_AM1 3 using LOCAL times
------------------------------------------------------------
GLT matrix from 'SYM: Healthy':
   0   0   0   0   0   0   1   0   0   0   0   0   0 
 
------------------------------------------------------------
GLT matrix from 'SYM: Unhealthy':
   0   0   0   0   0   0   0   1   0   0   0   0   0 
 
------------------------------------------------------------
GLT matrix from 'SYM: Healthy -Unhealthy':
   0   0   0   0   0   0   1  -1   0   0   0   0   0 
 
++ Number of time points: 346 (no censoring)
 + Number of parameters:  13 [10 baseline ; 3 signal]
++ total shared memory needed = 3,077,307,540 bytes (about 3.1 billion [giga])
++ current memory malloc-ated = 1,498,929,777 bytes (about 1.5 billion [giga])
++ mmap() memory allocated: 3,077,307,540 bytes (about 3.1 billion [giga])
++ Memory required for output bricks = 3,077,307,540 bytes (about 3.1 billion [giga])
++ Wrote matrix values to file CHIVES1053_2Cond_xmat.1D
++ ========= Things you can do with the matrix file =========
++ (a) Linear regression with ARMA(1,1) modeling of serial correlation:

3dREMLfit -matrix CHIVES1053_2Cond_xmat.1D -input /projects/sanlab/shared/CHIVES/bids_data/derivatives/fmriprep/sub-CHIVES1053/ses-wave1/func/s6_sub-CHIVES1053_ses-wave1_task-money_bold_space-MNI152NLin2009cAsym_preproc.nii \
 -mask /projects/sanlab/shared/CHIVES/bids_data/derivatives/fmriprep/sub-CHIVES1053/ses-wave1/func/sub-CHIVES1053_ses-wave1_task-money_bold_space-MNI152NLin2009cAsym_brainmask.nii.gz \
 -fout -tout -Rbuck CHIVES1053_2Cond_stats_REML -Rvar CHIVES1053_2Cond_stats_REMLvar \
 -Rfitts CHIVES1053_2Cond_REML -Rerrts CHIVES1053_2Cond_REML -verb
 
++ N.B.: 3dREMLfit command above written to file CHIVES1053_2Cond_stats.REML_cmd
++ (b) Visualization/analysis of the matrix via ExamineXmat.R
++ (c) Synthesis of sub-model datasets using 3dSynthesize
++ ==========================================================
++ Wrote matrix values to file CHIVES1053_2Cond_uncensor_xmat.1D
++ ----- Signal+Baseline matrix condition [X] (346x13):  4.25533  ++ VERY GOOD ++
++ ----- Signal-only matrix condition [X] (346x3):  1.59576  ++ VERY GOOD ++
++ ----- Baseline-only matrix condition [X] (346x10):  4.22866  ++ VERY GOOD ++
++ ----- stim_base-only matrix condition [X] (346x4):  2.25767  ++ VERY GOOD ++
++ ----- polort-only matrix condition [X] (346x6):  1.01574  ++ VERY GOOD ++
++ +++++ Matrix inverse average error = 1.79123e-15  ++ VERY GOOD ++
++ Matrix setup time = 0.01 s
++ Voxels in dataset: 1082035
++ Voxels in mask:    272210
++ Voxels per job:    13610
++ Job #1: processing voxels 183195 to 240509; elapsed time=3.985
++ Job #2: processing voxels 240510 to 285325; elapsed time=4.003
++ Job #3: processing voxels 285326 to 321793; elapsed time=4.020
++ Job #4: processing voxels 321794 to 353407; elapsed time=4.037
++ Job #5: processing voxels 353408 to 383883; elapsed time=4.055
++ Job #6: processing voxels 383884 to 410233; elapsed time=4.073
++ Job #7: processing voxels 410234 to 439339; elapsed time=4.091
++ Job #8: processing voxels 439340 to 464975; elapsed time=4.110
++ Job #9: processing voxels 464976 to 494143; elapsed time=4.128
++ Job #10: processing voxels 494144 to 519958; elapsed time=4.146
++ Job #11: processing voxels 519959 to 549828; elapsed time=4.165
++ Job #12: processing voxels 549829 to 576390; elapsed time=4.184
++ Job #13: processing voxels 576391 to 607465; elapsed time=4.216
++ Job #14: processing voxels 607466 to 639745; elapsed time=4.221
++ Job #15: processing voxels 639746 to 673256; elapsed time=4.254
++ Job #16: processing voxels 673257 to 708442; elapsed time=4.279
++ Job #17: processing voxels 708443 to 751518; elapsed time=4.299
++ Job #18: processing voxels 751519 to 799721; elapsed time=4.318
++ Job #19: processing voxels 799722 to 1082034; elapsed time=4.324
++ Job #0: processing voxels 0 to 183194; elapsed time=4.334
++ voxel loop:0123456789.0123456789.0123456789.0123456789.++ Job #4 finished; elapsed time=4.911
++ Job #1 finished; elapsed time=4.964
++ Job #8 finished; elapsed time=4.975
++ Job #3 finished; elapsed time=4.982
012++ Job #6 finished; elapsed time=5.010
++ Job #5 finished; elapsed time=5.010
++ Job #7 finished; elapsed time=5.040
++ Job #9 finished; elapsed time=5.066
3++ Job #11 finished; elapsed time=5.104
45++ Job #15 finished; elapsed time=5.130
++ Job #2 finished; elapsed time=5.145
++ Job #14 finished; elapsed time=5.157
++ Job #12 finished; elapsed time=5.169
++ Job #17 finished; elapsed time=5.192
6++ Job #13 finished; elapsed time=5.199
789.
++ Job #0 waiting for children to finish; elapsed time=5.311
++ Job #10 finished; elapsed time=5.316
++ Job #19 finished; elapsed time=5.353
++ Job #16 finished; elapsed time=5.419
++ Job #18 finished; elapsed time=5.487
++ Job #0 now finishing up; elapsed time=5.500
++ Smallest FDR q [0 Full_Fstat] = 2.16224e-14
++ Smallest FDR q [2 Healthy#0_Tstat] = 3.77684e-13
++ Smallest FDR q [3 Healthy_Fstat] = 3.77679e-13
++ Smallest FDR q [5 Unhealthy#0_Tstat] = 1.03123e-11
++ Smallest FDR q [6 Unhealthy_Fstat] = 1.03119e-11
++ Smallest FDR q [8 BidsNMiss#0_Tstat] = 3.32598e-14
++ Smallest FDR q [9 BidsNMiss_Fstat] = 3.32551e-14
++ Smallest FDR q [11 HealthyGtRest_GLT#0_Tstat] = 3.77684e-13
++ Smallest FDR q [12 HealthyGtRest_GLT_Fstat] = 3.77679e-13
++ Smallest FDR q [14 UnhealthyGtRest_GLT#0_Tstat] = 1.03123e-11
++ Smallest FDR q [15 UnhealthyGtRest_GLT_Fstat] = 1.0312e-11
++ Smallest FDR q [17 HealthyGtUnhealthy_GLT#0_Tstat] = 0.0740415
++ Smallest FDR q [18 HealthyGtUnhealthy_GLT_Fstat] = 0.0740363
++ Wrote bucket dataset into ./CHIVES1053_2Cond_stats+tlrc.BRIK
 + created 13 FDR curves in bucket header
++ Wrote 3D+time dataset into ./CHIVES1053_2Cond+tlrc.BRIK
++ Wrote 3D+time dataset into ./CHIVES1053_2Cond+tlrc.BRIK
++ Program finished; elapsed time=24.312
++ 3dREMLfit: AFNI version=AFNI_18.2.04 (Jul  6 2018) [64-bit]
++ Authored by: RWCox
** AFNI converts NIFTI_datatype=4 (INT16) in file /projects/sanlab/shared/CHIVES/bids_data/derivatives/fmriprep/sub-CHIVES1053/ses-wave1/func/s6_sub-CHIVES1053_ses-wave1_task-money_bold_space-MNI152NLin2009cAsym_preproc.nii to FLOAT32
     Warnings of this type will be muted for this session.
     Set AFNI_NIFTI_TYPE_WARN to YES to see them all, NO to see none.
++ Number of voxels in mask = 272210
++ Number of OpenMP threads = 15
++ -----  matrix condition (346x13):  4.25533  ++ VERY GOOD ++
++ Loading input dataset into memory
++ Converting input dataset to vector image
 +  dataset = 1.5 billion [giga] bytes
 +  vectim  = 378 million [mega] bytes
++ starting REML setup calculations; total CPU=0.00 Elapsed=4.24
 + X matrix: 94.753% of elements are nonzero
 + starting 15 OpenMP threads for REML setup
 + REML setup finished: matrix rows=346 cols=13; 109*1 cases; total CPU=0.00 Elapsed=4.25
 +  average case bandwidth = 12.99
++ REML voxel loop: [15 threads]0123456789.012
 + ARMA voxel parameters estimated: total CPU=0.00 Elapsed=21.07
++ GLSQ loop:0123456789.0123456789.0123456789.0123456789.0123456789.
 + GLSQ regression done: total CPU=0.00 Elapsed=47.61
++ Output dataset ./CHIVES1053_2Cond_stats_REMLvar+tlrc.BRIK
++ Output dataset ./CHIVES1053_2Cond_REML+tlrc.BRIK
[7m** ERROR:[0m output dataset name 'CHIVES1053_2Cond_REML' conflicts with existing file
[7m** ERROR:[0m dataset NOT written to disk!
++ creating FDR curves in dataset CHIVES1053_2Cond_stats_REML+tlrc
++ Smallest FDR q [0 Full_Fstat] = 5.00334e-14
++ Smallest FDR q [2 Healthy#0_Tstat] = 1.30662e-12
++ Smallest FDR q [3 Healthy_Fstat] = 1.30662e-12
++ Smallest FDR q [5 Unhealthy#0_Tstat] = 6.76864e-12
++ Smallest FDR q [6 Unhealthy_Fstat] = 6.76864e-12
++ Smallest FDR q [8 BidsNMiss#0_Tstat] = 9.23196e-14
++ Smallest FDR q [9 BidsNMiss_Fstat] = 9.23196e-14
++ Smallest FDR q [11 HealthyGtRest#0_Tstat] = 1.30662e-12
++ Smallest FDR q [12 HealthyGtRest_Fstat] = 1.30662e-12
++ Smallest FDR q [14 UnhealthyGtRest#0_Tstat] = 6.76864e-12
++ Smallest FDR q [15 UnhealthyGtRest_Fstat] = 6.76864e-12
[7m*+ WARNING:[0m Smallest FDR q [17 HealthyGtUnhealthy#0_Tstat] = 0.891369 ==> few true single voxel detections
[7m*+ WARNING:[0m Smallest FDR q [18 HealthyGtUnhealthy_Fstat] = 0.891368 ==> few true single voxel detections
 + Added 13 FDR curves to dataset CHIVES1053_2Cond_stats_REML+tlrc
++ Output dataset ./CHIVES1053_2Cond_stats_REML+tlrc.BRIK
 + unloading input dataset and REML matrices
++ 3dREMLfit is all done! total CPU=0.00 Elapsed=65.75
