** AFNI converts NIFTI_datatype=4 (INT16) in file /projects/sanlab/shared/CHIVES/bids_data/derivatives/fmriprep/sub-CHIVES1009/ses-wave1/func/s6_sub-CHIVES1009_ses-wave1_task-money_bold_space-MNI152NLin2009cAsym_preproc.nii to FLOAT32
     Warnings of this type will be muted for this session.
     Set AFNI_NIFTI_TYPE_WARN to YES to see them all, NO to see none.
++ '-stim_times_AM2 1 /projects/sanlab/shared/CHIVES/CHIVES_WTP_scripts/behavioral/money/afni_timing_files/CHIVES1009/AllCondsPmod.1D' has 1 auxiliary values per time point
++ '-stim_times_AM2 1 /projects/sanlab/shared/CHIVES/CHIVES_WTP_scripts/behavioral/money/afni_timing_files/CHIVES1009/AllCondsPmod.1D' will have 2 regressors
++ '-stim_times_AM1 2 /projects/sanlab/shared/CHIVES/CHIVES_WTP_scripts/behavioral/money/afni_timing_files/CHIVES1009/BidOnsDur.1D' has 1 auxiliary values per time point
++ '-stim_times_AM1 2': basis function model 'dmBLOCK(1)' uses 1 parameters,
    out of the 1 found in timing file '/projects/sanlab/shared/CHIVES/CHIVES_WTP_scripts/behavioral/money/afni_timing_files/CHIVES1009/BidOnsDur.1D'
++ 3dDeconvolve extending num_stimts from 2 to 6 due to -ortvec
++ 3dDeconvolve: AFNI version=AFNI_18.2.04 (Jul  6 2018) [64-bit]
++ Authored by: B. Douglas Ward, et al.
++ current memory malloc-ated = 251,775 bytes (about 252 thousand [kilo])
++ loading dataset /projects/sanlab/shared/CHIVES/bids_data/derivatives/fmriprep/sub-CHIVES1009/ses-wave1/func/s6_sub-CHIVES1009_ses-wave1_task-money_bold_space-MNI152NLin2009cAsym_preproc.nii
++ current memory malloc-ated = 1,489,134,711 bytes (about 1.5 billion [giga])
++ forcibly using TR=2.0000 seconds for -input dataset
++ Skipping check for initial transients
++ Imaging duration=688.0 s; Automatic polort=5
++ -stim_times using TR=2 s for stimulus timing conversion
++ -stim_times using TR=2 s for any -iresp output datasets
++  [you can alter the -iresp TR via the -TR_times option]
++ ** -stim_times NOTE ** guessing GLOBAL times if 1 time per line; LOCAL otherwise
++ ** GUESSED ** -stim_times_AM2 1 using LOCAL times
++ '-stim_times_AM2 1' average amplitude#1=0.675
++ ** GUESSED ** -stim_times_AM1 2 using LOCAL times
------------------------------------------------------------
GLT matrix from 'SYM: AllConds[0]':
   0   0   0   0   0   0   1   0   0   0   0   0   0 
 
------------------------------------------------------------
GLT matrix from 'SYM: AllConds[1]':
   0   0   0   0   0   0   0   1   0   0   0   0   0 
 
++ Number of time points: 344 (no censoring)
 + Number of parameters:  13 [10 baseline ; 3 signal]
++ total shared memory needed = 3,042,682,420 bytes (about 3.0 billion [giga])
++ current memory malloc-ated = 1,490,261,865 bytes (about 1.5 billion [giga])
++ mmap() memory allocated: 3,042,682,420 bytes (about 3.0 billion [giga])
++ Memory required for output bricks = 3,042,682,420 bytes (about 3.0 billion [giga])
++ Wrote matrix values to file CHIVES1009_AllCondPmod_xmat.1D
++ ========= Things you can do with the matrix file =========
++ (a) Linear regression with ARMA(1,1) modeling of serial correlation:

3dREMLfit -matrix CHIVES1009_AllCondPmod_xmat.1D -input /projects/sanlab/shared/CHIVES/bids_data/derivatives/fmriprep/sub-CHIVES1009/ses-wave1/func/s6_sub-CHIVES1009_ses-wave1_task-money_bold_space-MNI152NLin2009cAsym_preproc.nii \
 -mask /projects/sanlab/shared/CHIVES/bids_data/derivatives/fmriprep/sub-CHIVES1009/ses-wave1/func/sub-CHIVES1009_ses-wave1_task-money_bold_space-MNI152NLin2009cAsym_brainmask.nii.gz \
 -fout -tout -Rbuck CHIVES1009_AllCondPmod_stats_REML -Rvar CHIVES1009_AllCondPmod_stats_REMLvar \
 -Rfitts CHIVES1009_AllCondPmod_REML -Rerrts CHIVES1009_AllCondPmod_REML -verb
 
++ N.B.: 3dREMLfit command above written to file CHIVES1009_AllCondPmod_stats.REML_cmd
++ (b) Visualization/analysis of the matrix via ExamineXmat.R
++ (c) Synthesis of sub-model datasets using 3dSynthesize
++ ==========================================================
++ Wrote matrix values to file CHIVES1009_AllCondPmod_uncensor_xmat.1D
++ ----- Signal+Baseline matrix condition [X] (344x13):  4.34027  ++ VERY GOOD ++
++ ----- Signal-only matrix condition [X] (344x3):  1.61133  ++ VERY GOOD ++
++ ----- Baseline-only matrix condition [X] (344x10):  4.18308  ++ VERY GOOD ++
++ ----- stim_base-only matrix condition [X] (344x4):  1.35624  ++ VERY GOOD ++
++ ----- polort-only matrix condition [X] (344x6):  1.01583  ++ VERY GOOD ++
++ +++++ Matrix inverse average error = 3.22305e-15  ++ VERY GOOD ++
++ Matrix setup time = 0.01 s
++ Voxels in dataset: 1082035
++ Voxels in mask:    272143
++ Voxels per job:    13607
++ Job #1: processing voxels 182986 to 240130; elapsed time=4.895
++ Job #2: processing voxels 240131 to 285348; elapsed time=4.915
++ Job #3: processing voxels 285349 to 321796; elapsed time=4.937
++ Job #4: processing voxels 321797 to 353695; elapsed time=4.957
++ Job #5: processing voxels 353696 to 384328; elapsed time=4.980
++ Job #6: processing voxels 384329 to 410962; elapsed time=5.002
++ Job #7: processing voxels 410963 to 440106; elapsed time=5.025
++ Job #8: processing voxels 440107 to 466204; elapsed time=5.048
++ Job #9: processing voxels 466205 to 495394; elapsed time=5.072
++ Job #10: processing voxels 495395 to 521520; elapsed time=5.095
++ Job #11: processing voxels 521521 to 551568; elapsed time=5.119
++ Job #12: processing voxels 551569 to 582132; elapsed time=5.143
++ Job #13: processing voxels 582133 to 609782; elapsed time=5.177
++ Job #14: processing voxels 609783 to 642159; elapsed time=5.203
++ Job #15: processing voxels 642160 to 675864; elapsed time=5.219
++ Job #16: processing voxels 675865 to 716190; elapsed time=5.260
++ Job #17: processing voxels 716191 to 754704; elapsed time=5.272
++ Job #18: processing voxels 754705 to 809102; elapsed time=5.307
++ Job #0: processing voxels 0 to 182985; elapsed time=5.333
++ voxel loop:0++ Job #19: processing voxels 809103 to 1082034; elapsed time=5.336
123456789.0123456789.0123456789.0123456++ Job #2 finished; elapsed time=5.688
789.++ Job #4 finished; elapsed time=5.739
++ Job #3 finished; elapsed time=5.774
++ Job #6 finished; elapsed time=5.782
0++ Job #5 finished; elapsed time=5.811
12++ Job #8 finished; elapsed time=5.833
++ Job #7 finished; elapsed time=5.856
++ Job #1 finished; elapsed time=5.867
++ Job #10 finished; elapsed time=5.878
3++ Job #9 finished; elapsed time=5.890
45++ Job #12 finished; elapsed time=5.929
++ Job #13 finished; elapsed time=5.957
++ Job #11 finished; elapsed time=5.967
6++ Job #14 finished; elapsed time=5.997
++ Job #15 finished; elapsed time=6.005
78++ Job #17 finished; elapsed time=6.062
++ Job #16 finished; elapsed time=6.067
9.
++ Job #0 waiting for children to finish; elapsed time=6.097
++ Job #18 finished; elapsed time=6.143
++ Job #19 finished; elapsed time=6.196
++ Job #0 now finishing up; elapsed time=6.215
++ Smallest FDR q [0 Full_Fstat] = 7.58083e-15
++ Smallest FDR q [2 AllConds#0_Tstat] = 6.43451e-14
++ Smallest FDR q [4 AllConds#1_Tstat] = 2.24317e-08
++ Smallest FDR q [5 AllConds_Fstat] = 5.78604e-14
++ Smallest FDR q [7 BidsNMiss#0_Tstat] = 1.81875e-14
++ Smallest FDR q [8 BidsNMiss_Fstat] = 1.81888e-14
++ Smallest FDR q [10 CondGtRest_GLT#0_Tstat] = 6.43451e-14
++ Smallest FDR q [11 CondGtRest_GLT_Fstat] = 6.43423e-14
++ Smallest FDR q [13 Pmod_GLT#0_Tstat] = 2.24317e-08
++ Smallest FDR q [14 Pmod_GLT_Fstat] = 2.24322e-08
++ Wrote bucket dataset into ./CHIVES1009_AllCondPmod_stats+tlrc.BRIK
 + created 10 FDR curves in bucket header
++ Wrote 3D+time dataset into ./CHIVES1009_AllCondPmod+tlrc.BRIK
++ Wrote 3D+time dataset into ./CHIVES1009_AllCondPmod+tlrc.BRIK
++ Program finished; elapsed time=21.718
++ 3dREMLfit: AFNI version=AFNI_18.2.04 (Jul  6 2018) [64-bit]
++ Authored by: RWCox
** AFNI converts NIFTI_datatype=4 (INT16) in file /projects/sanlab/shared/CHIVES/bids_data/derivatives/fmriprep/sub-CHIVES1009/ses-wave1/func/s6_sub-CHIVES1009_ses-wave1_task-money_bold_space-MNI152NLin2009cAsym_preproc.nii to FLOAT32
     Warnings of this type will be muted for this session.
     Set AFNI_NIFTI_TYPE_WARN to YES to see them all, NO to see none.
++ Number of voxels in mask = 272143
++ Number of OpenMP threads = 15
++ -----  matrix condition (344x13):  4.34027  ++ VERY GOOD ++
++ Loading input dataset into memory
++ Converting input dataset to vector image
 +  dataset = 1.5 billion [giga] bytes
 +  vectim  = 376 million [mega] bytes
++ starting REML setup calculations; total CPU=0.00 Elapsed=3.95
 + X matrix: 99.732% of elements are nonzero
 + starting 15 OpenMP threads for REML setup
 + REML setup finished: matrix rows=344 cols=13; 109*1 cases; total CPU=0.00 Elapsed=3.95
 +  average case bandwidth = 12.99
++ REML voxel loop: [15 threads]0123456789.012
 + ARMA voxel parameters estimated: total CPU=0.00 Elapsed=19.71
++ GLSQ loop:0123456789.0123456789.0123456789.0123456789.0123456789.
 + GLSQ regression done: total CPU=0.00 Elapsed=40.65
++ Output dataset ./CHIVES1009_AllCondPmod_stats_REMLvar+tlrc.BRIK
++ Output dataset ./CHIVES1009_AllCondPmod_REML+tlrc.BRIK
[7m** ERROR:[0m output dataset name 'CHIVES1009_AllCondPmod_REML' conflicts with existing file
[7m** ERROR:[0m dataset NOT written to disk!
++ creating FDR curves in dataset CHIVES1009_AllCondPmod_stats_REML+tlrc
++ Smallest FDR q [0 Full_Fstat] = 9.73362e-15
++ Smallest FDR q [2 AllConds#0_Tstat] = 9.86238e-14
++ Smallest FDR q [4 AllConds#1_Tstat] = 0.000394227
++ Smallest FDR q [5 AllConds_Fstat] = 1.05241e-13
++ Smallest FDR q [7 BidsNMiss#0_Tstat] = 2.02372e-14
++ Smallest FDR q [8 BidsNMiss_Fstat] = 2.02372e-14
++ Smallest FDR q [10 CondGtRest#0_Tstat] = 9.86238e-14
++ Smallest FDR q [11 CondGtRest_Fstat] = 9.86238e-14
++ Smallest FDR q [13 Pmod#0_Tstat] = 0.000394227
++ Smallest FDR q [14 Pmod_Fstat] = 0.000394227
 + Added 10 FDR curves to dataset CHIVES1009_AllCondPmod_stats_REML+tlrc
++ Output dataset ./CHIVES1009_AllCondPmod_stats_REML+tlrc.BRIK
 + unloading input dataset and REML matrices
++ 3dREMLfit is all done! total CPU=0.00 Elapsed=55.72
** AFNI converts NIFTI_datatype=4 (INT16) in file /projects/sanlab/shared/CHIVES/bids_data/derivatives/fmriprep/sub-CHIVES1009/ses-wave1/func/s6_sub-CHIVES1009_ses-wave1_task-money_bold_space-MNI152NLin2009cAsym_preproc.nii to FLOAT32
     Warnings of this type will be muted for this session.
     Set AFNI_NIFTI_TYPE_WARN to YES to see them all, NO to see none.
++ '-stim_times_AM2 1 /projects/sanlab/shared/CHIVES/CHIVES_WTP_scripts/behavioral/money/afni_timing_files/CHIVES1009/HealthyPmod.1D' has 1 auxiliary values per time point
++ '-stim_times_AM2 1 /projects/sanlab/shared/CHIVES/CHIVES_WTP_scripts/behavioral/money/afni_timing_files/CHIVES1009/HealthyPmod.1D' will have 2 regressors
++ '-stim_times_AM2 2 /projects/sanlab/shared/CHIVES/CHIVES_WTP_scripts/behavioral/money/afni_timing_files/CHIVES1009/UnhealthyPmod.1D' has 1 auxiliary values per time point
++ '-stim_times_AM2 2 /projects/sanlab/shared/CHIVES/CHIVES_WTP_scripts/behavioral/money/afni_timing_files/CHIVES1009/UnhealthyPmod.1D' will have 2 regressors
++ '-stim_times_AM1 3 /projects/sanlab/shared/CHIVES/CHIVES_WTP_scripts/behavioral/money/afni_timing_files/CHIVES1009/BidOnsDur.1D' has 1 auxiliary values per time point
++ '-stim_times_AM1 3': basis function model 'dmBLOCK(1)' uses 1 parameters,
    out of the 1 found in timing file '/projects/sanlab/shared/CHIVES/CHIVES_WTP_scripts/behavioral/money/afni_timing_files/CHIVES1009/BidOnsDur.1D'
++ 3dDeconvolve extending num_stimts from 3 to 7 due to -ortvec
++ 3dDeconvolve: AFNI version=AFNI_18.2.04 (Jul  6 2018) [64-bit]
++ Authored by: B. Douglas Ward, et al.
++ current memory malloc-ated = 279,041 bytes (about 279 thousand [kilo])
++ loading dataset /projects/sanlab/shared/CHIVES/bids_data/derivatives/fmriprep/sub-CHIVES1009/ses-wave1/func/s6_sub-CHIVES1009_ses-wave1_task-money_bold_space-MNI152NLin2009cAsym_preproc.nii
++ current memory malloc-ated = 1,489,161,977 bytes (about 1.5 billion [giga])
++ forcibly using TR=2.0000 seconds for -input dataset
++ Skipping check for initial transients
++ Imaging duration=688.0 s; Automatic polort=5
++ -stim_times using TR=2 s for stimulus timing conversion
++ -stim_times using TR=2 s for any -iresp output datasets
++  [you can alter the -iresp TR via the -TR_times option]
++ ** -stim_times NOTE ** guessing GLOBAL times if 1 time per line; LOCAL otherwise
++ ** GUESSED ** -stim_times_AM2 1 using LOCAL times
++ '-stim_times_AM2 1' average amplitude#1=0.866667
++ ** GUESSED ** -stim_times_AM2 2 using LOCAL times
++ '-stim_times_AM2 2' average amplitude#1=0.483333
++ ** GUESSED ** -stim_times_AM1 3 using LOCAL times
------------------------------------------------------------
GLT matrix from 'SYM: HealthyPmod[0]':
   0   0   0   0   0   0   1   0   0   0   0   0   0   0   0 
 
------------------------------------------------------------
GLT matrix from 'SYM: HealthyPmod[1]':
   0   0   0   0   0   0   0   1   0   0   0   0   0   0   0 
 
------------------------------------------------------------
GLT matrix from 'SYM: UnhealthyPmod[0]':
   0   0   0   0   0   0   0   0   1   0   0   0   0   0   0 
 
------------------------------------------------------------
GLT matrix from 'SYM: UnhealthyPmod[1]':
   0   0   0   0   0   0   0   0   0   1   0   0   0   0   0 
 
------------------------------------------------------------
GLT matrix from 'SYM: HealthyPmod[0] -UnhealthyPmod[0]':
   0   0   0   0   0   0   1   0  -1   0   0   0   0   0   0 
 
------------------------------------------------------------
GLT matrix from 'SYM: HealthyPmod[1] -UnhealthyPmod[1]':
   0   0   0   0   0   0   0   1   0  -1   0   0   0   0   0 
 
++ Number of time points: 344 (no censoring)
 + Number of parameters:  15 [10 baseline ; 5 signal]
++ total shared memory needed = 3,116,260,800 bytes (about 3.1 billion [giga])
++ current memory malloc-ated = 1,490,293,595 bytes (about 1.5 billion [giga])
++ mmap() memory allocated: 3,116,260,800 bytes (about 3.1 billion [giga])
++ Memory required for output bricks = 3,116,260,800 bytes (about 3.1 billion [giga])
++ Wrote matrix values to file CHIVES1009_2CondPmod_xmat.1D
++ ========= Things you can do with the matrix file =========
++ (a) Linear regression with ARMA(1,1) modeling of serial correlation:

3dREMLfit -matrix CHIVES1009_2CondPmod_xmat.1D -input /projects/sanlab/shared/CHIVES/bids_data/derivatives/fmriprep/sub-CHIVES1009/ses-wave1/func/s6_sub-CHIVES1009_ses-wave1_task-money_bold_space-MNI152NLin2009cAsym_preproc.nii \
 -mask /projects/sanlab/shared/CHIVES/bids_data/derivatives/fmriprep/sub-CHIVES1009/ses-wave1/func/sub-CHIVES1009_ses-wave1_task-money_bold_space-MNI152NLin2009cAsym_brainmask.nii.gz \
 -fout -tout -Rbuck CHIVES1009_2CondPmod_stats_REML -Rvar CHIVES1009_2CondPmod_stats_REMLvar \
 -Rfitts CHIVES1009_2CondPmod_REML -Rerrts CHIVES1009_2CondPmod_REML -verb
 
++ N.B.: 3dREMLfit command above written to file CHIVES1009_2CondPmod_stats.REML_cmd
++ (b) Visualization/analysis of the matrix via ExamineXmat.R
++ (c) Synthesis of sub-model datasets using 3dSynthesize
++ ==========================================================
++ Wrote matrix values to file CHIVES1009_2CondPmod_uncensor_xmat.1D
++ ----- Signal+Baseline matrix condition [X] (344x15):  4.35257  ++ VERY GOOD ++
++ ----- Signal-only matrix condition [X] (344x5):  1.61137  ++ VERY GOOD ++
++ ----- Baseline-only matrix condition [X] (344x10):  4.18308  ++ VERY GOOD ++
++ ----- stim_base-only matrix condition [X] (344x4):  1.35624  ++ VERY GOOD ++
++ ----- polort-only matrix condition [X] (344x6):  1.01583  ++ VERY GOOD ++
++ +++++ Matrix inverse average error = 2.076e-15  ++ VERY GOOD ++
++ Matrix setup time = 0.01 s
++ Voxels in dataset: 1082035
++ Voxels in mask:    272143
++ Voxels per job:    13607
++ Job #1: processing voxels 182986 to 240130; elapsed time=4.562
++ Job #2: processing voxels 240131 to 285348; elapsed time=4.582
++ Job #3: processing voxels 285349 to 321796; elapsed time=4.604
++ Job #4: processing voxels 321797 to 353695; elapsed time=4.625
++ Job #5: processing voxels 353696 to 384328; elapsed time=4.649
++ Job #6: processing voxels 384329 to 410962; elapsed time=4.671
++ Job #7: processing voxels 410963 to 440106; elapsed time=4.695
++ Job #8: processing voxels 440107 to 466204; elapsed time=4.718
++ Job #9: processing voxels 466205 to 495394; elapsed time=4.743
++ Job #10: processing voxels 495395 to 521520; elapsed time=4.766
++ Job #11: processing voxels 521521 to 551568; elapsed time=4.791
++ Job #12: processing voxels 551569 to 582132; elapsed time=4.815
++ Job #13: processing voxels 582133 to 609782; elapsed time=4.841
++ Job #14: processing voxels 609783 to 642159; elapsed time=4.893
++ Job #15: processing voxels 642160 to 675864; elapsed time=4.932
++ Job #16: processing voxels 675865 to 716190; elapsed time=4.971
++ Job #17: processing voxels 716191 to 754704; elapsed time=4.998
++ Job #18: processing voxels 754705 to 809102; elapsed time=5.049
++ Job #19: processing voxels 809103 to 1082034; elapsed time=5.094
++ Job #0: processing voxels 0 to 182985; elapsed time=5.100
++ voxel loop:0123456789.0123456789.01234++ Job #1 finished; elapsed time=5.689
567++ Job #2 finished; elapsed time=5.727
++ Job #3 finished; elapsed time=5.730
++ Job #4 finished; elapsed time=5.771
++ Job #5 finished; elapsed time=5.773
89.0++ Job #7 finished; elapsed time=5.816
++ Job #9 finished; elapsed time=5.858
123++ Job #11 finished; elapsed time=5.910
++ Job #12 finished; elapsed time=5.945
456++ Job #13 finished; elapsed time=6.017
++ Job #14 finished; elapsed time=6.044
789.++ Job #15 finished; elapsed time=6.091
++ Job #8 finished; elapsed time=6.097
++ Job #17 finished; elapsed time=6.123
++ Job #16 finished; elapsed time=6.129
0++ Job #6 finished; elapsed time=6.209
12++ Job #10 finished; elapsed time=6.271
3456++ Job #19 finished; elapsed time=6.474
78++ Job #18 finished; elapsed time=6.575
9.
++ Job #0 waiting for children to finish; elapsed time=6.589
++ Job #0 now finishing up; elapsed time=6.594
++ Smallest FDR q [0 Full_Fstat] = 8.52421e-15
++ Smallest FDR q [2 HealthyPmod#0_Tstat] = 9.07438e-14
++ Smallest FDR q [4 HealthyPmod#1_Tstat] = 0.0005973
++ Smallest FDR q [5 HealthyPmod_Fstat] = 9.69954e-14
++ Smallest FDR q [7 UnhealthyPmod#0_Tstat] = 1.25349e-13
++ Smallest FDR q [9 UnhealthyPmod#1_Tstat] = 0.0354621
++ Smallest FDR q [10 UnhealthyPmod_Fstat] = 1.65644e-13
++ Smallest FDR q [12 BidsNMiss#0_Tstat] = 1.81407e-14
++ Smallest FDR q [13 BidsNMiss_Fstat] = 1.81404e-14
++ Smallest FDR q [15 HealthyGtRest_GLT#0_Tstat] = 9.07438e-14
++ Smallest FDR q [16 HealthyGtRest_GLT_Fstat] = 9.07438e-14
++ Smallest FDR q [18 HealthyPmod_GLT#0_Tstat] = 0.0005973
++ Smallest FDR q [19 HealthyPmod_GLT_Fstat] = 0.000597318
++ Smallest FDR q [21 UnhealthyGtRest_GLT#0_Tstat] = 1.25349e-13
++ Smallest FDR q [22 UnhealthyGtRest_GLT_Fstat] = 1.25349e-13
++ Smallest FDR q [24 UnhealthyPmod_GLT#0_Tstat] = 0.0354621
++ Smallest FDR q [25 UnhealthyPmod_GLT_Fstat] = 0.0354592
++ Smallest FDR q [27 HealthyGtUnhealthy_GLT#0_Tstat] = 6.47804e-06
++ Smallest FDR q [28 HealthyGtUnhealthy_GLT_Fstat] = 6.47738e-06
[7m*+ WARNING:[0m Smallest FDR q [30 HealthyGtUnhealthyPmod_GLT#0_Tstat] = 0.554794 ==> few true single voxel detections
[7m*+ WARNING:[0m Smallest FDR q [31 HealthyGtUnhealthyPmod_GLT_Fstat] = 0.553374 ==> few true single voxel detections
++ Wrote bucket dataset into ./CHIVES1009_2CondPmod_stats+tlrc.BRIK
 + created 21 FDR curves in bucket header
++ Wrote 3D+time dataset into ./CHIVES1009_2CondPmod+tlrc.BRIK
++ Wrote 3D+time dataset into ./CHIVES1009_2CondPmod+tlrc.BRIK
++ Program finished; elapsed time=36.050
++ 3dREMLfit: AFNI version=AFNI_18.2.04 (Jul  6 2018) [64-bit]
++ Authored by: RWCox
** AFNI converts NIFTI_datatype=4 (INT16) in file /projects/sanlab/shared/CHIVES/bids_data/derivatives/fmriprep/sub-CHIVES1009/ses-wave1/func/s6_sub-CHIVES1009_ses-wave1_task-money_bold_space-MNI152NLin2009cAsym_preproc.nii to FLOAT32
     Warnings of this type will be muted for this session.
     Set AFNI_NIFTI_TYPE_WARN to YES to see them all, NO to see none.
++ Number of voxels in mask = 272143
++ Number of OpenMP threads = 15
++ -----  matrix condition (344x15):  4.35257  ++ VERY GOOD ++
++ Loading input dataset into memory
++ Converting input dataset to vector image
 +  dataset = 1.5 billion [giga] bytes
 +  vectim  = 376 million [mega] bytes
++ starting REML setup calculations; total CPU=0.00 Elapsed=3.95
 + X matrix: 91.744% of elements are nonzero
 + starting 15 OpenMP threads for REML setup
 + REML setup finished: matrix rows=344 cols=15; 109*1 cases; total CPU=0.00 Elapsed=3.96
 +  average case bandwidth = 12.99
++ REML voxel loop: [15 threads]0123456789.012
 + ARMA voxel parameters estimated: total CPU=0.00 Elapsed=20.39
++ GLSQ loop:0123456789.0123456789.0123456789.0123456789.0123456789.
 + GLSQ regression done: total CPU=0.00 Elapsed=51.28
++ Output dataset ./CHIVES1009_2CondPmod_stats_REMLvar+tlrc.BRIK
++ Output dataset ./CHIVES1009_2CondPmod_REML+tlrc.BRIK
[7m** ERROR:[0m output dataset name 'CHIVES1009_2CondPmod_REML' conflicts with existing file
[7m** ERROR:[0m dataset NOT written to disk!
++ creating FDR curves in dataset CHIVES1009_2CondPmod_stats_REML+tlrc
++ Smallest FDR q [0 Full_Fstat] = 1.19734e-14
++ Smallest FDR q [2 HealthyPmod#0_Tstat] = 1.97064e-13
++ Smallest FDR q [4 HealthyPmod#1_Tstat] = 0.086227
++ Smallest FDR q [5 HealthyPmod_Fstat] = 2.61918e-13
++ Smallest FDR q [7 UnhealthyPmod#0_Tstat] = 3.57882e-13
[7m*+ WARNING:[0m Smallest FDR q [9 UnhealthyPmod#1_Tstat] = 0.948215 ==> few true single voxel detections
++ Smallest FDR q [10 UnhealthyPmod_Fstat] = 6.10385e-13
++ Smallest FDR q [12 BidsNMiss#0_Tstat] = 2.02919e-14
++ Smallest FDR q [13 BidsNMiss_Fstat] = 2.02919e-14
++ Smallest FDR q [15 HealthyGtRest#0_Tstat] = 1.97064e-13
++ Smallest FDR q [16 HealthyGtRest_Fstat] = 1.97064e-13
++ Smallest FDR q [18 HealthyPmod#0_Tstat] = 0.086227
++ Smallest FDR q [19 HealthyPmod_Fstat] = 0.0862269
++ Smallest FDR q [21 UnhealthyGtRest#0_Tstat] = 3.57882e-13
++ Smallest FDR q [22 UnhealthyGtRest_Fstat] = 3.57882e-13
[7m*+ WARNING:[0m Smallest FDR q [24 UnhealthyPmod#0_Tstat] = 0.948215 ==> few true single voxel detections
[7m*+ WARNING:[0m Smallest FDR q [25 UnhealthyPmod_Fstat] = 0.948215 ==> few true single voxel detections
++ Smallest FDR q [27 HealthyGtUnhealthy#0_Tstat] = 0.0268094
++ Smallest FDR q [28 HealthyGtUnhealthy_Fstat] = 0.0268094
[7m*+ WARNING:[0m Smallest FDR q [30 HealthyGtUnhealthyPmod#0_Tstat] = 0.999877 ==> few true single voxel detections
[7m*+ WARNING:[0m Smallest FDR q [31 HealthyGtUnhealthyPmod_Fstat] = 0.999877 ==> few true single voxel detections
 + Added 21 FDR curves to dataset CHIVES1009_2CondPmod_stats_REML+tlrc
++ Output dataset ./CHIVES1009_2CondPmod_stats_REML+tlrc.BRIK
 + unloading input dataset and REML matrices
++ 3dREMLfit is all done! total CPU=0.00 Elapsed=79.84
** AFNI converts NIFTI_datatype=4 (INT16) in file /projects/sanlab/shared/CHIVES/bids_data/derivatives/fmriprep/sub-CHIVES1009/ses-wave1/func/s6_sub-CHIVES1009_ses-wave1_task-money_bold_space-MNI152NLin2009cAsym_preproc.nii to FLOAT32
     Warnings of this type will be muted for this session.
     Set AFNI_NIFTI_TYPE_WARN to YES to see them all, NO to see none.
++ '-stim_times_AM1 3 /projects/sanlab/shared/CHIVES/CHIVES_WTP_scripts/behavioral/money/afni_timing_files/CHIVES1009/BidOnsDur.1D' has 1 auxiliary values per time point
++ '-stim_times_AM1 3': basis function model 'dmBLOCK(1)' uses 1 parameters,
    out of the 1 found in timing file '/projects/sanlab/shared/CHIVES/CHIVES_WTP_scripts/behavioral/money/afni_timing_files/CHIVES1009/BidOnsDur.1D'
++ 3dDeconvolve extending num_stimts from 3 to 7 due to -ortvec
++ 3dDeconvolve: AFNI version=AFNI_18.2.04 (Jul  6 2018) [64-bit]
++ Authored by: B. Douglas Ward, et al.
++ current memory malloc-ated = 262,797 bytes (about 263 thousand [kilo])
++ loading dataset /projects/sanlab/shared/CHIVES/bids_data/derivatives/fmriprep/sub-CHIVES1009/ses-wave1/func/s6_sub-CHIVES1009_ses-wave1_task-money_bold_space-MNI152NLin2009cAsym_preproc.nii
++ current memory malloc-ated = 1,489,145,733 bytes (about 1.5 billion [giga])
++ forcibly using TR=2.0000 seconds for -input dataset
++ Skipping check for initial transients
++ Imaging duration=688.0 s; Automatic polort=5
++ -stim_times using TR=2 s for stimulus timing conversion
++ -stim_times using TR=2 s for any -iresp output datasets
++  [you can alter the -iresp TR via the -TR_times option]
++ ** -stim_times NOTE ** guessing GLOBAL times if 1 time per line; LOCAL otherwise
++ ** GUESSED ** -stim_times 1 using LOCAL times
++ ** GUESSED ** -stim_times 2 using LOCAL times
++ ** GUESSED ** -stim_times_AM1 3 using LOCAL times
------------------------------------------------------------
GLT matrix from 'SYM: Healthy':
   0   0   0   0   0   0   1   0   0   0   0   0   0 
 
------------------------------------------------------------
GLT matrix from 'SYM: Unhealthy':
   0   0   0   0   0   0   0   1   0   0   0   0   0 
 
------------------------------------------------------------
GLT matrix from 'SYM: Healthy -Unhealthy':
   0   0   0   0   0   0   1  -1   0   0   0   0   0 
 
++ Number of time points: 344 (no censoring)
 + Number of parameters:  13 [10 baseline ; 3 signal]
++ total shared memory needed = 3,059,994,980 bytes (about 3.1 billion [giga])
++ current memory malloc-ated = 1,490,272,925 bytes (about 1.5 billion [giga])
++ mmap() memory allocated: 3,059,994,980 bytes (about 3.1 billion [giga])
++ Memory required for output bricks = 3,059,994,980 bytes (about 3.1 billion [giga])
++ Wrote matrix values to file CHIVES1009_2Cond_xmat.1D
++ ========= Things you can do with the matrix file =========
++ (a) Linear regression with ARMA(1,1) modeling of serial correlation:

3dREMLfit -matrix CHIVES1009_2Cond_xmat.1D -input /projects/sanlab/shared/CHIVES/bids_data/derivatives/fmriprep/sub-CHIVES1009/ses-wave1/func/s6_sub-CHIVES1009_ses-wave1_task-money_bold_space-MNI152NLin2009cAsym_preproc.nii \
 -mask /projects/sanlab/shared/CHIVES/bids_data/derivatives/fmriprep/sub-CHIVES1009/ses-wave1/func/sub-CHIVES1009_ses-wave1_task-money_bold_space-MNI152NLin2009cAsym_brainmask.nii.gz \
 -fout -tout -Rbuck CHIVES1009_2Cond_stats_REML -Rvar CHIVES1009_2Cond_stats_REMLvar \
 -Rfitts CHIVES1009_2Cond_REML -Rerrts CHIVES1009_2Cond_REML -verb
 
++ N.B.: 3dREMLfit command above written to file CHIVES1009_2Cond_stats.REML_cmd
++ (b) Visualization/analysis of the matrix via ExamineXmat.R
++ (c) Synthesis of sub-model datasets using 3dSynthesize
++ ==========================================================
++ Wrote matrix values to file CHIVES1009_2Cond_uncensor_xmat.1D
++ ----- Signal+Baseline matrix condition [X] (344x13):  4.33713  ++ VERY GOOD ++
++ ----- Signal-only matrix condition [X] (344x3):  1.61125  ++ VERY GOOD ++
++ ----- Baseline-only matrix condition [X] (344x10):  4.18308  ++ VERY GOOD ++
++ ----- stim_base-only matrix condition [X] (344x4):  1.35624  ++ VERY GOOD ++
++ ----- polort-only matrix condition [X] (344x6):  1.01583  ++ VERY GOOD ++
++ +++++ Matrix inverse average error = 2.7638e-15  ++ VERY GOOD ++
++ Matrix setup time = 0.02 s
++ Voxels in dataset: 1082035
++ Voxels in mask:    272143
++ Voxels per job:    13607
++ Job #1: processing voxels 182986 to 240130; elapsed time=4.057
++ Job #2: processing voxels 240131 to 285348; elapsed time=4.076
++ Job #3: processing voxels 285349 to 321796; elapsed time=4.098
++ Job #4: processing voxels 321797 to 353695; elapsed time=4.118
++ Job #5: processing voxels 353696 to 384328; elapsed time=4.140
++ Job #6: processing voxels 384329 to 410962; elapsed time=4.162
++ Job #7: processing voxels 410963 to 440106; elapsed time=4.185
++ Job #8: processing voxels 440107 to 466204; elapsed time=4.207
++ Job #9: processing voxels 466205 to 495394; elapsed time=4.231
++ Job #10: processing voxels 495395 to 521520; elapsed time=4.253
++ Job #11: processing voxels 521521 to 551568; elapsed time=4.277
++ Job #12: processing voxels 551569 to 582132; elapsed time=4.301
++ Job #13: processing voxels 582133 to 609782; elapsed time=4.335
++ Job #14: processing voxels 609783 to 642159; elapsed time=4.351
++ Job #15: processing voxels 642160 to 675864; elapsed time=4.376
++ Job #16: processing voxels 675865 to 716190; elapsed time=4.414
++ Job #17: processing voxels 716191 to 754704; elapsed time=4.439
++ Job #18: processing voxels 754705 to 809102; elapsed time=4.464
++ Job #19: processing voxels 809103 to 1082034; elapsed time=4.474
++ Job #0: processing voxels 0 to 182985; elapsed time=4.484
++ voxel loop:0123456789.0123456789.0123456789.0123456789.++ Job #2 finished; elapsed time=4.953
++ Job #4 finished; elapsed time=4.993
012++ Job #6 finished; elapsed time=5.035
++ Job #8 finished; elapsed time=5.073
3++ Job #10 finished; elapsed time=5.124
++ Job #5 finished; elapsed time=5.125
45++ Job #9 finished; elapsed time=5.147
++ Job #7 finished; elapsed time=5.150
++ Job #12 finished; elapsed time=5.172
++ Job #11 finished; elapsed time=5.180
6++ Job #14 finished; elapsed time=5.223
++ Job #15 finished; elapsed time=5.255
78++ Job #3 finished; elapsed time=5.298
9.
++ Job #0 waiting for children to finish; elapsed time=5.343
++ Job #1 finished; elapsed time=5.363
++ Job #19 finished; elapsed time=5.384
++ Job #13 finished; elapsed time=5.594
++ Job #18 finished; elapsed time=5.653
++ Job #16 finished; elapsed time=5.713
++ Job #17 finished; elapsed time=5.721
++ Job #0 now finishing up; elapsed time=5.732
++ Smallest FDR q [0 Full_Fstat] = 7.95572e-15
++ Smallest FDR q [2 Healthy#0_Tstat] = 9.12277e-14
++ Smallest FDR q [3 Healthy_Fstat] = 9.12254e-14
++ Smallest FDR q [5 Unhealthy#0_Tstat] = 1.25261e-13
++ Smallest FDR q [6 Unhealthy_Fstat] = 1.25262e-13
++ Smallest FDR q [8 BidsNMiss#0_Tstat] = 1.86094e-14
++ Smallest FDR q [9 BidsNMiss_Fstat] = 1.86094e-14
++ Smallest FDR q [11 HealthyGtRest_GLT#0_Tstat] = 9.12277e-14
++ Smallest FDR q [12 HealthyGtRest_GLT_Fstat] = 9.12264e-14
++ Smallest FDR q [14 UnhealthyGtRest_GLT#0_Tstat] = 1.25261e-13
++ Smallest FDR q [15 UnhealthyGtRest_GLT_Fstat] = 1.25261e-13
++ Smallest FDR q [17 HealthyGtUnhealthy_GLT#0_Tstat] = 9.03283e-06
++ Smallest FDR q [18 HealthyGtUnhealthy_GLT_Fstat] = 9.03271e-06
++ Wrote bucket dataset into ./CHIVES1009_2Cond_stats+tlrc.BRIK
 + created 13 FDR curves in bucket header
++ Wrote 3D+time dataset into ./CHIVES1009_2Cond+tlrc.BRIK
++ Wrote 3D+time dataset into ./CHIVES1009_2Cond+tlrc.BRIK
++ Program finished; elapsed time=24.116
++ 3dREMLfit: AFNI version=AFNI_18.2.04 (Jul  6 2018) [64-bit]
++ Authored by: RWCox
** AFNI converts NIFTI_datatype=4 (INT16) in file /projects/sanlab/shared/CHIVES/bids_data/derivatives/fmriprep/sub-CHIVES1009/ses-wave1/func/s6_sub-CHIVES1009_ses-wave1_task-money_bold_space-MNI152NLin2009cAsym_preproc.nii to FLOAT32
     Warnings of this type will be muted for this session.
     Set AFNI_NIFTI_TYPE_WARN to YES to see them all, NO to see none.
++ Number of voxels in mask = 272143
++ Number of OpenMP threads = 15
++ -----  matrix condition (344x13):  4.33713  ++ VERY GOOD ++
++ Loading input dataset into memory
++ Converting input dataset to vector image
 +  dataset = 1.5 billion [giga] bytes
 +  vectim  = 376 million [mega] bytes
++ starting REML setup calculations; total CPU=0.00 Elapsed=4.07
 + X matrix: 95.170% of elements are nonzero
 + starting 15 OpenMP threads for REML setup
 + REML setup finished: matrix rows=344 cols=13; 109*1 cases; total CPU=0.00 Elapsed=4.08
 +  average case bandwidth = 12.99
++ REML voxel loop: [15 threads]0123456789.012
 + ARMA voxel parameters estimated: total CPU=0.00 Elapsed=19.42
++ GLSQ loop:0123456789.0123456789.0123456789.0123456789.0123456789.
 + GLSQ regression done: total CPU=0.00 Elapsed=43.84
++ Output dataset ./CHIVES1009_2Cond_stats_REMLvar+tlrc.BRIK
++ Output dataset ./CHIVES1009_2Cond_REML+tlrc.BRIK
[7m** ERROR:[0m output dataset name 'CHIVES1009_2Cond_REML' conflicts with existing file
[7m** ERROR:[0m dataset NOT written to disk!
++ creating FDR curves in dataset CHIVES1009_2Cond_stats_REML+tlrc
++ Smallest FDR q [0 Full_Fstat] = 1.00048e-14
++ Smallest FDR q [2 Healthy#0_Tstat] = 1.94292e-13
++ Smallest FDR q [3 Healthy_Fstat] = 1.94292e-13
++ Smallest FDR q [5 Unhealthy#0_Tstat] = 3.48636e-13
++ Smallest FDR q [6 Unhealthy_Fstat] = 3.48636e-13
++ Smallest FDR q [8 BidsNMiss#0_Tstat] = 2.05359e-14
++ Smallest FDR q [9 BidsNMiss_Fstat] = 2.05359e-14
++ Smallest FDR q [11 HealthyGtRest#0_Tstat] = 1.94292e-13
++ Smallest FDR q [12 HealthyGtRest_Fstat] = 1.94292e-13
++ Smallest FDR q [14 UnhealthyGtRest#0_Tstat] = 3.48636e-13
++ Smallest FDR q [15 UnhealthyGtRest_Fstat] = 3.48636e-13
++ Smallest FDR q [17 HealthyGtUnhealthy#0_Tstat] = 0.0332565
++ Smallest FDR q [18 HealthyGtUnhealthy_Fstat] = 0.0332565
 + Added 13 FDR curves to dataset CHIVES1009_2Cond_stats_REML+tlrc
++ Output dataset ./CHIVES1009_2Cond_stats_REML+tlrc.BRIK
 + unloading input dataset and REML matrices
++ 3dREMLfit is all done! total CPU=0.00 Elapsed=61.76
