** AFNI converts NIFTI_datatype=4 (INT16) in file /projects/sanlab/shared/CHIVES/bids_data/derivatives/fmriprep/sub-CHIVES1005/ses-wave1/func/s6_sub-CHIVES1005_ses-wave1_task-money_bold_space-MNI152NLin2009cAsym_preproc.nii to FLOAT32
     Warnings of this type will be muted for this session.
     Set AFNI_NIFTI_TYPE_WARN to YES to see them all, NO to see none.
++ '-stim_times_AM2 1 /projects/sanlab/shared/CHIVES/CHIVES_WTP_scripts/behavioral/money/afni_timing_files/CHIVES1005/AllCondsPmod.1D' has 1 auxiliary values per time point
++ '-stim_times_AM2 1 /projects/sanlab/shared/CHIVES/CHIVES_WTP_scripts/behavioral/money/afni_timing_files/CHIVES1005/AllCondsPmod.1D' will have 2 regressors
++ '-stim_times_AM1 2 /projects/sanlab/shared/CHIVES/CHIVES_WTP_scripts/behavioral/money/afni_timing_files/CHIVES1005/BidOnsDur.1D' has 1 auxiliary values per time point
++ '-stim_times_AM1 2': basis function model 'dmBLOCK(1)' uses 1 parameters,
    out of the 1 found in timing file '/projects/sanlab/shared/CHIVES/CHIVES_WTP_scripts/behavioral/money/afni_timing_files/CHIVES1005/BidOnsDur.1D'
++ 3dDeconvolve extending num_stimts from 2 to 6 due to -ortvec
++ 3dDeconvolve: AFNI version=AFNI_18.2.04 (Jul  6 2018) [64-bit]
++ Authored by: B. Douglas Ward, et al.
++ current memory malloc-ated = 254,627 bytes (about 255 thousand [kilo])
++ loading dataset /projects/sanlab/shared/CHIVES/bids_data/derivatives/fmriprep/sub-CHIVES1005/ses-wave1/func/s6_sub-CHIVES1005_ses-wave1_task-money_bold_space-MNI152NLin2009cAsym_preproc.nii
++ current memory malloc-ated = 1,545,403,487 bytes (about 1.5 billion [giga])
++ forcibly using TR=2.0000 seconds for -input dataset
++ Skipping check for initial transients
++ Imaging duration=714.0 s; Automatic polort=5
++ -stim_times using TR=2 s for stimulus timing conversion
++ -stim_times using TR=2 s for any -iresp output datasets
++  [you can alter the -iresp TR via the -TR_times option]
++ ** -stim_times NOTE ** guessing GLOBAL times if 1 time per line; LOCAL otherwise
++ ** GUESSED ** -stim_times_AM2 1 using LOCAL times
++ '-stim_times_AM2 1' average amplitude#1=0.855932
++ ** GUESSED ** -stim_times_AM1 2 using LOCAL times
------------------------------------------------------------
GLT matrix from 'SYM: AllConds[0]':
   0   0   0   0   0   0   1   0   0   0   0   0   0 
 
------------------------------------------------------------
GLT matrix from 'SYM: AllConds[1]':
   0   0   0   0   0   0   0   1   0   0   0   0   0 
 
++ Number of time points: 357 (no censoring)
 + Number of parameters:  13 [10 baseline ; 3 signal]
++ total shared memory needed = 3,155,214,060 bytes (about 3.2 billion [giga])
++ current memory malloc-ated = 1,546,531,421 bytes (about 1.5 billion [giga])
++ mmap() memory allocated: 3,155,214,060 bytes (about 3.2 billion [giga])
++ Memory required for output bricks = 3,155,214,060 bytes (about 3.2 billion [giga])
++ Wrote matrix values to file CHIVES1005_AllCondPmod_xmat.1D
++ ========= Things you can do with the matrix file =========
++ (a) Linear regression with ARMA(1,1) modeling of serial correlation:

3dREMLfit -matrix CHIVES1005_AllCondPmod_xmat.1D -input /projects/sanlab/shared/CHIVES/bids_data/derivatives/fmriprep/sub-CHIVES1005/ses-wave1/func/s6_sub-CHIVES1005_ses-wave1_task-money_bold_space-MNI152NLin2009cAsym_preproc.nii \
 -mask /projects/sanlab/shared/CHIVES/bids_data/derivatives/fmriprep/sub-CHIVES1005/ses-wave1/func/sub-CHIVES1005_ses-wave1_task-money_bold_space-MNI152NLin2009cAsym_brainmask.nii.gz \
 -fout -tout -Rbuck CHIVES1005_AllCondPmod_stats_REML -Rvar CHIVES1005_AllCondPmod_stats_REMLvar \
 -Rfitts CHIVES1005_AllCondPmod_REML -Rerrts CHIVES1005_AllCondPmod_REML -verb
 
++ N.B.: 3dREMLfit command above written to file CHIVES1005_AllCondPmod_stats.REML_cmd
++ (b) Visualization/analysis of the matrix via ExamineXmat.R
++ (c) Synthesis of sub-model datasets using 3dSynthesize
++ ==========================================================
++ Wrote matrix values to file CHIVES1005_AllCondPmod_uncensor_xmat.1D
++ ----- Signal+Baseline matrix condition [X] (357x13):  4.28601  ++ VERY GOOD ++
++ ----- Signal-only matrix condition [X] (357x3):  1.55819  ++ VERY GOOD ++
++ ----- Baseline-only matrix condition [X] (357x10):  4.25065  ++ VERY GOOD ++
++ ----- stim_base-only matrix condition [X] (357x4):  1.92334  ++ VERY GOOD ++
++ ----- polort-only matrix condition [X] (357x6):  1.01526  ++ VERY GOOD ++
++ +++++ Matrix inverse average error = 3.07048e-15  ++ VERY GOOD ++
++ Matrix setup time = 0.02 s
++ Voxels in dataset: 1082035
++ Voxels in mask:    280028
++ Voxels per job:    14001
++ Job #1: processing voxels 185397 to 248284; elapsed time=4.988
++ Job #2: processing voxels 248285 to 293743; elapsed time=5.005
++ Job #3: processing voxels 293744 to 328712; elapsed time=5.022
++ Job #4: processing voxels 328713 to 360884; elapsed time=5.039
++ Job #5: processing voxels 360885 to 388341; elapsed time=5.057
++ Job #6: processing voxels 388342 to 418277; elapsed time=5.074
++ Job #7: processing voxels 418278 to 447616; elapsed time=5.092
++ Job #8: processing voxels 447617 to 474249; elapsed time=5.110
++ Job #9: processing voxels 474250 to 503571; elapsed time=5.128
++ Job #10: processing voxels 503572 to 530349; elapsed time=5.146
++ Job #11: processing voxels 530350 to 560775; elapsed time=5.164
++ Job #12: processing voxels 560776 to 587881; elapsed time=5.182
++ Job #13: processing voxels 587882 to 619471; elapsed time=5.200
++ Job #14: processing voxels 619472 to 652245; elapsed time=5.231
++ Job #15: processing voxels 652246 to 686257; elapsed time=5.236
++ Job #16: processing voxels 686258 to 722517; elapsed time=5.268
++ Job #17: processing voxels 722518 to 766063; elapsed time=5.273
++ Job #18: processing voxels 766064 to 821346; elapsed time=5.304
++ Job #19: processing voxels 821347 to 1082034; elapsed time=5.309
++ Job #0: processing voxels 0 to 185396; elapsed time=5.319
++ voxel loop:0123456789.0123456789.0123456789.0123456789.012++ Job #2 finished; elapsed time=5.836
++ Job #4 finished; elapsed time=5.868
34++ Job #6 finished; elapsed time=5.906
++ Job #5 finished; elapsed time=5.915
5++ Job #8 finished; elapsed time=5.939
++ Job #7 finished; elapsed time=5.950
++ Job #9 finished; elapsed time=5.975
++ Job #10 finished; elapsed time=5.977
67++ Job #12 finished; elapsed time=6.007
++ Job #13 finished; elapsed time=6.028
8++ Job #3 finished; elapsed time=6.047
++ Job #1 finished; elapsed time=6.051
++ Job #15 finished; elapsed time=6.068
++ Job #17 finished; elapsed time=6.104
9.
++ Job #0 waiting for children to finish; elapsed time=6.123
++ Job #19 finished; elapsed time=6.171
++ Job #11 finished; elapsed time=6.197
++ Job #14 finished; elapsed time=6.244
++ Job #16 finished; elapsed time=6.282
++ Job #18 finished; elapsed time=6.293
++ Job #0 now finishing up; elapsed time=6.303
++ Smallest FDR q [0 Full_Fstat] = 1.31027e-14
++ Smallest FDR q [2 AllConds#0_Tstat] = 4.82784e-13
++ Smallest FDR q [4 AllConds#1_Tstat] = 0.000173101
++ Smallest FDR q [5 AllConds_Fstat] = 5.48227e-13
++ Smallest FDR q [7 BidsNMiss#0_Tstat] = 2.1833e-14
++ Smallest FDR q [8 BidsNMiss_Fstat] = 2.18333e-14
++ Smallest FDR q [10 CondGtRest_GLT#0_Tstat] = 4.82784e-13
++ Smallest FDR q [11 CondGtRest_GLT_Fstat] = 4.82789e-13
++ Smallest FDR q [13 Pmod_GLT#0_Tstat] = 0.000173101
++ Smallest FDR q [14 Pmod_GLT_Fstat] = 0.000173114
++ Wrote bucket dataset into ./CHIVES1005_AllCondPmod_stats+tlrc.BRIK
 + created 10 FDR curves in bucket header
++ Wrote 3D+time dataset into ./CHIVES1005_AllCondPmod+tlrc.BRIK
++ Wrote 3D+time dataset into ./CHIVES1005_AllCondPmod+tlrc.BRIK
++ Program finished; elapsed time=26.240
++ 3dREMLfit: AFNI version=AFNI_18.2.04 (Jul  6 2018) [64-bit]
++ Authored by: RWCox
** AFNI converts NIFTI_datatype=4 (INT16) in file /projects/sanlab/shared/CHIVES/bids_data/derivatives/fmriprep/sub-CHIVES1005/ses-wave1/func/s6_sub-CHIVES1005_ses-wave1_task-money_bold_space-MNI152NLin2009cAsym_preproc.nii to FLOAT32
     Warnings of this type will be muted for this session.
     Set AFNI_NIFTI_TYPE_WARN to YES to see them all, NO to see none.
++ Number of voxels in mask = 280028
++ Number of OpenMP threads = 15
++ -----  matrix condition (357x13):  4.28601  ++ VERY GOOD ++
++ Loading input dataset into memory
++ Converting input dataset to vector image
 +  dataset = 1.5 billion [giga] bytes
 +  vectim  = 401 million [mega] bytes
++ starting REML setup calculations; total CPU=0.00 Elapsed=4.32
 + X matrix: 99.354% of elements are nonzero
 + starting 15 OpenMP threads for REML setup
 + REML setup finished: matrix rows=357 cols=13; 109*1 cases; total CPU=0.00 Elapsed=4.34
 +  average case bandwidth = 13.00
++ REML voxel loop: [15 threads]0123456789.012
 + ARMA voxel parameters estimated: total CPU=0.00 Elapsed=21.23
++ GLSQ loop:0123456789.0123456789.0123456789.0123456789.0123456789.
 + GLSQ regression done: total CPU=0.00 Elapsed=45.16
++ Output dataset ./CHIVES1005_AllCondPmod_stats_REMLvar+tlrc.BRIK
++ Output dataset ./CHIVES1005_AllCondPmod_REML+tlrc.BRIK
[7m** ERROR:[0m output dataset name 'CHIVES1005_AllCondPmod_REML' conflicts with existing file
[7m** ERROR:[0m dataset NOT written to disk!
++ creating FDR curves in dataset CHIVES1005_AllCondPmod_stats_REML+tlrc
++ Smallest FDR q [0 Full_Fstat] = 2.53299e-14
++ Smallest FDR q [2 AllConds#0_Tstat] = 2.69626e-13
[7m*+ WARNING:[0m Smallest FDR q [4 AllConds#1_Tstat] = 0.304576 ==> few true single voxel detections
++ Smallest FDR q [5 AllConds_Fstat] = 3.47502e-13
++ Smallest FDR q [7 BidsNMiss#0_Tstat] = 4.50959e-14
++ Smallest FDR q [8 BidsNMiss_Fstat] = 4.50959e-14
++ Smallest FDR q [10 CondGtRest#0_Tstat] = 2.69626e-13
++ Smallest FDR q [11 CondGtRest_Fstat] = 2.69626e-13
[7m*+ WARNING:[0m Smallest FDR q [13 Pmod#0_Tstat] = 0.304576 ==> few true single voxel detections
[7m*+ WARNING:[0m Smallest FDR q [14 Pmod_Fstat] = 0.304576 ==> few true single voxel detections
 + Added 10 FDR curves to dataset CHIVES1005_AllCondPmod_stats_REML+tlrc
++ Output dataset ./CHIVES1005_AllCondPmod_stats_REML+tlrc.BRIK
 + unloading input dataset and REML matrices
++ 3dREMLfit is all done! total CPU=0.00 Elapsed=61.11
** AFNI converts NIFTI_datatype=4 (INT16) in file /projects/sanlab/shared/CHIVES/bids_data/derivatives/fmriprep/sub-CHIVES1005/ses-wave1/func/s6_sub-CHIVES1005_ses-wave1_task-money_bold_space-MNI152NLin2009cAsym_preproc.nii to FLOAT32
     Warnings of this type will be muted for this session.
     Set AFNI_NIFTI_TYPE_WARN to YES to see them all, NO to see none.
++ '-stim_times_AM2 1 /projects/sanlab/shared/CHIVES/CHIVES_WTP_scripts/behavioral/money/afni_timing_files/CHIVES1005/HealthyPmod.1D' has 1 auxiliary values per time point
++ '-stim_times_AM2 1 /projects/sanlab/shared/CHIVES/CHIVES_WTP_scripts/behavioral/money/afni_timing_files/CHIVES1005/HealthyPmod.1D' will have 2 regressors
++ '-stim_times_AM2 2 /projects/sanlab/shared/CHIVES/CHIVES_WTP_scripts/behavioral/money/afni_timing_files/CHIVES1005/UnhealthyPmod.1D' has 1 auxiliary values per time point
++ '-stim_times_AM2 2 /projects/sanlab/shared/CHIVES/CHIVES_WTP_scripts/behavioral/money/afni_timing_files/CHIVES1005/UnhealthyPmod.1D' will have 2 regressors
++ '-stim_times_AM1 3 /projects/sanlab/shared/CHIVES/CHIVES_WTP_scripts/behavioral/money/afni_timing_files/CHIVES1005/BidOnsDur.1D' has 1 auxiliary values per time point
++ '-stim_times_AM1 3': basis function model 'dmBLOCK(1)' uses 1 parameters,
    out of the 1 found in timing file '/projects/sanlab/shared/CHIVES/CHIVES_WTP_scripts/behavioral/money/afni_timing_files/CHIVES1005/BidOnsDur.1D'
++ 3dDeconvolve extending num_stimts from 3 to 7 due to -ortvec
++ 3dDeconvolve: AFNI version=AFNI_18.2.04 (Jul  6 2018) [64-bit]
++ Authored by: B. Douglas Ward, et al.
++ current memory malloc-ated = 281,893 bytes (about 282 thousand [kilo])
++ loading dataset /projects/sanlab/shared/CHIVES/bids_data/derivatives/fmriprep/sub-CHIVES1005/ses-wave1/func/s6_sub-CHIVES1005_ses-wave1_task-money_bold_space-MNI152NLin2009cAsym_preproc.nii
++ current memory malloc-ated = 1,545,430,753 bytes (about 1.5 billion [giga])
++ forcibly using TR=2.0000 seconds for -input dataset
++ Skipping check for initial transients
++ Imaging duration=714.0 s; Automatic polort=5
++ -stim_times using TR=2 s for stimulus timing conversion
++ -stim_times using TR=2 s for any -iresp output datasets
++  [you can alter the -iresp TR via the -TR_times option]
++ ** -stim_times NOTE ** guessing GLOBAL times if 1 time per line; LOCAL otherwise
++ ** GUESSED ** -stim_times_AM2 1 using LOCAL times
++ '-stim_times_AM2 1' average amplitude#1=1.2
++ ** GUESSED ** -stim_times_AM2 2 using LOCAL times
++ '-stim_times_AM2 2' average amplitude#1=0.5
++ ** GUESSED ** -stim_times_AM1 3 using LOCAL times
------------------------------------------------------------
GLT matrix from 'SYM: HealthyPmod[0]':
   0   0   0   0   0   0   1   0   0   0   0   0   0   0   0 
 
------------------------------------------------------------
GLT matrix from 'SYM: HealthyPmod[1]':
   0   0   0   0   0   0   0   1   0   0   0   0   0   0   0 
 
------------------------------------------------------------
GLT matrix from 'SYM: UnhealthyPmod[0]':
   0   0   0   0   0   0   0   0   1   0   0   0   0   0   0 
 
------------------------------------------------------------
GLT matrix from 'SYM: UnhealthyPmod[1]':
   0   0   0   0   0   0   0   0   0   1   0   0   0   0   0 
 
------------------------------------------------------------
GLT matrix from 'SYM: HealthyPmod[0] -UnhealthyPmod[0]':
   0   0   0   0   0   0   1   0  -1   0   0   0   0   0   0 
 
------------------------------------------------------------
GLT matrix from 'SYM: HealthyPmod[1] -UnhealthyPmod[1]':
   0   0   0   0   0   0   0   1   0  -1   0   0   0   0   0 
 
++ Number of time points: 357 (no censoring)
 + Number of parameters:  15 [10 baseline ; 5 signal]
++ total shared memory needed = 3,228,792,440 bytes (about 3.2 billion [giga])
++ current memory malloc-ated = 1,546,563,255 bytes (about 1.5 billion [giga])
++ mmap() memory allocated: 3,228,792,440 bytes (about 3.2 billion [giga])
++ Memory required for output bricks = 3,228,792,440 bytes (about 3.2 billion [giga])
++ Wrote matrix values to file CHIVES1005_2CondPmod_xmat.1D
++ ========= Things you can do with the matrix file =========
++ (a) Linear regression with ARMA(1,1) modeling of serial correlation:

3dREMLfit -matrix CHIVES1005_2CondPmod_xmat.1D -input /projects/sanlab/shared/CHIVES/bids_data/derivatives/fmriprep/sub-CHIVES1005/ses-wave1/func/s6_sub-CHIVES1005_ses-wave1_task-money_bold_space-MNI152NLin2009cAsym_preproc.nii \
 -mask /projects/sanlab/shared/CHIVES/bids_data/derivatives/fmriprep/sub-CHIVES1005/ses-wave1/func/sub-CHIVES1005_ses-wave1_task-money_bold_space-MNI152NLin2009cAsym_brainmask.nii.gz \
 -fout -tout -Rbuck CHIVES1005_2CondPmod_stats_REML -Rvar CHIVES1005_2CondPmod_stats_REMLvar \
 -Rfitts CHIVES1005_2CondPmod_REML -Rerrts CHIVES1005_2CondPmod_REML -verb
 
++ N.B.: 3dREMLfit command above written to file CHIVES1005_2CondPmod_stats.REML_cmd
++ (b) Visualization/analysis of the matrix via ExamineXmat.R
++ (c) Synthesis of sub-model datasets using 3dSynthesize
++ ==========================================================
++ Wrote matrix values to file CHIVES1005_2CondPmod_uncensor_xmat.1D
++ ----- Signal+Baseline matrix condition [X] (357x15):  4.32651  ++ VERY GOOD ++
++ ----- Signal-only matrix condition [X] (357x5):  1.55823  ++ VERY GOOD ++
++ ----- Baseline-only matrix condition [X] (357x10):  4.25065  ++ VERY GOOD ++
++ ----- stim_base-only matrix condition [X] (357x4):  1.92334  ++ VERY GOOD ++
++ ----- polort-only matrix condition [X] (357x6):  1.01526  ++ VERY GOOD ++
++ +++++ Matrix inverse average error = 2.58841e-15  ++ VERY GOOD ++
++ Matrix setup time = 0.02 s
++ Voxels in dataset: 1082035
++ Voxels in mask:    280028
++ Voxels per job:    14001
++ Job #1: processing voxels 185397 to 248284; elapsed time=4.213
++ Job #2: processing voxels 248285 to 293743; elapsed time=4.230
++ Job #3: processing voxels 293744 to 328712; elapsed time=4.248
++ Job #4: processing voxels 328713 to 360884; elapsed time=4.265
++ Job #5: processing voxels 360885 to 388341; elapsed time=4.283
++ Job #6: processing voxels 388342 to 418277; elapsed time=4.300
++ Job #7: processing voxels 418278 to 447616; elapsed time=4.318
++ Job #8: processing voxels 447617 to 474249; elapsed time=4.336
++ Job #9: processing voxels 474250 to 503571; elapsed time=4.354
++ Job #10: processing voxels 503572 to 530349; elapsed time=4.372
++ Job #11: processing voxels 530350 to 560775; elapsed time=4.390
++ Job #12: processing voxels 560776 to 587881; elapsed time=4.408
++ Job #13: processing voxels 587882 to 619471; elapsed time=4.441
++ Job #14: processing voxels 619472 to 652245; elapsed time=4.446
++ Job #15: processing voxels 652246 to 686257; elapsed time=4.479
++ Job #16: processing voxels 686258 to 722517; elapsed time=4.484
++ Job #17: processing voxels 722518 to 766063; elapsed time=4.517
++ Job #18: processing voxels 766064 to 821346; elapsed time=4.522
++ Job #0: processing voxels 0 to 185396; elapsed time=4.558
++ voxel loop:0++ Job #19: processing voxels 821347 to 1082034; elapsed time=4.561
123456789.0123456789.0123456789.0123456789.012++ Job #2 finished; elapsed time=5.450
34++ Job #1 finished; elapsed time=5.465
++ Job #6 finished; elapsed time=5.471
++ Job #3 finished; elapsed time=5.478
++ Job #8 finished; elapsed time=5.498
5++ Job #5 finished; elapsed time=5.501
++ Job #4 finished; elapsed time=5.516
++ Job #7 finished; elapsed time=5.529
++ Job #9 finished; elapsed time=5.564
++ Job #10 finished; elapsed time=5.580
++ Job #11 finished; elapsed time=5.587
++ Job #12 finished; elapsed time=5.612
67++ Job #14 finished; elapsed time=5.653
++ Job #15 finished; elapsed time=5.656
8++ Job #13 finished; elapsed time=5.682
++ Job #16 finished; elapsed time=5.688
++ Job #19 finished; elapsed time=5.742
++ Job #17 finished; elapsed time=5.750
++ Job #18 finished; elapsed time=5.756
9.
++ Job #0 waiting for children to finish; elapsed time=5.785
++ Job #0 now finishing up; elapsed time=5.785
++ Smallest FDR q [0 Full_Fstat] = 1.34295e-14
++ Smallest FDR q [2 HealthyPmod#0_Tstat] = 1.00121e-12
++ Smallest FDR q [4 HealthyPmod#1_Tstat] = 7.64878e-05
++ Smallest FDR q [5 HealthyPmod_Fstat] = 1.13448e-12
++ Smallest FDR q [7 UnhealthyPmod#0_Tstat] = 1.26114e-12
++ Smallest FDR q [9 UnhealthyPmod#1_Tstat] = 0.00753506
++ Smallest FDR q [10 UnhealthyPmod_Fstat] = 1.492e-12
++ Smallest FDR q [12 BidsNMiss#0_Tstat] = 2.17157e-14
++ Smallest FDR q [13 BidsNMiss_Fstat] = 2.17154e-14
++ Smallest FDR q [15 HealthyGtRest_GLT#0_Tstat] = 1.00121e-12
++ Smallest FDR q [16 HealthyGtRest_GLT_Fstat] = 1.00116e-12
++ Smallest FDR q [18 HealthyPmod_GLT#0_Tstat] = 7.64878e-05
++ Smallest FDR q [19 HealthyPmod_GLT_Fstat] = 7.64797e-05
++ Smallest FDR q [21 UnhealthyGtRest_GLT#0_Tstat] = 1.26114e-12
++ Smallest FDR q [22 UnhealthyGtRest_GLT_Fstat] = 1.26117e-12
++ Smallest FDR q [24 UnhealthyPmod_GLT#0_Tstat] = 0.00753506
++ Smallest FDR q [25 UnhealthyPmod_GLT_Fstat] = 0.00753535
++ Smallest FDR q [27 HealthyGtUnhealthy_GLT#0_Tstat] = 1.65544e-05
++ Smallest FDR q [28 HealthyGtUnhealthy_GLT_Fstat] = 1.65547e-05
++ Smallest FDR q [30 HealthyGtUnhealthyPmod_GLT#0_Tstat] = 0.012932
++ Smallest FDR q [31 HealthyGtUnhealthyPmod_GLT_Fstat] = 0.0129318
++ Wrote bucket dataset into ./CHIVES1005_2CondPmod_stats+tlrc.BRIK
 + created 21 FDR curves in bucket header
++ Wrote 3D+time dataset into ./CHIVES1005_2CondPmod+tlrc.BRIK
++ Wrote 3D+time dataset into ./CHIVES1005_2CondPmod+tlrc.BRIK
++ Program finished; elapsed time=36.955
++ 3dREMLfit: AFNI version=AFNI_18.2.04 (Jul  6 2018) [64-bit]
++ Authored by: RWCox
** AFNI converts NIFTI_datatype=4 (INT16) in file /projects/sanlab/shared/CHIVES/bids_data/derivatives/fmriprep/sub-CHIVES1005/ses-wave1/func/s6_sub-CHIVES1005_ses-wave1_task-money_bold_space-MNI152NLin2009cAsym_preproc.nii to FLOAT32
     Warnings of this type will be muted for this session.
     Set AFNI_NIFTI_TYPE_WARN to YES to see them all, NO to see none.
++ Number of voxels in mask = 280028
++ Number of OpenMP threads = 15
++ -----  matrix condition (357x15):  4.32651  ++ VERY GOOD ++
++ Loading input dataset into memory
++ Converting input dataset to vector image
 +  dataset = 1.5 billion [giga] bytes
 +  vectim  = 401 million [mega] bytes
++ starting REML setup calculations; total CPU=0.00 Elapsed=4.36
 + X matrix: 88.142% of elements are nonzero
 + starting 15 OpenMP threads for REML setup
 + REML setup finished: matrix rows=357 cols=15; 109*1 cases; total CPU=0.00 Elapsed=4.38
 +  average case bandwidth = 13.00
++ REML voxel loop: [15 threads]0123456789.012
 + ARMA voxel parameters estimated: total CPU=0.00 Elapsed=21.58
++ GLSQ loop:0123456789.0123456789.0123456789.0123456789.0123456789.
 + GLSQ regression done: total CPU=0.00 Elapsed=55.94
++ Output dataset ./CHIVES1005_2CondPmod_stats_REMLvar+tlrc.BRIK
++ Output dataset ./CHIVES1005_2CondPmod_REML+tlrc.BRIK
[7m** ERROR:[0m output dataset name 'CHIVES1005_2CondPmod_REML' conflicts with existing file
[7m** ERROR:[0m dataset NOT written to disk!
++ creating FDR curves in dataset CHIVES1005_2CondPmod_stats_REML+tlrc
++ Smallest FDR q [0 Full_Fstat] = 3.12379e-14
++ Smallest FDR q [2 HealthyPmod#0_Tstat] = 1.35391e-12
[7m*+ WARNING:[0m Smallest FDR q [4 HealthyPmod#1_Tstat] = 0.176463 ==> few true single voxel detections
++ Smallest FDR q [5 HealthyPmod_Fstat] = 1.97684e-12
++ Smallest FDR q [7 UnhealthyPmod#0_Tstat] = 1.32591e-12
++ Smallest FDR q [9 UnhealthyPmod#1_Tstat] = 0.0605686
++ Smallest FDR q [10 UnhealthyPmod_Fstat] = 1.81843e-12
++ Smallest FDR q [12 BidsNMiss#0_Tstat] = 4.60096e-14
++ Smallest FDR q [13 BidsNMiss_Fstat] = 4.60096e-14
++ Smallest FDR q [15 HealthyGtRest#0_Tstat] = 1.35391e-12
++ Smallest FDR q [16 HealthyGtRest_Fstat] = 1.35391e-12
[7m*+ WARNING:[0m Smallest FDR q [18 HealthyPmod#0_Tstat] = 0.176463 ==> few true single voxel detections
[7m*+ WARNING:[0m Smallest FDR q [19 HealthyPmod_Fstat] = 0.176463 ==> few true single voxel detections
++ Smallest FDR q [21 UnhealthyGtRest#0_Tstat] = 1.32591e-12
++ Smallest FDR q [22 UnhealthyGtRest_Fstat] = 1.32591e-12
++ Smallest FDR q [24 UnhealthyPmod#0_Tstat] = 0.0605686
++ Smallest FDR q [25 UnhealthyPmod_Fstat] = 0.0605686
++ Smallest FDR q [27 HealthyGtUnhealthy#0_Tstat] = 0.0293596
++ Smallest FDR q [28 HealthyGtUnhealthy_Fstat] = 0.0293596
[7m*+ WARNING:[0m Smallest FDR q [30 HealthyGtUnhealthyPmod#0_Tstat] = 0.436041 ==> few true single voxel detections
[7m*+ WARNING:[0m Smallest FDR q [31 HealthyGtUnhealthyPmod_Fstat] = 0.436041 ==> few true single voxel detections
 + Added 21 FDR curves to dataset CHIVES1005_2CondPmod_stats_REML+tlrc
++ Output dataset ./CHIVES1005_2CondPmod_stats_REML+tlrc.BRIK
 + unloading input dataset and REML matrices
++ 3dREMLfit is all done! total CPU=0.00 Elapsed=87.01
** AFNI converts NIFTI_datatype=4 (INT16) in file /projects/sanlab/shared/CHIVES/bids_data/derivatives/fmriprep/sub-CHIVES1005/ses-wave1/func/s6_sub-CHIVES1005_ses-wave1_task-money_bold_space-MNI152NLin2009cAsym_preproc.nii to FLOAT32
     Warnings of this type will be muted for this session.
     Set AFNI_NIFTI_TYPE_WARN to YES to see them all, NO to see none.
++ '-stim_times_AM1 3 /projects/sanlab/shared/CHIVES/CHIVES_WTP_scripts/behavioral/money/afni_timing_files/CHIVES1005/BidOnsDur.1D' has 1 auxiliary values per time point
++ '-stim_times_AM1 3': basis function model 'dmBLOCK(1)' uses 1 parameters,
    out of the 1 found in timing file '/projects/sanlab/shared/CHIVES/CHIVES_WTP_scripts/behavioral/money/afni_timing_files/CHIVES1005/BidOnsDur.1D'
++ 3dDeconvolve extending num_stimts from 3 to 7 due to -ortvec
++ 3dDeconvolve: AFNI version=AFNI_18.2.04 (Jul  6 2018) [64-bit]
++ Authored by: B. Douglas Ward, et al.
++ current memory malloc-ated = 265,653 bytes (about 266 thousand [kilo])
++ loading dataset /projects/sanlab/shared/CHIVES/bids_data/derivatives/fmriprep/sub-CHIVES1005/ses-wave1/func/s6_sub-CHIVES1005_ses-wave1_task-money_bold_space-MNI152NLin2009cAsym_preproc.nii
++ current memory malloc-ated = 1,545,414,513 bytes (about 1.5 billion [giga])
++ forcibly using TR=2.0000 seconds for -input dataset
++ Skipping check for initial transients
++ Imaging duration=714.0 s; Automatic polort=5
++ -stim_times using TR=2 s for stimulus timing conversion
++ -stim_times using TR=2 s for any -iresp output datasets
++  [you can alter the -iresp TR via the -TR_times option]
++ ** -stim_times NOTE ** guessing GLOBAL times if 1 time per line; LOCAL otherwise
++ ** GUESSED ** -stim_times 1 using LOCAL times
++ ** GUESSED ** -stim_times 2 using LOCAL times
++ ** GUESSED ** -stim_times_AM1 3 using LOCAL times
------------------------------------------------------------
GLT matrix from 'SYM: Healthy':
   0   0   0   0   0   0   1   0   0   0   0   0   0 
 
------------------------------------------------------------
GLT matrix from 'SYM: Unhealthy':
   0   0   0   0   0   0   0   1   0   0   0   0   0 
 
------------------------------------------------------------
GLT matrix from 'SYM: Healthy -Unhealthy':
   0   0   0   0   0   0   1  -1   0   0   0   0   0 
 
++ Number of time points: 357 (no censoring)
 + Number of parameters:  13 [10 baseline ; 3 signal]
++ total shared memory needed = 3,172,526,620 bytes (about 3.2 billion [giga])
++ current memory malloc-ated = 1,546,542,485 bytes (about 1.5 billion [giga])
++ mmap() memory allocated: 3,172,526,620 bytes (about 3.2 billion [giga])
++ Memory required for output bricks = 3,172,526,620 bytes (about 3.2 billion [giga])
++ Wrote matrix values to file CHIVES1005_2Cond_xmat.1D
++ ========= Things you can do with the matrix file =========
++ (a) Linear regression with ARMA(1,1) modeling of serial correlation:

3dREMLfit -matrix CHIVES1005_2Cond_xmat.1D -input /projects/sanlab/shared/CHIVES/bids_data/derivatives/fmriprep/sub-CHIVES1005/ses-wave1/func/s6_sub-CHIVES1005_ses-wave1_task-money_bold_space-MNI152NLin2009cAsym_preproc.nii \
 -mask /projects/sanlab/shared/CHIVES/bids_data/derivatives/fmriprep/sub-CHIVES1005/ses-wave1/func/sub-CHIVES1005_ses-wave1_task-money_bold_space-MNI152NLin2009cAsym_brainmask.nii.gz \
 -fout -tout -Rbuck CHIVES1005_2Cond_stats_REML -Rvar CHIVES1005_2Cond_stats_REMLvar \
 -Rfitts CHIVES1005_2Cond_REML -Rerrts CHIVES1005_2Cond_REML -verb
 
++ N.B.: 3dREMLfit command above written to file CHIVES1005_2Cond_stats.REML_cmd
++ (b) Visualization/analysis of the matrix via ExamineXmat.R
++ (c) Synthesis of sub-model datasets using 3dSynthesize
++ ==========================================================
++ Wrote matrix values to file CHIVES1005_2Cond_uncensor_xmat.1D
++ ----- Signal+Baseline matrix condition [X] (357x13):  4.28707  ++ VERY GOOD ++
++ ----- Signal-only matrix condition [X] (357x3):  1.5582  ++ VERY GOOD ++
++ ----- Baseline-only matrix condition [X] (357x10):  4.25065  ++ VERY GOOD ++
++ ----- stim_base-only matrix condition [X] (357x4):  1.92334  ++ VERY GOOD ++
++ ----- polort-only matrix condition [X] (357x6):  1.01526  ++ VERY GOOD ++
++ +++++ Matrix inverse average error = 2.92176e-15  ++ VERY GOOD ++
++ Matrix setup time = 0.01 s
++ Voxels in dataset: 1082035
++ Voxels in mask:    280028
++ Voxels per job:    14001
++ Job #1: processing voxels 185397 to 248284; elapsed time=4.193
++ Job #2: processing voxels 248285 to 293743; elapsed time=4.210
++ Job #3: processing voxels 293744 to 328712; elapsed time=4.227
++ Job #4: processing voxels 328713 to 360884; elapsed time=4.244
++ Job #5: processing voxels 360885 to 388341; elapsed time=4.262
++ Job #6: processing voxels 388342 to 418277; elapsed time=4.280
++ Job #7: processing voxels 418278 to 447616; elapsed time=4.298
++ Job #8: processing voxels 447617 to 474249; elapsed time=4.316
++ Job #9: processing voxels 474250 to 503571; elapsed time=4.334
++ Job #10: processing voxels 503572 to 530349; elapsed time=4.352
++ Job #11: processing voxels 530350 to 560775; elapsed time=4.370
++ Job #12: processing voxels 560776 to 587881; elapsed time=4.389
++ Job #13: processing voxels 587882 to 619471; elapsed time=4.421
++ Job #14: processing voxels 619472 to 652245; elapsed time=4.426
++ Job #15: processing voxels 652246 to 686257; elapsed time=4.459
++ Job #16: processing voxels 686258 to 722517; elapsed time=4.478
++ Job #17: processing voxels 722518 to 766063; elapsed time=4.497
++ Job #18: processing voxels 766064 to 821346; elapsed time=4.502
++ Job #0: processing voxels 0 to 185396; elapsed time=4.535
++ voxel loop:0++ Job #19: processing voxels 821347 to 1082034; elapsed time=4.538
123456789.0123456789.0123456789.0123++ Job #1 finished; elapsed time=5.198
++ Job #2 finished; elapsed time=5.214
++ Job #3 finished; elapsed time=5.217
++ Job #5 finished; elapsed time=5.238
45++ Job #7 finished; elapsed time=5.272
6++ Job #10 finished; elapsed time=5.278
++ Job #9 finished; elapsed time=5.297
++ Job #11 finished; elapsed time=5.334
789.++ Job #14 finished; elapsed time=5.393
01++ Job #13 finished; elapsed time=5.444
++ Job #16 finished; elapsed time=5.447
2++ Job #6 finished; elapsed time=5.495
++ Job #18 finished; elapsed time=5.500
34++ Job #4 finished; elapsed time=5.590
5++ Job #8 finished; elapsed time=5.655
678++ Job #12 finished; elapsed time=5.737
++ Job #17 finished; elapsed time=5.740
++ Job #15 finished; elapsed time=5.796
9.
++ Job #0 waiting for children to finish; elapsed time=5.828
++ Job #19 finished; elapsed time=5.876
++ Job #0 now finishing up; elapsed time=5.888
++ Smallest FDR q [0 Full_Fstat] = 1.27985e-14
++ Smallest FDR q [2 Healthy#0_Tstat] = 1.00617e-12
++ Smallest FDR q [3 Healthy_Fstat] = 1.00625e-12
++ Smallest FDR q [5 Unhealthy#0_Tstat] = 1.2615e-12
++ Smallest FDR q [6 Unhealthy_Fstat] = 1.26145e-12
++ Smallest FDR q [8 BidsNMiss#0_Tstat] = 2.1658e-14
++ Smallest FDR q [9 BidsNMiss_Fstat] = 2.16575e-14
++ Smallest FDR q [11 HealthyGtRest_GLT#0_Tstat] = 1.00617e-12
++ Smallest FDR q [12 HealthyGtRest_GLT_Fstat] = 1.00628e-12
++ Smallest FDR q [14 UnhealthyGtRest_GLT#0_Tstat] = 1.2615e-12
++ Smallest FDR q [15 UnhealthyGtRest_GLT_Fstat] = 1.26148e-12
++ Smallest FDR q [17 HealthyGtUnhealthy_GLT#0_Tstat] = 3.99761e-05
++ Smallest FDR q [18 HealthyGtUnhealthy_GLT_Fstat] = 3.99758e-05
++ Wrote bucket dataset into ./CHIVES1005_2Cond_stats+tlrc.BRIK
 + created 13 FDR curves in bucket header
++ Wrote 3D+time dataset into ./CHIVES1005_2Cond+tlrc.BRIK
++ Wrote 3D+time dataset into ./CHIVES1005_2Cond+tlrc.BRIK
++ Program finished; elapsed time=24.810
++ 3dREMLfit: AFNI version=AFNI_18.2.04 (Jul  6 2018) [64-bit]
++ Authored by: RWCox
** AFNI converts NIFTI_datatype=4 (INT16) in file /projects/sanlab/shared/CHIVES/bids_data/derivatives/fmriprep/sub-CHIVES1005/ses-wave1/func/s6_sub-CHIVES1005_ses-wave1_task-money_bold_space-MNI152NLin2009cAsym_preproc.nii to FLOAT32
     Warnings of this type will be muted for this session.
     Set AFNI_NIFTI_TYPE_WARN to YES to see them all, NO to see none.
++ Number of voxels in mask = 280028
++ Number of OpenMP threads = 15
++ -----  matrix condition (357x13):  4.28707  ++ VERY GOOD ++
++ Loading input dataset into memory
++ Converting input dataset to vector image
 +  dataset = 1.5 billion [giga] bytes
 +  vectim  = 401 million [mega] bytes
++ starting REML setup calculations; total CPU=0.00 Elapsed=4.48
 + X matrix: 93.622% of elements are nonzero
 + starting 15 OpenMP threads for REML setup
 + REML setup finished: matrix rows=357 cols=13; 109*1 cases; total CPU=0.00 Elapsed=4.50
 +  average case bandwidth = 13.00
++ REML voxel loop: [15 threads]0123456789.012
 + ARMA voxel parameters estimated: total CPU=0.00 Elapsed=21.11
++ GLSQ loop:0123456789.0123456789.0123456789.0123456789.0123456789.
 + GLSQ regression done: total CPU=0.00 Elapsed=48.22
++ Output dataset ./CHIVES1005_2Cond_stats_REMLvar+tlrc.BRIK
++ Output dataset ./CHIVES1005_2Cond_REML+tlrc.BRIK
[7m** ERROR:[0m output dataset name 'CHIVES1005_2Cond_REML' conflicts with existing file
[7m** ERROR:[0m dataset NOT written to disk!
++ creating FDR curves in dataset CHIVES1005_2Cond_stats_REML+tlrc
++ Smallest FDR q [0 Full_Fstat] = 2.45832e-14
++ Smallest FDR q [2 Healthy#0_Tstat] = 1.37301e-12
++ Smallest FDR q [3 Healthy_Fstat] = 1.37301e-12
++ Smallest FDR q [5 Unhealthy#0_Tstat] = 1.32826e-12
++ Smallest FDR q [6 Unhealthy_Fstat] = 1.32826e-12
++ Smallest FDR q [8 BidsNMiss#0_Tstat] = 4.49645e-14
++ Smallest FDR q [9 BidsNMiss_Fstat] = 4.49645e-14
++ Smallest FDR q [11 HealthyGtRest#0_Tstat] = 1.37301e-12
++ Smallest FDR q [12 HealthyGtRest_Fstat] = 1.37301e-12
++ Smallest FDR q [14 UnhealthyGtRest#0_Tstat] = 1.32826e-12
++ Smallest FDR q [15 UnhealthyGtRest_Fstat] = 1.32826e-12
++ Smallest FDR q [17 HealthyGtUnhealthy#0_Tstat] = 0.0254009
++ Smallest FDR q [18 HealthyGtUnhealthy_Fstat] = 0.0254009
 + Added 13 FDR curves to dataset CHIVES1005_2Cond_stats_REML+tlrc
++ Output dataset ./CHIVES1005_2Cond_stats_REML+tlrc.BRIK
 + unloading input dataset and REML matrices
++ 3dREMLfit is all done! total CPU=0.00 Elapsed=67.35
