
Covariates will be centered around their respective means
Beta Filenames: /projects/sanlab/shared/CHIVES/nonbids_data/fMRI/fx/models/money/afni/CHIVES1001/CHIVES1001_AllCondPmod_stats_REML+tlrc.HEAD[Pmod#0_Coef]/projects/sanlab/shared/CHIVES/nonbids_data/fMRI/fx/models/money/afni/CHIVES1002/CHIVES1002_AllCondPmod_stats_REML+tlrc.HEAD[Pmod#0_Coef]/projects/sanlab/shared/CHIVES/nonbids_data/fMRI/fx/models/money/afni/CHIVES1003/CHIVES1003_AllCondPmod_stats_REML+tlrc.HEAD[Pmod#0_Coef]/projects/sanlab/shared/CHIVES/nonbids_data/fMRI/fx/models/money/afni/CHIVES1004/CHIVES1004_AllCondPmod_stats_REML+tlrc.HEAD[Pmod#0_Coef]/projects/sanlab/shared/CHIVES/nonbids_data/fMRI/fx/models/money/afni/CHIVES1005/CHIVES1005_AllCondPmod_stats_REML+tlrc.HEAD[Pmod#0_Coef]/projects/sanlab/shared/CHIVES/nonbids_data/fMRI/fx/models/money/afni/CHIVES1006/CHIVES1006_AllCondPmod_stats_REML+tlrc.HEAD[Pmod#0_Coef]/projects/sanlab/shared/CHIVES/nonbids_data/fMRI/fx/models/money/afni/CHIVES1007/CHIVES1007_AllCondPmod_stats_REML+tlrc.HEAD[Pmod#0_Coef]/projects/sanlab/shared/CHIVES/nonbids_data/fMRI/fx/models/money/afni/CHIVES1008/CHIVES1008_AllCondPmod_stats_REML+tlrc.HEAD[Pmod#0_Coef]/projects/sanlab/shared/CHIVES/nonbids_data/fMRI/fx/models/money/afni/CHIVES1009/CHIVES1009_AllCondPmod_stats_REML+tlrc.HEAD[Pmod#0_Coef]/projects/sanlab/shared/CHIVES/nonbids_data/fMRI/fx/models/money/afni/CHIVES1010/CHIVES1010_AllCondPmod_stats_REML+tlrc.HEAD[Pmod#0_Coef]/projects/sanlab/shared/CHIVES/nonbids_data/fMRI/fx/models/money/afni/CHIVES1011/CHIVES1011_AllCondPmod_stats_REML+tlrc.HEAD[Pmod#0_Coef]/projects/sanlab/shared/CHIVES/nonbids_data/fMRI/fx/models/money/afni/CHIVES1012/CHIVES1012_AllCondPmod_stats_REML+tlrc.HEAD[Pmod#0_Coef]/projects/sanlab/shared/CHIVES/nonbids_data/fMRI/fx/models/money/afni/CHIVES1013/CHIVES1013_AllCondPmod_stats_REML+tlrc.HEAD[Pmod#0_Coef]/projects/sanlab/shared/CHIVES/nonbids_data/fMRI/fx/models/money/afni/CHIVES1014/CHIVES1014_AllCondPmod_stats_REML+tlrc.HEAD[Pmod#0_Coef]/projects/sanlab/shared/CHIVES/nonbids_data/fMRI/fx/models/money/afni/CHIVES1016/CHIVES1016_AllCondPmod_stats_REML+tlrc.HEAD[Pmod#0_Coef]/projects/sanlab/shared/CHIVES/nonbids_data/fMRI/fx/models/money/afni/CHIVES1017/CHIVES1017_AllCondPmod_stats_REML+tlrc.HEAD[Pmod#0_Coef]/projects/sanlab/shared/CHIVES/nonbids_data/fMRI/fx/models/money/afni/CHIVES1018/CHIVES1018_AllCondPmod_stats_REML+tlrc.HEAD[Pmod#0_Coef]/projects/sanlab/shared/CHIVES/nonbids_data/fMRI/fx/models/money/afni/CHIVES1019/CHIVES1019_AllCondPmod_stats_REML+tlrc.HEAD[Pmod#0_Coef]/projects/sanlab/shared/CHIVES/nonbids_data/fMRI/fx/models/money/afni/CHIVES1020/CHIVES1020_AllCondPmod_stats_REML+tlrc.HEAD[Pmod#0_Coef]/projects/sanlab/shared/CHIVES/nonbids_data/fMRI/fx/models/money/afni/CHIVES1021/CHIVES1021_AllCondPmod_stats_REML+tlrc.HEAD[Pmod#0_Coef]/projects/sanlab/shared/CHIVES/nonbids_data/fMRI/fx/models/money/afni/CHIVES1022/CHIVES1022_AllCondPmod_stats_REML+tlrc.HEAD[Pmod#0_Coef]/projects/sanlab/shared/CHIVES/nonbids_data/fMRI/fx/models/money/afni/CHIVES1023/CHIVES1023_AllCondPmod_stats_REML+tlrc.HEAD[Pmod#0_Coef]/projects/sanlab/shared/CHIVES/nonbids_data/fMRI/fx/models/money/afni/CHIVES1024/CHIVES1024_AllCondPmod_stats_REML+tlrc.HEAD[Pmod#0_Coef]/projects/sanlab/shared/CHIVES/nonbids_data/fMRI/fx/models/money/afni/CHIVES1025/CHIVES1025_AllCondPmod_stats_REML+tlrc.HEAD[Pmod#0_Coef]/projects/sanlab/shared/CHIVES/nonbids_data/fMRI/fx/models/money/afni/CHIVES1026/CHIVES1026_AllCondPmod_stats_REML+tlrc.HEAD[Pmod#0_Coef]/projects/sanlab/shared/CHIVES/nonbids_data/fMRI/fx/models/money/afni/CHIVES1027/CHIVES1027_AllCondPmod_stats_REML+tlrc.HEAD[Pmod#0_Coef]/projects/sanlab/shared/CHIVES/nonbids_data/fMRI/fx/models/money/afni/CHIVES1029/CHIVES1029_AllCondPmod_stats_REML+tlrc.HEAD[Pmod#0_Coef]/projects/sanlab/shared/CHIVES/nonbids_data/fMRI/fx/models/money/afni/CHIVES1030/CHIVES1030_AllCondPmod_stats_REML+tlrc.HEAD[Pmod#0_Coef]/projects/sanlab/shared/CHIVES/nonbids_data/fMRI/fx/models/money/afni/CHIVES1031/CHIVES1031_AllCondPmod_stats_REML+tlrc.HEAD[Pmod#0_Coef]/projects/sanlab/shared/CHIVES/nonbids_data/fMRI/fx/models/money/afni/CHIVES1032/CHIVES1032_AllCondPmod_stats_REML+tlrc.HEAD[Pmod#0_Coef]/projects/sanlab/shared/CHIVES/nonbids_data/fMRI/fx/models/money/afni/CHIVES1033/CHIVES1033_AllCondPmod_stats_REML+tlrc.HEAD[Pmod#0_Coef]/projects/sanlab/shared/CHIVES/nonbids_data/fMRI/fx/models/money/afni/CHIVES1034/CHIVES1034_AllCondPmod_stats_REML+tlrc.HEAD[Pmod#0_Coef]/projects/sanlab/shared/CHIVES/nonbids_data/fMRI/fx/models/money/afni/CHIVES1035/CHIVES1035_AllCondPmod_stats_REML+tlrc.HEAD[Pmod#0_Coef]/projects/sanlab/shared/CHIVES/nonbids_data/fMRI/fx/models/money/afni/CHIVES1036/CHIVES1036_AllCondPmod_stats_REML+tlrc.HEAD[Pmod#0_Coef]/projects/sanlab/shared/CHIVES/nonbids_data/fMRI/fx/models/money/afni/CHIVES1037/CHIVES1037_AllCondPmod_stats_REML+tlrc.HEAD[Pmod#0_Coef]/projects/sanlab/shared/CHIVES/nonbids_data/fMRI/fx/models/money/afni/CHIVES1038/CHIVES1038_AllCondPmod_stats_REML+tlrc.HEAD[Pmod#0_Coef]/projects/sanlab/shared/CHIVES/nonbids_data/fMRI/fx/models/money/afni/CHIVES1041/CHIVES1041_AllCondPmod_stats_REML+tlrc.HEAD[Pmod#0_Coef]/projects/sanlab/shared/CHIVES/nonbids_data/fMRI/fx/models/money/afni/CHIVES1042/CHIVES1042_AllCondPmod_stats_REML+tlrc.HEAD[Pmod#0_Coef]/projects/sanlab/shared/CHIVES/nonbids_data/fMRI/fx/models/money/afni/CHIVES1043/CHIVES1043_AllCondPmod_stats_REML+tlrc.HEAD[Pmod#0_Coef]/projects/sanlab/shared/CHIVES/nonbids_data/fMRI/fx/models/money/afni/CHIVES1044/CHIVES1044_AllCondPmod_stats_REML+tlrc.HEAD[Pmod#0_Coef]/projects/sanlab/shared/CHIVES/nonbids_data/fMRI/fx/models/money/afni/CHIVES1045/CHIVES1045_AllCondPmod_stats_REML+tlrc.HEAD[Pmod#0_Coef]/projects/sanlab/shared/CHIVES/nonbids_data/fMRI/fx/models/money/afni/CHIVES1046/CHIVES1046_AllCondPmod_stats_REML+tlrc.HEAD[Pmod#0_Coef]/projects/sanlab/shared/CHIVES/nonbids_data/fMRI/fx/models/money/afni/CHIVES1047/CHIVES1047_AllCondPmod_stats_REML+tlrc.HEAD[Pmod#0_Coef]/projects/sanlab/shared/CHIVES/nonbids_data/fMRI/fx/models/money/afni/CHIVES1048/CHIVES1048_AllCondPmod_stats_REML+tlrc.HEAD[Pmod#0_Coef]/projects/sanlab/shared/CHIVES/nonbids_data/fMRI/fx/models/money/afni/CHIVES1049/CHIVES1049_AllCondPmod_stats_REML+tlrc.HEAD[Pmod#0_Coef]/projects/sanlab/shared/CHIVES/nonbids_data/fMRI/fx/models/money/afni/CHIVES1050/CHIVES1050_AllCondPmod_stats_REML+tlrc.HEAD[Pmod#0_Coef]/projects/sanlab/shared/CHIVES/nonbids_data/fMRI/fx/models/money/afni/CHIVES1051/CHIVES1051_AllCondPmod_stats_REML+tlrc.HEAD[Pmod#0_Coef]/projects/sanlab/shared/CHIVES/nonbids_data/fMRI/fx/models/money/afni/CHIVES1052/CHIVES1052_AllCondPmod_stats_REML+tlrc.HEAD[Pmod#0_Coef]/projects/sanlab/shared/CHIVES/nonbids_data/fMRI/fx/models/money/afni/CHIVES1053/CHIVES1053_AllCondPmod_stats_REML+tlrc.HEAD[Pmod#0_Coef]/projects/sanlab/shared/CHIVES/nonbids_data/fMRI/fx/models/money/afni/CHIVES1054/CHIVES1054_AllCondPmod_stats_REML+tlrc.HEAD[Pmod#0_Coef]/projects/sanlab/shared/CHIVES/nonbids_data/fMRI/fx/models/money/afni/CHIVES1055/CHIVES1055_AllCondPmod_stats_REML+tlrc.HEAD[Pmod#0_Coef]/projects/sanlab/shared/CHIVES/nonbids_data/fMRI/fx/models/money/afni/CHIVES1056/CHIVES1056_AllCondPmod_stats_REML+tlrc.HEAD[Pmod#0_Coef]/projects/sanlab/shared/CHIVES/nonbids_data/fMRI/fx/models/money/afni/CHIVES1057/CHIVES1057_AllCondPmod_stats_REML+tlrc.HEAD[Pmod#0_Coef]/projects/sanlab/shared/CHIVES/nonbids_data/fMRI/fx/models/money/afni/CHIVES1058/CHIVES1058_AllCondPmod_stats_REML+tlrc.HEAD[Pmod#0_Coef]/projects/sanlab/shared/CHIVES/nonbids_data/fMRI/fx/models/money/afni/CHIVES1059/CHIVES1059_AllCondPmod_stats_REML+tlrc.HEAD[Pmod#0_Coef]/projects/sanlab/shared/CHIVES/nonbids_data/fMRI/fx/models/money/afni/CHIVES1060/CHIVES1060_AllCondPmod_stats_REML+tlrc.HEAD[Pmod#0_Coef]/projects/sanlab/shared/CHIVES/nonbids_data/fMRI/fx/models/money/afni/CHIVES1061/CHIVES1061_AllCondPmod_stats_REML+tlrc.HEAD[Pmod#0_Coef]/projects/sanlab/shared/CHIVES/nonbids_data/fMRI/fx/models/money/afni/CHIVES1062/CHIVES1062_AllCondPmod_stats_REML+tlrc.HEAD[Pmod#0_Coef]/projects/sanlab/shared/CHIVES/nonbids_data/fMRI/fx/models/money/afni/CHIVES1063/CHIVES1063_AllCondPmod_stats_REML+tlrc.HEAD[Pmod#0_Coef]/projects/sanlab/shared/CHIVES/nonbids_data/fMRI/fx/models/money/afni/CHIVES1064/CHIVES1064_AllCondPmod_stats_REML+tlrc.HEAD[Pmod#0_Coef]/projects/sanlab/shared/CHIVES/nonbids_data/fMRI/fx/models/money/afni/CHIVES1065/CHIVES1065_AllCondPmod_stats_REML+tlrc.HEAD[Pmod#0_Coef]/projects/sanlab/shared/CHIVES/nonbids_data/fMRI/fx/models/money/afni/CHIVES1066/CHIVES1066_AllCondPmod_stats_REML+tlrc.HEAD[Pmod#0_Coef]/projects/sanlab/shared/CHIVES/nonbids_data/fMRI/fx/models/money/afni/CHIVES1068/CHIVES1068_AllCondPmod_stats_REML+tlrc.HEAD[Pmod#0_Coef]/projects/sanlab/shared/CHIVES/nonbids_data/fMRI/fx/models/money/afni/CHIVES1069/CHIVES1069_AllCondPmod_stats_REML+tlrc.HEAD[Pmod#0_Coef]/projects/sanlab/shared/CHIVES/nonbids_data/fMRI/fx/models/money/afni/CHIVES1070/CHIVES1070_AllCondPmod_stats_REML+tlrc.HEAD[Pmod#0_Coef]/projects/sanlab/shared/CHIVES/nonbids_data/fMRI/fx/models/money/afni/CHIVES1071/CHIVES1071_AllCondPmod_stats_REML+tlrc.HEAD[Pmod#0_Coef]/projects/sanlab/shared/CHIVES/nonbids_data/fMRI/fx/models/money/afni/CHIVES1072/CHIVES1072_AllCondPmod_stats_REML+tlrc.HEAD[Pmod#0_Coef]/projects/sanlab/shared/CHIVES/nonbids_data/fMRI/fx/models/money/afni/CHIVES1073/CHIVES1073_AllCondPmod_stats_REML+tlrc.HEAD[Pmod#0_Coef]/projects/sanlab/shared/CHIVES/nonbids_data/fMRI/fx/models/money/afni/CHIVES1074/CHIVES1074_AllCondPmod_stats_REML+tlrc.HEAD[Pmod#0_Coef]/projects/sanlab/shared/CHIVES/nonbids_data/fMRI/fx/models/money/afni/CHIVES1076/CHIVES1076_AllCondPmod_stats_REML+tlrc.HEAD[Pmod#0_Coef]/projects/sanlab/shared/CHIVES/nonbids_data/fMRI/fx/models/money/afni/CHIVES1077/CHIVES1077_AllCondPmod_stats_REML+tlrc.HEAD[Pmod#0_Coef]/projects/sanlab/shared/CHIVES/nonbids_data/fMRI/fx/models/money/afni/CHIVES1078/CHIVES1078_AllCondPmod_stats_REML+tlrc.HEAD[Pmod#0_Coef]/projects/sanlab/shared/CHIVES/nonbids_data/fMRI/fx/models/money/afni/CHIVES1079/CHIVES1079_AllCondPmod_stats_REML+tlrc.HEAD[Pmod#0_Coef]/projects/sanlab/shared/CHIVES/nonbids_data/fMRI/fx/models/money/afni/CHIVES1080/CHIVES1080_AllCondPmod_stats_REML+tlrc.HEAD[Pmod#0_Coef]/projects/sanlab/shared/CHIVES/nonbids_data/fMRI/fx/models/money/afni/CHIVES1081/CHIVES1081_AllCondPmod_stats_REML+tlrc.HEAD[Pmod#0_Coef]/projects/sanlab/shared/CHIVES/nonbids_data/fMRI/fx/models/money/afni/CHIVES1083/CHIVES1083_AllCondPmod_stats_REML+tlrc.HEAD[Pmod#0_Coef]/projects/sanlab/shared/CHIVES/nonbids_data/fMRI/fx/models/money/afni/CHIVES1084/CHIVES1084_AllCondPmod_stats_REML+tlrc.HEAD[Pmod#0_Coef]/projects/sanlab/shared/CHIVES/nonbids_data/fMRI/fx/models/money/afni/CHIVES1085/CHIVES1085_AllCondPmod_stats_REML+tlrc.HEAD[Pmod#0_Coef]/projects/sanlab/shared/CHIVES/nonbids_data/fMRI/fx/models/money/afni/CHIVES1087/CHIVES1087_AllCondPmod_stats_REML+tlrc.HEAD[Pmod#0_Coef]/projects/sanlab/shared/CHIVES/nonbids_data/fMRI/fx/models/money/afni/CHIVES1088/CHIVES1088_AllCondPmod_stats_REML+tlrc.HEAD[Pmod#0_Coef]/projects/sanlab/shared/CHIVES/nonbids_data/fMRI/fx/models/money/afni/CHIVES1089/CHIVES1089_AllCondPmod_stats_REML+tlrc.HEAD[Pmod#0_Coef]/projects/sanlab/shared/CHIVES/nonbids_data/fMRI/fx/models/money/afni/CHIVES1090/CHIVES1090_AllCondPmod_stats_REML+tlrc.HEAD[Pmod#0_Coef]/projects/sanlab/shared/CHIVES/nonbids_data/fMRI/fx/models/money/afni/CHIVES1091/CHIVES1091_AllCondPmod_stats_REML+tlrc.HEAD[Pmod#0_Coef]/projects/sanlab/shared/CHIVES/nonbids_data/fMRI/fx/models/money/afni/CHIVES1092/CHIVES1092_AllCondPmod_stats_REML+tlrc.HEAD[Pmod#0_Coef]/projects/sanlab/shared/CHIVES/nonbids_data/fMRI/fx/models/money/afni/CHIVES1094/CHIVES1094_AllCondPmod_stats_REML+tlrc.HEAD[Pmod#0_Coef]/projects/sanlab/shared/CHIVES/nonbids_data/fMRI/fx/models/money/afni/CHIVES1095/CHIVES1095_AllCondPmod_stats_REML+tlrc.HEAD[Pmod#0_Coef]/projects/sanlab/shared/CHIVES/nonbids_data/fMRI/fx/models/money/afni/CHIVES1096/CHIVES1096_AllCondPmod_stats_REML+tlrc.HEAD[Pmod#0_Coef]/projects/sanlab/shared/CHIVES/nonbids_data/fMRI/fx/models/money/afni/CHIVES1097/CHIVES1097_AllCondPmod_stats_REML+tlrc.HEAD[Pmod#0_Coef]/projects/sanlab/shared/CHIVES/nonbids_data/fMRI/fx/models/money/afni/CHIVES1098/CHIVES1098_AllCondPmod_stats_REML+tlrc.HEAD[Pmod#0_Coef]/projects/sanlab/shared/CHIVES/nonbids_data/fMRI/fx/models/money/afni/CHIVES1100/CHIVES1100_AllCondPmod_stats_REML+tlrc.HEAD[Pmod#0_Coef]/projects/sanlab/shared/CHIVES/nonbids_data/fMRI/fx/models/money/afni/CHIVES1102/CHIVES1102_AllCondPmod_stats_REML+tlrc.HEAD[Pmod#0_Coef]/projects/sanlab/shared/CHIVES/nonbids_data/fMRI/fx/models/money/afni/CHIVES1103/CHIVES1103_AllCondPmod_stats_REML+tlrc.HEAD[Pmod#0_Coef]/projects/sanlab/shared/CHIVES/nonbids_data/fMRI/fx/models/money/afni/CHIVES1105/CHIVES1105_AllCondPmod_stats_REML+tlrc.HEAD[Pmod#0_Coef] 
Have lop$KHtest TRUE 
have lop$maskFN /projects/sanlab/shared/CHIVES/nonbids_data/fMRI/rx/money/code/MNI152_T1_2mm_brain_mask.nii 
Will read  /projects/sanlab/shared/CHIVES/nonbids_data/fMRI/rx/money/code/MNI152_T1_2mm_brain_mask.nii 
Done read  /projects/sanlab/shared/CHIVES/nonbids_data/fMRI/rx/money/code/MNI152_T1_2mm_brain_mask.nii 
have lop$covFN= /projects/sanlab/shared/CHIVES/CHIVES_WTP_scripts/fMRI/rx/money/covariates.txt BMI 
Have lop$centerType 0 
Have lop$lapMod 1 
Have lop$resZout 0 
Writing xMat to BMIxAllPmod_MEMA.RxMat 
[1] "-----------------"
[1] "Totally 97 slices in the volume data."
[1] "Starting to analyze data slice-wise. Running progression shown below:"
[1] "-----------------"
Loading required package: snow
Package snow loaded successfully!

Z slice # 1 done:  11/11/19 23:43:58.368 
Z slice # 2 done:  11/11/19 23:43:58.590 
Z slice # 3 done:  11/11/19 23:43:58.794 
Z slice # 4 done:  11/11/19 23:43:59.341 
Z slice # 5 done:  11/11/19 23:43:59.669 
Z slice # 6 done:  11/11/19 23:43:59.954 
Z slice # 7 done:  11/11/19 23:44:00.275 
Z slice # 8 done:  11/11/19 23:44:02.858 
Z slice # 9 done:  11/11/19 23:44:08.057 
Z slice # 10 done:  11/11/19 23:44:19.661 
Z slice # 11 done:  11/11/19 23:44:43.216 
Z slice # 12 done:  11/11/19 23:45:16.496 
Z slice # 13 done:  11/11/19 23:45:56.697 
Z slice # 14 done:  11/11/19 23:46:43.853 
Z slice # 15 done:  11/11/19 23:47:38.533 
Z slice # 16 done:  11/11/19 23:48:43.640 
Z slice # 17 done:  11/11/19 23:49:56.520 
Z slice # 18 done:  11/11/19 23:51:16.561 
Z slice # 19 done:  11/11/19 23:52:44.563 
Z slice # 20 done:  11/11/19 23:54:22.123 
Z slice # 21 done:  11/11/19 23:56:05.517 
Z slice # 22 done:  11/11/19 23:57:57.186 
Z slice # 23 done:  11/11/19 23:59:57.262 
Z slice # 24 done:  11/12/19 00:02:05.308 
Z slice # 25 done:  11/12/19 00:04:21.877 
Z slice # 26 done:  11/12/19 00:06:49.780 
Z slice # 27 done:  11/12/19 00:09:24.370 
Z slice # 28 done:  11/12/19 00:12:17.396 
Z slice # 29 done:  11/12/19 00:15:26.868 
Z slice # 30 done:  11/12/19 00:18:51.324 
Z slice # 31 done:  11/12/19 00:22:38.516 
Z slice # 32 done:  11/12/19 00:26:40.537 
Z slice # 33 done:  11/12/19 00:30:54.148 
Z slice # 34 done:  11/12/19 00:35:18.660 
Z slice # 35 done:  11/12/19 00:39:47.836 
Z slice # 36 done:  11/12/19 00:44:19.134 
Z slice # 37 done:  11/12/19 00:48:54.543 
Z slice # 38 done:  11/12/19 00:53:23.934 
Z slice # 39 done:  11/12/19 00:58:01.705 
Z slice # 40 done:  11/12/19 01:02:49.063 
Z slice # 41 done:  11/12/19 01:07:31.661 
Z slice # 42 done:  11/12/19 01:12:13.492 
Z slice # 43 done:  11/12/19 01:16:51.283 
Z slice # 44 done:  11/12/19 01:21:23.480 
Z slice # 45 done:  11/12/19 01:26:05.158 
Z slice # 46 done:  11/12/19 01:30:51.767 
Z slice # 47 done:  11/12/19 01:35:21.413 
Z slice # 48 done:  11/12/19 01:39:41.347 
Z slice # 49 done:  11/12/19 01:43:55.641 
Z slice # 50 done:  11/12/19 01:48:17.565 
Z slice # 51 done:  11/12/19 01:52:48.364 
Z slice # 52 done:  11/12/19 01:57:18.560 
Z slice # 53 done:  11/12/19 02:01:55.110 
Z slice # 54 done:  11/12/19 02:06:37.159 
Z slice # 55 done:  11/12/19 02:11:17.517 
Z slice # 56 done:  11/12/19 02:15:49.432 
Z slice # 57 done:  11/12/19 02:20:11.124 
Z slice # 58 done:  11/12/19 02:24:37.192 
Z slice # 59 done:  11/12/19 02:29:06.198 
Z slice # 60 done:  11/12/19 02:33:36.198 
Z slice # 61 done:  11/12/19 02:37:54.638 
Z slice # 62 done:  11/12/19 02:41:57.442 
Z slice # 63 done:  11/12/19 02:45:45.846 
Z slice # 64 done:  11/12/19 02:49:29.855 
Z slice # 65 done:  11/12/19 02:53:09.161 
Z slice # 66 done:  11/12/19 02:56:40.600 
Z slice # 67 done:  11/12/19 03:00:03.420 
Z slice # 68 done:  11/12/19 03:03:17.922 
Z slice # 69 done:  11/12/19 03:06:24.229 
Z slice # 70 done:  11/12/19 03:09:14.056 
Z slice # 71 done:  11/12/19 03:11:47.902 
Z slice # 72 done:  11/12/19 03:14:09.855 
Z slice # 73 done:  11/12/19 03:16:09.218 
Z slice # 74 done:  11/12/19 03:17:52.686 
Z slice # 75 done:  11/12/19 03:19:15.144 
Z slice # 76 done:  11/12/19 03:20:13.898 
Z slice # 77 done:  11/12/19 03:20:59.018 
Z slice # 78 done:  11/12/19 03:21:25.442 
Z slice # 79 done:  11/12/19 03:21:39.531 
Z slice # 80 done:  11/12/19 03:21:42.193 
Z slice # 81 done:  11/12/19 03:21:42.381 
Z slice # 82 done:  11/12/19 03:21:42.593 
Z slice # 83 done:  11/12/19 03:21:42.800 
Z slice # 84 done:  11/12/19 03:21:43.016 
Z slice # 85 done:  11/12/19 03:21:43.202 
Z slice # 86 done:  11/12/19 03:21:43.394 
Z slice # 87 done:  11/12/19 03:21:43.629 
Z slice # 88 done:  11/12/19 03:21:43.850 
Z slice # 89 done:  11/12/19 03:21:44.052 
Z slice # 90 done:  11/12/19 03:21:44.266 
Z slice # 91 done:  11/12/19 03:21:44.520 
Z slice # 92 done:  11/12/19 03:21:44.734 
Z slice # 93 done:  11/12/19 03:21:44.919 
Z slice # 94 done:  11/12/19 03:21:45.140 
Z slice # 95 done:  11/12/19 03:21:45.358 
Z slice # 96 done:  11/12/19 03:21:45.557 
Z slice # 97 done:  11/12/19 03:21:45.737 
[1] "Analysis finished: 11/12/19 03:21:45.739"
[1] "#++++++++++++++++++++++++++++++++++++++++++++"
outLabel Pmod:b Pmod:t BMI:b BMI:t tau^2 QE:Chisq 
 Writing results to BMIxAllPmod_MEMA+orig 
++ Smallest FDR q [1 Pmod:t] = 5.32234e-13
[7m*+ WARNING:[0m Smallest FDR q [3 BMI:t] = 0.69597 ==> few true single voxel detections
[7m*+ WARNING:[0m Smallest FDR q [5 QE:Chisq] = 0.336472 ==> few true single voxel detections
[1] ""
