** AFNI converts NIFTI_datatype=4 (INT16) in file /projects/sanlab/shared/CHIVES/bids_data/derivatives/fmriprep/sub-CHIVES1024/ses-wave1/func/s6_sub-CHIVES1024_ses-wave1_task-money_bold_space-MNI152NLin2009cAsym_preproc.nii to FLOAT32
     Warnings of this type will be muted for this session.
     Set AFNI_NIFTI_TYPE_WARN to YES to see them all, NO to see none.
++ '-stim_times_AM2 1 /projects/sanlab/shared/CHIVES/CHIVES_WTP_scripts/behavioral/money/afni_timing_files/CHIVES1024/AllCondsPmod.1D' has 1 auxiliary values per time point
++ '-stim_times_AM2 1 /projects/sanlab/shared/CHIVES/CHIVES_WTP_scripts/behavioral/money/afni_timing_files/CHIVES1024/AllCondsPmod.1D' will have 2 regressors
++ '-stim_times_AM1 2 /projects/sanlab/shared/CHIVES/CHIVES_WTP_scripts/behavioral/money/afni_timing_files/CHIVES1024/BidOnsDur.1D' has 1 auxiliary values per time point
++ '-stim_times_AM1 2': basis function model 'dmBLOCK(1)' uses 1 parameters,
    out of the 1 found in timing file '/projects/sanlab/shared/CHIVES/CHIVES_WTP_scripts/behavioral/money/afni_timing_files/CHIVES1024/BidOnsDur.1D'
++ 3dDeconvolve extending num_stimts from 2 to 7 due to -ortvec
++ 3dDeconvolve: AFNI version=AFNI_18.2.04 (Jul  6 2018) [64-bit]
++ Authored by: B. Douglas Ward, et al.
++ current memory malloc-ated = 262,674 bytes (about 263 thousand [kilo])
++ loading dataset /projects/sanlab/shared/CHIVES/bids_data/derivatives/fmriprep/sub-CHIVES1024/ses-wave1/func/s6_sub-CHIVES1024_ses-wave1_task-money_bold_space-MNI152NLin2009cAsym_preproc.nii
++ current memory malloc-ated = 1,545,411,534 bytes (about 1.5 billion [giga])
++ forcibly using TR=2.0000 seconds for -input dataset
++ Skipping check for initial transients
++ Imaging duration=714.0 s; Automatic polort=5
++ -stim_times using TR=2 s for stimulus timing conversion
++ -stim_times using TR=2 s for any -iresp output datasets
++  [you can alter the -iresp TR via the -TR_times option]
++ ** -stim_times NOTE ** guessing GLOBAL times if 1 time per line; LOCAL otherwise
++ ** GUESSED ** -stim_times_AM2 1 using LOCAL times
++ '-stim_times_AM2 1' average amplitude#1=1.20833
++ ** GUESSED ** -stim_times_AM1 2 using LOCAL times
------------------------------------------------------------
GLT matrix from 'SYM: AllConds[0]':
   0   0   0   0   0   0   1   0   0   0   0   0   0   0 
 
------------------------------------------------------------
GLT matrix from 'SYM: AllConds[1]':
   0   0   0   0   0   0   0   1   0   0   0   0   0   0 
 
++ Number of time points: 357 (no censoring)
 + Number of parameters:  14 [11 baseline ; 3 signal]
++ total shared memory needed = 3,155,214,060 bytes (about 3.2 billion [giga])
++ current memory malloc-ated = 1,546,539,680 bytes (about 1.5 billion [giga])
++ mmap() memory allocated: 3,155,214,060 bytes (about 3.2 billion [giga])
++ Memory required for output bricks = 3,155,214,060 bytes (about 3.2 billion [giga])
++ Wrote matrix values to file CHIVES1024_AllCondPmod_xmat.1D
++ ========= Things you can do with the matrix file =========
++ (a) Linear regression with ARMA(1,1) modeling of serial correlation:

3dREMLfit -matrix CHIVES1024_AllCondPmod_xmat.1D -input /projects/sanlab/shared/CHIVES/bids_data/derivatives/fmriprep/sub-CHIVES1024/ses-wave1/func/s6_sub-CHIVES1024_ses-wave1_task-money_bold_space-MNI152NLin2009cAsym_preproc.nii \
 -mask /projects/sanlab/shared/CHIVES/bids_data/derivatives/fmriprep/sub-CHIVES1024/ses-wave1/func/sub-CHIVES1024_ses-wave1_task-money_bold_space-MNI152NLin2009cAsym_brainmask.nii.gz \
 -fout -tout -Rbuck CHIVES1024_AllCondPmod_stats_REML -Rvar CHIVES1024_AllCondPmod_stats_REMLvar \
 -Rfitts CHIVES1024_AllCondPmod_REML -Rerrts CHIVES1024_AllCondPmod_REML -verb
 
++ N.B.: 3dREMLfit command above written to file CHIVES1024_AllCondPmod_stats.REML_cmd
++ (b) Visualization/analysis of the matrix via ExamineXmat.R
++ (c) Synthesis of sub-model datasets using 3dSynthesize
++ ==========================================================
++ Wrote matrix values to file CHIVES1024_AllCondPmod_uncensor_xmat.1D
++ ----- Signal+Baseline matrix condition [X] (357x14):  2.97921  ++ VERY GOOD ++
++ ----- Signal-only matrix condition [X] (357x3):  1.58757  ++ VERY GOOD ++
++ ----- Baseline-only matrix condition [X] (357x11):  2.96198  ++ VERY GOOD ++
++ ----- stim_base-only matrix condition [X] (357x5):  1.80487  ++ VERY GOOD ++
++ ----- polort-only matrix condition [X] (357x6):  1.01526  ++ VERY GOOD ++
++ +++++ Matrix inverse average error = 6.9323e-16  ++ VERY GOOD ++
++ Matrix setup time = 0.02 s
++ Voxels in dataset: 1082035
++ Voxels in mask:    266188
++ Voxels per job:    26618
++ Job #1: processing voxels 241373 to 326080; elapsed time=3.906
++ Job #2: processing voxels 326081 to 384036; elapsed time=3.933
++ Job #3: processing voxels 384037 to 439470; elapsed time=3.960
++ Job #4: processing voxels 439471 to 494365; elapsed time=3.986
++ Job #5: processing voxels 494366 to 550160; elapsed time=4.013
++ Job #6: processing voxels 550161 to 607849; elapsed time=4.039
++ Job #7: processing voxels 607850 to 673631; elapsed time=4.066
++ Job #8: processing voxels 673632 to 751914; elapsed time=4.093
++ Job #9: processing voxels 751915 to 1082034; elapsed time=4.120
++ Job #0: processing voxels 0 to 241372; elapsed time=4.130
++ voxel loop:0123456789.0123456789.0123456789.0123456789.0123456++ Job #2 finished; elapsed time=5.435
78++ Job #4 finished; elapsed time=5.493
++ Job #6 finished; elapsed time=5.533
++ Job #1 finished; elapsed time=5.551
++ Job #3 finished; elapsed time=5.564
++ Job #8 finished; elapsed time=5.602
++ Job #5 finished; elapsed time=5.606
9.
++ Job #0 waiting for children to finish; elapsed time=5.627
++ Job #7 finished; elapsed time=5.670
++ Job #9 finished; elapsed time=5.823
++ Job #0 now finishing up; elapsed time=5.854
++ Smallest FDR q [0 Full_Fstat] = 4.97397e-15
++ Smallest FDR q [2 AllConds#0_Tstat] = 3.8844e-14
++ Smallest FDR q [4 AllConds#1_Tstat] = 0.0145921
++ Smallest FDR q [5 AllConds_Fstat] = 4.3008e-14
++ Smallest FDR q [7 BidsNMiss#0_Tstat] = 1.06444e-14
++ Smallest FDR q [8 BidsNMiss_Fstat] = 1.06413e-14
++ Smallest FDR q [10 CondGtRest_GLT#0_Tstat] = 3.8844e-14
++ Smallest FDR q [11 CondGtRest_GLT_Fstat] = 3.88445e-14
++ Smallest FDR q [13 Pmod_GLT#0_Tstat] = 0.0145921
++ Smallest FDR q [14 Pmod_GLT_Fstat] = 0.0145923
++ Wrote bucket dataset into ./CHIVES1024_AllCondPmod_stats+tlrc.BRIK
 + created 10 FDR curves in bucket header
++ Wrote 3D+time dataset into ./CHIVES1024_AllCondPmod+tlrc.BRIK
++ Wrote 3D+time dataset into ./CHIVES1024_AllCondPmod+tlrc.BRIK
++ Program finished; elapsed time=22.210
** AFNI converts NIFTI_datatype=4 (INT16) in file /projects/sanlab/shared/CHIVES/bids_data/derivatives/fmriprep/sub-CHIVES1024/ses-wave1/func/s6_sub-CHIVES1024_ses-wave1_task-money_bold_space-MNI152NLin2009cAsym_preproc.nii to FLOAT32
     Warnings of this type will be muted for this session.
     Set AFNI_NIFTI_TYPE_WARN to YES to see them all, NO to see none.
++ '-stim_times_AM2 1 /projects/sanlab/shared/CHIVES/CHIVES_WTP_scripts/behavioral/money/afni_timing_files/CHIVES1024/HealthyPmod.1D' has 1 auxiliary values per time point
++ '-stim_times_AM2 1 /projects/sanlab/shared/CHIVES/CHIVES_WTP_scripts/behavioral/money/afni_timing_files/CHIVES1024/HealthyPmod.1D' will have 2 regressors
++ '-stim_times_AM2 2 /projects/sanlab/shared/CHIVES/CHIVES_WTP_scripts/behavioral/money/afni_timing_files/CHIVES1024/UnhealthyPmod.1D' has 1 auxiliary values per time point
++ '-stim_times_AM2 2 /projects/sanlab/shared/CHIVES/CHIVES_WTP_scripts/behavioral/money/afni_timing_files/CHIVES1024/UnhealthyPmod.1D' will have 2 regressors
++ '-stim_times_AM1 3 /projects/sanlab/shared/CHIVES/CHIVES_WTP_scripts/behavioral/money/afni_timing_files/CHIVES1024/BidOnsDur.1D' has 1 auxiliary values per time point
++ '-stim_times_AM1 3': basis function model 'dmBLOCK(1)' uses 1 parameters,
    out of the 1 found in timing file '/projects/sanlab/shared/CHIVES/CHIVES_WTP_scripts/behavioral/money/afni_timing_files/CHIVES1024/BidOnsDur.1D'
++ 3dDeconvolve extending num_stimts from 3 to 8 due to -ortvec
++ 3dDeconvolve: AFNI version=AFNI_18.2.04 (Jul  6 2018) [64-bit]
++ Authored by: B. Douglas Ward, et al.
++ current memory malloc-ated = 289,940 bytes (about 290 thousand [kilo])
++ loading dataset /projects/sanlab/shared/CHIVES/bids_data/derivatives/fmriprep/sub-CHIVES1024/ses-wave1/func/s6_sub-CHIVES1024_ses-wave1_task-money_bold_space-MNI152NLin2009cAsym_preproc.nii
++ current memory malloc-ated = 1,545,438,800 bytes (about 1.5 billion [giga])
++ forcibly using TR=2.0000 seconds for -input dataset
++ Skipping check for initial transients
++ Imaging duration=714.0 s; Automatic polort=5
++ -stim_times using TR=2 s for stimulus timing conversion
++ -stim_times using TR=2 s for any -iresp output datasets
++  [you can alter the -iresp TR via the -TR_times option]
++ ** -stim_times NOTE ** guessing GLOBAL times if 1 time per line; LOCAL otherwise
++ ** GUESSED ** -stim_times_AM2 1 using LOCAL times
++ '-stim_times_AM2 1' average amplitude#1=1.18333
++ ** GUESSED ** -stim_times_AM2 2 using LOCAL times
++ '-stim_times_AM2 2' average amplitude#1=1.23333
++ ** GUESSED ** -stim_times_AM1 3 using LOCAL times
------------------------------------------------------------
GLT matrix from 'SYM: HealthyPmod[0]':
   0   0   0   0   0   0   1   0   0   0   0   0   0   0   0   0 
 
------------------------------------------------------------
GLT matrix from 'SYM: HealthyPmod[1]':
   0   0   0   0   0   0   0   1   0   0   0   0   0   0   0   0 
 
------------------------------------------------------------
GLT matrix from 'SYM: UnhealthyPmod[0]':
   0   0   0   0   0   0   0   0   1   0   0   0   0   0   0   0 
 
------------------------------------------------------------
GLT matrix from 'SYM: UnhealthyPmod[1]':
   0   0   0   0   0   0   0   0   0   1   0   0   0   0   0   0 
 
------------------------------------------------------------
GLT matrix from 'SYM: HealthyPmod[0] -UnhealthyPmod[0]':
   0   0   0   0   0   0   1   0  -1   0   0   0   0   0   0   0 
 
------------------------------------------------------------
GLT matrix from 'SYM: HealthyPmod[1] -UnhealthyPmod[1]':
   0   0   0   0   0   0   0   1   0  -1   0   0   0   0   0   0 
 
++ Number of time points: 357 (no censoring)
 + Number of parameters:  16 [11 baseline ; 5 signal]
++ total shared memory needed = 3,228,792,440 bytes (about 3.2 billion [giga])
++ current memory malloc-ated = 1,546,571,546 bytes (about 1.5 billion [giga])
++ mmap() memory allocated: 3,228,792,440 bytes (about 3.2 billion [giga])
++ Memory required for output bricks = 3,228,792,440 bytes (about 3.2 billion [giga])
++ Wrote matrix values to file CHIVES1024_2CondPmod_xmat.1D
++ ========= Things you can do with the matrix file =========
++ (a) Linear regression with ARMA(1,1) modeling of serial correlation:

3dREMLfit -matrix CHIVES1024_2CondPmod_xmat.1D -input /projects/sanlab/shared/CHIVES/bids_data/derivatives/fmriprep/sub-CHIVES1024/ses-wave1/func/s6_sub-CHIVES1024_ses-wave1_task-money_bold_space-MNI152NLin2009cAsym_preproc.nii \
 -mask /projects/sanlab/shared/CHIVES/bids_data/derivatives/fmriprep/sub-CHIVES1024/ses-wave1/func/sub-CHIVES1024_ses-wave1_task-money_bold_space-MNI152NLin2009cAsym_brainmask.nii.gz \
 -fout -tout -Rbuck CHIVES1024_2CondPmod_stats_REML -Rvar CHIVES1024_2CondPmod_stats_REMLvar \
 -Rfitts CHIVES1024_2CondPmod_REML -Rerrts CHIVES1024_2CondPmod_REML -verb
 
++ N.B.: 3dREMLfit command above written to file CHIVES1024_2CondPmod_stats.REML_cmd
++ (b) Visualization/analysis of the matrix via ExamineXmat.R
++ (c) Synthesis of sub-model datasets using 3dSynthesize
++ ==========================================================
++ Wrote matrix values to file CHIVES1024_2CondPmod_uncensor_xmat.1D
++ ----- Signal+Baseline matrix condition [X] (357x16):  3.0125  ++ VERY GOOD ++
++ ----- Signal-only matrix condition [X] (357x5):  1.58763  ++ VERY GOOD ++
++ ----- Baseline-only matrix condition [X] (357x11):  2.96198  ++ VERY GOOD ++
++ ----- stim_base-only matrix condition [X] (357x5):  1.80487  ++ VERY GOOD ++
++ ----- polort-only matrix condition [X] (357x6):  1.01526  ++ VERY GOOD ++
++ +++++ Matrix inverse average error = 6.64917e-16  ++ VERY GOOD ++
++ Matrix setup time = 0.02 s
++ Voxels in dataset: 1082035
++ Voxels in mask:    266188
++ Voxels per job:    26618
++ Job #1: processing voxels 241373 to 326080; elapsed time=3.960
++ Job #2: processing voxels 326081 to 384036; elapsed time=3.987
++ Job #3: processing voxels 384037 to 439470; elapsed time=4.013
++ Job #4: processing voxels 439471 to 494365; elapsed time=4.038
++ Job #5: processing voxels 494366 to 550160; elapsed time=4.062
++ Job #6: processing voxels 550161 to 607849; elapsed time=4.086
++ Job #7: processing voxels 607850 to 673631; elapsed time=4.111
++ Job #8: processing voxels 673632 to 751914; elapsed time=4.135
++ Job #9: processing voxels 751915 to 1082034; elapsed time=4.159
++ Job #0: processing voxels 0 to 241372; elapsed time=4.170
++ voxel loop:0123456789.0123456789.0123456789.0123456789.012345678++ Job #4 finished; elapsed time=6.149
++ Job #2 finished; elapsed time=6.170
++ Job #1 finished; elapsed time=6.210
++ Job #6 finished; elapsed time=6.225
++ Job #3 finished; elapsed time=6.244
++ Job #5 finished; elapsed time=6.259
9.++ Job #8 finished; elapsed time=6.268

++ Job #0 waiting for children to finish; elapsed time=6.270
++ Job #7 finished; elapsed time=6.300
++ Job #9 finished; elapsed time=6.461
++ Job #0 now finishing up; elapsed time=6.493
++ Smallest FDR q [0 Full_Fstat] = 5.39731e-15
++ Smallest FDR q [2 HealthyPmod#0_Tstat] = 8.62973e-14
[7m*+ WARNING:[0m Smallest FDR q [4 HealthyPmod#1_Tstat] = 0.140427 ==> few true single voxel detections
++ Smallest FDR q [5 HealthyPmod_Fstat] = 1.03717e-13
++ Smallest FDR q [7 UnhealthyPmod#0_Tstat] = 7.79173e-14
++ Smallest FDR q [9 UnhealthyPmod#1_Tstat] = 0.000115964
++ Smallest FDR q [10 UnhealthyPmod_Fstat] = 7.42183e-14
++ Smallest FDR q [12 BidsNMiss#0_Tstat] = 1.06496e-14
++ Smallest FDR q [13 BidsNMiss_Fstat] = 1.06455e-14
++ Smallest FDR q [15 HealthyGtRest_GLT#0_Tstat] = 8.62973e-14
++ Smallest FDR q [16 HealthyGtRest_GLT_Fstat] = 8.62973e-14
[7m*+ WARNING:[0m Smallest FDR q [18 HealthyPmod_GLT#0_Tstat] = 0.140427 ==> few true single voxel detections
[7m*+ WARNING:[0m Smallest FDR q [19 HealthyPmod_GLT_Fstat] = 0.140422 ==> few true single voxel detections
++ Smallest FDR q [21 UnhealthyGtRest_GLT#0_Tstat] = 7.79173e-14
++ Smallest FDR q [22 UnhealthyGtRest_GLT_Fstat] = 7.79154e-14
++ Smallest FDR q [24 UnhealthyPmod_GLT#0_Tstat] = 0.000115964
++ Smallest FDR q [25 UnhealthyPmod_GLT_Fstat] = 0.000115962
[7m*+ WARNING:[0m Smallest FDR q [27 HealthyGtUnhealthy_GLT#0_Tstat] = 0.323382 ==> few true single voxel detections
[7m*+ WARNING:[0m Smallest FDR q [28 HealthyGtUnhealthy_GLT_Fstat] = 0.322506 ==> few true single voxel detections
++ Smallest FDR q [30 HealthyGtUnhealthyPmod_GLT#0_Tstat] = 0.000430253
++ Smallest FDR q [31 HealthyGtUnhealthyPmod_GLT_Fstat] = 0.000430255
++ Wrote bucket dataset into ./CHIVES1024_2CondPmod_stats+tlrc.BRIK
 + created 21 FDR curves in bucket header
++ Wrote 3D+time dataset into ./CHIVES1024_2CondPmod+tlrc.BRIK
++ Wrote 3D+time dataset into ./CHIVES1024_2CondPmod+tlrc.BRIK
++ Program finished; elapsed time=38.082
** AFNI converts NIFTI_datatype=4 (INT16) in file /projects/sanlab/shared/CHIVES/bids_data/derivatives/fmriprep/sub-CHIVES1024/ses-wave1/func/s6_sub-CHIVES1024_ses-wave1_task-money_bold_space-MNI152NLin2009cAsym_preproc.nii to FLOAT32
     Warnings of this type will be muted for this session.
     Set AFNI_NIFTI_TYPE_WARN to YES to see them all, NO to see none.
++ '-stim_times_AM1 3 /projects/sanlab/shared/CHIVES/CHIVES_WTP_scripts/behavioral/money/afni_timing_files/CHIVES1024/BidOnsDur.1D' has 1 auxiliary values per time point
++ '-stim_times_AM1 3': basis function model 'dmBLOCK(1)' uses 1 parameters,
    out of the 1 found in timing file '/projects/sanlab/shared/CHIVES/CHIVES_WTP_scripts/behavioral/money/afni_timing_files/CHIVES1024/BidOnsDur.1D'
++ 3dDeconvolve extending num_stimts from 3 to 8 due to -ortvec
++ 3dDeconvolve: AFNI version=AFNI_18.2.04 (Jul  6 2018) [64-bit]
++ Authored by: B. Douglas Ward, et al.
++ current memory malloc-ated = 273,696 bytes (about 274 thousand [kilo])
++ loading dataset /projects/sanlab/shared/CHIVES/bids_data/derivatives/fmriprep/sub-CHIVES1024/ses-wave1/func/s6_sub-CHIVES1024_ses-wave1_task-money_bold_space-MNI152NLin2009cAsym_preproc.nii
++ current memory malloc-ated = 1,545,422,556 bytes (about 1.5 billion [giga])
++ forcibly using TR=2.0000 seconds for -input dataset
++ Skipping check for initial transients
++ Imaging duration=714.0 s; Automatic polort=5
++ -stim_times using TR=2 s for stimulus timing conversion
++ -stim_times using TR=2 s for any -iresp output datasets
++  [you can alter the -iresp TR via the -TR_times option]
++ ** -stim_times NOTE ** guessing GLOBAL times if 1 time per line; LOCAL otherwise
++ ** GUESSED ** -stim_times 1 using LOCAL times
++ ** GUESSED ** -stim_times 2 using LOCAL times
++ ** GUESSED ** -stim_times_AM1 3 using LOCAL times
------------------------------------------------------------
GLT matrix from 'SYM: Healthy':
   0   0   0   0   0   0   1   0   0   0   0   0   0   0 
 
------------------------------------------------------------
GLT matrix from 'SYM: Unhealthy':
   0   0   0   0   0   0   0   1   0   0   0   0   0   0 
 
------------------------------------------------------------
GLT matrix from 'SYM: Healthy -Unhealthy':
   0   0   0   0   0   0   1  -1   0   0   0   0   0   0 
 
++ Number of time points: 357 (no censoring)
 + Number of parameters:  14 [11 baseline ; 3 signal]
++ total shared memory needed = 3,172,526,620 bytes (about 3.2 billion [giga])
++ current memory malloc-ated = 1,546,550,748 bytes (about 1.5 billion [giga])
++ mmap() memory allocated: 3,172,526,620 bytes (about 3.2 billion [giga])
++ Memory required for output bricks = 3,172,526,620 bytes (about 3.2 billion [giga])
++ Wrote matrix values to file CHIVES1024_2Cond_xmat.1D
++ ========= Things you can do with the matrix file =========
++ (a) Linear regression with ARMA(1,1) modeling of serial correlation:

3dREMLfit -matrix CHIVES1024_2Cond_xmat.1D -input /projects/sanlab/shared/CHIVES/bids_data/derivatives/fmriprep/sub-CHIVES1024/ses-wave1/func/s6_sub-CHIVES1024_ses-wave1_task-money_bold_space-MNI152NLin2009cAsym_preproc.nii \
 -mask /projects/sanlab/shared/CHIVES/bids_data/derivatives/fmriprep/sub-CHIVES1024/ses-wave1/func/sub-CHIVES1024_ses-wave1_task-money_bold_space-MNI152NLin2009cAsym_brainmask.nii.gz \
 -fout -tout -Rbuck CHIVES1024_2Cond_stats_REML -Rvar CHIVES1024_2Cond_stats_REMLvar \
 -Rfitts CHIVES1024_2Cond_REML -Rerrts CHIVES1024_2Cond_REML -verb
 
++ N.B.: 3dREMLfit command above written to file CHIVES1024_2Cond_stats.REML_cmd
++ (b) Visualization/analysis of the matrix via ExamineXmat.R
++ (c) Synthesis of sub-model datasets using 3dSynthesize
++ ==========================================================
++ Wrote matrix values to file CHIVES1024_2Cond_uncensor_xmat.1D
++ ----- Signal+Baseline matrix condition [X] (357x14):  2.99585  ++ VERY GOOD ++
++ ----- Signal-only matrix condition [X] (357x3):  1.58747  ++ VERY GOOD ++
++ ----- Baseline-only matrix condition [X] (357x11):  2.96198  ++ VERY GOOD ++
++ ----- stim_base-only matrix condition [X] (357x5):  1.80487  ++ VERY GOOD ++
++ ----- polort-only matrix condition [X] (357x6):  1.01526  ++ VERY GOOD ++
++ +++++ Matrix inverse average error = 9.12367e-16  ++ VERY GOOD ++
++ Matrix setup time = 0.02 s
++ Voxels in dataset: 1082035
++ Voxels in mask:    266188
++ Voxels per job:    26618
++ Job #1: processing voxels 241373 to 326080; elapsed time=3.860
++ Job #2: processing voxels 326081 to 384036; elapsed time=3.886
++ Job #3: processing voxels 384037 to 439470; elapsed time=3.912
++ Job #4: processing voxels 439471 to 494365; elapsed time=3.937
++ Job #5: processing voxels 494366 to 550160; elapsed time=3.963
++ Job #6: processing voxels 550161 to 607849; elapsed time=3.989
++ Job #7: processing voxels 607850 to 673631; elapsed time=4.015
++ Job #8: processing voxels 673632 to 751914; elapsed time=4.041
++ Job #9: processing voxels 751915 to 1082034; elapsed time=4.067
++ Job #0: processing voxels 0 to 241372; elapsed time=4.078
++ voxel loop:0123456789.0123456789.0123456789.0123456789.012345678++ Job #4 finished; elapsed time=5.627
++ Job #2 finished; elapsed time=5.662
++ Job #1 finished; elapsed time=5.711
++ Job #3 finished; elapsed time=5.720
++ Job #6 finished; elapsed time=5.746
9.
++ Job #0 waiting for children to finish; elapsed time=5.754
++ Job #8 finished; elapsed time=5.759
++ Job #5 finished; elapsed time=5.783
++ Job #7 finished; elapsed time=5.829
++ Job #9 finished; elapsed time=5.972
++ Job #0 now finishing up; elapsed time=6.002
++ Smallest FDR q [0 Full_Fstat] = 5.13148e-15
++ Smallest FDR q [2 Healthy#0_Tstat] = 8.44203e-14
++ Smallest FDR q [3 Healthy_Fstat] = 8.44227e-14
++ Smallest FDR q [5 Unhealthy#0_Tstat] = 7.73925e-14
++ Smallest FDR q [6 Unhealthy_Fstat] = 7.73945e-14
++ Smallest FDR q [8 BidsNMiss#0_Tstat] = 1.06599e-14
++ Smallest FDR q [9 BidsNMiss_Fstat] = 1.06565e-14
++ Smallest FDR q [11 HealthyGtRest_GLT#0_Tstat] = 8.44203e-14
++ Smallest FDR q [12 HealthyGtRest_GLT_Fstat] = 8.44215e-14
++ Smallest FDR q [14 UnhealthyGtRest_GLT#0_Tstat] = 7.73925e-14
++ Smallest FDR q [15 UnhealthyGtRest_GLT_Fstat] = 7.73956e-14
[7m*+ WARNING:[0m Smallest FDR q [17 HealthyGtUnhealthy_GLT#0_Tstat] = 0.410692 ==> few true single voxel detections
[7m*+ WARNING:[0m Smallest FDR q [18 HealthyGtUnhealthy_GLT_Fstat] = 0.409598 ==> few true single voxel detections
++ Wrote bucket dataset into ./CHIVES1024_2Cond_stats+tlrc.BRIK
 + created 13 FDR curves in bucket header
++ Wrote 3D+time dataset into ./CHIVES1024_2Cond+tlrc.BRIK
++ Wrote 3D+time dataset into ./CHIVES1024_2Cond+tlrc.BRIK
++ Program finished; elapsed time=24.457
