** AFNI converts NIFTI_datatype=4 (INT16) in file /projects/sanlab/shared/CHIVES/bids_data/derivatives/fmriprep/sub-CHIVES1060/ses-wave1/func/s6_sub-CHIVES1060_ses-wave1_task-money_bold_space-MNI152NLin2009cAsym_preproc.nii to FLOAT32
     Warnings of this type will be muted for this session.
     Set AFNI_NIFTI_TYPE_WARN to YES to see them all, NO to see none.
++ '-stim_times_AM2 1 /projects/sanlab/shared/CHIVES/CHIVES_WTP_scripts/behavioral/money/afni_timing_files/CHIVES1060/AllCondsPmod.1D' has 1 auxiliary values per time point
++ '-stim_times_AM2 1 /projects/sanlab/shared/CHIVES/CHIVES_WTP_scripts/behavioral/money/afni_timing_files/CHIVES1060/AllCondsPmod.1D' will have 2 regressors
++ '-stim_times_AM1 2 /projects/sanlab/shared/CHIVES/CHIVES_WTP_scripts/behavioral/money/afni_timing_files/CHIVES1060/BidOnsDur.1D' has 1 auxiliary values per time point
++ '-stim_times_AM1 2': basis function model 'dmBLOCK(1)' uses 1 parameters,
    out of the 1 found in timing file '/projects/sanlab/shared/CHIVES/CHIVES_WTP_scripts/behavioral/money/afni_timing_files/CHIVES1060/BidOnsDur.1D'
++ 3dDeconvolve extending num_stimts from 2 to 7 due to -ortvec
++ 3dDeconvolve: AFNI version=AFNI_18.2.04 (Jul  6 2018) [64-bit]
++ Authored by: B. Douglas Ward, et al.
++ current memory malloc-ated = 262,674 bytes (about 263 thousand [kilo])
++ loading dataset /projects/sanlab/shared/CHIVES/bids_data/derivatives/fmriprep/sub-CHIVES1060/ses-wave1/func/s6_sub-CHIVES1060_ses-wave1_task-money_bold_space-MNI152NLin2009cAsym_preproc.nii
++ current memory malloc-ated = 1,545,411,534 bytes (about 1.5 billion [giga])
++ forcibly using TR=2.0000 seconds for -input dataset
++ Skipping check for initial transients
++ Imaging duration=714.0 s; Automatic polort=5
++ -stim_times using TR=2 s for stimulus timing conversion
++ -stim_times using TR=2 s for any -iresp output datasets
++  [you can alter the -iresp TR via the -TR_times option]
++ ** -stim_times NOTE ** guessing GLOBAL times if 1 time per line; LOCAL otherwise
++ ** GUESSED ** -stim_times_AM2 1 using LOCAL times
++ '-stim_times_AM2 1' average amplitude#1=0.608333
++ ** GUESSED ** -stim_times_AM1 2 using LOCAL times
------------------------------------------------------------
GLT matrix from 'SYM: AllConds[0]':
   0   0   0   0   0   0   1   0   0   0   0   0   0   0 
 
------------------------------------------------------------
GLT matrix from 'SYM: AllConds[1]':
   0   0   0   0   0   0   0   1   0   0   0   0   0   0 
 
++ Number of time points: 357 (no censoring)
 + Number of parameters:  14 [11 baseline ; 3 signal]
++ total shared memory needed = 3,155,214,060 bytes (about 3.2 billion [giga])
++ current memory malloc-ated = 1,546,539,680 bytes (about 1.5 billion [giga])
++ mmap() memory allocated: 3,155,214,060 bytes (about 3.2 billion [giga])
++ Memory required for output bricks = 3,155,214,060 bytes (about 3.2 billion [giga])
++ Wrote matrix values to file CHIVES1060_AllCondPmod_xmat.1D
++ ========= Things you can do with the matrix file =========
++ (a) Linear regression with ARMA(1,1) modeling of serial correlation:

3dREMLfit -matrix CHIVES1060_AllCondPmod_xmat.1D -input /projects/sanlab/shared/CHIVES/bids_data/derivatives/fmriprep/sub-CHIVES1060/ses-wave1/func/s6_sub-CHIVES1060_ses-wave1_task-money_bold_space-MNI152NLin2009cAsym_preproc.nii \
 -mask /projects/sanlab/shared/CHIVES/bids_data/derivatives/fmriprep/sub-CHIVES1060/ses-wave1/func/sub-CHIVES1060_ses-wave1_task-money_bold_space-MNI152NLin2009cAsym_brainmask.nii.gz \
 -fout -tout -Rbuck CHIVES1060_AllCondPmod_stats_REML -Rvar CHIVES1060_AllCondPmod_stats_REMLvar \
 -Rfitts CHIVES1060_AllCondPmod_REML -Rerrts CHIVES1060_AllCondPmod_REML -verb
 
++ N.B.: 3dREMLfit command above written to file CHIVES1060_AllCondPmod_stats.REML_cmd
++ (b) Visualization/analysis of the matrix via ExamineXmat.R
++ (c) Synthesis of sub-model datasets using 3dSynthesize
++ ==========================================================
++ Wrote matrix values to file CHIVES1060_AllCondPmod_uncensor_xmat.1D
++ ----- Signal+Baseline matrix condition [X] (357x14):  4.54409  ++ VERY GOOD ++
++ ----- Signal-only matrix condition [X] (357x3):  1.62161  ++ VERY GOOD ++
++ ----- Baseline-only matrix condition [X] (357x11):  4.52646  ++ VERY GOOD ++
++ ----- stim_base-only matrix condition [X] (357x5):  2.95199  ++ VERY GOOD ++
++ ----- polort-only matrix condition [X] (357x6):  1.01526  ++ VERY GOOD ++
++ +++++ Matrix inverse average error = 1.68693e-15  ++ VERY GOOD ++
++ Matrix setup time = 0.01 s
++ Voxels in dataset: 1082035
++ Voxels in mask:    264858
++ Voxels per job:    26485
++ Job #1: processing voxels 239915 to 319362; elapsed time=3.937
++ Job #2: processing voxels 319363 to 381753; elapsed time=3.964
++ Job #3: processing voxels 381754 to 436855; elapsed time=3.991
++ Job #4: processing voxels 436856 to 488467; elapsed time=4.016
++ Job #5: processing voxels 488468 to 543835; elapsed time=4.043
++ Job #6: processing voxels 543836 to 605213; elapsed time=4.069
++ Job #7: processing voxels 605214 to 666132; elapsed time=4.095
++ Job #8: processing voxels 666133 to 743258; elapsed time=4.122
++ Job #9: processing voxels 743259 to 1082034; elapsed time=4.149
++ Job #0: processing voxels 0 to 239914; elapsed time=4.159
++ voxel loop:0123456789.0123456789.0123456789.0123456789.0123456++ Job #1 finished; elapsed time=5.619
++ Job #4 finished; elapsed time=5.632
++ Job #2 finished; elapsed time=5.641
78++ Job #3 finished; elapsed time=5.696
++ Job #5 finished; elapsed time=5.699
++ Job #7 finished; elapsed time=5.709
++ Job #8 finished; elapsed time=5.734
++ Job #6 finished; elapsed time=5.748
9.
++ Job #0 waiting for children to finish; elapsed time=5.812
++ Job #9 finished; elapsed time=5.860
++ Job #0 now finishing up; elapsed time=5.894
++ Smallest FDR q [0 Full_Fstat] = 7.38066e-15
++ Smallest FDR q [2 AllConds#0_Tstat] = 2.58915e-14
++ Smallest FDR q [4 AllConds#1_Tstat] = 5.43122e-09
++ Smallest FDR q [5 AllConds_Fstat] = 2.70237e-14
++ Smallest FDR q [7 BidsNMiss#0_Tstat] = 2.53893e-14
++ Smallest FDR q [8 BidsNMiss_Fstat] = 2.53876e-14
++ Smallest FDR q [10 CondGtRest_GLT#0_Tstat] = 2.58915e-14
++ Smallest FDR q [11 CondGtRest_GLT_Fstat] = 2.58933e-14
++ Smallest FDR q [13 Pmod_GLT#0_Tstat] = 5.43122e-09
++ Smallest FDR q [14 Pmod_GLT_Fstat] = 5.43099e-09
++ Wrote bucket dataset into ./CHIVES1060_AllCondPmod_stats+tlrc.BRIK
 + created 10 FDR curves in bucket header
++ Wrote 3D+time dataset into ./CHIVES1060_AllCondPmod+tlrc.BRIK
++ Wrote 3D+time dataset into ./CHIVES1060_AllCondPmod+tlrc.BRIK
++ Program finished; elapsed time=22.657
** AFNI converts NIFTI_datatype=4 (INT16) in file /projects/sanlab/shared/CHIVES/bids_data/derivatives/fmriprep/sub-CHIVES1060/ses-wave1/func/s6_sub-CHIVES1060_ses-wave1_task-money_bold_space-MNI152NLin2009cAsym_preproc.nii to FLOAT32
     Warnings of this type will be muted for this session.
     Set AFNI_NIFTI_TYPE_WARN to YES to see them all, NO to see none.
++ '-stim_times_AM2 1 /projects/sanlab/shared/CHIVES/CHIVES_WTP_scripts/behavioral/money/afni_timing_files/CHIVES1060/HealthyPmod.1D' has 1 auxiliary values per time point
++ '-stim_times_AM2 1 /projects/sanlab/shared/CHIVES/CHIVES_WTP_scripts/behavioral/money/afni_timing_files/CHIVES1060/HealthyPmod.1D' will have 2 regressors
++ '-stim_times_AM2 2 /projects/sanlab/shared/CHIVES/CHIVES_WTP_scripts/behavioral/money/afni_timing_files/CHIVES1060/UnhealthyPmod.1D' has 1 auxiliary values per time point
++ '-stim_times_AM2 2 /projects/sanlab/shared/CHIVES/CHIVES_WTP_scripts/behavioral/money/afni_timing_files/CHIVES1060/UnhealthyPmod.1D' will have 2 regressors
++ '-stim_times_AM1 3 /projects/sanlab/shared/CHIVES/CHIVES_WTP_scripts/behavioral/money/afni_timing_files/CHIVES1060/BidOnsDur.1D' has 1 auxiliary values per time point
++ '-stim_times_AM1 3': basis function model 'dmBLOCK(1)' uses 1 parameters,
    out of the 1 found in timing file '/projects/sanlab/shared/CHIVES/CHIVES_WTP_scripts/behavioral/money/afni_timing_files/CHIVES1060/BidOnsDur.1D'
++ 3dDeconvolve extending num_stimts from 3 to 8 due to -ortvec
++ 3dDeconvolve: AFNI version=AFNI_18.2.04 (Jul  6 2018) [64-bit]
++ Authored by: B. Douglas Ward, et al.
++ current memory malloc-ated = 289,940 bytes (about 290 thousand [kilo])
++ loading dataset /projects/sanlab/shared/CHIVES/bids_data/derivatives/fmriprep/sub-CHIVES1060/ses-wave1/func/s6_sub-CHIVES1060_ses-wave1_task-money_bold_space-MNI152NLin2009cAsym_preproc.nii
++ current memory malloc-ated = 1,545,438,800 bytes (about 1.5 billion [giga])
++ forcibly using TR=2.0000 seconds for -input dataset
++ Skipping check for initial transients
++ Imaging duration=714.0 s; Automatic polort=5
++ -stim_times using TR=2 s for stimulus timing conversion
++ -stim_times using TR=2 s for any -iresp output datasets
++  [you can alter the -iresp TR via the -TR_times option]
++ ** -stim_times NOTE ** guessing GLOBAL times if 1 time per line; LOCAL otherwise
++ ** GUESSED ** -stim_times_AM2 1 using LOCAL times
++ '-stim_times_AM2 1' average amplitude#1=0.683333
++ ** GUESSED ** -stim_times_AM2 2 using LOCAL times
++ '-stim_times_AM2 2' average amplitude#1=0.533333
++ ** GUESSED ** -stim_times_AM1 3 using LOCAL times
------------------------------------------------------------
GLT matrix from 'SYM: HealthyPmod[0]':
   0   0   0   0   0   0   1   0   0   0   0   0   0   0   0   0 
 
------------------------------------------------------------
GLT matrix from 'SYM: HealthyPmod[1]':
   0   0   0   0   0   0   0   1   0   0   0   0   0   0   0   0 
 
------------------------------------------------------------
GLT matrix from 'SYM: UnhealthyPmod[0]':
   0   0   0   0   0   0   0   0   1   0   0   0   0   0   0   0 
 
------------------------------------------------------------
GLT matrix from 'SYM: UnhealthyPmod[1]':
   0   0   0   0   0   0   0   0   0   1   0   0   0   0   0   0 
 
------------------------------------------------------------
GLT matrix from 'SYM: HealthyPmod[0] -UnhealthyPmod[0]':
   0   0   0   0   0   0   1   0  -1   0   0   0   0   0   0   0 
 
------------------------------------------------------------
GLT matrix from 'SYM: HealthyPmod[1] -UnhealthyPmod[1]':
   0   0   0   0   0   0   0   1   0  -1   0   0   0   0   0   0 
 
++ Number of time points: 357 (no censoring)
 + Number of parameters:  16 [11 baseline ; 5 signal]
++ total shared memory needed = 3,228,792,440 bytes (about 3.2 billion [giga])
++ current memory malloc-ated = 1,546,571,546 bytes (about 1.5 billion [giga])
++ mmap() memory allocated: 3,228,792,440 bytes (about 3.2 billion [giga])
++ Memory required for output bricks = 3,228,792,440 bytes (about 3.2 billion [giga])
++ Wrote matrix values to file CHIVES1060_2CondPmod_xmat.1D
++ ========= Things you can do with the matrix file =========
++ (a) Linear regression with ARMA(1,1) modeling of serial correlation:

3dREMLfit -matrix CHIVES1060_2CondPmod_xmat.1D -input /projects/sanlab/shared/CHIVES/bids_data/derivatives/fmriprep/sub-CHIVES1060/ses-wave1/func/s6_sub-CHIVES1060_ses-wave1_task-money_bold_space-MNI152NLin2009cAsym_preproc.nii \
 -mask /projects/sanlab/shared/CHIVES/bids_data/derivatives/fmriprep/sub-CHIVES1060/ses-wave1/func/sub-CHIVES1060_ses-wave1_task-money_bold_space-MNI152NLin2009cAsym_brainmask.nii.gz \
 -fout -tout -Rbuck CHIVES1060_2CondPmod_stats_REML -Rvar CHIVES1060_2CondPmod_stats_REMLvar \
 -Rfitts CHIVES1060_2CondPmod_REML -Rerrts CHIVES1060_2CondPmod_REML -verb
 
++ N.B.: 3dREMLfit command above written to file CHIVES1060_2CondPmod_stats.REML_cmd
++ (b) Visualization/analysis of the matrix via ExamineXmat.R
++ (c) Synthesis of sub-model datasets using 3dSynthesize
++ ==========================================================
++ Wrote matrix values to file CHIVES1060_2CondPmod_uncensor_xmat.1D
++ ----- Signal+Baseline matrix condition [X] (357x16):  4.62602  ++ VERY GOOD ++
++ ----- Signal-only matrix condition [X] (357x5):  1.62162  ++ VERY GOOD ++
++ ----- Baseline-only matrix condition [X] (357x11):  4.52646  ++ VERY GOOD ++
++ ----- stim_base-only matrix condition [X] (357x5):  2.95199  ++ VERY GOOD ++
++ ----- polort-only matrix condition [X] (357x6):  1.01526  ++ VERY GOOD ++
++ +++++ Matrix inverse average error = 1.61732e-15  ++ VERY GOOD ++
++ Matrix setup time = 0.02 s
++ Voxels in dataset: 1082035
++ Voxels in mask:    264858
++ Voxels per job:    26485
++ Job #1: processing voxels 239915 to 319362; elapsed time=3.945
++ Job #2: processing voxels 319363 to 381753; elapsed time=3.971
++ Job #3: processing voxels 381754 to 436855; elapsed time=3.997
++ Job #4: processing voxels 436856 to 488467; elapsed time=4.023
++ Job #5: processing voxels 488468 to 543835; elapsed time=4.050
++ Job #6: processing voxels 543836 to 605213; elapsed time=4.076
++ Job #7: processing voxels 605214 to 666132; elapsed time=4.102
++ Job #8: processing voxels 666133 to 743258; elapsed time=4.128
++ Job #9: processing voxels 743259 to 1082034; elapsed time=4.155
++ Job #0: processing voxels 0 to 239914; elapsed time=4.165
++ voxel loop:0123456789.0123456789.0123456789.0123456789.01234567++ Job #2 finished; elapsed time=6.036
8++ Job #4 finished; elapsed time=6.096
++ Job #6 finished; elapsed time=6.140
++ Job #1 finished; elapsed time=6.165
++ Job #3 finished; elapsed time=6.165
9.
++ Job #0 waiting for children to finish; elapsed time=6.192
++ Job #5 finished; elapsed time=6.210
++ Job #8 finished; elapsed time=6.220
++ Job #7 finished; elapsed time=6.273
++ Job #9 finished; elapsed time=6.411
++ Job #0 now finishing up; elapsed time=6.446
++ Smallest FDR q [0 Full_Fstat] = 8.57348e-15
++ Smallest FDR q [2 HealthyPmod#0_Tstat] = 4.45787e-14
++ Smallest FDR q [4 HealthyPmod#1_Tstat] = 0.00668687
++ Smallest FDR q [5 HealthyPmod_Fstat] = 5.10971e-14
++ Smallest FDR q [7 UnhealthyPmod#0_Tstat] = 4.80254e-14
++ Smallest FDR q [9 UnhealthyPmod#1_Tstat] = 3.59995e-05
++ Smallest FDR q [10 UnhealthyPmod_Fstat] = 5.38931e-14
++ Smallest FDR q [12 BidsNMiss#0_Tstat] = 2.54085e-14
++ Smallest FDR q [13 BidsNMiss_Fstat] = 2.5406e-14
++ Smallest FDR q [15 HealthyGtRest_GLT#0_Tstat] = 4.45787e-14
++ Smallest FDR q [16 HealthyGtRest_GLT_Fstat] = 4.45815e-14
++ Smallest FDR q [18 HealthyPmod_GLT#0_Tstat] = 0.00668687
++ Smallest FDR q [19 HealthyPmod_GLT_Fstat] = 0.00668667
++ Smallest FDR q [21 UnhealthyGtRest_GLT#0_Tstat] = 4.80254e-14
++ Smallest FDR q [22 UnhealthyGtRest_GLT_Fstat] = 4.80238e-14
++ Smallest FDR q [24 UnhealthyPmod_GLT#0_Tstat] = 3.59995e-05
++ Smallest FDR q [25 UnhealthyPmod_GLT_Fstat] = 3.59978e-05
++ Smallest FDR q [27 HealthyGtUnhealthy_GLT#0_Tstat] = 0.00991346
++ Smallest FDR q [28 HealthyGtUnhealthy_GLT_Fstat] = 0.00991347
[7m*+ WARNING:[0m Smallest FDR q [30 HealthyGtUnhealthyPmod_GLT#0_Tstat] = 0.300781 ==> few true single voxel detections
[7m*+ WARNING:[0m Smallest FDR q [31 HealthyGtUnhealthyPmod_GLT_Fstat] = 0.299912 ==> few true single voxel detections
++ Wrote bucket dataset into ./CHIVES1060_2CondPmod_stats+tlrc.BRIK
 + created 21 FDR curves in bucket header
++ Wrote 3D+time dataset into ./CHIVES1060_2CondPmod+tlrc.BRIK
++ Wrote 3D+time dataset into ./CHIVES1060_2CondPmod+tlrc.BRIK
++ Program finished; elapsed time=36.199
** AFNI converts NIFTI_datatype=4 (INT16) in file /projects/sanlab/shared/CHIVES/bids_data/derivatives/fmriprep/sub-CHIVES1060/ses-wave1/func/s6_sub-CHIVES1060_ses-wave1_task-money_bold_space-MNI152NLin2009cAsym_preproc.nii to FLOAT32
     Warnings of this type will be muted for this session.
     Set AFNI_NIFTI_TYPE_WARN to YES to see them all, NO to see none.
++ '-stim_times_AM1 3 /projects/sanlab/shared/CHIVES/CHIVES_WTP_scripts/behavioral/money/afni_timing_files/CHIVES1060/BidOnsDur.1D' has 1 auxiliary values per time point
++ '-stim_times_AM1 3': basis function model 'dmBLOCK(1)' uses 1 parameters,
    out of the 1 found in timing file '/projects/sanlab/shared/CHIVES/CHIVES_WTP_scripts/behavioral/money/afni_timing_files/CHIVES1060/BidOnsDur.1D'
++ 3dDeconvolve extending num_stimts from 3 to 8 due to -ortvec
++ 3dDeconvolve: AFNI version=AFNI_18.2.04 (Jul  6 2018) [64-bit]
++ Authored by: B. Douglas Ward, et al.
++ current memory malloc-ated = 273,696 bytes (about 274 thousand [kilo])
++ loading dataset /projects/sanlab/shared/CHIVES/bids_data/derivatives/fmriprep/sub-CHIVES1060/ses-wave1/func/s6_sub-CHIVES1060_ses-wave1_task-money_bold_space-MNI152NLin2009cAsym_preproc.nii
++ current memory malloc-ated = 1,545,422,556 bytes (about 1.5 billion [giga])
++ forcibly using TR=2.0000 seconds for -input dataset
++ Skipping check for initial transients
++ Imaging duration=714.0 s; Automatic polort=5
++ -stim_times using TR=2 s for stimulus timing conversion
++ -stim_times using TR=2 s for any -iresp output datasets
++  [you can alter the -iresp TR via the -TR_times option]
++ ** -stim_times NOTE ** guessing GLOBAL times if 1 time per line; LOCAL otherwise
++ ** GUESSED ** -stim_times 1 using LOCAL times
++ ** GUESSED ** -stim_times 2 using LOCAL times
++ ** GUESSED ** -stim_times_AM1 3 using LOCAL times
------------------------------------------------------------
GLT matrix from 'SYM: Healthy':
   0   0   0   0   0   0   1   0   0   0   0   0   0   0 
 
------------------------------------------------------------
GLT matrix from 'SYM: Unhealthy':
   0   0   0   0   0   0   0   1   0   0   0   0   0   0 
 
------------------------------------------------------------
GLT matrix from 'SYM: Healthy -Unhealthy':
   0   0   0   0   0   0   1  -1   0   0   0   0   0   0 
 
++ Number of time points: 357 (no censoring)
 + Number of parameters:  14 [11 baseline ; 3 signal]
++ total shared memory needed = 3,172,526,620 bytes (about 3.2 billion [giga])
++ current memory malloc-ated = 1,546,550,748 bytes (about 1.5 billion [giga])
++ mmap() memory allocated: 3,172,526,620 bytes (about 3.2 billion [giga])
++ Memory required for output bricks = 3,172,526,620 bytes (about 3.2 billion [giga])
++ Wrote matrix values to file CHIVES1060_2Cond_xmat.1D
++ ========= Things you can do with the matrix file =========
++ (a) Linear regression with ARMA(1,1) modeling of serial correlation:

3dREMLfit -matrix CHIVES1060_2Cond_xmat.1D -input /projects/sanlab/shared/CHIVES/bids_data/derivatives/fmriprep/sub-CHIVES1060/ses-wave1/func/s6_sub-CHIVES1060_ses-wave1_task-money_bold_space-MNI152NLin2009cAsym_preproc.nii \
 -mask /projects/sanlab/shared/CHIVES/bids_data/derivatives/fmriprep/sub-CHIVES1060/ses-wave1/func/sub-CHIVES1060_ses-wave1_task-money_bold_space-MNI152NLin2009cAsym_brainmask.nii.gz \
 -fout -tout -Rbuck CHIVES1060_2Cond_stats_REML -Rvar CHIVES1060_2Cond_stats_REMLvar \
 -Rfitts CHIVES1060_2Cond_REML -Rerrts CHIVES1060_2Cond_REML -verb
 
++ N.B.: 3dREMLfit command above written to file CHIVES1060_2Cond_stats.REML_cmd
++ (b) Visualization/analysis of the matrix via ExamineXmat.R
++ (c) Synthesis of sub-model datasets using 3dSynthesize
++ ==========================================================
++ Wrote matrix values to file CHIVES1060_2Cond_uncensor_xmat.1D
++ ----- Signal+Baseline matrix condition [X] (357x14):  4.59605  ++ VERY GOOD ++
++ ----- Signal-only matrix condition [X] (357x3):  1.62155  ++ VERY GOOD ++
++ ----- Baseline-only matrix condition [X] (357x11):  4.52646  ++ VERY GOOD ++
++ ----- stim_base-only matrix condition [X] (357x5):  2.95199  ++ VERY GOOD ++
++ ----- polort-only matrix condition [X] (357x6):  1.01526  ++ VERY GOOD ++
++ +++++ Matrix inverse average error = 1.68816e-15  ++ VERY GOOD ++
++ Matrix setup time = 0.01 s
++ Voxels in dataset: 1082035
++ Voxels in mask:    264858
++ Voxels per job:    26485
++ Job #1: processing voxels 239915 to 319362; elapsed time=3.859
++ Job #2: processing voxels 319363 to 381753; elapsed time=3.885
++ Job #3: processing voxels 381754 to 436855; elapsed time=3.911
++ Job #4: processing voxels 436856 to 488467; elapsed time=3.937
++ Job #5: processing voxels 488468 to 543835; elapsed time=3.963
++ Job #6: processing voxels 543836 to 605213; elapsed time=3.989
++ Job #7: processing voxels 605214 to 666132; elapsed time=4.015
++ Job #8: processing voxels 666133 to 743258; elapsed time=4.041
++ Job #9: processing voxels 743259 to 1082034; elapsed time=4.068
++ Job #0: processing voxels 0 to 239914; elapsed time=4.078
++ voxel loop:0123456789.0123456789.0123456789.0123456789.0123456++ Job #2 finished; elapsed time=5.595
78++ Job #4 finished; elapsed time=5.651
++ Job #6 finished; elapsed time=5.690
++ Job #3 finished; elapsed time=5.713
++ Job #1 finished; elapsed time=5.736
9.++ Job #5 finished; elapsed time=5.747

++ Job #0 waiting for children to finish; elapsed time=5.748
++ Job #8 finished; elapsed time=5.760
++ Job #7 finished; elapsed time=5.826
++ Job #9 finished; elapsed time=5.993
++ Job #0 now finishing up; elapsed time=6.023
++ Smallest FDR q [0 Full_Fstat] = 7.76134e-15
++ Smallest FDR q [2 Healthy#0_Tstat] = 4.58273e-14
++ Smallest FDR q [3 Healthy_Fstat] = 4.58273e-14
++ Smallest FDR q [5 Unhealthy#0_Tstat] = 4.8694e-14
++ Smallest FDR q [6 Unhealthy_Fstat] = 4.86929e-14
++ Smallest FDR q [8 BidsNMiss#0_Tstat] = 2.54502e-14
++ Smallest FDR q [9 BidsNMiss_Fstat] = 2.54483e-14
++ Smallest FDR q [11 HealthyGtRest_GLT#0_Tstat] = 4.58273e-14
++ Smallest FDR q [12 HealthyGtRest_GLT_Fstat] = 4.58273e-14
++ Smallest FDR q [14 UnhealthyGtRest_GLT#0_Tstat] = 4.8694e-14
++ Smallest FDR q [15 UnhealthyGtRest_GLT_Fstat] = 4.86917e-14
++ Smallest FDR q [17 HealthyGtUnhealthy_GLT#0_Tstat] = 0.00797062
++ Smallest FDR q [18 HealthyGtUnhealthy_GLT_Fstat] = 0.00797011
++ Wrote bucket dataset into ./CHIVES1060_2Cond_stats+tlrc.BRIK
 + created 13 FDR curves in bucket header
++ Wrote 3D+time dataset into ./CHIVES1060_2Cond+tlrc.BRIK
++ Wrote 3D+time dataset into ./CHIVES1060_2Cond+tlrc.BRIK
++ Program finished; elapsed time=24.762
