** AFNI converts NIFTI_datatype=4 (INT16) in file /projects/sanlab/shared/CHIVES/bids_data/derivatives/fmriprep/sub-CHIVES1014/ses-wave1/func/s6_sub-CHIVES1014_ses-wave1_task-money_bold_space-MNI152NLin2009cAsym_preproc.nii to FLOAT32
     Warnings of this type will be muted for this session.
     Set AFNI_NIFTI_TYPE_WARN to YES to see them all, NO to see none.
++ '-stim_times_AM2 1 /projects/sanlab/shared/CHIVES/CHIVES_WTP_scripts/behavioral/money/afni_timing_files/CHIVES1014/AllCondsPmod.1D' has 1 auxiliary values per time point
++ '-stim_times_AM2 1 /projects/sanlab/shared/CHIVES/CHIVES_WTP_scripts/behavioral/money/afni_timing_files/CHIVES1014/AllCondsPmod.1D' will have 2 regressors
++ '-stim_times_AM1 2 /projects/sanlab/shared/CHIVES/CHIVES_WTP_scripts/behavioral/money/afni_timing_files/CHIVES1014/BidOnsDur.1D' has 1 auxiliary values per time point
++ '-stim_times_AM1 2': basis function model 'dmBLOCK(1)' uses 1 parameters,
    out of the 1 found in timing file '/projects/sanlab/shared/CHIVES/CHIVES_WTP_scripts/behavioral/money/afni_timing_files/CHIVES1014/BidOnsDur.1D'
++ 3dDeconvolve extending num_stimts from 2 to 7 due to -ortvec
++ 3dDeconvolve: AFNI version=AFNI_18.2.04 (Jul  6 2018) [64-bit]
++ Authored by: B. Douglas Ward, et al.
++ current memory malloc-ated = 262,674 bytes (about 263 thousand [kilo])
++ loading dataset /projects/sanlab/shared/CHIVES/bids_data/derivatives/fmriprep/sub-CHIVES1014/ses-wave1/func/s6_sub-CHIVES1014_ses-wave1_task-money_bold_space-MNI152NLin2009cAsym_preproc.nii
++ current memory malloc-ated = 1,545,411,534 bytes (about 1.5 billion [giga])
++ forcibly using TR=2.0000 seconds for -input dataset
++ Skipping check for initial transients
++ Imaging duration=714.0 s; Automatic polort=5
++ -stim_times using TR=2 s for stimulus timing conversion
++ -stim_times using TR=2 s for any -iresp output datasets
++  [you can alter the -iresp TR via the -TR_times option]
++ ** -stim_times NOTE ** guessing GLOBAL times if 1 time per line; LOCAL otherwise
++ ** GUESSED ** -stim_times_AM2 1 using LOCAL times
++ '-stim_times_AM2 1' average amplitude#1=0.566667
++ ** GUESSED ** -stim_times_AM1 2 using LOCAL times
------------------------------------------------------------
GLT matrix from 'SYM: AllConds[0]':
   0   0   0   0   0   0   1   0   0   0   0   0   0   0 
 
------------------------------------------------------------
GLT matrix from 'SYM: AllConds[1]':
   0   0   0   0   0   0   0   1   0   0   0   0   0   0 
 
++ Number of time points: 357 (no censoring)
 + Number of parameters:  14 [11 baseline ; 3 signal]
++ total shared memory needed = 3,155,214,060 bytes (about 3.2 billion [giga])
++ current memory malloc-ated = 1,546,539,680 bytes (about 1.5 billion [giga])
++ mmap() memory allocated: 3,155,214,060 bytes (about 3.2 billion [giga])
++ Memory required for output bricks = 3,155,214,060 bytes (about 3.2 billion [giga])
++ Wrote matrix values to file CHIVES1014_AllCondPmod_xmat.1D
++ ========= Things you can do with the matrix file =========
++ (a) Linear regression with ARMA(1,1) modeling of serial correlation:

3dREMLfit -matrix CHIVES1014_AllCondPmod_xmat.1D -input /projects/sanlab/shared/CHIVES/bids_data/derivatives/fmriprep/sub-CHIVES1014/ses-wave1/func/s6_sub-CHIVES1014_ses-wave1_task-money_bold_space-MNI152NLin2009cAsym_preproc.nii \
 -mask /projects/sanlab/shared/CHIVES/bids_data/derivatives/fmriprep/sub-CHIVES1014/ses-wave1/func/sub-CHIVES1014_ses-wave1_task-money_bold_space-MNI152NLin2009cAsym_brainmask.nii.gz \
 -fout -tout -Rbuck CHIVES1014_AllCondPmod_stats_REML -Rvar CHIVES1014_AllCondPmod_stats_REMLvar \
 -Rfitts CHIVES1014_AllCondPmod_REML -Rerrts CHIVES1014_AllCondPmod_REML -verb
 
++ N.B.: 3dREMLfit command above written to file CHIVES1014_AllCondPmod_stats.REML_cmd
++ (b) Visualization/analysis of the matrix via ExamineXmat.R
++ (c) Synthesis of sub-model datasets using 3dSynthesize
++ ==========================================================
++ Wrote matrix values to file CHIVES1014_AllCondPmod_uncensor_xmat.1D
++ ----- Signal+Baseline matrix condition [X] (357x14):  3.09942  ++ VERY GOOD ++
++ ----- Signal-only matrix condition [X] (357x3):  1.61644  ++ VERY GOOD ++
++ ----- Baseline-only matrix condition [X] (357x11):  3.0712  ++ VERY GOOD ++
++ ----- stim_base-only matrix condition [X] (357x5):  1.75229  ++ VERY GOOD ++
++ ----- polort-only matrix condition [X] (357x6):  1.01526  ++ VERY GOOD ++
++ +++++ Matrix inverse average error = 8.05384e-16  ++ VERY GOOD ++
++ Matrix setup time = 0.01 s
++ Voxels in dataset: 1082035
++ Voxels in mask:    261238
++ Voxels per job:    26123
++ Job #1: processing voxels 247785 to 326174; elapsed time=4.335
++ Job #2: processing voxels 326175 to 383586; elapsed time=4.365
++ Job #3: processing voxels 383587 to 438488; elapsed time=4.394
++ Job #4: processing voxels 438489 to 492901; elapsed time=4.422
++ Job #5: processing voxels 492902 to 548105; elapsed time=4.450
++ Job #6: processing voxels 548106 to 606207; elapsed time=4.478
++ Job #7: processing voxels 606208 to 671295; elapsed time=4.505
++ Job #8: processing voxels 671296 to 744129; elapsed time=4.533
++ Job #9: processing voxels 744130 to 1082034; elapsed time=4.561
++ Job #0: processing voxels 0 to 247784; elapsed time=4.571
++ voxel loop:0123456789.0123456789.0123456789.0123456789.012345++ Job #1 finished; elapsed time=5.853
++ Job #3 finished; elapsed time=5.879
++ Job #2 finished; elapsed time=5.905
6++ Job #4 finished; elapsed time=5.925
++ Job #5 finished; elapsed time=5.934
++ Job #6 finished; elapsed time=5.962
7++ Job #7 finished; elapsed time=6.024
++ Job #8 finished; elapsed time=6.038
89.
++ Job #0 waiting for children to finish; elapsed time=6.095
++ Job #9 finished; elapsed time=6.121
++ Job #0 now finishing up; elapsed time=6.151
++ Smallest FDR q [0 Full_Fstat] = 4.14722e-15
++ Smallest FDR q [2 AllConds#0_Tstat] = 1.66028e-14
++ Smallest FDR q [4 AllConds#1_Tstat] = 2.26748e-06
++ Smallest FDR q [5 AllConds_Fstat] = 1.39658e-14
++ Smallest FDR q [7 BidsNMiss#0_Tstat] = 2.08638e-14
++ Smallest FDR q [8 BidsNMiss_Fstat] = 2.08642e-14
++ Smallest FDR q [10 CondGtRest_GLT#0_Tstat] = 1.66028e-14
++ Smallest FDR q [11 CondGtRest_GLT_Fstat] = 1.66026e-14
++ Smallest FDR q [13 Pmod_GLT#0_Tstat] = 2.26748e-06
++ Smallest FDR q [14 Pmod_GLT_Fstat] = 2.26756e-06
++ Wrote bucket dataset into ./CHIVES1014_AllCondPmod_stats+tlrc.BRIK
 + created 10 FDR curves in bucket header
++ Wrote 3D+time dataset into ./CHIVES1014_AllCondPmod+tlrc.BRIK
++ Wrote 3D+time dataset into ./CHIVES1014_AllCondPmod+tlrc.BRIK
++ Program finished; elapsed time=22.043
** AFNI converts NIFTI_datatype=4 (INT16) in file /projects/sanlab/shared/CHIVES/bids_data/derivatives/fmriprep/sub-CHIVES1014/ses-wave1/func/s6_sub-CHIVES1014_ses-wave1_task-money_bold_space-MNI152NLin2009cAsym_preproc.nii to FLOAT32
     Warnings of this type will be muted for this session.
     Set AFNI_NIFTI_TYPE_WARN to YES to see them all, NO to see none.
++ '-stim_times_AM2 1 /projects/sanlab/shared/CHIVES/CHIVES_WTP_scripts/behavioral/money/afni_timing_files/CHIVES1014/HealthyPmod.1D' has 1 auxiliary values per time point
++ '-stim_times_AM2 1 /projects/sanlab/shared/CHIVES/CHIVES_WTP_scripts/behavioral/money/afni_timing_files/CHIVES1014/HealthyPmod.1D' will have 2 regressors
++ '-stim_times_AM2 2 /projects/sanlab/shared/CHIVES/CHIVES_WTP_scripts/behavioral/money/afni_timing_files/CHIVES1014/UnhealthyPmod.1D' has 1 auxiliary values per time point
++ '-stim_times_AM2 2 /projects/sanlab/shared/CHIVES/CHIVES_WTP_scripts/behavioral/money/afni_timing_files/CHIVES1014/UnhealthyPmod.1D' will have 2 regressors
++ '-stim_times_AM1 3 /projects/sanlab/shared/CHIVES/CHIVES_WTP_scripts/behavioral/money/afni_timing_files/CHIVES1014/BidOnsDur.1D' has 1 auxiliary values per time point
++ '-stim_times_AM1 3': basis function model 'dmBLOCK(1)' uses 1 parameters,
    out of the 1 found in timing file '/projects/sanlab/shared/CHIVES/CHIVES_WTP_scripts/behavioral/money/afni_timing_files/CHIVES1014/BidOnsDur.1D'
++ 3dDeconvolve extending num_stimts from 3 to 8 due to -ortvec
++ 3dDeconvolve: AFNI version=AFNI_18.2.04 (Jul  6 2018) [64-bit]
++ Authored by: B. Douglas Ward, et al.
++ current memory malloc-ated = 289,940 bytes (about 290 thousand [kilo])
++ loading dataset /projects/sanlab/shared/CHIVES/bids_data/derivatives/fmriprep/sub-CHIVES1014/ses-wave1/func/s6_sub-CHIVES1014_ses-wave1_task-money_bold_space-MNI152NLin2009cAsym_preproc.nii
++ current memory malloc-ated = 1,545,438,800 bytes (about 1.5 billion [giga])
++ forcibly using TR=2.0000 seconds for -input dataset
++ Skipping check for initial transients
++ Imaging duration=714.0 s; Automatic polort=5
++ -stim_times using TR=2 s for stimulus timing conversion
++ -stim_times using TR=2 s for any -iresp output datasets
++  [you can alter the -iresp TR via the -TR_times option]
++ ** -stim_times NOTE ** guessing GLOBAL times if 1 time per line; LOCAL otherwise
++ ** GUESSED ** -stim_times_AM2 1 using LOCAL times
++ '-stim_times_AM2 1' average amplitude#1=0.733333
++ ** GUESSED ** -stim_times_AM2 2 using LOCAL times
++ '-stim_times_AM2 2' average amplitude#1=0.4
++ ** GUESSED ** -stim_times_AM1 3 using LOCAL times
------------------------------------------------------------
GLT matrix from 'SYM: HealthyPmod[0]':
   0   0   0   0   0   0   1   0   0   0   0   0   0   0   0   0 
 
------------------------------------------------------------
GLT matrix from 'SYM: HealthyPmod[1]':
   0   0   0   0   0   0   0   1   0   0   0   0   0   0   0   0 
 
------------------------------------------------------------
GLT matrix from 'SYM: UnhealthyPmod[0]':
   0   0   0   0   0   0   0   0   1   0   0   0   0   0   0   0 
 
------------------------------------------------------------
GLT matrix from 'SYM: UnhealthyPmod[1]':
   0   0   0   0   0   0   0   0   0   1   0   0   0   0   0   0 
 
------------------------------------------------------------
GLT matrix from 'SYM: HealthyPmod[0] -UnhealthyPmod[0]':
   0   0   0   0   0   0   1   0  -1   0   0   0   0   0   0   0 
 
------------------------------------------------------------
GLT matrix from 'SYM: HealthyPmod[1] -UnhealthyPmod[1]':
   0   0   0   0   0   0   0   1   0  -1   0   0   0   0   0   0 
 
++ Number of time points: 357 (no censoring)
 + Number of parameters:  16 [11 baseline ; 5 signal]
++ total shared memory needed = 3,228,792,440 bytes (about 3.2 billion [giga])
++ current memory malloc-ated = 1,546,571,546 bytes (about 1.5 billion [giga])
++ mmap() memory allocated: 3,228,792,440 bytes (about 3.2 billion [giga])
++ Memory required for output bricks = 3,228,792,440 bytes (about 3.2 billion [giga])
++ Wrote matrix values to file CHIVES1014_2CondPmod_xmat.1D
++ ========= Things you can do with the matrix file =========
++ (a) Linear regression with ARMA(1,1) modeling of serial correlation:

3dREMLfit -matrix CHIVES1014_2CondPmod_xmat.1D -input /projects/sanlab/shared/CHIVES/bids_data/derivatives/fmriprep/sub-CHIVES1014/ses-wave1/func/s6_sub-CHIVES1014_ses-wave1_task-money_bold_space-MNI152NLin2009cAsym_preproc.nii \
 -mask /projects/sanlab/shared/CHIVES/bids_data/derivatives/fmriprep/sub-CHIVES1014/ses-wave1/func/sub-CHIVES1014_ses-wave1_task-money_bold_space-MNI152NLin2009cAsym_brainmask.nii.gz \
 -fout -tout -Rbuck CHIVES1014_2CondPmod_stats_REML -Rvar CHIVES1014_2CondPmod_stats_REMLvar \
 -Rfitts CHIVES1014_2CondPmod_REML -Rerrts CHIVES1014_2CondPmod_REML -verb
 
++ N.B.: 3dREMLfit command above written to file CHIVES1014_2CondPmod_stats.REML_cmd
++ (b) Visualization/analysis of the matrix via ExamineXmat.R
++ (c) Synthesis of sub-model datasets using 3dSynthesize
++ ==========================================================
++ Wrote matrix values to file CHIVES1014_2CondPmod_uncensor_xmat.1D
++ ----- Signal+Baseline matrix condition [X] (357x16):  3.14044  ++ VERY GOOD ++
++ ----- Signal-only matrix condition [X] (357x5):  1.6165  ++ VERY GOOD ++
++ ----- Baseline-only matrix condition [X] (357x11):  3.0712  ++ VERY GOOD ++
++ ----- stim_base-only matrix condition [X] (357x5):  1.75229  ++ VERY GOOD ++
++ ----- polort-only matrix condition [X] (357x6):  1.01526  ++ VERY GOOD ++
++ +++++ Matrix inverse average error = 6.7405e-16  ++ VERY GOOD ++
++ Matrix setup time = 0.02 s
++ Voxels in dataset: 1082035
++ Voxels in mask:    261238
++ Voxels per job:    26123
++ Job #1: processing voxels 247785 to 326174; elapsed time=3.847
++ Job #2: processing voxels 326175 to 383586; elapsed time=3.874
++ Job #3: processing voxels 383587 to 438488; elapsed time=3.900
++ Job #4: processing voxels 438489 to 492901; elapsed time=3.926
++ Job #5: processing voxels 492902 to 548105; elapsed time=3.952
++ Job #6: processing voxels 548106 to 606207; elapsed time=3.978
++ Job #7: processing voxels 606208 to 671295; elapsed time=4.005
++ Job #8: processing voxels 671296 to 744129; elapsed time=4.031
++ Job #9: processing voxels 744130 to 1082034; elapsed time=4.058
++ Job #0: processing voxels 0 to 247784; elapsed time=4.068
++ voxel loop:0123456789.0123456789.0123456789.0123456789.0123456++ Job #2 finished; elapsed time=5.914
7++ Job #4 finished; elapsed time=5.975
++ Job #6 finished; elapsed time=6.023
++ Job #3 finished; elapsed time=6.040
++ Job #1 finished; elapsed time=6.050
++ Job #5 finished; elapsed time=6.068
89.
++ Job #0 waiting for children to finish; elapsed time=6.101
++ Job #8 finished; elapsed time=6.106
++ Job #7 finished; elapsed time=6.160
++ Job #9 finished; elapsed time=6.311
++ Job #0 now finishing up; elapsed time=6.343
++ Smallest FDR q [0 Full_Fstat] = 4.3175e-15
++ Smallest FDR q [2 HealthyPmod#0_Tstat] = 2.25014e-14
++ Smallest FDR q [4 HealthyPmod#1_Tstat] = 0.00454319
++ Smallest FDR q [5 HealthyPmod_Fstat] = 2.32886e-14
++ Smallest FDR q [7 UnhealthyPmod#0_Tstat] = 3.62822e-14
++ Smallest FDR q [9 UnhealthyPmod#1_Tstat] = 0.000521168
++ Smallest FDR q [10 UnhealthyPmod_Fstat] = 3.06171e-14
++ Smallest FDR q [12 BidsNMiss#0_Tstat] = 2.05843e-14
++ Smallest FDR q [13 BidsNMiss_Fstat] = 2.05834e-14
++ Smallest FDR q [15 HealthyGtRest_GLT#0_Tstat] = 2.25014e-14
++ Smallest FDR q [16 HealthyGtRest_GLT_Fstat] = 2.25007e-14
++ Smallest FDR q [18 HealthyPmod_GLT#0_Tstat] = 0.00454319
++ Smallest FDR q [19 HealthyPmod_GLT_Fstat] = 0.00454338
++ Smallest FDR q [21 UnhealthyGtRest_GLT#0_Tstat] = 3.62822e-14
++ Smallest FDR q [22 UnhealthyGtRest_GLT_Fstat] = 3.62796e-14
++ Smallest FDR q [24 UnhealthyPmod_GLT#0_Tstat] = 0.000521168
++ Smallest FDR q [25 UnhealthyPmod_GLT_Fstat] = 0.000521114
++ Smallest FDR q [27 HealthyGtUnhealthy_GLT#0_Tstat] = 0.00112469
++ Smallest FDR q [28 HealthyGtUnhealthy_GLT_Fstat] = 0.00112474
++ Smallest FDR q [30 HealthyGtUnhealthyPmod_GLT#0_Tstat] = 0.0423217
++ Smallest FDR q [31 HealthyGtUnhealthyPmod_GLT_Fstat] = 0.042323
++ Wrote bucket dataset into ./CHIVES1014_2CondPmod_stats+tlrc.BRIK
 + created 21 FDR curves in bucket header
++ Wrote 3D+time dataset into ./CHIVES1014_2CondPmod+tlrc.BRIK
++ Wrote 3D+time dataset into ./CHIVES1014_2CondPmod+tlrc.BRIK
++ Program finished; elapsed time=37.379
** AFNI converts NIFTI_datatype=4 (INT16) in file /projects/sanlab/shared/CHIVES/bids_data/derivatives/fmriprep/sub-CHIVES1014/ses-wave1/func/s6_sub-CHIVES1014_ses-wave1_task-money_bold_space-MNI152NLin2009cAsym_preproc.nii to FLOAT32
     Warnings of this type will be muted for this session.
     Set AFNI_NIFTI_TYPE_WARN to YES to see them all, NO to see none.
++ '-stim_times_AM1 3 /projects/sanlab/shared/CHIVES/CHIVES_WTP_scripts/behavioral/money/afni_timing_files/CHIVES1014/BidOnsDur.1D' has 1 auxiliary values per time point
++ '-stim_times_AM1 3': basis function model 'dmBLOCK(1)' uses 1 parameters,
    out of the 1 found in timing file '/projects/sanlab/shared/CHIVES/CHIVES_WTP_scripts/behavioral/money/afni_timing_files/CHIVES1014/BidOnsDur.1D'
++ 3dDeconvolve extending num_stimts from 3 to 8 due to -ortvec
++ 3dDeconvolve: AFNI version=AFNI_18.2.04 (Jul  6 2018) [64-bit]
++ Authored by: B. Douglas Ward, et al.
++ current memory malloc-ated = 273,696 bytes (about 274 thousand [kilo])
++ loading dataset /projects/sanlab/shared/CHIVES/bids_data/derivatives/fmriprep/sub-CHIVES1014/ses-wave1/func/s6_sub-CHIVES1014_ses-wave1_task-money_bold_space-MNI152NLin2009cAsym_preproc.nii
++ current memory malloc-ated = 1,545,422,556 bytes (about 1.5 billion [giga])
++ forcibly using TR=2.0000 seconds for -input dataset
++ Skipping check for initial transients
++ Imaging duration=714.0 s; Automatic polort=5
++ -stim_times using TR=2 s for stimulus timing conversion
++ -stim_times using TR=2 s for any -iresp output datasets
++  [you can alter the -iresp TR via the -TR_times option]
++ ** -stim_times NOTE ** guessing GLOBAL times if 1 time per line; LOCAL otherwise
++ ** GUESSED ** -stim_times 1 using LOCAL times
++ ** GUESSED ** -stim_times 2 using LOCAL times
++ ** GUESSED ** -stim_times_AM1 3 using LOCAL times
------------------------------------------------------------
GLT matrix from 'SYM: Healthy':
   0   0   0   0   0   0   1   0   0   0   0   0   0   0 
 
------------------------------------------------------------
GLT matrix from 'SYM: Unhealthy':
   0   0   0   0   0   0   0   1   0   0   0   0   0   0 
 
------------------------------------------------------------
GLT matrix from 'SYM: Healthy -Unhealthy':
   0   0   0   0   0   0   1  -1   0   0   0   0   0   0 
 
++ Number of time points: 357 (no censoring)
 + Number of parameters:  14 [11 baseline ; 3 signal]
++ total shared memory needed = 3,172,526,620 bytes (about 3.2 billion [giga])
++ current memory malloc-ated = 1,546,550,748 bytes (about 1.5 billion [giga])
++ mmap() memory allocated: 3,172,526,620 bytes (about 3.2 billion [giga])
++ Memory required for output bricks = 3,172,526,620 bytes (about 3.2 billion [giga])
++ Wrote matrix values to file CHIVES1014_2Cond_xmat.1D
++ ========= Things you can do with the matrix file =========
++ (a) Linear regression with ARMA(1,1) modeling of serial correlation:

3dREMLfit -matrix CHIVES1014_2Cond_xmat.1D -input /projects/sanlab/shared/CHIVES/bids_data/derivatives/fmriprep/sub-CHIVES1014/ses-wave1/func/s6_sub-CHIVES1014_ses-wave1_task-money_bold_space-MNI152NLin2009cAsym_preproc.nii \
 -mask /projects/sanlab/shared/CHIVES/bids_data/derivatives/fmriprep/sub-CHIVES1014/ses-wave1/func/sub-CHIVES1014_ses-wave1_task-money_bold_space-MNI152NLin2009cAsym_brainmask.nii.gz \
 -fout -tout -Rbuck CHIVES1014_2Cond_stats_REML -Rvar CHIVES1014_2Cond_stats_REMLvar \
 -Rfitts CHIVES1014_2Cond_REML -Rerrts CHIVES1014_2Cond_REML -verb
 
++ N.B.: 3dREMLfit command above written to file CHIVES1014_2Cond_stats.REML_cmd
++ (b) Visualization/analysis of the matrix via ExamineXmat.R
++ (c) Synthesis of sub-model datasets using 3dSynthesize
++ ==========================================================
++ Wrote matrix values to file CHIVES1014_2Cond_uncensor_xmat.1D
++ ----- Signal+Baseline matrix condition [X] (357x14):  3.10838  ++ VERY GOOD ++
++ ----- Signal-only matrix condition [X] (357x3):  1.61647  ++ VERY GOOD ++
++ ----- Baseline-only matrix condition [X] (357x11):  3.0712  ++ VERY GOOD ++
++ ----- stim_base-only matrix condition [X] (357x5):  1.75229  ++ VERY GOOD ++
++ ----- polort-only matrix condition [X] (357x6):  1.01526  ++ VERY GOOD ++
++ +++++ Matrix inverse average error = 7.38881e-16  ++ VERY GOOD ++
++ Matrix setup time = 0.01 s
++ Voxels in dataset: 1082035
++ Voxels in mask:    261238
++ Voxels per job:    26123
++ Job #1: processing voxels 247785 to 326174; elapsed time=3.960
++ Job #2: processing voxels 326175 to 383586; elapsed time=3.993
++ Job #3: processing voxels 383587 to 438488; elapsed time=4.028
++ Job #4: processing voxels 438489 to 492901; elapsed time=4.055
++ Job #5: processing voxels 492902 to 548105; elapsed time=4.080
++ Job #6: processing voxels 548106 to 606207; elapsed time=4.106
++ Job #7: processing voxels 606208 to 671295; elapsed time=4.131
++ Job #8: processing voxels 671296 to 744129; elapsed time=4.157
++ Job #9: processing voxels 744130 to 1082034; elapsed time=4.183
++ Job #0: processing voxels 0 to 247784; elapsed time=4.193
++ voxel loop:0123456789.0123456789.0123456789.0123456789.012345++ Job #1 finished; elapsed time=5.721
6++ Job #2 finished; elapsed time=5.727
++ Job #3 finished; elapsed time=5.770
7++ Job #4 finished; elapsed time=5.795
++ Job #5 finished; elapsed time=5.815
++ Job #7 finished; elapsed time=5.863
++ Job #6 finished; elapsed time=5.883
++ Job #8 finished; elapsed time=5.899
89.
++ Job #0 waiting for children to finish; elapsed time=5.920
++ Job #9 finished; elapsed time=5.996
++ Job #0 now finishing up; elapsed time=6.028
++ Smallest FDR q [0 Full_Fstat] = 4.51498e-15
++ Smallest FDR q [2 Healthy#0_Tstat] = 2.29003e-14
++ Smallest FDR q [3 Healthy_Fstat] = 2.2902e-14
++ Smallest FDR q [5 Unhealthy#0_Tstat] = 3.42028e-14
++ Smallest FDR q [6 Unhealthy_Fstat] = 3.42023e-14
++ Smallest FDR q [8 BidsNMiss#0_Tstat] = 2.07329e-14
++ Smallest FDR q [9 BidsNMiss_Fstat] = 2.07317e-14
++ Smallest FDR q [11 HealthyGtRest_GLT#0_Tstat] = 2.29003e-14
++ Smallest FDR q [12 HealthyGtRest_GLT_Fstat] = 2.29023e-14
++ Smallest FDR q [14 UnhealthyGtRest_GLT#0_Tstat] = 3.42028e-14
++ Smallest FDR q [15 UnhealthyGtRest_GLT_Fstat] = 3.42028e-14
++ Smallest FDR q [17 HealthyGtUnhealthy_GLT#0_Tstat] = 0.000850357
++ Smallest FDR q [18 HealthyGtUnhealthy_GLT_Fstat] = 0.000850396
++ Wrote bucket dataset into ./CHIVES1014_2Cond_stats+tlrc.BRIK
 + created 13 FDR curves in bucket header
++ Wrote 3D+time dataset into ./CHIVES1014_2Cond+tlrc.BRIK
++ Wrote 3D+time dataset into ./CHIVES1014_2Cond+tlrc.BRIK
++ Program finished; elapsed time=24.339
