** AFNI converts NIFTI_datatype=4 (INT16) in file /projects/sanlab/shared/CHIVES/bids_data/derivatives/fmriprep/sub-CHIVES1034/ses-wave1/func/s6_sub-CHIVES1034_ses-wave1_task-money_bold_space-MNI152NLin2009cAsym_preproc.nii to FLOAT32
     Warnings of this type will be muted for this session.
     Set AFNI_NIFTI_TYPE_WARN to YES to see them all, NO to see none.
++ '-stim_times_AM2 1 /projects/sanlab/shared/CHIVES/CHIVES_WTP_scripts/behavioral/money/afni_timing_files/CHIVES1034/AllCondsPmod.1D' has 1 auxiliary values per time point
++ '-stim_times_AM2 1 /projects/sanlab/shared/CHIVES/CHIVES_WTP_scripts/behavioral/money/afni_timing_files/CHIVES1034/AllCondsPmod.1D' will have 2 regressors
++ '-stim_times_AM1 2 /projects/sanlab/shared/CHIVES/CHIVES_WTP_scripts/behavioral/money/afni_timing_files/CHIVES1034/BidOnsDur.1D' has 1 auxiliary values per time point
++ '-stim_times_AM1 2': basis function model 'dmBLOCK(1)' uses 1 parameters,
    out of the 1 found in timing file '/projects/sanlab/shared/CHIVES/CHIVES_WTP_scripts/behavioral/money/afni_timing_files/CHIVES1034/BidOnsDur.1D'
++ 3dDeconvolve extending num_stimts from 2 to 7 due to -ortvec
++ 3dDeconvolve: AFNI version=AFNI_18.2.04 (Jul  6 2018) [64-bit]
++ Authored by: B. Douglas Ward, et al.
++ current memory malloc-ated = 262,674 bytes (about 263 thousand [kilo])
++ loading dataset /projects/sanlab/shared/CHIVES/bids_data/derivatives/fmriprep/sub-CHIVES1034/ses-wave1/func/s6_sub-CHIVES1034_ses-wave1_task-money_bold_space-MNI152NLin2009cAsym_preproc.nii
++ current memory malloc-ated = 1,545,411,534 bytes (about 1.5 billion [giga])
++ forcibly using TR=2.0000 seconds for -input dataset
++ Skipping check for initial transients
++ Imaging duration=714.0 s; Automatic polort=5
++ -stim_times using TR=2 s for stimulus timing conversion
++ -stim_times using TR=2 s for any -iresp output datasets
++  [you can alter the -iresp TR via the -TR_times option]
++ ** -stim_times NOTE ** guessing GLOBAL times if 1 time per line; LOCAL otherwise
++ ** GUESSED ** -stim_times_AM2 1 using LOCAL times
++ '-stim_times_AM2 1' average amplitude#1=1.13333
++ ** GUESSED ** -stim_times_AM1 2 using LOCAL times
------------------------------------------------------------
GLT matrix from 'SYM: AllConds[0]':
   0   0   0   0   0   0   1   0   0   0   0   0   0   0 
 
------------------------------------------------------------
GLT matrix from 'SYM: AllConds[1]':
   0   0   0   0   0   0   0   1   0   0   0   0   0   0 
 
++ Number of time points: 357 (no censoring)
 + Number of parameters:  14 [11 baseline ; 3 signal]
++ total shared memory needed = 3,155,214,060 bytes (about 3.2 billion [giga])
++ current memory malloc-ated = 1,546,539,680 bytes (about 1.5 billion [giga])
++ mmap() memory allocated: 3,155,214,060 bytes (about 3.2 billion [giga])
++ Memory required for output bricks = 3,155,214,060 bytes (about 3.2 billion [giga])
++ Wrote matrix values to file CHIVES1034_AllCondPmod_xmat.1D
++ ========= Things you can do with the matrix file =========
++ (a) Linear regression with ARMA(1,1) modeling of serial correlation:

3dREMLfit -matrix CHIVES1034_AllCondPmod_xmat.1D -input /projects/sanlab/shared/CHIVES/bids_data/derivatives/fmriprep/sub-CHIVES1034/ses-wave1/func/s6_sub-CHIVES1034_ses-wave1_task-money_bold_space-MNI152NLin2009cAsym_preproc.nii \
 -mask /projects/sanlab/shared/CHIVES/bids_data/derivatives/fmriprep/sub-CHIVES1034/ses-wave1/func/sub-CHIVES1034_ses-wave1_task-money_bold_space-MNI152NLin2009cAsym_brainmask.nii.gz \
 -fout -tout -Rbuck CHIVES1034_AllCondPmod_stats_REML -Rvar CHIVES1034_AllCondPmod_stats_REMLvar \
 -Rfitts CHIVES1034_AllCondPmod_REML -Rerrts CHIVES1034_AllCondPmod_REML -verb
 
++ N.B.: 3dREMLfit command above written to file CHIVES1034_AllCondPmod_stats.REML_cmd
++ (b) Visualization/analysis of the matrix via ExamineXmat.R
++ (c) Synthesis of sub-model datasets using 3dSynthesize
++ ==========================================================
++ Wrote matrix values to file CHIVES1034_AllCondPmod_uncensor_xmat.1D
++ ----- Signal+Baseline matrix condition [X] (357x14):  2.37038  ++ VERY GOOD ++
++ ----- Signal-only matrix condition [X] (357x3):  1.57731  ++ VERY GOOD ++
++ ----- Baseline-only matrix condition [X] (357x11):  2.35628  ++ VERY GOOD ++
++ ----- stim_base-only matrix condition [X] (357x5):  2.03331  ++ VERY GOOD ++
++ ----- polort-only matrix condition [X] (357x6):  1.01526  ++ VERY GOOD ++
++ +++++ Matrix inverse average error = 6.48007e-16  ++ VERY GOOD ++
++ Matrix setup time = 0.01 s
++ Voxels in dataset: 1082035
++ Voxels in mask:    263823
++ Voxels per job:    26382
++ Job #1: processing voxels 241359 to 321803; elapsed time=3.856
++ Job #2: processing voxels 321804 to 383088; elapsed time=3.882
++ Job #3: processing voxels 383089 to 438394; elapsed time=3.908
++ Job #4: processing voxels 438395 to 493014; elapsed time=3.934
++ Job #5: processing voxels 493015 to 548477; elapsed time=3.961
++ Job #6: processing voxels 548478 to 606228; elapsed time=3.987
++ Job #7: processing voxels 606229 to 667203; elapsed time=4.013
++ Job #8: processing voxels 667204 to 743862; elapsed time=4.039
++ Job #9: processing voxels 743863 to 1082034; elapsed time=4.066
++ Job #0: processing voxels 0 to 241358; elapsed time=4.076
++ voxel loop:0123456789.0123456789.0123456789.0123456789.0123456++ Job #2 finished; elapsed time=5.348
78++ Job #4 finished; elapsed time=5.417
++ Job #1 finished; elapsed time=5.463
++ Job #6 finished; elapsed time=5.472
++ Job #3 finished; elapsed time=5.474
++ Job #5 finished; elapsed time=5.524
++ Job #8 finished; elapsed time=5.526
9.
++ Job #7 finished; elapsed time=5.551
++ Job #0 waiting for children to finish; elapsed time=5.551
++ Job #9 finished; elapsed time=5.714
++ Job #0 now finishing up; elapsed time=5.748
++ Smallest FDR q [0 Full_Fstat] = 1.59055e-14
++ Smallest FDR q [2 AllConds#0_Tstat] = 7.19999e-14
++ Smallest FDR q [4 AllConds#1_Tstat] = 0.0478811
++ Smallest FDR q [5 AllConds_Fstat] = 7.9606e-14
++ Smallest FDR q [7 BidsNMiss#0_Tstat] = 4.80827e-14
++ Smallest FDR q [8 BidsNMiss_Fstat] = 4.80827e-14
++ Smallest FDR q [10 CondGtRest_GLT#0_Tstat] = 7.19999e-14
++ Smallest FDR q [11 CondGtRest_GLT_Fstat] = 7.19984e-14
++ Smallest FDR q [13 Pmod_GLT#0_Tstat] = 0.0478811
++ Smallest FDR q [14 Pmod_GLT_Fstat] = 0.0478812
++ Wrote bucket dataset into ./CHIVES1034_AllCondPmod_stats+tlrc.BRIK
 + created 10 FDR curves in bucket header
++ Wrote 3D+time dataset into ./CHIVES1034_AllCondPmod+tlrc.BRIK
++ Wrote 3D+time dataset into ./CHIVES1034_AllCondPmod+tlrc.BRIK
++ Program finished; elapsed time=22.399
** AFNI converts NIFTI_datatype=4 (INT16) in file /projects/sanlab/shared/CHIVES/bids_data/derivatives/fmriprep/sub-CHIVES1034/ses-wave1/func/s6_sub-CHIVES1034_ses-wave1_task-money_bold_space-MNI152NLin2009cAsym_preproc.nii to FLOAT32
     Warnings of this type will be muted for this session.
     Set AFNI_NIFTI_TYPE_WARN to YES to see them all, NO to see none.
++ '-stim_times_AM2 1 /projects/sanlab/shared/CHIVES/CHIVES_WTP_scripts/behavioral/money/afni_timing_files/CHIVES1034/HealthyPmod.1D' has 1 auxiliary values per time point
++ '-stim_times_AM2 1 /projects/sanlab/shared/CHIVES/CHIVES_WTP_scripts/behavioral/money/afni_timing_files/CHIVES1034/HealthyPmod.1D' will have 2 regressors
++ '-stim_times_AM2 2 /projects/sanlab/shared/CHIVES/CHIVES_WTP_scripts/behavioral/money/afni_timing_files/CHIVES1034/UnhealthyPmod.1D' has 1 auxiliary values per time point
++ '-stim_times_AM2 2 /projects/sanlab/shared/CHIVES/CHIVES_WTP_scripts/behavioral/money/afni_timing_files/CHIVES1034/UnhealthyPmod.1D' will have 2 regressors
++ '-stim_times_AM1 3 /projects/sanlab/shared/CHIVES/CHIVES_WTP_scripts/behavioral/money/afni_timing_files/CHIVES1034/BidOnsDur.1D' has 1 auxiliary values per time point
++ '-stim_times_AM1 3': basis function model 'dmBLOCK(1)' uses 1 parameters,
    out of the 1 found in timing file '/projects/sanlab/shared/CHIVES/CHIVES_WTP_scripts/behavioral/money/afni_timing_files/CHIVES1034/BidOnsDur.1D'
++ 3dDeconvolve extending num_stimts from 3 to 8 due to -ortvec
++ 3dDeconvolve: AFNI version=AFNI_18.2.04 (Jul  6 2018) [64-bit]
++ Authored by: B. Douglas Ward, et al.
++ current memory malloc-ated = 289,940 bytes (about 290 thousand [kilo])
++ loading dataset /projects/sanlab/shared/CHIVES/bids_data/derivatives/fmriprep/sub-CHIVES1034/ses-wave1/func/s6_sub-CHIVES1034_ses-wave1_task-money_bold_space-MNI152NLin2009cAsym_preproc.nii
++ current memory malloc-ated = 1,545,438,800 bytes (about 1.5 billion [giga])
++ forcibly using TR=2.0000 seconds for -input dataset
++ Skipping check for initial transients
++ Imaging duration=714.0 s; Automatic polort=5
++ -stim_times using TR=2 s for stimulus timing conversion
++ -stim_times using TR=2 s for any -iresp output datasets
++  [you can alter the -iresp TR via the -TR_times option]
++ ** -stim_times NOTE ** guessing GLOBAL times if 1 time per line; LOCAL otherwise
++ ** GUESSED ** -stim_times_AM2 1 using LOCAL times
++ '-stim_times_AM2 1' average amplitude#1=1.41667
++ ** GUESSED ** -stim_times_AM2 2 using LOCAL times
++ '-stim_times_AM2 2' average amplitude#1=0.85
++ ** GUESSED ** -stim_times_AM1 3 using LOCAL times
------------------------------------------------------------
GLT matrix from 'SYM: HealthyPmod[0]':
   0   0   0   0   0   0   1   0   0   0   0   0   0   0   0   0 
 
------------------------------------------------------------
GLT matrix from 'SYM: HealthyPmod[1]':
   0   0   0   0   0   0   0   1   0   0   0   0   0   0   0   0 
 
------------------------------------------------------------
GLT matrix from 'SYM: UnhealthyPmod[0]':
   0   0   0   0   0   0   0   0   1   0   0   0   0   0   0   0 
 
------------------------------------------------------------
GLT matrix from 'SYM: UnhealthyPmod[1]':
   0   0   0   0   0   0   0   0   0   1   0   0   0   0   0   0 
 
------------------------------------------------------------
GLT matrix from 'SYM: HealthyPmod[0] -UnhealthyPmod[0]':
   0   0   0   0   0   0   1   0  -1   0   0   0   0   0   0   0 
 
------------------------------------------------------------
GLT matrix from 'SYM: HealthyPmod[1] -UnhealthyPmod[1]':
   0   0   0   0   0   0   0   1   0  -1   0   0   0   0   0   0 
 
++ Number of time points: 357 (no censoring)
 + Number of parameters:  16 [11 baseline ; 5 signal]
++ total shared memory needed = 3,228,792,440 bytes (about 3.2 billion [giga])
++ current memory malloc-ated = 1,546,571,546 bytes (about 1.5 billion [giga])
++ mmap() memory allocated: 3,228,792,440 bytes (about 3.2 billion [giga])
++ Memory required for output bricks = 3,228,792,440 bytes (about 3.2 billion [giga])
++ Wrote matrix values to file CHIVES1034_2CondPmod_xmat.1D
++ ========= Things you can do with the matrix file =========
++ (a) Linear regression with ARMA(1,1) modeling of serial correlation:

3dREMLfit -matrix CHIVES1034_2CondPmod_xmat.1D -input /projects/sanlab/shared/CHIVES/bids_data/derivatives/fmriprep/sub-CHIVES1034/ses-wave1/func/s6_sub-CHIVES1034_ses-wave1_task-money_bold_space-MNI152NLin2009cAsym_preproc.nii \
 -mask /projects/sanlab/shared/CHIVES/bids_data/derivatives/fmriprep/sub-CHIVES1034/ses-wave1/func/sub-CHIVES1034_ses-wave1_task-money_bold_space-MNI152NLin2009cAsym_brainmask.nii.gz \
 -fout -tout -Rbuck CHIVES1034_2CondPmod_stats_REML -Rvar CHIVES1034_2CondPmod_stats_REMLvar \
 -Rfitts CHIVES1034_2CondPmod_REML -Rerrts CHIVES1034_2CondPmod_REML -verb
 
++ N.B.: 3dREMLfit command above written to file CHIVES1034_2CondPmod_stats.REML_cmd
++ (b) Visualization/analysis of the matrix via ExamineXmat.R
++ (c) Synthesis of sub-model datasets using 3dSynthesize
++ ==========================================================
++ Wrote matrix values to file CHIVES1034_2CondPmod_uncensor_xmat.1D
++ ----- Signal+Baseline matrix condition [X] (357x16):  2.40169  ++ VERY GOOD ++
++ ----- Signal-only matrix condition [X] (357x5):  1.57737  ++ VERY GOOD ++
++ ----- Baseline-only matrix condition [X] (357x11):  2.35628  ++ VERY GOOD ++
++ ----- stim_base-only matrix condition [X] (357x5):  2.03331  ++ VERY GOOD ++
++ ----- polort-only matrix condition [X] (357x6):  1.01526  ++ VERY GOOD ++
++ +++++ Matrix inverse average error = 6.67598e-16  ++ VERY GOOD ++
++ Matrix setup time = 0.02 s
++ Voxels in dataset: 1082035
++ Voxels in mask:    263823
++ Voxels per job:    26382
++ Job #1: processing voxels 241359 to 321803; elapsed time=3.968
++ Job #2: processing voxels 321804 to 383088; elapsed time=3.995
++ Job #3: processing voxels 383089 to 438394; elapsed time=4.022
++ Job #4: processing voxels 438395 to 493014; elapsed time=4.048
++ Job #5: processing voxels 493015 to 548477; elapsed time=4.074
++ Job #6: processing voxels 548478 to 606228; elapsed time=4.099
++ Job #7: processing voxels 606229 to 667203; elapsed time=4.126
++ Job #8: processing voxels 667204 to 743862; elapsed time=4.152
++ Job #9: processing voxels 743863 to 1082034; elapsed time=4.178
++ Job #0: processing voxels 0 to 241358; elapsed time=4.188
++ voxel loop:0123456789.0123456789.0123456789.0123456789.0123456++ Job #2 finished; elapsed time=6.161
++ Job #4 finished; elapsed time=6.183
78++ Job #1 finished; elapsed time=6.221
++ Job #6 finished; elapsed time=6.247
++ Job #3 finished; elapsed time=6.256
++ Job #5 finished; elapsed time=6.315
++ Job #7 finished; elapsed time=6.317
++ Job #8 finished; elapsed time=6.345
9.
++ Job #0 waiting for children to finish; elapsed time=6.431
++ Job #9 finished; elapsed time=6.518
++ Job #0 now finishing up; elapsed time=6.553
++ Smallest FDR q [0 Full_Fstat] = 1.68282e-14
++ Smallest FDR q [2 HealthyPmod#0_Tstat] = 2.18705e-13
++ Smallest FDR q [4 HealthyPmod#1_Tstat] = 0.00118766
++ Smallest FDR q [5 HealthyPmod_Fstat] = 1.89807e-13
++ Smallest FDR q [7 UnhealthyPmod#0_Tstat] = 1.16036e-13
[7m*+ WARNING:[0m Smallest FDR q [9 UnhealthyPmod#1_Tstat] = 0.665047 ==> few true single voxel detections
++ Smallest FDR q [10 UnhealthyPmod_Fstat] = 1.53565e-13
++ Smallest FDR q [12 BidsNMiss#0_Tstat] = 4.69547e-14
++ Smallest FDR q [13 BidsNMiss_Fstat] = 4.69561e-14
++ Smallest FDR q [15 HealthyGtRest_GLT#0_Tstat] = 2.18705e-13
++ Smallest FDR q [16 HealthyGtRest_GLT_Fstat] = 2.18728e-13
++ Smallest FDR q [18 HealthyPmod_GLT#0_Tstat] = 0.00118766
++ Smallest FDR q [19 HealthyPmod_GLT_Fstat] = 0.00118773
++ Smallest FDR q [21 UnhealthyGtRest_GLT#0_Tstat] = 1.16036e-13
++ Smallest FDR q [22 UnhealthyGtRest_GLT_Fstat] = 1.16036e-13
[7m*+ WARNING:[0m Smallest FDR q [24 UnhealthyPmod_GLT#0_Tstat] = 0.665047 ==> few true single voxel detections
[7m*+ WARNING:[0m Smallest FDR q [25 UnhealthyPmod_GLT_Fstat] = 0.663179 ==> few true single voxel detections
[7m*+ WARNING:[0m Smallest FDR q [27 HealthyGtUnhealthy_GLT#0_Tstat] = 0.251118 ==> few true single voxel detections
[7m*+ WARNING:[0m Smallest FDR q [28 HealthyGtUnhealthy_GLT_Fstat] = 0.250529 ==> few true single voxel detections
++ Smallest FDR q [30 HealthyGtUnhealthyPmod_GLT#0_Tstat] = 0.00139652
++ Smallest FDR q [31 HealthyGtUnhealthyPmod_GLT_Fstat] = 0.00139648
++ Wrote bucket dataset into ./CHIVES1034_2CondPmod_stats+tlrc.BRIK
 + created 21 FDR curves in bucket header
++ Wrote 3D+time dataset into ./CHIVES1034_2CondPmod+tlrc.BRIK
++ Wrote 3D+time dataset into ./CHIVES1034_2CondPmod+tlrc.BRIK
++ Program finished; elapsed time=38.438
** AFNI converts NIFTI_datatype=4 (INT16) in file /projects/sanlab/shared/CHIVES/bids_data/derivatives/fmriprep/sub-CHIVES1034/ses-wave1/func/s6_sub-CHIVES1034_ses-wave1_task-money_bold_space-MNI152NLin2009cAsym_preproc.nii to FLOAT32
     Warnings of this type will be muted for this session.
     Set AFNI_NIFTI_TYPE_WARN to YES to see them all, NO to see none.
++ '-stim_times_AM1 3 /projects/sanlab/shared/CHIVES/CHIVES_WTP_scripts/behavioral/money/afni_timing_files/CHIVES1034/BidOnsDur.1D' has 1 auxiliary values per time point
++ '-stim_times_AM1 3': basis function model 'dmBLOCK(1)' uses 1 parameters,
    out of the 1 found in timing file '/projects/sanlab/shared/CHIVES/CHIVES_WTP_scripts/behavioral/money/afni_timing_files/CHIVES1034/BidOnsDur.1D'
++ 3dDeconvolve extending num_stimts from 3 to 8 due to -ortvec
++ 3dDeconvolve: AFNI version=AFNI_18.2.04 (Jul  6 2018) [64-bit]
++ Authored by: B. Douglas Ward, et al.
++ current memory malloc-ated = 273,696 bytes (about 274 thousand [kilo])
++ loading dataset /projects/sanlab/shared/CHIVES/bids_data/derivatives/fmriprep/sub-CHIVES1034/ses-wave1/func/s6_sub-CHIVES1034_ses-wave1_task-money_bold_space-MNI152NLin2009cAsym_preproc.nii
++ current memory malloc-ated = 1,545,422,556 bytes (about 1.5 billion [giga])
++ forcibly using TR=2.0000 seconds for -input dataset
++ Skipping check for initial transients
++ Imaging duration=714.0 s; Automatic polort=5
++ -stim_times using TR=2 s for stimulus timing conversion
++ -stim_times using TR=2 s for any -iresp output datasets
++  [you can alter the -iresp TR via the -TR_times option]
++ ** -stim_times NOTE ** guessing GLOBAL times if 1 time per line; LOCAL otherwise
++ ** GUESSED ** -stim_times 1 using LOCAL times
++ ** GUESSED ** -stim_times 2 using LOCAL times
++ ** GUESSED ** -stim_times_AM1 3 using LOCAL times
------------------------------------------------------------
GLT matrix from 'SYM: Healthy':
   0   0   0   0   0   0   1   0   0   0   0   0   0   0 
 
------------------------------------------------------------
GLT matrix from 'SYM: Unhealthy':
   0   0   0   0   0   0   0   1   0   0   0   0   0   0 
 
------------------------------------------------------------
GLT matrix from 'SYM: Healthy -Unhealthy':
   0   0   0   0   0   0   1  -1   0   0   0   0   0   0 
 
++ Number of time points: 357 (no censoring)
 + Number of parameters:  14 [11 baseline ; 3 signal]
++ total shared memory needed = 3,172,526,620 bytes (about 3.2 billion [giga])
++ current memory malloc-ated = 1,546,550,748 bytes (about 1.5 billion [giga])
++ mmap() memory allocated: 3,172,526,620 bytes (about 3.2 billion [giga])
++ Memory required for output bricks = 3,172,526,620 bytes (about 3.2 billion [giga])
++ Wrote matrix values to file CHIVES1034_2Cond_xmat.1D
++ ========= Things you can do with the matrix file =========
++ (a) Linear regression with ARMA(1,1) modeling of serial correlation:

3dREMLfit -matrix CHIVES1034_2Cond_xmat.1D -input /projects/sanlab/shared/CHIVES/bids_data/derivatives/fmriprep/sub-CHIVES1034/ses-wave1/func/s6_sub-CHIVES1034_ses-wave1_task-money_bold_space-MNI152NLin2009cAsym_preproc.nii \
 -mask /projects/sanlab/shared/CHIVES/bids_data/derivatives/fmriprep/sub-CHIVES1034/ses-wave1/func/sub-CHIVES1034_ses-wave1_task-money_bold_space-MNI152NLin2009cAsym_brainmask.nii.gz \
 -fout -tout -Rbuck CHIVES1034_2Cond_stats_REML -Rvar CHIVES1034_2Cond_stats_REMLvar \
 -Rfitts CHIVES1034_2Cond_REML -Rerrts CHIVES1034_2Cond_REML -verb
 
++ N.B.: 3dREMLfit command above written to file CHIVES1034_2Cond_stats.REML_cmd
++ (b) Visualization/analysis of the matrix via ExamineXmat.R
++ (c) Synthesis of sub-model datasets using 3dSynthesize
++ ==========================================================
++ Wrote matrix values to file CHIVES1034_2Cond_uncensor_xmat.1D
++ ----- Signal+Baseline matrix condition [X] (357x14):  2.39833  ++ VERY GOOD ++
++ ----- Signal-only matrix condition [X] (357x3):  1.5773  ++ VERY GOOD ++
++ ----- Baseline-only matrix condition [X] (357x11):  2.35628  ++ VERY GOOD ++
++ ----- stim_base-only matrix condition [X] (357x5):  2.03331  ++ VERY GOOD ++
++ ----- polort-only matrix condition [X] (357x6):  1.01526  ++ VERY GOOD ++
++ +++++ Matrix inverse average error = 8.08689e-16  ++ VERY GOOD ++
++ Matrix setup time = 0.01 s
++ Voxels in dataset: 1082035
++ Voxels in mask:    263823
++ Voxels per job:    26382
++ Job #1: processing voxels 241359 to 321803; elapsed time=3.894
++ Job #2: processing voxels 321804 to 383088; elapsed time=3.921
++ Job #3: processing voxels 383089 to 438394; elapsed time=3.948
++ Job #4: processing voxels 438395 to 493014; elapsed time=3.974
++ Job #5: processing voxels 493015 to 548477; elapsed time=4.000
++ Job #6: processing voxels 548478 to 606228; elapsed time=4.026
++ Job #7: processing voxels 606229 to 667203; elapsed time=4.052
++ Job #8: processing voxels 667204 to 743862; elapsed time=4.079
++ Job #9: processing voxels 743863 to 1082034; elapsed time=4.105
++ Job #0: processing voxels 0 to 241358; elapsed time=4.115
++ voxel loop:0123456789.0123456789.0123456789.0123456789.0123456++ Job #1 finished; elapsed time=5.647
7++ Job #4 finished; elapsed time=5.741
8++ Job #2 finished; elapsed time=5.743
++ Job #6 finished; elapsed time=5.766
++ Job #3 finished; elapsed time=5.791
++ Job #5 finished; elapsed time=5.824
++ Job #8 finished; elapsed time=5.858
++ Job #7 finished; elapsed time=5.865
9.
++ Job #0 waiting for children to finish; elapsed time=5.910
++ Job #9 finished; elapsed time=6.010
++ Job #0 now finishing up; elapsed time=6.043
++ Smallest FDR q [0 Full_Fstat] = 1.69773e-14
++ Smallest FDR q [2 Healthy#0_Tstat] = 2.25213e-13
++ Smallest FDR q [3 Healthy_Fstat] = 2.25209e-13
++ Smallest FDR q [5 Unhealthy#0_Tstat] = 1.23996e-13
++ Smallest FDR q [6 Unhealthy_Fstat] = 1.23989e-13
++ Smallest FDR q [8 BidsNMiss#0_Tstat] = 4.85467e-14
++ Smallest FDR q [9 BidsNMiss_Fstat] = 4.85448e-14
++ Smallest FDR q [11 HealthyGtRest_GLT#0_Tstat] = 2.25213e-13
++ Smallest FDR q [12 HealthyGtRest_GLT_Fstat] = 2.25225e-13
++ Smallest FDR q [14 UnhealthyGtRest_GLT#0_Tstat] = 1.23996e-13
++ Smallest FDR q [15 UnhealthyGtRest_GLT_Fstat] = 1.23988e-13
[7m*+ WARNING:[0m Smallest FDR q [17 HealthyGtUnhealthy_GLT#0_Tstat] = 0.397697 ==> few true single voxel detections
[7m*+ WARNING:[0m Smallest FDR q [18 HealthyGtUnhealthy_GLT_Fstat] = 0.396728 ==> few true single voxel detections
++ Wrote bucket dataset into ./CHIVES1034_2Cond_stats+tlrc.BRIK
 + created 13 FDR curves in bucket header
++ Wrote 3D+time dataset into ./CHIVES1034_2Cond+tlrc.BRIK
++ Wrote 3D+time dataset into ./CHIVES1034_2Cond+tlrc.BRIK
++ Program finished; elapsed time=24.743
