** AFNI converts NIFTI_datatype=4 (INT16) in file /projects/sanlab/shared/CHIVES/bids_data/derivatives/fmriprep/sub-CHIVES1072/ses-wave1/func/s6_sub-CHIVES1072_ses-wave1_task-money_bold_space-MNI152NLin2009cAsym_preproc.nii to FLOAT32
     Warnings of this type will be muted for this session.
     Set AFNI_NIFTI_TYPE_WARN to YES to see them all, NO to see none.
++ '-stim_times_AM2 1 /projects/sanlab/shared/CHIVES/CHIVES_WTP_scripts/behavioral/money/afni_timing_files/CHIVES1072/AllCondsPmod.1D' has 1 auxiliary values per time point
++ '-stim_times_AM2 1 /projects/sanlab/shared/CHIVES/CHIVES_WTP_scripts/behavioral/money/afni_timing_files/CHIVES1072/AllCondsPmod.1D' will have 2 regressors
++ '-stim_times_AM1 2 /projects/sanlab/shared/CHIVES/CHIVES_WTP_scripts/behavioral/money/afni_timing_files/CHIVES1072/BidOnsDur.1D' has 1 auxiliary values per time point
++ '-stim_times_AM1 2': basis function model 'dmBLOCK(1)' uses 1 parameters,
    out of the 1 found in timing file '/projects/sanlab/shared/CHIVES/CHIVES_WTP_scripts/behavioral/money/afni_timing_files/CHIVES1072/BidOnsDur.1D'
++ 3dDeconvolve extending num_stimts from 2 to 7 due to -ortvec
++ 3dDeconvolve: AFNI version=AFNI_18.2.04 (Jul  6 2018) [64-bit]
++ Authored by: B. Douglas Ward, et al.
++ current memory malloc-ated = 262,666 bytes (about 263 thousand [kilo])
++ loading dataset /projects/sanlab/shared/CHIVES/bids_data/derivatives/fmriprep/sub-CHIVES1072/ses-wave1/func/s6_sub-CHIVES1072_ses-wave1_task-money_bold_space-MNI152NLin2009cAsym_preproc.nii
++ current memory malloc-ated = 1,545,411,526 bytes (about 1.5 billion [giga])
++ forcibly using TR=2.0000 seconds for -input dataset
++ Skipping check for initial transients
++ Imaging duration=714.0 s; Automatic polort=5
++ -stim_times using TR=2 s for stimulus timing conversion
++ -stim_times using TR=2 s for any -iresp output datasets
++  [you can alter the -iresp TR via the -TR_times option]
++ ** -stim_times NOTE ** guessing GLOBAL times if 1 time per line; LOCAL otherwise
++ ** GUESSED ** -stim_times_AM2 1 using LOCAL times
++ '-stim_times_AM2 1' average amplitude#1=0.38983
++ ** GUESSED ** -stim_times_AM1 2 using LOCAL times
------------------------------------------------------------
GLT matrix from 'SYM: AllConds[0]':
   0   0   0   0   0   0   1   0   0   0   0   0   0   0 
 
------------------------------------------------------------
GLT matrix from 'SYM: AllConds[1]':
   0   0   0   0   0   0   0   1   0   0   0   0   0   0 
 
++ Number of time points: 357 (no censoring)
 + Number of parameters:  14 [11 baseline ; 3 signal]
++ total shared memory needed = 3,155,214,060 bytes (about 3.2 billion [giga])
++ current memory malloc-ated = 1,546,539,672 bytes (about 1.5 billion [giga])
++ mmap() memory allocated: 3,155,214,060 bytes (about 3.2 billion [giga])
++ Memory required for output bricks = 3,155,214,060 bytes (about 3.2 billion [giga])
++ Wrote matrix values to file CHIVES1072_AllCondPmod_xmat.1D
++ ========= Things you can do with the matrix file =========
++ (a) Linear regression with ARMA(1,1) modeling of serial correlation:

3dREMLfit -matrix CHIVES1072_AllCondPmod_xmat.1D -input /projects/sanlab/shared/CHIVES/bids_data/derivatives/fmriprep/sub-CHIVES1072/ses-wave1/func/s6_sub-CHIVES1072_ses-wave1_task-money_bold_space-MNI152NLin2009cAsym_preproc.nii \
 -mask /projects/sanlab/shared/CHIVES/bids_data/derivatives/fmriprep/sub-CHIVES1072/ses-wave1/func/sub-CHIVES1072_ses-wave1_task-money_bold_space-MNI152NLin2009cAsym_brainmask.nii.gz \
 -fout -tout -Rbuck CHIVES1072_AllCondPmod_stats_REML -Rvar CHIVES1072_AllCondPmod_stats_REMLvar \
 -Rfitts CHIVES1072_AllCondPmod_REML -Rerrts CHIVES1072_AllCondPmod_REML -verb
 
++ N.B.: 3dREMLfit command above written to file CHIVES1072_AllCondPmod_stats.REML_cmd
++ (b) Visualization/analysis of the matrix via ExamineXmat.R
++ (c) Synthesis of sub-model datasets using 3dSynthesize
++ ==========================================================
++ Wrote matrix values to file CHIVES1072_AllCondPmod_uncensor_xmat.1D
++ ----- Signal+Baseline matrix condition [X] (357x14):  3.69767  ++ VERY GOOD ++
++ ----- Signal-only matrix condition [X] (357x3):  1.56112  ++ VERY GOOD ++
++ ----- Baseline-only matrix condition [X] (357x11):  3.66352  ++ VERY GOOD ++
++ ----- stim_base-only matrix condition [X] (357x5):  2.34555  ++ VERY GOOD ++
++ ----- polort-only matrix condition [X] (357x6):  1.01526  ++ VERY GOOD ++
++ +++++ Matrix inverse average error = 1.22986e-15  ++ VERY GOOD ++
++ Matrix setup time = 0.01 s
++ Voxels in dataset: 1082035
++ Voxels in mask:    270188
++ Voxels per job:    27018
++ Job #1: processing voxels 229266 to 316386; elapsed time=4.112
++ Job #2: processing voxels 316387 to 374833; elapsed time=4.139
++ Job #3: processing voxels 374834 to 430243; elapsed time=4.164
++ Job #4: processing voxels 430244 to 485055; elapsed time=4.190
++ Job #5: processing voxels 485056 to 540635; elapsed time=4.215
++ Job #6: processing voxels 540636 to 598028; elapsed time=4.241
++ Job #7: processing voxels 598029 to 663207; elapsed time=4.266
++ Job #8: processing voxels 663208 to 740760; elapsed time=4.292
++ Job #9: processing voxels 740761 to 1082034; elapsed time=4.318
++ Job #0: processing voxels 0 to 229265; elapsed time=4.328
++ voxel loop:0123456789.0123456789.0123456789.0123456789.0123456++ Job #4 finished; elapsed time=5.755
78++ Job #2 finished; elapsed time=5.770
++ Job #1 finished; elapsed time=5.795
++ Job #6 finished; elapsed time=5.824
++ Job #3 finished; elapsed time=5.825
++ Job #8 finished; elapsed time=5.853
++ Job #5 finished; elapsed time=5.855
9.
++ Job #0 waiting for children to finish; elapsed time=5.889
++ Job #7 finished; elapsed time=5.891
++ Job #9 finished; elapsed time=6.037
++ Job #0 now finishing up; elapsed time=6.066
++ Smallest FDR q [0 Full_Fstat] = 1.04287e-14
++ Smallest FDR q [2 AllConds#0_Tstat] = 3.6222e-14
++ Smallest FDR q [4 AllConds#1_Tstat] = 3.02057e-06
++ Smallest FDR q [5 AllConds_Fstat] = 3.61618e-14
++ Smallest FDR q [7 BidsNMiss#0_Tstat] = 3.16504e-14
++ Smallest FDR q [8 BidsNMiss_Fstat] = 3.16504e-14
++ Smallest FDR q [10 CondGtRest_GLT#0_Tstat] = 3.6222e-14
++ Smallest FDR q [11 CondGtRest_GLT_Fstat] = 3.62207e-14
++ Smallest FDR q [13 Pmod_GLT#0_Tstat] = 3.02057e-06
++ Smallest FDR q [14 Pmod_GLT_Fstat] = 3.02057e-06
++ Wrote bucket dataset into ./CHIVES1072_AllCondPmod_stats+tlrc.BRIK
 + created 10 FDR curves in bucket header
++ Wrote 3D+time dataset into ./CHIVES1072_AllCondPmod+tlrc.BRIK
++ Wrote 3D+time dataset into ./CHIVES1072_AllCondPmod+tlrc.BRIK
++ Program finished; elapsed time=22.390
** AFNI converts NIFTI_datatype=4 (INT16) in file /projects/sanlab/shared/CHIVES/bids_data/derivatives/fmriprep/sub-CHIVES1072/ses-wave1/func/s6_sub-CHIVES1072_ses-wave1_task-money_bold_space-MNI152NLin2009cAsym_preproc.nii to FLOAT32
     Warnings of this type will be muted for this session.
     Set AFNI_NIFTI_TYPE_WARN to YES to see them all, NO to see none.
++ '-stim_times_AM2 1 /projects/sanlab/shared/CHIVES/CHIVES_WTP_scripts/behavioral/money/afni_timing_files/CHIVES1072/HealthyPmod.1D' has 1 auxiliary values per time point
++ '-stim_times_AM2 1 /projects/sanlab/shared/CHIVES/CHIVES_WTP_scripts/behavioral/money/afni_timing_files/CHIVES1072/HealthyPmod.1D' will have 2 regressors
++ '-stim_times_AM2 2 /projects/sanlab/shared/CHIVES/CHIVES_WTP_scripts/behavioral/money/afni_timing_files/CHIVES1072/UnhealthyPmod.1D' has 1 auxiliary values per time point
++ '-stim_times_AM2 2 /projects/sanlab/shared/CHIVES/CHIVES_WTP_scripts/behavioral/money/afni_timing_files/CHIVES1072/UnhealthyPmod.1D' will have 2 regressors
++ '-stim_times_AM1 3 /projects/sanlab/shared/CHIVES/CHIVES_WTP_scripts/behavioral/money/afni_timing_files/CHIVES1072/BidOnsDur.1D' has 1 auxiliary values per time point
++ '-stim_times_AM1 3': basis function model 'dmBLOCK(1)' uses 1 parameters,
    out of the 1 found in timing file '/projects/sanlab/shared/CHIVES/CHIVES_WTP_scripts/behavioral/money/afni_timing_files/CHIVES1072/BidOnsDur.1D'
++ 3dDeconvolve extending num_stimts from 3 to 8 due to -ortvec
++ 3dDeconvolve: AFNI version=AFNI_18.2.04 (Jul  6 2018) [64-bit]
++ Authored by: B. Douglas Ward, et al.
++ current memory malloc-ated = 289,932 bytes (about 290 thousand [kilo])
++ loading dataset /projects/sanlab/shared/CHIVES/bids_data/derivatives/fmriprep/sub-CHIVES1072/ses-wave1/func/s6_sub-CHIVES1072_ses-wave1_task-money_bold_space-MNI152NLin2009cAsym_preproc.nii
++ current memory malloc-ated = 1,545,438,792 bytes (about 1.5 billion [giga])
++ forcibly using TR=2.0000 seconds for -input dataset
++ Skipping check for initial transients
++ Imaging duration=714.0 s; Automatic polort=5
++ -stim_times using TR=2 s for stimulus timing conversion
++ -stim_times using TR=2 s for any -iresp output datasets
++  [you can alter the -iresp TR via the -TR_times option]
++ ** -stim_times NOTE ** guessing GLOBAL times if 1 time per line; LOCAL otherwise
++ ** GUESSED ** -stim_times_AM2 1 using LOCAL times
++ '-stim_times_AM2 1' average amplitude#1=0.637931
++ ** GUESSED ** -stim_times_AM2 2 using LOCAL times
++ '-stim_times_AM2 2' average amplitude#1=0.15
++ ** GUESSED ** -stim_times_AM1 3 using LOCAL times
------------------------------------------------------------
GLT matrix from 'SYM: HealthyPmod[0]':
   0   0   0   0   0   0   1   0   0   0   0   0   0   0   0   0 
 
------------------------------------------------------------
GLT matrix from 'SYM: HealthyPmod[1]':
   0   0   0   0   0   0   0   1   0   0   0   0   0   0   0   0 
 
------------------------------------------------------------
GLT matrix from 'SYM: UnhealthyPmod[0]':
   0   0   0   0   0   0   0   0   1   0   0   0   0   0   0   0 
 
------------------------------------------------------------
GLT matrix from 'SYM: UnhealthyPmod[1]':
   0   0   0   0   0   0   0   0   0   1   0   0   0   0   0   0 
 
------------------------------------------------------------
GLT matrix from 'SYM: HealthyPmod[0] -UnhealthyPmod[0]':
   0   0   0   0   0   0   1   0  -1   0   0   0   0   0   0   0 
 
------------------------------------------------------------
GLT matrix from 'SYM: HealthyPmod[1] -UnhealthyPmod[1]':
   0   0   0   0   0   0   0   1   0  -1   0   0   0   0   0   0 
 
++ Number of time points: 357 (no censoring)
 + Number of parameters:  16 [11 baseline ; 5 signal]
++ total shared memory needed = 3,228,792,440 bytes (about 3.2 billion [giga])
++ current memory malloc-ated = 1,546,571,538 bytes (about 1.5 billion [giga])
++ mmap() memory allocated: 3,228,792,440 bytes (about 3.2 billion [giga])
++ Memory required for output bricks = 3,228,792,440 bytes (about 3.2 billion [giga])
++ Wrote matrix values to file CHIVES1072_2CondPmod_xmat.1D
++ ========= Things you can do with the matrix file =========
++ (a) Linear regression with ARMA(1,1) modeling of serial correlation:

3dREMLfit -matrix CHIVES1072_2CondPmod_xmat.1D -input /projects/sanlab/shared/CHIVES/bids_data/derivatives/fmriprep/sub-CHIVES1072/ses-wave1/func/s6_sub-CHIVES1072_ses-wave1_task-money_bold_space-MNI152NLin2009cAsym_preproc.nii \
 -mask /projects/sanlab/shared/CHIVES/bids_data/derivatives/fmriprep/sub-CHIVES1072/ses-wave1/func/sub-CHIVES1072_ses-wave1_task-money_bold_space-MNI152NLin2009cAsym_brainmask.nii.gz \
 -fout -tout -Rbuck CHIVES1072_2CondPmod_stats_REML -Rvar CHIVES1072_2CondPmod_stats_REMLvar \
 -Rfitts CHIVES1072_2CondPmod_REML -Rerrts CHIVES1072_2CondPmod_REML -verb
 
++ N.B.: 3dREMLfit command above written to file CHIVES1072_2CondPmod_stats.REML_cmd
++ (b) Visualization/analysis of the matrix via ExamineXmat.R
++ (c) Synthesis of sub-model datasets using 3dSynthesize
++ ==========================================================
++ Wrote matrix values to file CHIVES1072_2CondPmod_uncensor_xmat.1D
++ ----- Signal+Baseline matrix condition [X] (357x16):  3.72632  ++ VERY GOOD ++
++ ----- Signal-only matrix condition [X] (357x5):  1.56116  ++ VERY GOOD ++
++ ----- Baseline-only matrix condition [X] (357x11):  3.66352  ++ VERY GOOD ++
++ ----- stim_base-only matrix condition [X] (357x5):  2.34555  ++ VERY GOOD ++
++ ----- polort-only matrix condition [X] (357x6):  1.01526  ++ VERY GOOD ++
++ +++++ Matrix inverse average error = 1.40018e-15  ++ VERY GOOD ++
++ Matrix setup time = 0.02 s
++ Voxels in dataset: 1082035
++ Voxels in mask:    270188
++ Voxels per job:    27018
++ Job #1: processing voxels 229266 to 316386; elapsed time=3.977
++ Job #2: processing voxels 316387 to 374833; elapsed time=4.003
++ Job #3: processing voxels 374834 to 430243; elapsed time=4.029
++ Job #4: processing voxels 430244 to 485055; elapsed time=4.055
++ Job #5: processing voxels 485056 to 540635; elapsed time=4.081
++ Job #6: processing voxels 540636 to 598028; elapsed time=4.107
++ Job #7: processing voxels 598029 to 663207; elapsed time=4.133
++ Job #8: processing voxels 663208 to 740760; elapsed time=4.159
++ Job #9: processing voxels 740761 to 1082034; elapsed time=4.186
++ Job #0: processing voxels 0 to 229265; elapsed time=4.196
++ voxel loop:0123456789.0123456789.0123456789.0123456789.012345678++ Job #4 finished; elapsed time=6.161
++ Job #2 finished; elapsed time=6.233
++ Job #1 finished; elapsed time=6.245
++ Job #3 finished; elapsed time=6.281
9.
++ Job #0 waiting for children to finish; elapsed time=6.287
++ Job #8 finished; elapsed time=6.301
++ Job #6 finished; elapsed time=6.312
++ Job #5 finished; elapsed time=6.327
++ Job #7 finished; elapsed time=6.345
++ Job #9 finished; elapsed time=6.508
++ Job #0 now finishing up; elapsed time=6.543
++ Smallest FDR q [0 Full_Fstat] = 1.12541e-14
++ Smallest FDR q [2 HealthyPmod#0_Tstat] = 6.31419e-14
++ Smallest FDR q [4 HealthyPmod#1_Tstat] = 3.40372e-05
++ Smallest FDR q [5 HealthyPmod_Fstat] = 5.65522e-14
++ Smallest FDR q [7 UnhealthyPmod#0_Tstat] = 5.89307e-14
++ Smallest FDR q [9 UnhealthyPmod#1_Tstat] = 0.0863909
++ Smallest FDR q [10 UnhealthyPmod_Fstat] = 7.14168e-14
++ Smallest FDR q [12 BidsNMiss#0_Tstat] = 3.1845e-14
++ Smallest FDR q [13 BidsNMiss_Fstat] = 3.18447e-14
++ Smallest FDR q [15 HealthyGtRest_GLT#0_Tstat] = 6.31419e-14
++ Smallest FDR q [16 HealthyGtRest_GLT_Fstat] = 6.31437e-14
++ Smallest FDR q [18 HealthyPmod_GLT#0_Tstat] = 3.40372e-05
++ Smallest FDR q [19 HealthyPmod_GLT_Fstat] = 3.40373e-05
++ Smallest FDR q [21 UnhealthyGtRest_GLT#0_Tstat] = 5.89307e-14
++ Smallest FDR q [22 UnhealthyGtRest_GLT_Fstat] = 5.89322e-14
++ Smallest FDR q [24 UnhealthyPmod_GLT#0_Tstat] = 0.0863909
++ Smallest FDR q [25 UnhealthyPmod_GLT_Fstat] = 0.0863928
++ Smallest FDR q [27 HealthyGtUnhealthy_GLT#0_Tstat] = 0.0530511
++ Smallest FDR q [28 HealthyGtUnhealthy_GLT_Fstat] = 0.0530469
++ Smallest FDR q [30 HealthyGtUnhealthyPmod_GLT#0_Tstat] = 0.00183649
++ Smallest FDR q [31 HealthyGtUnhealthyPmod_GLT_Fstat] = 0.00183647
++ Wrote bucket dataset into ./CHIVES1072_2CondPmod_stats+tlrc.BRIK
 + created 21 FDR curves in bucket header
++ Wrote 3D+time dataset into ./CHIVES1072_2CondPmod+tlrc.BRIK
++ Wrote 3D+time dataset into ./CHIVES1072_2CondPmod+tlrc.BRIK
++ Program finished; elapsed time=38.202
** AFNI converts NIFTI_datatype=4 (INT16) in file /projects/sanlab/shared/CHIVES/bids_data/derivatives/fmriprep/sub-CHIVES1072/ses-wave1/func/s6_sub-CHIVES1072_ses-wave1_task-money_bold_space-MNI152NLin2009cAsym_preproc.nii to FLOAT32
     Warnings of this type will be muted for this session.
     Set AFNI_NIFTI_TYPE_WARN to YES to see them all, NO to see none.
++ '-stim_times_AM1 3 /projects/sanlab/shared/CHIVES/CHIVES_WTP_scripts/behavioral/money/afni_timing_files/CHIVES1072/BidOnsDur.1D' has 1 auxiliary values per time point
++ '-stim_times_AM1 3': basis function model 'dmBLOCK(1)' uses 1 parameters,
    out of the 1 found in timing file '/projects/sanlab/shared/CHIVES/CHIVES_WTP_scripts/behavioral/money/afni_timing_files/CHIVES1072/BidOnsDur.1D'
++ 3dDeconvolve extending num_stimts from 3 to 8 due to -ortvec
++ 3dDeconvolve: AFNI version=AFNI_18.2.04 (Jul  6 2018) [64-bit]
++ Authored by: B. Douglas Ward, et al.
++ current memory malloc-ated = 273,692 bytes (about 274 thousand [kilo])
++ loading dataset /projects/sanlab/shared/CHIVES/bids_data/derivatives/fmriprep/sub-CHIVES1072/ses-wave1/func/s6_sub-CHIVES1072_ses-wave1_task-money_bold_space-MNI152NLin2009cAsym_preproc.nii
++ current memory malloc-ated = 1,545,422,552 bytes (about 1.5 billion [giga])
++ forcibly using TR=2.0000 seconds for -input dataset
++ Skipping check for initial transients
++ Imaging duration=714.0 s; Automatic polort=5
++ -stim_times using TR=2 s for stimulus timing conversion
++ -stim_times using TR=2 s for any -iresp output datasets
++  [you can alter the -iresp TR via the -TR_times option]
++ ** -stim_times NOTE ** guessing GLOBAL times if 1 time per line; LOCAL otherwise
++ ** GUESSED ** -stim_times 1 using LOCAL times
++ ** GUESSED ** -stim_times 2 using LOCAL times
++ ** GUESSED ** -stim_times_AM1 3 using LOCAL times
------------------------------------------------------------
GLT matrix from 'SYM: Healthy':
   0   0   0   0   0   0   1   0   0   0   0   0   0   0 
 
------------------------------------------------------------
GLT matrix from 'SYM: Unhealthy':
   0   0   0   0   0   0   0   1   0   0   0   0   0   0 
 
------------------------------------------------------------
GLT matrix from 'SYM: Healthy -Unhealthy':
   0   0   0   0   0   0   1  -1   0   0   0   0   0   0 
 
++ Number of time points: 357 (no censoring)
 + Number of parameters:  14 [11 baseline ; 3 signal]
++ total shared memory needed = 3,172,526,620 bytes (about 3.2 billion [giga])
++ current memory malloc-ated = 1,546,550,744 bytes (about 1.5 billion [giga])
++ mmap() memory allocated: 3,172,526,620 bytes (about 3.2 billion [giga])
++ Memory required for output bricks = 3,172,526,620 bytes (about 3.2 billion [giga])
++ Wrote matrix values to file CHIVES1072_2Cond_xmat.1D
++ ========= Things you can do with the matrix file =========
++ (a) Linear regression with ARMA(1,1) modeling of serial correlation:

3dREMLfit -matrix CHIVES1072_2Cond_xmat.1D -input /projects/sanlab/shared/CHIVES/bids_data/derivatives/fmriprep/sub-CHIVES1072/ses-wave1/func/s6_sub-CHIVES1072_ses-wave1_task-money_bold_space-MNI152NLin2009cAsym_preproc.nii \
 -mask /projects/sanlab/shared/CHIVES/bids_data/derivatives/fmriprep/sub-CHIVES1072/ses-wave1/func/sub-CHIVES1072_ses-wave1_task-money_bold_space-MNI152NLin2009cAsym_brainmask.nii.gz \
 -fout -tout -Rbuck CHIVES1072_2Cond_stats_REML -Rvar CHIVES1072_2Cond_stats_REMLvar \
 -Rfitts CHIVES1072_2Cond_REML -Rerrts CHIVES1072_2Cond_REML -verb
 
++ N.B.: 3dREMLfit command above written to file CHIVES1072_2Cond_stats.REML_cmd
++ (b) Visualization/analysis of the matrix via ExamineXmat.R
++ (c) Synthesis of sub-model datasets using 3dSynthesize
++ ==========================================================
++ Wrote matrix values to file CHIVES1072_2Cond_uncensor_xmat.1D
++ ----- Signal+Baseline matrix condition [X] (357x14):  3.70792  ++ VERY GOOD ++
++ ----- Signal-only matrix condition [X] (357x3):  1.56097  ++ VERY GOOD ++
++ ----- Baseline-only matrix condition [X] (357x11):  3.66352  ++ VERY GOOD ++
++ ----- stim_base-only matrix condition [X] (357x5):  2.34555  ++ VERY GOOD ++
++ ----- polort-only matrix condition [X] (357x6):  1.01526  ++ VERY GOOD ++
++ +++++ Matrix inverse average error = 1.43972e-15  ++ VERY GOOD ++
++ Matrix setup time = 0.01 s
++ Voxels in dataset: 1082035
++ Voxels in mask:    270188
++ Voxels per job:    27018
++ Job #1: processing voxels 229266 to 316386; elapsed time=3.911
++ Job #2: processing voxels 316387 to 374833; elapsed time=3.937
++ Job #3: processing voxels 374834 to 430243; elapsed time=3.963
++ Job #4: processing voxels 430244 to 485055; elapsed time=3.989
++ Job #5: processing voxels 485056 to 540635; elapsed time=4.015
++ Job #6: processing voxels 540636 to 598028; elapsed time=4.041
++ Job #7: processing voxels 598029 to 663207; elapsed time=4.067
++ Job #8: processing voxels 663208 to 740760; elapsed time=4.094
++ Job #9: processing voxels 740761 to 1082034; elapsed time=4.120
++ Job #0: processing voxels 0 to 229265; elapsed time=4.130
++ voxel loop:0123456789.0123456789.0123456789.0123456789.0123456++ Job #2 finished; elapsed time=5.678
78++ Job #4 finished; elapsed time=5.732
++ Job #6 finished; elapsed time=5.769
++ Job #3 finished; elapsed time=5.807
++ Job #1 finished; elapsed time=5.815
9.
++ Job #0 waiting for children to finish; elapsed time=5.831
++ Job #8 finished; elapsed time=5.835
++ Job #5 finished; elapsed time=5.849
++ Job #7 finished; elapsed time=5.918
++ Job #9 finished; elapsed time=6.059
++ Job #0 now finishing up; elapsed time=6.091
++ Smallest FDR q [0 Full_Fstat] = 1.17493e-14
++ Smallest FDR q [2 Healthy#0_Tstat] = 6.57817e-14
++ Smallest FDR q [3 Healthy_Fstat] = 6.57817e-14
++ Smallest FDR q [5 Unhealthy#0_Tstat] = 5.99698e-14
++ Smallest FDR q [6 Unhealthy_Fstat] = 5.99698e-14
++ Smallest FDR q [8 BidsNMiss#0_Tstat] = 3.2726e-14
++ Smallest FDR q [9 BidsNMiss_Fstat] = 3.27269e-14
++ Smallest FDR q [11 HealthyGtRest_GLT#0_Tstat] = 6.57817e-14
++ Smallest FDR q [12 HealthyGtRest_GLT_Fstat] = 6.57827e-14
++ Smallest FDR q [14 UnhealthyGtRest_GLT#0_Tstat] = 5.99698e-14
++ Smallest FDR q [15 UnhealthyGtRest_GLT_Fstat] = 5.99698e-14
++ Smallest FDR q [17 HealthyGtUnhealthy_GLT#0_Tstat] = 0.0479138
++ Smallest FDR q [18 HealthyGtUnhealthy_GLT_Fstat] = 0.0479153
++ Wrote bucket dataset into ./CHIVES1072_2Cond_stats+tlrc.BRIK
 + created 13 FDR curves in bucket header
++ Wrote 3D+time dataset into ./CHIVES1072_2Cond+tlrc.BRIK
++ Wrote 3D+time dataset into ./CHIVES1072_2Cond+tlrc.BRIK
++ Program finished; elapsed time=25.103
