** AFNI converts NIFTI_datatype=4 (INT16) in file /projects/sanlab/shared/CHIVES/bids_data/derivatives/fmriprep/sub-CHIVES1009/ses-wave1/func/s6_sub-CHIVES1009_ses-wave1_task-money_bold_space-MNI152NLin2009cAsym_preproc.nii to FLOAT32
     Warnings of this type will be muted for this session.
     Set AFNI_NIFTI_TYPE_WARN to YES to see them all, NO to see none.
++ '-stim_times_AM2 1 /projects/sanlab/shared/CHIVES/CHIVES_WTP_scripts/behavioral/money/afni_timing_files/CHIVES1009/AllCondsPmod.1D' has 1 auxiliary values per time point
++ '-stim_times_AM2 1 /projects/sanlab/shared/CHIVES/CHIVES_WTP_scripts/behavioral/money/afni_timing_files/CHIVES1009/AllCondsPmod.1D' will have 2 regressors
++ '-stim_times_AM1 2 /projects/sanlab/shared/CHIVES/CHIVES_WTP_scripts/behavioral/money/afni_timing_files/CHIVES1009/BidOnsDur.1D' has 1 auxiliary values per time point
++ '-stim_times_AM1 2': basis function model 'dmBLOCK(1)' uses 1 parameters,
    out of the 1 found in timing file '/projects/sanlab/shared/CHIVES/CHIVES_WTP_scripts/behavioral/money/afni_timing_files/CHIVES1009/BidOnsDur.1D'
++ 3dDeconvolve extending num_stimts from 2 to 7 due to -ortvec
++ 3dDeconvolve: AFNI version=AFNI_18.2.04 (Jul  6 2018) [64-bit]
++ Authored by: B. Douglas Ward, et al.
++ current memory malloc-ated = 259,710 bytes (about 260 thousand [kilo])
++ loading dataset /projects/sanlab/shared/CHIVES/bids_data/derivatives/fmriprep/sub-CHIVES1009/ses-wave1/func/s6_sub-CHIVES1009_ses-wave1_task-money_bold_space-MNI152NLin2009cAsym_preproc.nii
++ current memory malloc-ated = 1,489,142,646 bytes (about 1.5 billion [giga])
++ forcibly using TR=2.0000 seconds for -input dataset
++ Skipping check for initial transients
++ Imaging duration=688.0 s; Automatic polort=5
++ -stim_times using TR=2 s for stimulus timing conversion
++ -stim_times using TR=2 s for any -iresp output datasets
++  [you can alter the -iresp TR via the -TR_times option]
++ ** -stim_times NOTE ** guessing GLOBAL times if 1 time per line; LOCAL otherwise
++ ** GUESSED ** -stim_times_AM2 1 using LOCAL times
++ '-stim_times_AM2 1' average amplitude#1=0.675
++ ** GUESSED ** -stim_times_AM1 2 using LOCAL times
------------------------------------------------------------
GLT matrix from 'SYM: AllConds[0]':
   0   0   0   0   0   0   1   0   0   0   0   0   0   0 
 
------------------------------------------------------------
GLT matrix from 'SYM: AllConds[1]':
   0   0   0   0   0   0   0   1   0   0   0   0   0   0 
 
++ Number of time points: 344 (no censoring)
 + Number of parameters:  14 [11 baseline ; 3 signal]
++ total shared memory needed = 3,042,682,420 bytes (about 3.0 billion [giga])
++ current memory malloc-ated = 1,490,270,012 bytes (about 1.5 billion [giga])
++ mmap() memory allocated: 3,042,682,420 bytes (about 3.0 billion [giga])
++ Memory required for output bricks = 3,042,682,420 bytes (about 3.0 billion [giga])
++ Wrote matrix values to file CHIVES1009_AllCondPmod_xmat.1D
++ ========= Things you can do with the matrix file =========
++ (a) Linear regression with ARMA(1,1) modeling of serial correlation:

3dREMLfit -matrix CHIVES1009_AllCondPmod_xmat.1D -input /projects/sanlab/shared/CHIVES/bids_data/derivatives/fmriprep/sub-CHIVES1009/ses-wave1/func/s6_sub-CHIVES1009_ses-wave1_task-money_bold_space-MNI152NLin2009cAsym_preproc.nii \
 -mask /projects/sanlab/shared/CHIVES/bids_data/derivatives/fmriprep/sub-CHIVES1009/ses-wave1/func/sub-CHIVES1009_ses-wave1_task-money_bold_space-MNI152NLin2009cAsym_brainmask.nii.gz \
 -fout -tout -Rbuck CHIVES1009_AllCondPmod_stats_REML -Rvar CHIVES1009_AllCondPmod_stats_REMLvar \
 -Rfitts CHIVES1009_AllCondPmod_REML -Rerrts CHIVES1009_AllCondPmod_REML -verb
 
++ N.B.: 3dREMLfit command above written to file CHIVES1009_AllCondPmod_stats.REML_cmd
++ (b) Visualization/analysis of the matrix via ExamineXmat.R
++ (c) Synthesis of sub-model datasets using 3dSynthesize
++ ==========================================================
++ Wrote matrix values to file CHIVES1009_AllCondPmod_uncensor_xmat.1D
[7m*+ WARNING:[0m -------------------------------------------------
[7m*+ WARNING:[0m Problems with the X matrix columns, listed below:
[7m*+ WARNING:[0m !! * Column 13 [demean[4]#0] is all zeros
[7m*+ WARNING:[0m -------------------------------------------------
++ ----- Signal+Baseline matrix condition [X] (344x14):  4.34027  ++ VERY GOOD ++
[7m*+ WARNING:[0m !! in Signal+Baseline matrix:
 * Largest singular value=1.61678
 * 1 singular value is less than cutoff=1.61678e-07
 * Implies strong collinearity in the matrix columns! 
++ Signal+Baseline matrix singular values:
             0     0.0858258      0.321374      0.440915      0.521192
      0.790348      0.918999      0.971723       1.01473       1.04768
       1.17009        1.2334       1.54213       1.61678
++ ----- Signal-only matrix condition [X] (344x3):  1.61133  ++ VERY GOOD ++
++ ----- Baseline-only matrix condition [X] (344x11):  4.18308  ++ VERY GOOD ++
[7m*+ WARNING:[0m !! in Baseline-only matrix:
 * Largest singular value=1.53744
 * 1 singular value is less than cutoff=1.53744e-07
 * Implies strong collinearity in the matrix columns! 
++ Baseline-only matrix singular values:
             0      0.087863      0.477471      0.910869      0.966501
      0.991725             1       1.02502       1.04834        1.2262
       1.53744
++ ----- stim_base-only matrix condition [X] (344x5):  1.35624  ++ VERY GOOD ++
[7m*+ WARNING:[0m !! in stim_base-only matrix:
 * Largest singular value=1.25475
 * 1 singular value is less than cutoff=1.25475e-07
 * Implies strong collinearity in the matrix columns! 
++ stim_base-only matrix singular values:
             0      0.682151      0.929189       1.04733       1.25475
++ ----- polort-only matrix condition [X] (344x6):  1.01583  ++ VERY GOOD ++
[7m*+ WARNING:[0m +++++ !! Matrix inverse average error = 0.00510204  ** BEWARE **
++ Matrix setup time = 0.02 s
[7m** ERROR:[0m !! 3dDeconvolve: Can't run past 5 matrix warnings without '-GOFORIT 5'
[7m** ERROR:[0m !!                Currently at -GOFORIT 0
[7m** ERROR:[0m !! See file 3dDeconvolve.err for all WARNING and ERROR messages !!
[7m** ERROR:[0m !! Be sure you understand what you are doing before using -GOFORIT !!
[7m** ERROR:[0m !! If in doubt, consult with someone or with the AFNI message board !!
[7m** FATAL ERROR:[0m !! 3dDeconvolve (regretfully) shuts itself down !!
** Program compile date = Jul  6 2018
** AFNI converts NIFTI_datatype=4 (INT16) in file /projects/sanlab/shared/CHIVES/bids_data/derivatives/fmriprep/sub-CHIVES1009/ses-wave1/func/s6_sub-CHIVES1009_ses-wave1_task-money_bold_space-MNI152NLin2009cAsym_preproc.nii to FLOAT32
     Warnings of this type will be muted for this session.
     Set AFNI_NIFTI_TYPE_WARN to YES to see them all, NO to see none.
++ '-stim_times_AM2 1 /projects/sanlab/shared/CHIVES/CHIVES_WTP_scripts/behavioral/money/afni_timing_files/CHIVES1009/HealthyPmod.1D' has 1 auxiliary values per time point
++ '-stim_times_AM2 1 /projects/sanlab/shared/CHIVES/CHIVES_WTP_scripts/behavioral/money/afni_timing_files/CHIVES1009/HealthyPmod.1D' will have 2 regressors
++ '-stim_times_AM2 2 /projects/sanlab/shared/CHIVES/CHIVES_WTP_scripts/behavioral/money/afni_timing_files/CHIVES1009/UnhealthyPmod.1D' has 1 auxiliary values per time point
++ '-stim_times_AM2 2 /projects/sanlab/shared/CHIVES/CHIVES_WTP_scripts/behavioral/money/afni_timing_files/CHIVES1009/UnhealthyPmod.1D' will have 2 regressors
++ '-stim_times_AM1 3 /projects/sanlab/shared/CHIVES/CHIVES_WTP_scripts/behavioral/money/afni_timing_files/CHIVES1009/BidOnsDur.1D' has 1 auxiliary values per time point
++ '-stim_times_AM1 3': basis function model 'dmBLOCK(1)' uses 1 parameters,
    out of the 1 found in timing file '/projects/sanlab/shared/CHIVES/CHIVES_WTP_scripts/behavioral/money/afni_timing_files/CHIVES1009/BidOnsDur.1D'
++ 3dDeconvolve extending num_stimts from 3 to 8 due to -ortvec
++ 3dDeconvolve: AFNI version=AFNI_18.2.04 (Jul  6 2018) [64-bit]
++ Authored by: B. Douglas Ward, et al.
++ current memory malloc-ated = 286,976 bytes (about 287 thousand [kilo])
++ loading dataset /projects/sanlab/shared/CHIVES/bids_data/derivatives/fmriprep/sub-CHIVES1009/ses-wave1/func/s6_sub-CHIVES1009_ses-wave1_task-money_bold_space-MNI152NLin2009cAsym_preproc.nii
++ current memory malloc-ated = 1,489,169,912 bytes (about 1.5 billion [giga])
++ forcibly using TR=2.0000 seconds for -input dataset
++ Skipping check for initial transients
++ Imaging duration=688.0 s; Automatic polort=5
++ -stim_times using TR=2 s for stimulus timing conversion
++ -stim_times using TR=2 s for any -iresp output datasets
++  [you can alter the -iresp TR via the -TR_times option]
++ ** -stim_times NOTE ** guessing GLOBAL times if 1 time per line; LOCAL otherwise
++ ** GUESSED ** -stim_times_AM2 1 using LOCAL times
++ '-stim_times_AM2 1' average amplitude#1=0.866667
++ ** GUESSED ** -stim_times_AM2 2 using LOCAL times
++ '-stim_times_AM2 2' average amplitude#1=0.483333
++ ** GUESSED ** -stim_times_AM1 3 using LOCAL times
------------------------------------------------------------
GLT matrix from 'SYM: HealthyPmod[0]':
   0   0   0   0   0   0   1   0   0   0   0   0   0   0   0   0 
 
------------------------------------------------------------
GLT matrix from 'SYM: HealthyPmod[1]':
   0   0   0   0   0   0   0   1   0   0   0   0   0   0   0   0 
 
------------------------------------------------------------
GLT matrix from 'SYM: UnhealthyPmod[0]':
   0   0   0   0   0   0   0   0   1   0   0   0   0   0   0   0 
 
------------------------------------------------------------
GLT matrix from 'SYM: UnhealthyPmod[1]':
   0   0   0   0   0   0   0   0   0   1   0   0   0   0   0   0 
 
------------------------------------------------------------
GLT matrix from 'SYM: HealthyPmod[0] -UnhealthyPmod[0]':
   0   0   0   0   0   0   1   0  -1   0   0   0   0   0   0   0 
 
------------------------------------------------------------
GLT matrix from 'SYM: HealthyPmod[1] -UnhealthyPmod[1]':
   0   0   0   0   0   0   0   1   0  -1   0   0   0   0   0   0 
 
++ Number of time points: 344 (no censoring)
 + Number of parameters:  16 [11 baseline ; 5 signal]
++ total shared memory needed = 3,116,260,800 bytes (about 3.1 billion [giga])
++ current memory malloc-ated = 1,490,301,774 bytes (about 1.5 billion [giga])
++ mmap() memory allocated: 3,116,260,800 bytes (about 3.1 billion [giga])
++ Memory required for output bricks = 3,116,260,800 bytes (about 3.1 billion [giga])
++ Wrote matrix values to file CHIVES1009_2CondPmod_xmat.1D
++ ========= Things you can do with the matrix file =========
++ (a) Linear regression with ARMA(1,1) modeling of serial correlation:

3dREMLfit -matrix CHIVES1009_2CondPmod_xmat.1D -input /projects/sanlab/shared/CHIVES/bids_data/derivatives/fmriprep/sub-CHIVES1009/ses-wave1/func/s6_sub-CHIVES1009_ses-wave1_task-money_bold_space-MNI152NLin2009cAsym_preproc.nii \
 -mask /projects/sanlab/shared/CHIVES/bids_data/derivatives/fmriprep/sub-CHIVES1009/ses-wave1/func/sub-CHIVES1009_ses-wave1_task-money_bold_space-MNI152NLin2009cAsym_brainmask.nii.gz \
 -fout -tout -Rbuck CHIVES1009_2CondPmod_stats_REML -Rvar CHIVES1009_2CondPmod_stats_REMLvar \
 -Rfitts CHIVES1009_2CondPmod_REML -Rerrts CHIVES1009_2CondPmod_REML -verb
 
++ N.B.: 3dREMLfit command above written to file CHIVES1009_2CondPmod_stats.REML_cmd
++ (b) Visualization/analysis of the matrix via ExamineXmat.R
++ (c) Synthesis of sub-model datasets using 3dSynthesize
++ ==========================================================
++ Wrote matrix values to file CHIVES1009_2CondPmod_uncensor_xmat.1D
[7m*+ WARNING:[0m -------------------------------------------------
[7m*+ WARNING:[0m Problems with the X matrix columns, listed below:
[7m*+ WARNING:[0m !! * Column 15 [demean[4]#0] is all zeros
[7m*+ WARNING:[0m -------------------------------------------------
++ ----- Signal+Baseline matrix condition [X] (344x16):  4.35257  ++ VERY GOOD ++
[7m*+ WARNING:[0m !! in Signal+Baseline matrix:
 * Largest singular value=1.62074
 * 1 singular value is less than cutoff=1.62074e-07
 * Implies strong collinearity in the matrix columns! 
++ Signal+Baseline matrix singular values:
             0     0.0855502      0.320843      0.440405      0.517395
      0.777108      0.914545      0.935513      0.960769      0.973343
       1.04794       1.09006        1.1771       1.24968       1.54327
       1.62074
++ ----- Signal-only matrix condition [X] (344x5):  1.61137  ++ VERY GOOD ++
++ ----- Baseline-only matrix condition [X] (344x11):  4.18308  ++ VERY GOOD ++
[7m*+ WARNING:[0m !! in Baseline-only matrix:
 * Largest singular value=1.53744
 * 1 singular value is less than cutoff=1.53744e-07
 * Implies strong collinearity in the matrix columns! 
++ Baseline-only matrix singular values:
             0      0.087863      0.477471      0.910869      0.966501
      0.991725             1       1.02502       1.04834        1.2262
       1.53744
++ ----- stim_base-only matrix condition [X] (344x5):  1.35624  ++ VERY GOOD ++
[7m*+ WARNING:[0m !! in stim_base-only matrix:
 * Largest singular value=1.25475
 * 1 singular value is less than cutoff=1.25475e-07
 * Implies strong collinearity in the matrix columns! 
++ stim_base-only matrix singular values:
             0      0.682151      0.929189       1.04733       1.25475
++ ----- polort-only matrix condition [X] (344x6):  1.01583  ++ VERY GOOD ++
[7m*+ WARNING:[0m +++++ !! Matrix inverse average error = 0.00390625  ** BEWARE **
++ Matrix setup time = 0.02 s
[7m** ERROR:[0m !! 3dDeconvolve: Can't run past 5 matrix warnings without '-GOFORIT 5'
[7m** ERROR:[0m !!                Currently at -GOFORIT 0
[7m** ERROR:[0m !! See file 3dDeconvolve.err for all WARNING and ERROR messages !!
[7m** ERROR:[0m !! Be sure you understand what you are doing before using -GOFORIT !!
[7m** ERROR:[0m !! If in doubt, consult with someone or with the AFNI message board !!
[7m** FATAL ERROR:[0m !! 3dDeconvolve (regretfully) shuts itself down !!
** Program compile date = Jul  6 2018
** AFNI converts NIFTI_datatype=4 (INT16) in file /projects/sanlab/shared/CHIVES/bids_data/derivatives/fmriprep/sub-CHIVES1009/ses-wave1/func/s6_sub-CHIVES1009_ses-wave1_task-money_bold_space-MNI152NLin2009cAsym_preproc.nii to FLOAT32
     Warnings of this type will be muted for this session.
     Set AFNI_NIFTI_TYPE_WARN to YES to see them all, NO to see none.
++ '-stim_times_AM1 3 /projects/sanlab/shared/CHIVES/CHIVES_WTP_scripts/behavioral/money/afni_timing_files/CHIVES1009/BidOnsDur.1D' has 1 auxiliary values per time point
++ '-stim_times_AM1 3': basis function model 'dmBLOCK(1)' uses 1 parameters,
    out of the 1 found in timing file '/projects/sanlab/shared/CHIVES/CHIVES_WTP_scripts/behavioral/money/afni_timing_files/CHIVES1009/BidOnsDur.1D'
++ 3dDeconvolve extending num_stimts from 3 to 8 due to -ortvec
++ 3dDeconvolve: AFNI version=AFNI_18.2.04 (Jul  6 2018) [64-bit]
++ Authored by: B. Douglas Ward, et al.
++ current memory malloc-ated = 270,732 bytes (about 271 thousand [kilo])
++ loading dataset /projects/sanlab/shared/CHIVES/bids_data/derivatives/fmriprep/sub-CHIVES1009/ses-wave1/func/s6_sub-CHIVES1009_ses-wave1_task-money_bold_space-MNI152NLin2009cAsym_preproc.nii
++ current memory malloc-ated = 1,489,153,668 bytes (about 1.5 billion [giga])
++ forcibly using TR=2.0000 seconds for -input dataset
++ Skipping check for initial transients
++ Imaging duration=688.0 s; Automatic polort=5
++ -stim_times using TR=2 s for stimulus timing conversion
++ -stim_times using TR=2 s for any -iresp output datasets
++  [you can alter the -iresp TR via the -TR_times option]
++ ** -stim_times NOTE ** guessing GLOBAL times if 1 time per line; LOCAL otherwise
++ ** GUESSED ** -stim_times 1 using LOCAL times
++ ** GUESSED ** -stim_times 2 using LOCAL times
++ ** GUESSED ** -stim_times_AM1 3 using LOCAL times
------------------------------------------------------------
GLT matrix from 'SYM: Healthy':
   0   0   0   0   0   0   1   0   0   0   0   0   0   0 
 
------------------------------------------------------------
GLT matrix from 'SYM: Unhealthy':
   0   0   0   0   0   0   0   1   0   0   0   0   0   0 
 
------------------------------------------------------------
GLT matrix from 'SYM: Healthy -Unhealthy':
   0   0   0   0   0   0   1  -1   0   0   0   0   0   0 
 
++ Number of time points: 344 (no censoring)
 + Number of parameters:  14 [11 baseline ; 3 signal]
++ total shared memory needed = 3,059,994,980 bytes (about 3.1 billion [giga])
++ current memory malloc-ated = 1,490,281,080 bytes (about 1.5 billion [giga])
++ mmap() memory allocated: 3,059,994,980 bytes (about 3.1 billion [giga])
++ Memory required for output bricks = 3,059,994,980 bytes (about 3.1 billion [giga])
++ Wrote matrix values to file CHIVES1009_2Cond_xmat.1D
++ ========= Things you can do with the matrix file =========
++ (a) Linear regression with ARMA(1,1) modeling of serial correlation:

3dREMLfit -matrix CHIVES1009_2Cond_xmat.1D -input /projects/sanlab/shared/CHIVES/bids_data/derivatives/fmriprep/sub-CHIVES1009/ses-wave1/func/s6_sub-CHIVES1009_ses-wave1_task-money_bold_space-MNI152NLin2009cAsym_preproc.nii \
 -mask /projects/sanlab/shared/CHIVES/bids_data/derivatives/fmriprep/sub-CHIVES1009/ses-wave1/func/sub-CHIVES1009_ses-wave1_task-money_bold_space-MNI152NLin2009cAsym_brainmask.nii.gz \
 -fout -tout -Rbuck CHIVES1009_2Cond_stats_REML -Rvar CHIVES1009_2Cond_stats_REMLvar \
 -Rfitts CHIVES1009_2Cond_REML -Rerrts CHIVES1009_2Cond_REML -verb
 
++ N.B.: 3dREMLfit command above written to file CHIVES1009_2Cond_stats.REML_cmd
++ (b) Visualization/analysis of the matrix via ExamineXmat.R
++ (c) Synthesis of sub-model datasets using 3dSynthesize
++ ==========================================================
++ Wrote matrix values to file CHIVES1009_2Cond_uncensor_xmat.1D
[7m*+ WARNING:[0m -------------------------------------------------
[7m*+ WARNING:[0m Problems with the X matrix columns, listed below:
[7m*+ WARNING:[0m !! * Column 13 [demean[4]#0] is all zeros
[7m*+ WARNING:[0m -------------------------------------------------
++ ----- Signal+Baseline matrix condition [X] (344x14):  4.33713  ++ VERY GOOD ++
[7m*+ WARNING:[0m !! in Signal+Baseline matrix:
 * Largest singular value=1.62073
 * 1 singular value is less than cutoff=1.62073e-07
 * Implies strong collinearity in the matrix columns! 
++ Signal+Baseline matrix singular values:
             0       0.08616      0.321559      0.442154      0.520081
      0.905394      0.928859      0.972126       1.00405       1.02737
       1.09979       1.23868       1.53669       1.62073
++ ----- Signal-only matrix condition [X] (344x3):  1.61125  ++ VERY GOOD ++
++ ----- Baseline-only matrix condition [X] (344x11):  4.18308  ++ VERY GOOD ++
[7m*+ WARNING:[0m !! in Baseline-only matrix:
 * Largest singular value=1.53744
 * 1 singular value is less than cutoff=1.53744e-07
 * Implies strong collinearity in the matrix columns! 
++ Baseline-only matrix singular values:
             0      0.087863      0.477471      0.910869      0.966501
      0.991725             1       1.02502       1.04834        1.2262
       1.53744
++ ----- stim_base-only matrix condition [X] (344x5):  1.35624  ++ VERY GOOD ++
[7m*+ WARNING:[0m !! in stim_base-only matrix:
 * Largest singular value=1.25475
 * 1 singular value is less than cutoff=1.25475e-07
 * Implies strong collinearity in the matrix columns! 
++ stim_base-only matrix singular values:
             0      0.682151      0.929189       1.04733       1.25475
++ ----- polort-only matrix condition [X] (344x6):  1.01583  ++ VERY GOOD ++
[7m*+ WARNING:[0m +++++ !! Matrix inverse average error = 0.00510204  ** BEWARE **
++ Matrix setup time = 0.01 s
[7m** ERROR:[0m !! 3dDeconvolve: Can't run past 5 matrix warnings without '-GOFORIT 5'
[7m** ERROR:[0m !!                Currently at -GOFORIT 0
[7m** ERROR:[0m !! See file 3dDeconvolve.err for all WARNING and ERROR messages !!
[7m** ERROR:[0m !! Be sure you understand what you are doing before using -GOFORIT !!
[7m** ERROR:[0m !! If in doubt, consult with someone or with the AFNI message board !!
[7m** FATAL ERROR:[0m !! 3dDeconvolve (regretfully) shuts itself down !!
** Program compile date = Jul  6 2018
