** AFNI converts NIFTI_datatype=4 (INT16) in file /projects/sanlab/shared/CHIVES/bids_data/derivatives/fmriprep/sub-CHIVES1050/ses-wave1/func/s6_sub-CHIVES1050_ses-wave1_task-money_bold_space-MNI152NLin2009cAsym_preproc.nii to FLOAT32
     Warnings of this type will be muted for this session.
     Set AFNI_NIFTI_TYPE_WARN to YES to see them all, NO to see none.
++ '-stim_times_AM2 1 /projects/sanlab/shared/CHIVES/CHIVES_WTP_scripts/behavioral/money/afni_timing_files/CHIVES1050/AllCondsPmod.1D' has 1 auxiliary values per time point
++ '-stim_times_AM2 1 /projects/sanlab/shared/CHIVES/CHIVES_WTP_scripts/behavioral/money/afni_timing_files/CHIVES1050/AllCondsPmod.1D' will have 2 regressors
++ '-stim_times_AM1 2 /projects/sanlab/shared/CHIVES/CHIVES_WTP_scripts/behavioral/money/afni_timing_files/CHIVES1050/BidOnsDur.1D' has 1 auxiliary values per time point
++ '-stim_times_AM1 2': basis function model 'dmBLOCK(1)' uses 1 parameters,
    out of the 1 found in timing file '/projects/sanlab/shared/CHIVES/CHIVES_WTP_scripts/behavioral/money/afni_timing_files/CHIVES1050/BidOnsDur.1D'
++ 3dDeconvolve extending num_stimts from 2 to 7 due to -ortvec
++ 3dDeconvolve: AFNI version=AFNI_18.2.04 (Jul  6 2018) [64-bit]
++ Authored by: B. Douglas Ward, et al.
++ current memory malloc-ated = 262,658 bytes (about 263 thousand [kilo])
++ loading dataset /projects/sanlab/shared/CHIVES/bids_data/derivatives/fmriprep/sub-CHIVES1050/ses-wave1/func/s6_sub-CHIVES1050_ses-wave1_task-money_bold_space-MNI152NLin2009cAsym_preproc.nii
++ current memory malloc-ated = 1,545,411,518 bytes (about 1.5 billion [giga])
++ forcibly using TR=2.0000 seconds for -input dataset
++ Skipping check for initial transients
++ Imaging duration=714.0 s; Automatic polort=5
++ -stim_times using TR=2 s for stimulus timing conversion
++ -stim_times using TR=2 s for any -iresp output datasets
++  [you can alter the -iresp TR via the -TR_times option]
++ ** -stim_times NOTE ** guessing GLOBAL times if 1 time per line; LOCAL otherwise
++ ** GUESSED ** -stim_times_AM2 1 using LOCAL times
++ '-stim_times_AM2 1' average amplitude#1=1.08621
++ ** GUESSED ** -stim_times_AM1 2 using LOCAL times
------------------------------------------------------------
GLT matrix from 'SYM: AllConds[0]':
   0   0   0   0   0   0   1   0   0   0   0   0   0   0 
 
------------------------------------------------------------
GLT matrix from 'SYM: AllConds[1]':
   0   0   0   0   0   0   0   1   0   0   0   0   0   0 
 
++ Number of time points: 357 (no censoring)
 + Number of parameters:  14 [11 baseline ; 3 signal]
++ total shared memory needed = 3,155,214,060 bytes (about 3.2 billion [giga])
++ current memory malloc-ated = 1,546,539,664 bytes (about 1.5 billion [giga])
++ mmap() memory allocated: 3,155,214,060 bytes (about 3.2 billion [giga])
++ Memory required for output bricks = 3,155,214,060 bytes (about 3.2 billion [giga])
++ Wrote matrix values to file CHIVES1050_AllCondPmod_xmat.1D
++ ========= Things you can do with the matrix file =========
++ (a) Linear regression with ARMA(1,1) modeling of serial correlation:

3dREMLfit -matrix CHIVES1050_AllCondPmod_xmat.1D -input /projects/sanlab/shared/CHIVES/bids_data/derivatives/fmriprep/sub-CHIVES1050/ses-wave1/func/s6_sub-CHIVES1050_ses-wave1_task-money_bold_space-MNI152NLin2009cAsym_preproc.nii \
 -mask /projects/sanlab/shared/CHIVES/bids_data/derivatives/fmriprep/sub-CHIVES1050/ses-wave1/func/sub-CHIVES1050_ses-wave1_task-money_bold_space-MNI152NLin2009cAsym_brainmask.nii.gz \
 -fout -tout -Rbuck CHIVES1050_AllCondPmod_stats_REML -Rvar CHIVES1050_AllCondPmod_stats_REMLvar \
 -Rfitts CHIVES1050_AllCondPmod_REML -Rerrts CHIVES1050_AllCondPmod_REML -verb
 
++ N.B.: 3dREMLfit command above written to file CHIVES1050_AllCondPmod_stats.REML_cmd
++ (b) Visualization/analysis of the matrix via ExamineXmat.R
++ (c) Synthesis of sub-model datasets using 3dSynthesize
++ ==========================================================
++ Wrote matrix values to file CHIVES1050_AllCondPmod_uncensor_xmat.1D
++ ----- Signal+Baseline matrix condition [X] (357x14):  2.13177  ++ VERY GOOD ++
++ ----- Signal-only matrix condition [X] (357x3):  1.5647  ++ VERY GOOD ++
++ ----- Baseline-only matrix condition [X] (357x11):  1.98375  ++ VERY GOOD ++
++ ----- stim_base-only matrix condition [X] (357x5):  1.60006  ++ VERY GOOD ++
++ ----- polort-only matrix condition [X] (357x6):  1.01526  ++ VERY GOOD ++
++ +++++ Matrix inverse average error = 1.09689e-15  ++ VERY GOOD ++
++ Matrix setup time = 0.03 s
++ Voxels in dataset: 1082035
++ Voxels in mask:    274065
++ Voxels per job:    27406
++ Job #1: processing voxels 240419 to 325957; elapsed time=3.910
++ Job #2: processing voxels 325958 to 385416; elapsed time=3.936
++ Job #3: processing voxels 385417 to 441986; elapsed time=3.962
++ Job #4: processing voxels 441987 to 497575; elapsed time=3.988
++ Job #5: processing voxels 497576 to 553840; elapsed time=4.015
++ Job #6: processing voxels 553841 to 616016; elapsed time=4.043
++ Job #7: processing voxels 616017 to 678654; elapsed time=4.070
++ Job #8: processing voxels 678655 to 762378; elapsed time=4.097
++ Job #9: processing voxels 762379 to 1082034; elapsed time=4.124
++ Job #0: processing voxels 0 to 240418; elapsed time=4.134
++ voxel loop:0123456789.0123456789.0123456789.0123456789.012345678++ Job #5 finished; elapsed time=5.633
++ Job #4 finished; elapsed time=5.637
++ Job #2 finished; elapsed time=5.642
++ Job #1 finished; elapsed time=5.660
++ Job #3 finished; elapsed time=5.667
++ Job #8 finished; elapsed time=5.680
9.
++ Job #0 waiting for children to finish; elapsed time=5.721
++ Job #6 finished; elapsed time=5.736
++ Job #7 finished; elapsed time=5.761
++ Job #9 finished; elapsed time=5.911
++ Job #0 now finishing up; elapsed time=5.943
++ Smallest FDR q [0 Full_Fstat] = 4.5318e-15
++ Smallest FDR q [2 AllConds#0_Tstat] = 1.30133e-14
++ Smallest FDR q [4 AllConds#1_Tstat] = 0.00125534
++ Smallest FDR q [5 AllConds_Fstat] = 1.37502e-14
++ Smallest FDR q [7 BidsNMiss#0_Tstat] = 3.05481e-14
++ Smallest FDR q [8 BidsNMiss_Fstat] = 3.05469e-14
++ Smallest FDR q [10 CondGtRest_GLT#0_Tstat] = 1.30133e-14
++ Smallest FDR q [11 CondGtRest_GLT_Fstat] = 1.30091e-14
++ Smallest FDR q [13 Pmod_GLT#0_Tstat] = 0.00125534
++ Smallest FDR q [14 Pmod_GLT_Fstat] = 0.00125538
++ Wrote bucket dataset into ./CHIVES1050_AllCondPmod_stats+tlrc.BRIK
 + created 10 FDR curves in bucket header
++ Wrote 3D+time dataset into ./CHIVES1050_AllCondPmod+tlrc.BRIK
++ Wrote 3D+time dataset into ./CHIVES1050_AllCondPmod+tlrc.BRIK
++ Program finished; elapsed time=22.414
** AFNI converts NIFTI_datatype=4 (INT16) in file /projects/sanlab/shared/CHIVES/bids_data/derivatives/fmriprep/sub-CHIVES1050/ses-wave1/func/s6_sub-CHIVES1050_ses-wave1_task-money_bold_space-MNI152NLin2009cAsym_preproc.nii to FLOAT32
     Warnings of this type will be muted for this session.
     Set AFNI_NIFTI_TYPE_WARN to YES to see them all, NO to see none.
++ '-stim_times_AM2 1 /projects/sanlab/shared/CHIVES/CHIVES_WTP_scripts/behavioral/money/afni_timing_files/CHIVES1050/HealthyPmod.1D' has 1 auxiliary values per time point
++ '-stim_times_AM2 1 /projects/sanlab/shared/CHIVES/CHIVES_WTP_scripts/behavioral/money/afni_timing_files/CHIVES1050/HealthyPmod.1D' will have 2 regressors
++ '-stim_times_AM2 2 /projects/sanlab/shared/CHIVES/CHIVES_WTP_scripts/behavioral/money/afni_timing_files/CHIVES1050/UnhealthyPmod.1D' has 1 auxiliary values per time point
++ '-stim_times_AM2 2 /projects/sanlab/shared/CHIVES/CHIVES_WTP_scripts/behavioral/money/afni_timing_files/CHIVES1050/UnhealthyPmod.1D' will have 2 regressors
++ '-stim_times_AM1 3 /projects/sanlab/shared/CHIVES/CHIVES_WTP_scripts/behavioral/money/afni_timing_files/CHIVES1050/BidOnsDur.1D' has 1 auxiliary values per time point
++ '-stim_times_AM1 3': basis function model 'dmBLOCK(1)' uses 1 parameters,
    out of the 1 found in timing file '/projects/sanlab/shared/CHIVES/CHIVES_WTP_scripts/behavioral/money/afni_timing_files/CHIVES1050/BidOnsDur.1D'
++ 3dDeconvolve extending num_stimts from 3 to 8 due to -ortvec
++ 3dDeconvolve: AFNI version=AFNI_18.2.04 (Jul  6 2018) [64-bit]
++ Authored by: B. Douglas Ward, et al.
++ current memory malloc-ated = 289,924 bytes (about 290 thousand [kilo])
++ loading dataset /projects/sanlab/shared/CHIVES/bids_data/derivatives/fmriprep/sub-CHIVES1050/ses-wave1/func/s6_sub-CHIVES1050_ses-wave1_task-money_bold_space-MNI152NLin2009cAsym_preproc.nii
++ current memory malloc-ated = 1,545,438,784 bytes (about 1.5 billion [giga])
++ forcibly using TR=2.0000 seconds for -input dataset
++ Skipping check for initial transients
++ Imaging duration=714.0 s; Automatic polort=5
++ -stim_times using TR=2 s for stimulus timing conversion
++ -stim_times using TR=2 s for any -iresp output datasets
++  [you can alter the -iresp TR via the -TR_times option]
++ ** -stim_times NOTE ** guessing GLOBAL times if 1 time per line; LOCAL otherwise
++ ** GUESSED ** -stim_times_AM2 1 using LOCAL times
++ '-stim_times_AM2 1' average amplitude#1=1.38333
++ ** GUESSED ** -stim_times_AM2 2 using LOCAL times
++ '-stim_times_AM2 2' average amplitude#1=0.767857
++ ** GUESSED ** -stim_times_AM1 3 using LOCAL times
------------------------------------------------------------
GLT matrix from 'SYM: HealthyPmod[0]':
   0   0   0   0   0   0   1   0   0   0   0   0   0   0   0   0 
 
------------------------------------------------------------
GLT matrix from 'SYM: HealthyPmod[1]':
   0   0   0   0   0   0   0   1   0   0   0   0   0   0   0   0 
 
------------------------------------------------------------
GLT matrix from 'SYM: UnhealthyPmod[0]':
   0   0   0   0   0   0   0   0   1   0   0   0   0   0   0   0 
 
------------------------------------------------------------
GLT matrix from 'SYM: UnhealthyPmod[1]':
   0   0   0   0   0   0   0   0   0   1   0   0   0   0   0   0 
 
------------------------------------------------------------
GLT matrix from 'SYM: HealthyPmod[0] -UnhealthyPmod[0]':
   0   0   0   0   0   0   1   0  -1   0   0   0   0   0   0   0 
 
------------------------------------------------------------
GLT matrix from 'SYM: HealthyPmod[1] -UnhealthyPmod[1]':
   0   0   0   0   0   0   0   1   0  -1   0   0   0   0   0   0 
 
++ Number of time points: 357 (no censoring)
 + Number of parameters:  16 [11 baseline ; 5 signal]
++ total shared memory needed = 3,228,792,440 bytes (about 3.2 billion [giga])
++ current memory malloc-ated = 1,546,571,530 bytes (about 1.5 billion [giga])
++ mmap() memory allocated: 3,228,792,440 bytes (about 3.2 billion [giga])
++ Memory required for output bricks = 3,228,792,440 bytes (about 3.2 billion [giga])
++ Wrote matrix values to file CHIVES1050_2CondPmod_xmat.1D
++ ========= Things you can do with the matrix file =========
++ (a) Linear regression with ARMA(1,1) modeling of serial correlation:

3dREMLfit -matrix CHIVES1050_2CondPmod_xmat.1D -input /projects/sanlab/shared/CHIVES/bids_data/derivatives/fmriprep/sub-CHIVES1050/ses-wave1/func/s6_sub-CHIVES1050_ses-wave1_task-money_bold_space-MNI152NLin2009cAsym_preproc.nii \
 -mask /projects/sanlab/shared/CHIVES/bids_data/derivatives/fmriprep/sub-CHIVES1050/ses-wave1/func/sub-CHIVES1050_ses-wave1_task-money_bold_space-MNI152NLin2009cAsym_brainmask.nii.gz \
 -fout -tout -Rbuck CHIVES1050_2CondPmod_stats_REML -Rvar CHIVES1050_2CondPmod_stats_REMLvar \
 -Rfitts CHIVES1050_2CondPmod_REML -Rerrts CHIVES1050_2CondPmod_REML -verb
 
++ N.B.: 3dREMLfit command above written to file CHIVES1050_2CondPmod_stats.REML_cmd
++ (b) Visualization/analysis of the matrix via ExamineXmat.R
++ (c) Synthesis of sub-model datasets using 3dSynthesize
++ ==========================================================
++ Wrote matrix values to file CHIVES1050_2CondPmod_uncensor_xmat.1D
++ ----- Signal+Baseline matrix condition [X] (357x16):  2.13704  ++ VERY GOOD ++
++ ----- Signal-only matrix condition [X] (357x5):  1.56473  ++ VERY GOOD ++
++ ----- Baseline-only matrix condition [X] (357x11):  1.98375  ++ VERY GOOD ++
++ ----- stim_base-only matrix condition [X] (357x5):  1.60006  ++ VERY GOOD ++
++ ----- polort-only matrix condition [X] (357x6):  1.01526  ++ VERY GOOD ++
++ +++++ Matrix inverse average error = 8.26117e-16  ++ VERY GOOD ++
++ Matrix setup time = 0.01 s
++ Voxels in dataset: 1082035
++ Voxels in mask:    274065
++ Voxels per job:    27406
++ Job #1: processing voxels 240419 to 325957; elapsed time=3.935
++ Job #2: processing voxels 325958 to 385416; elapsed time=3.961
++ Job #3: processing voxels 385417 to 441986; elapsed time=3.987
++ Job #4: processing voxels 441987 to 497575; elapsed time=4.013
++ Job #5: processing voxels 497576 to 553840; elapsed time=4.039
++ Job #6: processing voxels 553841 to 616016; elapsed time=4.065
++ Job #7: processing voxels 616017 to 678654; elapsed time=4.091
++ Job #8: processing voxels 678655 to 762378; elapsed time=4.117
++ Job #9: processing voxels 762379 to 1082034; elapsed time=4.143
++ Job #0: processing voxels 0 to 240418; elapsed time=4.153
++ voxel loop:0123456789.0123456789.0123456789.0123456789.0123456++ Job #2 finished; elapsed time=6.082
78++ Job #4 finished; elapsed time=6.151
++ Job #3 finished; elapsed time=6.215
++ Job #6 finished; elapsed time=6.226
++ Job #1 finished; elapsed time=6.238
++ Job #8 finished; elapsed time=6.255
++ Job #5 finished; elapsed time=6.257
9.
++ Job #0 waiting for children to finish; elapsed time=6.278
++ Job #7 finished; elapsed time=6.321
++ Job #9 finished; elapsed time=6.490
++ Job #0 now finishing up; elapsed time=6.525
++ Smallest FDR q [0 Full_Fstat] = 4.85482e-15
++ Smallest FDR q [2 HealthyPmod#0_Tstat] = 2.71847e-14
++ Smallest FDR q [4 HealthyPmod#1_Tstat] = 0.0012348
++ Smallest FDR q [5 HealthyPmod_Fstat] = 2.50871e-14
++ Smallest FDR q [7 UnhealthyPmod#0_Tstat] = 2.05018e-14
++ Smallest FDR q [9 UnhealthyPmod#1_Tstat] = 0.0547489
++ Smallest FDR q [10 UnhealthyPmod_Fstat] = 2.4222e-14
++ Smallest FDR q [12 BidsNMiss#0_Tstat] = 3.01253e-14
++ Smallest FDR q [13 BidsNMiss_Fstat] = 3.01247e-14
++ Smallest FDR q [15 HealthyGtRest_GLT#0_Tstat] = 2.71847e-14
++ Smallest FDR q [16 HealthyGtRest_GLT_Fstat] = 2.71787e-14
++ Smallest FDR q [18 HealthyPmod_GLT#0_Tstat] = 0.0012348
++ Smallest FDR q [19 HealthyPmod_GLT_Fstat] = 0.00123481
++ Smallest FDR q [21 UnhealthyGtRest_GLT#0_Tstat] = 2.05018e-14
++ Smallest FDR q [22 UnhealthyGtRest_GLT_Fstat] = 2.04971e-14
++ Smallest FDR q [24 UnhealthyPmod_GLT#0_Tstat] = 0.0547489
++ Smallest FDR q [25 UnhealthyPmod_GLT_Fstat] = 0.0547496
++ Smallest FDR q [27 HealthyGtUnhealthy_GLT#0_Tstat] = 0.0416791
++ Smallest FDR q [28 HealthyGtUnhealthy_GLT_Fstat] = 0.0416783
++ Smallest FDR q [30 HealthyGtUnhealthyPmod_GLT#0_Tstat] = 0.00263356
++ Smallest FDR q [31 HealthyGtUnhealthyPmod_GLT_Fstat] = 0.00263348
++ Wrote bucket dataset into ./CHIVES1050_2CondPmod_stats+tlrc.BRIK
 + created 21 FDR curves in bucket header
++ Wrote 3D+time dataset into ./CHIVES1050_2CondPmod+tlrc.BRIK
++ Wrote 3D+time dataset into ./CHIVES1050_2CondPmod+tlrc.BRIK
++ Program finished; elapsed time=38.283
** AFNI converts NIFTI_datatype=4 (INT16) in file /projects/sanlab/shared/CHIVES/bids_data/derivatives/fmriprep/sub-CHIVES1050/ses-wave1/func/s6_sub-CHIVES1050_ses-wave1_task-money_bold_space-MNI152NLin2009cAsym_preproc.nii to FLOAT32
     Warnings of this type will be muted for this session.
     Set AFNI_NIFTI_TYPE_WARN to YES to see them all, NO to see none.
++ '-stim_times_AM1 3 /projects/sanlab/shared/CHIVES/CHIVES_WTP_scripts/behavioral/money/afni_timing_files/CHIVES1050/BidOnsDur.1D' has 1 auxiliary values per time point
++ '-stim_times_AM1 3': basis function model 'dmBLOCK(1)' uses 1 parameters,
    out of the 1 found in timing file '/projects/sanlab/shared/CHIVES/CHIVES_WTP_scripts/behavioral/money/afni_timing_files/CHIVES1050/BidOnsDur.1D'
++ 3dDeconvolve extending num_stimts from 3 to 8 due to -ortvec
++ 3dDeconvolve: AFNI version=AFNI_18.2.04 (Jul  6 2018) [64-bit]
++ Authored by: B. Douglas Ward, et al.
++ current memory malloc-ated = 273,688 bytes (about 274 thousand [kilo])
++ loading dataset /projects/sanlab/shared/CHIVES/bids_data/derivatives/fmriprep/sub-CHIVES1050/ses-wave1/func/s6_sub-CHIVES1050_ses-wave1_task-money_bold_space-MNI152NLin2009cAsym_preproc.nii
++ current memory malloc-ated = 1,545,422,548 bytes (about 1.5 billion [giga])
++ forcibly using TR=2.0000 seconds for -input dataset
++ Skipping check for initial transients
++ Imaging duration=714.0 s; Automatic polort=5
++ -stim_times using TR=2 s for stimulus timing conversion
++ -stim_times using TR=2 s for any -iresp output datasets
++  [you can alter the -iresp TR via the -TR_times option]
++ ** -stim_times NOTE ** guessing GLOBAL times if 1 time per line; LOCAL otherwise
++ ** GUESSED ** -stim_times 1 using LOCAL times
++ ** GUESSED ** -stim_times 2 using LOCAL times
++ ** GUESSED ** -stim_times_AM1 3 using LOCAL times
------------------------------------------------------------
GLT matrix from 'SYM: Healthy':
   0   0   0   0   0   0   1   0   0   0   0   0   0   0 
 
------------------------------------------------------------
GLT matrix from 'SYM: Unhealthy':
   0   0   0   0   0   0   0   1   0   0   0   0   0   0 
 
------------------------------------------------------------
GLT matrix from 'SYM: Healthy -Unhealthy':
   0   0   0   0   0   0   1  -1   0   0   0   0   0   0 
 
++ Number of time points: 357 (no censoring)
 + Number of parameters:  14 [11 baseline ; 3 signal]
++ total shared memory needed = 3,172,526,620 bytes (about 3.2 billion [giga])
++ current memory malloc-ated = 1,546,550,740 bytes (about 1.5 billion [giga])
++ mmap() memory allocated: 3,172,526,620 bytes (about 3.2 billion [giga])
++ Memory required for output bricks = 3,172,526,620 bytes (about 3.2 billion [giga])
++ Wrote matrix values to file CHIVES1050_2Cond_xmat.1D
++ ========= Things you can do with the matrix file =========
++ (a) Linear regression with ARMA(1,1) modeling of serial correlation:

3dREMLfit -matrix CHIVES1050_2Cond_xmat.1D -input /projects/sanlab/shared/CHIVES/bids_data/derivatives/fmriprep/sub-CHIVES1050/ses-wave1/func/s6_sub-CHIVES1050_ses-wave1_task-money_bold_space-MNI152NLin2009cAsym_preproc.nii \
 -mask /projects/sanlab/shared/CHIVES/bids_data/derivatives/fmriprep/sub-CHIVES1050/ses-wave1/func/sub-CHIVES1050_ses-wave1_task-money_bold_space-MNI152NLin2009cAsym_brainmask.nii.gz \
 -fout -tout -Rbuck CHIVES1050_2Cond_stats_REML -Rvar CHIVES1050_2Cond_stats_REMLvar \
 -Rfitts CHIVES1050_2Cond_REML -Rerrts CHIVES1050_2Cond_REML -verb
 
++ N.B.: 3dREMLfit command above written to file CHIVES1050_2Cond_stats.REML_cmd
++ (b) Visualization/analysis of the matrix via ExamineXmat.R
++ (c) Synthesis of sub-model datasets using 3dSynthesize
++ ==========================================================
++ Wrote matrix values to file CHIVES1050_2Cond_uncensor_xmat.1D
++ ----- Signal+Baseline matrix condition [X] (357x14):  2.11345  ++ VERY GOOD ++
++ ----- Signal-only matrix condition [X] (357x3):  1.56472  ++ VERY GOOD ++
++ ----- Baseline-only matrix condition [X] (357x11):  1.98375  ++ VERY GOOD ++
++ ----- stim_base-only matrix condition [X] (357x5):  1.60006  ++ VERY GOOD ++
++ ----- polort-only matrix condition [X] (357x6):  1.01526  ++ VERY GOOD ++
++ +++++ Matrix inverse average error = 1.15169e-15  ++ VERY GOOD ++
++ Matrix setup time = 0.01 s
++ Voxels in dataset: 1082035
++ Voxels in mask:    274065
++ Voxels per job:    27406
++ Job #1: processing voxels 240419 to 325957; elapsed time=4.017
++ Job #2: processing voxels 325958 to 385416; elapsed time=4.043
++ Job #3: processing voxels 385417 to 441986; elapsed time=4.069
++ Job #4: processing voxels 441987 to 497575; elapsed time=4.095
++ Job #5: processing voxels 497576 to 553840; elapsed time=4.121
++ Job #6: processing voxels 553841 to 616016; elapsed time=4.147
++ Job #7: processing voxels 616017 to 678654; elapsed time=4.173
++ Job #8: processing voxels 678655 to 762378; elapsed time=4.200
++ Job #9: processing voxels 762379 to 1082034; elapsed time=4.226
++ Job #0: processing voxels 0 to 240418; elapsed time=4.236
++ voxel loop:0123456789.0123456789.0123456789.0123456789.0123456++ Job #2 finished; elapsed time=5.811
78++ Job #4 finished; elapsed time=5.882
++ Job #6 finished; elapsed time=5.904
++ Job #3 finished; elapsed time=5.933
9.
++ Job #0 waiting for children to finish; elapsed time=5.961
++ Job #1 finished; elapsed time=5.964
++ Job #5 finished; elapsed time=5.969
++ Job #8 finished; elapsed time=5.987
++ Job #7 finished; elapsed time=6.055
++ Job #9 finished; elapsed time=6.247
++ Job #0 now finishing up; elapsed time=6.280
++ Smallest FDR q [0 Full_Fstat] = 4.70588e-15
++ Smallest FDR q [2 Healthy#0_Tstat] = 2.82317e-14
++ Smallest FDR q [3 Healthy_Fstat] = 2.82247e-14
++ Smallest FDR q [5 Unhealthy#0_Tstat] = 2.22881e-14
++ Smallest FDR q [6 Unhealthy_Fstat] = 2.22842e-14
++ Smallest FDR q [8 BidsNMiss#0_Tstat] = 3.05316e-14
++ Smallest FDR q [9 BidsNMiss_Fstat] = 3.05307e-14
++ Smallest FDR q [11 HealthyGtRest_GLT#0_Tstat] = 2.82317e-14
++ Smallest FDR q [12 HealthyGtRest_GLT_Fstat] = 2.82249e-14
++ Smallest FDR q [14 UnhealthyGtRest_GLT#0_Tstat] = 2.22881e-14
++ Smallest FDR q [15 UnhealthyGtRest_GLT_Fstat] = 2.22846e-14
[7m*+ WARNING:[0m Smallest FDR q [17 HealthyGtUnhealthy_GLT#0_Tstat] = 0.112761 ==> few true single voxel detections
[7m*+ WARNING:[0m Smallest FDR q [18 HealthyGtUnhealthy_GLT_Fstat] = 0.112764 ==> few true single voxel detections
++ Wrote bucket dataset into ./CHIVES1050_2Cond_stats+tlrc.BRIK
 + created 13 FDR curves in bucket header
++ Wrote 3D+time dataset into ./CHIVES1050_2Cond+tlrc.BRIK
++ Wrote 3D+time dataset into ./CHIVES1050_2Cond+tlrc.BRIK
++ Program finished; elapsed time=24.523
