** AFNI converts NIFTI_datatype=4 (INT16) in file /projects/sanlab/shared/CHIVES/bids_data/derivatives/fmriprep/sub-CHIVES1042/ses-wave1/func/s6_sub-CHIVES1042_ses-wave1_task-money_bold_space-MNI152NLin2009cAsym_preproc.nii to FLOAT32
     Warnings of this type will be muted for this session.
     Set AFNI_NIFTI_TYPE_WARN to YES to see them all, NO to see none.
++ '-stim_times_AM2 1 /projects/sanlab/shared/CHIVES/CHIVES_WTP_scripts/behavioral/money/afni_timing_files/CHIVES1042/AllCondsPmod.1D' has 1 auxiliary values per time point
++ '-stim_times_AM2 1 /projects/sanlab/shared/CHIVES/CHIVES_WTP_scripts/behavioral/money/afni_timing_files/CHIVES1042/AllCondsPmod.1D' will have 2 regressors
++ '-stim_times_AM1 2 /projects/sanlab/shared/CHIVES/CHIVES_WTP_scripts/behavioral/money/afni_timing_files/CHIVES1042/BidOnsDur.1D' has 1 auxiliary values per time point
++ '-stim_times_AM1 2': basis function model 'dmBLOCK(1)' uses 1 parameters,
    out of the 1 found in timing file '/projects/sanlab/shared/CHIVES/CHIVES_WTP_scripts/behavioral/money/afni_timing_files/CHIVES1042/BidOnsDur.1D'
++ 3dDeconvolve extending num_stimts from 2 to 7 due to -ortvec
++ 3dDeconvolve: AFNI version=AFNI_18.2.04 (Jul  6 2018) [64-bit]
++ Authored by: B. Douglas Ward, et al.
++ current memory malloc-ated = 262,674 bytes (about 263 thousand [kilo])
++ loading dataset /projects/sanlab/shared/CHIVES/bids_data/derivatives/fmriprep/sub-CHIVES1042/ses-wave1/func/s6_sub-CHIVES1042_ses-wave1_task-money_bold_space-MNI152NLin2009cAsym_preproc.nii
++ current memory malloc-ated = 1,545,411,534 bytes (about 1.5 billion [giga])
++ forcibly using TR=2.0000 seconds for -input dataset
++ Skipping check for initial transients
++ Imaging duration=714.0 s; Automatic polort=5
++ -stim_times using TR=2 s for stimulus timing conversion
++ -stim_times using TR=2 s for any -iresp output datasets
++  [you can alter the -iresp TR via the -TR_times option]
++ ** -stim_times NOTE ** guessing GLOBAL times if 1 time per line; LOCAL otherwise
++ ** GUESSED ** -stim_times_AM2 1 using LOCAL times
++ '-stim_times_AM2 1' average amplitude#1=0.758333
++ ** GUESSED ** -stim_times_AM1 2 using LOCAL times
------------------------------------------------------------
GLT matrix from 'SYM: AllConds[0]':
   0   0   0   0   0   0   1   0   0   0   0   0   0   0 
 
------------------------------------------------------------
GLT matrix from 'SYM: AllConds[1]':
   0   0   0   0   0   0   0   1   0   0   0   0   0   0 
 
++ Number of time points: 357 (no censoring)
 + Number of parameters:  14 [11 baseline ; 3 signal]
++ total shared memory needed = 3,155,214,060 bytes (about 3.2 billion [giga])
++ current memory malloc-ated = 1,546,539,680 bytes (about 1.5 billion [giga])
++ mmap() memory allocated: 3,155,214,060 bytes (about 3.2 billion [giga])
++ Memory required for output bricks = 3,155,214,060 bytes (about 3.2 billion [giga])
++ Wrote matrix values to file CHIVES1042_AllCondPmod_xmat.1D
++ ========= Things you can do with the matrix file =========
++ (a) Linear regression with ARMA(1,1) modeling of serial correlation:

3dREMLfit -matrix CHIVES1042_AllCondPmod_xmat.1D -input /projects/sanlab/shared/CHIVES/bids_data/derivatives/fmriprep/sub-CHIVES1042/ses-wave1/func/s6_sub-CHIVES1042_ses-wave1_task-money_bold_space-MNI152NLin2009cAsym_preproc.nii \
 -mask /projects/sanlab/shared/CHIVES/bids_data/derivatives/fmriprep/sub-CHIVES1042/ses-wave1/func/sub-CHIVES1042_ses-wave1_task-money_bold_space-MNI152NLin2009cAsym_brainmask.nii.gz \
 -fout -tout -Rbuck CHIVES1042_AllCondPmod_stats_REML -Rvar CHIVES1042_AllCondPmod_stats_REMLvar \
 -Rfitts CHIVES1042_AllCondPmod_REML -Rerrts CHIVES1042_AllCondPmod_REML -verb
 
++ N.B.: 3dREMLfit command above written to file CHIVES1042_AllCondPmod_stats.REML_cmd
++ (b) Visualization/analysis of the matrix via ExamineXmat.R
++ (c) Synthesis of sub-model datasets using 3dSynthesize
++ ==========================================================
++ Wrote matrix values to file CHIVES1042_AllCondPmod_uncensor_xmat.1D
[7m*+ WARNING:[0m -------------------------------------------------
[7m*+ WARNING:[0m Problems with the X matrix columns, listed below:
[7m*+ WARNING:[0m !! * Column 13 [demean[4]#0] is all zeros
[7m*+ WARNING:[0m -------------------------------------------------
++ ----- Signal+Baseline matrix condition [X] (357x14):  2.62944  ++ VERY GOOD ++
[7m*+ WARNING:[0m !! in Signal+Baseline matrix:
 * Largest singular value=1.61046
 * 1 singular value is less than cutoff=1.61046e-07
 * Implies strong collinearity in the matrix columns! 
++ Signal+Baseline matrix singular values:
             0      0.232928      0.333935      0.390433      0.512523
      0.747831      0.940372      0.992394        1.0199       1.05645
       1.18067        1.3155       1.45477       1.61046
++ ----- Signal-only matrix condition [X] (357x3):  1.62533  ++ VERY GOOD ++
++ ----- Baseline-only matrix condition [X] (357x11):  2.47997  ++ VERY GOOD ++
[7m*+ WARNING:[0m !! in Baseline-only matrix:
 * Largest singular value=1.45267
 * 1 singular value is less than cutoff=1.45267e-07
 * Implies strong collinearity in the matrix columns! 
++ Baseline-only matrix singular values:
             0      0.236197      0.340294      0.744665      0.987613
             1        1.0069       1.02719       1.17979        1.3143
       1.45267
++ ----- stim_base-only matrix condition [X] (357x5):  1.30051  ++ VERY GOOD ++
[7m*+ WARNING:[0m !! in stim_base-only matrix:
 * Largest singular value=1.26072
 * 1 singular value is less than cutoff=1.26072e-07
 * Implies strong collinearity in the matrix columns! 
++ stim_base-only matrix singular values:
             0      0.745402       0.93923       0.98631       1.26072
++ ----- polort-only matrix condition [X] (357x6):  1.01526  ++ VERY GOOD ++
[7m*+ WARNING:[0m +++++ !! Matrix inverse average error = 0.00510204  ** BEWARE **
++ Matrix setup time = 0.01 s
[7m** ERROR:[0m !! 3dDeconvolve: Can't run past 5 matrix warnings without '-GOFORIT 5'
[7m** ERROR:[0m !!                Currently at -GOFORIT 0
[7m** ERROR:[0m !! See file 3dDeconvolve.err for all WARNING and ERROR messages !!
[7m** ERROR:[0m !! Be sure you understand what you are doing before using -GOFORIT !!
[7m** ERROR:[0m !! If in doubt, consult with someone or with the AFNI message board !!
[7m** FATAL ERROR:[0m !! 3dDeconvolve (regretfully) shuts itself down !!
** Program compile date = Jul  6 2018
** AFNI converts NIFTI_datatype=4 (INT16) in file /projects/sanlab/shared/CHIVES/bids_data/derivatives/fmriprep/sub-CHIVES1042/ses-wave1/func/s6_sub-CHIVES1042_ses-wave1_task-money_bold_space-MNI152NLin2009cAsym_preproc.nii to FLOAT32
     Warnings of this type will be muted for this session.
     Set AFNI_NIFTI_TYPE_WARN to YES to see them all, NO to see none.
++ '-stim_times_AM2 1 /projects/sanlab/shared/CHIVES/CHIVES_WTP_scripts/behavioral/money/afni_timing_files/CHIVES1042/HealthyPmod.1D' has 1 auxiliary values per time point
++ '-stim_times_AM2 1 /projects/sanlab/shared/CHIVES/CHIVES_WTP_scripts/behavioral/money/afni_timing_files/CHIVES1042/HealthyPmod.1D' will have 2 regressors
++ '-stim_times_AM2 2 /projects/sanlab/shared/CHIVES/CHIVES_WTP_scripts/behavioral/money/afni_timing_files/CHIVES1042/UnhealthyPmod.1D' has 1 auxiliary values per time point
++ '-stim_times_AM2 2 /projects/sanlab/shared/CHIVES/CHIVES_WTP_scripts/behavioral/money/afni_timing_files/CHIVES1042/UnhealthyPmod.1D' will have 2 regressors
++ '-stim_times_AM1 3 /projects/sanlab/shared/CHIVES/CHIVES_WTP_scripts/behavioral/money/afni_timing_files/CHIVES1042/BidOnsDur.1D' has 1 auxiliary values per time point
++ '-stim_times_AM1 3': basis function model 'dmBLOCK(1)' uses 1 parameters,
    out of the 1 found in timing file '/projects/sanlab/shared/CHIVES/CHIVES_WTP_scripts/behavioral/money/afni_timing_files/CHIVES1042/BidOnsDur.1D'
++ 3dDeconvolve extending num_stimts from 3 to 8 due to -ortvec
++ 3dDeconvolve: AFNI version=AFNI_18.2.04 (Jul  6 2018) [64-bit]
++ Authored by: B. Douglas Ward, et al.
++ current memory malloc-ated = 289,940 bytes (about 290 thousand [kilo])
++ loading dataset /projects/sanlab/shared/CHIVES/bids_data/derivatives/fmriprep/sub-CHIVES1042/ses-wave1/func/s6_sub-CHIVES1042_ses-wave1_task-money_bold_space-MNI152NLin2009cAsym_preproc.nii
++ current memory malloc-ated = 1,545,438,800 bytes (about 1.5 billion [giga])
++ forcibly using TR=2.0000 seconds for -input dataset
++ Skipping check for initial transients
++ Imaging duration=714.0 s; Automatic polort=5
++ -stim_times using TR=2 s for stimulus timing conversion
++ -stim_times using TR=2 s for any -iresp output datasets
++  [you can alter the -iresp TR via the -TR_times option]
++ ** -stim_times NOTE ** guessing GLOBAL times if 1 time per line; LOCAL otherwise
++ ** GUESSED ** -stim_times_AM2 1 using LOCAL times
++ '-stim_times_AM2 1' average amplitude#1=1.25
++ ** GUESSED ** -stim_times_AM2 2 using LOCAL times
++ '-stim_times_AM2 2' average amplitude#1=0.266667
++ ** GUESSED ** -stim_times_AM1 3 using LOCAL times
------------------------------------------------------------
GLT matrix from 'SYM: HealthyPmod[0]':
   0   0   0   0   0   0   1   0   0   0   0   0   0   0   0   0 
 
------------------------------------------------------------
GLT matrix from 'SYM: HealthyPmod[1]':
   0   0   0   0   0   0   0   1   0   0   0   0   0   0   0   0 
 
------------------------------------------------------------
GLT matrix from 'SYM: UnhealthyPmod[0]':
   0   0   0   0   0   0   0   0   1   0   0   0   0   0   0   0 
 
------------------------------------------------------------
GLT matrix from 'SYM: UnhealthyPmod[1]':
   0   0   0   0   0   0   0   0   0   1   0   0   0   0   0   0 
 
------------------------------------------------------------
GLT matrix from 'SYM: HealthyPmod[0] -UnhealthyPmod[0]':
   0   0   0   0   0   0   1   0  -1   0   0   0   0   0   0   0 
 
------------------------------------------------------------
GLT matrix from 'SYM: HealthyPmod[1] -UnhealthyPmod[1]':
   0   0   0   0   0   0   0   1   0  -1   0   0   0   0   0   0 
 
++ Number of time points: 357 (no censoring)
 + Number of parameters:  16 [11 baseline ; 5 signal]
++ total shared memory needed = 3,228,792,440 bytes (about 3.2 billion [giga])
++ current memory malloc-ated = 1,546,571,546 bytes (about 1.5 billion [giga])
++ mmap() memory allocated: 3,228,792,440 bytes (about 3.2 billion [giga])
++ Memory required for output bricks = 3,228,792,440 bytes (about 3.2 billion [giga])
++ Wrote matrix values to file CHIVES1042_2CondPmod_xmat.1D
++ ========= Things you can do with the matrix file =========
++ (a) Linear regression with ARMA(1,1) modeling of serial correlation:

3dREMLfit -matrix CHIVES1042_2CondPmod_xmat.1D -input /projects/sanlab/shared/CHIVES/bids_data/derivatives/fmriprep/sub-CHIVES1042/ses-wave1/func/s6_sub-CHIVES1042_ses-wave1_task-money_bold_space-MNI152NLin2009cAsym_preproc.nii \
 -mask /projects/sanlab/shared/CHIVES/bids_data/derivatives/fmriprep/sub-CHIVES1042/ses-wave1/func/sub-CHIVES1042_ses-wave1_task-money_bold_space-MNI152NLin2009cAsym_brainmask.nii.gz \
 -fout -tout -Rbuck CHIVES1042_2CondPmod_stats_REML -Rvar CHIVES1042_2CondPmod_stats_REMLvar \
 -Rfitts CHIVES1042_2CondPmod_REML -Rerrts CHIVES1042_2CondPmod_REML -verb
 
++ N.B.: 3dREMLfit command above written to file CHIVES1042_2CondPmod_stats.REML_cmd
++ (b) Visualization/analysis of the matrix via ExamineXmat.R
++ (c) Synthesis of sub-model datasets using 3dSynthesize
++ ==========================================================
++ Wrote matrix values to file CHIVES1042_2CondPmod_uncensor_xmat.1D
[7m*+ WARNING:[0m -------------------------------------------------
[7m*+ WARNING:[0m Problems with the X matrix columns, listed below:
[7m*+ WARNING:[0m !! * Column 15 [demean[4]#0] is all zeros
[7m*+ WARNING:[0m -------------------------------------------------
++ ----- Signal+Baseline matrix condition [X] (357x16):  2.64173  ++ VERY GOOD ++
[7m*+ WARNING:[0m !! in Signal+Baseline matrix:
 * Largest singular value=1.61421
 * 1 singular value is less than cutoff=1.61421e-07
 * Implies strong collinearity in the matrix columns! 
++ Signal+Baseline matrix singular values:
             0      0.231304      0.333173      0.391168      0.512845
      0.742485      0.860242      0.894551      0.945748        1.0336
        1.0551       1.09027       1.19446       1.33644       1.49825
       1.61421
++ ----- Signal-only matrix condition [X] (357x5):  1.62542  ++ VERY GOOD ++
++ ----- Baseline-only matrix condition [X] (357x11):  2.47997  ++ VERY GOOD ++
[7m*+ WARNING:[0m !! in Baseline-only matrix:
 * Largest singular value=1.45267
 * 1 singular value is less than cutoff=1.45267e-07
 * Implies strong collinearity in the matrix columns! 
++ Baseline-only matrix singular values:
             0      0.236197      0.340294      0.744665      0.987613
             1        1.0069       1.02719       1.17979        1.3143
       1.45267
++ ----- stim_base-only matrix condition [X] (357x5):  1.30051  ++ VERY GOOD ++
[7m*+ WARNING:[0m !! in stim_base-only matrix:
 * Largest singular value=1.26072
 * 1 singular value is less than cutoff=1.26072e-07
 * Implies strong collinearity in the matrix columns! 
++ stim_base-only matrix singular values:
             0      0.745402       0.93923       0.98631       1.26072
++ ----- polort-only matrix condition [X] (357x6):  1.01526  ++ VERY GOOD ++
[7m*+ WARNING:[0m +++++ !! Matrix inverse average error = 0.00390625  ** BEWARE **
++ Matrix setup time = 0.03 s
[7m** ERROR:[0m !! 3dDeconvolve: Can't run past 5 matrix warnings without '-GOFORIT 5'
[7m** ERROR:[0m !!                Currently at -GOFORIT 0
[7m** ERROR:[0m !! See file 3dDeconvolve.err for all WARNING and ERROR messages !!
[7m** ERROR:[0m !! Be sure you understand what you are doing before using -GOFORIT !!
[7m** ERROR:[0m !! If in doubt, consult with someone or with the AFNI message board !!
[7m** FATAL ERROR:[0m !! 3dDeconvolve (regretfully) shuts itself down !!
** Program compile date = Jul  6 2018
** AFNI converts NIFTI_datatype=4 (INT16) in file /projects/sanlab/shared/CHIVES/bids_data/derivatives/fmriprep/sub-CHIVES1042/ses-wave1/func/s6_sub-CHIVES1042_ses-wave1_task-money_bold_space-MNI152NLin2009cAsym_preproc.nii to FLOAT32
     Warnings of this type will be muted for this session.
     Set AFNI_NIFTI_TYPE_WARN to YES to see them all, NO to see none.
++ '-stim_times_AM1 3 /projects/sanlab/shared/CHIVES/CHIVES_WTP_scripts/behavioral/money/afni_timing_files/CHIVES1042/BidOnsDur.1D' has 1 auxiliary values per time point
++ '-stim_times_AM1 3': basis function model 'dmBLOCK(1)' uses 1 parameters,
    out of the 1 found in timing file '/projects/sanlab/shared/CHIVES/CHIVES_WTP_scripts/behavioral/money/afni_timing_files/CHIVES1042/BidOnsDur.1D'
++ 3dDeconvolve extending num_stimts from 3 to 8 due to -ortvec
++ 3dDeconvolve: AFNI version=AFNI_18.2.04 (Jul  6 2018) [64-bit]
++ Authored by: B. Douglas Ward, et al.
++ current memory malloc-ated = 273,696 bytes (about 274 thousand [kilo])
++ loading dataset /projects/sanlab/shared/CHIVES/bids_data/derivatives/fmriprep/sub-CHIVES1042/ses-wave1/func/s6_sub-CHIVES1042_ses-wave1_task-money_bold_space-MNI152NLin2009cAsym_preproc.nii
++ current memory malloc-ated = 1,545,422,556 bytes (about 1.5 billion [giga])
++ forcibly using TR=2.0000 seconds for -input dataset
++ Skipping check for initial transients
++ Imaging duration=714.0 s; Automatic polort=5
++ -stim_times using TR=2 s for stimulus timing conversion
++ -stim_times using TR=2 s for any -iresp output datasets
++  [you can alter the -iresp TR via the -TR_times option]
++ ** -stim_times NOTE ** guessing GLOBAL times if 1 time per line; LOCAL otherwise
++ ** GUESSED ** -stim_times 1 using LOCAL times
++ ** GUESSED ** -stim_times 2 using LOCAL times
++ ** GUESSED ** -stim_times_AM1 3 using LOCAL times
------------------------------------------------------------
GLT matrix from 'SYM: Healthy':
   0   0   0   0   0   0   1   0   0   0   0   0   0   0 
 
------------------------------------------------------------
GLT matrix from 'SYM: Unhealthy':
   0   0   0   0   0   0   0   1   0   0   0   0   0   0 
 
------------------------------------------------------------
GLT matrix from 'SYM: Healthy -Unhealthy':
   0   0   0   0   0   0   1  -1   0   0   0   0   0   0 
 
++ Number of time points: 357 (no censoring)
 + Number of parameters:  14 [11 baseline ; 3 signal]
++ total shared memory needed = 3,172,526,620 bytes (about 3.2 billion [giga])
++ current memory malloc-ated = 1,546,550,748 bytes (about 1.5 billion [giga])
++ mmap() memory allocated: 3,172,526,620 bytes (about 3.2 billion [giga])
++ Memory required for output bricks = 3,172,526,620 bytes (about 3.2 billion [giga])
++ Wrote matrix values to file CHIVES1042_2Cond_xmat.1D
++ ========= Things you can do with the matrix file =========
++ (a) Linear regression with ARMA(1,1) modeling of serial correlation:

3dREMLfit -matrix CHIVES1042_2Cond_xmat.1D -input /projects/sanlab/shared/CHIVES/bids_data/derivatives/fmriprep/sub-CHIVES1042/ses-wave1/func/s6_sub-CHIVES1042_ses-wave1_task-money_bold_space-MNI152NLin2009cAsym_preproc.nii \
 -mask /projects/sanlab/shared/CHIVES/bids_data/derivatives/fmriprep/sub-CHIVES1042/ses-wave1/func/sub-CHIVES1042_ses-wave1_task-money_bold_space-MNI152NLin2009cAsym_brainmask.nii.gz \
 -fout -tout -Rbuck CHIVES1042_2Cond_stats_REML -Rvar CHIVES1042_2Cond_stats_REMLvar \
 -Rfitts CHIVES1042_2Cond_REML -Rerrts CHIVES1042_2Cond_REML -verb
 
++ N.B.: 3dREMLfit command above written to file CHIVES1042_2Cond_stats.REML_cmd
++ (b) Visualization/analysis of the matrix via ExamineXmat.R
++ (c) Synthesis of sub-model datasets using 3dSynthesize
++ ==========================================================
++ Wrote matrix values to file CHIVES1042_2Cond_uncensor_xmat.1D
[7m*+ WARNING:[0m -------------------------------------------------
[7m*+ WARNING:[0m Problems with the X matrix columns, listed below:
[7m*+ WARNING:[0m !! * Column 13 [demean[4]#0] is all zeros
[7m*+ WARNING:[0m -------------------------------------------------
++ ----- Signal+Baseline matrix condition [X] (357x14):  2.63899  ++ VERY GOOD ++
[7m*+ WARNING:[0m !! in Signal+Baseline matrix:
 * Largest singular value=1.61343
 * 1 singular value is less than cutoff=1.61343e-07
 * Implies strong collinearity in the matrix columns! 
++ Signal+Baseline matrix singular values:
             0      0.231672      0.333484      0.391357      0.513091
      0.745986      0.905329      0.988814       1.02574       1.05009
       1.18662       1.31451       1.47338       1.61343
++ ----- Signal-only matrix condition [X] (357x3):  1.6253  ++ VERY GOOD ++
++ ----- Baseline-only matrix condition [X] (357x11):  2.47997  ++ VERY GOOD ++
[7m*+ WARNING:[0m !! in Baseline-only matrix:
 * Largest singular value=1.45267
 * 1 singular value is less than cutoff=1.45267e-07
 * Implies strong collinearity in the matrix columns! 
++ Baseline-only matrix singular values:
             0      0.236197      0.340294      0.744665      0.987613
             1        1.0069       1.02719       1.17979        1.3143
       1.45267
++ ----- stim_base-only matrix condition [X] (357x5):  1.30051  ++ VERY GOOD ++
[7m*+ WARNING:[0m !! in stim_base-only matrix:
 * Largest singular value=1.26072
 * 1 singular value is less than cutoff=1.26072e-07
 * Implies strong collinearity in the matrix columns! 
++ stim_base-only matrix singular values:
             0      0.745402       0.93923       0.98631       1.26072
++ ----- polort-only matrix condition [X] (357x6):  1.01526  ++ VERY GOOD ++
[7m*+ WARNING:[0m +++++ !! Matrix inverse average error = 0.00510204  ** BEWARE **
++ Matrix setup time = 0.01 s
[7m** ERROR:[0m !! 3dDeconvolve: Can't run past 5 matrix warnings without '-GOFORIT 5'
[7m** ERROR:[0m !!                Currently at -GOFORIT 0
[7m** ERROR:[0m !! See file 3dDeconvolve.err for all WARNING and ERROR messages !!
[7m** ERROR:[0m !! Be sure you understand what you are doing before using -GOFORIT !!
[7m** ERROR:[0m !! If in doubt, consult with someone or with the AFNI message board !!
[7m** FATAL ERROR:[0m !! 3dDeconvolve (regretfully) shuts itself down !!
** Program compile date = Jul  6 2018
