** AFNI converts NIFTI_datatype=4 (INT16) in file /projects/sanlab/shared/CHIVES/bids_data/derivatives/fmriprep/sub-CHIVES1049/ses-wave1/func/s6_sub-CHIVES1049_ses-wave1_task-money_bold_space-MNI152NLin2009cAsym_preproc.nii to FLOAT32
     Warnings of this type will be muted for this session.
     Set AFNI_NIFTI_TYPE_WARN to YES to see them all, NO to see none.
++ '-stim_times_AM2 1 /projects/sanlab/shared/CHIVES/CHIVES_WTP_scripts/behavioral/money/afni_timing_files/CHIVES1049/AllCondsPmod.1D' has 1 auxiliary values per time point
++ '-stim_times_AM2 1 /projects/sanlab/shared/CHIVES/CHIVES_WTP_scripts/behavioral/money/afni_timing_files/CHIVES1049/AllCondsPmod.1D' will have 2 regressors
++ '-stim_times_AM1 2 /projects/sanlab/shared/CHIVES/CHIVES_WTP_scripts/behavioral/money/afni_timing_files/CHIVES1049/BidOnsDur.1D' has 1 auxiliary values per time point
++ '-stim_times_AM1 2': basis function model 'dmBLOCK(1)' uses 1 parameters,
    out of the 1 found in timing file '/projects/sanlab/shared/CHIVES/CHIVES_WTP_scripts/behavioral/money/afni_timing_files/CHIVES1049/BidOnsDur.1D'
++ 3dDeconvolve extending num_stimts from 2 to 7 due to -ortvec
++ 3dDeconvolve: AFNI version=AFNI_18.2.04 (Jul  6 2018) [64-bit]
++ Authored by: B. Douglas Ward, et al.
++ current memory malloc-ated = 262,650 bytes (about 263 thousand [kilo])
++ loading dataset /projects/sanlab/shared/CHIVES/bids_data/derivatives/fmriprep/sub-CHIVES1049/ses-wave1/func/s6_sub-CHIVES1049_ses-wave1_task-money_bold_space-MNI152NLin2009cAsym_preproc.nii
++ current memory malloc-ated = 1,545,411,510 bytes (about 1.5 billion [giga])
++ forcibly using TR=2.0000 seconds for -input dataset
++ Skipping check for initial transients
++ Imaging duration=714.0 s; Automatic polort=5
++ -stim_times using TR=2 s for stimulus timing conversion
++ -stim_times using TR=2 s for any -iresp output datasets
++  [you can alter the -iresp TR via the -TR_times option]
++ ** -stim_times NOTE ** guessing GLOBAL times if 1 time per line; LOCAL otherwise
++ ** GUESSED ** -stim_times_AM2 1 using LOCAL times
++ '-stim_times_AM2 1' average amplitude#1=0.324561
++ ** GUESSED ** -stim_times_AM1 2 using LOCAL times
------------------------------------------------------------
GLT matrix from 'SYM: AllConds[0]':
   0   0   0   0   0   0   1   0   0   0   0   0   0   0 
 
------------------------------------------------------------
GLT matrix from 'SYM: AllConds[1]':
   0   0   0   0   0   0   0   1   0   0   0   0   0   0 
 
++ Number of time points: 357 (no censoring)
 + Number of parameters:  14 [11 baseline ; 3 signal]
++ total shared memory needed = 3,155,214,060 bytes (about 3.2 billion [giga])
++ current memory malloc-ated = 1,546,539,656 bytes (about 1.5 billion [giga])
++ mmap() memory allocated: 3,155,214,060 bytes (about 3.2 billion [giga])
++ Memory required for output bricks = 3,155,214,060 bytes (about 3.2 billion [giga])
++ Wrote matrix values to file CHIVES1049_AllCondPmod_xmat.1D
++ ========= Things you can do with the matrix file =========
++ (a) Linear regression with ARMA(1,1) modeling of serial correlation:

3dREMLfit -matrix CHIVES1049_AllCondPmod_xmat.1D -input /projects/sanlab/shared/CHIVES/bids_data/derivatives/fmriprep/sub-CHIVES1049/ses-wave1/func/s6_sub-CHIVES1049_ses-wave1_task-money_bold_space-MNI152NLin2009cAsym_preproc.nii \
 -mask /projects/sanlab/shared/CHIVES/bids_data/derivatives/fmriprep/sub-CHIVES1049/ses-wave1/func/sub-CHIVES1049_ses-wave1_task-money_bold_space-MNI152NLin2009cAsym_brainmask.nii.gz \
 -fout -tout -Rbuck CHIVES1049_AllCondPmod_stats_REML -Rvar CHIVES1049_AllCondPmod_stats_REMLvar \
 -Rfitts CHIVES1049_AllCondPmod_REML -Rerrts CHIVES1049_AllCondPmod_REML -verb
 
++ N.B.: 3dREMLfit command above written to file CHIVES1049_AllCondPmod_stats.REML_cmd
++ (b) Visualization/analysis of the matrix via ExamineXmat.R
++ (c) Synthesis of sub-model datasets using 3dSynthesize
++ ==========================================================
++ Wrote matrix values to file CHIVES1049_AllCondPmod_uncensor_xmat.1D
++ ----- Signal+Baseline matrix condition [X] (357x14):  4.73122  ++ VERY GOOD ++
++ ----- Signal-only matrix condition [X] (357x3):  1.51844  ++ VERY GOOD ++
++ ----- Baseline-only matrix condition [X] (357x11):  4.67317  ++ VERY GOOD ++
++ ----- stim_base-only matrix condition [X] (357x5):  2.41783  ++ VERY GOOD ++
++ ----- polort-only matrix condition [X] (357x6):  1.01526  ++ VERY GOOD ++
++ +++++ Matrix inverse average error = 1.83582e-15  ++ VERY GOOD ++
++ Matrix setup time = 0.03 s
++ Voxels in dataset: 1082035
++ Voxels in mask:    270118
++ Voxels per job:    27011
++ Job #1: processing voxels 239163 to 320150; elapsed time=4.045
++ Job #2: processing voxels 320151 to 383102; elapsed time=4.072
++ Job #3: processing voxels 383103 to 439047; elapsed time=4.098
++ Job #4: processing voxels 439048 to 494062; elapsed time=4.123
++ Job #5: processing voxels 494063 to 549864; elapsed time=4.148
++ Job #6: processing voxels 549865 to 607588; elapsed time=4.173
++ Job #7: processing voxels 607589 to 673118; elapsed time=4.198
++ Job #8: processing voxels 673119 to 751013; elapsed time=4.223
++ Job #9: processing voxels 751014 to 1082034; elapsed time=4.248
++ Job #0: processing voxels 0 to 239162; elapsed time=4.258
++ voxel loop:0123456789.0123456789.0123456789.0123456789.0123456++ Job #2 finished; elapsed time=5.666
++ Job #4 finished; elapsed time=5.668
78++ Job #1 finished; elapsed time=5.711
++ Job #3 finished; elapsed time=5.728
++ Job #6 finished; elapsed time=5.738
9.
++ Job #0 waiting for children to finish; elapsed time=5.791
++ Job #5 finished; elapsed time=5.801
++ Job #8 finished; elapsed time=5.812
++ Job #7 finished; elapsed time=5.832
++ Job #9 finished; elapsed time=5.963
++ Job #0 now finishing up; elapsed time=5.993
++ Smallest FDR q [0 Full_Fstat] = 1.79079e-14
++ Smallest FDR q [2 AllConds#0_Tstat] = 4.77953e-14
++ Smallest FDR q [4 AllConds#1_Tstat] = 2.48206e-10
++ Smallest FDR q [5 AllConds_Fstat] = 4.31124e-14
++ Smallest FDR q [7 BidsNMiss#0_Tstat] = 6.63862e-14
++ Smallest FDR q [8 BidsNMiss_Fstat] = 6.63855e-14
++ Smallest FDR q [10 CondGtRest_GLT#0_Tstat] = 4.77953e-14
++ Smallest FDR q [11 CondGtRest_GLT_Fstat] = 4.77962e-14
++ Smallest FDR q [13 Pmod_GLT#0_Tstat] = 2.48206e-10
++ Smallest FDR q [14 Pmod_GLT_Fstat] = 2.48212e-10
++ Wrote bucket dataset into ./CHIVES1049_AllCondPmod_stats+tlrc.BRIK
 + created 10 FDR curves in bucket header
++ Wrote 3D+time dataset into ./CHIVES1049_AllCondPmod+tlrc.BRIK
++ Wrote 3D+time dataset into ./CHIVES1049_AllCondPmod+tlrc.BRIK
++ Program finished; elapsed time=22.419
** AFNI converts NIFTI_datatype=4 (INT16) in file /projects/sanlab/shared/CHIVES/bids_data/derivatives/fmriprep/sub-CHIVES1049/ses-wave1/func/s6_sub-CHIVES1049_ses-wave1_task-money_bold_space-MNI152NLin2009cAsym_preproc.nii to FLOAT32
     Warnings of this type will be muted for this session.
     Set AFNI_NIFTI_TYPE_WARN to YES to see them all, NO to see none.
++ '-stim_times_AM2 1 /projects/sanlab/shared/CHIVES/CHIVES_WTP_scripts/behavioral/money/afni_timing_files/CHIVES1049/HealthyPmod.1D' has 1 auxiliary values per time point
++ '-stim_times_AM2 1 /projects/sanlab/shared/CHIVES/CHIVES_WTP_scripts/behavioral/money/afni_timing_files/CHIVES1049/HealthyPmod.1D' will have 2 regressors
++ '-stim_times_AM2 2 /projects/sanlab/shared/CHIVES/CHIVES_WTP_scripts/behavioral/money/afni_timing_files/CHIVES1049/UnhealthyPmod.1D' has 1 auxiliary values per time point
++ '-stim_times_AM2 2 /projects/sanlab/shared/CHIVES/CHIVES_WTP_scripts/behavioral/money/afni_timing_files/CHIVES1049/UnhealthyPmod.1D' will have 2 regressors
++ '-stim_times_AM1 3 /projects/sanlab/shared/CHIVES/CHIVES_WTP_scripts/behavioral/money/afni_timing_files/CHIVES1049/BidOnsDur.1D' has 1 auxiliary values per time point
++ '-stim_times_AM1 3': basis function model 'dmBLOCK(1)' uses 1 parameters,
    out of the 1 found in timing file '/projects/sanlab/shared/CHIVES/CHIVES_WTP_scripts/behavioral/money/afni_timing_files/CHIVES1049/BidOnsDur.1D'
++ 3dDeconvolve extending num_stimts from 3 to 8 due to -ortvec
++ 3dDeconvolve: AFNI version=AFNI_18.2.04 (Jul  6 2018) [64-bit]
++ Authored by: B. Douglas Ward, et al.
++ current memory malloc-ated = 289,916 bytes (about 290 thousand [kilo])
++ loading dataset /projects/sanlab/shared/CHIVES/bids_data/derivatives/fmriprep/sub-CHIVES1049/ses-wave1/func/s6_sub-CHIVES1049_ses-wave1_task-money_bold_space-MNI152NLin2009cAsym_preproc.nii
++ current memory malloc-ated = 1,545,438,776 bytes (about 1.5 billion [giga])
++ forcibly using TR=2.0000 seconds for -input dataset
++ Skipping check for initial transients
++ Imaging duration=714.0 s; Automatic polort=5
++ -stim_times using TR=2 s for stimulus timing conversion
++ -stim_times using TR=2 s for any -iresp output datasets
++  [you can alter the -iresp TR via the -TR_times option]
++ ** -stim_times NOTE ** guessing GLOBAL times if 1 time per line; LOCAL otherwise
++ ** GUESSED ** -stim_times_AM2 1 using LOCAL times
++ '-stim_times_AM2 1' average amplitude#1=0.425926
++ ** GUESSED ** -stim_times_AM2 2 using LOCAL times
++ '-stim_times_AM2 2' average amplitude#1=0.233333
++ ** GUESSED ** -stim_times_AM1 3 using LOCAL times
------------------------------------------------------------
GLT matrix from 'SYM: HealthyPmod[0]':
   0   0   0   0   0   0   1   0   0   0   0   0   0   0   0   0 
 
------------------------------------------------------------
GLT matrix from 'SYM: HealthyPmod[1]':
   0   0   0   0   0   0   0   1   0   0   0   0   0   0   0   0 
 
------------------------------------------------------------
GLT matrix from 'SYM: UnhealthyPmod[0]':
   0   0   0   0   0   0   0   0   1   0   0   0   0   0   0   0 
 
------------------------------------------------------------
GLT matrix from 'SYM: UnhealthyPmod[1]':
   0   0   0   0   0   0   0   0   0   1   0   0   0   0   0   0 
 
------------------------------------------------------------
GLT matrix from 'SYM: HealthyPmod[0] -UnhealthyPmod[0]':
   0   0   0   0   0   0   1   0  -1   0   0   0   0   0   0   0 
 
------------------------------------------------------------
GLT matrix from 'SYM: HealthyPmod[1] -UnhealthyPmod[1]':
   0   0   0   0   0   0   0   1   0  -1   0   0   0   0   0   0 
 
++ Number of time points: 357 (no censoring)
 + Number of parameters:  16 [11 baseline ; 5 signal]
++ total shared memory needed = 3,228,792,440 bytes (about 3.2 billion [giga])
++ current memory malloc-ated = 1,546,571,522 bytes (about 1.5 billion [giga])
++ mmap() memory allocated: 3,228,792,440 bytes (about 3.2 billion [giga])
++ Memory required for output bricks = 3,228,792,440 bytes (about 3.2 billion [giga])
++ Wrote matrix values to file CHIVES1049_2CondPmod_xmat.1D
++ ========= Things you can do with the matrix file =========
++ (a) Linear regression with ARMA(1,1) modeling of serial correlation:

3dREMLfit -matrix CHIVES1049_2CondPmod_xmat.1D -input /projects/sanlab/shared/CHIVES/bids_data/derivatives/fmriprep/sub-CHIVES1049/ses-wave1/func/s6_sub-CHIVES1049_ses-wave1_task-money_bold_space-MNI152NLin2009cAsym_preproc.nii \
 -mask /projects/sanlab/shared/CHIVES/bids_data/derivatives/fmriprep/sub-CHIVES1049/ses-wave1/func/sub-CHIVES1049_ses-wave1_task-money_bold_space-MNI152NLin2009cAsym_brainmask.nii.gz \
 -fout -tout -Rbuck CHIVES1049_2CondPmod_stats_REML -Rvar CHIVES1049_2CondPmod_stats_REMLvar \
 -Rfitts CHIVES1049_2CondPmod_REML -Rerrts CHIVES1049_2CondPmod_REML -verb
 
++ N.B.: 3dREMLfit command above written to file CHIVES1049_2CondPmod_stats.REML_cmd
++ (b) Visualization/analysis of the matrix via ExamineXmat.R
++ (c) Synthesis of sub-model datasets using 3dSynthesize
++ ==========================================================
++ Wrote matrix values to file CHIVES1049_2CondPmod_uncensor_xmat.1D
++ ----- Signal+Baseline matrix condition [X] (357x16):  4.74537  ++ VERY GOOD ++
++ ----- Signal-only matrix condition [X] (357x5):  1.51865  ++ VERY GOOD ++
++ ----- Baseline-only matrix condition [X] (357x11):  4.67317  ++ VERY GOOD ++
++ ----- stim_base-only matrix condition [X] (357x5):  2.41783  ++ VERY GOOD ++
++ ----- polort-only matrix condition [X] (357x6):  1.01526  ++ VERY GOOD ++
++ +++++ Matrix inverse average error = 1.47367e-15  ++ VERY GOOD ++
++ Matrix setup time = 0.02 s
++ Voxels in dataset: 1082035
++ Voxels in mask:    270118
++ Voxels per job:    27011
++ Job #1: processing voxels 239163 to 320150; elapsed time=3.882
++ Job #2: processing voxels 320151 to 383102; elapsed time=3.911
++ Job #3: processing voxels 383103 to 439047; elapsed time=3.938
++ Job #4: processing voxels 439048 to 494062; elapsed time=3.966
++ Job #5: processing voxels 494063 to 549864; elapsed time=3.993
++ Job #6: processing voxels 549865 to 607588; elapsed time=4.020
++ Job #7: processing voxels 607589 to 673118; elapsed time=4.047
++ Job #8: processing voxels 673119 to 751013; elapsed time=4.074
++ Job #9: processing voxels 751014 to 1082034; elapsed time=4.101
++ Job #0: processing voxels 0 to 239162; elapsed time=4.111
++ voxel loop:0123456789.0123456789.0123456789.0123456789.01234567++ Job #4 finished; elapsed time=6.093
++ Job #1 finished; elapsed time=6.110
8++ Job #3 finished; elapsed time=6.140
++ Job #2 finished; elapsed time=6.142
++ Job #6 finished; elapsed time=6.209
++ Job #5 finished; elapsed time=6.210
++ Job #8 finished; elapsed time=6.244
9.
++ Job #0 waiting for children to finish; elapsed time=6.248
++ Job #7 finished; elapsed time=6.264
++ Job #9 finished; elapsed time=6.384
++ Job #0 now finishing up; elapsed time=6.419
++ Smallest FDR q [0 Full_Fstat] = 1.86069e-14
++ Smallest FDR q [2 HealthyPmod#0_Tstat] = 1.18528e-13
++ Smallest FDR q [4 HealthyPmod#1_Tstat] = 6.44387e-07
++ Smallest FDR q [5 HealthyPmod_Fstat] = 1.20033e-13
++ Smallest FDR q [7 UnhealthyPmod#0_Tstat] = 5.73533e-14
++ Smallest FDR q [9 UnhealthyPmod#1_Tstat] = 8.81624e-06
++ Smallest FDR q [10 UnhealthyPmod_Fstat] = 5.92564e-14
++ Smallest FDR q [12 BidsNMiss#0_Tstat] = 6.32815e-14
++ Smallest FDR q [13 BidsNMiss_Fstat] = 6.32819e-14
++ Smallest FDR q [15 HealthyGtRest_GLT#0_Tstat] = 1.18528e-13
++ Smallest FDR q [16 HealthyGtRest_GLT_Fstat] = 1.18532e-13
++ Smallest FDR q [18 HealthyPmod_GLT#0_Tstat] = 6.44387e-07
++ Smallest FDR q [19 HealthyPmod_GLT_Fstat] = 6.44362e-07
++ Smallest FDR q [21 UnhealthyGtRest_GLT#0_Tstat] = 5.73533e-14
++ Smallest FDR q [22 UnhealthyGtRest_GLT_Fstat] = 5.73543e-14
++ Smallest FDR q [24 UnhealthyPmod_GLT#0_Tstat] = 8.81624e-06
++ Smallest FDR q [25 UnhealthyPmod_GLT_Fstat] = 8.81634e-06
++ Smallest FDR q [27 HealthyGtUnhealthy_GLT#0_Tstat] = 0.00870237
++ Smallest FDR q [28 HealthyGtUnhealthy_GLT_Fstat] = 0.00870275
++ Smallest FDR q [30 HealthyGtUnhealthyPmod_GLT#0_Tstat] = 0.0482169
++ Smallest FDR q [31 HealthyGtUnhealthyPmod_GLT_Fstat] = 0.0482147
++ Wrote bucket dataset into ./CHIVES1049_2CondPmod_stats+tlrc.BRIK
 + created 21 FDR curves in bucket header
++ Wrote 3D+time dataset into ./CHIVES1049_2CondPmod+tlrc.BRIK
++ Wrote 3D+time dataset into ./CHIVES1049_2CondPmod+tlrc.BRIK
++ Program finished; elapsed time=37.968
** AFNI converts NIFTI_datatype=4 (INT16) in file /projects/sanlab/shared/CHIVES/bids_data/derivatives/fmriprep/sub-CHIVES1049/ses-wave1/func/s6_sub-CHIVES1049_ses-wave1_task-money_bold_space-MNI152NLin2009cAsym_preproc.nii to FLOAT32
     Warnings of this type will be muted for this session.
     Set AFNI_NIFTI_TYPE_WARN to YES to see them all, NO to see none.
++ '-stim_times_AM1 3 /projects/sanlab/shared/CHIVES/CHIVES_WTP_scripts/behavioral/money/afni_timing_files/CHIVES1049/BidOnsDur.1D' has 1 auxiliary values per time point
++ '-stim_times_AM1 3': basis function model 'dmBLOCK(1)' uses 1 parameters,
    out of the 1 found in timing file '/projects/sanlab/shared/CHIVES/CHIVES_WTP_scripts/behavioral/money/afni_timing_files/CHIVES1049/BidOnsDur.1D'
++ 3dDeconvolve extending num_stimts from 3 to 8 due to -ortvec
++ 3dDeconvolve: AFNI version=AFNI_18.2.04 (Jul  6 2018) [64-bit]
++ Authored by: B. Douglas Ward, et al.
++ current memory malloc-ated = 273,684 bytes (about 274 thousand [kilo])
++ loading dataset /projects/sanlab/shared/CHIVES/bids_data/derivatives/fmriprep/sub-CHIVES1049/ses-wave1/func/s6_sub-CHIVES1049_ses-wave1_task-money_bold_space-MNI152NLin2009cAsym_preproc.nii
++ current memory malloc-ated = 1,545,422,544 bytes (about 1.5 billion [giga])
++ forcibly using TR=2.0000 seconds for -input dataset
++ Skipping check for initial transients
++ Imaging duration=714.0 s; Automatic polort=5
++ -stim_times using TR=2 s for stimulus timing conversion
++ -stim_times using TR=2 s for any -iresp output datasets
++  [you can alter the -iresp TR via the -TR_times option]
++ ** -stim_times NOTE ** guessing GLOBAL times if 1 time per line; LOCAL otherwise
++ ** GUESSED ** -stim_times 1 using LOCAL times
++ ** GUESSED ** -stim_times 2 using LOCAL times
++ ** GUESSED ** -stim_times_AM1 3 using LOCAL times
------------------------------------------------------------
GLT matrix from 'SYM: Healthy':
   0   0   0   0   0   0   1   0   0   0   0   0   0   0 
 
------------------------------------------------------------
GLT matrix from 'SYM: Unhealthy':
   0   0   0   0   0   0   0   1   0   0   0   0   0   0 
 
------------------------------------------------------------
GLT matrix from 'SYM: Healthy -Unhealthy':
   0   0   0   0   0   0   1  -1   0   0   0   0   0   0 
 
++ Number of time points: 357 (no censoring)
 + Number of parameters:  14 [11 baseline ; 3 signal]
++ total shared memory needed = 3,172,526,620 bytes (about 3.2 billion [giga])
++ current memory malloc-ated = 1,546,550,736 bytes (about 1.5 billion [giga])
++ mmap() memory allocated: 3,172,526,620 bytes (about 3.2 billion [giga])
++ Memory required for output bricks = 3,172,526,620 bytes (about 3.2 billion [giga])
++ Wrote matrix values to file CHIVES1049_2Cond_xmat.1D
++ ========= Things you can do with the matrix file =========
++ (a) Linear regression with ARMA(1,1) modeling of serial correlation:

3dREMLfit -matrix CHIVES1049_2Cond_xmat.1D -input /projects/sanlab/shared/CHIVES/bids_data/derivatives/fmriprep/sub-CHIVES1049/ses-wave1/func/s6_sub-CHIVES1049_ses-wave1_task-money_bold_space-MNI152NLin2009cAsym_preproc.nii \
 -mask /projects/sanlab/shared/CHIVES/bids_data/derivatives/fmriprep/sub-CHIVES1049/ses-wave1/func/sub-CHIVES1049_ses-wave1_task-money_bold_space-MNI152NLin2009cAsym_brainmask.nii.gz \
 -fout -tout -Rbuck CHIVES1049_2Cond_stats_REML -Rvar CHIVES1049_2Cond_stats_REMLvar \
 -Rfitts CHIVES1049_2Cond_REML -Rerrts CHIVES1049_2Cond_REML -verb
 
++ N.B.: 3dREMLfit command above written to file CHIVES1049_2Cond_stats.REML_cmd
++ (b) Visualization/analysis of the matrix via ExamineXmat.R
++ (c) Synthesis of sub-model datasets using 3dSynthesize
++ ==========================================================
++ Wrote matrix values to file CHIVES1049_2Cond_uncensor_xmat.1D
++ ----- Signal+Baseline matrix condition [X] (357x14):  4.69756  ++ VERY GOOD ++
++ ----- Signal-only matrix condition [X] (357x3):  1.5183  ++ VERY GOOD ++
++ ----- Baseline-only matrix condition [X] (357x11):  4.67317  ++ VERY GOOD ++
++ ----- stim_base-only matrix condition [X] (357x5):  2.41783  ++ VERY GOOD ++
++ ----- polort-only matrix condition [X] (357x6):  1.01526  ++ VERY GOOD ++
++ +++++ Matrix inverse average error = 1.64482e-15  ++ VERY GOOD ++
++ Matrix setup time = 0.01 s
++ Voxels in dataset: 1082035
++ Voxels in mask:    270118
++ Voxels per job:    27011
++ Job #1: processing voxels 239163 to 320150; elapsed time=3.942
++ Job #2: processing voxels 320151 to 383102; elapsed time=3.969
++ Job #3: processing voxels 383103 to 439047; elapsed time=3.995
++ Job #4: processing voxels 439048 to 494062; elapsed time=4.022
++ Job #5: processing voxels 494063 to 549864; elapsed time=4.048
++ Job #6: processing voxels 549865 to 607588; elapsed time=4.074
++ Job #7: processing voxels 607589 to 673118; elapsed time=4.100
++ Job #8: processing voxels 673119 to 751013; elapsed time=4.127
++ Job #9: processing voxels 751014 to 1082034; elapsed time=4.154
++ Job #0: processing voxels 0 to 239162; elapsed time=4.164
++ voxel loop:0123456789.0123456789.0123456789.0123456789.0123456++ Job #4 finished; elapsed time=5.771
7++ Job #2 finished; elapsed time=5.813
8++ Job #1 finished; elapsed time=5.830
++ Job #3 finished; elapsed time=5.863
++ Job #8 finished; elapsed time=5.876
++ Job #6 finished; elapsed time=5.893
++ Job #5 finished; elapsed time=5.899
9.
++ Job #0 waiting for children to finish; elapsed time=5.920
++ Job #7 finished; elapsed time=5.943
++ Job #9 finished; elapsed time=6.084
++ Job #0 now finishing up; elapsed time=6.114
++ Smallest FDR q [0 Full_Fstat] = 2.11989e-14
++ Smallest FDR q [2 Healthy#0_Tstat] = 1.22591e-13
++ Smallest FDR q [3 Healthy_Fstat] = 1.22592e-13
++ Smallest FDR q [5 Unhealthy#0_Tstat] = 5.89056e-14
++ Smallest FDR q [6 Unhealthy_Fstat] = 5.89067e-14
++ Smallest FDR q [8 BidsNMiss#0_Tstat] = 6.54729e-14
++ Smallest FDR q [9 BidsNMiss_Fstat] = 6.54729e-14
++ Smallest FDR q [11 HealthyGtRest_GLT#0_Tstat] = 1.22591e-13
++ Smallest FDR q [12 HealthyGtRest_GLT_Fstat] = 1.22596e-13
++ Smallest FDR q [14 UnhealthyGtRest_GLT#0_Tstat] = 5.89056e-14
++ Smallest FDR q [15 UnhealthyGtRest_GLT_Fstat] = 5.89067e-14
++ Smallest FDR q [17 HealthyGtUnhealthy_GLT#0_Tstat] = 0.0125578
++ Smallest FDR q [18 HealthyGtUnhealthy_GLT_Fstat] = 0.0125581
++ Wrote bucket dataset into ./CHIVES1049_2Cond_stats+tlrc.BRIK
 + created 13 FDR curves in bucket header
++ Wrote 3D+time dataset into ./CHIVES1049_2Cond+tlrc.BRIK
++ Wrote 3D+time dataset into ./CHIVES1049_2Cond+tlrc.BRIK
++ Program finished; elapsed time=24.902
