** AFNI converts NIFTI_datatype=4 (INT16) in file /projects/sanlab/shared/CHIVES/bids_data/derivatives/fmriprep/sub-CHIVES1056/ses-wave1/func/s6_sub-CHIVES1056_ses-wave1_task-money_bold_space-MNI152NLin2009cAsym_preproc.nii to FLOAT32
     Warnings of this type will be muted for this session.
     Set AFNI_NIFTI_TYPE_WARN to YES to see them all, NO to see none.
++ '-stim_times_AM2 1 /projects/sanlab/shared/CHIVES/CHIVES_WTP_scripts/behavioral/money/afni_timing_files/CHIVES1056/AllCondsPmod.1D' has 1 auxiliary values per time point
++ '-stim_times_AM2 1 /projects/sanlab/shared/CHIVES/CHIVES_WTP_scripts/behavioral/money/afni_timing_files/CHIVES1056/AllCondsPmod.1D' will have 2 regressors
++ '-stim_times_AM1 2 /projects/sanlab/shared/CHIVES/CHIVES_WTP_scripts/behavioral/money/afni_timing_files/CHIVES1056/BidOnsDur.1D' has 1 auxiliary values per time point
++ '-stim_times_AM1 2': basis function model 'dmBLOCK(1)' uses 1 parameters,
    out of the 1 found in timing file '/projects/sanlab/shared/CHIVES/CHIVES_WTP_scripts/behavioral/money/afni_timing_files/CHIVES1056/BidOnsDur.1D'
++ 3dDeconvolve extending num_stimts from 2 to 7 due to -ortvec
++ 3dDeconvolve: AFNI version=AFNI_18.2.04 (Jul  6 2018) [64-bit]
++ Authored by: B. Douglas Ward, et al.
++ current memory malloc-ated = 261,990 bytes (about 262 thousand [kilo])
++ loading dataset /projects/sanlab/shared/CHIVES/bids_data/derivatives/fmriprep/sub-CHIVES1056/ses-wave1/func/s6_sub-CHIVES1056_ses-wave1_task-money_bold_space-MNI152NLin2009cAsym_preproc.nii
++ current memory malloc-ated = 1,532,426,406 bytes (about 1.5 billion [giga])
++ forcibly using TR=2.0000 seconds for -input dataset
++ Skipping check for initial transients
++ Imaging duration=708.0 s; Automatic polort=5
++ -stim_times using TR=2 s for stimulus timing conversion
++ -stim_times using TR=2 s for any -iresp output datasets
++  [you can alter the -iresp TR via the -TR_times option]
++ ** -stim_times NOTE ** guessing GLOBAL times if 1 time per line; LOCAL otherwise
++ ** GUESSED ** -stim_times_AM2 1 using LOCAL times
++ '-stim_times_AM2 1' average amplitude#1=0.675
++ ** GUESSED ** -stim_times_AM1 2 using LOCAL times
------------------------------------------------------------
GLT matrix from 'SYM: AllConds[0]':
   0   0   0   0   0   0   1   0   0   0   0   0   0   0 
 
------------------------------------------------------------
GLT matrix from 'SYM: AllConds[1]':
   0   0   0   0   0   0   0   1   0   0   0   0   0   0 
 
++ Number of time points: 354 (no censoring)
 + Number of parameters:  14 [11 baseline ; 3 signal]
++ total shared memory needed = 3,129,245,220 bytes (about 3.1 billion [giga])
++ current memory malloc-ated = 1,533,554,372 bytes (about 1.5 billion [giga])
++ mmap() memory allocated: 3,129,245,220 bytes (about 3.1 billion [giga])
++ Memory required for output bricks = 3,129,245,220 bytes (about 3.1 billion [giga])
++ Wrote matrix values to file CHIVES1056_AllCondPmod_xmat.1D
++ ========= Things you can do with the matrix file =========
++ (a) Linear regression with ARMA(1,1) modeling of serial correlation:

3dREMLfit -matrix CHIVES1056_AllCondPmod_xmat.1D -input /projects/sanlab/shared/CHIVES/bids_data/derivatives/fmriprep/sub-CHIVES1056/ses-wave1/func/s6_sub-CHIVES1056_ses-wave1_task-money_bold_space-MNI152NLin2009cAsym_preproc.nii \
 -mask /projects/sanlab/shared/CHIVES/bids_data/derivatives/fmriprep/sub-CHIVES1056/ses-wave1/func/sub-CHIVES1056_ses-wave1_task-money_bold_space-MNI152NLin2009cAsym_brainmask.nii.gz \
 -fout -tout -Rbuck CHIVES1056_AllCondPmod_stats_REML -Rvar CHIVES1056_AllCondPmod_stats_REMLvar \
 -Rfitts CHIVES1056_AllCondPmod_REML -Rerrts CHIVES1056_AllCondPmod_REML -verb
 
++ N.B.: 3dREMLfit command above written to file CHIVES1056_AllCondPmod_stats.REML_cmd
++ (b) Visualization/analysis of the matrix via ExamineXmat.R
++ (c) Synthesis of sub-model datasets using 3dSynthesize
++ ==========================================================
++ Wrote matrix values to file CHIVES1056_AllCondPmod_uncensor_xmat.1D
++ ----- Signal+Baseline matrix condition [X] (354x14):  2.11368  ++ VERY GOOD ++
++ ----- Signal-only matrix condition [X] (354x3):  1.59878  ++ VERY GOOD ++
++ ----- Baseline-only matrix condition [X] (354x11):  1.79449  ++ VERY GOOD ++
++ ----- stim_base-only matrix condition [X] (354x5):  1.58119  ++ VERY GOOD ++
++ ----- polort-only matrix condition [X] (354x6):  1.01539  ++ VERY GOOD ++
++ +++++ Matrix inverse average error = 1.33325e-15  ++ VERY GOOD ++
++ Matrix setup time = 0.01 s
++ Voxels in dataset: 1082035
++ Voxels in mask:    265177
++ Voxels per job:    26517
++ Job #1: processing voxels 249442 to 328164; elapsed time=3.886
++ Job #2: processing voxels 328165 to 386192; elapsed time=3.914
++ Job #3: processing voxels 386193 to 441567; elapsed time=3.942
++ Job #4: processing voxels 441568 to 496361; elapsed time=3.970
++ Job #5: processing voxels 496362 to 551859; elapsed time=3.998
++ Job #6: processing voxels 551860 to 609090; elapsed time=4.025
++ Job #7: processing voxels 609091 to 674265; elapsed time=4.053
++ Job #8: processing voxels 674266 to 751983; elapsed time=4.080
++ Job #9: processing voxels 751984 to 1082034; elapsed time=4.108
++ Job #0: processing voxels 0 to 249441; elapsed time=4.118
++ voxel loop:0123456789.0123456789.0123456789.0123456789.0123456++ Job #4 finished; elapsed time=5.467
++ Job #2 finished; elapsed time=5.484
7++ Job #1 finished; elapsed time=5.494
++ Job #3 finished; elapsed time=5.536
++ Job #6 finished; elapsed time=5.575
8++ Job #5 finished; elapsed time=5.593
++ Job #7 finished; elapsed time=5.633
9.
++ Job #0 waiting for children to finish; elapsed time=5.640
++ Job #9 finished; elapsed time=5.660
++ Job #8 finished; elapsed time=5.699
++ Job #0 now finishing up; elapsed time=5.729
++ Smallest FDR q [0 Full_Fstat] = 8.19971e-15
++ Smallest FDR q [2 AllConds#0_Tstat] = 2.26309e-14
++ Smallest FDR q [4 AllConds#1_Tstat] = 0.00106041
++ Smallest FDR q [5 AllConds_Fstat] = 2.37087e-14
++ Smallest FDR q [7 BidsNMiss#0_Tstat] = 3.33096e-14
++ Smallest FDR q [8 BidsNMiss_Fstat] = 3.3306e-14
++ Smallest FDR q [10 CondGtRest_GLT#0_Tstat] = 2.26309e-14
++ Smallest FDR q [11 CondGtRest_GLT_Fstat] = 2.26318e-14
++ Smallest FDR q [13 Pmod_GLT#0_Tstat] = 0.00106041
++ Smallest FDR q [14 Pmod_GLT_Fstat] = 0.00106036
++ Wrote bucket dataset into ./CHIVES1056_AllCondPmod_stats+tlrc.BRIK
 + created 10 FDR curves in bucket header
++ Wrote 3D+time dataset into ./CHIVES1056_AllCondPmod+tlrc.BRIK
++ Wrote 3D+time dataset into ./CHIVES1056_AllCondPmod+tlrc.BRIK
++ Program finished; elapsed time=21.575
** AFNI converts NIFTI_datatype=4 (INT16) in file /projects/sanlab/shared/CHIVES/bids_data/derivatives/fmriprep/sub-CHIVES1056/ses-wave1/func/s6_sub-CHIVES1056_ses-wave1_task-money_bold_space-MNI152NLin2009cAsym_preproc.nii to FLOAT32
     Warnings of this type will be muted for this session.
     Set AFNI_NIFTI_TYPE_WARN to YES to see them all, NO to see none.
++ '-stim_times_AM2 1 /projects/sanlab/shared/CHIVES/CHIVES_WTP_scripts/behavioral/money/afni_timing_files/CHIVES1056/HealthyPmod.1D' has 1 auxiliary values per time point
++ '-stim_times_AM2 1 /projects/sanlab/shared/CHIVES/CHIVES_WTP_scripts/behavioral/money/afni_timing_files/CHIVES1056/HealthyPmod.1D' will have 2 regressors
++ '-stim_times_AM2 2 /projects/sanlab/shared/CHIVES/CHIVES_WTP_scripts/behavioral/money/afni_timing_files/CHIVES1056/UnhealthyPmod.1D' has 1 auxiliary values per time point
++ '-stim_times_AM2 2 /projects/sanlab/shared/CHIVES/CHIVES_WTP_scripts/behavioral/money/afni_timing_files/CHIVES1056/UnhealthyPmod.1D' will have 2 regressors
++ '-stim_times_AM1 3 /projects/sanlab/shared/CHIVES/CHIVES_WTP_scripts/behavioral/money/afni_timing_files/CHIVES1056/BidOnsDur.1D' has 1 auxiliary values per time point
++ '-stim_times_AM1 3': basis function model 'dmBLOCK(1)' uses 1 parameters,
    out of the 1 found in timing file '/projects/sanlab/shared/CHIVES/CHIVES_WTP_scripts/behavioral/money/afni_timing_files/CHIVES1056/BidOnsDur.1D'
++ 3dDeconvolve extending num_stimts from 3 to 8 due to -ortvec
++ 3dDeconvolve: AFNI version=AFNI_18.2.04 (Jul  6 2018) [64-bit]
++ Authored by: B. Douglas Ward, et al.
++ current memory malloc-ated = 289,256 bytes (about 289 thousand [kilo])
++ loading dataset /projects/sanlab/shared/CHIVES/bids_data/derivatives/fmriprep/sub-CHIVES1056/ses-wave1/func/s6_sub-CHIVES1056_ses-wave1_task-money_bold_space-MNI152NLin2009cAsym_preproc.nii
++ current memory malloc-ated = 1,532,453,672 bytes (about 1.5 billion [giga])
++ forcibly using TR=2.0000 seconds for -input dataset
++ Skipping check for initial transients
++ Imaging duration=708.0 s; Automatic polort=5
++ -stim_times using TR=2 s for stimulus timing conversion
++ -stim_times using TR=2 s for any -iresp output datasets
++  [you can alter the -iresp TR via the -TR_times option]
++ ** -stim_times NOTE ** guessing GLOBAL times if 1 time per line; LOCAL otherwise
++ ** GUESSED ** -stim_times_AM2 1 using LOCAL times
++ '-stim_times_AM2 1' average amplitude#1=0.85
++ ** GUESSED ** -stim_times_AM2 2 using LOCAL times
++ '-stim_times_AM2 2' average amplitude#1=0.5
++ ** GUESSED ** -stim_times_AM1 3 using LOCAL times
------------------------------------------------------------
GLT matrix from 'SYM: HealthyPmod[0]':
   0   0   0   0   0   0   1   0   0   0   0   0   0   0   0   0 
 
------------------------------------------------------------
GLT matrix from 'SYM: HealthyPmod[1]':
   0   0   0   0   0   0   0   1   0   0   0   0   0   0   0   0 
 
------------------------------------------------------------
GLT matrix from 'SYM: UnhealthyPmod[0]':
   0   0   0   0   0   0   0   0   1   0   0   0   0   0   0   0 
 
------------------------------------------------------------
GLT matrix from 'SYM: UnhealthyPmod[1]':
   0   0   0   0   0   0   0   0   0   1   0   0   0   0   0   0 
 
------------------------------------------------------------
GLT matrix from 'SYM: HealthyPmod[0] -UnhealthyPmod[0]':
   0   0   0   0   0   0   1   0  -1   0   0   0   0   0   0   0 
 
------------------------------------------------------------
GLT matrix from 'SYM: HealthyPmod[1] -UnhealthyPmod[1]':
   0   0   0   0   0   0   0   1   0  -1   0   0   0   0   0   0 
 
++ Number of time points: 354 (no censoring)
 + Number of parameters:  16 [11 baseline ; 5 signal]
++ total shared memory needed = 3,202,823,600 bytes (about 3.2 billion [giga])
++ current memory malloc-ated = 1,533,586,214 bytes (about 1.5 billion [giga])
++ mmap() memory allocated: 3,202,823,600 bytes (about 3.2 billion [giga])
++ Memory required for output bricks = 3,202,823,600 bytes (about 3.2 billion [giga])
++ Wrote matrix values to file CHIVES1056_2CondPmod_xmat.1D
++ ========= Things you can do with the matrix file =========
++ (a) Linear regression with ARMA(1,1) modeling of serial correlation:

3dREMLfit -matrix CHIVES1056_2CondPmod_xmat.1D -input /projects/sanlab/shared/CHIVES/bids_data/derivatives/fmriprep/sub-CHIVES1056/ses-wave1/func/s6_sub-CHIVES1056_ses-wave1_task-money_bold_space-MNI152NLin2009cAsym_preproc.nii \
 -mask /projects/sanlab/shared/CHIVES/bids_data/derivatives/fmriprep/sub-CHIVES1056/ses-wave1/func/sub-CHIVES1056_ses-wave1_task-money_bold_space-MNI152NLin2009cAsym_brainmask.nii.gz \
 -fout -tout -Rbuck CHIVES1056_2CondPmod_stats_REML -Rvar CHIVES1056_2CondPmod_stats_REMLvar \
 -Rfitts CHIVES1056_2CondPmod_REML -Rerrts CHIVES1056_2CondPmod_REML -verb
 
++ N.B.: 3dREMLfit command above written to file CHIVES1056_2CondPmod_stats.REML_cmd
++ (b) Visualization/analysis of the matrix via ExamineXmat.R
++ (c) Synthesis of sub-model datasets using 3dSynthesize
++ ==========================================================
++ Wrote matrix values to file CHIVES1056_2CondPmod_uncensor_xmat.1D
++ ----- Signal+Baseline matrix condition [X] (354x16):  2.11435  ++ VERY GOOD ++
++ ----- Signal-only matrix condition [X] (354x5):  1.59884  ++ VERY GOOD ++
++ ----- Baseline-only matrix condition [X] (354x11):  1.79449  ++ VERY GOOD ++
++ ----- stim_base-only matrix condition [X] (354x5):  1.58119  ++ VERY GOOD ++
++ ----- polort-only matrix condition [X] (354x6):  1.01539  ++ VERY GOOD ++
++ +++++ Matrix inverse average error = 6.65268e-16  ++ VERY GOOD ++
++ Matrix setup time = 0.01 s
++ Voxels in dataset: 1082035
++ Voxels in mask:    265177
++ Voxels per job:    26517
++ Job #1: processing voxels 249442 to 328164; elapsed time=3.810
++ Job #2: processing voxels 328165 to 386192; elapsed time=3.836
++ Job #3: processing voxels 386193 to 441567; elapsed time=3.862
++ Job #4: processing voxels 441568 to 496361; elapsed time=3.887
++ Job #5: processing voxels 496362 to 551859; elapsed time=3.913
++ Job #6: processing voxels 551860 to 609090; elapsed time=3.939
++ Job #7: processing voxels 609091 to 674265; elapsed time=3.965
++ Job #8: processing voxels 674266 to 751983; elapsed time=3.991
++ Job #9: processing voxels 751984 to 1082034; elapsed time=4.017
++ Job #0: processing voxels 0 to 249441; elapsed time=4.027
++ voxel loop:0123456789.0123456789.0123456789.0123456789.01234567++ Job #2 finished; elapsed time=5.889
++ Job #4 finished; elapsed time=5.958
8++ Job #6 finished; elapsed time=5.994
++ Job #3 finished; elapsed time=6.022
++ Job #1 finished; elapsed time=6.030
9.
++ Job #5 finished; elapsed time=6.048
++ Job #0 waiting for children to finish; elapsed time=6.048
++ Job #8 finished; elapsed time=6.093
++ Job #7 finished; elapsed time=6.138
++ Job #9 finished; elapsed time=6.295
++ Job #0 now finishing up; elapsed time=6.325
++ Smallest FDR q [0 Full_Fstat] = 8.61033e-15
++ Smallest FDR q [2 HealthyPmod#0_Tstat] = 3.28447e-14
++ Smallest FDR q [4 HealthyPmod#1_Tstat] = 0.000293241
++ Smallest FDR q [5 HealthyPmod_Fstat] = 3.61221e-14
++ Smallest FDR q [7 UnhealthyPmod#0_Tstat] = 3.4109e-14
++ Smallest FDR q [9 UnhealthyPmod#1_Tstat] = 0.00799862
++ Smallest FDR q [10 UnhealthyPmod_Fstat] = 3.34295e-14
++ Smallest FDR q [12 BidsNMiss#0_Tstat] = 3.14257e-14
++ Smallest FDR q [13 BidsNMiss_Fstat] = 3.14228e-14
++ Smallest FDR q [15 HealthyGtRest_GLT#0_Tstat] = 3.28447e-14
++ Smallest FDR q [16 HealthyGtRest_GLT_Fstat] = 3.28456e-14
++ Smallest FDR q [18 HealthyPmod_GLT#0_Tstat] = 0.000293241
++ Smallest FDR q [19 HealthyPmod_GLT_Fstat] = 0.00029323
++ Smallest FDR q [21 UnhealthyGtRest_GLT#0_Tstat] = 3.4109e-14
++ Smallest FDR q [22 UnhealthyGtRest_GLT_Fstat] = 3.41098e-14
++ Smallest FDR q [24 UnhealthyPmod_GLT#0_Tstat] = 0.00799862
++ Smallest FDR q [25 UnhealthyPmod_GLT_Fstat] = 0.00799842
++ Smallest FDR q [27 HealthyGtUnhealthy_GLT#0_Tstat] = 0.0770178
++ Smallest FDR q [28 HealthyGtUnhealthy_GLT_Fstat] = 0.077017
++ Smallest FDR q [30 HealthyGtUnhealthyPmod_GLT#0_Tstat] = 0.00118128
++ Smallest FDR q [31 HealthyGtUnhealthyPmod_GLT_Fstat] = 0.00118127
++ Wrote bucket dataset into ./CHIVES1056_2CondPmod_stats+tlrc.BRIK
 + created 21 FDR curves in bucket header
++ Wrote 3D+time dataset into ./CHIVES1056_2CondPmod+tlrc.BRIK
++ Wrote 3D+time dataset into ./CHIVES1056_2CondPmod+tlrc.BRIK
++ Program finished; elapsed time=37.396
** AFNI converts NIFTI_datatype=4 (INT16) in file /projects/sanlab/shared/CHIVES/bids_data/derivatives/fmriprep/sub-CHIVES1056/ses-wave1/func/s6_sub-CHIVES1056_ses-wave1_task-money_bold_space-MNI152NLin2009cAsym_preproc.nii to FLOAT32
     Warnings of this type will be muted for this session.
     Set AFNI_NIFTI_TYPE_WARN to YES to see them all, NO to see none.
++ '-stim_times_AM1 3 /projects/sanlab/shared/CHIVES/CHIVES_WTP_scripts/behavioral/money/afni_timing_files/CHIVES1056/BidOnsDur.1D' has 1 auxiliary values per time point
++ '-stim_times_AM1 3': basis function model 'dmBLOCK(1)' uses 1 parameters,
    out of the 1 found in timing file '/projects/sanlab/shared/CHIVES/CHIVES_WTP_scripts/behavioral/money/afni_timing_files/CHIVES1056/BidOnsDur.1D'
++ 3dDeconvolve extending num_stimts from 3 to 8 due to -ortvec
++ 3dDeconvolve: AFNI version=AFNI_18.2.04 (Jul  6 2018) [64-bit]
++ Authored by: B. Douglas Ward, et al.
++ current memory malloc-ated = 273,012 bytes (about 273 thousand [kilo])
++ loading dataset /projects/sanlab/shared/CHIVES/bids_data/derivatives/fmriprep/sub-CHIVES1056/ses-wave1/func/s6_sub-CHIVES1056_ses-wave1_task-money_bold_space-MNI152NLin2009cAsym_preproc.nii
++ current memory malloc-ated = 1,532,437,428 bytes (about 1.5 billion [giga])
++ forcibly using TR=2.0000 seconds for -input dataset
++ Skipping check for initial transients
++ Imaging duration=708.0 s; Automatic polort=5
++ -stim_times using TR=2 s for stimulus timing conversion
++ -stim_times using TR=2 s for any -iresp output datasets
++  [you can alter the -iresp TR via the -TR_times option]
++ ** -stim_times NOTE ** guessing GLOBAL times if 1 time per line; LOCAL otherwise
++ ** GUESSED ** -stim_times 1 using LOCAL times
++ ** GUESSED ** -stim_times 2 using LOCAL times
++ ** GUESSED ** -stim_times_AM1 3 using LOCAL times
------------------------------------------------------------
GLT matrix from 'SYM: Healthy':
   0   0   0   0   0   0   1   0   0   0   0   0   0   0 
 
------------------------------------------------------------
GLT matrix from 'SYM: Unhealthy':
   0   0   0   0   0   0   0   1   0   0   0   0   0   0 
 
------------------------------------------------------------
GLT matrix from 'SYM: Healthy -Unhealthy':
   0   0   0   0   0   0   1  -1   0   0   0   0   0   0 
 
++ Number of time points: 354 (no censoring)
 + Number of parameters:  14 [11 baseline ; 3 signal]
++ total shared memory needed = 3,146,557,780 bytes (about 3.1 billion [giga])
++ current memory malloc-ated = 1,533,565,440 bytes (about 1.5 billion [giga])
++ mmap() memory allocated: 3,146,557,780 bytes (about 3.1 billion [giga])
++ Memory required for output bricks = 3,146,557,780 bytes (about 3.1 billion [giga])
++ Wrote matrix values to file CHIVES1056_2Cond_xmat.1D
++ ========= Things you can do with the matrix file =========
++ (a) Linear regression with ARMA(1,1) modeling of serial correlation:

3dREMLfit -matrix CHIVES1056_2Cond_xmat.1D -input /projects/sanlab/shared/CHIVES/bids_data/derivatives/fmriprep/sub-CHIVES1056/ses-wave1/func/s6_sub-CHIVES1056_ses-wave1_task-money_bold_space-MNI152NLin2009cAsym_preproc.nii \
 -mask /projects/sanlab/shared/CHIVES/bids_data/derivatives/fmriprep/sub-CHIVES1056/ses-wave1/func/sub-CHIVES1056_ses-wave1_task-money_bold_space-MNI152NLin2009cAsym_brainmask.nii.gz \
 -fout -tout -Rbuck CHIVES1056_2Cond_stats_REML -Rvar CHIVES1056_2Cond_stats_REMLvar \
 -Rfitts CHIVES1056_2Cond_REML -Rerrts CHIVES1056_2Cond_REML -verb
 
++ N.B.: 3dREMLfit command above written to file CHIVES1056_2Cond_stats.REML_cmd
++ (b) Visualization/analysis of the matrix via ExamineXmat.R
++ (c) Synthesis of sub-model datasets using 3dSynthesize
++ ==========================================================
++ Wrote matrix values to file CHIVES1056_2Cond_uncensor_xmat.1D
++ ----- Signal+Baseline matrix condition [X] (354x14):  2.11407  ++ VERY GOOD ++
++ ----- Signal-only matrix condition [X] (354x3):  1.59878  ++ VERY GOOD ++
++ ----- Baseline-only matrix condition [X] (354x11):  1.79449  ++ VERY GOOD ++
++ ----- stim_base-only matrix condition [X] (354x5):  1.58119  ++ VERY GOOD ++
++ ----- polort-only matrix condition [X] (354x6):  1.01539  ++ VERY GOOD ++
++ +++++ Matrix inverse average error = 7.71397e-16  ++ VERY GOOD ++
++ Matrix setup time = 0.01 s
++ Voxels in dataset: 1082035
++ Voxels in mask:    265177
++ Voxels per job:    26517
++ Job #1: processing voxels 249442 to 328164; elapsed time=3.868
++ Job #2: processing voxels 328165 to 386192; elapsed time=3.894
++ Job #3: processing voxels 386193 to 441567; elapsed time=3.920
++ Job #4: processing voxels 441568 to 496361; elapsed time=3.945
++ Job #5: processing voxels 496362 to 551859; elapsed time=3.971
++ Job #6: processing voxels 551860 to 609090; elapsed time=3.997
++ Job #7: processing voxels 609091 to 674265; elapsed time=4.023
++ Job #8: processing voxels 674266 to 751983; elapsed time=4.049
++ Job #9: processing voxels 751984 to 1082034; elapsed time=4.075
++ Job #0: processing voxels 0 to 249441; elapsed time=4.085
++ voxel loop:0123456789.0123456789.0123456789.0123456789.0123456++ Job #2 finished; elapsed time=5.589
7++ Job #4 finished; elapsed time=5.655
8++ Job #6 finished; elapsed time=5.683
++ Job #3 finished; elapsed time=5.708
++ Job #1 finished; elapsed time=5.730
9.
++ Job #0 waiting for children to finish; elapsed time=5.745
++ Job #5 finished; elapsed time=5.748
++ Job #8 finished; elapsed time=5.764
++ Job #7 finished; elapsed time=5.824
++ Job #9 finished; elapsed time=5.991
++ Job #0 now finishing up; elapsed time=6.022
++ Smallest FDR q [0 Full_Fstat] = 8.36315e-15
++ Smallest FDR q [2 Healthy#0_Tstat] = 3.30189e-14
++ Smallest FDR q [3 Healthy_Fstat] = 3.30192e-14
++ Smallest FDR q [5 Unhealthy#0_Tstat] = 3.41851e-14
++ Smallest FDR q [6 Unhealthy_Fstat] = 3.41871e-14
++ Smallest FDR q [8 BidsNMiss#0_Tstat] = 3.35431e-14
++ Smallest FDR q [9 BidsNMiss_Fstat] = 3.35401e-14
++ Smallest FDR q [11 HealthyGtRest_GLT#0_Tstat] = 3.30189e-14
++ Smallest FDR q [12 HealthyGtRest_GLT_Fstat] = 3.30189e-14
++ Smallest FDR q [14 UnhealthyGtRest_GLT#0_Tstat] = 3.41851e-14
++ Smallest FDR q [15 UnhealthyGtRest_GLT_Fstat] = 3.41867e-14
++ Smallest FDR q [17 HealthyGtUnhealthy_GLT#0_Tstat] = 0.0809746
++ Smallest FDR q [18 HealthyGtUnhealthy_GLT_Fstat] = 0.0809774
++ Wrote bucket dataset into ./CHIVES1056_2Cond_stats+tlrc.BRIK
 + created 13 FDR curves in bucket header
++ Wrote 3D+time dataset into ./CHIVES1056_2Cond+tlrc.BRIK
++ Wrote 3D+time dataset into ./CHIVES1056_2Cond+tlrc.BRIK
++ Program finished; elapsed time=24.749
