** AFNI converts NIFTI_datatype=4 (INT16) in file /projects/sanlab/shared/CHIVES/bids_data/derivatives/fmriprep/sub-CHIVES1029/ses-wave1/func/s6_sub-CHIVES1029_ses-wave1_task-money_bold_space-MNI152NLin2009cAsym_preproc.nii to FLOAT32
     Warnings of this type will be muted for this session.
     Set AFNI_NIFTI_TYPE_WARN to YES to see them all, NO to see none.
++ '-stim_times_AM2 1 /projects/sanlab/shared/CHIVES/CHIVES_WTP_scripts/behavioral/money/afni_timing_files/CHIVES1029/AllCondsPmod.1D' has 1 auxiliary values per time point
++ '-stim_times_AM2 1 /projects/sanlab/shared/CHIVES/CHIVES_WTP_scripts/behavioral/money/afni_timing_files/CHIVES1029/AllCondsPmod.1D' will have 2 regressors
++ '-stim_times_AM1 2 /projects/sanlab/shared/CHIVES/CHIVES_WTP_scripts/behavioral/money/afni_timing_files/CHIVES1029/BidOnsDur.1D' has 1 auxiliary values per time point
++ '-stim_times_AM1 2': basis function model 'dmBLOCK(1)' uses 1 parameters,
    out of the 1 found in timing file '/projects/sanlab/shared/CHIVES/CHIVES_WTP_scripts/behavioral/money/afni_timing_files/CHIVES1029/BidOnsDur.1D'
++ 3dDeconvolve extending num_stimts from 2 to 7 due to -ortvec
++ 3dDeconvolve: AFNI version=AFNI_18.2.04 (Jul  6 2018) [64-bit]
++ Authored by: B. Douglas Ward, et al.
++ current memory malloc-ated = 262,674 bytes (about 263 thousand [kilo])
++ loading dataset /projects/sanlab/shared/CHIVES/bids_data/derivatives/fmriprep/sub-CHIVES1029/ses-wave1/func/s6_sub-CHIVES1029_ses-wave1_task-money_bold_space-MNI152NLin2009cAsym_preproc.nii
++ current memory malloc-ated = 1,545,411,534 bytes (about 1.5 billion [giga])
++ forcibly using TR=2.0000 seconds for -input dataset
++ Skipping check for initial transients
++ Imaging duration=714.0 s; Automatic polort=5
++ -stim_times using TR=2 s for stimulus timing conversion
++ -stim_times using TR=2 s for any -iresp output datasets
++  [you can alter the -iresp TR via the -TR_times option]
++ ** -stim_times NOTE ** guessing GLOBAL times if 1 time per line; LOCAL otherwise
++ ** GUESSED ** -stim_times_AM2 1 using LOCAL times
++ '-stim_times_AM2 1' average amplitude#1=0.825
++ ** GUESSED ** -stim_times_AM1 2 using LOCAL times
------------------------------------------------------------
GLT matrix from 'SYM: AllConds[0]':
   0   0   0   0   0   0   1   0   0   0   0   0   0   0 
 
------------------------------------------------------------
GLT matrix from 'SYM: AllConds[1]':
   0   0   0   0   0   0   0   1   0   0   0   0   0   0 
 
++ Number of time points: 357 (no censoring)
 + Number of parameters:  14 [11 baseline ; 3 signal]
++ total shared memory needed = 3,155,214,060 bytes (about 3.2 billion [giga])
++ current memory malloc-ated = 1,546,539,680 bytes (about 1.5 billion [giga])
++ mmap() memory allocated: 3,155,214,060 bytes (about 3.2 billion [giga])
++ Memory required for output bricks = 3,155,214,060 bytes (about 3.2 billion [giga])
++ Wrote matrix values to file CHIVES1029_AllCondPmod_xmat.1D
++ ========= Things you can do with the matrix file =========
++ (a) Linear regression with ARMA(1,1) modeling of serial correlation:

3dREMLfit -matrix CHIVES1029_AllCondPmod_xmat.1D -input /projects/sanlab/shared/CHIVES/bids_data/derivatives/fmriprep/sub-CHIVES1029/ses-wave1/func/s6_sub-CHIVES1029_ses-wave1_task-money_bold_space-MNI152NLin2009cAsym_preproc.nii \
 -mask /projects/sanlab/shared/CHIVES/bids_data/derivatives/fmriprep/sub-CHIVES1029/ses-wave1/func/sub-CHIVES1029_ses-wave1_task-money_bold_space-MNI152NLin2009cAsym_brainmask.nii.gz \
 -fout -tout -Rbuck CHIVES1029_AllCondPmod_stats_REML -Rvar CHIVES1029_AllCondPmod_stats_REMLvar \
 -Rfitts CHIVES1029_AllCondPmod_REML -Rerrts CHIVES1029_AllCondPmod_REML -verb
 
++ N.B.: 3dREMLfit command above written to file CHIVES1029_AllCondPmod_stats.REML_cmd
++ (b) Visualization/analysis of the matrix via ExamineXmat.R
++ (c) Synthesis of sub-model datasets using 3dSynthesize
++ ==========================================================
++ Wrote matrix values to file CHIVES1029_AllCondPmod_uncensor_xmat.1D
[7m*+ WARNING:[0m -------------------------------------------------
[7m*+ WARNING:[0m Problems with the X matrix columns, listed below:
[7m*+ WARNING:[0m !! * Column 13 [demean[4]#0] is all zeros
[7m*+ WARNING:[0m -------------------------------------------------
++ ----- Signal+Baseline matrix condition [X] (357x14):  4.40634  ++ VERY GOOD ++
[7m*+ WARNING:[0m !! in Signal+Baseline matrix:
 * Largest singular value=1.61849
 * 1 singular value is less than cutoff=1.61849e-07
 * Implies strong collinearity in the matrix columns! 
++ Signal+Baseline matrix singular values:
             0     0.0833593      0.366673      0.503922      0.575394
      0.891987      0.943243      0.993481        1.0003       1.01782
       1.09612       1.20314        1.5153       1.61849
++ ----- Signal-only matrix condition [X] (357x3):  1.61746  ++ VERY GOOD ++
++ ----- Baseline-only matrix condition [X] (357x11):  4.21144  ++ VERY GOOD ++
[7m*+ WARNING:[0m !! in Baseline-only matrix:
 * Largest singular value=1.49878
 * 1 singular value is less than cutoff=1.49878e-07
 * Implies strong collinearity in the matrix columns! 
++ Baseline-only matrix singular values:
             0     0.0845037      0.572677      0.940977      0.984144
      0.999974             1       1.00828       1.04845       1.20365
       1.49878
++ ----- stim_base-only matrix condition [X] (357x5):  1.32053  ++ VERY GOOD ++
[7m*+ WARNING:[0m !! in stim_base-only matrix:
 * Largest singular value=1.22515
 * 1 singular value is less than cutoff=1.22515e-07
 * Implies strong collinearity in the matrix columns! 
++ stim_base-only matrix singular values:
             0      0.702578      0.931005       1.06706       1.22515
++ ----- polort-only matrix condition [X] (357x6):  1.01526  ++ VERY GOOD ++
[7m*+ WARNING:[0m +++++ !! Matrix inverse average error = 0.00510204  ** BEWARE **
++ Matrix setup time = 0.01 s
[7m** ERROR:[0m !! 3dDeconvolve: Can't run past 5 matrix warnings without '-GOFORIT 5'
[7m** ERROR:[0m !!                Currently at -GOFORIT 0
[7m** ERROR:[0m !! See file 3dDeconvolve.err for all WARNING and ERROR messages !!
[7m** ERROR:[0m !! Be sure you understand what you are doing before using -GOFORIT !!
[7m** ERROR:[0m !! If in doubt, consult with someone or with the AFNI message board !!
[7m** FATAL ERROR:[0m !! 3dDeconvolve (regretfully) shuts itself down !!
** Program compile date = Jul  6 2018
** AFNI converts NIFTI_datatype=4 (INT16) in file /projects/sanlab/shared/CHIVES/bids_data/derivatives/fmriprep/sub-CHIVES1029/ses-wave1/func/s6_sub-CHIVES1029_ses-wave1_task-money_bold_space-MNI152NLin2009cAsym_preproc.nii to FLOAT32
     Warnings of this type will be muted for this session.
     Set AFNI_NIFTI_TYPE_WARN to YES to see them all, NO to see none.
++ '-stim_times_AM2 1 /projects/sanlab/shared/CHIVES/CHIVES_WTP_scripts/behavioral/money/afni_timing_files/CHIVES1029/HealthyPmod.1D' has 1 auxiliary values per time point
++ '-stim_times_AM2 1 /projects/sanlab/shared/CHIVES/CHIVES_WTP_scripts/behavioral/money/afni_timing_files/CHIVES1029/HealthyPmod.1D' will have 2 regressors
++ '-stim_times_AM2 2 /projects/sanlab/shared/CHIVES/CHIVES_WTP_scripts/behavioral/money/afni_timing_files/CHIVES1029/UnhealthyPmod.1D' has 1 auxiliary values per time point
++ '-stim_times_AM2 2 /projects/sanlab/shared/CHIVES/CHIVES_WTP_scripts/behavioral/money/afni_timing_files/CHIVES1029/UnhealthyPmod.1D' will have 2 regressors
++ '-stim_times_AM1 3 /projects/sanlab/shared/CHIVES/CHIVES_WTP_scripts/behavioral/money/afni_timing_files/CHIVES1029/BidOnsDur.1D' has 1 auxiliary values per time point
++ '-stim_times_AM1 3': basis function model 'dmBLOCK(1)' uses 1 parameters,
    out of the 1 found in timing file '/projects/sanlab/shared/CHIVES/CHIVES_WTP_scripts/behavioral/money/afni_timing_files/CHIVES1029/BidOnsDur.1D'
++ 3dDeconvolve extending num_stimts from 3 to 8 due to -ortvec
++ 3dDeconvolve: AFNI version=AFNI_18.2.04 (Jul  6 2018) [64-bit]
++ Authored by: B. Douglas Ward, et al.
++ current memory malloc-ated = 289,940 bytes (about 290 thousand [kilo])
++ loading dataset /projects/sanlab/shared/CHIVES/bids_data/derivatives/fmriprep/sub-CHIVES1029/ses-wave1/func/s6_sub-CHIVES1029_ses-wave1_task-money_bold_space-MNI152NLin2009cAsym_preproc.nii
++ current memory malloc-ated = 1,545,438,800 bytes (about 1.5 billion [giga])
++ forcibly using TR=2.0000 seconds for -input dataset
++ Skipping check for initial transients
++ Imaging duration=714.0 s; Automatic polort=5
++ -stim_times using TR=2 s for stimulus timing conversion
++ -stim_times using TR=2 s for any -iresp output datasets
++  [you can alter the -iresp TR via the -TR_times option]
++ ** -stim_times NOTE ** guessing GLOBAL times if 1 time per line; LOCAL otherwise
++ ** GUESSED ** -stim_times_AM2 1 using LOCAL times
++ '-stim_times_AM2 1' average amplitude#1=0.666667
++ ** GUESSED ** -stim_times_AM2 2 using LOCAL times
++ '-stim_times_AM2 2' average amplitude#1=0.983333
++ ** GUESSED ** -stim_times_AM1 3 using LOCAL times
------------------------------------------------------------
GLT matrix from 'SYM: HealthyPmod[0]':
   0   0   0   0   0   0   1   0   0   0   0   0   0   0   0   0 
 
------------------------------------------------------------
GLT matrix from 'SYM: HealthyPmod[1]':
   0   0   0   0   0   0   0   1   0   0   0   0   0   0   0   0 
 
------------------------------------------------------------
GLT matrix from 'SYM: UnhealthyPmod[0]':
   0   0   0   0   0   0   0   0   1   0   0   0   0   0   0   0 
 
------------------------------------------------------------
GLT matrix from 'SYM: UnhealthyPmod[1]':
   0   0   0   0   0   0   0   0   0   1   0   0   0   0   0   0 
 
------------------------------------------------------------
GLT matrix from 'SYM: HealthyPmod[0] -UnhealthyPmod[0]':
   0   0   0   0   0   0   1   0  -1   0   0   0   0   0   0   0 
 
------------------------------------------------------------
GLT matrix from 'SYM: HealthyPmod[1] -UnhealthyPmod[1]':
   0   0   0   0   0   0   0   1   0  -1   0   0   0   0   0   0 
 
++ Number of time points: 357 (no censoring)
 + Number of parameters:  16 [11 baseline ; 5 signal]
++ total shared memory needed = 3,228,792,440 bytes (about 3.2 billion [giga])
++ current memory malloc-ated = 1,546,571,546 bytes (about 1.5 billion [giga])
++ mmap() memory allocated: 3,228,792,440 bytes (about 3.2 billion [giga])
++ Memory required for output bricks = 3,228,792,440 bytes (about 3.2 billion [giga])
++ Wrote matrix values to file CHIVES1029_2CondPmod_xmat.1D
++ ========= Things you can do with the matrix file =========
++ (a) Linear regression with ARMA(1,1) modeling of serial correlation:

3dREMLfit -matrix CHIVES1029_2CondPmod_xmat.1D -input /projects/sanlab/shared/CHIVES/bids_data/derivatives/fmriprep/sub-CHIVES1029/ses-wave1/func/s6_sub-CHIVES1029_ses-wave1_task-money_bold_space-MNI152NLin2009cAsym_preproc.nii \
 -mask /projects/sanlab/shared/CHIVES/bids_data/derivatives/fmriprep/sub-CHIVES1029/ses-wave1/func/sub-CHIVES1029_ses-wave1_task-money_bold_space-MNI152NLin2009cAsym_brainmask.nii.gz \
 -fout -tout -Rbuck CHIVES1029_2CondPmod_stats_REML -Rvar CHIVES1029_2CondPmod_stats_REMLvar \
 -Rfitts CHIVES1029_2CondPmod_REML -Rerrts CHIVES1029_2CondPmod_REML -verb
 
++ N.B.: 3dREMLfit command above written to file CHIVES1029_2CondPmod_stats.REML_cmd
++ (b) Visualization/analysis of the matrix via ExamineXmat.R
++ (c) Synthesis of sub-model datasets using 3dSynthesize
++ ==========================================================
++ Wrote matrix values to file CHIVES1029_2CondPmod_uncensor_xmat.1D
[7m*+ WARNING:[0m -------------------------------------------------
[7m*+ WARNING:[0m Problems with the X matrix columns, listed below:
[7m*+ WARNING:[0m !! * Column 15 [demean[4]#0] is all zeros
[7m*+ WARNING:[0m -------------------------------------------------
++ ----- Signal+Baseline matrix condition [X] (357x16):  4.41583  ++ VERY GOOD ++
[7m*+ WARNING:[0m !! in Signal+Baseline matrix:
 * Largest singular value=1.62338
 * 1 singular value is less than cutoff=1.62338e-07
 * Implies strong collinearity in the matrix columns! 
++ Signal+Baseline matrix singular values:
             0     0.0832522       0.36724      0.504134      0.558447
      0.859101         0.913      0.932141      0.968414      0.999666
       1.02667       1.04645       1.10158       1.23133       1.54932
       1.62338
++ ----- Signal-only matrix condition [X] (357x5):  1.61748  ++ VERY GOOD ++
++ ----- Baseline-only matrix condition [X] (357x11):  4.21144  ++ VERY GOOD ++
[7m*+ WARNING:[0m !! in Baseline-only matrix:
 * Largest singular value=1.49878
 * 1 singular value is less than cutoff=1.49878e-07
 * Implies strong collinearity in the matrix columns! 
++ Baseline-only matrix singular values:
             0     0.0845037      0.572677      0.940977      0.984144
      0.999974             1       1.00828       1.04845       1.20365
       1.49878
++ ----- stim_base-only matrix condition [X] (357x5):  1.32053  ++ VERY GOOD ++
[7m*+ WARNING:[0m !! in stim_base-only matrix:
 * Largest singular value=1.22515
 * 1 singular value is less than cutoff=1.22515e-07
 * Implies strong collinearity in the matrix columns! 
++ stim_base-only matrix singular values:
             0      0.702578      0.931005       1.06706       1.22515
++ ----- polort-only matrix condition [X] (357x6):  1.01526  ++ VERY GOOD ++
[7m*+ WARNING:[0m +++++ !! Matrix inverse average error = 0.00390625  ** BEWARE **
++ Matrix setup time = 0.02 s
[7m** ERROR:[0m !! 3dDeconvolve: Can't run past 5 matrix warnings without '-GOFORIT 5'
[7m** ERROR:[0m !!                Currently at -GOFORIT 0
[7m** ERROR:[0m !! See file 3dDeconvolve.err for all WARNING and ERROR messages !!
[7m** ERROR:[0m !! Be sure you understand what you are doing before using -GOFORIT !!
[7m** ERROR:[0m !! If in doubt, consult with someone or with the AFNI message board !!
[7m** FATAL ERROR:[0m !! 3dDeconvolve (regretfully) shuts itself down !!
** Program compile date = Jul  6 2018
** AFNI converts NIFTI_datatype=4 (INT16) in file /projects/sanlab/shared/CHIVES/bids_data/derivatives/fmriprep/sub-CHIVES1029/ses-wave1/func/s6_sub-CHIVES1029_ses-wave1_task-money_bold_space-MNI152NLin2009cAsym_preproc.nii to FLOAT32
     Warnings of this type will be muted for this session.
     Set AFNI_NIFTI_TYPE_WARN to YES to see them all, NO to see none.
++ '-stim_times_AM1 3 /projects/sanlab/shared/CHIVES/CHIVES_WTP_scripts/behavioral/money/afni_timing_files/CHIVES1029/BidOnsDur.1D' has 1 auxiliary values per time point
++ '-stim_times_AM1 3': basis function model 'dmBLOCK(1)' uses 1 parameters,
    out of the 1 found in timing file '/projects/sanlab/shared/CHIVES/CHIVES_WTP_scripts/behavioral/money/afni_timing_files/CHIVES1029/BidOnsDur.1D'
++ 3dDeconvolve extending num_stimts from 3 to 8 due to -ortvec
++ 3dDeconvolve: AFNI version=AFNI_18.2.04 (Jul  6 2018) [64-bit]
++ Authored by: B. Douglas Ward, et al.
++ current memory malloc-ated = 273,696 bytes (about 274 thousand [kilo])
++ loading dataset /projects/sanlab/shared/CHIVES/bids_data/derivatives/fmriprep/sub-CHIVES1029/ses-wave1/func/s6_sub-CHIVES1029_ses-wave1_task-money_bold_space-MNI152NLin2009cAsym_preproc.nii
++ current memory malloc-ated = 1,545,422,556 bytes (about 1.5 billion [giga])
++ forcibly using TR=2.0000 seconds for -input dataset
++ Skipping check for initial transients
++ Imaging duration=714.0 s; Automatic polort=5
++ -stim_times using TR=2 s for stimulus timing conversion
++ -stim_times using TR=2 s for any -iresp output datasets
++  [you can alter the -iresp TR via the -TR_times option]
++ ** -stim_times NOTE ** guessing GLOBAL times if 1 time per line; LOCAL otherwise
++ ** GUESSED ** -stim_times 1 using LOCAL times
++ ** GUESSED ** -stim_times 2 using LOCAL times
++ ** GUESSED ** -stim_times_AM1 3 using LOCAL times
------------------------------------------------------------
GLT matrix from 'SYM: Healthy':
   0   0   0   0   0   0   1   0   0   0   0   0   0   0 
 
------------------------------------------------------------
GLT matrix from 'SYM: Unhealthy':
   0   0   0   0   0   0   0   1   0   0   0   0   0   0 
 
------------------------------------------------------------
GLT matrix from 'SYM: Healthy -Unhealthy':
   0   0   0   0   0   0   1  -1   0   0   0   0   0   0 
 
++ Number of time points: 357 (no censoring)
 + Number of parameters:  14 [11 baseline ; 3 signal]
++ total shared memory needed = 3,172,526,620 bytes (about 3.2 billion [giga])
++ current memory malloc-ated = 1,546,550,748 bytes (about 1.5 billion [giga])
++ mmap() memory allocated: 3,172,526,620 bytes (about 3.2 billion [giga])
++ Memory required for output bricks = 3,172,526,620 bytes (about 3.2 billion [giga])
++ Wrote matrix values to file CHIVES1029_2Cond_xmat.1D
++ ========= Things you can do with the matrix file =========
++ (a) Linear regression with ARMA(1,1) modeling of serial correlation:

3dREMLfit -matrix CHIVES1029_2Cond_xmat.1D -input /projects/sanlab/shared/CHIVES/bids_data/derivatives/fmriprep/sub-CHIVES1029/ses-wave1/func/s6_sub-CHIVES1029_ses-wave1_task-money_bold_space-MNI152NLin2009cAsym_preproc.nii \
 -mask /projects/sanlab/shared/CHIVES/bids_data/derivatives/fmriprep/sub-CHIVES1029/ses-wave1/func/sub-CHIVES1029_ses-wave1_task-money_bold_space-MNI152NLin2009cAsym_brainmask.nii.gz \
 -fout -tout -Rbuck CHIVES1029_2Cond_stats_REML -Rvar CHIVES1029_2Cond_stats_REMLvar \
 -Rfitts CHIVES1029_2Cond_REML -Rerrts CHIVES1029_2Cond_REML -verb
 
++ N.B.: 3dREMLfit command above written to file CHIVES1029_2Cond_stats.REML_cmd
++ (b) Visualization/analysis of the matrix via ExamineXmat.R
++ (c) Synthesis of sub-model datasets using 3dSynthesize
++ ==========================================================
++ Wrote matrix values to file CHIVES1029_2Cond_uncensor_xmat.1D
[7m*+ WARNING:[0m -------------------------------------------------
[7m*+ WARNING:[0m Problems with the X matrix columns, listed below:
[7m*+ WARNING:[0m !! * Column 13 [demean[4]#0] is all zeros
[7m*+ WARNING:[0m -------------------------------------------------
++ ----- Signal+Baseline matrix condition [X] (357x14):  4.39501  ++ VERY GOOD ++
[7m*+ WARNING:[0m !! in Signal+Baseline matrix:
 * Largest singular value=1.62091
 * 1 singular value is less than cutoff=1.62091e-07
 * Implies strong collinearity in the matrix columns! 
++ Signal+Baseline matrix singular values:
             0     0.0839148      0.367384      0.504161      0.560901
      0.927782      0.963429      0.985615       1.00363       1.02723
        1.0639       1.20649       1.50049       1.62091
++ ----- Signal-only matrix condition [X] (357x3):  1.61724  ++ VERY GOOD ++
++ ----- Baseline-only matrix condition [X] (357x11):  4.21144  ++ VERY GOOD ++
[7m*+ WARNING:[0m !! in Baseline-only matrix:
 * Largest singular value=1.49878
 * 1 singular value is less than cutoff=1.49878e-07
 * Implies strong collinearity in the matrix columns! 
++ Baseline-only matrix singular values:
             0     0.0845037      0.572677      0.940977      0.984144
      0.999974             1       1.00828       1.04845       1.20365
       1.49878
++ ----- stim_base-only matrix condition [X] (357x5):  1.32053  ++ VERY GOOD ++
[7m*+ WARNING:[0m !! in stim_base-only matrix:
 * Largest singular value=1.22515
 * 1 singular value is less than cutoff=1.22515e-07
 * Implies strong collinearity in the matrix columns! 
++ stim_base-only matrix singular values:
             0      0.702578      0.931005       1.06706       1.22515
++ ----- polort-only matrix condition [X] (357x6):  1.01526  ++ VERY GOOD ++
[7m*+ WARNING:[0m +++++ !! Matrix inverse average error = 0.00510204  ** BEWARE **
++ Matrix setup time = 0.01 s
[7m** ERROR:[0m !! 3dDeconvolve: Can't run past 5 matrix warnings without '-GOFORIT 5'
[7m** ERROR:[0m !!                Currently at -GOFORIT 0
[7m** ERROR:[0m !! See file 3dDeconvolve.err for all WARNING and ERROR messages !!
[7m** ERROR:[0m !! Be sure you understand what you are doing before using -GOFORIT !!
[7m** ERROR:[0m !! If in doubt, consult with someone or with the AFNI message board !!
[7m** FATAL ERROR:[0m !! 3dDeconvolve (regretfully) shuts itself down !!
** Program compile date = Jul  6 2018
